<?xml version="1.0" encoding="utf-8"?>
<TestRun id="c48e77f8-4f70-4aa3-b4ee-cea3c678e09e" name="seiji_yfc8940@SAGESOHO01 2025-09-17 03:14:28" runUser="SAGESOHO01\seiji_yfc8940" xmlns="http://microsoft.com/schemas/VisualStudio/TeamTest/2010">
  <Times creation="2025-09-17T03:14:28.9192764+09:00" queuing="2025-09-17T03:14:28.9192768+09:00" start="2025-09-17T03:14:25.0353950+09:00" finish="2025-09-17T03:32:26.4385933+09:00" />
  <TestSettings name="default" id="8d1ad133-1ba5-4462-b4ab-8bb1b3e41e38">
    <Deployment runDeploymentRoot="seiji_yfc8940_SAGESOHO01_2025-09-17_03_14_28" />
  </TestSettings>
  <Results>
    <UnitTestResult executionId="01b72719-2f0f-4b11-9beb-87295e38897b" testId="e7664d42-1a36-a709-59e4-00b5e1d7cc8f" testName="Kafka.Ksql.Linq.Tests.Integration.BigBang_KafkaConnection_TolerantTests.EX01_AddAsync_KafkaDown_ShouldFailGracefully" computerName="SAGESOHO01" duration="00:00:02.4197036" startTime="2025-09-17T03:32:08.7100525+09:00" endTime="2025-09-17T03:32:08.7100529+09:00" testType="13cdc9d9-ddb5-4fa4-a97d-d965ccfc6d4b" outcome="Passed" testListId="8c84fa94-04c1-424b-9868-57a2d4851a1d" relativeResultsDirectory="01b72719-2f0f-4b11-9beb-87295e38897b" />
    <UnitTestResult executionId="26ef43bf-5f57-4fa0-8e4e-b53c00918020" testId="821b062e-05e6-7b61-70b6-a85ab6158b98" testName="Kafka.Ksql.Linq.Tests.Integration.BigBang_KafkaConnection_StrictTests.EX02_AddAsync_KafkaDown_ShouldLogAndTimeout" computerName="SAGESOHO01" duration="00:00:02.4112546" startTime="2025-09-17T03:32:04.8293080+09:00" endTime="2025-09-17T03:32:04.8293086+09:00" testType="13cdc9d9-ddb5-4fa4-a97d-d965ccfc6d4b" outcome="Passed" testListId="8c84fa94-04c1-424b-9868-57a2d4851a1d" relativeResultsDirectory="26ef43bf-5f57-4fa0-8e4e-b53c00918020" />
    <UnitTestResult executionId="96fa69a7-d49e-4f36-bd9b-5b1652f535fa" testId="d4f95360-fa20-03e1-5810-a5fd78838e0d" testName="Kafka.Ksql.Linq.Tests.Integration.TimeBucketImportTumblingTests.Import_Ticks_Define_Tumbling_Query_Then_Extract_Bars_Via_TimeBucket" computerName="SAGESOHO01" duration="00:01:41.3020644" startTime="2025-09-17T03:18:55.1286426+09:00" endTime="2025-09-17T03:18:55.1286429+09:00" testType="13cdc9d9-ddb5-4fa4-a97d-d965ccfc6d4b" outcome="Failed" testListId="8c84fa94-04c1-424b-9868-57a2d4851a1d" relativeResultsDirectory="96fa69a7-d49e-4f36-bd9b-5b1652f535fa">
      <Output>
        <ErrorInfo>
          <Message>System.TimeoutException : CTAS/CSAS query for bar_tbimp_1m_live did not reach RUNNING within 60s</Message>
          <StackTrace>   at Kafka.Ksql.Linq.KsqlContext.WaitForQueryRunningAsync(String targetEntityName, TimeSpan timeout)&#xD;
   at Kafka.Ksql.Linq.KsqlContext.WaitForDerivedQueriesRunningAsync(TimeSpan timeout)&#xD;
   at Kafka.Ksql.Linq.KsqlContext.EnsureQueryEntityDdlAsync(Type type, EntityModel model)&#xD;
   at Kafka.Ksql.Linq.KsqlContext.RegisterSchemasAndMaterializeAsync()&#xD;
   at Kafka.Ksql.Linq.KsqlContext.InitializeWithSchemaRegistration()&#xD;
   at Kafka.Ksql.Linq.KsqlContext.InitializeCore(ILoggerFactory loggerFactory)&#xD;
   at Kafka.Ksql.Linq.KsqlContext..ctor(KsqlDslOptions options, ILoggerFactory loggerFactory)&#xD;
   at Kafka.Ksql.Linq.Tests.Integration.TimeBucketImportTumblingTests.TestContext..ctor() in C:\dev\experimental\physicalTests\OssSamples\TimeBucketImportTumblingTests.cs:line 45&#xD;
   at Kafka.Ksql.Linq.Tests.Integration.TimeBucketImportTumblingTests.Import_Ticks_Define_Tumbling_Query_Then_Extract_Bars_Via_TimeBucket() in C:\dev\experimental\physicalTests\OssSamples\TimeBucketImportTumblingTests.cs:line 139&#xD;
--- End of stack trace from previous location ---</StackTrace>
        </ErrorInfo>
      </Output>
    </UnitTestResult>
    <UnitTestResult executionId="b8ff4c48-e289-4688-9777-945b91983ea4" testId="7ac897e6-3b9f-9d7e-7d3d-02e35f2ffa62" testName="Kafka.Ksql.Linq.Tests.Integration.KafkaAdminServiceIntegrationTests.EnsureTopic_CreatesWithConfiguredStructure" computerName="SAGESOHO01" duration="00:00:00.8495997" startTime="2025-09-17T03:14:27.5804556+09:00" endTime="2025-09-17T03:14:27.5804701+09:00" testType="13cdc9d9-ddb5-4fa4-a97d-d965ccfc6d4b" outcome="Passed" testListId="8c84fa94-04c1-424b-9868-57a2d4851a1d" relativeResultsDirectory="b8ff4c48-e289-4688-9777-945b91983ea4" />
    <UnitTestResult executionId="ee343138-1c05-4daa-b8d4-6c0a0a513aab" testId="1b9a7b5c-1c73-929c-a65b-b3bb50e359bc" testName="Kafka.Ksql.Linq.Tests.Integration.KsqlSyntaxTests.GeneratedQuery_IsValidInKsqlDb(ksql: &quot;CREATE STREAM test_stream AS SELECT * FROM source &quot;···)" computerName="SAGESOHO01" duration="00:00:00.6752969" startTime="2025-09-17T03:16:24.3270104+09:00" endTime="2025-09-17T03:16:24.3270106+09:00" testType="13cdc9d9-ddb5-4fa4-a97d-d965ccfc6d4b" outcome="Passed" testListId="8c84fa94-04c1-424b-9868-57a2d4851a1d" relativeResultsDirectory="ee343138-1c05-4daa-b8d4-6c0a0a513aab" />
    <UnitTestResult executionId="f508ae40-1eea-40f7-a385-0301e221ec81" testId="35c33335-3c6f-41c6-e0cd-a71e8b0b3178" testName="Kafka.Ksql.Linq.Tests.Integration.DefaultAndBoundaryValueTests.BoundaryValuesRoundTrip" computerName="SAGESOHO01" duration="00:00:36.6920250" startTime="2025-09-17T03:23:03.8384733+09:00" endTime="2025-09-17T03:23:03.8384743+09:00" testType="13cdc9d9-ddb5-4fa4-a97d-d965ccfc6d4b" outcome="Passed" testListId="8c84fa94-04c1-424b-9868-57a2d4851a1d" relativeResultsDirectory="f508ae40-1eea-40f7-a385-0301e221ec81" />
    <UnitTestResult executionId="38178d3b-9e75-4f72-8421-172958b0e309" testId="757c3dd1-71d9-1640-b489-8396c560c560" testName="Kafka.Ksql.Linq.Tests.Integration.BarDslLongRunTests.LongRun_1h_Ohlc_And_Grace_Verify" computerName="SAGESOHO01" duration="00:00:02.0339714" startTime="2025-09-17T03:31:59.9011615+09:00" endTime="2025-09-17T03:31:59.9011619+09:00" testType="13cdc9d9-ddb5-4fa4-a97d-d965ccfc6d4b" outcome="Failed" testListId="8c84fa94-04c1-424b-9868-57a2d4851a1d" relativeResultsDirectory="38178d3b-9e75-4f72-8421-172958b0e309">
      <Output>
        <ErrorInfo>
          <Message>System.Net.Http.HttpRequestException : [http://127.0.0.1:18081/] HttpRequestException: 対象のコンピューターによって拒否されたため、接続できませんでした。 (127.0.0.1:18081)</Message>
          <StackTrace>   at Confluent.SchemaRegistry.RestService.ExecuteOnOneInstanceAsync(Func`1 createRequest)&#xD;
   at Confluent.SchemaRegistry.RestService.RequestAsync[T](String endPoint, HttpMethod method, Object[] jsonBody)&#xD;
   at Confluent.SchemaRegistry.RestService.GetLatestSchemaAsync(String subject)&#xD;
   at Confluent.SchemaRegistry.CachedSchemaRegistryClient.GetLatestSchemaAsync(String subject)&#xD;
   at Kafka.Ksql.Linq.SchemaRegistryTools.SchemaRegistryExtensions.RegisterSchemaIfNewAsync(ISchemaRegistryClient client, String subject, String schema)&#xD;
   at Kafka.Ksql.Linq.KsqlContext.RegisterSchemasAndMaterializeAsync()&#xD;
   at Kafka.Ksql.Linq.KsqlContext.InitializeWithSchemaRegistration()&#xD;
   at Kafka.Ksql.Linq.KsqlContext.InitializeCore(ILoggerFactory loggerFactory)&#xD;
   at Kafka.Ksql.Linq.KsqlContext..ctor(KsqlDslOptions options, ILoggerFactory loggerFactory)&#xD;
   at Kafka.Ksql.Linq.Tests.Integration.BarDslLongRunTests.TestContext..ctor() in C:\dev\experimental\physicalTests\OssSamples\BarDslLongRunTests.cs:line 41&#xD;
   at Kafka.Ksql.Linq.Tests.Integration.BarDslLongRunTests.LongRun_1h_Ohlc_And_Grace_Verify() in C:\dev\experimental\physicalTests\OssSamples\BarDslLongRunTests.cs:line 72&#xD;
--- End of stack trace from previous location ---</StackTrace>
        </ErrorInfo>
      </Output>
    </UnitTestResult>
    <UnitTestResult executionId="d2106ffa-4955-4044-a8f6-9eeff1a552d4" testId="f4acc4e9-4e3f-fa27-9e40-28a744927795" testName="Kafka.Ksql.Linq.Tests.Integration.NoKeyPocoTests.SendAndReceive_NoKeyRecord" computerName="SAGESOHO01" duration="00:00:27.9379730" startTime="2025-09-17T03:24:21.8723430+09:00" endTime="2025-09-17T03:24:21.8723437+09:00" testType="13cdc9d9-ddb5-4fa4-a97d-d965ccfc6d4b" outcome="Passed" testListId="8c84fa94-04c1-424b-9868-57a2d4851a1d" relativeResultsDirectory="d2106ffa-4955-4044-a8f6-9eeff1a552d4" />
    <UnitTestResult executionId="33e1ac81-1442-44c5-8ce0-bf2c745cf374" testId="17213b85-711d-b805-3bc7-22d3d12a9709" testName="Kafka.Ksql.Linq.Tests.Integration.DefaultAndBoundaryValueTests.DecimalPrecisionRoundTrip" computerName="SAGESOHO01" duration="00:00:36.2263271" startTime="2025-09-17T03:22:27.1458898+09:00" endTime="2025-09-17T03:22:27.1458904+09:00" testType="13cdc9d9-ddb5-4fa4-a97d-d965ccfc6d4b" outcome="Passed" testListId="8c84fa94-04c1-424b-9868-57a2d4851a1d" relativeResultsDirectory="33e1ac81-1442-44c5-8ce0-bf2c745cf374" />
    <UnitTestResult executionId="5c8f09bd-afe8-4be6-981c-f1b13efdd848" testId="5a88f032-d48b-3e65-f6b6-dca9ef297733" testName="Kafka.Ksql.Linq.Tests.Integration.RocksDbToListAsyncTests.ToListAsync_Reads_From_RocksDb_Cache" computerName="SAGESOHO01" duration="00:00:31.5944473" startTime="2025-09-17T03:25:24.4654819+09:00" endTime="2025-09-17T03:25:24.4654822+09:00" testType="13cdc9d9-ddb5-4fa4-a97d-d965ccfc6d4b" outcome="Passed" testListId="8c84fa94-04c1-424b-9868-57a2d4851a1d" relativeResultsDirectory="5c8f09bd-afe8-4be6-981c-f1b13efdd848" />
    <UnitTestResult executionId="3ba0bedc-bcd9-476c-a762-dc6cf3386162" testId="5917e101-0acb-1110-36fc-a2e3d83d03f6" testName="Kafka.Ksql.Linq.Tests.Integration.SchemaNameCaseSensitivityTests.LowercaseField_ShouldSucceed" computerName="SAGESOHO01" duration="00:00:27.0456965" startTime="2025-09-17T03:25:51.5144066+09:00" endTime="2025-09-17T03:25:51.5144071+09:00" testType="13cdc9d9-ddb5-4fa4-a97d-d965ccfc6d4b" outcome="Failed" testListId="8c84fa94-04c1-424b-9868-57a2d4851a1d" relativeResultsDirectory="3ba0bedc-bcd9-476c-a762-dc6cf3386162">
      <Output>
        <ErrorInfo>
          <Message>System.Net.Http.HttpRequestException : 対象のコンピューターによって拒否されたため、接続できませんでした。 (127.0.0.1:18088)&#xD;
---- System.Net.Sockets.SocketException : 対象のコンピューターによって拒否されたため、接続できませんでした。</Message>
          <StackTrace>   at System.Net.Http.HttpConnectionPool.ConnectToTcpHostAsync(String host, Int32 port, HttpRequestMessage initialRequest, Boolean async, CancellationToken cancellationToken)&#xD;
   at System.Net.Http.HttpConnectionPool.ConnectAsync(HttpRequestMessage request, Boolean async, CancellationToken cancellationToken)&#xD;
   at System.Net.Http.HttpConnectionPool.CreateHttp11ConnectionAsync(HttpRequestMessage request, Boolean async, CancellationToken cancellationToken)&#xD;
   at System.Net.Http.HttpConnectionPool.AddHttp11ConnectionAsync(QueueItem queueItem)&#xD;
   at System.Threading.Tasks.TaskCompletionSourceWithCancellation`1.WaitWithCancellationAsync(CancellationToken cancellationToken)&#xD;
   at System.Net.Http.HttpConnectionPool.SendWithVersionDetectionAndRetryAsync(HttpRequestMessage request, Boolean async, Boolean doRequestAuth, CancellationToken cancellationToken)&#xD;
   at System.Net.Http.RedirectHandler.SendAsync(HttpRequestMessage request, Boolean async, CancellationToken cancellationToken)&#xD;
   at System.Net.Http.HttpClient.&lt;SendAsync&gt;g__Core|83_0(HttpRequestMessage request, HttpCompletionOption completionOption, CancellationTokenSource cts, Boolean disposeCts, CancellationTokenSource pendingRequestsCts, CancellationToken originalCancellationToken)&#xD;
   at Kafka.Ksql.Linq.Infrastructure.KsqlDb.KsqlDbClient.ExecuteStatementAsync(String statement)&#xD;
   at Kafka.Ksql.Linq.Infrastructure.KsqlDb.KsqlDbClient.GetTableTopicsAsync()&#xD;
   at Kafka.Ksql.Linq.KsqlContext.InitializeWithSchemaRegistration()&#xD;
   at Kafka.Ksql.Linq.KsqlContext.InitializeCore(ILoggerFactory loggerFactory)&#xD;
   at Kafka.Ksql.Linq.KsqlContext..ctor(KsqlDslOptions options, ILoggerFactory loggerFactory)&#xD;
   at Kafka.Ksql.Linq.Tests.Integration.SchemaNameCaseSensitivityTests.OrderContext..ctor(KsqlDslOptions options) in C:\dev\experimental\physicalTests\OssSamples\SchemaNameCaseSensitivityTests.cs:line 29&#xD;
   at Kafka.Ksql.Linq.Tests.Integration.SchemaNameCaseSensitivityTests.LowercaseField_ShouldSucceed() in C:\dev\experimental\physicalTests\OssSamples\SchemaNameCaseSensitivityTests.cs:line 63&#xD;
--- End of stack trace from previous location ---&#xD;
----- Inner Stack Trace -----&#xD;
   at System.Net.Sockets.Socket.AwaitableSocketAsyncEventArgs.ThrowException(SocketError error, CancellationToken cancellationToken)&#xD;
   at System.Net.Sockets.Socket.AwaitableSocketAsyncEventArgs.System.Threading.Tasks.Sources.IValueTaskSource.GetResult(Int16 token)&#xD;
   at System.Net.Sockets.Socket.&lt;ConnectAsync&gt;g__WaitForConnectWithCancellation|285_0(AwaitableSocketAsyncEventArgs saea, ValueTask connectTask, CancellationToken cancellationToken)&#xD;
   at System.Net.Http.HttpConnectionPool.ConnectToTcpHostAsync(String host, Int32 port, HttpRequestMessage initialRequest, Boolean async, CancellationToken cancellationToken)</StackTrace>
        </ErrorInfo>
      </Output>
    </UnitTestResult>
    <UnitTestResult executionId="afb92280-50f1-4e3e-b64d-54a2e7eb6e3b" testId="4a90876b-2734-76cc-4f62-bf397a2e6c64" testName="Kafka.Ksql.Linq.Tests.Integration.KsqlSyntaxTests.GeneratedQuery_IsValidInKsqlDb(ksql: &quot;SELECT CustomerId, COUNT(*) FROM orders GROUP BY C&quot;···)" computerName="SAGESOHO01" duration="00:00:02.2991883" startTime="2025-09-17T03:16:23.6513267+09:00" endTime="2025-09-17T03:16:23.6513269+09:00" testType="13cdc9d9-ddb5-4fa4-a97d-d965ccfc6d4b" outcome="Passed" testListId="8c84fa94-04c1-424b-9868-57a2d4851a1d" relativeResultsDirectory="afb92280-50f1-4e3e-b64d-54a2e7eb6e3b" />
    <UnitTestResult executionId="ca3b17cf-3728-492a-bfde-92773515d00d" testId="1efd2b35-e074-3119-cb38-1db783196bee" testName="Kafka.Ksql.Linq.Tests.Integration.PrimingBehaviorTests.AlwaysPriming_DoesNotLeakIntoConsumption" computerName="SAGESOHO01" duration="00:00:30.9969516" startTime="2025-09-17T03:24:52.8702146+09:00" endTime="2025-09-17T03:24:52.8702150+09:00" testType="13cdc9d9-ddb5-4fa4-a97d-d965ccfc6d4b" outcome="Passed" testListId="8c84fa94-04c1-424b-9868-57a2d4851a1d" relativeResultsDirectory="ca3b17cf-3728-492a-bfde-92773515d00d" />
    <UnitTestResult executionId="a036cb56-d1ed-4021-824f-23babf701f08" testId="6dc1c76e-ddda-5058-33dc-fc758c3924b0" testName="Kafka.Ksql.Linq.Tests.Integration.DlqIntegrationTests.ForEachAsync_OnErrorDlq_WritesToDlq" computerName="SAGESOHO01" duration="00:00:15.4503592" startTime="2025-09-17T03:23:19.2905588+09:00" endTime="2025-09-17T03:23:19.2905590+09:00" testType="13cdc9d9-ddb5-4fa4-a97d-d965ccfc6d4b" outcome="Failed" testListId="8c84fa94-04c1-424b-9868-57a2d4851a1d" relativeResultsDirectory="a036cb56-d1ed-4021-824f-23babf701f08">
      <Output>
        <ErrorInfo>
          <Message>System.InvalidOperationException : DDL execution failed for DlqEnvelope: {"error_code":404,"message":"HTTP 404 Not Found"}</Message>
          <StackTrace>   at Kafka.Ksql.Linq.KsqlContext.EnsureSimpleEntityDdlAsync(Type type, EntityModel model)&#xD;
   at Kafka.Ksql.Linq.KsqlContext.RegisterSchemasAndMaterializeAsync()&#xD;
   at Kafka.Ksql.Linq.KsqlContext.InitializeWithSchemaRegistration()&#xD;
   at Kafka.Ksql.Linq.KsqlContext.InitializeCore(ILoggerFactory loggerFactory)&#xD;
   at Kafka.Ksql.Linq.KsqlContext..ctor(KsqlDslOptions options, ILoggerFactory loggerFactory)&#xD;
   at Kafka.Ksql.Linq.Tests.Integration.DlqIntegrationTests.OrderContext..ctor(KsqlDslOptions options) in C:\dev\experimental\physicalTests\OssSamples\DlqIntegrationTests.cs:line 28&#xD;
   at Kafka.Ksql.Linq.Tests.Integration.DlqIntegrationTests.ForEachAsync_OnErrorDlq_WritesToDlq() in C:\dev\experimental\physicalTests\OssSamples\DlqIntegrationTests.cs:line 52&#xD;
--- End of stack trace from previous location ---</StackTrace>
        </ErrorInfo>
      </Output>
    </UnitTestResult>
    <UnitTestResult executionId="d8d32690-a964-4a03-8cc8-504566edeb22" testId="1f670e60-a460-2f7f-dd56-948a1c5191c3" testName="Kafka.Ksql.Linq.Tests.Integration.AdvancedDataTypeTests.Decimal_DateTime_Enum_RoundTrip" computerName="SAGESOHO01" duration="00:00:27.2400017" startTime="2025-09-17T03:21:10.3160994+09:00" endTime="2025-09-17T03:21:10.3160999+09:00" testType="13cdc9d9-ddb5-4fa4-a97d-d965ccfc6d4b" outcome="Passed" testListId="8c84fa94-04c1-424b-9868-57a2d4851a1d" relativeResultsDirectory="d8d32690-a964-4a03-8cc8-504566edeb22" />
    <UnitTestResult executionId="4fd92181-0ffa-4363-b5c7-7c9600d6641f" testId="362ea334-db4e-46ce-8b95-3449bea35781" testName="Kafka.Ksql.Linq.Tests.Integration.BarDslMultiTierTests.MultiTier_1m_5m_15m_60m_Create_And_Ohlc_Sanity" computerName="SAGESOHO01" duration="00:01:39.2455887" startTime="2025-09-17T03:20:43.0758802+09:00" endTime="2025-09-17T03:20:43.0758805+09:00" testType="13cdc9d9-ddb5-4fa4-a97d-d965ccfc6d4b" outcome="Failed" testListId="8c84fa94-04c1-424b-9868-57a2d4851a1d" relativeResultsDirectory="4fd92181-0ffa-4363-b5c7-7c9600d6641f">
      <Output>
        <ErrorInfo>
          <Message>System.TimeoutException : CTAS/CSAS query for bar_5m_live did not reach RUNNING within 60s</Message>
          <StackTrace>   at Kafka.Ksql.Linq.KsqlContext.WaitForQueryRunningAsync(String targetEntityName, TimeSpan timeout)&#xD;
   at Kafka.Ksql.Linq.KsqlContext.WaitForDerivedQueriesRunningAsync(TimeSpan timeout)&#xD;
   at Kafka.Ksql.Linq.KsqlContext.EnsureQueryEntityDdlAsync(Type type, EntityModel model)&#xD;
   at Kafka.Ksql.Linq.KsqlContext.RegisterSchemasAndMaterializeAsync()&#xD;
   at Kafka.Ksql.Linq.KsqlContext.InitializeWithSchemaRegistration()&#xD;
   at Kafka.Ksql.Linq.KsqlContext.InitializeCore(ILoggerFactory loggerFactory)&#xD;
   at Kafka.Ksql.Linq.KsqlContext..ctor(KsqlDslOptions options, ILoggerFactory loggerFactory)&#xD;
   at Kafka.Ksql.Linq.Tests.Integration.BarDslMultiTierTests.TestContext..ctor() in C:\dev\experimental\physicalTests\OssSamples\BarDslMultiTierTests.cs:line 41&#xD;
   at Kafka.Ksql.Linq.Tests.Integration.BarDslMultiTierTests.MultiTier_1m_5m_15m_60m_Create_And_Ohlc_Sanity() in C:\dev\experimental\physicalTests\OssSamples\BarDslMultiTierTests.cs:line 153&#xD;
--- End of stack trace from previous location ---</StackTrace>
        </ErrorInfo>
      </Output>
    </UnitTestResult>
    <UnitTestResult executionId="3f6dc911-bfca-4985-beba-674588872529" testId="f1c03cea-0557-e281-789b-44a1e9e61d2d" testName="Kafka.Ksql.Linq.Tests.Integration.DefaultAndBoundaryValueTests.DefaultValuesRoundTrip" computerName="SAGESOHO01" duration="00:00:27.3837405" startTime="2025-09-17T03:21:50.9190533+09:00" endTime="2025-09-17T03:21:50.9190536+09:00" testType="13cdc9d9-ddb5-4fa4-a97d-d965ccfc6d4b" outcome="Passed" testListId="8c84fa94-04c1-424b-9868-57a2d4851a1d" relativeResultsDirectory="3f6dc911-bfca-4985-beba-674588872529" />
    <UnitTestResult executionId="0c57104e-2a48-4556-b8c1-acc0d31c7f5d" testId="ad9ac948-5de9-3016-dc11-7e1e0ddb9a1f" testName="Kafka.Ksql.Linq.Tests.Integration.InvalidQueryTests.GeneratedQuery_IsRejected(ksql: &quot;SELECT ID, COUNT(*) FROM ORDERS GROUP BY ID;&quot;)" computerName="SAGESOHO01" duration="00:00:00.4513087" startTime="2025-09-17T03:16:21.3515434+09:00" endTime="2025-09-17T03:16:21.3515438+09:00" testType="13cdc9d9-ddb5-4fa4-a97d-d965ccfc6d4b" outcome="Passed" testListId="8c84fa94-04c1-424b-9868-57a2d4851a1d" relativeResultsDirectory="0c57104e-2a48-4556-b8c1-acc0d31c7f5d" />
    <UnitTestResult executionId="f6ed6993-ee93-4306-8137-31cb03c5ab04" testId="2a812374-63bf-e2f9-3af2-1f33d0b7af6d" testName="Kafka.Ksql.Linq.Tests.Integration.SchemaRegistryResetTests.UpperCaseSubjects_ShouldNotExist" computerName="SAGESOHO01" duration="00:02:02.0646561" startTime="2025-09-17T03:27:53.5796898+09:00" endTime="2025-09-17T03:27:53.5796905+09:00" testType="13cdc9d9-ddb5-4fa4-a97d-d965ccfc6d4b" outcome="Failed" testListId="8c84fa94-04c1-424b-9868-57a2d4851a1d" relativeResultsDirectory="f6ed6993-ee93-4306-8137-31cb03c5ab04">
      <Output>
        <ErrorInfo>
          <Message>System.TimeoutException : Kafka not reachable at 127.0.0.1:39092</Message>
          <StackTrace>   at PhysicalTestEnv.Health.WaitForKafkaAsync(String bootstrapServers, Nullable`1 timeout) in C:\dev\experimental\physicalTests\Env\Health.cs:line 20&#xD;
   at Kafka.Ksql.Linq.Tests.Integration.EnvSchemaRegistryResetTests.SetupAsync() in C:\dev\experimental\physicalTests\Connectivity\SchemaRegistryResetTests.cs:line 195&#xD;
   at Kafka.Ksql.Linq.Tests.Integration.SchemaRegistryResetTests.UpperCaseSubjects_ShouldNotExist() in C:\dev\experimental\physicalTests\Connectivity\SchemaRegistryResetTests.cs:line 130&#xD;
--- End of stack trace from previous location ---</StackTrace>
        </ErrorInfo>
      </Output>
    </UnitTestResult>
    <UnitTestResult executionId="604d5fee-6106-4242-a416-6d00f76adb83" testId="b56b9373-6c2f-5739-b8b6-dadbd353152b" testName="Kafka.Ksql.Linq.Tests.Integration.BarScheduleWeekendTests.WeekdaysOnly_DailyBars_With_MarketSchedule" computerName="SAGESOHO01" duration="00:01:52.8255551" startTime="2025-09-17T03:16:20.4257564+09:00" endTime="2025-09-17T03:16:20.4257568+09:00" testType="13cdc9d9-ddb5-4fa4-a97d-d965ccfc6d4b" outcome="Failed" testListId="8c84fa94-04c1-424b-9868-57a2d4851a1d" relativeResultsDirectory="604d5fee-6106-4242-a416-6d00f76adb83">
      <Output>
        <ErrorInfo>
          <Message>System.TimeoutException : CTAS/CSAS query for bar1wkfinal_7d_live did not reach RUNNING within 60s</Message>
          <StackTrace>   at Kafka.Ksql.Linq.KsqlContext.WaitForQueryRunningAsync(String targetEntityName, TimeSpan timeout)&#xD;
   at Kafka.Ksql.Linq.KsqlContext.WaitForDerivedQueriesRunningAsync(TimeSpan timeout)&#xD;
   at Kafka.Ksql.Linq.KsqlContext.EnsureQueryEntityDdlAsync(Type type, EntityModel model)&#xD;
   at Kafka.Ksql.Linq.KsqlContext.RegisterSchemasAndMaterializeAsync()&#xD;
   at Kafka.Ksql.Linq.KsqlContext.InitializeWithSchemaRegistration()&#xD;
   at Kafka.Ksql.Linq.KsqlContext.InitializeCore(ILoggerFactory loggerFactory)&#xD;
   at Kafka.Ksql.Linq.KsqlContext..ctor(KsqlDslOptions options, ILoggerFactory loggerFactory)&#xD;
   at Kafka.Ksql.Linq.Tests.Integration.BarScheduleWeekendTests.TestContext..ctor() in C:\dev\experimental\physicalTests\OssSamples\BarScheduleWeekendTests.cs:line 62&#xD;
   at Kafka.Ksql.Linq.Tests.Integration.BarScheduleWeekendTests.WeekdaysOnly_DailyBars_With_MarketSchedule() in C:\dev\experimental\physicalTests\OssSamples\BarScheduleWeekendTests.cs:line 137&#xD;
--- End of stack trace from previous location ---</StackTrace>
        </ErrorInfo>
      </Output>
    </UnitTestResult>
    <UnitTestResult executionId="d6355a34-1f94-4ad2-b4f2-0486cea68cf9" testId="6ad00dfe-e135-6dc8-b1bf-666fa5fa3455" testName="Kafka.Ksql.Linq.Tests.Integration.SchemaRegistryResetTests.DuplicateSchemaRegistration_ShouldSucceed" computerName="SAGESOHO01" duration="00:02:02.1316886" startTime="2025-09-17T03:31:57.8664656+09:00" endTime="2025-09-17T03:31:57.8664659+09:00" testType="13cdc9d9-ddb5-4fa4-a97d-d965ccfc6d4b" outcome="Failed" testListId="8c84fa94-04c1-424b-9868-57a2d4851a1d" relativeResultsDirectory="d6355a34-1f94-4ad2-b4f2-0486cea68cf9">
      <Output>
        <ErrorInfo>
          <Message>System.TimeoutException : Kafka not reachable at 127.0.0.1:39092</Message>
          <StackTrace>   at PhysicalTestEnv.Health.WaitForKafkaAsync(String bootstrapServers, Nullable`1 timeout) in C:\dev\experimental\physicalTests\Env\Health.cs:line 20&#xD;
   at Kafka.Ksql.Linq.Tests.Integration.EnvSchemaRegistryResetTests.SetupAsync() in C:\dev\experimental\physicalTests\Connectivity\SchemaRegistryResetTests.cs:line 195&#xD;
   at Kafka.Ksql.Linq.Tests.Integration.SchemaRegistryResetTests.DuplicateSchemaRegistration_ShouldSucceed() in C:\dev\experimental\physicalTests\Connectivity\SchemaRegistryResetTests.cs:line 89&#xD;
--- End of stack trace from previous location ---</StackTrace>
        </ErrorInfo>
      </Output>
    </UnitTestResult>
    <UnitTestResult executionId="3ab2d06f-676b-44d8-9b2f-4b9b9aab793b" testId="173a5c6a-39b7-895e-9b5a-1e15dc155fed" testName="Kafka.Ksql.Linq.Tests.Integration.SchemaRegistryResetTests.Setup_ShouldRegisterAllSchemas" computerName="SAGESOHO01" duration="00:02:02.1532542" startTime="2025-09-17T03:29:55.7341954+09:00" endTime="2025-09-17T03:29:55.7341980+09:00" testType="13cdc9d9-ddb5-4fa4-a97d-d965ccfc6d4b" outcome="Failed" testListId="8c84fa94-04c1-424b-9868-57a2d4851a1d" relativeResultsDirectory="3ab2d06f-676b-44d8-9b2f-4b9b9aab793b">
      <Output>
        <ErrorInfo>
          <Message>System.TimeoutException : Kafka not reachable at 127.0.0.1:39092</Message>
          <StackTrace>   at PhysicalTestEnv.Health.WaitForKafkaAsync(String bootstrapServers, Nullable`1 timeout) in C:\dev\experimental\physicalTests\Env\Health.cs:line 20&#xD;
   at Kafka.Ksql.Linq.Tests.Integration.EnvSchemaRegistryResetTests.SetupAsync() in C:\dev\experimental\physicalTests\Connectivity\SchemaRegistryResetTests.cs:line 195&#xD;
   at Kafka.Ksql.Linq.Tests.Integration.SchemaRegistryResetTests.Setup_ShouldRegisterAllSchemas() in C:\dev\experimental\physicalTests\Connectivity\SchemaRegistryResetTests.cs:line 67&#xD;
--- End of stack trace from previous location ---</StackTrace>
        </ErrorInfo>
      </Output>
    </UnitTestResult>
    <UnitTestResult executionId="5c7bd989-28d7-4e94-bce6-058be38a5880" testId="6288fb0e-9d2c-a603-9db2-af88d05ffb27" testName="Kafka.Ksql.Linq.Tests.Integration.BigBang_KafkaConnection_StrictTests.EX02_ForeachAsync_KafkaDown_ShouldLogAndTimeout" computerName="SAGESOHO01" duration="00:00:02.5161044" startTime="2025-09-17T03:32:02.4175035+09:00" endTime="2025-09-17T03:32:02.4175044+09:00" testType="13cdc9d9-ddb5-4fa4-a97d-d965ccfc6d4b" outcome="Passed" testListId="8c84fa94-04c1-424b-9868-57a2d4851a1d" relativeResultsDirectory="5c7bd989-28d7-4e94-bce6-058be38a5880" />
    <UnitTestResult executionId="21060212-8750-49db-8912-444d5c7be202" testId="da24b4ec-31be-e42d-feb9-6cc309431547" testName="Kafka.Ksql.Linq.Tests.Integration.KafkaServiceDownTests.ForeachAsync_ShouldThrow_WhenKafkaIsDown" computerName="SAGESOHO01" duration="00:00:12.5236584" startTime="2025-09-17T03:32:21.2349904+09:00" endTime="2025-09-17T03:32:21.2349908+09:00" testType="13cdc9d9-ddb5-4fa4-a97d-d965ccfc6d4b" outcome="Failed" testListId="8c84fa94-04c1-424b-9868-57a2d4851a1d" relativeResultsDirectory="21060212-8750-49db-8912-444d5c7be202">
      <Output>
        <ErrorInfo>
          <Message>System.InvalidOperationException : service "zookeeper" has no container to start
</Message>
          <StackTrace>   at Kafka.Ksql.Linq.Tests.Integration.DockerHelper.RunAsync(String command) in C:\dev\experimental\physicalTests\DockerHelper.cs:line 66&#xD;
   at Kafka.Ksql.Linq.Tests.Integration.DockerHelper.StartServiceAsync(String service) in C:\dev\experimental\physicalTests\DockerHelper.cs:line 36&#xD;
   at Kafka.Ksql.Linq.Tests.Integration.KafkaServiceDownTests.ForeachAsync_ShouldThrow_WhenKafkaIsDown() in C:\dev\experimental\physicalTests\Connectivity\KafkaServiceDownTests.cs:line 95&#xD;
   at Kafka.Ksql.Linq.Tests.Integration.KafkaServiceDownTests.ForeachAsync_ShouldThrow_WhenKafkaIsDown() in C:\dev\experimental\physicalTests\Connectivity\KafkaServiceDownTests.cs:line 96&#xD;
--- End of stack trace from previous location ---</StackTrace>
        </ErrorInfo>
      </Output>
    </UnitTestResult>
    <UnitTestResult executionId="a07b39a3-e586-4141-b430-659baa2eca98" testId="fa46f409-6539-d06f-aa37-8cfd2c4998c0" testName="Kafka.Ksql.Linq.Tests.Integration.BigBang_KafkaConnection_TolerantTests.EX01_ForeachAsync_KafkaDown_ShouldFailGracefully" computerName="SAGESOHO01" duration="00:00:01.4597179" startTime="2025-09-17T03:32:06.2897898+09:00" endTime="2025-09-17T03:32:06.2897901+09:00" testType="13cdc9d9-ddb5-4fa4-a97d-d965ccfc6d4b" outcome="Passed" testListId="8c84fa94-04c1-424b-9868-57a2d4851a1d" relativeResultsDirectory="a07b39a3-e586-4141-b430-659baa2eca98" />
    <UnitTestResult executionId="cc44f50e-93ea-42f7-9c99-3e0b01b5f570" testId="ccf2bf61-9a31-6941-50d4-73c008678752" testName="Kafka.Ksql.Linq.Tests.Integration.KsqlDbServiceDownTests.ExecuteStatement_ShouldFail_WhenKsqlDbDown" computerName="SAGESOHO01" duration="00:00:02.5226926" startTime="2025-09-17T03:32:26.2955955+09:00" endTime="2025-09-17T03:32:26.2955959+09:00" testType="13cdc9d9-ddb5-4fa4-a97d-d965ccfc6d4b" outcome="Failed" testListId="8c84fa94-04c1-424b-9868-57a2d4851a1d" relativeResultsDirectory="cc44f50e-93ea-42f7-9c99-3e0b01b5f570">
      <Output>
        <ErrorInfo>
          <Message>System.InvalidOperationException : service "zookeeper" has no container to start
</Message>
          <StackTrace>   at Kafka.Ksql.Linq.Tests.Integration.DockerHelper.RunAsync(String command) in C:\dev\experimental\physicalTests\DockerHelper.cs:line 66&#xD;
   at Kafka.Ksql.Linq.Tests.Integration.DockerHelper.StartServiceAsync(String service) in C:\dev\experimental\physicalTests\DockerHelper.cs:line 36&#xD;
   at Kafka.Ksql.Linq.Tests.Integration.KsqlDbServiceDownTests.ExecuteStatement_ShouldFail_WhenKsqlDbDown() in C:\dev\experimental\physicalTests\Connectivity\KsqlDbServiceDownTests.cs:line 33&#xD;
   at Kafka.Ksql.Linq.Tests.Integration.KsqlDbServiceDownTests.ExecuteStatement_ShouldFail_WhenKsqlDbDown() in C:\dev\experimental\physicalTests\Connectivity\KsqlDbServiceDownTests.cs:line 34&#xD;
--- End of stack trace from previous location ---</StackTrace>
        </ErrorInfo>
      </Output>
    </UnitTestResult>
    <UnitTestResult executionId="9e8b9aa4-7e8d-4e82-9085-bd5c600052a2" testId="52a48a8d-aaad-2671-a532-2ce974e3f69a" testName="Kafka.Ksql.Linq.Tests.Integration.KafkaServiceDownTests.AddAsync_ShouldThrow_WhenKafkaIsDown" computerName="SAGESOHO01" duration="00:00:02.5360162" startTime="2025-09-17T03:32:23.7718455+09:00" endTime="2025-09-17T03:32:23.7718461+09:00" testType="13cdc9d9-ddb5-4fa4-a97d-d965ccfc6d4b" outcome="Failed" testListId="8c84fa94-04c1-424b-9868-57a2d4851a1d" relativeResultsDirectory="9e8b9aa4-7e8d-4e82-9085-bd5c600052a2">
      <Output>
        <ErrorInfo>
          <Message>System.InvalidOperationException : service "zookeeper" has no container to start
</Message>
          <StackTrace>   at Kafka.Ksql.Linq.Tests.Integration.DockerHelper.RunAsync(String command) in C:\dev\experimental\physicalTests\DockerHelper.cs:line 66&#xD;
   at Kafka.Ksql.Linq.Tests.Integration.DockerHelper.StartServiceAsync(String service) in C:\dev\experimental\physicalTests\DockerHelper.cs:line 36&#xD;
   at Kafka.Ksql.Linq.Tests.Integration.KafkaServiceDownTests.AddAsync_ShouldThrow_WhenKafkaIsDown() in C:\dev\experimental\physicalTests\Connectivity\KafkaServiceDownTests.cs:line 66&#xD;
   at Kafka.Ksql.Linq.Tests.Integration.KafkaServiceDownTests.AddAsync_ShouldThrow_WhenKafkaIsDown() in C:\dev\experimental\physicalTests\Connectivity\KafkaServiceDownTests.cs:line 69&#xD;
--- End of stack trace from previous location ---</StackTrace>
        </ErrorInfo>
      </Output>
    </UnitTestResult>
    <UnitTestResult executionId="580868f3-b988-46b7-acc8-d40fa4261eb4" testId="4d1ab506-de68-e93b-e77a-c25236b29b8f" testName="Kafka.Ksql.Linq.Tests.Integration.CompositeKeyPocoTests.SendAndReceive_CompositeKeyPoco" computerName="SAGESOHO01" duration="00:00:13.2179144" startTime="2025-09-17T03:21:23.5346759+09:00" endTime="2025-09-17T03:21:23.5346772+09:00" testType="13cdc9d9-ddb5-4fa4-a97d-d965ccfc6d4b" outcome="Passed" testListId="8c84fa94-04c1-424b-9868-57a2d4851a1d" relativeResultsDirectory="580868f3-b988-46b7-acc8-d40fa4261eb4" />
    <UnitTestResult executionId="343fff31-9942-4426-a6f5-ef6c5f271de7" testId="6e9b6ef9-ac09-772f-de65-0a61c351b479" testName="Kafka.Ksql.Linq.Tests.Integration.ManualCommitIntegrationTests.ManualCommit_PersistsOffset" computerName="SAGESOHO01" duration="00:00:34.6431740" startTime="2025-09-17T03:23:53.9336552+09:00" endTime="2025-09-17T03:23:53.9336556+09:00" testType="13cdc9d9-ddb5-4fa4-a97d-d965ccfc6d4b" outcome="Passed" testListId="8c84fa94-04c1-424b-9868-57a2d4851a1d" relativeResultsDirectory="343fff31-9942-4426-a6f5-ef6c5f271de7" />
    <UnitTestResult executionId="838f9e32-6598-4132-8666-5deccb689019" testId="fa7b7cf7-1520-25e3-2b05-597054f71af6" testName="Kafka.Ksql.Linq.Tests.Integration.ReservedKeyQuotingTests.CreateStream_WithReservedKeyFields_ShouldSucceed" computerName="SAGESOHO01" duration="00:00:08.6997406" startTime="2025-09-17T03:19:03.8283896+09:00" endTime="2025-09-17T03:19:03.8283900+09:00" testType="13cdc9d9-ddb5-4fa4-a97d-d965ccfc6d4b" outcome="Passed" testListId="8c84fa94-04c1-424b-9868-57a2d4851a1d" relativeResultsDirectory="838f9e32-6598-4132-8666-5deccb689019" />
    <UnitTestResult executionId="929f06bf-c3c7-4c96-991b-82261e59981c" testId="575bb240-2c56-ce42-7c0d-fdfabac2a9c7" testName="Kafka.Ksql.Linq.Tests.Integration.InvalidQueryTests.GeneratedQuery_IsRejected(ksql: &quot;SELECT CASE WHEN ID=1 THEN 'A' ELSE 2 END FROM ORD&quot;···)" computerName="SAGESOHO01" duration="00:00:00.4778733" startTime="2025-09-17T03:16:20.8999068+09:00" endTime="2025-09-17T03:16:20.8999071+09:00" testType="13cdc9d9-ddb5-4fa4-a97d-d965ccfc6d4b" outcome="Passed" testListId="8c84fa94-04c1-424b-9868-57a2d4851a1d" relativeResultsDirectory="929f06bf-c3c7-4c96-991b-82261e59981c" />
    <UnitTestResult executionId="e3ce4a3d-6568-43ea-afec-ffe78cf0f88d" testId="ce6a13c7-e84b-fd4c-062d-d534410ea237" testName="Kafka.Ksql.Linq.Tests.Integration.JoinIntegrationTests.TwoTableJoin_Query_ShouldBeValid" computerName="SAGESOHO01" duration="00:00:49.4964206" startTime="2025-09-17T03:17:13.8240643+09:00" endTime="2025-09-17T03:17:13.8240647+09:00" testType="13cdc9d9-ddb5-4fa4-a97d-d965ccfc6d4b" outcome="Passed" testListId="8c84fa94-04c1-424b-9868-57a2d4851a1d" relativeResultsDirectory="e3ce4a3d-6568-43ea-afec-ffe78cf0f88d" />
  </Results>
  <TestDefinitions>
    <UnitTest name="Kafka.Ksql.Linq.Tests.Integration.KafkaServiceDownTests.ForeachAsync_ShouldThrow_WhenKafkaIsDown" storage="c:\dev\experimental\physicaltests\bin\release\net8.0\kafka.ksql.linq.tests.integration.dll" id="da24b4ec-31be-e42d-feb9-6cc309431547">
      <Execution id="21060212-8750-49db-8912-444d5c7be202" />
      <TestMethod codeBase="C:\dev\experimental\physicalTests\bin\Release\net8.0\Kafka.Ksql.Linq.Tests.Integration.dll" adapterTypeName="executor://xunit/VsTestRunner2/netcoreapp" className="Kafka.Ksql.Linq.Tests.Integration.KafkaServiceDownTests" name="ForeachAsync_ShouldThrow_WhenKafkaIsDown" />
    </UnitTest>
    <UnitTest name="Kafka.Ksql.Linq.Tests.Integration.BigBang_KafkaConnection_StrictTests.EX02_AddAsync_KafkaDown_ShouldLogAndTimeout" storage="c:\dev\experimental\physicaltests\bin\release\net8.0\kafka.ksql.linq.tests.integration.dll" id="821b062e-05e6-7b61-70b6-a85ab6158b98">
      <Execution id="26ef43bf-5f57-4fa0-8e4e-b53c00918020" />
      <TestMethod codeBase="C:\dev\experimental\physicalTests\bin\Release\net8.0\Kafka.Ksql.Linq.Tests.Integration.dll" adapterTypeName="executor://xunit/VsTestRunner2/netcoreapp" className="Kafka.Ksql.Linq.Tests.Integration.BigBang_KafkaConnection_StrictTests" name="EX02_AddAsync_KafkaDown_ShouldLogAndTimeout" />
    </UnitTest>
    <UnitTest name="Kafka.Ksql.Linq.Tests.Integration.RocksDbToListAsyncTests.ToListAsync_Reads_From_RocksDb_Cache" storage="c:\dev\experimental\physicaltests\bin\release\net8.0\kafka.ksql.linq.tests.integration.dll" id="5a88f032-d48b-3e65-f6b6-dca9ef297733">
      <Execution id="5c8f09bd-afe8-4be6-981c-f1b13efdd848" />
      <TestMethod codeBase="C:\dev\experimental\physicalTests\bin\Release\net8.0\Kafka.Ksql.Linq.Tests.Integration.dll" adapterTypeName="executor://xunit/VsTestRunner2/netcoreapp" className="Kafka.Ksql.Linq.Tests.Integration.RocksDbToListAsyncTests" name="ToListAsync_Reads_From_RocksDb_Cache" />
    </UnitTest>
    <UnitTest name="Kafka.Ksql.Linq.Tests.Integration.ManualCommitIntegrationTests.ManualCommit_PersistsOffset" storage="c:\dev\experimental\physicaltests\bin\release\net8.0\kafka.ksql.linq.tests.integration.dll" id="6e9b6ef9-ac09-772f-de65-0a61c351b479">
      <Execution id="343fff31-9942-4426-a6f5-ef6c5f271de7" />
      <TestMethod codeBase="C:\dev\experimental\physicalTests\bin\Release\net8.0\Kafka.Ksql.Linq.Tests.Integration.dll" adapterTypeName="executor://xunit/VsTestRunner2/netcoreapp" className="Kafka.Ksql.Linq.Tests.Integration.ManualCommitIntegrationTests" name="ManualCommit_PersistsOffset" />
    </UnitTest>
    <UnitTest name="Kafka.Ksql.Linq.Tests.Integration.DefaultAndBoundaryValueTests.DecimalPrecisionRoundTrip" storage="c:\dev\experimental\physicaltests\bin\release\net8.0\kafka.ksql.linq.tests.integration.dll" id="17213b85-711d-b805-3bc7-22d3d12a9709">
      <Execution id="33e1ac81-1442-44c5-8ce0-bf2c745cf374" />
      <TestMethod codeBase="C:\dev\experimental\physicalTests\bin\Release\net8.0\Kafka.Ksql.Linq.Tests.Integration.dll" adapterTypeName="executor://xunit/VsTestRunner2/netcoreapp" className="Kafka.Ksql.Linq.Tests.Integration.DefaultAndBoundaryValueTests" name="DecimalPrecisionRoundTrip" />
    </UnitTest>
    <UnitTest name="Kafka.Ksql.Linq.Tests.Integration.DlqIntegrationTests.ForEachAsync_OnErrorDlq_WritesToDlq" storage="c:\dev\experimental\physicaltests\bin\release\net8.0\kafka.ksql.linq.tests.integration.dll" id="6dc1c76e-ddda-5058-33dc-fc758c3924b0">
      <Execution id="a036cb56-d1ed-4021-824f-23babf701f08" />
      <TestMethod codeBase="C:\dev\experimental\physicalTests\bin\Release\net8.0\Kafka.Ksql.Linq.Tests.Integration.dll" adapterTypeName="executor://xunit/VsTestRunner2/netcoreapp" className="Kafka.Ksql.Linq.Tests.Integration.DlqIntegrationTests" name="ForEachAsync_OnErrorDlq_WritesToDlq" />
    </UnitTest>
    <UnitTest name="Kafka.Ksql.Linq.Tests.Integration.KafkaServiceDownTests.AddAsync_ShouldThrow_WhenKafkaIsDown" storage="c:\dev\experimental\physicaltests\bin\release\net8.0\kafka.ksql.linq.tests.integration.dll" id="52a48a8d-aaad-2671-a532-2ce974e3f69a">
      <Execution id="9e8b9aa4-7e8d-4e82-9085-bd5c600052a2" />
      <TestMethod codeBase="C:\dev\experimental\physicalTests\bin\Release\net8.0\Kafka.Ksql.Linq.Tests.Integration.dll" adapterTypeName="executor://xunit/VsTestRunner2/netcoreapp" className="Kafka.Ksql.Linq.Tests.Integration.KafkaServiceDownTests" name="AddAsync_ShouldThrow_WhenKafkaIsDown" />
    </UnitTest>
    <UnitTest name="Kafka.Ksql.Linq.Tests.Integration.BarDslLongRunTests.LongRun_1h_Ohlc_And_Grace_Verify" storage="c:\dev\experimental\physicaltests\bin\release\net8.0\kafka.ksql.linq.tests.integration.dll" id="757c3dd1-71d9-1640-b489-8396c560c560">
      <Execution id="38178d3b-9e75-4f72-8421-172958b0e309" />
      <TestMethod codeBase="C:\dev\experimental\physicalTests\bin\Release\net8.0\Kafka.Ksql.Linq.Tests.Integration.dll" adapterTypeName="executor://xunit/VsTestRunner2/netcoreapp" className="Kafka.Ksql.Linq.Tests.Integration.BarDslLongRunTests" name="LongRun_1h_Ohlc_And_Grace_Verify" />
    </UnitTest>
    <UnitTest name="Kafka.Ksql.Linq.Tests.Integration.BigBang_KafkaConnection_TolerantTests.EX01_AddAsync_KafkaDown_ShouldFailGracefully" storage="c:\dev\experimental\physicaltests\bin\release\net8.0\kafka.ksql.linq.tests.integration.dll" id="e7664d42-1a36-a709-59e4-00b5e1d7cc8f">
      <Execution id="01b72719-2f0f-4b11-9beb-87295e38897b" />
      <TestMethod codeBase="C:\dev\experimental\physicalTests\bin\Release\net8.0\Kafka.Ksql.Linq.Tests.Integration.dll" adapterTypeName="executor://xunit/VsTestRunner2/netcoreapp" className="Kafka.Ksql.Linq.Tests.Integration.BigBang_KafkaConnection_TolerantTests" name="EX01_AddAsync_KafkaDown_ShouldFailGracefully" />
    </UnitTest>
    <UnitTest name="Kafka.Ksql.Linq.Tests.Integration.InvalidQueryTests.GeneratedQuery_IsRejected(ksql: &quot;SELECT CASE WHEN ID=1 THEN 'A' ELSE 2 END FROM ORD&quot;···)" storage="c:\dev\experimental\physicaltests\bin\release\net8.0\kafka.ksql.linq.tests.integration.dll" id="575bb240-2c56-ce42-7c0d-fdfabac2a9c7">
      <Execution id="929f06bf-c3c7-4c96-991b-82261e59981c" />
      <TestMethod codeBase="C:\dev\experimental\physicalTests\bin\Release\net8.0\Kafka.Ksql.Linq.Tests.Integration.dll" adapterTypeName="executor://xunit/VsTestRunner2/netcoreapp" className="Kafka.Ksql.Linq.Tests.Integration.InvalidQueryTests" name="GeneratedQuery_IsRejected" />
    </UnitTest>
    <UnitTest name="Kafka.Ksql.Linq.Tests.Integration.DefaultAndBoundaryValueTests.DefaultValuesRoundTrip" storage="c:\dev\experimental\physicaltests\bin\release\net8.0\kafka.ksql.linq.tests.integration.dll" id="f1c03cea-0557-e281-789b-44a1e9e61d2d">
      <Execution id="3f6dc911-bfca-4985-beba-674588872529" />
      <TestMethod codeBase="C:\dev\experimental\physicalTests\bin\Release\net8.0\Kafka.Ksql.Linq.Tests.Integration.dll" adapterTypeName="executor://xunit/VsTestRunner2/netcoreapp" className="Kafka.Ksql.Linq.Tests.Integration.DefaultAndBoundaryValueTests" name="DefaultValuesRoundTrip" />
    </UnitTest>
    <UnitTest name="Kafka.Ksql.Linq.Tests.Integration.NoKeyPocoTests.SendAndReceive_NoKeyRecord" storage="c:\dev\experimental\physicaltests\bin\release\net8.0\kafka.ksql.linq.tests.integration.dll" id="f4acc4e9-4e3f-fa27-9e40-28a744927795">
      <Execution id="d2106ffa-4955-4044-a8f6-9eeff1a552d4" />
      <TestMethod codeBase="C:\dev\experimental\physicalTests\bin\Release\net8.0\Kafka.Ksql.Linq.Tests.Integration.dll" adapterTypeName="executor://xunit/VsTestRunner2/netcoreapp" className="Kafka.Ksql.Linq.Tests.Integration.NoKeyPocoTests" name="SendAndReceive_NoKeyRecord" />
    </UnitTest>
    <UnitTest name="Kafka.Ksql.Linq.Tests.Integration.ReservedKeyQuotingTests.CreateStream_WithReservedKeyFields_ShouldSucceed" storage="c:\dev\experimental\physicaltests\bin\release\net8.0\kafka.ksql.linq.tests.integration.dll" id="fa7b7cf7-1520-25e3-2b05-597054f71af6">
      <Execution id="838f9e32-6598-4132-8666-5deccb689019" />
      <TestMethod codeBase="C:\dev\experimental\physicalTests\bin\Release\net8.0\Kafka.Ksql.Linq.Tests.Integration.dll" adapterTypeName="executor://xunit/VsTestRunner2/netcoreapp" className="Kafka.Ksql.Linq.Tests.Integration.ReservedKeyQuotingTests" name="CreateStream_WithReservedKeyFields_ShouldSucceed" />
    </UnitTest>
    <UnitTest name="Kafka.Ksql.Linq.Tests.Integration.SchemaRegistryResetTests.Setup_ShouldRegisterAllSchemas" storage="c:\dev\experimental\physicaltests\bin\release\net8.0\kafka.ksql.linq.tests.integration.dll" id="173a5c6a-39b7-895e-9b5a-1e15dc155fed">
      <Execution id="3ab2d06f-676b-44d8-9b2f-4b9b9aab793b" />
      <TestMethod codeBase="C:\dev\experimental\physicalTests\bin\Release\net8.0\Kafka.Ksql.Linq.Tests.Integration.dll" adapterTypeName="executor://xunit/VsTestRunner2/netcoreapp" className="Kafka.Ksql.Linq.Tests.Integration.SchemaRegistryResetTests" name="Setup_ShouldRegisterAllSchemas" />
    </UnitTest>
    <UnitTest name="Kafka.Ksql.Linq.Tests.Integration.DefaultAndBoundaryValueTests.BoundaryValuesRoundTrip" storage="c:\dev\experimental\physicaltests\bin\release\net8.0\kafka.ksql.linq.tests.integration.dll" id="35c33335-3c6f-41c6-e0cd-a71e8b0b3178">
      <Execution id="f508ae40-1eea-40f7-a385-0301e221ec81" />
      <TestMethod codeBase="C:\dev\experimental\physicalTests\bin\Release\net8.0\Kafka.Ksql.Linq.Tests.Integration.dll" adapterTypeName="executor://xunit/VsTestRunner2/netcoreapp" className="Kafka.Ksql.Linq.Tests.Integration.DefaultAndBoundaryValueTests" name="BoundaryValuesRoundTrip" />
    </UnitTest>
    <UnitTest name="Kafka.Ksql.Linq.Tests.Integration.InvalidQueryTests.GeneratedQuery_IsRejected(ksql: &quot;SELECT ID, COUNT(*) FROM ORDERS GROUP BY ID;&quot;)" storage="c:\dev\experimental\physicaltests\bin\release\net8.0\kafka.ksql.linq.tests.integration.dll" id="ad9ac948-5de9-3016-dc11-7e1e0ddb9a1f">
      <Execution id="0c57104e-2a48-4556-b8c1-acc0d31c7f5d" />
      <TestMethod codeBase="C:\dev\experimental\physicalTests\bin\Release\net8.0\Kafka.Ksql.Linq.Tests.Integration.dll" adapterTypeName="executor://xunit/VsTestRunner2/netcoreapp" className="Kafka.Ksql.Linq.Tests.Integration.InvalidQueryTests" name="GeneratedQuery_IsRejected" />
    </UnitTest>
    <UnitTest name="Kafka.Ksql.Linq.Tests.Integration.SchemaNameCaseSensitivityTests.LowercaseField_ShouldSucceed" storage="c:\dev\experimental\physicaltests\bin\release\net8.0\kafka.ksql.linq.tests.integration.dll" id="5917e101-0acb-1110-36fc-a2e3d83d03f6">
      <Execution id="3ba0bedc-bcd9-476c-a762-dc6cf3386162" />
      <TestMethod codeBase="C:\dev\experimental\physicalTests\bin\Release\net8.0\Kafka.Ksql.Linq.Tests.Integration.dll" adapterTypeName="executor://xunit/VsTestRunner2/netcoreapp" className="Kafka.Ksql.Linq.Tests.Integration.SchemaNameCaseSensitivityTests" name="LowercaseField_ShouldSucceed" />
    </UnitTest>
    <UnitTest name="Kafka.Ksql.Linq.Tests.Integration.JoinIntegrationTests.TwoTableJoin_Query_ShouldBeValid" storage="c:\dev\experimental\physicaltests\bin\release\net8.0\kafka.ksql.linq.tests.integration.dll" id="ce6a13c7-e84b-fd4c-062d-d534410ea237">
      <Execution id="e3ce4a3d-6568-43ea-afec-ffe78cf0f88d" />
      <TestMethod codeBase="C:\dev\experimental\physicalTests\bin\Release\net8.0\Kafka.Ksql.Linq.Tests.Integration.dll" adapterTypeName="executor://xunit/VsTestRunner2/netcoreapp" className="Kafka.Ksql.Linq.Tests.Integration.JoinIntegrationTests" name="TwoTableJoin_Query_ShouldBeValid" />
    </UnitTest>
    <UnitTest name="Kafka.Ksql.Linq.Tests.Integration.BarDslMultiTierTests.MultiTier_1m_5m_15m_60m_Create_And_Ohlc_Sanity" storage="c:\dev\experimental\physicaltests\bin\release\net8.0\kafka.ksql.linq.tests.integration.dll" id="362ea334-db4e-46ce-8b95-3449bea35781">
      <Execution id="4fd92181-0ffa-4363-b5c7-7c9600d6641f" />
      <TestMethod codeBase="C:\dev\experimental\physicalTests\bin\Release\net8.0\Kafka.Ksql.Linq.Tests.Integration.dll" adapterTypeName="executor://xunit/VsTestRunner2/netcoreapp" className="Kafka.Ksql.Linq.Tests.Integration.BarDslMultiTierTests" name="MultiTier_1m_5m_15m_60m_Create_And_Ohlc_Sanity" />
    </UnitTest>
    <UnitTest name="Kafka.Ksql.Linq.Tests.Integration.SchemaRegistryResetTests.UpperCaseSubjects_ShouldNotExist" storage="c:\dev\experimental\physicaltests\bin\release\net8.0\kafka.ksql.linq.tests.integration.dll" id="2a812374-63bf-e2f9-3af2-1f33d0b7af6d">
      <Execution id="f6ed6993-ee93-4306-8137-31cb03c5ab04" />
      <TestMethod codeBase="C:\dev\experimental\physicalTests\bin\Release\net8.0\Kafka.Ksql.Linq.Tests.Integration.dll" adapterTypeName="executor://xunit/VsTestRunner2/netcoreapp" className="Kafka.Ksql.Linq.Tests.Integration.SchemaRegistryResetTests" name="UpperCaseSubjects_ShouldNotExist" />
    </UnitTest>
    <UnitTest name="Kafka.Ksql.Linq.Tests.Integration.BigBang_KafkaConnection_TolerantTests.EX01_ForeachAsync_KafkaDown_ShouldFailGracefully" storage="c:\dev\experimental\physicaltests\bin\release\net8.0\kafka.ksql.linq.tests.integration.dll" id="fa46f409-6539-d06f-aa37-8cfd2c4998c0">
      <Execution id="a07b39a3-e586-4141-b430-659baa2eca98" />
      <TestMethod codeBase="C:\dev\experimental\physicalTests\bin\Release\net8.0\Kafka.Ksql.Linq.Tests.Integration.dll" adapterTypeName="executor://xunit/VsTestRunner2/netcoreapp" className="Kafka.Ksql.Linq.Tests.Integration.BigBang_KafkaConnection_TolerantTests" name="EX01_ForeachAsync_KafkaDown_ShouldFailGracefully" />
    </UnitTest>
    <UnitTest name="Kafka.Ksql.Linq.Tests.Integration.BigBang_KafkaConnection_StrictTests.EX02_ForeachAsync_KafkaDown_ShouldLogAndTimeout" storage="c:\dev\experimental\physicaltests\bin\release\net8.0\kafka.ksql.linq.tests.integration.dll" id="6288fb0e-9d2c-a603-9db2-af88d05ffb27">
      <Execution id="5c7bd989-28d7-4e94-bce6-058be38a5880" />
      <TestMethod codeBase="C:\dev\experimental\physicalTests\bin\Release\net8.0\Kafka.Ksql.Linq.Tests.Integration.dll" adapterTypeName="executor://xunit/VsTestRunner2/netcoreapp" className="Kafka.Ksql.Linq.Tests.Integration.BigBang_KafkaConnection_StrictTests" name="EX02_ForeachAsync_KafkaDown_ShouldLogAndTimeout" />
    </UnitTest>
    <UnitTest name="Kafka.Ksql.Linq.Tests.Integration.CompositeKeyPocoTests.SendAndReceive_CompositeKeyPoco" storage="c:\dev\experimental\physicaltests\bin\release\net8.0\kafka.ksql.linq.tests.integration.dll" id="4d1ab506-de68-e93b-e77a-c25236b29b8f">
      <Execution id="580868f3-b988-46b7-acc8-d40fa4261eb4" />
      <TestMethod codeBase="C:\dev\experimental\physicalTests\bin\Release\net8.0\Kafka.Ksql.Linq.Tests.Integration.dll" adapterTypeName="executor://xunit/VsTestRunner2/netcoreapp" className="Kafka.Ksql.Linq.Tests.Integration.CompositeKeyPocoTests" name="SendAndReceive_CompositeKeyPoco" />
    </UnitTest>
    <UnitTest name="Kafka.Ksql.Linq.Tests.Integration.KsqlSyntaxTests.GeneratedQuery_IsValidInKsqlDb(ksql: &quot;CREATE STREAM test_stream AS SELECT * FROM source &quot;···)" storage="c:\dev\experimental\physicaltests\bin\release\net8.0\kafka.ksql.linq.tests.integration.dll" id="1b9a7b5c-1c73-929c-a65b-b3bb50e359bc">
      <Execution id="ee343138-1c05-4daa-b8d4-6c0a0a513aab" />
      <TestMethod codeBase="C:\dev\experimental\physicalTests\bin\Release\net8.0\Kafka.Ksql.Linq.Tests.Integration.dll" adapterTypeName="executor://xunit/VsTestRunner2/netcoreapp" className="Kafka.Ksql.Linq.Tests.Integration.KsqlSyntaxTests" name="GeneratedQuery_IsValidInKsqlDb" />
    </UnitTest>
    <UnitTest name="Kafka.Ksql.Linq.Tests.Integration.AdvancedDataTypeTests.Decimal_DateTime_Enum_RoundTrip" storage="c:\dev\experimental\physicaltests\bin\release\net8.0\kafka.ksql.linq.tests.integration.dll" id="1f670e60-a460-2f7f-dd56-948a1c5191c3">
      <Execution id="d8d32690-a964-4a03-8cc8-504566edeb22" />
      <TestMethod codeBase="C:\dev\experimental\physicalTests\bin\Release\net8.0\Kafka.Ksql.Linq.Tests.Integration.dll" adapterTypeName="executor://xunit/VsTestRunner2/netcoreapp" className="Kafka.Ksql.Linq.Tests.Integration.AdvancedDataTypeTests" name="Decimal_DateTime_Enum_RoundTrip" />
    </UnitTest>
    <UnitTest name="Kafka.Ksql.Linq.Tests.Integration.KsqlSyntaxTests.GeneratedQuery_IsValidInKsqlDb(ksql: &quot;SELECT CustomerId, COUNT(*) FROM orders GROUP BY C&quot;···)" storage="c:\dev\experimental\physicaltests\bin\release\net8.0\kafka.ksql.linq.tests.integration.dll" id="4a90876b-2734-76cc-4f62-bf397a2e6c64">
      <Execution id="afb92280-50f1-4e3e-b64d-54a2e7eb6e3b" />
      <TestMethod codeBase="C:\dev\experimental\physicalTests\bin\Release\net8.0\Kafka.Ksql.Linq.Tests.Integration.dll" adapterTypeName="executor://xunit/VsTestRunner2/netcoreapp" className="Kafka.Ksql.Linq.Tests.Integration.KsqlSyntaxTests" name="GeneratedQuery_IsValidInKsqlDb" />
    </UnitTest>
    <UnitTest name="Kafka.Ksql.Linq.Tests.Integration.TimeBucketImportTumblingTests.Import_Ticks_Define_Tumbling_Query_Then_Extract_Bars_Via_TimeBucket" storage="c:\dev\experimental\physicaltests\bin\release\net8.0\kafka.ksql.linq.tests.integration.dll" id="d4f95360-fa20-03e1-5810-a5fd78838e0d">
      <Execution id="96fa69a7-d49e-4f36-bd9b-5b1652f535fa" />
      <TestMethod codeBase="C:\dev\experimental\physicalTests\bin\Release\net8.0\Kafka.Ksql.Linq.Tests.Integration.dll" adapterTypeName="executor://xunit/VsTestRunner2/netcoreapp" className="Kafka.Ksql.Linq.Tests.Integration.TimeBucketImportTumblingTests" name="Import_Ticks_Define_Tumbling_Query_Then_Extract_Bars_Via_TimeBucket" />
    </UnitTest>
    <UnitTest name="Kafka.Ksql.Linq.Tests.Integration.SchemaRegistryResetTests.DuplicateSchemaRegistration_ShouldSucceed" storage="c:\dev\experimental\physicaltests\bin\release\net8.0\kafka.ksql.linq.tests.integration.dll" id="6ad00dfe-e135-6dc8-b1bf-666fa5fa3455">
      <Execution id="d6355a34-1f94-4ad2-b4f2-0486cea68cf9" />
      <TestMethod codeBase="C:\dev\experimental\physicalTests\bin\Release\net8.0\Kafka.Ksql.Linq.Tests.Integration.dll" adapterTypeName="executor://xunit/VsTestRunner2/netcoreapp" className="Kafka.Ksql.Linq.Tests.Integration.SchemaRegistryResetTests" name="DuplicateSchemaRegistration_ShouldSucceed" />
    </UnitTest>
    <UnitTest name="Kafka.Ksql.Linq.Tests.Integration.PrimingBehaviorTests.AlwaysPriming_DoesNotLeakIntoConsumption" storage="c:\dev\experimental\physicaltests\bin\release\net8.0\kafka.ksql.linq.tests.integration.dll" id="1efd2b35-e074-3119-cb38-1db783196bee">
      <Execution id="ca3b17cf-3728-492a-bfde-92773515d00d" />
      <TestMethod codeBase="C:\dev\experimental\physicalTests\bin\Release\net8.0\Kafka.Ksql.Linq.Tests.Integration.dll" adapterTypeName="executor://xunit/VsTestRunner2/netcoreapp" className="Kafka.Ksql.Linq.Tests.Integration.PrimingBehaviorTests" name="AlwaysPriming_DoesNotLeakIntoConsumption" />
    </UnitTest>
    <UnitTest name="Kafka.Ksql.Linq.Tests.Integration.KsqlDbServiceDownTests.ExecuteStatement_ShouldFail_WhenKsqlDbDown" storage="c:\dev\experimental\physicaltests\bin\release\net8.0\kafka.ksql.linq.tests.integration.dll" id="ccf2bf61-9a31-6941-50d4-73c008678752">
      <Execution id="cc44f50e-93ea-42f7-9c99-3e0b01b5f570" />
      <TestMethod codeBase="C:\dev\experimental\physicalTests\bin\Release\net8.0\Kafka.Ksql.Linq.Tests.Integration.dll" adapterTypeName="executor://xunit/VsTestRunner2/netcoreapp" className="Kafka.Ksql.Linq.Tests.Integration.KsqlDbServiceDownTests" name="ExecuteStatement_ShouldFail_WhenKsqlDbDown" />
    </UnitTest>
    <UnitTest name="Kafka.Ksql.Linq.Tests.Integration.BarScheduleWeekendTests.WeekdaysOnly_DailyBars_With_MarketSchedule" storage="c:\dev\experimental\physicaltests\bin\release\net8.0\kafka.ksql.linq.tests.integration.dll" id="b56b9373-6c2f-5739-b8b6-dadbd353152b">
      <Execution id="604d5fee-6106-4242-a416-6d00f76adb83" />
      <TestMethod codeBase="C:\dev\experimental\physicalTests\bin\Release\net8.0\Kafka.Ksql.Linq.Tests.Integration.dll" adapterTypeName="executor://xunit/VsTestRunner2/netcoreapp" className="Kafka.Ksql.Linq.Tests.Integration.BarScheduleWeekendTests" name="WeekdaysOnly_DailyBars_With_MarketSchedule" />
    </UnitTest>
    <UnitTest name="Kafka.Ksql.Linq.Tests.Integration.KafkaAdminServiceIntegrationTests.EnsureTopic_CreatesWithConfiguredStructure" storage="c:\dev\experimental\physicaltests\bin\release\net8.0\kafka.ksql.linq.tests.integration.dll" id="7ac897e6-3b9f-9d7e-7d3d-02e35f2ffa62">
      <Execution id="b8ff4c48-e289-4688-9777-945b91983ea4" />
      <TestMethod codeBase="C:\dev\experimental\physicalTests\bin\Release\net8.0\Kafka.Ksql.Linq.Tests.Integration.dll" adapterTypeName="executor://xunit/VsTestRunner2/netcoreapp" className="Kafka.Ksql.Linq.Tests.Integration.KafkaAdminServiceIntegrationTests" name="EnsureTopic_CreatesWithConfiguredStructure" />
    </UnitTest>
  </TestDefinitions>
  <TestEntries>
    <TestEntry testId="e7664d42-1a36-a709-59e4-00b5e1d7cc8f" executionId="01b72719-2f0f-4b11-9beb-87295e38897b" testListId="8c84fa94-04c1-424b-9868-57a2d4851a1d" />
    <TestEntry testId="821b062e-05e6-7b61-70b6-a85ab6158b98" executionId="26ef43bf-5f57-4fa0-8e4e-b53c00918020" testListId="8c84fa94-04c1-424b-9868-57a2d4851a1d" />
    <TestEntry testId="d4f95360-fa20-03e1-5810-a5fd78838e0d" executionId="96fa69a7-d49e-4f36-bd9b-5b1652f535fa" testListId="8c84fa94-04c1-424b-9868-57a2d4851a1d" />
    <TestEntry testId="7ac897e6-3b9f-9d7e-7d3d-02e35f2ffa62" executionId="b8ff4c48-e289-4688-9777-945b91983ea4" testListId="8c84fa94-04c1-424b-9868-57a2d4851a1d" />
    <TestEntry testId="1b9a7b5c-1c73-929c-a65b-b3bb50e359bc" executionId="ee343138-1c05-4daa-b8d4-6c0a0a513aab" testListId="8c84fa94-04c1-424b-9868-57a2d4851a1d" />
    <TestEntry testId="35c33335-3c6f-41c6-e0cd-a71e8b0b3178" executionId="f508ae40-1eea-40f7-a385-0301e221ec81" testListId="8c84fa94-04c1-424b-9868-57a2d4851a1d" />
    <TestEntry testId="757c3dd1-71d9-1640-b489-8396c560c560" executionId="38178d3b-9e75-4f72-8421-172958b0e309" testListId="8c84fa94-04c1-424b-9868-57a2d4851a1d" />
    <TestEntry testId="f4acc4e9-4e3f-fa27-9e40-28a744927795" executionId="d2106ffa-4955-4044-a8f6-9eeff1a552d4" testListId="8c84fa94-04c1-424b-9868-57a2d4851a1d" />
    <TestEntry testId="17213b85-711d-b805-3bc7-22d3d12a9709" executionId="33e1ac81-1442-44c5-8ce0-bf2c745cf374" testListId="8c84fa94-04c1-424b-9868-57a2d4851a1d" />
    <TestEntry testId="5a88f032-d48b-3e65-f6b6-dca9ef297733" executionId="5c8f09bd-afe8-4be6-981c-f1b13efdd848" testListId="8c84fa94-04c1-424b-9868-57a2d4851a1d" />
    <TestEntry testId="5917e101-0acb-1110-36fc-a2e3d83d03f6" executionId="3ba0bedc-bcd9-476c-a762-dc6cf3386162" testListId="8c84fa94-04c1-424b-9868-57a2d4851a1d" />
    <TestEntry testId="4a90876b-2734-76cc-4f62-bf397a2e6c64" executionId="afb92280-50f1-4e3e-b64d-54a2e7eb6e3b" testListId="8c84fa94-04c1-424b-9868-57a2d4851a1d" />
    <TestEntry testId="1efd2b35-e074-3119-cb38-1db783196bee" executionId="ca3b17cf-3728-492a-bfde-92773515d00d" testListId="8c84fa94-04c1-424b-9868-57a2d4851a1d" />
    <TestEntry testId="6dc1c76e-ddda-5058-33dc-fc758c3924b0" executionId="a036cb56-d1ed-4021-824f-23babf701f08" testListId="8c84fa94-04c1-424b-9868-57a2d4851a1d" />
    <TestEntry testId="1f670e60-a460-2f7f-dd56-948a1c5191c3" executionId="d8d32690-a964-4a03-8cc8-504566edeb22" testListId="8c84fa94-04c1-424b-9868-57a2d4851a1d" />
    <TestEntry testId="362ea334-db4e-46ce-8b95-3449bea35781" executionId="4fd92181-0ffa-4363-b5c7-7c9600d6641f" testListId="8c84fa94-04c1-424b-9868-57a2d4851a1d" />
    <TestEntry testId="f1c03cea-0557-e281-789b-44a1e9e61d2d" executionId="3f6dc911-bfca-4985-beba-674588872529" testListId="8c84fa94-04c1-424b-9868-57a2d4851a1d" />
    <TestEntry testId="ad9ac948-5de9-3016-dc11-7e1e0ddb9a1f" executionId="0c57104e-2a48-4556-b8c1-acc0d31c7f5d" testListId="8c84fa94-04c1-424b-9868-57a2d4851a1d" />
    <TestEntry testId="2a812374-63bf-e2f9-3af2-1f33d0b7af6d" executionId="f6ed6993-ee93-4306-8137-31cb03c5ab04" testListId="8c84fa94-04c1-424b-9868-57a2d4851a1d" />
    <TestEntry testId="b56b9373-6c2f-5739-b8b6-dadbd353152b" executionId="604d5fee-6106-4242-a416-6d00f76adb83" testListId="8c84fa94-04c1-424b-9868-57a2d4851a1d" />
    <TestEntry testId="6ad00dfe-e135-6dc8-b1bf-666fa5fa3455" executionId="d6355a34-1f94-4ad2-b4f2-0486cea68cf9" testListId="8c84fa94-04c1-424b-9868-57a2d4851a1d" />
    <TestEntry testId="173a5c6a-39b7-895e-9b5a-1e15dc155fed" executionId="3ab2d06f-676b-44d8-9b2f-4b9b9aab793b" testListId="8c84fa94-04c1-424b-9868-57a2d4851a1d" />
    <TestEntry testId="6288fb0e-9d2c-a603-9db2-af88d05ffb27" executionId="5c7bd989-28d7-4e94-bce6-058be38a5880" testListId="8c84fa94-04c1-424b-9868-57a2d4851a1d" />
    <TestEntry testId="da24b4ec-31be-e42d-feb9-6cc309431547" executionId="21060212-8750-49db-8912-444d5c7be202" testListId="8c84fa94-04c1-424b-9868-57a2d4851a1d" />
    <TestEntry testId="fa46f409-6539-d06f-aa37-8cfd2c4998c0" executionId="a07b39a3-e586-4141-b430-659baa2eca98" testListId="8c84fa94-04c1-424b-9868-57a2d4851a1d" />
    <TestEntry testId="ccf2bf61-9a31-6941-50d4-73c008678752" executionId="cc44f50e-93ea-42f7-9c99-3e0b01b5f570" testListId="8c84fa94-04c1-424b-9868-57a2d4851a1d" />
    <TestEntry testId="52a48a8d-aaad-2671-a532-2ce974e3f69a" executionId="9e8b9aa4-7e8d-4e82-9085-bd5c600052a2" testListId="8c84fa94-04c1-424b-9868-57a2d4851a1d" />
    <TestEntry testId="4d1ab506-de68-e93b-e77a-c25236b29b8f" executionId="580868f3-b988-46b7-acc8-d40fa4261eb4" testListId="8c84fa94-04c1-424b-9868-57a2d4851a1d" />
    <TestEntry testId="6e9b6ef9-ac09-772f-de65-0a61c351b479" executionId="343fff31-9942-4426-a6f5-ef6c5f271de7" testListId="8c84fa94-04c1-424b-9868-57a2d4851a1d" />
    <TestEntry testId="fa7b7cf7-1520-25e3-2b05-597054f71af6" executionId="838f9e32-6598-4132-8666-5deccb689019" testListId="8c84fa94-04c1-424b-9868-57a2d4851a1d" />
    <TestEntry testId="575bb240-2c56-ce42-7c0d-fdfabac2a9c7" executionId="929f06bf-c3c7-4c96-991b-82261e59981c" testListId="8c84fa94-04c1-424b-9868-57a2d4851a1d" />
    <TestEntry testId="ce6a13c7-e84b-fd4c-062d-d534410ea237" executionId="e3ce4a3d-6568-43ea-afec-ffe78cf0f88d" testListId="8c84fa94-04c1-424b-9868-57a2d4851a1d" />
  </TestEntries>
  <TestLists>
    <TestList name="一覧に存在しない結果" id="8c84fa94-04c1-424b-9868-57a2d4851a1d" />
    <TestList name="読み込まれたすべての結果" id="19431567-8539-422a-85d7-44ee4e166bda" />
  </TestLists>
  <ResultSummary outcome="Failed">
    <Counters total="32" executed="32" passed="20" failed="12" error="0" timeout="0" aborted="0" inconclusive="0" passedButRunAborted="0" notRunnable="0" notExecuted="0" disconnected="0" warning="0" completed="0" inProgress="0" pending="0" />
    <Output>
      <StdOut>[xUnit.net 00:00:00.00] xUnit.net VSTest Adapter v2.5.6+bf9b858c26 (64-bit .NET 8.0.19)&#xD;
[xUnit.net 00:00:00.70]   Discovering: Kafka.Ksql.Linq.Tests.Integration&#xD;
[xUnit.net 00:00:00.77]   Discovered:  Kafka.Ksql.Linq.Tests.Integration&#xD;
[xUnit.net 00:00:00.78]   Starting:    Kafka.Ksql.Linq.Tests.Integration&#xD;
info: Kafka.Ksql.Linq.Infrastructure.Admin.KafkaAdminService[0]&#xD;
      DB topic created: deduprates&#xD;
info: Kafka.Ksql.Linq.KsqlContext[0]&#xD;
      ksql execute: EXECUTE SQL=SHOW TOPICS;&#xD;
info: Kafka.Ksql.Linq.KsqlContext[0]&#xD;
      KSQL DDL (simple Rate): CREATE OR REPLACE STREAM deduprates (Broker VARCHAR KEY, Symbol VARCHAR KEY, Timestamp TIMESTAMP, Bid DOUBLE) WITH (KAFKA_TOPIC='deduprates', KEY_FORMAT='AVRO', VALUE_FORMAT='AVRO', VALUE_AVRO_SCHEMA_FULL_NAME='kafka_ksql_linq_tests_integration.deduprates_valueAvro', TIMESTAMP='Timestamp', PARTITIONS=1, REPLICAS=1);&#xD;
info: Kafka.Ksql.Linq.KsqlContext[0]&#xD;
      ksql execute: EXECUTE SQL=CREATE OR REPLACE STREAM deduprates (Broker VARCHAR KEY, Symbol VARCHAR KEY, Timestamp TIMESTAMP, Bid DOUBLE) WITH (KAFK...&#xD;
info: Kafka.Ksql.Linq.KsqlContext[0]&#xD;
      ksql execute: EXECUTE SQL=DESCRIBE EXTENDED DEDUPRATES;&#xD;
info: Kafka.Ksql.Linq.KsqlContext[0]&#xD;
      ksql execute: EXECUTE SQL=DESCRIBE EXTENDED DEDUPRATES;&#xD;
info: Kafka.Ksql.Linq.KsqlContext[0]&#xD;
      ksql execute: EXECUTE SQL=DESCRIBE EXTENDED DEDUPRATES;&#xD;
info: Kafka.Ksql.Linq.KsqlContext[0]&#xD;
      ksql execute: EXECUTE SQL=DESCRIBE EXTENDED DEDUPRATES;&#xD;
info: Kafka.Ksql.Linq.KsqlContext[0]&#xD;
      ksql execute: EXECUTE SQL=DESCRIBE EXTENDED DEDUPRATES;&#xD;
info: Kafka.Ksql.Linq.KsqlContext[0]&#xD;
      ksql execute: EXECUTE SQL=DESCRIBE EXTENDED DEDUPRATES;&#xD;
info: Kafka.Ksql.Linq.KsqlContext[0]&#xD;
      ksql execute: EXECUTE SQL=DESCRIBE EXTENDED DEDUPRATES;&#xD;
info: Kafka.Ksql.Linq.KsqlContext[0]&#xD;
      ksql execute: EXECUTE SQL=DESCRIBE EXTENDED DEDUPRATES;&#xD;
info: Kafka.Ksql.Linq.KsqlContext[0]&#xD;
      ksql execute: EXECUTE SQL=DESCRIBE EXTENDED DEDUPRATES;&#xD;
info: Kafka.Ksql.Linq.KsqlContext[0]&#xD;
      ksql execute: EXECUTE SQL=DESCRIBE EXTENDED DEDUPRATES;&#xD;
info: Kafka.Ksql.Linq.KsqlContext[0]&#xD;
      ksql execute: EXECUTE SQL=DESCRIBE EXTENDED DEDUPRATES;&#xD;
info: Kafka.Ksql.Linq.KsqlContext[0]&#xD;
      ksql execute: EXECUTE SQL=DESCRIBE EXTENDED DEDUPRATES;&#xD;
info: Kafka.Ksql.Linq.KsqlContext[0]&#xD;
      ksql execute: EXECUTE SQL=DESCRIBE EXTENDED DEDUPRATES;&#xD;
info: Kafka.Ksql.Linq.KsqlContext[0]&#xD;
      ksql execute: EXECUTE SQL=DESCRIBE EXTENDED DEDUPRATES;&#xD;
info: Kafka.Ksql.Linq.KsqlContext[0]&#xD;
      ksql execute: EXECUTE SQL=DESCRIBE EXTENDED DEDUPRATES;&#xD;
info: Kafka.Ksql.Linq.KsqlContext[0]&#xD;
      ksql execute: EXECUTE SQL=DESCRIBE EXTENDED DEDUPRATES;&#xD;
info: Kafka.Ksql.Linq.KsqlContext[0]&#xD;
      ksql execute: EXECUTE SQL=DESCRIBE EXTENDED DEDUPRATES;&#xD;
info: Kafka.Ksql.Linq.KsqlContext[0]&#xD;
      ksql execute: EXECUTE SQL=DESCRIBE EXTENDED DEDUPRATES;&#xD;
info: Kafka.Ksql.Linq.KsqlContext[0]&#xD;
      ksql execute: EXECUTE SQL=DESCRIBE EXTENDED DEDUPRATES;&#xD;
info: Kafka.Ksql.Linq.KsqlContext[0]&#xD;
      ksql execute: EXECUTE SQL=DESCRIBE EXTENDED DEDUPRATES;&#xD;
info: Kafka.Ksql.Linq.KsqlContext[0]&#xD;
      ksql execute: EXECUTE SQL=DESCRIBE EXTENDED DEDUPRATES;&#xD;
info: Kafka.Ksql.Linq.KsqlContext[0]&#xD;
      ksql execute: EXECUTE SQL=DESCRIBE EXTENDED DEDUPRATES;&#xD;
info: Kafka.Ksql.Linq.KsqlContext[0]&#xD;
      ksql execute: EXECUTE SQL=DESCRIBE EXTENDED DEDUPRATES;&#xD;
info: Kafka.Ksql.Linq.KsqlContext[0]&#xD;
      ksql execute: EXECUTE SQL=DESCRIBE EXTENDED DEDUPRATES;&#xD;
info: Kafka.Ksql.Linq.Infrastructure.Admin.KafkaAdminService[0]&#xD;
      DB topic created: marketschedule&#xD;
info: Kafka.Ksql.Linq.KsqlContext[0]&#xD;
      ksql execute: EXECUTE SQL=SHOW TOPICS;&#xD;
info: Kafka.Ksql.Linq.KsqlContext[0]&#xD;
      KSQL DDL (simple MarketSchedule): CREATE OR REPLACE STREAM marketschedule (Broker VARCHAR KEY, Symbol VARCHAR KEY, Open TIMESTAMP, Close TIMESTAMP, MarketDate TIMESTAMP) WITH (KAFKA_TOPIC='marketschedule', KEY_FORMAT='AVRO', VALUE_FORMAT='AVRO', VALUE_AVRO_SCHEMA_FULL_NAME='kafka_ksql_linq_tests_integration.marketschedule_valueAvro', PARTITIONS=1, REPLICAS=1);&#xD;
info: Kafka.Ksql.Linq.KsqlContext[0]&#xD;
      ksql execute: EXECUTE SQL=CREATE OR REPLACE STREAM marketschedule (Broker VARCHAR KEY, Symbol VARCHAR KEY, Open TIMESTAMP, Close TIMESTAMP, Market...&#xD;
info: Kafka.Ksql.Linq.KsqlContext[0]&#xD;
      ksql execute: EXECUTE SQL=DESCRIBE EXTENDED MARKETSCHEDULE;&#xD;
info: Kafka.Ksql.Linq.KsqlContext[0]&#xD;
      ksql execute: EXECUTE SQL=DESCRIBE EXTENDED MARKETSCHEDULE;&#xD;
info: Kafka.Ksql.Linq.KsqlContext[0]&#xD;
      ksql execute: EXECUTE SQL=DESCRIBE EXTENDED MARKETSCHEDULE;&#xD;
info: Kafka.Ksql.Linq.KsqlContext[0]&#xD;
      ksql execute: EXECUTE SQL=DESCRIBE EXTENDED MARKETSCHEDULE;&#xD;
info: Kafka.Ksql.Linq.KsqlContext[0]&#xD;
      ksql execute: EXECUTE SQL=DESCRIBE EXTENDED MARKETSCHEDULE;&#xD;
info: Kafka.Ksql.Linq.KsqlContext[0]&#xD;
      ksql execute: EXECUTE SQL=DESCRIBE EXTENDED MARKETSCHEDULE;&#xD;
info: Kafka.Ksql.Linq.KsqlContext[0]&#xD;
      ksql execute: EXECUTE SQL=DESCRIBE EXTENDED MARKETSCHEDULE;&#xD;
info: Kafka.Ksql.Linq.KsqlContext[0]&#xD;
      ksql execute: EXECUTE SQL=DESCRIBE EXTENDED MARKETSCHEDULE;&#xD;
info: Kafka.Ksql.Linq.KsqlContext[0]&#xD;
      ksql execute: EXECUTE SQL=DESCRIBE EXTENDED MARKETSCHEDULE;&#xD;
info: Kafka.Ksql.Linq.KsqlContext[0]&#xD;
      ksql execute: EXECUTE SQL=DESCRIBE EXTENDED MARKETSCHEDULE;&#xD;
info: Kafka.Ksql.Linq.KsqlContext[0]&#xD;
      ksql execute: EXECUTE SQL=DESCRIBE EXTENDED MARKETSCHEDULE;&#xD;
info: Kafka.Ksql.Linq.KsqlContext[0]&#xD;
      ksql execute: EXECUTE SQL=DESCRIBE EXTENDED MARKETSCHEDULE;&#xD;
info: Kafka.Ksql.Linq.KsqlContext[0]&#xD;
      ksql execute: EXECUTE SQL=DESCRIBE EXTENDED MARKETSCHEDULE;&#xD;
info: Kafka.Ksql.Linq.KsqlContext[0]&#xD;
      ksql execute: EXECUTE SQL=DESCRIBE EXTENDED MARKETSCHEDULE;&#xD;
info: Kafka.Ksql.Linq.KsqlContext[0]&#xD;
      ksql execute: EXECUTE SQL=DESCRIBE EXTENDED MARKETSCHEDULE;&#xD;
info: Kafka.Ksql.Linq.KsqlContext[0]&#xD;
      ksql execute: EXECUTE SQL=DESCRIBE EXTENDED MARKETSCHEDULE;&#xD;
info: Kafka.Ksql.Linq.KsqlContext[0]&#xD;
      ksql execute: EXECUTE SQL=DESCRIBE EXTENDED MARKETSCHEDULE;&#xD;
info: Kafka.Ksql.Linq.KsqlContext[0]&#xD;
      ksql execute: EXECUTE SQL=DESCRIBE EXTENDED MARKETSCHEDULE;&#xD;
info: Kafka.Ksql.Linq.KsqlContext[0]&#xD;
      ksql execute: EXECUTE SQL=DESCRIBE EXTENDED MARKETSCHEDULE;&#xD;
info: Kafka.Ksql.Linq.KsqlContext[0]&#xD;
      ksql execute: EXECUTE SQL=DESCRIBE EXTENDED MARKETSCHEDULE;&#xD;
info: Kafka.Ksql.Linq.KsqlContext[0]&#xD;
      ksql execute: EXECUTE SQL=DESCRIBE EXTENDED MARKETSCHEDULE;&#xD;
info: Kafka.Ksql.Linq.KsqlContext[0]&#xD;
      ksql execute: EXECUTE SQL=DESCRIBE EXTENDED MARKETSCHEDULE;&#xD;
info: Kafka.Ksql.Linq.KsqlContext[0]&#xD;
      ksql execute: EXECUTE SQL=DESCRIBE EXTENDED MARKETSCHEDULE;&#xD;
info: Kafka.Ksql.Linq.KsqlContext[0]&#xD;
      ksql execute: EXECUTE SQL=DESCRIBE EXTENDED MARKETSCHEDULE;&#xD;
info: Kafka.Ksql.Linq.Infrastructure.Admin.KafkaAdminService[0]&#xD;
      DB topic created: dead-letter-queue&#xD;
info: Kafka.Ksql.Linq.KsqlContext[0]&#xD;
      ksql execute: EXECUTE SQL=SHOW TOPICS;&#xD;
info: Kafka.Ksql.Linq.KsqlContext[0]&#xD;
      KSQL DDL (simple DlqEnvelope): CREATE OR REPLACE STREAM dead_letter_queue (`Topic` VARCHAR KEY, `Partition` INT KEY, `Offset` BIGINT KEY, TimestampUtc VARCHAR, IngestedAtUtc VARCHAR, PayloadFormatKey VARCHAR, PayloadFormatValue VARCHAR, SchemaIdKey VARCHAR, SchemaIdValue VARCHAR, KeyIsNull BOOLEAN, ErrorType VARCHAR, ErrorMessageShort VARCHAR, StackTraceShort VARCHAR, ErrorFingerprint VARCHAR, ApplicationId VARCHAR, ConsumerGroup VARCHAR, Host VARCHAR, Headers MAP&lt;STRING, STRING&gt;) WITH (KAFKA_TOPIC='dead-letter-queue', KEY_FORMAT='AVRO', VALUE_FORMAT='AVRO', VALUE_AVRO_SCHEMA_FULL_NAME='kafka_ksql_linq_messaging.dead_letter_queue_valueAvro', PARTITIONS=1, REPLICAS=1);&#xD;
info: Kafka.Ksql.Linq.KsqlContext[0]&#xD;
      ksql execute: EXECUTE SQL=CREATE OR REPLACE STREAM dead_letter_queue (`Topic` VARCHAR KEY, `Partition` INT KEY, `Offset` BIGINT KEY, TimestampUtc ...&#xD;
info: Kafka.Ksql.Linq.KsqlContext[0]&#xD;
      ksql execute: EXECUTE SQL=DESCRIBE EXTENDED DEAD-LETTER-QUEUE;&#xD;
info: Kafka.Ksql.Linq.KsqlContext[0]&#xD;
      ksql execute: EXECUTE SQL=DESCRIBE EXTENDED DEAD-LETTER-QUEUE;&#xD;
info: Kafka.Ksql.Linq.KsqlContext[0]&#xD;
      ksql execute: EXECUTE SQL=DESCRIBE EXTENDED DEAD-LETTER-QUEUE;&#xD;
info: Kafka.Ksql.Linq.KsqlContext[0]&#xD;
      ksql execute: EXECUTE SQL=DESCRIBE EXTENDED DEAD-LETTER-QUEUE;&#xD;
info: Kafka.Ksql.Linq.KsqlContext[0]&#xD;
      ksql execute: EXECUTE SQL=DESCRIBE EXTENDED DEAD-LETTER-QUEUE;&#xD;
info: Kafka.Ksql.Linq.KsqlContext[0]&#xD;
      ksql execute: EXECUTE SQL=DESCRIBE EXTENDED DEAD-LETTER-QUEUE;&#xD;
info: Kafka.Ksql.Linq.KsqlContext[0]&#xD;
      ksql execute: EXECUTE SQL=DESCRIBE EXTENDED DEAD-LETTER-QUEUE;&#xD;
info: Kafka.Ksql.Linq.KsqlContext[0]&#xD;
      ksql execute: EXECUTE SQL=DESCRIBE EXTENDED DEAD-LETTER-QUEUE;&#xD;
info: Kafka.Ksql.Linq.KsqlContext[0]&#xD;
      ksql execute: EXECUTE SQL=DESCRIBE EXTENDED DEAD-LETTER-QUEUE;&#xD;
info: Kafka.Ksql.Linq.KsqlContext[0]&#xD;
      ksql execute: EXECUTE SQL=DESCRIBE EXTENDED DEAD-LETTER-QUEUE;&#xD;
info: Kafka.Ksql.Linq.KsqlContext[0]&#xD;
      ksql execute: EXECUTE SQL=DESCRIBE EXTENDED DEAD-LETTER-QUEUE;&#xD;
info: Kafka.Ksql.Linq.KsqlContext[0]&#xD;
      ksql execute: EXECUTE SQL=DESCRIBE EXTENDED DEAD-LETTER-QUEUE;&#xD;
info: Kafka.Ksql.Linq.KsqlContext[0]&#xD;
      ksql execute: EXECUTE SQL=DESCRIBE EXTENDED DEAD-LETTER-QUEUE;&#xD;
info: Kafka.Ksql.Linq.KsqlContext[0]&#xD;
      ksql execute: EXECUTE SQL=DESCRIBE EXTENDED DEAD-LETTER-QUEUE;&#xD;
info: Kafka.Ksql.Linq.KsqlContext[0]&#xD;
      ksql execute: EXECUTE SQL=DESCRIBE EXTENDED DEAD-LETTER-QUEUE;&#xD;
info: Kafka.Ksql.Linq.KsqlContext[0]&#xD;
      ksql execute: EXECUTE SQL=DESCRIBE EXTENDED DEAD-LETTER-QUEUE;&#xD;
info: Kafka.Ksql.Linq.KsqlContext[0]&#xD;
      ksql execute: EXECUTE SQL=DESCRIBE EXTENDED DEAD-LETTER-QUEUE;&#xD;
info: Kafka.Ksql.Linq.KsqlContext[0]&#xD;
      ksql execute: EXECUTE SQL=DESCRIBE EXTENDED DEAD-LETTER-QUEUE;&#xD;
info: Kafka.Ksql.Linq.KsqlContext[0]&#xD;
      ksql execute: EXECUTE SQL=DESCRIBE EXTENDED DEAD-LETTER-QUEUE;&#xD;
info: Kafka.Ksql.Linq.KsqlContext[0]&#xD;
      ksql execute: EXECUTE SQL=DESCRIBE EXTENDED DEAD-LETTER-QUEUE;&#xD;
info: Kafka.Ksql.Linq.KsqlContext[0]&#xD;
      ksql execute: EXECUTE SQL=DESCRIBE EXTENDED DEAD-LETTER-QUEUE;&#xD;
info: Kafka.Ksql.Linq.KsqlContext[0]&#xD;
      ksql execute: EXECUTE SQL=DESCRIBE EXTENDED DEAD-LETTER-QUEUE;&#xD;
info: Kafka.Ksql.Linq.KsqlContext[0]&#xD;
      ksql execute: EXECUTE SQL=DESCRIBE EXTENDED DEAD-LETTER-QUEUE;&#xD;
info: Kafka.Ksql.Linq.KsqlContext[0]&#xD;
      ksql execute: EXECUTE SQL=DESCRIBE EXTENDED DEAD-LETTER-QUEUE;&#xD;
info: Kafka.Ksql.Linq.KsqlContext[0]&#xD;
      KSQL DDL (derived bar1wkfinal_1s_final): CREATE TABLE bar1wkfinal_1s_final WITH (KAFKA_TOPIC='bar1wkfinal_1s_final', KEY_FORMAT='AVRO', VALUE_FORMAT='AVRO') AS&#xD;
      SELECT o.BROKER AS Broker, o.SYMBOL AS Symbol, WINDOWSTART AS BucketStart, EARLIEST_BY_OFFSET(Bid) AS Open, MAX(Bid) AS High, MIN(Bid) AS Low, LATEST_BY_OFFSET(Bid) AS KsqlTimeFrameClose&#xD;
      FROM DEDUPRATES o WINDOW TUMBLING (SIZE 1 SECONDS)&#xD;
      GROUP BY o.BROKER, o.SYMBOL&#xD;
      EMIT FINAL;&#xD;
info: Kafka.Ksql.Linq.KsqlContext[0]&#xD;
      ksql execute: EXECUTE SQL=CREATE TABLE bar1wkfinal_1s_final WITH (KAFKA_TOPIC='bar1wkfinal_1s_final', KEY_FORMAT='AVRO', VALUE_FORMAT='AVRO') AS  ...&#xD;
info: Kafka.Ksql.Linq.KsqlContext[0]&#xD;
      KSQL DDL (derived bar1wkfinal_1s_final_s): CREATE STREAM bar1wkfinal_1s_final_s (BROKER VARCHAR KEY, SYMBOL VARCHAR KEY, BUCKETSTART TIMESTAMP KEY, OPEN DOUBLE, HIGH DOUBLE, LOW DOUBLE, KSQLTIMEFRAMECLOSE DOUBLE) WITH (KAFKA_TOPIC='bar1wkfinal_1s_final', KEY_FORMAT='AVRO', VALUE_FORMAT='AVRO', PARTITIONS=1, REPLICAS=1);&#xD;
info: Kafka.Ksql.Linq.KsqlContext[0]&#xD;
      ksql execute: EXECUTE SQL=CREATE STREAM bar1wkfinal_1s_final_s (BROKER VARCHAR KEY, SYMBOL VARCHAR KEY, BUCKETSTART TIMESTAMP KEY, OPEN DOUBLE, HI...&#xD;
info: Kafka.Ksql.Linq.KsqlContext[0]&#xD;
      KSQL DDL (derived bar1wkfinal_7d_live): CREATE TABLE bar1wkfinal_7d_live WITH (KAFKA_TOPIC='bar1wkfinal_7d_live', KEY_FORMAT='AVRO', VALUE_FORMAT='AVRO') AS&#xD;
      SELECT o.BROKER AS Broker, o.SYMBOL AS Symbol, WINDOWSTART AS BucketStart, EARLIEST_BY_OFFSET(o.OPEN) AS Open, MAX(o.HIGH) AS High, MIN(o.LOW) AS Low, LATEST_BY_OFFSET(o.KSQLTIMEFRAMECLOSE) AS KsqlTimeFrameClose&#xD;
      FROM bar1wkfinal_1s_final_s o WINDOW TUMBLING (SIZE 7 DAYS, GRACE PERIOD 2 SECONDS)&#xD;
      GROUP BY o.BROKER, o.SYMBOL&#xD;
      EMIT CHANGES;&#xD;
info: Kafka.Ksql.Linq.KsqlContext[0]&#xD;
      ksql execute: EXECUTE SQL=CREATE TABLE bar1wkfinal_7d_live WITH (KAFKA_TOPIC='bar1wkfinal_7d_live', KEY_FORMAT='AVRO', VALUE_FORMAT='AVRO') AS  SE...&#xD;
info: Kafka.Ksql.Linq.KsqlContext[0]&#xD;
      ksql execute: EXECUTE SQL=SHOW QUERIES;&#xD;
info: Kafka.Ksql.Linq.KsqlContext[0]&#xD;
      ksql execute: EXECUTE SQL=SHOW QUERIES;&#xD;
info: Kafka.Ksql.Linq.KsqlContext[0]&#xD;
      ksql execute: EXECUTE SQL=SHOW QUERIES;&#xD;
info: Kafka.Ksql.Linq.KsqlContext[0]&#xD;
      ksql execute: EXECUTE SQL=SHOW QUERIES;&#xD;
info: Kafka.Ksql.Linq.KsqlContext[0]&#xD;
      ksql execute: EXECUTE SQL=SHOW QUERIES;&#xD;
info: Kafka.Ksql.Linq.KsqlContext[0]&#xD;
      ksql execute: EXECUTE SQL=SHOW QUERIES;&#xD;
info: Kafka.Ksql.Linq.KsqlContext[0]&#xD;
      ksql execute: EXECUTE SQL=SHOW QUERIES;&#xD;
info: Kafka.Ksql.Linq.KsqlContext[0]&#xD;
      ksql execute: EXECUTE SQL=SHOW QUERIES;&#xD;
info: Kafka.Ksql.Linq.KsqlContext[0]&#xD;
      ksql execute: EXECUTE SQL=SHOW QUERIES;&#xD;
info: Kafka.Ksql.Linq.KsqlContext[0]&#xD;
      ksql execute: EXECUTE SQL=SHOW QUERIES;&#xD;
info: Kafka.Ksql.Linq.KsqlContext[0]&#xD;
      ksql execute: EXECUTE SQL=SHOW QUERIES;&#xD;
info: Kafka.Ksql.Linq.KsqlContext[0]&#xD;
      ksql execute: EXECUTE SQL=SHOW QUERIES;&#xD;
info: Kafka.Ksql.Linq.KsqlContext[0]&#xD;
      ksql execute: EXECUTE SQL=SHOW QUERIES;&#xD;
info: Kafka.Ksql.Linq.KsqlContext[0]&#xD;
      ksql execute: EXECUTE SQL=SHOW QUERIES;&#xD;
info: Kafka.Ksql.Linq.KsqlContext[0]&#xD;
      ksql execute: EXECUTE SQL=SHOW QUERIES;&#xD;
info: Kafka.Ksql.Linq.KsqlContext[0]&#xD;
      ksql execute: EXECUTE SQL=SHOW QUERIES;&#xD;
info: Kafka.Ksql.Linq.KsqlContext[0]&#xD;
      ksql execute: EXECUTE SQL=SHOW QUERIES;&#xD;
info: Kafka.Ksql.Linq.KsqlContext[0]&#xD;
      ksql execute: EXECUTE SQL=SHOW QUERIES;&#xD;
info: Kafka.Ksql.Linq.KsqlContext[0]&#xD;
      ksql execute: EXECUTE SQL=SHOW QUERIES;&#xD;
info: Kafka.Ksql.Linq.KsqlContext[0]&#xD;
      ksql execute: EXECUTE SQL=SHOW QUERIES;&#xD;
info: Kafka.Ksql.Linq.KsqlContext[0]&#xD;
      ksql execute: EXECUTE SQL=SHOW QUERIES;&#xD;
info: Kafka.Ksql.Linq.KsqlContext[0]&#xD;
      ksql execute: EXECUTE SQL=SHOW QUERIES;&#xD;
info: Kafka.Ksql.Linq.KsqlContext[0]&#xD;
      ksql execute: EXECUTE SQL=SHOW QUERIES;&#xD;
info: Kafka.Ksql.Linq.KsqlContext[0]&#xD;
      ksql execute: EXECUTE SQL=SHOW QUERIES;&#xD;
info: Kafka.Ksql.Linq.KsqlContext[0]&#xD;
      ksql execute: EXECUTE SQL=SHOW QUERIES;&#xD;
info: Kafka.Ksql.Linq.KsqlContext[0]&#xD;
      ksql execute: EXECUTE SQL=SHOW QUERIES;&#xD;
info: Kafka.Ksql.Linq.KsqlContext[0]&#xD;
      ksql execute: EXECUTE SQL=SHOW QUERIES;&#xD;
info: Kafka.Ksql.Linq.KsqlContext[0]&#xD;
      ksql execute: EXECUTE SQL=SHOW QUERIES;&#xD;
info: Kafka.Ksql.Linq.KsqlContext[0]&#xD;
      ksql execute: EXECUTE SQL=SHOW QUERIES;&#xD;
info: Kafka.Ksql.Linq.KsqlContext[0]&#xD;
      ksql execute: EXECUTE SQL=SHOW QUERIES;&#xD;
fail: Kafka.Ksql.Linq.KsqlContext[0]&#xD;
      KsqlContext initialization failed: CTAS/CSAS query for bar1wkfinal_7d_live did not reach RUNNING within 60s &#xD;
      System.TimeoutException: CTAS/CSAS query for bar1wkfinal_7d_live did not reach RUNNING within 60s&#xD;
         at Kafka.Ksql.Linq.KsqlContext.WaitForQueryRunningAsync(String targetEntityName, TimeSpan timeout)&#xD;
         at Kafka.Ksql.Linq.KsqlContext.WaitForDerivedQueriesRunningAsync(TimeSpan timeout)&#xD;
         at Kafka.Ksql.Linq.KsqlContext.EnsureQueryEntityDdlAsync(Type type, EntityModel model)&#xD;
         at Kafka.Ksql.Linq.KsqlContext.RegisterSchemasAndMaterializeAsync()&#xD;
         at Kafka.Ksql.Linq.KsqlContext.InitializeWithSchemaRegistration()&#xD;
         at Kafka.Ksql.Linq.KsqlContext.InitializeCore(ILoggerFactory loggerFactory)&#xD;
[xUnit.net 00:01:54.50]       System.TimeoutException : CTAS/CSAS query for bar1wkfinal_7d_live did not reach RUNNING within 60s&#xD;
[xUnit.net 00:01:54.50]       Stack Trace:&#xD;
[xUnit.net 00:01:54.50]            at Kafka.Ksql.Linq.KsqlContext.WaitForQueryRunningAsync(String targetEntityName, TimeSpan timeout)&#xD;
[xUnit.net 00:01:54.50]            at Kafka.Ksql.Linq.KsqlContext.WaitForDerivedQueriesRunningAsync(TimeSpan timeout)&#xD;
[xUnit.net 00:01:54.50]            at Kafka.Ksql.Linq.KsqlContext.EnsureQueryEntityDdlAsync(Type type, EntityModel model)&#xD;
[xUnit.net 00:01:54.50]            at Kafka.Ksql.Linq.KsqlContext.RegisterSchemasAndMaterializeAsync()&#xD;
[xUnit.net 00:01:54.50]            at Kafka.Ksql.Linq.KsqlContext.InitializeWithSchemaRegistration()&#xD;
[xUnit.net 00:01:54.50]            at Kafka.Ksql.Linq.KsqlContext.InitializeCore(ILoggerFactory loggerFactory)&#xD;
[xUnit.net 00:01:54.50]            at Kafka.Ksql.Linq.KsqlContext..ctor(KsqlDslOptions options, ILoggerFactory loggerFactory)&#xD;
[xUnit.net 00:01:54.50]         C:\dev\experimental\physicalTests\OssSamples\BarScheduleWeekendTests.cs(62,0): at Kafka.Ksql.Linq.Tests.Integration.BarScheduleWeekendTests.TestContext..ctor()&#xD;
[xUnit.net 00:01:54.50]         C:\dev\experimental\physicalTests\OssSamples\BarScheduleWeekendTests.cs(137,0): at Kafka.Ksql.Linq.Tests.Integration.BarScheduleWeekendTests.WeekdaysOnly_DailyBars_With_MarketSchedule()&#xD;
[xUnit.net 00:01:54.50]         --- End of stack trace from previous location ---&#xD;
CREATE STREAM result: True, msg: [{"@type":"currentStatus","statementText":"CREATE STREAM IF NOT EXISTS SOURCE (ID INTEGER) WITH (CLEANUP_POLICY='delete', KAFKA_TOPIC='source', KEY_FORMAT='KAFKA', PARTITIONS=1, VALUE_FORMAT='AVRO');","commandId":"stream/`SOURCE`/create","commandStatus":{"status":"SUCCESS","message":"Stream created","queryId":null},"commandSequenceNumber":14,"warnings":[]}]&#xD;
DDL result: True, msg: [{"@type":"currentStatus","statementText":"CREATE TABLE IF NOT EXISTS ORDERS (CUSTOMERID INTEGER PRIMARY KEY, ID INTEGER, REGION STRING, AMOUNT DOUBLE, ISHIGHPRIORITY BOOLEAN, COUNT INTEGER) WITH (CLEANUP_POLICY='compact', KAFKA_TOPIC='orders', KEY_FORMAT='AVRO', PARTITIONS=1, VALUE_FORMAT='AVRO');","commandId":"table/`ORDERS`/create","commandStatus":{"status":"SUCCESS","message":"Table created","queryId":null},"commandSequenceNumber":16,"warnings":[]}]&#xD;
DDL result: True, msg: [{"@type":"currentStatus","statementText":"CREATE TABLE IF NOT EXISTS CUSTOMERS (ID INTEGER PRIMARY KEY, NAME STRING) WITH (CLEANUP_POLICY='compact', KAFKA_TOPIC='customers', KEY_FORMAT='AVRO', PARTITIONS=1, VALUE_FORMAT='AVRO');","commandId":"table/`CUSTOMERS`/create","commandStatus":{"status":"SUCCESS","message":"Table created","queryId":null},"commandSequenceNumber":18,"warnings":[]}]&#xD;
DDL result: True, msg: [{"@type":"currentStatus","statementText":"CREATE TABLE IF NOT EXISTS EVENTS (LEVEL INTEGER PRIMARY KEY, MESSAGE STRING) WITH (CLEANUP_POLICY='compact', KAFKA_TOPIC='events', KEY_FORMAT='AVRO', PARTITIONS=1, VALUE_FORMAT='AVRO');","commandId":"table/`EVENTS`/create","commandStatus":{"status":"SUCCESS","message":"Table created","queryId":null},"commandSequenceNumber":20,"warnings":[]}]&#xD;
DDL result: True, msg: [{"@type":"currentStatus","statementText":"CREATE TABLE IF NOT EXISTS ORDERS_NULLABLE (CUSTOMERID INTEGER PRIMARY KEY, REGION STRING, AMOUNT DOUBLE) WITH (CLEANUP_POLICY='compact', KAFKA_TOPIC='orders_nullable', KEY_FORMAT='AVRO', PARTITIONS=1, VALUE_FORMAT='AVRO');","commandId":"table/`ORDERS_NULLABLE`/create","commandStatus":{"status":"SUCCESS","message":"Table created","queryId":null},"commandSequenceNumber":22,"warnings":[]}]&#xD;
DDL result: True, msg: [{"@type":"currentStatus","statementText":"CREATE TABLE IF NOT EXISTS ORDERS_NULLABLE_KEY (CUSTOMERID INTEGER PRIMARY KEY, AMOUNT DOUBLE) WITH (CLEANUP_POLICY='compact', KAFKA_TOPIC='orders_nullable_key', KEY_FORMAT='AVRO', PARTITIONS=1, VALUE_FORMAT='AVRO');","commandId":"table/`ORDERS_NULLABLE_KEY`/create","commandStatus":{"status":"SUCCESS","message":"Table created","queryId":null},"commandSequenceNumber":24,"warnings":[]}]&#xD;
CREATE STREAM result: True, msg: [{"@type":"warning_entity","statementText":"CREATE STREAM IF NOT EXISTS source (id INT) WITH (KAFKA_TOPIC='source', VALUE_FORMAT='AVRO', PARTITIONS=1);","message":"Cannot add stream `SOURCE`: A stream with the same name already exists.","warnings":[]}]&#xD;
DDL result: True, msg: [{"@type":"warning_entity","statementText":"CREATE TABLE IF NOT EXISTS ORDERS (CUSTOMERID INT PRIMARY KEY, ID INT, REGION VARCHAR, AMOUNT DOUBLE, ISHIGHPRIORITY BOOLEAN, COUNT INT) WITH (KAFKA_TOPIC='orders', VALUE_FORMAT='AVRO', KEY_FORMAT='AVRO', PARTITIONS=1);","message":"Cannot add table `ORDERS`: A table with the same name already exists.","warnings":[]}]&#xD;
DDL result: True, msg: [{"@type":"warning_entity","statementText":"CREATE TABLE IF NOT EXISTS CUSTOMERS (ID INT PRIMARY KEY, NAME VARCHAR) WITH (KAFKA_TOPIC='customers', VALUE_FORMAT='AVRO', KEY_FORMAT='AVRO', PARTITIONS=1);","message":"Cannot add table `CUSTOMERS`: A table with the same name already exists.","warnings":[]}]&#xD;
DDL result: True, msg: [{"@type":"warning_entity","statementText":"CREATE TABLE IF NOT EXISTS EVENTS (LEVEL INT PRIMARY KEY, MESSAGE VARCHAR) WITH (KAFKA_TOPIC='events', VALUE_FORMAT='AVRO', KEY_FORMAT='AVRO', PARTITIONS=1);","message":"Cannot add table `EVENTS`: A table with the same name already exists.","warnings":[]}]&#xD;
DDL result: True, msg: [{"@type":"warning_entity","statementText":"CREATE TABLE IF NOT EXISTS ORDERS_NULLABLE (CUSTOMERID INT PRIMARY KEY, REGION VARCHAR, AMOUNT DOUBLE) WITH (KAFKA_TOPIC='orders_nullable', VALUE_FORMAT='AVRO', KEY_FORMAT='AVRO', PARTITIONS=1);","message":"Cannot add table `ORDERS_NULLABLE`: A table with the same name already exists.","warnings":[]}]&#xD;
DDL result: True, msg: [{"@type":"warning_entity","statementText":"CREATE TABLE IF NOT EXISTS ORDERS_NULLABLE_KEY (CUSTOMERID INT PRIMARY KEY, AMOUNT DOUBLE) WITH (KAFKA_TOPIC='orders_nullable_key', VALUE_FORMAT='AVRO', KEY_FORMAT='AVRO', PARTITIONS=1);","message":"Cannot add table `ORDERS_NULLABLE_KEY`: A table with the same name already exists.","warnings":[]}]&#xD;
info: Kafka.Ksql.Linq.KsqlContext[0]&#xD;
      ksql execute: EXECUTE SQL=SHOW TOPICS;&#xD;
info: Kafka.Ksql.Linq.KsqlContext[0]&#xD;
      KSQL DDL (simple DlqEnvelope): CREATE OR REPLACE STREAM dead_letter_queue (`Topic` VARCHAR KEY, `Partition` INT KEY, `Offset` BIGINT KEY, TimestampUtc VARCHAR, IngestedAtUtc VARCHAR, PayloadFormatKey VARCHAR, PayloadFormatValue VARCHAR, SchemaIdKey VARCHAR, SchemaIdValue VARCHAR, KeyIsNull BOOLEAN, ErrorType VARCHAR, ErrorMessageShort VARCHAR, StackTraceShort VARCHAR, ErrorFingerprint VARCHAR, ApplicationId VARCHAR, ConsumerGroup VARCHAR, Host VARCHAR, Headers MAP&lt;STRING, STRING&gt;) WITH (KAFKA_TOPIC='dead-letter-queue', KEY_FORMAT='AVRO', VALUE_FORMAT='AVRO', VALUE_AVRO_SCHEMA_FULL_NAME='kafka_ksql_linq_messaging.dead_letter_queue_valueAvro', PARTITIONS=1, REPLICAS=1);&#xD;
info: Kafka.Ksql.Linq.KsqlContext[0]&#xD;
      ksql execute: EXECUTE SQL=CREATE OR REPLACE STREAM dead_letter_queue (`Topic` VARCHAR KEY, `Partition` INT KEY, `Offset` BIGINT KEY, TimestampUtc ...&#xD;
info: Kafka.Ksql.Linq.KsqlContext[0]&#xD;
      ksql execute: EXECUTE SQL=DESCRIBE EXTENDED DEAD-LETTER-QUEUE;&#xD;
info: Kafka.Ksql.Linq.KsqlContext[0]&#xD;
      ksql execute: EXECUTE SQL=DESCRIBE EXTENDED DEAD-LETTER-QUEUE;&#xD;
info: Kafka.Ksql.Linq.KsqlContext[0]&#xD;
      ksql execute: EXECUTE SQL=DESCRIBE EXTENDED DEAD-LETTER-QUEUE;&#xD;
info: Kafka.Ksql.Linq.KsqlContext[0]&#xD;
      ksql execute: EXECUTE SQL=DESCRIBE EXTENDED DEAD-LETTER-QUEUE;&#xD;
info: Kafka.Ksql.Linq.KsqlContext[0]&#xD;
      ksql execute: EXECUTE SQL=DESCRIBE EXTENDED DEAD-LETTER-QUEUE;&#xD;
info: Kafka.Ksql.Linq.KsqlContext[0]&#xD;
      ksql execute: EXECUTE SQL=DESCRIBE EXTENDED DEAD-LETTER-QUEUE;&#xD;
info: Kafka.Ksql.Linq.KsqlContext[0]&#xD;
      ksql execute: EXECUTE SQL=DESCRIBE EXTENDED DEAD-LETTER-QUEUE;&#xD;
info: Kafka.Ksql.Linq.KsqlContext[0]&#xD;
      ksql execute: EXECUTE SQL=DESCRIBE EXTENDED DEAD-LETTER-QUEUE;&#xD;
info: Kafka.Ksql.Linq.KsqlContext[0]&#xD;
      ksql execute: EXECUTE SQL=DESCRIBE EXTENDED DEAD-LETTER-QUEUE;&#xD;
info: Kafka.Ksql.Linq.KsqlContext[0]&#xD;
      ksql execute: EXECUTE SQL=DESCRIBE EXTENDED DEAD-LETTER-QUEUE;&#xD;
info: Kafka.Ksql.Linq.KsqlContext[0]&#xD;
      ksql execute: EXECUTE SQL=DESCRIBE EXTENDED DEAD-LETTER-QUEUE;&#xD;
info: Kafka.Ksql.Linq.KsqlContext[0]&#xD;
      ksql execute: EXECUTE SQL=DESCRIBE EXTENDED DEAD-LETTER-QUEUE;&#xD;
info: Kafka.Ksql.Linq.KsqlContext[0]&#xD;
      ksql execute: EXECUTE SQL=DESCRIBE EXTENDED DEAD-LETTER-QUEUE;&#xD;
info: Kafka.Ksql.Linq.KsqlContext[0]&#xD;
      ksql execute: EXECUTE SQL=DESCRIBE EXTENDED DEAD-LETTER-QUEUE;&#xD;
info: Kafka.Ksql.Linq.KsqlContext[0]&#xD;
      ksql execute: EXECUTE SQL=DESCRIBE EXTENDED DEAD-LETTER-QUEUE;&#xD;
info: Kafka.Ksql.Linq.KsqlContext[0]&#xD;
      ksql execute: EXECUTE SQL=DESCRIBE EXTENDED DEAD-LETTER-QUEUE;&#xD;
info: Kafka.Ksql.Linq.KsqlContext[0]&#xD;
      ksql execute: EXECUTE SQL=DESCRIBE EXTENDED DEAD-LETTER-QUEUE;&#xD;
info: Kafka.Ksql.Linq.KsqlContext[0]&#xD;
      ksql execute: EXECUTE SQL=DESCRIBE EXTENDED DEAD-LETTER-QUEUE;&#xD;
info: Kafka.Ksql.Linq.KsqlContext[0]&#xD;
      ksql execute: EXECUTE SQL=DESCRIBE EXTENDED DEAD-LETTER-QUEUE;&#xD;
info: Kafka.Ksql.Linq.KsqlContext[0]&#xD;
      ksql execute: EXECUTE SQL=DESCRIBE EXTENDED DEAD-LETTER-QUEUE;&#xD;
info: Kafka.Ksql.Linq.KsqlContext[0]&#xD;
      ksql execute: EXECUTE SQL=DESCRIBE EXTENDED DEAD-LETTER-QUEUE;&#xD;
info: Kafka.Ksql.Linq.KsqlContext[0]&#xD;
      ksql execute: EXECUTE SQL=DESCRIBE EXTENDED DEAD-LETTER-QUEUE;&#xD;
info: Kafka.Ksql.Linq.KsqlContext[0]&#xD;
      ksql execute: EXECUTE SQL=DESCRIBE EXTENDED DEAD-LETTER-QUEUE;&#xD;
info: Kafka.Ksql.Linq.KsqlContext[0]&#xD;
      ksql execute: EXECUTE SQL=DESCRIBE EXTENDED DEAD-LETTER-QUEUE;&#xD;
info: Kafka.Ksql.Linq.Infrastructure.Admin.KafkaAdminService[0]&#xD;
      DB topic created: customers_join&#xD;
info: Kafka.Ksql.Linq.KsqlContext[0]&#xD;
      ksql execute: EXECUTE SQL=SHOW TOPICS;&#xD;
info: Kafka.Ksql.Linq.KsqlContext[0]&#xD;
      KSQL DDL (simple Customer): CREATE OR REPLACE STREAM customers_join (Id INT KEY, Name VARCHAR) WITH (KAFKA_TOPIC='customers_join', KEY_FORMAT='AVRO', VALUE_FORMAT='AVRO', VALUE_AVRO_SCHEMA_FULL_NAME='kafka_ksql_linq_tests_integration.customers_join_valueAvro', PARTITIONS=1, REPLICAS=1);&#xD;
info: Kafka.Ksql.Linq.KsqlContext[0]&#xD;
      ksql execute: EXECUTE SQL=CREATE OR REPLACE STREAM customers_join (Id INT KEY, Name VARCHAR) WITH (KAFKA_TOPIC='customers_join', KEY_FORMAT='AVRO'...&#xD;
info: Kafka.Ksql.Linq.KsqlContext[0]&#xD;
      ksql execute: EXECUTE SQL=DESCRIBE EXTENDED CUSTOMERS_JOIN;&#xD;
info: Kafka.Ksql.Linq.KsqlContext[0]&#xD;
      ksql execute: EXECUTE SQL=DESCRIBE EXTENDED CUSTOMERS_JOIN;&#xD;
info: Kafka.Ksql.Linq.KsqlContext[0]&#xD;
      ksql execute: EXECUTE SQL=DESCRIBE EXTENDED CUSTOMERS_JOIN;&#xD;
info: Kafka.Ksql.Linq.KsqlContext[0]&#xD;
      ksql execute: EXECUTE SQL=DESCRIBE EXTENDED CUSTOMERS_JOIN;&#xD;
info: Kafka.Ksql.Linq.KsqlContext[0]&#xD;
      ksql execute: EXECUTE SQL=DESCRIBE EXTENDED CUSTOMERS_JOIN;&#xD;
info: Kafka.Ksql.Linq.KsqlContext[0]&#xD;
      ksql execute: EXECUTE SQL=DESCRIBE EXTENDED CUSTOMERS_JOIN;&#xD;
info: Kafka.Ksql.Linq.KsqlContext[0]&#xD;
      ksql execute: EXECUTE SQL=DESCRIBE EXTENDED CUSTOMERS_JOIN;&#xD;
info: Kafka.Ksql.Linq.KsqlContext[0]&#xD;
      ksql execute: EXECUTE SQL=DESCRIBE EXTENDED CUSTOMERS_JOIN;&#xD;
info: Kafka.Ksql.Linq.KsqlContext[0]&#xD;
      ksql execute: EXECUTE SQL=DESCRIBE EXTENDED CUSTOMERS_JOIN;&#xD;
info: Kafka.Ksql.Linq.KsqlContext[0]&#xD;
      ksql execute: EXECUTE SQL=DESCRIBE EXTENDED CUSTOMERS_JOIN;&#xD;
info: Kafka.Ksql.Linq.KsqlContext[0]&#xD;
      ksql execute: EXECUTE SQL=DESCRIBE EXTENDED CUSTOMERS_JOIN;&#xD;
info: Kafka.Ksql.Linq.KsqlContext[0]&#xD;
      ksql execute: EXECUTE SQL=DESCRIBE EXTENDED CUSTOMERS_JOIN;&#xD;
info: Kafka.Ksql.Linq.KsqlContext[0]&#xD;
      ksql execute: EXECUTE SQL=DESCRIBE EXTENDED CUSTOMERS_JOIN;&#xD;
info: Kafka.Ksql.Linq.KsqlContext[0]&#xD;
      ksql execute: EXECUTE SQL=DESCRIBE EXTENDED CUSTOMERS_JOIN;&#xD;
info: Kafka.Ksql.Linq.KsqlContext[0]&#xD;
      ksql execute: EXECUTE SQL=DESCRIBE EXTENDED CUSTOMERS_JOIN;&#xD;
info: Kafka.Ksql.Linq.KsqlContext[0]&#xD;
      ksql execute: EXECUTE SQL=DESCRIBE EXTENDED CUSTOMERS_JOIN;&#xD;
info: Kafka.Ksql.Linq.KsqlContext[0]&#xD;
      ksql execute: EXECUTE SQL=DESCRIBE EXTENDED CUSTOMERS_JOIN;&#xD;
info: Kafka.Ksql.Linq.KsqlContext[0]&#xD;
      ksql execute: EXECUTE SQL=DESCRIBE EXTENDED CUSTOMERS_JOIN;&#xD;
info: Kafka.Ksql.Linq.KsqlContext[0]&#xD;
      ksql execute: EXECUTE SQL=DESCRIBE EXTENDED CUSTOMERS_JOIN;&#xD;
info: Kafka.Ksql.Linq.KsqlContext[0]&#xD;
      ksql execute: EXECUTE SQL=DESCRIBE EXTENDED CUSTOMERS_JOIN;&#xD;
info: Kafka.Ksql.Linq.KsqlContext[0]&#xD;
      ksql execute: EXECUTE SQL=DESCRIBE EXTENDED CUSTOMERS_JOIN;&#xD;
info: Kafka.Ksql.Linq.KsqlContext[0]&#xD;
      ksql execute: EXECUTE SQL=DESCRIBE EXTENDED CUSTOMERS_JOIN;&#xD;
info: Kafka.Ksql.Linq.KsqlContext[0]&#xD;
      ksql execute: EXECUTE SQL=DESCRIBE EXTENDED CUSTOMERS_JOIN;&#xD;
info: Kafka.Ksql.Linq.KsqlContext[0]&#xD;
      ksql execute: EXECUTE SQL=DESCRIBE EXTENDED CUSTOMERS_JOIN;&#xD;
info: Kafka.Ksql.Linq.Infrastructure.Admin.KafkaAdminService[0]&#xD;
      DB topic created: orders_join&#xD;
info: Kafka.Ksql.Linq.KsqlContext[0]&#xD;
      ksql execute: EXECUTE SQL=SHOW TOPICS;&#xD;
info: Kafka.Ksql.Linq.KsqlContext[0]&#xD;
      KSQL DDL (simple OrderValue): CREATE OR REPLACE STREAM orders_join (CustomerId INT KEY, Id INT, Region VARCHAR, Amount DOUBLE) WITH (KAFKA_TOPIC='orders_join', KEY_FORMAT='AVRO', VALUE_FORMAT='AVRO', VALUE_AVRO_SCHEMA_FULL_NAME='kafka_ksql_linq_tests_integration.orders_join_valueAvro', PARTITIONS=1, REPLICAS=1);&#xD;
info: Kafka.Ksql.Linq.KsqlContext[0]&#xD;
      ksql execute: EXECUTE SQL=CREATE OR REPLACE STREAM orders_join (CustomerId INT KEY, Id INT, Region VARCHAR, Amount DOUBLE) WITH (KAFKA_TOPIC='orde...&#xD;
info: Kafka.Ksql.Linq.KsqlContext[0]&#xD;
      ksql execute: EXECUTE SQL=DESCRIBE EXTENDED ORDERS_JOIN;&#xD;
info: Kafka.Ksql.Linq.KsqlContext[0]&#xD;
      ksql execute: EXECUTE SQL=DESCRIBE EXTENDED ORDERS_JOIN;&#xD;
info: Kafka.Ksql.Linq.KsqlContext[0]&#xD;
      ksql execute: EXECUTE SQL=DESCRIBE EXTENDED ORDERS_JOIN;&#xD;
info: Kafka.Ksql.Linq.KsqlContext[0]&#xD;
      ksql execute: EXECUTE SQL=DESCRIBE EXTENDED ORDERS_JOIN;&#xD;
info: Kafka.Ksql.Linq.KsqlContext[0]&#xD;
      ksql execute: EXECUTE SQL=DESCRIBE EXTENDED ORDERS_JOIN;&#xD;
info: Kafka.Ksql.Linq.KsqlContext[0]&#xD;
      ksql execute: EXECUTE SQL=DESCRIBE EXTENDED ORDERS_JOIN;&#xD;
info: Kafka.Ksql.Linq.KsqlContext[0]&#xD;
      ksql execute: EXECUTE SQL=DESCRIBE EXTENDED ORDERS_JOIN;&#xD;
info: Kafka.Ksql.Linq.KsqlContext[0]&#xD;
      ksql execute: EXECUTE SQL=DESCRIBE EXTENDED ORDERS_JOIN;&#xD;
info: Kafka.Ksql.Linq.KsqlContext[0]&#xD;
      ksql execute: EXECUTE SQL=DESCRIBE EXTENDED ORDERS_JOIN;&#xD;
info: Kafka.Ksql.Linq.KsqlContext[0]&#xD;
      ksql execute: EXECUTE SQL=DESCRIBE EXTENDED ORDERS_JOIN;&#xD;
info: Kafka.Ksql.Linq.KsqlContext[0]&#xD;
      ksql execute: EXECUTE SQL=DESCRIBE EXTENDED ORDERS_JOIN;&#xD;
info: Kafka.Ksql.Linq.KsqlContext[0]&#xD;
      ksql execute: EXECUTE SQL=DESCRIBE EXTENDED ORDERS_JOIN;&#xD;
info: Kafka.Ksql.Linq.KsqlContext[0]&#xD;
      ksql execute: EXECUTE SQL=DESCRIBE EXTENDED ORDERS_JOIN;&#xD;
info: Kafka.Ksql.Linq.KsqlContext[0]&#xD;
      ksql execute: EXECUTE SQL=DESCRIBE EXTENDED ORDERS_JOIN;&#xD;
info: Kafka.Ksql.Linq.KsqlContext[0]&#xD;
      ksql execute: EXECUTE SQL=DESCRIBE EXTENDED ORDERS_JOIN;&#xD;
info: Kafka.Ksql.Linq.KsqlContext[0]&#xD;
      ksql execute: EXECUTE SQL=DESCRIBE EXTENDED ORDERS_JOIN;&#xD;
info: Kafka.Ksql.Linq.KsqlContext[0]&#xD;
      ksql execute: EXECUTE SQL=DESCRIBE EXTENDED ORDERS_JOIN;&#xD;
info: Kafka.Ksql.Linq.KsqlContext[0]&#xD;
      ksql execute: EXECUTE SQL=DESCRIBE EXTENDED ORDERS_JOIN;&#xD;
info: Kafka.Ksql.Linq.KsqlContext[0]&#xD;
      ksql execute: EXECUTE SQL=DESCRIBE EXTENDED ORDERS_JOIN;&#xD;
info: Kafka.Ksql.Linq.KsqlContext[0]&#xD;
      ksql execute: EXECUTE SQL=DESCRIBE EXTENDED ORDERS_JOIN;&#xD;
info: Kafka.Ksql.Linq.KsqlContext[0]&#xD;
      ksql execute: EXECUTE SQL=DESCRIBE EXTENDED ORDERS_JOIN;&#xD;
info: Kafka.Ksql.Linq.KsqlContext[0]&#xD;
      ksql execute: EXECUTE SQL=DESCRIBE EXTENDED ORDERS_JOIN;&#xD;
info: Kafka.Ksql.Linq.KsqlContext[0]&#xD;
      ksql execute: EXECUTE SQL=DESCRIBE EXTENDED ORDERS_JOIN;&#xD;
info: Kafka.Ksql.Linq.KsqlContext[0]&#xD;
      ksql execute: EXECUTE SQL=DESCRIBE EXTENDED ORDERS_JOIN;&#xD;
info: Kafka.Ksql.Linq.KsqlContext[0]&#xD;
      KSQL DDL (query OrderCustomerJoined): CREATE OR REPLACE STREAM orders_customers_join (CustomerId INT KEY, Name VARCHAR, Amount DOUBLE) WITH (KAFKA_TOPIC='orders_customers_join', KEY_FORMAT='AVRO', VALUE_FORMAT='AVRO', VALUE_AVRO_SCHEMA_FULL_NAME='kafka_ksql_linq_tests_integration.orders_customers_join_valueAvro', PARTITIONS=1, REPLICAS=1);&#xD;
info: Kafka.Ksql.Linq.KsqlContext[0]&#xD;
      ksql execute: EXECUTE SQL=CREATE OR REPLACE STREAM orders_customers_join (CustomerId INT KEY, Name VARCHAR, Amount DOUBLE) WITH (KAFKA_TOPIC='orde...&#xD;
info: Kafka.Ksql.Linq.KsqlContext[0]&#xD;
      KSQL DDL (query OrderCustomerJoined): INSERT INTO orders_customers_join SELECT o.CUSTOMERID AS CustomerId, i.Name AS Name, o.Amount AS Amount&#xD;
      FROM ORDERS_JOIN o JOIN CUSTOMERS_JOIN i WITHIN 300 SECONDS ON (o.CustomerId = i.Id)&#xD;
      EMIT CHANGES;&#xD;
info: Kafka.Ksql.Linq.KsqlContext[0]&#xD;
      ksql execute: EXECUTE SQL=INSERT INTO orders_customers_join SELECT o.CUSTOMERID AS CustomerId, i.Name AS Name, o.Amount AS Amount  FROM ORDERS_JOI...&#xD;
info: Kafka.Ksql.Linq.KsqlContext[0]&#xD;
      Kafka initialization completed; DLQ topic 'dead-letter-queue' ready with 5000ms retention&#xD;
info: Kafka.Ksql.Linq.KsqlContext[0]&#xD;
      ksql execute: EXPLAIN SQL=SELECT CustomerId, Name, Amount FROM ORDERS_JOIN JOIN CUSTOMERS_JOIN WITHIN 300 SECONDS ON (ORDERS_JOIN.CustomerId = CUS...&#xD;
info: Kafka.Ksql.Linq.KsqlContext[0]&#xD;
      ksql execute: EXECUTE SQL=SHOW TOPICS;&#xD;
info: Kafka.Ksql.Linq.KsqlContext[0]&#xD;
      KSQL DDL (simple DlqEnvelope): CREATE OR REPLACE STREAM dead_letter_queue (`Topic` VARCHAR KEY, `Partition` INT KEY, `Offset` BIGINT KEY, TimestampUtc VARCHAR, IngestedAtUtc VARCHAR, PayloadFormatKey VARCHAR, PayloadFormatValue VARCHAR, SchemaIdKey VARCHAR, SchemaIdValue VARCHAR, KeyIsNull BOOLEAN, ErrorType VARCHAR, ErrorMessageShort VARCHAR, StackTraceShort VARCHAR, ErrorFingerprint VARCHAR, ApplicationId VARCHAR, ConsumerGroup VARCHAR, Host VARCHAR, Headers MAP&lt;STRING, STRING&gt;) WITH (KAFKA_TOPIC='dead-letter-queue', KEY_FORMAT='AVRO', VALUE_FORMAT='AVRO', VALUE_AVRO_SCHEMA_FULL_NAME='kafka_ksql_linq_messaging.dead_letter_queue_valueAvro', PARTITIONS=1, REPLICAS=1);&#xD;
info: Kafka.Ksql.Linq.KsqlContext[0]&#xD;
      ksql execute: EXECUTE SQL=CREATE OR REPLACE STREAM dead_letter_queue (`Topic` VARCHAR KEY, `Partition` INT KEY, `Offset` BIGINT KEY, TimestampUtc ...&#xD;
info: Kafka.Ksql.Linq.KsqlContext[0]&#xD;
      ksql execute: EXECUTE SQL=DESCRIBE EXTENDED DEAD-LETTER-QUEUE;&#xD;
info: Kafka.Ksql.Linq.KsqlContext[0]&#xD;
      ksql execute: EXECUTE SQL=DESCRIBE EXTENDED DEAD-LETTER-QUEUE;&#xD;
info: Kafka.Ksql.Linq.KsqlContext[0]&#xD;
      ksql execute: EXECUTE SQL=DESCRIBE EXTENDED DEAD-LETTER-QUEUE;&#xD;
info: Kafka.Ksql.Linq.KsqlContext[0]&#xD;
      ksql execute: EXECUTE SQL=DESCRIBE EXTENDED DEAD-LETTER-QUEUE;&#xD;
info: Kafka.Ksql.Linq.KsqlContext[0]&#xD;
      ksql execute: EXECUTE SQL=DESCRIBE EXTENDED DEAD-LETTER-QUEUE;&#xD;
info: Kafka.Ksql.Linq.KsqlContext[0]&#xD;
      ksql execute: EXECUTE SQL=DESCRIBE EXTENDED DEAD-LETTER-QUEUE;&#xD;
info: Kafka.Ksql.Linq.KsqlContext[0]&#xD;
      ksql execute: EXECUTE SQL=DESCRIBE EXTENDED DEAD-LETTER-QUEUE;&#xD;
info: Kafka.Ksql.Linq.KsqlContext[0]&#xD;
      ksql execute: EXECUTE SQL=DESCRIBE EXTENDED DEAD-LETTER-QUEUE;&#xD;
info: Kafka.Ksql.Linq.KsqlContext[0]&#xD;
      ksql execute: EXECUTE SQL=DESCRIBE EXTENDED DEAD-LETTER-QUEUE;&#xD;
info: Kafka.Ksql.Linq.KsqlContext[0]&#xD;
      ksql execute: EXECUTE SQL=DESCRIBE EXTENDED DEAD-LETTER-QUEUE;&#xD;
info: Kafka.Ksql.Linq.KsqlContext[0]&#xD;
      ksql execute: EXECUTE SQL=DESCRIBE EXTENDED DEAD-LETTER-QUEUE;&#xD;
info: Kafka.Ksql.Linq.KsqlContext[0]&#xD;
      ksql execute: EXECUTE SQL=DESCRIBE EXTENDED DEAD-LETTER-QUEUE;&#xD;
info: Kafka.Ksql.Linq.KsqlContext[0]&#xD;
      ksql execute: EXECUTE SQL=DESCRIBE EXTENDED DEAD-LETTER-QUEUE;&#xD;
info: Kafka.Ksql.Linq.KsqlContext[0]&#xD;
      ksql execute: EXECUTE SQL=DESCRIBE EXTENDED DEAD-LETTER-QUEUE;&#xD;
info: Kafka.Ksql.Linq.KsqlContext[0]&#xD;
      ksql execute: EXECUTE SQL=DESCRIBE EXTENDED DEAD-LETTER-QUEUE;&#xD;
info: Kafka.Ksql.Linq.KsqlContext[0]&#xD;
      ksql execute: EXECUTE SQL=DESCRIBE EXTENDED DEAD-LETTER-QUEUE;&#xD;
info: Kafka.Ksql.Linq.KsqlContext[0]&#xD;
      ksql execute: EXECUTE SQL=DESCRIBE EXTENDED DEAD-LETTER-QUEUE;&#xD;
info: Kafka.Ksql.Linq.KsqlContext[0]&#xD;
      ksql execute: EXECUTE SQL=DESCRIBE EXTENDED DEAD-LETTER-QUEUE;&#xD;
info: Kafka.Ksql.Linq.KsqlContext[0]&#xD;
      ksql execute: EXECUTE SQL=DESCRIBE EXTENDED DEAD-LETTER-QUEUE;&#xD;
info: Kafka.Ksql.Linq.KsqlContext[0]&#xD;
      ksql execute: EXECUTE SQL=DESCRIBE EXTENDED DEAD-LETTER-QUEUE;&#xD;
info: Kafka.Ksql.Linq.KsqlContext[0]&#xD;
      ksql execute: EXECUTE SQL=DESCRIBE EXTENDED DEAD-LETTER-QUEUE;&#xD;
info: Kafka.Ksql.Linq.KsqlContext[0]&#xD;
      ksql execute: EXECUTE SQL=DESCRIBE EXTENDED DEAD-LETTER-QUEUE;&#xD;
info: Kafka.Ksql.Linq.KsqlContext[0]&#xD;
      ksql execute: EXECUTE SQL=DESCRIBE EXTENDED DEAD-LETTER-QUEUE;&#xD;
info: Kafka.Ksql.Linq.KsqlContext[0]&#xD;
      ksql execute: EXECUTE SQL=DESCRIBE EXTENDED DEAD-LETTER-QUEUE;&#xD;
info: Kafka.Ksql.Linq.KsqlContext[0]&#xD;
      ksql execute: EXECUTE SQL=SHOW TOPICS;&#xD;
info: Kafka.Ksql.Linq.KsqlContext[0]&#xD;
      KSQL DDL (simple Tick): CREATE OR REPLACE STREAM ticks_tbimp (Broker VARCHAR KEY, Symbol VARCHAR KEY, TimestampUtc TIMESTAMP, Bid DECIMAL(18, 2)) WITH (KAFKA_TOPIC='ticks_tbimp', KEY_FORMAT='AVRO', VALUE_FORMAT='AVRO', VALUE_AVRO_SCHEMA_FULL_NAME='kafka_ksql_linq_tests_integration.ticks_tbimp_valueAvro', TIMESTAMP='TimestampUtc', PARTITIONS=1, REPLICAS=1);&#xD;
info: Kafka.Ksql.Linq.KsqlContext[0]&#xD;
      ksql execute: EXECUTE SQL=CREATE OR REPLACE STREAM ticks_tbimp (Broker VARCHAR KEY, Symbol VARCHAR KEY, TimestampUtc TIMESTAMP, Bid DECIMAL(18, 2)...&#xD;
info: Kafka.Ksql.Linq.KsqlContext[0]&#xD;
      ksql execute: EXECUTE SQL=DESCRIBE EXTENDED TICKS_TBIMP;&#xD;
info: Kafka.Ksql.Linq.KsqlContext[0]&#xD;
      ksql execute: EXECUTE SQL=DESCRIBE EXTENDED TICKS_TBIMP;&#xD;
info: Kafka.Ksql.Linq.KsqlContext[0]&#xD;
      ksql execute: EXECUTE SQL=DESCRIBE EXTENDED TICKS_TBIMP;&#xD;
info: Kafka.Ksql.Linq.KsqlContext[0]&#xD;
      ksql execute: EXECUTE SQL=DESCRIBE EXTENDED TICKS_TBIMP;&#xD;
info: Kafka.Ksql.Linq.KsqlContext[0]&#xD;
      ksql execute: EXECUTE SQL=DESCRIBE EXTENDED TICKS_TBIMP;&#xD;
info: Kafka.Ksql.Linq.KsqlContext[0]&#xD;
      ksql execute: EXECUTE SQL=DESCRIBE EXTENDED TICKS_TBIMP;&#xD;
info: Kafka.Ksql.Linq.KsqlContext[0]&#xD;
      ksql execute: EXECUTE SQL=DESCRIBE EXTENDED TICKS_TBIMP;&#xD;
info: Kafka.Ksql.Linq.KsqlContext[0]&#xD;
      ksql execute: EXECUTE SQL=DESCRIBE EXTENDED TICKS_TBIMP;&#xD;
info: Kafka.Ksql.Linq.KsqlContext[0]&#xD;
      ksql execute: EXECUTE SQL=DESCRIBE EXTENDED TICKS_TBIMP;&#xD;
info: Kafka.Ksql.Linq.KsqlContext[0]&#xD;
      ksql execute: EXECUTE SQL=DESCRIBE EXTENDED TICKS_TBIMP;&#xD;
info: Kafka.Ksql.Linq.KsqlContext[0]&#xD;
      ksql execute: EXECUTE SQL=DESCRIBE EXTENDED TICKS_TBIMP;&#xD;
info: Kafka.Ksql.Linq.KsqlContext[0]&#xD;
      ksql execute: EXECUTE SQL=DESCRIBE EXTENDED TICKS_TBIMP;&#xD;
info: Kafka.Ksql.Linq.KsqlContext[0]&#xD;
      ksql execute: EXECUTE SQL=DESCRIBE EXTENDED TICKS_TBIMP;&#xD;
info: Kafka.Ksql.Linq.KsqlContext[0]&#xD;
      ksql execute: EXECUTE SQL=DESCRIBE EXTENDED TICKS_TBIMP;&#xD;
info: Kafka.Ksql.Linq.KsqlContext[0]&#xD;
      ksql execute: EXECUTE SQL=DESCRIBE EXTENDED TICKS_TBIMP;&#xD;
info: Kafka.Ksql.Linq.KsqlContext[0]&#xD;
      ksql execute: EXECUTE SQL=DESCRIBE EXTENDED TICKS_TBIMP;&#xD;
info: Kafka.Ksql.Linq.KsqlContext[0]&#xD;
      ksql execute: EXECUTE SQL=DESCRIBE EXTENDED TICKS_TBIMP;&#xD;
info: Kafka.Ksql.Linq.KsqlContext[0]&#xD;
      ksql execute: EXECUTE SQL=DESCRIBE EXTENDED TICKS_TBIMP;&#xD;
info: Kafka.Ksql.Linq.KsqlContext[0]&#xD;
      ksql execute: EXECUTE SQL=DESCRIBE EXTENDED TICKS_TBIMP;&#xD;
info: Kafka.Ksql.Linq.KsqlContext[0]&#xD;
      ksql execute: EXECUTE SQL=DESCRIBE EXTENDED TICKS_TBIMP;&#xD;
info: Kafka.Ksql.Linq.KsqlContext[0]&#xD;
      ksql execute: EXECUTE SQL=DESCRIBE EXTENDED TICKS_TBIMP;&#xD;
info: Kafka.Ksql.Linq.KsqlContext[0]&#xD;
      ksql execute: EXECUTE SQL=DESCRIBE EXTENDED TICKS_TBIMP;&#xD;
info: Kafka.Ksql.Linq.KsqlContext[0]&#xD;
      ksql execute: EXECUTE SQL=DESCRIBE EXTENDED TICKS_TBIMP;&#xD;
info: Kafka.Ksql.Linq.KsqlContext[0]&#xD;
      ksql execute: EXECUTE SQL=DESCRIBE EXTENDED TICKS_TBIMP;&#xD;
info: Kafka.Ksql.Linq.KsqlContext[0]&#xD;
      KSQL DDL (derived bar_tbimp_1s_final): CREATE TABLE bar_tbimp_1s_final WITH (KAFKA_TOPIC='bar_tbimp_1s_final', KEY_FORMAT='AVRO', VALUE_FORMAT='AVRO') AS&#xD;
      SELECT o.BROKER AS Broker, o.SYMBOL AS Symbol, WINDOWSTART AS BucketStart, EARLIEST_BY_OFFSET(Bid) AS Open, MAX(Bid) AS High, MIN(Bid) AS Low, LATEST_BY_OFFSET(Bid) AS Close&#xD;
      FROM TICKS_TBIMP o WINDOW TUMBLING (SIZE 1 SECONDS)&#xD;
      GROUP BY o.BROKER, o.SYMBOL&#xD;
      EMIT FINAL;&#xD;
info: Kafka.Ksql.Linq.KsqlContext[0]&#xD;
      ksql execute: EXECUTE SQL=CREATE TABLE bar_tbimp_1s_final WITH (KAFKA_TOPIC='bar_tbimp_1s_final', KEY_FORMAT='AVRO', VALUE_FORMAT='AVRO') AS  SELE...&#xD;
info: Kafka.Ksql.Linq.KsqlContext[0]&#xD;
      KSQL DDL (derived bar_tbimp_1s_final_s): CREATE STREAM bar_tbimp_1s_final_s (BROKER VARCHAR KEY, SYMBOL VARCHAR KEY, BUCKETSTART TIMESTAMP KEY, OPEN DECIMAL(18, 2), HIGH DECIMAL(18, 2), LOW DECIMAL(18, 2), CLOSE DECIMAL(18, 2)) WITH (KAFKA_TOPIC='bar_tbimp_1s_final', KEY_FORMAT='AVRO', VALUE_FORMAT='AVRO', PARTITIONS=1, REPLICAS=1);&#xD;
info: Kafka.Ksql.Linq.KsqlContext[0]&#xD;
      ksql execute: EXECUTE SQL=CREATE STREAM bar_tbimp_1s_final_s (BROKER VARCHAR KEY, SYMBOL VARCHAR KEY, BUCKETSTART TIMESTAMP KEY, OPEN DECIMAL(18, ...&#xD;
info: Kafka.Ksql.Linq.KsqlContext[0]&#xD;
      KSQL DDL (derived bar_tbimp_1m_live): CREATE TABLE bar_tbimp_1m_live WITH (KAFKA_TOPIC='bar_tbimp_1m_live', KEY_FORMAT='AVRO', VALUE_FORMAT='AVRO') AS&#xD;
      SELECT o.BROKER AS Broker, o.SYMBOL AS Symbol, WINDOWSTART AS BucketStart, EARLIEST_BY_OFFSET(o.OPEN) AS Open, MAX(o.HIGH) AS High, MIN(o.LOW) AS Low, LATEST_BY_OFFSET(o.CLOSE) AS Close&#xD;
      FROM bar_tbimp_1s_final_s o WINDOW TUMBLING (SIZE 1 MINUTES, GRACE PERIOD 2 SECONDS)&#xD;
      GROUP BY o.BROKER, o.SYMBOL&#xD;
      EMIT CHANGES;&#xD;
info: Kafka.Ksql.Linq.KsqlContext[0]&#xD;
      ksql execute: EXECUTE SQL=CREATE TABLE bar_tbimp_1m_live WITH (KAFKA_TOPIC='bar_tbimp_1m_live', KEY_FORMAT='AVRO', VALUE_FORMAT='AVRO') AS  SELECT...&#xD;
info: Kafka.Ksql.Linq.KsqlContext[0]&#xD;
      KSQL DDL (derived bar_tbimp_5m_live): CREATE TABLE bar_tbimp_5m_live WITH (KAFKA_TOPIC='bar_tbimp_5m_live', KEY_FORMAT='AVRO', VALUE_FORMAT='AVRO') AS&#xD;
      SELECT o.BROKER AS Broker, o.SYMBOL AS Symbol, WINDOWSTART AS BucketStart, EARLIEST_BY_OFFSET(o.OPEN) AS Open, MAX(o.HIGH) AS High, MIN(o.LOW) AS Low, LATEST_BY_OFFSET(o.CLOSE) AS Close&#xD;
      FROM bar_tbimp_1s_final_s o WINDOW TUMBLING (SIZE 5 MINUTES, GRACE PERIOD 3 SECONDS)&#xD;
      GROUP BY o.BROKER, o.SYMBOL&#xD;
      EMIT CHANGES;&#xD;
info: Kafka.Ksql.Linq.KsqlContext[0]&#xD;
      ksql execute: EXECUTE SQL=CREATE TABLE bar_tbimp_5m_live WITH (KAFKA_TOPIC='bar_tbimp_5m_live', KEY_FORMAT='AVRO', VALUE_FORMAT='AVRO') AS  SELECT...&#xD;
info: Kafka.Ksql.Linq.KsqlContext[0]&#xD;
      ksql execute: EXECUTE SQL=SHOW QUERIES;&#xD;
info: Kafka.Ksql.Linq.KsqlContext[0]&#xD;
      ksql execute: EXECUTE SQL=SHOW QUERIES;&#xD;
info: Kafka.Ksql.Linq.KsqlContext[0]&#xD;
      ksql execute: EXECUTE SQL=SHOW QUERIES;&#xD;
info: Kafka.Ksql.Linq.KsqlContext[0]&#xD;
      ksql execute: EXECUTE SQL=SHOW QUERIES;&#xD;
info: Kafka.Ksql.Linq.KsqlContext[0]&#xD;
      ksql execute: EXECUTE SQL=SHOW QUERIES;&#xD;
info: Kafka.Ksql.Linq.KsqlContext[0]&#xD;
      ksql execute: EXECUTE SQL=SHOW QUERIES;&#xD;
info: Kafka.Ksql.Linq.KsqlContext[0]&#xD;
      ksql execute: EXECUTE SQL=SHOW QUERIES;&#xD;
info: Kafka.Ksql.Linq.KsqlContext[0]&#xD;
      ksql execute: EXECUTE SQL=SHOW QUERIES;&#xD;
info: Kafka.Ksql.Linq.KsqlContext[0]&#xD;
      ksql execute: EXECUTE SQL=SHOW QUERIES;&#xD;
info: Kafka.Ksql.Linq.KsqlContext[0]&#xD;
      ksql execute: EXECUTE SQL=SHOW QUERIES;&#xD;
info: Kafka.Ksql.Linq.KsqlContext[0]&#xD;
      ksql execute: EXECUTE SQL=SHOW QUERIES;&#xD;
info: Kafka.Ksql.Linq.KsqlContext[0]&#xD;
      ksql execute: EXECUTE SQL=SHOW QUERIES;&#xD;
info: Kafka.Ksql.Linq.KsqlContext[0]&#xD;
      ksql execute: EXECUTE SQL=SHOW QUERIES;&#xD;
info: Kafka.Ksql.Linq.KsqlContext[0]&#xD;
      ksql execute: EXECUTE SQL=SHOW QUERIES;&#xD;
info: Kafka.Ksql.Linq.KsqlContext[0]&#xD;
      ksql execute: EXECUTE SQL=SHOW QUERIES;&#xD;
info: Kafka.Ksql.Linq.KsqlContext[0]&#xD;
      ksql execute: EXECUTE SQL=SHOW QUERIES;&#xD;
info: Kafka.Ksql.Linq.KsqlContext[0]&#xD;
      ksql execute: EXECUTE SQL=SHOW QUERIES;&#xD;
info: Kafka.Ksql.Linq.KsqlContext[0]&#xD;
      ksql execute: EXECUTE SQL=SHOW QUERIES;&#xD;
info: Kafka.Ksql.Linq.KsqlContext[0]&#xD;
      ksql execute: EXECUTE SQL=SHOW QUERIES;&#xD;
info: Kafka.Ksql.Linq.KsqlContext[0]&#xD;
      ksql execute: EXECUTE SQL=SHOW QUERIES;&#xD;
info: Kafka.Ksql.Linq.KsqlContext[0]&#xD;
      ksql execute: EXECUTE SQL=SHOW QUERIES;&#xD;
info: Kafka.Ksql.Linq.KsqlContext[0]&#xD;
      ksql execute: EXECUTE SQL=SHOW QUERIES;&#xD;
info: Kafka.Ksql.Linq.KsqlContext[0]&#xD;
      ksql execute: EXECUTE SQL=SHOW QUERIES;&#xD;
info: Kafka.Ksql.Linq.KsqlContext[0]&#xD;
      ksql execute: EXECUTE SQL=SHOW QUERIES;&#xD;
info: Kafka.Ksql.Linq.KsqlContext[0]&#xD;
      ksql execute: EXECUTE SQL=SHOW QUERIES;&#xD;
info: Kafka.Ksql.Linq.KsqlContext[0]&#xD;
      ksql execute: EXECUTE SQL=SHOW QUERIES;&#xD;
info: Kafka.Ksql.Linq.KsqlContext[0]&#xD;
      ksql execute: EXECUTE SQL=SHOW QUERIES;&#xD;
info: Kafka.Ksql.Linq.KsqlContext[0]&#xD;
      ksql execute: EXECUTE SQL=SHOW QUERIES;&#xD;
info: Kafka.Ksql.Linq.KsqlContext[0]&#xD;
      ksql execute: EXECUTE SQL=SHOW QUERIES;&#xD;
info: Kafka.Ksql.Linq.KsqlContext[0]&#xD;
      ksql execute: EXECUTE SQL=SHOW QUERIES;&#xD;
fail: Kafka.Ksql.Linq.KsqlContext[0]&#xD;
      KsqlContext initialization failed: CTAS/CSAS query for bar_tbimp_1m_live did not reach RUNNING within 60s &#xD;
      System.TimeoutException: CTAS/CSAS query for bar_tbimp_1m_live did not reach RUNNING within 60s&#xD;
         at Kafka.Ksql.Linq.KsqlContext.WaitForQueryRunningAsync(String targetEntityName, TimeSpan timeout)&#xD;
         at Kafka.Ksql.Linq.KsqlContext.WaitForDerivedQueriesRunningAsync(TimeSpan timeout)&#xD;
         at Kafka.Ksql.Linq.KsqlContext.EnsureQueryEntityDdlAsync(Type type, EntityModel model)&#xD;
         at Kafka.Ksql.Linq.KsqlContext.RegisterSchemasAndMaterializeAsync()&#xD;
         at Kafka.Ksql.Linq.KsqlContext.InitializeWithSchemaRegistration()&#xD;
         at Kafka.Ksql.Linq.KsqlContext.InitializeCore(ILoggerFactory loggerFactory)&#xD;
[xUnit.net 00:04:29.20]       System.TimeoutException : CTAS/CSAS query for bar_tbimp_1m_live did not reach RUNNING within 60s&#xD;
[xUnit.net 00:04:29.20]       Stack Trace:&#xD;
[xUnit.net 00:04:29.20]            at Kafka.Ksql.Linq.KsqlContext.WaitForQueryRunningAsync(String targetEntityName, TimeSpan timeout)&#xD;
[xUnit.net 00:04:29.20]            at Kafka.Ksql.Linq.KsqlContext.WaitForDerivedQueriesRunningAsync(TimeSpan timeout)&#xD;
[xUnit.net 00:04:29.20]            at Kafka.Ksql.Linq.KsqlContext.EnsureQueryEntityDdlAsync(Type type, EntityModel model)&#xD;
[xUnit.net 00:04:29.20]            at Kafka.Ksql.Linq.KsqlContext.RegisterSchemasAndMaterializeAsync()&#xD;
[xUnit.net 00:04:29.20]            at Kafka.Ksql.Linq.KsqlContext.InitializeWithSchemaRegistration()&#xD;
[xUnit.net 00:04:29.20]            at Kafka.Ksql.Linq.KsqlContext.InitializeCore(ILoggerFactory loggerFactory)&#xD;
[xUnit.net 00:04:29.20]            at Kafka.Ksql.Linq.KsqlContext..ctor(KsqlDslOptions options, ILoggerFactory loggerFactory)&#xD;
[xUnit.net 00:04:29.20]         C:\dev\experimental\physicalTests\OssSamples\TimeBucketImportTumblingTests.cs(45,0): at Kafka.Ksql.Linq.Tests.Integration.TimeBucketImportTumblingTests.TestContext..ctor()&#xD;
[xUnit.net 00:04:29.20]         C:\dev\experimental\physicalTests\OssSamples\TimeBucketImportTumblingTests.cs(139,0): at Kafka.Ksql.Linq.Tests.Integration.TimeBucketImportTumblingTests.Import_Ticks_Define_Tumbling_Query_Then_Extract_Bars_Via_TimeBucket()&#xD;
[xUnit.net 00:04:29.20]         --- End of stack trace from previous location ---&#xD;
info: Kafka.Ksql.Linq.KsqlContext[0]&#xD;
      ksql execute: EXECUTE SQL=SHOW TOPICS;&#xD;
info: Kafka.Ksql.Linq.KsqlContext[0]&#xD;
      KSQL DDL (simple Rate): CREATE OR REPLACE STREAM deduprates (Broker VARCHAR KEY, Symbol VARCHAR KEY, Timestamp TIMESTAMP, Bid DOUBLE) WITH (KAFKA_TOPIC='deduprates', KEY_FORMAT='AVRO', VALUE_FORMAT='AVRO', VALUE_AVRO_SCHEMA_FULL_NAME='kafka_ksql_linq_tests_integration.deduprates_valueAvro', TIMESTAMP='Timestamp', PARTITIONS=1, REPLICAS=1);&#xD;
info: Kafka.Ksql.Linq.KsqlContext[0]&#xD;
      ksql execute: EXECUTE SQL=CREATE OR REPLACE STREAM deduprates (Broker VARCHAR KEY, Symbol VARCHAR KEY, Timestamp TIMESTAMP, Bid DOUBLE) WITH (KAFK...&#xD;
info: Kafka.Ksql.Linq.KsqlContext[0]&#xD;
      ksql execute: EXECUTE SQL=DESCRIBE EXTENDED DEDUPRATES;&#xD;
info: Kafka.Ksql.Linq.KsqlContext[0]&#xD;
      ksql execute: EXECUTE SQL=DESCRIBE EXTENDED DEDUPRATES;&#xD;
info: Kafka.Ksql.Linq.KsqlContext[0]&#xD;
      ksql execute: EXECUTE SQL=DESCRIBE EXTENDED DEDUPRATES;&#xD;
info: Kafka.Ksql.Linq.KsqlContext[0]&#xD;
      ksql execute: EXECUTE SQL=DESCRIBE EXTENDED DEDUPRATES;&#xD;
info: Kafka.Ksql.Linq.KsqlContext[0]&#xD;
      ksql execute: EXECUTE SQL=DESCRIBE EXTENDED DEDUPRATES;&#xD;
info: Kafka.Ksql.Linq.KsqlContext[0]&#xD;
      ksql execute: EXECUTE SQL=DESCRIBE EXTENDED DEDUPRATES;&#xD;
info: Kafka.Ksql.Linq.KsqlContext[0]&#xD;
      ksql execute: EXECUTE SQL=DESCRIBE EXTENDED DEDUPRATES;&#xD;
info: Kafka.Ksql.Linq.KsqlContext[0]&#xD;
      ksql execute: EXECUTE SQL=DESCRIBE EXTENDED DEDUPRATES;&#xD;
info: Kafka.Ksql.Linq.KsqlContext[0]&#xD;
      ksql execute: EXECUTE SQL=DESCRIBE EXTENDED DEDUPRATES;&#xD;
info: Kafka.Ksql.Linq.KsqlContext[0]&#xD;
      ksql execute: EXECUTE SQL=DESCRIBE EXTENDED DEDUPRATES;&#xD;
info: Kafka.Ksql.Linq.KsqlContext[0]&#xD;
      ksql execute: EXECUTE SQL=DESCRIBE EXTENDED DEDUPRATES;&#xD;
info: Kafka.Ksql.Linq.KsqlContext[0]&#xD;
      ksql execute: EXECUTE SQL=DESCRIBE EXTENDED DEDUPRATES;&#xD;
info: Kafka.Ksql.Linq.KsqlContext[0]&#xD;
      ksql execute: EXECUTE SQL=DESCRIBE EXTENDED DEDUPRATES;&#xD;
info: Kafka.Ksql.Linq.KsqlContext[0]&#xD;
      ksql execute: EXECUTE SQL=DESCRIBE EXTENDED DEDUPRATES;&#xD;
info: Kafka.Ksql.Linq.KsqlContext[0]&#xD;
      ksql execute: EXECUTE SQL=DESCRIBE EXTENDED DEDUPRATES;&#xD;
info: Kafka.Ksql.Linq.KsqlContext[0]&#xD;
      ksql execute: EXECUTE SQL=DESCRIBE EXTENDED DEDUPRATES;&#xD;
info: Kafka.Ksql.Linq.KsqlContext[0]&#xD;
      ksql execute: EXECUTE SQL=DESCRIBE EXTENDED DEDUPRATES;&#xD;
info: Kafka.Ksql.Linq.KsqlContext[0]&#xD;
      ksql execute: EXECUTE SQL=DESCRIBE EXTENDED DEDUPRATES;&#xD;
info: Kafka.Ksql.Linq.KsqlContext[0]&#xD;
      ksql execute: EXECUTE SQL=DESCRIBE EXTENDED DEDUPRATES;&#xD;
info: Kafka.Ksql.Linq.KsqlContext[0]&#xD;
      ksql execute: EXECUTE SQL=DESCRIBE EXTENDED DEDUPRATES;&#xD;
info: Kafka.Ksql.Linq.KsqlContext[0]&#xD;
      ksql execute: EXECUTE SQL=DESCRIBE EXTENDED DEDUPRATES;&#xD;
info: Kafka.Ksql.Linq.KsqlContext[0]&#xD;
      ksql execute: EXECUTE SQL=DESCRIBE EXTENDED DEDUPRATES;&#xD;
info: Kafka.Ksql.Linq.KsqlContext[0]&#xD;
      ksql execute: EXECUTE SQL=DESCRIBE EXTENDED DEDUPRATES;&#xD;
info: Kafka.Ksql.Linq.KsqlContext[0]&#xD;
      ksql execute: EXECUTE SQL=DESCRIBE EXTENDED DEDUPRATES;&#xD;
info: Kafka.Ksql.Linq.KsqlContext[0]&#xD;
      ksql execute: EXECUTE SQL=SHOW TOPICS;&#xD;
info: Kafka.Ksql.Linq.KsqlContext[0]&#xD;
      KSQL DDL (simple DlqEnvelope): CREATE OR REPLACE STREAM dead_letter_queue (`Topic` VARCHAR KEY, `Partition` INT KEY, `Offset` BIGINT KEY, TimestampUtc VARCHAR, IngestedAtUtc VARCHAR, PayloadFormatKey VARCHAR, PayloadFormatValue VARCHAR, SchemaIdKey VARCHAR, SchemaIdValue VARCHAR, KeyIsNull BOOLEAN, ErrorType VARCHAR, ErrorMessageShort VARCHAR, StackTraceShort VARCHAR, ErrorFingerprint VARCHAR, ApplicationId VARCHAR, ConsumerGroup VARCHAR, Host VARCHAR, Headers MAP&lt;STRING, STRING&gt;) WITH (KAFKA_TOPIC='dead-letter-queue', KEY_FORMAT='AVRO', VALUE_FORMAT='AVRO', VALUE_AVRO_SCHEMA_FULL_NAME='kafka_ksql_linq_messaging.dead_letter_queue_valueAvro', PARTITIONS=1, REPLICAS=1);&#xD;
info: Kafka.Ksql.Linq.KsqlContext[0]&#xD;
      ksql execute: EXECUTE SQL=CREATE OR REPLACE STREAM dead_letter_queue (`Topic` VARCHAR KEY, `Partition` INT KEY, `Offset` BIGINT KEY, TimestampUtc ...&#xD;
info: Kafka.Ksql.Linq.KsqlContext[0]&#xD;
      ksql execute: EXECUTE SQL=DESCRIBE EXTENDED DEAD-LETTER-QUEUE;&#xD;
info: Kafka.Ksql.Linq.KsqlContext[0]&#xD;
      ksql execute: EXECUTE SQL=DESCRIBE EXTENDED DEAD-LETTER-QUEUE;&#xD;
info: Kafka.Ksql.Linq.KsqlContext[0]&#xD;
      ksql execute: EXECUTE SQL=DESCRIBE EXTENDED DEAD-LETTER-QUEUE;&#xD;
info: Kafka.Ksql.Linq.KsqlContext[0]&#xD;
      ksql execute: EXECUTE SQL=DESCRIBE EXTENDED DEAD-LETTER-QUEUE;&#xD;
info: Kafka.Ksql.Linq.KsqlContext[0]&#xD;
      ksql execute: EXECUTE SQL=DESCRIBE EXTENDED DEAD-LETTER-QUEUE;&#xD;
info: Kafka.Ksql.Linq.KsqlContext[0]&#xD;
      ksql execute: EXECUTE SQL=DESCRIBE EXTENDED DEAD-LETTER-QUEUE;&#xD;
info: Kafka.Ksql.Linq.KsqlContext[0]&#xD;
      ksql execute: EXECUTE SQL=DESCRIBE EXTENDED DEAD-LETTER-QUEUE;&#xD;
info: Kafka.Ksql.Linq.KsqlContext[0]&#xD;
      ksql execute: EXECUTE SQL=DESCRIBE EXTENDED DEAD-LETTER-QUEUE;&#xD;
info: Kafka.Ksql.Linq.KsqlContext[0]&#xD;
      ksql execute: EXECUTE SQL=DESCRIBE EXTENDED DEAD-LETTER-QUEUE;&#xD;
info: Kafka.Ksql.Linq.KsqlContext[0]&#xD;
      ksql execute: EXECUTE SQL=DESCRIBE EXTENDED DEAD-LETTER-QUEUE;&#xD;
info: Kafka.Ksql.Linq.KsqlContext[0]&#xD;
      ksql execute: EXECUTE SQL=DESCRIBE EXTENDED DEAD-LETTER-QUEUE;&#xD;
info: Kafka.Ksql.Linq.KsqlContext[0]&#xD;
      ksql execute: EXECUTE SQL=DESCRIBE EXTENDED DEAD-LETTER-QUEUE;&#xD;
info: Kafka.Ksql.Linq.KsqlContext[0]&#xD;
      ksql execute: EXECUTE SQL=DESCRIBE EXTENDED DEAD-LETTER-QUEUE;&#xD;
info: Kafka.Ksql.Linq.KsqlContext[0]&#xD;
      ksql execute: EXECUTE SQL=DESCRIBE EXTENDED DEAD-LETTER-QUEUE;&#xD;
info: Kafka.Ksql.Linq.KsqlContext[0]&#xD;
      ksql execute: EXECUTE SQL=DESCRIBE EXTENDED DEAD-LETTER-QUEUE;&#xD;
info: Kafka.Ksql.Linq.KsqlContext[0]&#xD;
      ksql execute: EXECUTE SQL=DESCRIBE EXTENDED DEAD-LETTER-QUEUE;&#xD;
info: Kafka.Ksql.Linq.KsqlContext[0]&#xD;
      ksql execute: EXECUTE SQL=DESCRIBE EXTENDED DEAD-LETTER-QUEUE;&#xD;
info: Kafka.Ksql.Linq.KsqlContext[0]&#xD;
      ksql execute: EXECUTE SQL=DESCRIBE EXTENDED DEAD-LETTER-QUEUE;&#xD;
info: Kafka.Ksql.Linq.KsqlContext[0]&#xD;
      ksql execute: EXECUTE SQL=DESCRIBE EXTENDED DEAD-LETTER-QUEUE;&#xD;
info: Kafka.Ksql.Linq.KsqlContext[0]&#xD;
      ksql execute: EXECUTE SQL=DESCRIBE EXTENDED DEAD-LETTER-QUEUE;&#xD;
info: Kafka.Ksql.Linq.KsqlContext[0]&#xD;
      ksql execute: EXECUTE SQL=DESCRIBE EXTENDED DEAD-LETTER-QUEUE;&#xD;
info: Kafka.Ksql.Linq.KsqlContext[0]&#xD;
      ksql execute: EXECUTE SQL=DESCRIBE EXTENDED DEAD-LETTER-QUEUE;&#xD;
info: Kafka.Ksql.Linq.KsqlContext[0]&#xD;
      ksql execute: EXECUTE SQL=DESCRIBE EXTENDED DEAD-LETTER-QUEUE;&#xD;
info: Kafka.Ksql.Linq.KsqlContext[0]&#xD;
      ksql execute: EXECUTE SQL=DESCRIBE EXTENDED DEAD-LETTER-QUEUE;&#xD;
info: Kafka.Ksql.Linq.KsqlContext[0]&#xD;
      KSQL DDL (derived bar_1s_final): CREATE TABLE bar_1s_final WITH (KAFKA_TOPIC='bar_1s_final', KEY_FORMAT='AVRO', VALUE_FORMAT='AVRO') AS&#xD;
      SELECT o.BROKER AS Broker, o.SYMBOL AS Symbol, WINDOWSTART AS BucketStart, EARLIEST_BY_OFFSET(Bid) AS Open, MAX(Bid) AS High, MIN(Bid) AS Low, LATEST_BY_OFFSET(Bid) AS KsqlTimeFrameClose&#xD;
      FROM DEDUPRATES o WINDOW TUMBLING (SIZE 1 SECONDS)&#xD;
      GROUP BY o.BROKER, o.SYMBOL&#xD;
      EMIT FINAL;&#xD;
info: Kafka.Ksql.Linq.KsqlContext[0]&#xD;
      ksql execute: EXECUTE SQL=CREATE TABLE bar_1s_final WITH (KAFKA_TOPIC='bar_1s_final', KEY_FORMAT='AVRO', VALUE_FORMAT='AVRO') AS  SELECT o.BROKER ...&#xD;
info: Kafka.Ksql.Linq.KsqlContext[0]&#xD;
      KSQL DDL (derived bar_1s_final_s): CREATE STREAM bar_1s_final_s (BROKER VARCHAR KEY, SYMBOL VARCHAR KEY, BUCKETSTART TIMESTAMP KEY, OPEN DOUBLE, HIGH DOUBLE, LOW DOUBLE, KSQLTIMEFRAMECLOSE DOUBLE) WITH (KAFKA_TOPIC='bar_1s_final', KEY_FORMAT='AVRO', VALUE_FORMAT='AVRO', PARTITIONS=1, REPLICAS=1);&#xD;
info: Kafka.Ksql.Linq.KsqlContext[0]&#xD;
      ksql execute: EXECUTE SQL=CREATE STREAM bar_1s_final_s (BROKER VARCHAR KEY, SYMBOL VARCHAR KEY, BUCKETSTART TIMESTAMP KEY, OPEN DOUBLE, HIGH DOUBL...&#xD;
info: Kafka.Ksql.Linq.KsqlContext[0]&#xD;
      KSQL DDL (derived bar_1m_live): CREATE TABLE bar_1m_live WITH (KAFKA_TOPIC='bar_1m_live', KEY_FORMAT='AVRO', VALUE_FORMAT='AVRO') AS&#xD;
      SELECT o.BROKER AS Broker, o.SYMBOL AS Symbol, WINDOWSTART AS BucketStart, EARLIEST_BY_OFFSET(o.OPEN) AS Open, MAX(o.HIGH) AS High, MIN(o.LOW) AS Low, LATEST_BY_OFFSET(o.KSQLTIMEFRAMECLOSE) AS KsqlTimeFrameClose&#xD;
      FROM bar_1s_final_s o WINDOW TUMBLING (SIZE 1 MINUTES, GRACE PERIOD 2 SECONDS)&#xD;
      GROUP BY o.BROKER, o.SYMBOL&#xD;
      EMIT CHANGES;&#xD;
info: Kafka.Ksql.Linq.KsqlContext[0]&#xD;
      ksql execute: EXECUTE SQL=CREATE TABLE bar_1m_live WITH (KAFKA_TOPIC='bar_1m_live', KEY_FORMAT='AVRO', VALUE_FORMAT='AVRO') AS  SELECT o.BROKER AS...&#xD;
info: Kafka.Ksql.Linq.KsqlContext[0]&#xD;
      KSQL DDL (derived bar_5m_live): CREATE TABLE bar_5m_live WITH (KAFKA_TOPIC='bar_5m_live', KEY_FORMAT='AVRO', VALUE_FORMAT='AVRO') AS&#xD;
      SELECT o.BROKER AS Broker, o.SYMBOL AS Symbol, WINDOWSTART AS BucketStart, EARLIEST_BY_OFFSET(o.OPEN) AS Open, MAX(o.HIGH) AS High, MIN(o.LOW) AS Low, LATEST_BY_OFFSET(o.KSQLTIMEFRAMECLOSE) AS KsqlTimeFrameClose&#xD;
      FROM bar_1s_final_s o WINDOW TUMBLING (SIZE 5 MINUTES, GRACE PERIOD 3 SECONDS)&#xD;
      GROUP BY o.BROKER, o.SYMBOL&#xD;
      EMIT CHANGES;&#xD;
info: Kafka.Ksql.Linq.KsqlContext[0]&#xD;
      ksql execute: EXECUTE SQL=CREATE TABLE bar_5m_live WITH (KAFKA_TOPIC='bar_5m_live', KEY_FORMAT='AVRO', VALUE_FORMAT='AVRO') AS  SELECT o.BROKER AS...&#xD;
info: Kafka.Ksql.Linq.KsqlContext[0]&#xD;
      KSQL DDL (derived bar_15m_live): CREATE TABLE bar_15m_live WITH (KAFKA_TOPIC='bar_15m_live', KEY_FORMAT='AVRO', VALUE_FORMAT='AVRO') AS&#xD;
      SELECT o.BROKER AS Broker, o.SYMBOL AS Symbol, WINDOWSTART AS BucketStart, EARLIEST_BY_OFFSET(o.OPEN) AS Open, MAX(o.HIGH) AS High, MIN(o.LOW) AS Low, LATEST_BY_OFFSET(o.KSQLTIMEFRAMECLOSE) AS KsqlTimeFrameClose&#xD;
      FROM bar_1s_final_s o WINDOW TUMBLING (SIZE 15 MINUTES, GRACE PERIOD 4 SECONDS)&#xD;
      GROUP BY o.BROKER, o.SYMBOL&#xD;
      EMIT CHANGES;&#xD;
info: Kafka.Ksql.Linq.KsqlContext[0]&#xD;
      ksql execute: EXECUTE SQL=CREATE TABLE bar_15m_live WITH (KAFKA_TOPIC='bar_15m_live', KEY_FORMAT='AVRO', VALUE_FORMAT='AVRO') AS  SELECT o.BROKER ...&#xD;
info: Kafka.Ksql.Linq.KsqlContext[0]&#xD;
      KSQL DDL (derived bar_60m_live): CREATE TABLE bar_60m_live WITH (KAFKA_TOPIC='bar_60m_live', KEY_FORMAT='AVRO', VALUE_FORMAT='AVRO') AS&#xD;
      SELECT o.BROKER AS Broker, o.SYMBOL AS Symbol, WINDOWSTART AS BucketStart, EARLIEST_BY_OFFSET(o.OPEN) AS Open, MAX(o.HIGH) AS High, MIN(o.LOW) AS Low, LATEST_BY_OFFSET(o.KSQLTIMEFRAMECLOSE) AS KsqlTimeFrameClose&#xD;
      FROM bar_1s_final_s o WINDOW TUMBLING (SIZE 60 MINUTES, GRACE PERIOD 5 SECONDS)&#xD;
      GROUP BY o.BROKER, o.SYMBOL&#xD;
      EMIT CHANGES;&#xD;
info: Kafka.Ksql.Linq.KsqlContext[0]&#xD;
      ksql execute: EXECUTE SQL=CREATE TABLE bar_60m_live WITH (KAFKA_TOPIC='bar_60m_live', KEY_FORMAT='AVRO', VALUE_FORMAT='AVRO') AS  SELECT o.BROKER ...&#xD;
info: Kafka.Ksql.Linq.KsqlContext[0]&#xD;
      ksql execute: EXECUTE SQL=SHOW QUERIES;&#xD;
info: Kafka.Ksql.Linq.KsqlContext[0]&#xD;
      ksql execute: EXECUTE SQL=SHOW QUERIES;&#xD;
info: Kafka.Ksql.Linq.KsqlContext[0]&#xD;
      ksql execute: EXECUTE SQL=SHOW QUERIES;&#xD;
info: Kafka.Ksql.Linq.KsqlContext[0]&#xD;
      ksql execute: EXECUTE SQL=SHOW QUERIES;&#xD;
info: Kafka.Ksql.Linq.KsqlContext[0]&#xD;
      ksql execute: EXECUTE SQL=SHOW QUERIES;&#xD;
info: Kafka.Ksql.Linq.KsqlContext[0]&#xD;
      ksql execute: EXECUTE SQL=SHOW QUERIES;&#xD;
info: Kafka.Ksql.Linq.KsqlContext[0]&#xD;
      ksql execute: EXECUTE SQL=SHOW QUERIES;&#xD;
info: Kafka.Ksql.Linq.KsqlContext[0]&#xD;
      ksql execute: EXECUTE SQL=SHOW QUERIES;&#xD;
info: Kafka.Ksql.Linq.KsqlContext[0]&#xD;
      ksql execute: EXECUTE SQL=SHOW QUERIES;&#xD;
info: Kafka.Ksql.Linq.KsqlContext[0]&#xD;
      ksql execute: EXECUTE SQL=SHOW QUERIES;&#xD;
info: Kafka.Ksql.Linq.KsqlContext[0]&#xD;
      ksql execute: EXECUTE SQL=SHOW QUERIES;&#xD;
info: Kafka.Ksql.Linq.KsqlContext[0]&#xD;
      ksql execute: EXECUTE SQL=SHOW QUERIES;&#xD;
info: Kafka.Ksql.Linq.KsqlContext[0]&#xD;
      ksql execute: EXECUTE SQL=SHOW QUERIES;&#xD;
info: Kafka.Ksql.Linq.KsqlContext[0]&#xD;
      ksql execute: EXECUTE SQL=SHOW QUERIES;&#xD;
info: Kafka.Ksql.Linq.KsqlContext[0]&#xD;
      ksql execute: EXECUTE SQL=SHOW QUERIES;&#xD;
info: Kafka.Ksql.Linq.KsqlContext[0]&#xD;
      ksql execute: EXECUTE SQL=SHOW QUERIES;&#xD;
info: Kafka.Ksql.Linq.KsqlContext[0]&#xD;
      ksql execute: EXECUTE SQL=SHOW QUERIES;&#xD;
info: Kafka.Ksql.Linq.KsqlContext[0]&#xD;
      ksql execute: EXECUTE SQL=SHOW QUERIES;&#xD;
info: Kafka.Ksql.Linq.KsqlContext[0]&#xD;
      ksql execute: EXECUTE SQL=SHOW QUERIES;&#xD;
info: Kafka.Ksql.Linq.KsqlContext[0]&#xD;
      ksql execute: EXECUTE SQL=SHOW QUERIES;&#xD;
info: Kafka.Ksql.Linq.KsqlContext[0]&#xD;
      ksql execute: EXECUTE SQL=SHOW QUERIES;&#xD;
info: Kafka.Ksql.Linq.KsqlContext[0]&#xD;
      ksql execute: EXECUTE SQL=SHOW QUERIES;&#xD;
info: Kafka.Ksql.Linq.KsqlContext[0]&#xD;
      ksql execute: EXECUTE SQL=SHOW QUERIES;&#xD;
info: Kafka.Ksql.Linq.KsqlContext[0]&#xD;
      ksql execute: EXECUTE SQL=SHOW QUERIES;&#xD;
info: Kafka.Ksql.Linq.KsqlContext[0]&#xD;
      ksql execute: EXECUTE SQL=SHOW QUERIES;&#xD;
info: Kafka.Ksql.Linq.KsqlContext[0]&#xD;
      ksql execute: EXECUTE SQL=SHOW QUERIES;&#xD;
info: Kafka.Ksql.Linq.KsqlContext[0]&#xD;
      ksql execute: EXECUTE SQL=SHOW QUERIES;&#xD;
info: Kafka.Ksql.Linq.KsqlContext[0]&#xD;
      ksql execute: EXECUTE SQL=SHOW QUERIES;&#xD;
info: Kafka.Ksql.Linq.KsqlContext[0]&#xD;
      ksql execute: EXECUTE SQL=SHOW QUERIES;&#xD;
info: Kafka.Ksql.Linq.KsqlContext[0]&#xD;
      ksql execute: EXECUTE SQL=SHOW QUERIES;&#xD;
fail: Kafka.Ksql.Linq.KsqlContext[0]&#xD;
      KsqlContext initialization failed: CTAS/CSAS query for bar_5m_live did not reach RUNNING within 60s &#xD;
      System.TimeoutException: CTAS/CSAS query for bar_5m_live did not reach RUNNING within 60s&#xD;
         at Kafka.Ksql.Linq.KsqlContext.WaitForQueryRunningAsync(String targetEntityName, TimeSpan timeout)&#xD;
         at Kafka.Ksql.Linq.KsqlContext.WaitForDerivedQueriesRunningAsync(TimeSpan timeout)&#xD;
         at Kafka.Ksql.Linq.KsqlContext.EnsureQueryEntityDdlAsync(Type type, EntityModel model)&#xD;
         at Kafka.Ksql.Linq.KsqlContext.RegisterSchemasAndMaterializeAsync()&#xD;
         at Kafka.Ksql.Linq.KsqlContext.InitializeWithSchemaRegistration()&#xD;
         at Kafka.Ksql.Linq.KsqlContext.InitializeCore(ILoggerFactory loggerFactory)&#xD;
[xUnit.net 00:06:17.15]       System.TimeoutException : CTAS/CSAS query for bar_5m_live did not reach RUNNING within 60s&#xD;
[xUnit.net 00:06:17.15]       Stack Trace:&#xD;
[xUnit.net 00:06:17.15]            at Kafka.Ksql.Linq.KsqlContext.WaitForQueryRunningAsync(String targetEntityName, TimeSpan timeout)&#xD;
[xUnit.net 00:06:17.15]            at Kafka.Ksql.Linq.KsqlContext.WaitForDerivedQueriesRunningAsync(TimeSpan timeout)&#xD;
[xUnit.net 00:06:17.15]            at Kafka.Ksql.Linq.KsqlContext.EnsureQueryEntityDdlAsync(Type type, EntityModel model)&#xD;
[xUnit.net 00:06:17.15]            at Kafka.Ksql.Linq.KsqlContext.RegisterSchemasAndMaterializeAsync()&#xD;
[xUnit.net 00:06:17.15]            at Kafka.Ksql.Linq.KsqlContext.InitializeWithSchemaRegistration()&#xD;
[xUnit.net 00:06:17.15]            at Kafka.Ksql.Linq.KsqlContext.InitializeCore(ILoggerFactory loggerFactory)&#xD;
[xUnit.net 00:06:17.15]            at Kafka.Ksql.Linq.KsqlContext..ctor(KsqlDslOptions options, ILoggerFactory loggerFactory)&#xD;
[xUnit.net 00:06:17.15]         C:\dev\experimental\physicalTests\OssSamples\BarDslMultiTierTests.cs(41,0): at Kafka.Ksql.Linq.Tests.Integration.BarDslMultiTierTests.TestContext..ctor()&#xD;
[xUnit.net 00:06:17.15]         C:\dev\experimental\physicalTests\OssSamples\BarDslMultiTierTests.cs(153,0): at Kafka.Ksql.Linq.Tests.Integration.BarDslMultiTierTests.MultiTier_1m_5m_15m_60m_Create_And_Ohlc_Sanity()&#xD;
[xUnit.net 00:06:17.15]         --- End of stack trace from previous location ---&#xD;
[ConsumerConfig] topic=records group=8b1fcf02-fb4c-4262-9833-68c5e4d94cc0 enableAutoCommit=True autoOffsetReset=Earliest&#xD;
[ConsumeInternal] subscribed topic=records group=8b1fcf02-fb4c-4262-9833-68c5e4d94cc0 autoCommit=True&#xD;
dbug: Kafka.Ksql.Linq.Infrastructure.Admin.KafkaAdminService[0]&#xD;
      KafkaAdminService initialized with BootstrapServers: 127.0.0.1:39092&#xD;
info: Kafka.Ksql.Linq.Messaging.Producers.KafkaProducerManager[0]&#xD;
      producer:orders_compkey config: Acks=All, BatchNumMessages=10000, BatchSize=16384, BootstrapServers=127.0.0.1:39092, ClientId=ksql-dsl-client, CompressionType=Snappy, EnableIdempotence=True, LingerMs=5, MaxInFlight=1, MessageTimeoutMs=120000, RetryBackoffMs=100&#xD;
info: Kafka.Ksql.Linq.Messaging.Producers.KafkaProducerManager[0]&#xD;
      schema-registry(producer) config: Url=http://127.0.0.1:18081&#xD;
info: Kafka.Ksql.Linq.Messaging.Producers.KafkaProducerManager[0]&#xD;
      kafka produce: topic=orders_compkey, entity=Order, method=SendAsync&#xD;
[ConsumerConfig] topic=orders_compkey group=1ffb0e0c-2fbb-42db-ad98-67129559c3ad enableAutoCommit=True autoOffsetReset=Earliest&#xD;
info: Kafka.Ksql.Linq.Messaging.Consumers.KafkaConsumerManager[0]&#xD;
      consumer:orders_compkey config: AutoCommitIntervalMs=5000, AutoOffsetReset=Earliest, BootstrapServers=127.0.0.1:39092, ClientId=ksql-dsl-client, EnableAutoCommit=True, FetchMaxBytes=52428800, FetchMinBytes=1, GroupId=1ffb0e0c-2fbb-42db-ad98-67129559c3ad, HeartbeatIntervalMs=3000, IsolationLevel=ReadUncommitted, MaxPollIntervalMs=300000, SessionTimeoutMs=30000&#xD;
info: Kafka.Ksql.Linq.Messaging.Consumers.KafkaConsumerManager[0]&#xD;
      schema-registry(consumer) config: Url=http://127.0.0.1:18081&#xD;
[ConsumeInternal] subscribed topic=orders_compkey group=1ffb0e0c-2fbb-42db-ad98-67129559c3ad autoCommit=True&#xD;
[ConsumerConfig] topic=orders_compkey group=1ffb0e0c-2fbb-42db-ad98-67129559c3ad enableAutoCommit=True autoOffsetReset=Earliest&#xD;
info: Kafka.Ksql.Linq.Messaging.Consumers.KafkaConsumerManager[0]&#xD;
      consumer:orders_compkey config: AutoCommitIntervalMs=5000, AutoOffsetReset=Earliest, BootstrapServers=127.0.0.1:39092, ClientId=ksql-dsl-client, EnableAutoCommit=True, FetchMaxBytes=52428800, FetchMinBytes=1, GroupId=1ffb0e0c-2fbb-42db-ad98-67129559c3ad, HeartbeatIntervalMs=3000, IsolationLevel=ReadUncommitted, MaxPollIntervalMs=300000, SessionTimeoutMs=30000&#xD;
[ConsumeInternal] subscribed topic=orders_compkey group=1ffb0e0c-2fbb-42db-ad98-67129559c3ad autoCommit=True&#xD;
dbug: Kafka.Ksql.Linq.Infrastructure.Admin.KafkaAdminService[0]&#xD;
      KafkaAdminService disposed&#xD;
[ConsumerConfig] topic=alltyperecords group=1d1ed917-9c31-44e7-bed4-badcfacac037 enableAutoCommit=True autoOffsetReset=Earliest&#xD;
[ConsumeInternal] subscribed topic=alltyperecords group=1d1ed917-9c31-44e7-bed4-badcfacac037 autoCommit=True&#xD;
[ConsumerConfig] topic=alltyperecords group=bde51dc0-a65c-454d-9351-98942a62e942 enableAutoCommit=True autoOffsetReset=Earliest&#xD;
[ConsumeInternal] subscribed topic=alltyperecords group=bde51dc0-a65c-454d-9351-98942a62e942 autoCommit=True&#xD;
[ConsumerConfig] topic=alltyperecords group=4589087e-c827-4ec0-a197-41873e92bedb enableAutoCommit=True autoOffsetReset=Earliest&#xD;
[ConsumeInternal] subscribed topic=alltyperecords group=4589087e-c827-4ec0-a197-41873e92bedb autoCommit=True&#xD;
[xUnit.net 00:08:53.37]       System.InvalidOperationException : DDL execution failed for DlqEnvelope: {"error_code":404,"message":"HTTP 404 Not Found"}&#xD;
[xUnit.net 00:08:53.37]       Stack Trace:&#xD;
[xUnit.net 00:08:53.37]            at Kafka.Ksql.Linq.KsqlContext.EnsureSimpleEntityDdlAsync(Type type, EntityModel model)&#xD;
[xUnit.net 00:08:53.37]            at Kafka.Ksql.Linq.KsqlContext.RegisterSchemasAndMaterializeAsync()&#xD;
[xUnit.net 00:08:53.37]            at Kafka.Ksql.Linq.KsqlContext.InitializeWithSchemaRegistration()&#xD;
[xUnit.net 00:08:53.37]            at Kafka.Ksql.Linq.KsqlContext.InitializeCore(ILoggerFactory loggerFactory)&#xD;
[xUnit.net 00:08:53.37]            at Kafka.Ksql.Linq.KsqlContext..ctor(KsqlDslOptions options, ILoggerFactory loggerFactory)&#xD;
[xUnit.net 00:08:53.37]         C:\dev\experimental\physicalTests\OssSamples\DlqIntegrationTests.cs(28,0): at Kafka.Ksql.Linq.Tests.Integration.DlqIntegrationTests.OrderContext..ctor(KsqlDslOptions options)&#xD;
[xUnit.net 00:08:53.37]         C:\dev\experimental\physicalTests\OssSamples\DlqIntegrationTests.cs(52,0): at Kafka.Ksql.Linq.Tests.Integration.DlqIntegrationTests.ForEachAsync_OnErrorDlq_WritesToDlq()&#xD;
[xUnit.net 00:08:53.37]         --- End of stack trace from previous location ---&#xD;
[ConsumerConfig] topic=manual_commit group=e7e874c6-0c34-4c27-9910-4c2cf90fff0a enableAutoCommit=False autoOffsetReset=Earliest&#xD;
[ConsumeInternal] subscribed topic=manual_commit group=e7e874c6-0c34-4c27-9910-4c2cf90fff0a autoCommit=False&#xD;
[ManualCommit][track] topic=manual_commit p=0 off=0&#xD;
[ManualCommit][track] topic=manual_commit p=0 off=1&#xD;
[ManualCommit][track] topic=manual_commit p=0 off=2&#xD;
[ManualCommit][observed] topic=manual_commit p=0 committed=3&#xD;
[ConsumerConfig] topic=manual_commit group=e7e874c6-0c34-4c27-9910-4c2cf90fff0a enableAutoCommit=False autoOffsetReset=Earliest&#xD;
[ConsumeInternal] subscribed topic=manual_commit group=e7e874c6-0c34-4c27-9910-4c2cf90fff0a autoCommit=False&#xD;
[ManualCommit][track] topic=manual_commit p=0 off=3&#xD;
[ManualCommit][observed] topic=manual_commit p=0 committed=4&#xD;
[ConsumerConfig] topic=records_no_key group=f2b69b8a-3596-49e9-a48c-e74bd8ad3c20 enableAutoCommit=True autoOffsetReset=Earliest&#xD;
[ConsumeInternal] subscribed topic=records_no_key group=f2b69b8a-3596-49e9-a48c-e74bd8ad3c20 autoCommit=True&#xD;
[ConsumerConfig] topic=priming_records group=94b80b19-baf6-41ab-a121-9b55b8eadb5b enableAutoCommit=True autoOffsetReset=Earliest&#xD;
[ConsumeInternal] subscribed topic=priming_records group=94b80b19-baf6-41ab-a121-9b55b8eadb5b autoCommit=True&#xD;
info: Kafka.Ksql.Linq.KsqlContext[0]&#xD;
      ksql execute: EXECUTE SQL=SHOW TOPICS;&#xD;
info: Kafka.Ksql.Linq.KsqlContext[0]&#xD;
      KSQL DDL (simple DlqEnvelope): CREATE OR REPLACE STREAM dead_letter_queue (`Topic` VARCHAR KEY, `Partition` INT KEY, `Offset` BIGINT KEY, TimestampUtc VARCHAR, IngestedAtUtc VARCHAR, PayloadFormatKey VARCHAR, PayloadFormatValue VARCHAR, SchemaIdKey VARCHAR, SchemaIdValue VARCHAR, KeyIsNull BOOLEAN, ErrorType VARCHAR, ErrorMessageShort VARCHAR, StackTraceShort VARCHAR, ErrorFingerprint VARCHAR, ApplicationId VARCHAR, ConsumerGroup VARCHAR, Host VARCHAR, Headers MAP&lt;STRING, STRING&gt;) WITH (KAFKA_TOPIC='dead-letter-queue', KEY_FORMAT='AVRO', VALUE_FORMAT='AVRO', VALUE_AVRO_SCHEMA_FULL_NAME='kafka_ksql_linq_messaging.dead_letter_queue_valueAvro', PARTITIONS=1, REPLICAS=1);&#xD;
info: Kafka.Ksql.Linq.KsqlContext[0]&#xD;
      ksql execute: EXECUTE SQL=CREATE OR REPLACE STREAM dead_letter_queue (`Topic` VARCHAR KEY, `Partition` INT KEY, `Offset` BIGINT KEY, TimestampUtc ...&#xD;
info: Kafka.Ksql.Linq.KsqlContext[0]&#xD;
      ksql execute: EXECUTE SQL=DESCRIBE EXTENDED DEAD-LETTER-QUEUE;&#xD;
info: Kafka.Ksql.Linq.KsqlContext[0]&#xD;
      ksql execute: EXECUTE SQL=DESCRIBE EXTENDED DEAD-LETTER-QUEUE;&#xD;
info: Kafka.Ksql.Linq.KsqlContext[0]&#xD;
      ksql execute: EXECUTE SQL=DESCRIBE EXTENDED DEAD-LETTER-QUEUE;&#xD;
info: Kafka.Ksql.Linq.KsqlContext[0]&#xD;
      ksql execute: EXECUTE SQL=DESCRIBE EXTENDED DEAD-LETTER-QUEUE;&#xD;
info: Kafka.Ksql.Linq.KsqlContext[0]&#xD;
      ksql execute: EXECUTE SQL=DESCRIBE EXTENDED DEAD-LETTER-QUEUE;&#xD;
info: Kafka.Ksql.Linq.KsqlContext[0]&#xD;
      ksql execute: EXECUTE SQL=DESCRIBE EXTENDED DEAD-LETTER-QUEUE;&#xD;
info: Kafka.Ksql.Linq.KsqlContext[0]&#xD;
      ksql execute: EXECUTE SQL=DESCRIBE EXTENDED DEAD-LETTER-QUEUE;&#xD;
info: Kafka.Ksql.Linq.KsqlContext[0]&#xD;
      ksql execute: EXECUTE SQL=DESCRIBE EXTENDED DEAD-LETTER-QUEUE;&#xD;
info: Kafka.Ksql.Linq.KsqlContext[0]&#xD;
      ksql execute: EXECUTE SQL=DESCRIBE EXTENDED DEAD-LETTER-QUEUE;&#xD;
info: Kafka.Ksql.Linq.KsqlContext[0]&#xD;
      ksql execute: EXECUTE SQL=DESCRIBE EXTENDED DEAD-LETTER-QUEUE;&#xD;
info: Kafka.Ksql.Linq.KsqlContext[0]&#xD;
      ksql execute: EXECUTE SQL=DESCRIBE EXTENDED DEAD-LETTER-QUEUE;&#xD;
info: Kafka.Ksql.Linq.KsqlContext[0]&#xD;
      ksql execute: EXECUTE SQL=DESCRIBE EXTENDED DEAD-LETTER-QUEUE;&#xD;
info: Kafka.Ksql.Linq.KsqlContext[0]&#xD;
      ksql execute: EXECUTE SQL=DESCRIBE EXTENDED DEAD-LETTER-QUEUE;&#xD;
info: Kafka.Ksql.Linq.KsqlContext[0]&#xD;
      ksql execute: EXECUTE SQL=DESCRIBE EXTENDED DEAD-LETTER-QUEUE;&#xD;
info: Kafka.Ksql.Linq.KsqlContext[0]&#xD;
      ksql execute: EXECUTE SQL=DESCRIBE EXTENDED DEAD-LETTER-QUEUE;&#xD;
info: Kafka.Ksql.Linq.KsqlContext[0]&#xD;
      ksql execute: EXECUTE SQL=DESCRIBE EXTENDED DEAD-LETTER-QUEUE;&#xD;
info: Kafka.Ksql.Linq.KsqlContext[0]&#xD;
      ksql execute: EXECUTE SQL=DESCRIBE EXTENDED DEAD-LETTER-QUEUE;&#xD;
info: Kafka.Ksql.Linq.KsqlContext[0]&#xD;
      ksql execute: EXECUTE SQL=DESCRIBE EXTENDED DEAD-LETTER-QUEUE;&#xD;
info: Kafka.Ksql.Linq.KsqlContext[0]&#xD;
      ksql execute: EXECUTE SQL=DESCRIBE EXTENDED DEAD-LETTER-QUEUE;&#xD;
info: Kafka.Ksql.Linq.KsqlContext[0]&#xD;
      ksql execute: EXECUTE SQL=DESCRIBE EXTENDED DEAD-LETTER-QUEUE;&#xD;
info: Kafka.Ksql.Linq.KsqlContext[0]&#xD;
      ksql execute: EXECUTE SQL=DESCRIBE EXTENDED DEAD-LETTER-QUEUE;&#xD;
info: Kafka.Ksql.Linq.KsqlContext[0]&#xD;
      ksql execute: EXECUTE SQL=DESCRIBE EXTENDED DEAD-LETTER-QUEUE;&#xD;
info: Kafka.Ksql.Linq.KsqlContext[0]&#xD;
      ksql execute: EXECUTE SQL=DESCRIBE EXTENDED DEAD-LETTER-QUEUE;&#xD;
info: Kafka.Ksql.Linq.KsqlContext[0]&#xD;
      ksql execute: EXECUTE SQL=DESCRIBE EXTENDED DEAD-LETTER-QUEUE;&#xD;
info: Kafka.Ksql.Linq.KsqlContext[0]&#xD;
      ksql execute: EXECUTE SQL=SHOW TOPICS;&#xD;
info: Kafka.Ksql.Linq.KsqlContext[0]&#xD;
      KSQL DDL (simple Tick): CREATE TABLE IF NOT EXISTS rocks_to_list_ticks (tick_key STRUCT&lt;Broker VARCHAR, Symbol VARCHAR&gt; PRIMARY KEY, Price DOUBLE) WITH (KAFKA_TOPIC='rocks_to_list_ticks', KEY_FORMAT='AVRO', VALUE_FORMAT='AVRO', VALUE_AVRO_SCHEMA_FULL_NAME='kafka_ksql_linq_tests_integration.rocks_to_list_ticks_valueAvro', PARTITIONS=1, REPLICAS=1);&#xD;
info: Kafka.Ksql.Linq.KsqlContext[0]&#xD;
      ksql execute: EXECUTE SQL=CREATE TABLE IF NOT EXISTS rocks_to_list_ticks (tick_key STRUCT&lt;Broker VARCHAR, Symbol VARCHAR&gt; PRIMARY KEY, Price DOUBL...&#xD;
info: Kafka.Ksql.Linq.KsqlContext[0]&#xD;
      ksql execute: EXECUTE SQL=DESCRIBE EXTENDED ROCKS_TO_LIST_TICKS;&#xD;
info: Kafka.Ksql.Linq.KsqlContext[0]&#xD;
      ksql execute: EXECUTE SQL=DESCRIBE EXTENDED ROCKS_TO_LIST_TICKS;&#xD;
info: Kafka.Ksql.Linq.KsqlContext[0]&#xD;
      ksql execute: EXECUTE SQL=DESCRIBE EXTENDED ROCKS_TO_LIST_TICKS;&#xD;
info: Kafka.Ksql.Linq.KsqlContext[0]&#xD;
      ksql execute: EXECUTE SQL=DESCRIBE EXTENDED ROCKS_TO_LIST_TICKS;&#xD;
info: Kafka.Ksql.Linq.KsqlContext[0]&#xD;
      ksql execute: EXECUTE SQL=DESCRIBE EXTENDED ROCKS_TO_LIST_TICKS;&#xD;
info: Kafka.Ksql.Linq.KsqlContext[0]&#xD;
      ksql execute: EXECUTE SQL=DESCRIBE EXTENDED ROCKS_TO_LIST_TICKS;&#xD;
info: Kafka.Ksql.Linq.KsqlContext[0]&#xD;
      ksql execute: EXECUTE SQL=DESCRIBE EXTENDED ROCKS_TO_LIST_TICKS;&#xD;
info: Kafka.Ksql.Linq.KsqlContext[0]&#xD;
      ksql execute: EXECUTE SQL=DESCRIBE EXTENDED ROCKS_TO_LIST_TICKS;&#xD;
info: Kafka.Ksql.Linq.KsqlContext[0]&#xD;
      ksql execute: EXECUTE SQL=DESCRIBE EXTENDED ROCKS_TO_LIST_TICKS;&#xD;
info: Kafka.Ksql.Linq.KsqlContext[0]&#xD;
      ksql execute: EXECUTE SQL=DESCRIBE EXTENDED ROCKS_TO_LIST_TICKS;&#xD;
info: Kafka.Ksql.Linq.KsqlContext[0]&#xD;
      ksql execute: EXECUTE SQL=DESCRIBE EXTENDED ROCKS_TO_LIST_TICKS;&#xD;
info: Kafka.Ksql.Linq.KsqlContext[0]&#xD;
      ksql execute: EXECUTE SQL=DESCRIBE EXTENDED ROCKS_TO_LIST_TICKS;&#xD;
info: Kafka.Ksql.Linq.KsqlContext[0]&#xD;
      ksql execute: EXECUTE SQL=DESCRIBE EXTENDED ROCKS_TO_LIST_TICKS;&#xD;
info: Kafka.Ksql.Linq.KsqlContext[0]&#xD;
      ksql execute: EXECUTE SQL=DESCRIBE EXTENDED ROCKS_TO_LIST_TICKS;&#xD;
info: Kafka.Ksql.Linq.KsqlContext[0]&#xD;
      ksql execute: EXECUTE SQL=DESCRIBE EXTENDED ROCKS_TO_LIST_TICKS;&#xD;
info: Kafka.Ksql.Linq.KsqlContext[0]&#xD;
      ksql execute: EXECUTE SQL=DESCRIBE EXTENDED ROCKS_TO_LIST_TICKS;&#xD;
info: Kafka.Ksql.Linq.KsqlContext[0]&#xD;
      ksql execute: EXECUTE SQL=DESCRIBE EXTENDED ROCKS_TO_LIST_TICKS;&#xD;
info: Kafka.Ksql.Linq.KsqlContext[0]&#xD;
      ksql execute: EXECUTE SQL=DESCRIBE EXTENDED ROCKS_TO_LIST_TICKS;&#xD;
info: Kafka.Ksql.Linq.KsqlContext[0]&#xD;
      ksql execute: EXECUTE SQL=DESCRIBE EXTENDED ROCKS_TO_LIST_TICKS;&#xD;
info: Kafka.Ksql.Linq.KsqlContext[0]&#xD;
      ksql execute: EXECUTE SQL=DESCRIBE EXTENDED ROCKS_TO_LIST_TICKS;&#xD;
info: Kafka.Ksql.Linq.KsqlContext[0]&#xD;
      ksql execute: EXECUTE SQL=DESCRIBE EXTENDED ROCKS_TO_LIST_TICKS;&#xD;
info: Kafka.Ksql.Linq.KsqlContext[0]&#xD;
      ksql execute: EXECUTE SQL=DESCRIBE EXTENDED ROCKS_TO_LIST_TICKS;&#xD;
info: Kafka.Ksql.Linq.KsqlContext[0]&#xD;
      ksql execute: EXECUTE SQL=DESCRIBE EXTENDED ROCKS_TO_LIST_TICKS;&#xD;
info: Kafka.Ksql.Linq.KsqlContext[0]&#xD;
      ksql execute: EXECUTE SQL=DESCRIBE EXTENDED ROCKS_TO_LIST_TICKS;&#xD;
info: Kafka.Ksql.Linq.KsqlContext[0]&#xD;
      Kafka initialization completed; DLQ topic 'dead-letter-queue' ready with 5000ms retention&#xD;
info: Streamiz.Kafka.Net.KafkaStream[0]&#xD;
      stream-application[ksql-dsl-app-rocks_to_list_ticks]  Start creation of the stream application with this configuration: &#xD;
      	Stream property:&#xD;
      		client.id: 	&#xD;
      		num.stream.threads: 	1&#xD;
      		default.key.serdes: 	Streamiz.Kafka.Net.SchemaRegistry.SerDes.Avro.SchemaAvroSerDes`1[kafka_ksql_linq_tests_integration.rocks_to_list_ticks_keyAvro]&#xD;
      		default.value.serdes: 	Streamiz.Kafka.Net.SchemaRegistry.SerDes.Avro.SchemaAvroSerDes`1[Avro.Generic.GenericRecord]&#xD;
      		default.timestamp.extractor: 	Streamiz.Kafka.Net.Processors.Internal.FailOnInvalidTimestamp&#xD;
      		commit.interval.ms: 	500&#xD;
      		processing.guarantee: 	AT_LEAST_ONCE&#xD;
      		transaction.timeout: 	00:00:10&#xD;
      		poll.ms: 	100&#xD;
      		max.poll.records: 	500&#xD;
      		max.poll.restoring.records: 	1000&#xD;
      		max.task.idle.ms: 	0&#xD;
      		buffered.records.per.partition: 	2147483647&#xD;
      		inner.exception.handler: 	System.Func`2[System.Exception,Streamiz.Kafka.Net.ExceptionHandlerResponse]&#xD;
      		production.exception.handler: 	System.Func`2[Confluent.Kafka.DeliveryReport`2[System.Byte[],System.Byte[]],Streamiz.Kafka.Net.ProductionExceptionHandlerResponse]&#xD;
      		deserialization.exception.handler: 	System.Func`4[Streamiz.Kafka.Net.ProcessorContext,Confluent.Kafka.ConsumeResult`2[System.Byte[],System.Byte[]],System.Exception,Streamiz.Kafka.Net.ExceptionHandlerResponse]&#xD;
      		rocksdb.config.setter: 	System.Action`2[System.String,Streamiz.Kafka.Net.State.RocksDbOptions]&#xD;
      		follow.metadata: 	False&#xD;
      		state.dir: 	C:\Users\seiji_yfc8940\AppData\Local\Temp\ksql-dsl-app-rocks_to_list_ticks&#xD;
      		replication.factor: 	-1&#xD;
      		windowstore.changelog.additional.retention.ms: 	86400000&#xD;
      		offset.checkpoint.manager: 	&#xD;
      		metrics.interval.ms: 	30000&#xD;
      		metrics.recording.level: 	INFO&#xD;
      		log.processing.summary: 	00:01:00&#xD;
      		metrics.reporter: 	System.Action`1[System.Collections.Generic.IEnumerable`1[Streamiz.Kafka.Net.Metrics.Sensor]]&#xD;
      		expose.librdkafka.stats: 	False&#xD;
      		start.task.delay.ms: 	5000&#xD;
      		parallel.processing: 	False&#xD;
      		max.degree.of.parallelism: 	8&#xD;
      		statestore.cache.max.bytes: 	5242880&#xD;
      		application.id: 	ksql-dsl-app-rocks_to_list_ticks&#xD;
      		schema.registry.url: 	http://127.0.0.1:18081&#xD;
      	Client property:&#xD;
      		bootstrap.servers: 	127.0.0.1:39092&#xD;
      	Consumer property:&#xD;
      		max.poll.interval.ms: 	300000&#xD;
      		enable.auto.commit: 	False&#xD;
      		enable.auto.offset.store: 	False&#xD;
      		allow.auto.create.topics: 	False&#xD;
      		partition.assignment.strategy: 	range&#xD;
      		auto.offset.reset: 	earliest&#xD;
      	Producer property:&#xD;
      		allow.auto.create.topics: 	False&#xD;
      		partitioner: 	murmur2_random&#xD;
      	Admin client property:&#xD;
      		allow.auto.create.topics: 	False&#xD;
info: Streamiz.Kafka.Net.Processors.Internal.StateDirectory[0]&#xD;
      No process id found on disk, got fresh process id 5800c4b2-81e9-4e38-bc2d-66bedf5b280a&#xD;
info: Streamiz.Kafka.Net.Processors.StreamThread[0]&#xD;
      stream-thread[ksql-dsl-app-rocks_to_list_ticks-5800c4b2-81e9-4e38-bc2d-66bedf5b280a-stream-thread-0] Creating consumer client&#xD;
info: Streamiz.Kafka.Net.KafkaStream[0]&#xD;
      stream-application[ksql-dsl-app-rocks_to_list_ticks] State transition from CREATED to REBALANCING&#xD;
info: Kafka.Ksql.Linq.Messaging.Producers.KafkaProducerManager[0]&#xD;
      producer:rocks_to_list_ticks config: Acks=All, BatchNumMessages=10000, BatchSize=16384, BootstrapServers=127.0.0.1:39092, ClientId=ksql-dsl-client, CompressionType=Snappy, EnableIdempotence=True, LingerMs=5, MaxInFlight=1, MessageTimeoutMs=120000, RetryBackoffMs=100&#xD;
info: Streamiz.Kafka.Net.KafkaStream[0]&#xD;
      stream-application[ksql-dsl-app-rocks_to_list_ticks] Starting Streams client with this topology : Topologies:&#xD;
         Sub-topology: 1&#xD;
          Source: KSTREAM-SOURCE-0000000004 (topics: [rocks_to_list_ticks-by-stringkey-repartition])&#xD;
            --&gt; KSTREAM-TOTABLE-0000000005&#xD;
          Processor: KSTREAM-TOTABLE-0000000005 (stores: [rocks_to_list_ticks])&#xD;
            --&gt; none&#xD;
            &lt;-- KSTREAM-SOURCE-0000000004&#xD;
         Sub-topology: 0&#xD;
          Source: KSTREAM-SOURCE-0000000000 (topics: [rocks_to_list_ticks])&#xD;
            --&gt; KSTREAM-KEY-SELECT-0000000001&#xD;
          Processor: KSTREAM-KEY-SELECT-0000000001 (stores: [])&#xD;
            --&gt; KSTREAM-FILTER-0000000003&#xD;
            &lt;-- KSTREAM-SOURCE-0000000000&#xD;
          Processor: KSTREAM-FILTER-0000000003 (stores: [])&#xD;
            --&gt; KSTREAM-SINK-0000000002&#xD;
            &lt;-- KSTREAM-KEY-SELECT-0000000001&#xD;
          Sink: KSTREAM-SINK-0000000002 (topic: rocks_to_list_ticks-by-stringkey-repartition)&#xD;
            &lt;-- KSTREAM-FILTER-0000000003&#xD;
info: Kafka.Ksql.Linq.Messaging.Producers.KafkaProducerManager[0]&#xD;
      schema-registry(producer) config: Url=http://127.0.0.1:18081&#xD;
info: Kafka.Ksql.Linq.Messaging.Producers.KafkaProducerManager[0]&#xD;
      kafka produce: topic=rocks_to_list_ticks, entity=Tick, method=SendAsync&#xD;
info: Streamiz.Kafka.Net.Processors.StreamThread[0]&#xD;
      stream-thread[ksql-dsl-app-rocks_to_list_ticks-5800c4b2-81e9-4e38-bc2d-66bedf5b280a-stream-thread-0] Starting&#xD;
info: Streamiz.Kafka.Net.Processors.StreamThread[0]&#xD;
      stream-thread[ksql-dsl-app-rocks_to_list_ticks-5800c4b2-81e9-4e38-bc2d-66bedf5b280a-stream-thread-0] State transition from CREATED to STARTING&#xD;
info: Kafka.Ksql.Linq.Messaging.Producers.KafkaProducerManager[0]&#xD;
      kafka produce: topic=rocks_to_list_ticks, entity=Tick, method=SendAsync&#xD;
info: Streamiz.Kafka.Net.Kafka.Internal.StreamsRebalanceListener[0]&#xD;
      New partitions assign requested : rocks_to_list_ticks [[0]],ksql-dsl-app-rocks_to_list_ticks-rocks_to_list_ticks-by-stringkey-repartition [[0]]&#xD;
info: Streamiz.Kafka.Net.Processors.StreamThread[0]&#xD;
      stream-thread[ksql-dsl-app-rocks_to_list_ticks-5800c4b2-81e9-4e38-bc2d-66bedf5b280a-stream-thread-0] State transition from STARTING to PARTITIONS_ASSIGNED&#xD;
info: Streamiz.Kafka.Net.Kafka.Internal.StreamsRebalanceListener[0]&#xD;
      Partition assignment took 00:00:00.3141764 ms.&#xD;
      	Currently assigned active tasks: 1-0,0-0&#xD;
info: Streamiz.Kafka.Net.Processors.StreamThread[0]&#xD;
      stream-thread[ksql-dsl-app-rocks_to_list_ticks-5800c4b2-81e9-4e38-bc2d-66bedf5b280a-stream-thread-0] State transition from PARTITIONS_ASSIGNED to RUNNING&#xD;
info: Streamiz.Kafka.Net.KafkaStream[0]&#xD;
      stream-application[ksql-dsl-app-rocks_to_list_ticks] State transition from REBALANCING to RUNNING&#xD;
info: Streamiz.Kafka.Net.Processors.Internal.ProcessorStateManager[0]&#xD;
      State store rocks_to_list_ticks did not find checkpoint offset, hence would default to the starting offset at changelog ksql-dsl-app-rocks_to_list_ticks-rocks_to_list_ticks-changelog [[0]]&#xD;
info: Streamiz.Kafka.Net.Processors.StreamTask[0]&#xD;
      stream-task[1|0] Task 1-0 state transition from CREATED to RESTORING&#xD;
info: Streamiz.Kafka.Net.Processors.StreamTask[0]&#xD;
      stream-task[1|0] Restoration will start soon.&#xD;
info: Streamiz.Kafka.Net.Processors.StreamTask[0]&#xD;
      stream-task[0|0] Task 0-0 state transition from CREATED to RUNNING&#xD;
info: Streamiz.Kafka.Net.Processors.Internal.StoreChangelogReader[0]&#xD;
      Finished restoring changelog rocks_to_list_ticks to store ksql-dsl-app-rocks_to_list_ticks-rocks_to_list_ticks-changelog [[0]] with a total number of 0 records&#xD;
info: Streamiz.Kafka.Net.Processors.StreamTask[0]&#xD;
      stream-task[1|0] Task 1-0 state transition from RESTORING to RUNNING&#xD;
info: Streamiz.Kafka.Net.Processors.StreamTask[0]&#xD;
      stream-task[1|0] Restored and ready to run&#xD;
info: Streamiz.Kafka.Net.Processors.StreamThread[0]&#xD;
      Restoration took 546ms for all tasks 1-0,0-0&#xD;
%3|1758047141.747|ERROR|ksql-dsl-client-admin#producer-4| [thrd:127.0.0.1:39092/1]: 1/1 brokers are down&#xD;
%3|1758047141.747|ERROR|ksql-dsl-client-admin#producer-2| [thrd:127.0.0.1:39092/1]: 1/1 brokers are down&#xD;
%3|1758047141.748|ERROR|ksql-dsl-client-admin#producer-16| [thrd:127.0.0.1:39092/1]: 1/1 brokers are down&#xD;
%6|1758047141.748|FAIL|ksql-dsl-client-admin#producer-69| [thrd:127.0.0.1:39092/1]: 127.0.0.1:39092/1: Disconnected (after 17221ms in state UP)&#xD;
%3|1758047141.748|ERROR|ksql-dsl-client-admin#producer-69| [thrd:127.0.0.1:39092/1]: 1/1 brokers are down&#xD;
%3|1758047141.748|ERROR|ksql-dsl-client-admin#producer-14| [thrd:127.0.0.1:39092/1]: 1/1 brokers are down&#xD;
%3|1758047141.748|ERROR|ksql-dsl-client-admin#producer-69| [thrd:app]: ksql-dsl-client-admin#producer-69: 127.0.0.1:39092/1: Disconnected (after 17221ms in state UP)&#xD;
%3|1758047141.748|ERROR|ksql-dsl-client-admin#producer-44| [thrd:127.0.0.1:39092/1]: 1/1 brokers are down&#xD;
fail: Streamiz.Kafka.Net.Kafka.KafkaLoggerAdapter[0]&#xD;
      stream-thread[ksql-dsl-app-rocks_to_list_ticks-5800c4b2-81e9-4e38-bc2d-66bedf5b280a-stream-thread-0] Error consumer ksql-dsl-app-rocks_to_list_ticks-5800c4b2-81e9-4e38-bc2d-66bedf5b280a-StreamThread-0-streamiz-consumer#consumer-66 - 127.0.0.1:39092/1: Disconnected (after 22490ms in state UP)&#xD;
fail: Streamiz.Kafka.Net.Kafka.KafkaLoggerAdapter[0]&#xD;
      stream-thread[ksql-dsl-app-rocks_to_list_ticks-5800c4b2-81e9-4e38-bc2d-66bedf5b280a-stream-thread-0] Error consumer ksql-dsl-app-rocks_to_list_ticks-5800c4b2-81e9-4e38-bc2d-66bedf5b280a-StreamThread-0-streamiz-consumer#consumer-66 - 1/1 brokers are down&#xD;
fail: Streamiz.Kafka.Net.Kafka.KafkaLoggerAdapter[0]&#xD;
      stream-thread[ksql-dsl-app-rocks_to_list_ticks-5800c4b2-81e9-4e38-bc2d-66bedf5b280a-stream-thread-0] Error consumer ksql-dsl-app-rocks_to_list_ticks-5800c4b2-81e9-4e38-bc2d-66bedf5b280a-StreamThread-0-streamiz-consumer#consumer-66 - GroupCoordinator: 127.0.0.1:39092: Disconnected (after 22475ms in state UP)&#xD;
fail: Streamiz.Kafka.Net.Kafka.KafkaLoggerAdapter[0]&#xD;
      stream-thread[.NET Long Running Task] Error producer ksql-dsl-app-rocks_to_list_ticks-5800c4b2-81e9-4e38-bc2d-66bedf5b280a-stream-thread-0-streamiz-producer#producer-65 - 127.0.0.1:39092/1: Disconnected (after 22145ms in state UP)&#xD;
fail: Streamiz.Kafka.Net.Kafka.KafkaLoggerAdapter[0]&#xD;
      stream-thread[.NET Long Running Task] Error admin ksql-dsl-app-rocks_to_list_ticks-5800c4b2-81e9-4e38-bc2d-66bedf5b280a-stream-thread-0#producer-64 - 127.0.0.1:39092/1: Disconnected (after 22145ms in state UP)&#xD;
fail: Streamiz.Kafka.Net.Kafka.KafkaLoggerAdapter[0]&#xD;
      stream-thread[.NET Long Running Task] Error admin ksql-dsl-app-rocks_to_list_ticks-5800c4b2-81e9-4e38-bc2d-66bedf5b280a-streamiz-admin#producer-62 - 127.0.0.1:39092/1: Disconnected (after 22145ms in state UP)&#xD;
fail: Streamiz.Kafka.Net.Kafka.KafkaLoggerAdapter[0]&#xD;
      stream-thread[.NET Long Running Task] Error producer ksql-dsl-app-rocks_to_list_ticks-5800c4b2-81e9-4e38-bc2d-66bedf5b280a-stream-thread-0-streamiz-producer#producer-65 - 1/1 brokers are down&#xD;
fail: Streamiz.Kafka.Net.Kafka.KafkaLoggerAdapter[0]&#xD;
      stream-thread[.NET Long Running Task] Error admin ksql-dsl-app-rocks_to_list_ticks-5800c4b2-81e9-4e38-bc2d-66bedf5b280a-streamiz-admin#producer-62 - 1/1 brokers are down&#xD;
fail: Streamiz.Kafka.Net.Kafka.KafkaLoggerAdapter[0]&#xD;
      stream-thread[.NET Long Running Task] Error admin ksql-dsl-app-rocks_to_list_ticks-5800c4b2-81e9-4e38-bc2d-66bedf5b280a-stream-thread-0#producer-64 - 1/1 brokers are down&#xD;
fail: Streamiz.Kafka.Net.Kafka.KafkaLoggerAdapter[0]&#xD;
      stream-thread[ksql-dsl-app-rocks_to_list_ticks-5800c4b2-81e9-4e38-bc2d-66bedf5b280a-stream-thread-0] Error consumer ksql-dsl-app-rocks_to_list_ticks-5800c4b2-81e9-4e38-bc2d-66bedf5b280a-StreamThread-0-streamiz-consumer#consumer-66 - GroupCoordinator: 127.0.0.1:39092: Disconnected (after 1ms in state APIVERSION_QUERY, 1 identical error(s) suppressed)&#xD;
fail: Streamiz.Kafka.Net.Kafka.KafkaLoggerAdapter[0]&#xD;
      stream-thread[ksql-dsl-app-rocks_to_list_ticks-5800c4b2-81e9-4e38-bc2d-66bedf5b280a-stream-thread-0] Error consumer ksql-dsl-app-rocks_to_list_ticks-5800c4b2-81e9-4e38-bc2d-66bedf5b280a-StreamThread-0-streamiz-consumer#consumer-66 - 127.0.0.1:39092/1: Disconnected while requesting ApiVersion: might be caused by incorrect security.protocol configuration (connecting to a SSL listener?) or broker version is &lt; 0.10 (see api.version.request) (after 0ms in state APIVERSION_QUERY)&#xD;
fail: Streamiz.Kafka.Net.Kafka.KafkaLoggerAdapter[0]&#xD;
      stream-thread[ksql-dsl-app-rocks_to_list_ticks-5800c4b2-81e9-4e38-bc2d-66bedf5b280a-stream-thread-0] Error consumer ksql-dsl-app-rocks_to_list_ticks-5800c4b2-81e9-4e38-bc2d-66bedf5b280a-StreamThread-0-streamiz-consumer#consumer-66 - 127.0.0.1:39092/bootstrap: Disconnected while requesting ApiVersion: might be caused by incorrect security.protocol configuration (connecting to a SSL listener?) or broker version is &lt; 0.10 (see api.version.request) (after 1ms in state APIVERSION_QUERY)&#xD;
fail: Streamiz.Kafka.Net.Kafka.KafkaLoggerAdapter[0]&#xD;
      stream-thread[ksql-dsl-app-rocks_to_list_ticks-5800c4b2-81e9-4e38-bc2d-66bedf5b280a-stream-thread-0] Error consumer ksql-dsl-app-rocks_to_list_ticks-5800c4b2-81e9-4e38-bc2d-66bedf5b280a-StreamThread-0-streamiz-consumer#consumer-66 - 2/2 brokers are down&#xD;
fail: Streamiz.Kafka.Net.Kafka.KafkaLoggerAdapter[0]&#xD;
      stream-thread[.NET Long Running Task] Error admin ksql-dsl-app-rocks_to_list_ticks-5800c4b2-81e9-4e38-bc2d-66bedf5b280a-stream-thread-0#producer-64 - 127.0.0.1:39092/1: Disconnected while requesting ApiVersion: might be caused by incorrect security.protocol configuration (connecting to a SSL listener?) or broker version is &lt; 0.10 (see api.version.request) (after 0ms in state APIVERSION_QUERY)&#xD;
fail: Streamiz.Kafka.Net.Kafka.KafkaLoggerAdapter[0]&#xD;
      stream-thread[.NET Long Running Task] Error producer ksql-dsl-app-rocks_to_list_ticks-5800c4b2-81e9-4e38-bc2d-66bedf5b280a-stream-thread-0-streamiz-producer#producer-65 - 127.0.0.1:39092/1: Disconnected while requesting ApiVersion: might be caused by incorrect security.protocol configuration (connecting to a SSL listener?) or broker version is &lt; 0.10 (see api.version.request) (after 0ms in state APIVERSION_QUERY)&#xD;
fail: Streamiz.Kafka.Net.Kafka.KafkaLoggerAdapter[0]&#xD;
      stream-thread[.NET Long Running Task] Error admin ksql-dsl-app-rocks_to_list_ticks-5800c4b2-81e9-4e38-bc2d-66bedf5b280a-streamiz-admin#producer-62 - 127.0.0.1:39092/1: Disconnected while requesting ApiVersion: might be caused by incorrect security.protocol configuration (connecting to a SSL listener?) or broker version is &lt; 0.10 (see api.version.request) (after 0ms in state APIVERSION_QUERY)&#xD;
fail: Streamiz.Kafka.Net.Kafka.KafkaLoggerAdapter[0]&#xD;
      stream-thread[.NET Long Running Task] Error producer ksql-dsl-app-rocks_to_list_ticks-5800c4b2-81e9-4e38-bc2d-66bedf5b280a-stream-thread-0-streamiz-producer#producer-65 - 127.0.0.1:39092/bootstrap: Disconnected while requesting ApiVersion: might be caused by incorrect security.protocol configuration (connecting to a SSL listener?) or broker version is &lt; 0.10 (see api.version.request) (after 0ms in state APIVERSION_QUERY)&#xD;
fail: Streamiz.Kafka.Net.Kafka.KafkaLoggerAdapter[0]&#xD;
      stream-thread[.NET Long Running Task] Error producer ksql-dsl-app-rocks_to_list_ticks-5800c4b2-81e9-4e38-bc2d-66bedf5b280a-stream-thread-0-streamiz-producer#producer-65 - 2/2 brokers are down&#xD;
fail: Streamiz.Kafka.Net.Kafka.KafkaLoggerAdapter[0]&#xD;
      stream-thread[ksql-dsl-app-rocks_to_list_ticks-5800c4b2-81e9-4e38-bc2d-66bedf5b280a-stream-thread-0] Error consumer ksql-dsl-app-rocks_to_list_ticks-5800c4b2-81e9-4e38-bc2d-66bedf5b280a-StreamThread-0-streamiz-consumer#consumer-66 - 127.0.0.1:39092/1: Disconnected while requesting ApiVersion: might be caused by incorrect security.protocol configuration (connecting to a SSL listener?) or broker version is &lt; 0.10 (see api.version.request) (after 1ms in state APIVERSION_QUERY, 1 identical error(s) suppressed)&#xD;
%6|1758047142.011|FAIL|ksql-dsl-client-admin#producer-2| [thrd:127.0.0.1:39092/1]: 127.0.0.1:39092/1: Disconnected while requesting ApiVersion: might be caused by incorrect security.protocol configuration (connecting to a SSL listener?) or broker version is &lt; 0.10 (see api.version.request) (after 1ms in state APIVERSION_QUERY)&#xD;
%3|1758047142.011|ERROR|ksql-dsl-client-admin#producer-2| [thrd:app]: ksql-dsl-client-admin#producer-2: 127.0.0.1:39092/1: Disconnected while requesting ApiVersion: might be caused by incorrect security.protocol configuration (connecting to a SSL listener?) or broker version is &lt; 0.10 (see api.version.request) (after 1ms in state APIVERSION_QUERY)&#xD;
fail: Streamiz.Kafka.Net.Kafka.KafkaLoggerAdapter[0]&#xD;
      stream-thread[ksql-dsl-app-rocks_to_list_ticks-5800c4b2-81e9-4e38-bc2d-66bedf5b280a-stream-thread-0] Error consumer ksql-dsl-app-rocks_to_list_ticks-5800c4b2-81e9-4e38-bc2d-66bedf5b280a-StreamThread-0-streamiz-consumer#consumer-66 - 127.0.0.1:39092/bootstrap: Disconnected while requesting ApiVersion: might be caused by incorrect security.protocol configuration (connecting to a SSL listener?) or broker version is &lt; 0.10 (see api.version.request) (after 1ms in state APIVERSION_QUERY, 1 identical error(s) suppressed)&#xD;
fail: Streamiz.Kafka.Net.Kafka.KafkaLoggerAdapter[0]&#xD;
      stream-thread[.NET Long Running Task] Error producer ksql-dsl-app-rocks_to_list_ticks-5800c4b2-81e9-4e38-bc2d-66bedf5b280a-stream-thread-0-streamiz-producer#producer-65 - 127.0.0.1:39092/1: Disconnected while requesting ApiVersion: might be caused by incorrect security.protocol configuration (connecting to a SSL listener?) or broker version is &lt; 0.10 (see api.version.request) (after 1ms in state APIVERSION_QUERY, 1 identical error(s) suppressed)&#xD;
fail: Streamiz.Kafka.Net.Kafka.KafkaLoggerAdapter[0]&#xD;
      stream-thread[.NET Long Running Task] Error producer ksql-dsl-app-rocks_to_list_ticks-5800c4b2-81e9-4e38-bc2d-66bedf5b280a-stream-thread-0-streamiz-producer#producer-65 - 127.0.0.1:39092/bootstrap: Disconnected while requesting ApiVersion: might be caused by incorrect security.protocol configuration (connecting to a SSL listener?) or broker version is &lt; 0.10 (see api.version.request) (after 1ms in state APIVERSION_QUERY, 1 identical error(s) suppressed)&#xD;
fail: Streamiz.Kafka.Net.Kafka.KafkaLoggerAdapter[0]&#xD;
      stream-thread[.NET Long Running Task] Error admin ksql-dsl-app-rocks_to_list_ticks-5800c4b2-81e9-4e38-bc2d-66bedf5b280a-streamiz-admin#producer-62 - 127.0.0.1:39092/1: Disconnected while requesting ApiVersion: might be caused by incorrect security.protocol configuration (connecting to a SSL listener?) or broker version is &lt; 0.10 (see api.version.request) (after 1ms in state APIVERSION_QUERY, 1 identical error(s) suppressed)&#xD;
fail: Streamiz.Kafka.Net.Kafka.KafkaLoggerAdapter[0]&#xD;
      stream-thread[.NET Long Running Task] Error admin ksql-dsl-app-rocks_to_list_ticks-5800c4b2-81e9-4e38-bc2d-66bedf5b280a-stream-thread-0#producer-64 - 127.0.0.1:39092/1: Disconnected while requesting ApiVersion: might be caused by incorrect security.protocol configuration (connecting to a SSL listener?) or broker version is &lt; 0.10 (see api.version.request) (after 1ms in state APIVERSION_QUERY, 1 identical error(s) suppressed)&#xD;
%6|1758047142.246|FAIL|ksql-dsl-client-admin#producer-44| [thrd:127.0.0.1:39092/1]: 127.0.0.1:39092/1: Disconnected while requesting ApiVersion: might be caused by incorrect security.protocol configuration (connecting to a SSL listener?) or broker version is &lt; 0.10 (see api.version.request) (after 1ms in state APIVERSION_QUERY)&#xD;
%3|1758047142.246|ERROR|ksql-dsl-client-admin#producer-44| [thrd:app]: ksql-dsl-client-admin#producer-44: 127.0.0.1:39092/1: Disconnected while requesting ApiVersion: might be caused by incorrect security.protocol configuration (connecting to a SSL listener?) or broker version is &lt; 0.10 (see api.version.request) (after 1ms in state APIVERSION_QUERY)&#xD;
%6|1758047142.310|FAIL|ksql-dsl-client-admin#producer-2| [thrd:127.0.0.1:39092/1]: 127.0.0.1:39092/1: Disconnected while requesting ApiVersion: might be caused by incorrect security.protocol configuration (connecting to a SSL listener?) or broker version is &lt; 0.10 (see api.version.request) (after 0ms in state APIVERSION_QUERY, 1 identical error(s) suppressed)&#xD;
%3|1758047142.310|ERROR|ksql-dsl-client-admin#producer-2| [thrd:app]: ksql-dsl-client-admin#producer-2: 127.0.0.1:39092/1: Disconnected while requesting ApiVersion: might be caused by incorrect security.protocol configuration (connecting to a SSL listener?) or broker version is &lt; 0.10 (see api.version.request) (after 0ms in state APIVERSION_QUERY, 1 identical error(s) suppressed)&#xD;
%6|1758047142.357|FAIL|ksql-dsl-client-admin#producer-16| [thrd:127.0.0.1:39092/1]: 127.0.0.1:39092/1: Disconnected while requesting ApiVersion: might be caused by incorrect security.protocol configuration (connecting to a SSL listener?) or broker version is &lt; 0.10 (see api.version.request) (after 1ms in state APIVERSION_QUERY)&#xD;
%3|1758047142.357|ERROR|ksql-dsl-client-admin#producer-16| [thrd:app]: ksql-dsl-client-admin#producer-16: 127.0.0.1:39092/1: Disconnected while requesting ApiVersion: might be caused by incorrect security.protocol configuration (connecting to a SSL listener?) or broker version is &lt; 0.10 (see api.version.request) (after 1ms in state APIVERSION_QUERY)&#xD;
%6|1758047142.545|FAIL|ksql-dsl-client-admin#producer-44| [thrd:127.0.0.1:39092/1]: 127.0.0.1:39092/1: Disconnected while requesting ApiVersion: might be caused by incorrect security.protocol configuration (connecting to a SSL listener?) or broker version is &lt; 0.10 (see api.version.request) (after 1ms in state APIVERSION_QUERY, 1 identical error(s) suppressed)&#xD;
%3|1758047142.545|ERROR|ksql-dsl-client-admin#producer-44| [thrd:app]: ksql-dsl-client-admin#producer-44: 127.0.0.1:39092/1: Disconnected while requesting ApiVersion: might be caused by incorrect security.protocol configuration (connecting to a SSL listener?) or broker version is &lt; 0.10 (see api.version.request) (after 1ms in state APIVERSION_QUERY, 1 identical error(s) suppressed)&#xD;
%6|1758047142.625|FAIL|ksql-dsl-client-admin#producer-69| [thrd:127.0.0.1:39092/1]: 127.0.0.1:39092/1: Disconnected while requesting ApiVersion: might be caused by incorrect security.protocol configuration (connecting to a SSL listener?) or broker version is &lt; 0.10 (see api.version.request) (after 1ms in state APIVERSION_QUERY)&#xD;
%3|1758047142.625|ERROR|ksql-dsl-client-admin#producer-69| [thrd:app]: ksql-dsl-client-admin#producer-69: 127.0.0.1:39092/1: Disconnected while requesting ApiVersion: might be caused by incorrect security.protocol configuration (connecting to a SSL listener?) or broker version is &lt; 0.10 (see api.version.request) (after 1ms in state APIVERSION_QUERY)&#xD;
%6|1758047142.656|FAIL|ksql-dsl-client-admin#producer-14| [thrd:127.0.0.1:39092/1]: 127.0.0.1:39092/1: Disconnected while requesting ApiVersion: might be caused by incorrect security.protocol configuration (connecting to a SSL listener?) or broker version is &lt; 0.10 (see api.version.request) (after 1ms in state APIVERSION_QUERY)&#xD;
%6|1758047142.656|FAIL|ksql-dsl-client-admin#producer-16| [thrd:127.0.0.1:39092/1]: 127.0.0.1:39092/1: Disconnected while requesting ApiVersion: might be caused by incorrect security.protocol configuration (connecting to a SSL listener?) or broker version is &lt; 0.10 (see api.version.request) (after 1ms in state APIVERSION_QUERY, 1 identical error(s) suppressed)&#xD;
%6|1758047142.656|FAIL|ksql-dsl-client-admin#producer-4| [thrd:127.0.0.1:39092/1]: 127.0.0.1:39092/1: Disconnected while requesting ApiVersion: might be caused by incorrect security.protocol configuration (connecting to a SSL listener?) or broker version is &lt; 0.10 (see api.version.request) (after 1ms in state APIVERSION_QUERY)&#xD;
%3|1758047142.656|ERROR|ksql-dsl-client-admin#producer-14| [thrd:app]: ksql-dsl-client-admin#producer-14: 127.0.0.1:39092/1: Disconnected while requesting ApiVersion: might be caused by incorrect security.protocol configuration (connecting to a SSL listener?) or broker version is &lt; 0.10 (see api.version.request) (after 1ms in state APIVERSION_QUERY)&#xD;
%3|1758047142.656|ERROR|ksql-dsl-client-admin#producer-16| [thrd:app]: ksql-dsl-client-admin#producer-16: 127.0.0.1:39092/1: Disconnected while requesting ApiVersion: might be caused by incorrect security.protocol configuration (connecting to a SSL listener?) or broker version is &lt; 0.10 (see api.version.request) (after 1ms in state APIVERSION_QUERY, 1 identical error(s) suppressed)&#xD;
%3|1758047142.656|ERROR|ksql-dsl-client-admin#producer-4| [thrd:app]: ksql-dsl-client-admin#producer-4: 127.0.0.1:39092/1: Disconnected while requesting ApiVersion: might be caused by incorrect security.protocol configuration (connecting to a SSL listener?) or broker version is &lt; 0.10 (see api.version.request) (after 1ms in state APIVERSION_QUERY)&#xD;
fail: Streamiz.Kafka.Net.Kafka.KafkaLoggerAdapter[0]&#xD;
      stream-thread[.NET Long Running Task] Error admin ksql-dsl-app-rocks_to_list_ticks-5800c4b2-81e9-4e38-bc2d-66bedf5b280a-streamiz-admin#producer-62 - 127.0.0.1:39092/bootstrap: Disconnected while requesting ApiVersion: might be caused by incorrect security.protocol configuration (connecting to a SSL listener?) or broker version is &lt; 0.10 (see api.version.request) (after 1ms in state APIVERSION_QUERY)&#xD;
fail: Streamiz.Kafka.Net.Kafka.KafkaLoggerAdapter[0]&#xD;
      stream-thread[.NET Long Running Task] Error admin ksql-dsl-app-rocks_to_list_ticks-5800c4b2-81e9-4e38-bc2d-66bedf5b280a-streamiz-admin#producer-62 - 2/2 brokers are down&#xD;
fail: Streamiz.Kafka.Net.Kafka.KafkaLoggerAdapter[0]&#xD;
      stream-thread[.NET Long Running Task] Error admin ksql-dsl-app-rocks_to_list_ticks-5800c4b2-81e9-4e38-bc2d-66bedf5b280a-stream-thread-0#producer-64 - 127.0.0.1:39092/bootstrap: Disconnected while requesting ApiVersion: might be caused by incorrect security.protocol configuration (connecting to a SSL listener?) or broker version is &lt; 0.10 (see api.version.request) (after 1ms in state APIVERSION_QUERY)&#xD;
fail: Streamiz.Kafka.Net.Kafka.KafkaLoggerAdapter[0]&#xD;
      stream-thread[.NET Long Running Task] Error admin ksql-dsl-app-rocks_to_list_ticks-5800c4b2-81e9-4e38-bc2d-66bedf5b280a-stream-thread-0#producer-64 - 2/2 brokers are down&#xD;
%6|1758047142.920|FAIL|ksql-dsl-client-admin#producer-69| [thrd:127.0.0.1:39092/1]: 127.0.0.1:39092/1: Disconnected while requesting ApiVersion: might be caused by incorrect security.protocol configuration (connecting to a SSL listener?) or broker version is &lt; 0.10 (see api.version.request) (after 1ms in state APIVERSION_QUERY, 1 identical error(s) suppressed)&#xD;
%3|1758047142.920|ERROR|ksql-dsl-client-admin#producer-69| [thrd:app]: ksql-dsl-client-admin#producer-69: 127.0.0.1:39092/1: Disconnected while requesting ApiVersion: might be caused by incorrect security.protocol configuration (connecting to a SSL listener?) or broker version is &lt; 0.10 (see api.version.request) (after 1ms in state APIVERSION_QUERY, 1 identical error(s) suppressed)&#xD;
%6|1758047142.950|FAIL|ksql-dsl-client-admin#producer-4| [thrd:127.0.0.1:39092/1]: 127.0.0.1:39092/1: Disconnected while requesting ApiVersion: might be caused by incorrect security.protocol configuration (connecting to a SSL listener?) or broker version is &lt; 0.10 (see api.version.request) (after 1ms in state APIVERSION_QUERY, 1 identical error(s) suppressed)&#xD;
%3|1758047142.950|ERROR|ksql-dsl-client-admin#producer-4| [thrd:app]: ksql-dsl-client-admin#producer-4: 127.0.0.1:39092/1: Disconnected while requesting ApiVersion: might be caused by incorrect security.protocol configuration (connecting to a SSL listener?) or broker version is &lt; 0.10 (see api.version.request) (after 1ms in state APIVERSION_QUERY, 1 identical error(s) suppressed)&#xD;
%6|1758047142.964|FAIL|ksql-dsl-client-admin#producer-14| [thrd:127.0.0.1:39092/1]: 127.0.0.1:39092/1: Disconnected while requesting ApiVersion: might be caused by incorrect security.protocol configuration (connecting to a SSL listener?) or broker version is &lt; 0.10 (see api.version.request) (after 0ms in state APIVERSION_QUERY, 1 identical error(s) suppressed)&#xD;
%3|1758047142.964|ERROR|ksql-dsl-client-admin#producer-14| [thrd:app]: ksql-dsl-client-admin#producer-14: 127.0.0.1:39092/1: Disconnected while requesting ApiVersion: might be caused by incorrect security.protocol configuration (connecting to a SSL listener?) or broker version is &lt; 0.10 (see api.version.request) (after 0ms in state APIVERSION_QUERY, 1 identical error(s) suppressed)&#xD;
%6|1758047143.012|FAIL|ksql-dsl-client-admin#producer-2| [thrd:127.0.0.1:39092/bootstrap]: 127.0.0.1:39092/bootstrap: Disconnected while requesting ApiVersion: might be caused by incorrect security.protocol configuration (connecting to a SSL listener?) or broker version is &lt; 0.10 (see api.version.request) (after 1ms in state APIVERSION_QUERY)&#xD;
%3|1758047143.012|ERROR|ksql-dsl-client-admin#producer-2| [thrd:127.0.0.1:39092/bootstrap]: 2/2 brokers are down&#xD;
%3|1758047143.012|ERROR|ksql-dsl-client-admin#producer-2| [thrd:app]: ksql-dsl-client-admin#producer-2: 127.0.0.1:39092/bootstrap: Disconnected while requesting ApiVersion: might be caused by incorrect security.protocol configuration (connecting to a SSL listener?) or broker version is &lt; 0.10 (see api.version.request) (after 1ms in state APIVERSION_QUERY)&#xD;
fail: Streamiz.Kafka.Net.Kafka.KafkaLoggerAdapter[0]&#xD;
      stream-thread[.NET Long Running Task] Error admin ksql-dsl-app-rocks_to_list_ticks-5800c4b2-81e9-4e38-bc2d-66bedf5b280a-stream-thread-0#producer-64 - 127.0.0.1:39092/bootstrap: Disconnected while requesting ApiVersion: might be caused by incorrect security.protocol configuration (connecting to a SSL listener?) or broker version is &lt; 0.10 (see api.version.request) (after 1ms in state APIVERSION_QUERY, 1 identical error(s) suppressed)&#xD;
fail: Streamiz.Kafka.Net.Kafka.KafkaLoggerAdapter[0]&#xD;
      stream-thread[.NET Long Running Task] Error admin ksql-dsl-app-rocks_to_list_ticks-5800c4b2-81e9-4e38-bc2d-66bedf5b280a-streamiz-admin#producer-62 - 127.0.0.1:39092/bootstrap: Disconnected while requesting ApiVersion: might be caused by incorrect security.protocol configuration (connecting to a SSL listener?) or broker version is &lt; 0.10 (see api.version.request) (after 1ms in state APIVERSION_QUERY, 1 identical error(s) suppressed)&#xD;
%6|1758047143.233|FAIL|ksql-dsl-client-admin#producer-2| [thrd:127.0.0.1:39092/bootstrap]: 127.0.0.1:39092/bootstrap: Disconnected while requesting ApiVersion: might be caused by incorrect security.protocol configuration (connecting to a SSL listener?) or broker version is &lt; 0.10 (see api.version.request) (after 0ms in state APIVERSION_QUERY, 1 identical error(s) suppressed)&#xD;
%3|1758047143.233|ERROR|ksql-dsl-client-admin#producer-2| [thrd:app]: ksql-dsl-client-admin#producer-2: 127.0.0.1:39092/bootstrap: Disconnected while requesting ApiVersion: might be caused by incorrect security.protocol configuration (connecting to a SSL listener?) or broker version is &lt; 0.10 (see api.version.request) (after 0ms in state APIVERSION_QUERY, 1 identical error(s) suppressed)&#xD;
%6|1758047143.249|FAIL|ksql-dsl-client-admin#producer-44| [thrd:127.0.0.1:39092/bootstrap]: 127.0.0.1:39092/bootstrap: Disconnected while requesting ApiVersion: might be caused by incorrect security.protocol configuration (connecting to a SSL listener?) or broker version is &lt; 0.10 (see api.version.request) (after 1ms in state APIVERSION_QUERY)&#xD;
%3|1758047143.249|ERROR|ksql-dsl-client-admin#producer-44| [thrd:127.0.0.1:39092/bootstrap]: 2/2 brokers are down&#xD;
%3|1758047143.249|ERROR|ksql-dsl-client-admin#producer-44| [thrd:app]: ksql-dsl-client-admin#producer-44: 127.0.0.1:39092/bootstrap: Disconnected while requesting ApiVersion: might be caused by incorrect security.protocol configuration (connecting to a SSL listener?) or broker version is &lt; 0.10 (see api.version.request) (after 1ms in state APIVERSION_QUERY)&#xD;
%6|1758047143.360|FAIL|ksql-dsl-client-admin#producer-16| [thrd:127.0.0.1:39092/bootstrap]: 127.0.0.1:39092/bootstrap: Disconnected while requesting ApiVersion: might be caused by incorrect security.protocol configuration (connecting to a SSL listener?) or broker version is &lt; 0.10 (see api.version.request) (after 1ms in state APIVERSION_QUERY)&#xD;
%3|1758047143.360|ERROR|ksql-dsl-client-admin#producer-16| [thrd:127.0.0.1:39092/bootstrap]: 2/2 brokers are down&#xD;
%3|1758047143.360|ERROR|ksql-dsl-client-admin#producer-16| [thrd:app]: ksql-dsl-client-admin#producer-16: 127.0.0.1:39092/bootstrap: Disconnected while requesting ApiVersion: might be caused by incorrect security.protocol configuration (connecting to a SSL listener?) or broker version is &lt; 0.10 (see api.version.request) (after 1ms in state APIVERSION_QUERY)&#xD;
%6|1758047143.455|FAIL|ksql-dsl-client-admin#producer-44| [thrd:127.0.0.1:39092/bootstrap]: 127.0.0.1:39092/bootstrap: Disconnected while requesting ApiVersion: might be caused by incorrect security.protocol configuration (connecting to a SSL listener?) or broker version is &lt; 0.10 (see api.version.request) (after 1ms in state APIVERSION_QUERY, 1 identical error(s) suppressed)&#xD;
%3|1758047143.455|ERROR|ksql-dsl-client-admin#producer-44| [thrd:app]: ksql-dsl-client-admin#producer-44: 127.0.0.1:39092/bootstrap: Disconnected while requesting ApiVersion: might be caused by incorrect security.protocol configuration (connecting to a SSL listener?) or broker version is &lt; 0.10 (see api.version.request) (after 1ms in state APIVERSION_QUERY, 1 identical error(s) suppressed)&#xD;
%6|1758047143.753|FAIL|ksql-dsl-client-admin#producer-69| [thrd:127.0.0.1:39092/bootstrap]: 127.0.0.1:39092/bootstrap: Disconnected while requesting ApiVersion: might be caused by incorrect security.protocol configuration (connecting to a SSL listener?) or broker version is &lt; 0.10 (see api.version.request) (after 128ms in state APIVERSION_QUERY)&#xD;
%6|1758047143.753|FAIL|ksql-dsl-client-admin#producer-16| [thrd:127.0.0.1:39092/bootstrap]: 127.0.0.1:39092/bootstrap: Disconnected while requesting ApiVersion: might be caused by incorrect security.protocol configuration (connecting to a SSL listener?) or broker version is &lt; 0.10 (see api.version.request) (after 190ms in state APIVERSION_QUERY, 1 identical error(s) suppressed)&#xD;
%3|1758047143.753|ERROR|ksql-dsl-client-admin#producer-69| [thrd:127.0.0.1:39092/bootstrap]: 2/2 brokers are down&#xD;
%6|1758047143.753|FAIL|ksql-dsl-client-admin#producer-4| [thrd:127.0.0.1:39092/bootstrap]: 127.0.0.1:39092/bootstrap: Disconnected while requesting ApiVersion: might be caused by incorrect security.protocol configuration (connecting to a SSL listener?) or broker version is &lt; 0.10 (see api.version.request) (after 83ms in state APIVERSION_QUERY)&#xD;
%6|1758047143.753|FAIL|ksql-dsl-client-admin#producer-14| [thrd:127.0.0.1:39092/bootstrap]: 127.0.0.1:39092/bootstrap: Disconnected while requesting ApiVersion: might be caused by incorrect security.protocol configuration (connecting to a SSL listener?) or broker version is &lt; 0.10 (see api.version.request) (after 83ms in state APIVERSION_QUERY)&#xD;
%3|1758047143.753|ERROR|ksql-dsl-client-admin#producer-4| [thrd:127.0.0.1:39092/bootstrap]: 2/2 brokers are down&#xD;
%3|1758047143.753|ERROR|ksql-dsl-client-admin#producer-14| [thrd:127.0.0.1:39092/bootstrap]: 2/2 brokers are down&#xD;
%3|1758047143.753|ERROR|ksql-dsl-client-admin#producer-4| [thrd:app]: ksql-dsl-client-admin#producer-4: 127.0.0.1:39092/bootstrap: Disconnected while requesting ApiVersion: might be caused by incorrect security.protocol configuration (connecting to a SSL listener?) or broker version is &lt; 0.10 (see api.version.request) (after 83ms in state APIVERSION_QUERY)&#xD;
%3|1758047143.753|ERROR|ksql-dsl-client-admin#producer-16| [thrd:app]: ksql-dsl-client-admin#producer-16: 127.0.0.1:39092/bootstrap: Disconnected while requesting ApiVersion: might be caused by incorrect security.protocol configuration (connecting to a SSL listener?) or broker version is &lt; 0.10 (see api.version.request) (after 190ms in state APIVERSION_QUERY, 1 identical error(s) suppressed)&#xD;
%3|1758047143.753|ERROR|ksql-dsl-client-admin#producer-14| [thrd:app]: ksql-dsl-client-admin#producer-14: 127.0.0.1:39092/bootstrap: Disconnected while requesting ApiVersion: might be caused by incorrect security.protocol configuration (connecting to a SSL listener?) or broker version is &lt; 0.10 (see api.version.request) (after 83ms in state APIVERSION_QUERY)&#xD;
%3|1758047143.753|ERROR|ksql-dsl-client-admin#producer-69| [thrd:app]: ksql-dsl-client-admin#producer-69: 127.0.0.1:39092/bootstrap: Disconnected while requesting ApiVersion: might be caused by incorrect security.protocol configuration (connecting to a SSL listener?) or broker version is &lt; 0.10 (see api.version.request) (after 128ms in state APIVERSION_QUERY)&#xD;
%3|1758047145.860|FAIL|ksql-dsl-client-admin#producer-16| [thrd:127.0.0.1:39092/1]: 127.0.0.1:39092/1: Connect to ipv4#127.0.0.1:39092 failed: Unknown error (after 2052ms in state CONNECT)&#xD;
%3|1758047145.860|ERROR|ksql-dsl-client-admin#producer-16| [thrd:app]: ksql-dsl-client-admin#producer-16: 127.0.0.1:39092/1: Connect to ipv4#127.0.0.1:39092 failed: Unknown error (after 2052ms in state CONNECT)&#xD;
%3|1758047145.938|FAIL|ksql-dsl-client-admin#producer-2| [thrd:127.0.0.1:39092/bootstrap]: 127.0.0.1:39092/bootstrap: Connect to ipv4#127.0.0.1:39092 failed: Unknown error (after 2038ms in state CONNECT)&#xD;
%3|1758047145.938|ERROR|ksql-dsl-client-admin#producer-2| [thrd:app]: ksql-dsl-client-admin#producer-2: 127.0.0.1:39092/bootstrap: Connect to ipv4#127.0.0.1:39092 failed: Unknown error (after 2038ms in state CONNECT)&#xD;
%3|1758047146.001|FAIL|ksql-dsl-client-admin#producer-14| [thrd:127.0.0.1:39092/bootstrap]: 127.0.0.1:39092/bootstrap: Connect to ipv4#127.0.0.1:39092 failed: Unknown error (after 2039ms in state CONNECT)&#xD;
%3|1758047146.001|FAIL|ksql-dsl-client-admin#producer-4| [thrd:127.0.0.1:39092/bootstrap]: 127.0.0.1:39092/bootstrap: Connect to ipv4#127.0.0.1:39092 failed: Unknown error (after 2039ms in state CONNECT)&#xD;
%3|1758047146.001|FAIL|ksql-dsl-client-admin#producer-69| [thrd:127.0.0.1:39092/bootstrap]: 127.0.0.1:39092/bootstrap: Connect to ipv4#127.0.0.1:39092 failed: Unknown error (after 2039ms in state CONNECT)&#xD;
%3|1758047146.001|ERROR|ksql-dsl-client-admin#producer-4| [thrd:app]: ksql-dsl-client-admin#producer-4: 127.0.0.1:39092/bootstrap: Connect to ipv4#127.0.0.1:39092 failed: Unknown error (after 2039ms in state CONNECT)&#xD;
%3|1758047146.001|ERROR|ksql-dsl-client-admin#producer-69| [thrd:app]: ksql-dsl-client-admin#producer-69: 127.0.0.1:39092/bootstrap: Connect to ipv4#127.0.0.1:39092 failed: Unknown error (after 2039ms in state CONNECT)&#xD;
%3|1758047146.001|ERROR|ksql-dsl-client-admin#producer-14| [thrd:app]: ksql-dsl-client-admin#producer-14: 127.0.0.1:39092/bootstrap: Connect to ipv4#127.0.0.1:39092 failed: Unknown error (after 2039ms in state CONNECT)&#xD;
%3|1758047146.127|FAIL|ksql-dsl-client-admin#producer-69| [thrd:127.0.0.1:39092/1]: 127.0.0.1:39092/1: Connect to ipv4#127.0.0.1:39092 failed: Unknown error (after 2056ms in state CONNECT)&#xD;
%3|1758047146.128|ERROR|ksql-dsl-client-admin#producer-69| [thrd:app]: ksql-dsl-client-admin#producer-69: 127.0.0.1:39092/1: Connect to ipv4#127.0.0.1:39092 failed: Unknown error (after 2056ms in state CONNECT)&#xD;
%3|1758047146.144|FAIL|ksql-dsl-client-admin#producer-4| [thrd:127.0.0.1:39092/1]: 127.0.0.1:39092/1: Connect to ipv4#127.0.0.1:39092 failed: Unknown error (after 2056ms in state CONNECT)&#xD;
%3|1758047146.144|ERROR|ksql-dsl-client-admin#producer-4| [thrd:app]: ksql-dsl-client-admin#producer-4: 127.0.0.1:39092/1: Connect to ipv4#127.0.0.1:39092 failed: Unknown error (after 2056ms in state CONNECT)&#xD;
%3|1758047146.145|FAIL|ksql-dsl-client-admin#producer-14| [thrd:127.0.0.1:39092/1]: 127.0.0.1:39092/1: Connect to ipv4#127.0.0.1:39092 failed: Unknown error (after 2041ms in state CONNECT)&#xD;
%3|1758047146.145|ERROR|ksql-dsl-client-admin#producer-14| [thrd:app]: ksql-dsl-client-admin#producer-14: 127.0.0.1:39092/1: Connect to ipv4#127.0.0.1:39092 failed: Unknown error (after 2041ms in state CONNECT)&#xD;
%3|1758047146.174|FAIL|ksql-dsl-client-admin#producer-44| [thrd:127.0.0.1:39092/bootstrap]: 127.0.0.1:39092/bootstrap: Connect to ipv4#127.0.0.1:39092 failed: Unknown error (after 2055ms in state CONNECT)&#xD;
%3|1758047146.174|ERROR|ksql-dsl-client-admin#producer-44| [thrd:app]: ksql-dsl-client-admin#producer-44: 127.0.0.1:39092/bootstrap: Connect to ipv4#127.0.0.1:39092 failed: Unknown error (after 2055ms in state CONNECT)&#xD;
%3|1758047146.457|FAIL|ksql-dsl-client-admin#producer-16| [thrd:127.0.0.1:39092/bootstrap]: 127.0.0.1:39092/bootstrap: Connect to ipv4#127.0.0.1:39092 failed: Unknown error (after 2041ms in state CONNECT)&#xD;
%3|1758047146.457|ERROR|ksql-dsl-client-admin#producer-16| [thrd:app]: ksql-dsl-client-admin#producer-16: 127.0.0.1:39092/bootstrap: Connect to ipv4#127.0.0.1:39092 failed: Unknown error (after 2041ms in state CONNECT)&#xD;
fail: Streamiz.Kafka.Net.Kafka.KafkaLoggerAdapter[0]&#xD;
      stream-thread[.NET Long Running Task] Error producer ksql-dsl-app-rocks_to_list_ticks-5800c4b2-81e9-4e38-bc2d-66bedf5b280a-stream-thread-0-streamiz-producer#producer-65 - 127.0.0.1:39092/1: Connect to ipv4#127.0.0.1:39092 failed: Unknown error (after 2040ms in state CONNECT)&#xD;
fail: Streamiz.Kafka.Net.Kafka.KafkaLoggerAdapter[0]&#xD;
      stream-thread[ksql-dsl-app-rocks_to_list_ticks-5800c4b2-81e9-4e38-bc2d-66bedf5b280a-stream-thread-0] Error consumer ksql-dsl-app-rocks_to_list_ticks-5800c4b2-81e9-4e38-bc2d-66bedf5b280a-StreamThread-0-streamiz-consumer#consumer-66 - 127.0.0.1:39092/1: Connect to ipv4#127.0.0.1:39092 failed: Unknown error (after 2042ms in state CONNECT)&#xD;
fail: Streamiz.Kafka.Net.Kafka.KafkaLoggerAdapter[0]&#xD;
      stream-thread[ksql-dsl-app-rocks_to_list_ticks-5800c4b2-81e9-4e38-bc2d-66bedf5b280a-stream-thread-0] Error consumer ksql-dsl-app-rocks_to_list_ticks-5800c4b2-81e9-4e38-bc2d-66bedf5b280a-StreamThread-0-streamiz-consumer#consumer-66 - 127.0.0.1:39092/bootstrap: Connect to ipv4#127.0.0.1:39092 failed: Unknown error (after 2031ms in state CONNECT)&#xD;
fail: Streamiz.Kafka.Net.Kafka.KafkaLoggerAdapter[0]&#xD;
      stream-thread[.NET Long Running Task] Error producer ksql-dsl-app-rocks_to_list_ticks-5800c4b2-81e9-4e38-bc2d-66bedf5b280a-stream-thread-0-streamiz-producer#producer-65 - 127.0.0.1:39092/bootstrap: Connect to ipv4#127.0.0.1:39092 failed: Unknown error (after 2029ms in state CONNECT)&#xD;
fail: Streamiz.Kafka.Net.Kafka.KafkaLoggerAdapter[0]&#xD;
      stream-thread[.NET Long Running Task] Error admin ksql-dsl-app-rocks_to_list_ticks-5800c4b2-81e9-4e38-bc2d-66bedf5b280a-stream-thread-0#producer-64 - 127.0.0.1:39092/bootstrap: Connect to ipv4#127.0.0.1:39092 failed: Unknown error (after 2040ms in state CONNECT)&#xD;
fail: Streamiz.Kafka.Net.Kafka.KafkaLoggerAdapter[0]&#xD;
      stream-thread[.NET Long Running Task] Error admin ksql-dsl-app-rocks_to_list_ticks-5800c4b2-81e9-4e38-bc2d-66bedf5b280a-streamiz-admin#producer-62 - 127.0.0.1:39092/bootstrap: Connect to ipv4#127.0.0.1:39092 failed: Unknown error (after 2040ms in state CONNECT)&#xD;
fail: Streamiz.Kafka.Net.Kafka.KafkaLoggerAdapter[0]&#xD;
      stream-thread[ksql-dsl-app-rocks_to_list_ticks-5800c4b2-81e9-4e38-bc2d-66bedf5b280a-stream-thread-0] Error consumer ksql-dsl-app-rocks_to_list_ticks-5800c4b2-81e9-4e38-bc2d-66bedf5b280a-StreamThread-0-streamiz-consumer#consumer-66 - GroupCoordinator: 127.0.0.1:39092: Connect to ipv4#127.0.0.1:39092 failed: Unknown error (after 2042ms in state CONNECT)&#xD;
fail: Streamiz.Kafka.Net.Kafka.KafkaLoggerAdapter[0]&#xD;
      stream-thread[.NET Long Running Task] Error admin ksql-dsl-app-rocks_to_list_ticks-5800c4b2-81e9-4e38-bc2d-66bedf5b280a-streamiz-admin#producer-62 - 127.0.0.1:39092/1: Connect to ipv4#127.0.0.1:39092 failed: Unknown error (after 2026ms in state CONNECT)&#xD;
fail: Streamiz.Kafka.Net.Kafka.KafkaLoggerAdapter[0]&#xD;
      stream-thread[.NET Long Running Task] Error admin ksql-dsl-app-rocks_to_list_ticks-5800c4b2-81e9-4e38-bc2d-66bedf5b280a-stream-thread-0#producer-64 - 127.0.0.1:39092/1: Connect to ipv4#127.0.0.1:39092 failed: Unknown error (after 2041ms in state CONNECT)&#xD;
%3|1758047149.694|FAIL|ksql-dsl-client-admin#producer-69| [thrd:127.0.0.1:39092/bootstrap]: 127.0.0.1:39092/bootstrap: Connect to ipv4#127.0.0.1:39092 failed: Unknown error (after 2040ms in state CONNECT, 1 identical error(s) suppressed)&#xD;
%3|1758047149.694|ERROR|ksql-dsl-client-admin#producer-69| [thrd:app]: ksql-dsl-client-admin#producer-69: 127.0.0.1:39092/bootstrap: Connect to ipv4#127.0.0.1:39092 failed: Unknown error (after 2040ms in state CONNECT, 1 identical error(s) suppressed)&#xD;
%3|1758047149.756|FAIL|ksql-dsl-client-admin#producer-4| [thrd:127.0.0.1:39092/bootstrap]: 127.0.0.1:39092/bootstrap: Connect to ipv4#127.0.0.1:39092 failed: Unknown error (after 2039ms in state CONNECT, 1 identical error(s) suppressed)&#xD;
%3|1758047149.756|FAIL|ksql-dsl-client-admin#producer-14| [thrd:127.0.0.1:39092/bootstrap]: 127.0.0.1:39092/bootstrap: Connect to ipv4#127.0.0.1:39092 failed: Unknown error (after 2039ms in state CONNECT, 1 identical error(s) suppressed)&#xD;
%3|1758047149.756|ERROR|ksql-dsl-client-admin#producer-4| [thrd:app]: ksql-dsl-client-admin#producer-4: 127.0.0.1:39092/bootstrap: Connect to ipv4#127.0.0.1:39092 failed: Unknown error (after 2039ms in state CONNECT, 1 identical error(s) suppressed)&#xD;
%3|1758047149.756|ERROR|ksql-dsl-client-admin#producer-14| [thrd:app]: ksql-dsl-client-admin#producer-14: 127.0.0.1:39092/bootstrap: Connect to ipv4#127.0.0.1:39092 failed: Unknown error (after 2039ms in state CONNECT, 1 identical error(s) suppressed)&#xD;
%3|1758047149.772|FAIL|ksql-dsl-client-admin#producer-2| [thrd:127.0.0.1:39092/1]: 127.0.0.1:39092/1: Connect to ipv4#127.0.0.1:39092 failed: Unknown error (after 2039ms in state CONNECT)&#xD;
%3|1758047149.772|ERROR|ksql-dsl-client-admin#producer-2| [thrd:app]: ksql-dsl-client-admin#producer-2: 127.0.0.1:39092/1: Connect to ipv4#127.0.0.1:39092 failed: Unknown error (after 2039ms in state CONNECT)&#xD;
%3|1758047150.060|FAIL|ksql-dsl-client-admin#producer-44| [thrd:127.0.0.1:39092/1]: 127.0.0.1:39092/1: Connect to ipv4#127.0.0.1:39092 failed: Unknown error (after 2020ms in state CONNECT)&#xD;
%3|1758047150.060|ERROR|ksql-dsl-client-admin#producer-44| [thrd:app]: ksql-dsl-client-admin#producer-44: 127.0.0.1:39092/1: Connect to ipv4#127.0.0.1:39092 failed: Unknown error (after 2020ms in state CONNECT)&#xD;
[xUnit.net 00:11:25.59]       System.Net.Http.HttpRequestException : 対象のコンピューターによって拒否されたため、接続できませんでした。 (127.0.0.1:18088)&#xD;
[xUnit.net 00:11:25.59]       ---- System.Net.Sockets.SocketException : 対象のコンピューターによって拒否されたため、接続できませんでした。&#xD;
[xUnit.net 00:11:25.59]       Stack Trace:&#xD;
[xUnit.net 00:11:25.59]            at System.Net.Http.HttpConnectionPool.ConnectToTcpHostAsync(String host, Int32 port, HttpRequestMessage initialRequest, Boolean async, CancellationToken cancellationToken)&#xD;
[xUnit.net 00:11:25.59]            at System.Net.Http.HttpConnectionPool.ConnectAsync(HttpRequestMessage request, Boolean async, CancellationToken cancellationToken)&#xD;
[xUnit.net 00:11:25.59]            at System.Net.Http.HttpConnectionPool.CreateHttp11ConnectionAsync(HttpRequestMessage request, Boolean async, CancellationToken cancellationToken)&#xD;
[xUnit.net 00:11:25.59]            at System.Net.Http.HttpConnectionPool.AddHttp11ConnectionAsync(QueueItem queueItem)&#xD;
[xUnit.net 00:11:25.59]            at System.Threading.Tasks.TaskCompletionSourceWithCancellation`1.WaitWithCancellationAsync(CancellationToken cancellationToken)&#xD;
[xUnit.net 00:11:25.59]            at System.Net.Http.HttpConnectionPool.SendWithVersionDetectionAndRetryAsync(HttpRequestMessage request, Boolean async, Boolean doRequestAuth, CancellationToken cancellationToken)&#xD;
[xUnit.net 00:11:25.59]            at System.Net.Http.RedirectHandler.SendAsync(HttpRequestMessage request, Boolean async, CancellationToken cancellationToken)&#xD;
[xUnit.net 00:11:25.59]            at System.Net.Http.HttpClient.&lt;SendAsync&gt;g__Core|83_0(HttpRequestMessage request, HttpCompletionOption completionOption, CancellationTokenSource cts, Boolean disposeCts, CancellationTokenSource pendingRequestsCts, CancellationToken originalCancellationToken)&#xD;
[xUnit.net 00:11:25.59]            at Kafka.Ksql.Linq.Infrastructure.KsqlDb.KsqlDbClient.ExecuteStatementAsync(String statement)&#xD;
[xUnit.net 00:11:25.59]            at Kafka.Ksql.Linq.Infrastructure.KsqlDb.KsqlDbClient.GetTableTopicsAsync()&#xD;
[xUnit.net 00:11:25.59]            at Kafka.Ksql.Linq.KsqlContext.InitializeWithSchemaRegistration()&#xD;
[xUnit.net 00:11:25.59]            at Kafka.Ksql.Linq.KsqlContext.InitializeCore(ILoggerFactory loggerFactory)&#xD;
[xUnit.net 00:11:25.59]            at Kafka.Ksql.Linq.KsqlContext..ctor(KsqlDslOptions options, ILoggerFactory loggerFactory)&#xD;
[xUnit.net 00:11:25.59]         C:\dev\experimental\physicalTests\OssSamples\SchemaNameCaseSensitivityTests.cs(29,0): at Kafka.Ksql.Linq.Tests.Integration.SchemaNameCaseSensitivityTests.OrderContext..ctor(KsqlDslOptions options)&#xD;
[xUnit.net 00:11:25.59]         C:\dev\experimental\physicalTests\OssSamples\SchemaNameCaseSensitivityTests.cs(63,0): at Kafka.Ksql.Linq.Tests.Integration.SchemaNameCaseSensitivityTests.LowercaseField_ShouldSucceed()&#xD;
[xUnit.net 00:11:25.59]         --- End of stack trace from previous location ---&#xD;
[xUnit.net 00:11:25.59]         ----- Inner Stack Trace -----&#xD;
[xUnit.net 00:11:25.59]            at System.Net.Sockets.Socket.AwaitableSocketAsyncEventArgs.ThrowException(SocketError error, CancellationToken cancellationToken)&#xD;
[xUnit.net 00:11:25.59]            at System.Net.Sockets.Socket.AwaitableSocketAsyncEventArgs.System.Threading.Tasks.Sources.IValueTaskSource.GetResult(Int16 token)&#xD;
[xUnit.net 00:11:25.59]            at System.Net.Sockets.Socket.&lt;ConnectAsync&gt;g__WaitForConnectWithCancellation|285_0(AwaitableSocketAsyncEventArgs saea, ValueTask connectTask, CancellationToken cancellationToken)&#xD;
[xUnit.net 00:11:25.59]            at System.Net.Http.HttpConnectionPool.ConnectToTcpHostAsync(String host, Int32 port, HttpRequestMessage initialRequest, Boolean async, CancellationToken cancellationToken)&#xD;
%3|1758047155.607|FAIL|rdkafka#producer-70| [thrd:127.0.0.1:39092/bootstrap]: 127.0.0.1:39092/bootstrap: Connect to ipv4#127.0.0.1:39092 failed: Unknown error (after 2048ms in state CONNECT)&#xD;
%3|1758047155.607|ERROR|rdkafka#producer-70| [thrd:127.0.0.1:39092/bootstrap]: 1/1 brokers are down&#xD;
%3|1758047155.607|ERROR|rdkafka#producer-70| [thrd:app]: rdkafka#producer-70: 127.0.0.1:39092/bootstrap: Connect to ipv4#127.0.0.1:39092 failed: Unknown error (after 2048ms in state CONNECT)&#xD;
%3|1758047159.755|FAIL|rdkafka#producer-71| [thrd:127.0.0.1:39092/bootstrap]: 127.0.0.1:39092/bootstrap: Connect to ipv4#127.0.0.1:39092 failed: Unknown error (after 2036ms in state CONNECT)&#xD;
%3|1758047159.755|ERROR|rdkafka#producer-71| [thrd:127.0.0.1:39092/bootstrap]: 1/1 brokers are down&#xD;
%3|1758047159.755|ERROR|rdkafka#producer-71| [thrd:app]: rdkafka#producer-71: 127.0.0.1:39092/bootstrap: Connect to ipv4#127.0.0.1:39092 failed: Unknown error (after 2036ms in state CONNECT)&#xD;
%3|1758047163.911|FAIL|rdkafka#producer-72| [thrd:127.0.0.1:39092/bootstrap]: 127.0.0.1:39092/bootstrap: Connect to ipv4#127.0.0.1:39092 failed: Unknown error (after 2044ms in state CONNECT)&#xD;
%3|1758047163.911|ERROR|rdkafka#producer-72| [thrd:127.0.0.1:39092/bootstrap]: 1/1 brokers are down&#xD;
%3|1758047163.911|ERROR|rdkafka#producer-72| [thrd:app]: rdkafka#producer-72: 127.0.0.1:39092/bootstrap: Connect to ipv4#127.0.0.1:39092 failed: Unknown error (after 2044ms in state CONNECT)&#xD;
%3|1758047168.046|FAIL|rdkafka#producer-73| [thrd:127.0.0.1:39092/bootstrap]: 127.0.0.1:39092/bootstrap: Connect to ipv4#127.0.0.1:39092 failed: Unknown error (after 2043ms in state CONNECT)&#xD;
%3|1758047168.046|ERROR|rdkafka#producer-73| [thrd:127.0.0.1:39092/bootstrap]: 1/1 brokers are down&#xD;
%3|1758047168.046|ERROR|rdkafka#producer-73| [thrd:app]: rdkafka#producer-73: 127.0.0.1:39092/bootstrap: Connect to ipv4#127.0.0.1:39092 failed: Unknown error (after 2043ms in state CONNECT)&#xD;
%3|1758047172.163|FAIL|rdkafka#producer-74| [thrd:127.0.0.1:39092/bootstrap]: 127.0.0.1:39092/bootstrap: Connect to ipv4#127.0.0.1:39092 failed: Unknown error (after 2024ms in state CONNECT)&#xD;
%3|1758047172.163|ERROR|rdkafka#producer-74| [thrd:127.0.0.1:39092/bootstrap]: 1/1 brokers are down&#xD;
%3|1758047172.163|ERROR|rdkafka#producer-74| [thrd:app]: rdkafka#producer-74: 127.0.0.1:39092/bootstrap: Connect to ipv4#127.0.0.1:39092 failed: Unknown error (after 2024ms in state CONNECT)&#xD;
fail: Streamiz.Kafka.Net.Kafka.KafkaLoggerAdapter[0]&#xD;
      stream-thread[.NET Long Running Task] Error producer ksql-dsl-app-rocks_to_list_ticks-5800c4b2-81e9-4e38-bc2d-66bedf5b280a-stream-thread-0-streamiz-producer#producer-65 - 127.0.0.1:39092/1: Connect to ipv4#127.0.0.1:39092 failed: Unknown error (after 2039ms in state CONNECT, 10 identical error(s) suppressed)&#xD;
fail: Streamiz.Kafka.Net.Kafka.KafkaLoggerAdapter[0]&#xD;
      stream-thread[.NET Long Running Task] Error admin ksql-dsl-app-rocks_to_list_ticks-5800c4b2-81e9-4e38-bc2d-66bedf5b280a-streamiz-admin#producer-62 - 127.0.0.1:39092/1: Connect to ipv4#127.0.0.1:39092 failed: Unknown error (after 2046ms in state CONNECT, 8 identical error(s) suppressed)&#xD;
fail: Streamiz.Kafka.Net.Kafka.KafkaLoggerAdapter[0]&#xD;
      stream-thread[.NET Long Running Task] Error admin ksql-dsl-app-rocks_to_list_ticks-5800c4b2-81e9-4e38-bc2d-66bedf5b280a-stream-thread-0#producer-64 - 127.0.0.1:39092/1: Connect to ipv4#127.0.0.1:39092 failed: Unknown error (after 2046ms in state CONNECT, 8 identical error(s) suppressed)&#xD;
fail: Streamiz.Kafka.Net.Kafka.KafkaLoggerAdapter[0]&#xD;
      stream-thread[.NET Long Running Task] Error producer ksql-dsl-app-rocks_to_list_ticks-5800c4b2-81e9-4e38-bc2d-66bedf5b280a-stream-thread-0-streamiz-producer#producer-65 - 127.0.0.1:39092/bootstrap: Connect to ipv4#127.0.0.1:39092 failed: Unknown error (after 2046ms in state CONNECT, 10 identical error(s) suppressed)&#xD;
%3|1758047173.270|FAIL|ksql-dsl-client-admin#producer-2| [thrd:127.0.0.1:39092/1]: 127.0.0.1:39092/1: Connect to ipv4#127.0.0.1:39092 failed: Unknown error (after 2032ms in state CONNECT, 8 identical error(s) suppressed)&#xD;
%3|1758047173.270|ERROR|ksql-dsl-client-admin#producer-2| [thrd:app]: ksql-dsl-client-admin#producer-2: 127.0.0.1:39092/1: Connect to ipv4#127.0.0.1:39092 failed: Unknown error (after 2032ms in state CONNECT, 8 identical error(s) suppressed)&#xD;
fail: Streamiz.Kafka.Net.Kafka.KafkaLoggerAdapter[0]&#xD;
      stream-thread[ksql-dsl-app-rocks_to_list_ticks-5800c4b2-81e9-4e38-bc2d-66bedf5b280a-stream-thread-0] Error consumer ksql-dsl-app-rocks_to_list_ticks-5800c4b2-81e9-4e38-bc2d-66bedf5b280a-StreamThread-0-streamiz-consumer#consumer-66 - 127.0.0.1:39092/bootstrap: Connect to ipv4#127.0.0.1:39092 failed: Unknown error (after 2032ms in state CONNECT, 12 identical error(s) suppressed)&#xD;
%3|1758047173.488|FAIL|ksql-dsl-client-admin#producer-44| [thrd:127.0.0.1:39092/1]: 127.0.0.1:39092/1: Connect to ipv4#127.0.0.1:39092 failed: Unknown error (after 2018ms in state CONNECT, 8 identical error(s) suppressed)&#xD;
%3|1758047173.488|ERROR|ksql-dsl-client-admin#producer-44| [thrd:app]: ksql-dsl-client-admin#producer-44: 127.0.0.1:39092/1: Connect to ipv4#127.0.0.1:39092 failed: Unknown error (after 2018ms in state CONNECT, 8 identical error(s) suppressed)&#xD;
fail: Streamiz.Kafka.Net.Kafka.KafkaLoggerAdapter[0]&#xD;
      stream-thread[ksql-dsl-app-rocks_to_list_ticks-5800c4b2-81e9-4e38-bc2d-66bedf5b280a-stream-thread-0] Error consumer ksql-dsl-app-rocks_to_list_ticks-5800c4b2-81e9-4e38-bc2d-66bedf5b280a-StreamThread-0-streamiz-consumer#consumer-66 - GroupCoordinator: 127.0.0.1:39092: Connect to ipv4#127.0.0.1:39092 failed: Unknown error (after 2033ms in state CONNECT, 2 identical error(s) suppressed)&#xD;
fail: Streamiz.Kafka.Net.Kafka.KafkaLoggerAdapter[0]&#xD;
      stream-thread[.NET Long Running Task] Error admin ksql-dsl-app-rocks_to_list_ticks-5800c4b2-81e9-4e38-bc2d-66bedf5b280a-streamiz-admin#producer-62 - 127.0.0.1:39092/bootstrap: Connect to ipv4#127.0.0.1:39092 failed: Unknown error (after 2043ms in state CONNECT, 8 identical error(s) suppressed)&#xD;
fail: Streamiz.Kafka.Net.Kafka.KafkaLoggerAdapter[0]&#xD;
      stream-thread[.NET Long Running Task] Error admin ksql-dsl-app-rocks_to_list_ticks-5800c4b2-81e9-4e38-bc2d-66bedf5b280a-stream-thread-0#producer-64 - 127.0.0.1:39092/bootstrap: Connect to ipv4#127.0.0.1:39092 failed: Unknown error (after 2043ms in state CONNECT, 8 identical error(s) suppressed)&#xD;
%3|1758047175.281|FAIL|ksql-dsl-client-admin#producer-2| [thrd:127.0.0.1:39092/bootstrap]: 127.0.0.1:39092/bootstrap: Connect to ipv4#127.0.0.1:39092 failed: Unknown error (after 2027ms in state CONNECT, 10 identical error(s) suppressed)&#xD;
%3|1758047175.281|ERROR|ksql-dsl-client-admin#producer-2| [thrd:app]: ksql-dsl-client-admin#producer-2: 127.0.0.1:39092/bootstrap: Connect to ipv4#127.0.0.1:39092 failed: Unknown error (after 2027ms in state CONNECT, 10 identical error(s) suppressed)&#xD;
%3|1758047175.545|FAIL|ksql-dsl-client-admin#producer-44| [thrd:127.0.0.1:39092/bootstrap]: 127.0.0.1:39092/bootstrap: Connect to ipv4#127.0.0.1:39092 failed: Unknown error (after 2056ms in state CONNECT, 10 identical error(s) suppressed)&#xD;
%3|1758047175.545|ERROR|ksql-dsl-client-admin#producer-44| [thrd:app]: ksql-dsl-client-admin#producer-44: 127.0.0.1:39092/bootstrap: Connect to ipv4#127.0.0.1:39092 failed: Unknown error (after 2056ms in state CONNECT, 10 identical error(s) suppressed)&#xD;
%3|1758047175.640|FAIL|ksql-dsl-client-admin#producer-16| [thrd:127.0.0.1:39092/1]: 127.0.0.1:39092/1: Connect to ipv4#127.0.0.1:39092 failed: Unknown error (after 2041ms in state CONNECT, 10 identical error(s) suppressed)&#xD;
%3|1758047175.640|ERROR|ksql-dsl-client-admin#producer-16| [thrd:app]: ksql-dsl-client-admin#producer-16: 127.0.0.1:39092/1: Connect to ipv4#127.0.0.1:39092 failed: Unknown error (after 2041ms in state CONNECT, 10 identical error(s) suppressed)&#xD;
%3|1758047175.874|FAIL|ksql-dsl-client-admin#producer-69| [thrd:127.0.0.1:39092/1]: 127.0.0.1:39092/1: Connect to ipv4#127.0.0.1:39092 failed: Unknown error (after 2041ms in state CONNECT, 10 identical error(s) suppressed)&#xD;
%3|1758047175.874|ERROR|ksql-dsl-client-admin#producer-69| [thrd:app]: ksql-dsl-client-admin#producer-69: 127.0.0.1:39092/1: Connect to ipv4#127.0.0.1:39092 failed: Unknown error (after 2041ms in state CONNECT, 10 identical error(s) suppressed)&#xD;
%3|1758047175.967|FAIL|ksql-dsl-client-admin#producer-14| [thrd:127.0.0.1:39092/1]: 127.0.0.1:39092/1: Connect to ipv4#127.0.0.1:39092 failed: Unknown error (after 2041ms in state CONNECT, 10 identical error(s) suppressed)&#xD;
%3|1758047175.967|FAIL|ksql-dsl-client-admin#producer-4| [thrd:127.0.0.1:39092/1]: 127.0.0.1:39092/1: Connect to ipv4#127.0.0.1:39092 failed: Unknown error (after 2041ms in state CONNECT, 10 identical error(s) suppressed)&#xD;
%3|1758047175.967|ERROR|ksql-dsl-client-admin#producer-4| [thrd:app]: ksql-dsl-client-admin#producer-4: 127.0.0.1:39092/1: Connect to ipv4#127.0.0.1:39092 failed: Unknown error (after 2041ms in state CONNECT, 10 identical error(s) suppressed)&#xD;
%3|1758047175.967|ERROR|ksql-dsl-client-admin#producer-14| [thrd:app]: ksql-dsl-client-admin#producer-14: 127.0.0.1:39092/1: Connect to ipv4#127.0.0.1:39092 failed: Unknown error (after 2041ms in state CONNECT, 10 identical error(s) suppressed)&#xD;
%3|1758047176.312|FAIL|rdkafka#producer-75| [thrd:127.0.0.1:39092/bootstrap]: 127.0.0.1:39092/bootstrap: Connect to ipv4#127.0.0.1:39092 failed: Unknown error (after 2043ms in state CONNECT)&#xD;
%3|1758047176.312|ERROR|rdkafka#producer-75| [thrd:127.0.0.1:39092/bootstrap]: 1/1 brokers are down&#xD;
%3|1758047176.312|ERROR|rdkafka#producer-75| [thrd:app]: rdkafka#producer-75: 127.0.0.1:39092/bootstrap: Connect to ipv4#127.0.0.1:39092 failed: Unknown error (after 2043ms in state CONNECT)&#xD;
%3|1758047176.626|FAIL|ksql-dsl-client-admin#producer-16| [thrd:127.0.0.1:39092/bootstrap]: 127.0.0.1:39092/bootstrap: Connect to ipv4#127.0.0.1:39092 failed: Unknown error (after 2017ms in state CONNECT, 10 identical error(s) suppressed)&#xD;
%3|1758047176.626|ERROR|ksql-dsl-client-admin#producer-16| [thrd:app]: ksql-dsl-client-admin#producer-16: 127.0.0.1:39092/bootstrap: Connect to ipv4#127.0.0.1:39092 failed: Unknown error (after 2017ms in state CONNECT, 10 identical error(s) suppressed)&#xD;
info: Streamiz.Kafka.Net.Processors.StreamThread[0]&#xD;
      Processed 4 total records, ran 0 punctuators and committed 2 total tasks since the last update&#xD;
%3|1758047179.929|FAIL|ksql-dsl-client-admin#producer-69| [thrd:127.0.0.1:39092/bootstrap]: 127.0.0.1:39092/bootstrap: Connect to ipv4#127.0.0.1:39092 failed: Unknown error (after 2057ms in state CONNECT, 10 identical error(s) suppressed)&#xD;
%3|1758047179.929|ERROR|ksql-dsl-client-admin#producer-69| [thrd:app]: ksql-dsl-client-admin#producer-69: 127.0.0.1:39092/bootstrap: Connect to ipv4#127.0.0.1:39092 failed: Unknown error (after 2057ms in state CONNECT, 10 identical error(s) suppressed)&#xD;
%3|1758047180.007|FAIL|ksql-dsl-client-admin#producer-4| [thrd:127.0.0.1:39092/bootstrap]: 127.0.0.1:39092/bootstrap: Connect to ipv4#127.0.0.1:39092 failed: Unknown error (after 2041ms in state CONNECT, 10 identical error(s) suppressed)&#xD;
%3|1758047180.007|ERROR|ksql-dsl-client-admin#producer-4| [thrd:app]: ksql-dsl-client-admin#producer-4: 127.0.0.1:39092/bootstrap: Connect to ipv4#127.0.0.1:39092 failed: Unknown error (after 2041ms in state CONNECT, 10 identical error(s) suppressed)&#xD;
%3|1758047180.023|FAIL|ksql-dsl-client-admin#producer-14| [thrd:127.0.0.1:39092/bootstrap]: 127.0.0.1:39092/bootstrap: Connect to ipv4#127.0.0.1:39092 failed: Unknown error (after 2058ms in state CONNECT, 10 identical error(s) suppressed)&#xD;
%3|1758047180.024|ERROR|ksql-dsl-client-admin#producer-14| [thrd:app]: ksql-dsl-client-admin#producer-14: 127.0.0.1:39092/bootstrap: Connect to ipv4#127.0.0.1:39092 failed: Unknown error (after 2058ms in state CONNECT, 10 identical error(s) suppressed)&#xD;
%3|1758047180.476|FAIL|rdkafka#producer-76| [thrd:127.0.0.1:39092/bootstrap]: 127.0.0.1:39092/bootstrap: Connect to ipv4#127.0.0.1:39092 failed: Unknown error (after 2058ms in state CONNECT)&#xD;
%3|1758047180.476|ERROR|rdkafka#producer-76| [thrd:127.0.0.1:39092/bootstrap]: 1/1 brokers are down&#xD;
%3|1758047180.477|ERROR|rdkafka#producer-76| [thrd:app]: rdkafka#producer-76: 127.0.0.1:39092/bootstrap: Connect to ipv4#127.0.0.1:39092 failed: Unknown error (after 2058ms in state CONNECT)&#xD;
fail: Streamiz.Kafka.Net.Kafka.KafkaLoggerAdapter[0]&#xD;
      stream-thread[ksql-dsl-app-rocks_to_list_ticks-5800c4b2-81e9-4e38-bc2d-66bedf5b280a-stream-thread-0] Error consumer ksql-dsl-app-rocks_to_list_ticks-5800c4b2-81e9-4e38-bc2d-66bedf5b280a-StreamThread-0-streamiz-consumer#consumer-66 - 127.0.0.1:39092/1: Connect to ipv4#127.0.0.1:39092 failed: Unknown error (after 2014ms in state CONNECT, 3 identical error(s) suppressed)&#xD;
%3|1758047184.601|FAIL|rdkafka#producer-77| [thrd:127.0.0.1:39092/bootstrap]: 127.0.0.1:39092/bootstrap: Connect to ipv4#127.0.0.1:39092 failed: Unknown error (after 2034ms in state CONNECT)&#xD;
%3|1758047184.601|ERROR|rdkafka#producer-77| [thrd:127.0.0.1:39092/bootstrap]: 1/1 brokers are down&#xD;
%3|1758047184.601|ERROR|rdkafka#producer-77| [thrd:app]: rdkafka#producer-77: 127.0.0.1:39092/bootstrap: Connect to ipv4#127.0.0.1:39092 failed: Unknown error (after 2034ms in state CONNECT)&#xD;
info: Streamiz.Kafka.Net.Processors.StreamTask[0]&#xD;
      stream-task[1|0] Suspended running&#xD;
info: Streamiz.Kafka.Net.Processors.StreamTask[0]&#xD;
      stream-task[1|0] Task 1-0 state transition from RUNNING to SUSPENDED&#xD;
info: Streamiz.Kafka.Net.Processors.StreamTask[0]&#xD;
      stream-task[1|0] Closing&#xD;
info: Streamiz.Kafka.Net.Processors.StreamTask[0]&#xD;
      stream-task[1|0] Task 1-0 state transition from SUSPENDED to CLOSED&#xD;
info: Streamiz.Kafka.Net.Processors.StreamTask[0]&#xD;
      stream-task[1|0] Closed&#xD;
info: Streamiz.Kafka.Net.Processors.StreamTask[0]&#xD;
      stream-task[0|0] Suspended running&#xD;
info: Streamiz.Kafka.Net.Processors.StreamTask[0]&#xD;
      stream-task[0|0] Task 0-0 state transition from RUNNING to SUSPENDED&#xD;
info: Streamiz.Kafka.Net.Processors.StreamTask[0]&#xD;
      stream-task[0|0] Closing&#xD;
info: Streamiz.Kafka.Net.Processors.StreamTask[0]&#xD;
      stream-task[0|0] Task 0-0 state transition from SUSPENDED to CLOSED&#xD;
info: Streamiz.Kafka.Net.Processors.StreamTask[0]&#xD;
      stream-task[0|0] Closed&#xD;
info: Streamiz.Kafka.Net.Processors.StreamThread[0]&#xD;
      stream-thread[ksql-dsl-app-rocks_to_list_ticks-5800c4b2-81e9-4e38-bc2d-66bedf5b280a-stream-thread-0] State transition from RUNNING to PARTITIONS_REVOKED&#xD;
info: Streamiz.Kafka.Net.KafkaStream[0]&#xD;
      stream-application[ksql-dsl-app-rocks_to_list_ticks] State transition from RUNNING to REBALANCING&#xD;
info: Streamiz.Kafka.Net.Kafka.Internal.StreamsRebalanceListener[0]&#xD;
      Partition revocation took 00:00:00.0128738 ms&#xD;
      	Current suspended active tasks: ksql-dsl-app-rocks_to_list_ticks-rocks_to_list_ticks-by-stringkey-repartition-[0],rocks_to_list_ticks-[0]&#xD;
%3|1758047188.768|FAIL|rdkafka#producer-78| [thrd:127.0.0.1:39092/bootstrap]: 127.0.0.1:39092/bootstrap: Connect to ipv4#127.0.0.1:39092 failed: Unknown error (after 2058ms in state CONNECT)&#xD;
%3|1758047188.768|ERROR|rdkafka#producer-78| [thrd:127.0.0.1:39092/bootstrap]: 1/1 brokers are down&#xD;
%3|1758047188.768|ERROR|rdkafka#producer-78| [thrd:app]: rdkafka#producer-78: 127.0.0.1:39092/bootstrap: Connect to ipv4#127.0.0.1:39092 failed: Unknown error (after 2058ms in state CONNECT)&#xD;
%3|1758047192.893|FAIL|rdkafka#producer-79| [thrd:127.0.0.1:39092/bootstrap]: 127.0.0.1:39092/bootstrap: Connect to ipv4#127.0.0.1:39092 failed: Unknown error (after 2031ms in state CONNECT)&#xD;
%3|1758047192.893|ERROR|rdkafka#producer-79| [thrd:127.0.0.1:39092/bootstrap]: 1/1 brokers are down&#xD;
%3|1758047192.893|ERROR|rdkafka#producer-79| [thrd:app]: rdkafka#producer-79: 127.0.0.1:39092/bootstrap: Connect to ipv4#127.0.0.1:39092 failed: Unknown error (after 2031ms in state CONNECT)&#xD;
%3|1758047197.027|FAIL|rdkafka#producer-80| [thrd:127.0.0.1:39092/bootstrap]: 127.0.0.1:39092/bootstrap: Connect to ipv4#127.0.0.1:39092 failed: Unknown error (after 2026ms in state CONNECT)&#xD;
%3|1758047197.027|ERROR|rdkafka#producer-80| [thrd:127.0.0.1:39092/bootstrap]: 1/1 brokers are down&#xD;
%3|1758047197.027|ERROR|rdkafka#producer-80| [thrd:app]: rdkafka#producer-80: 127.0.0.1:39092/bootstrap: Connect to ipv4#127.0.0.1:39092 failed: Unknown error (after 2026ms in state CONNECT)&#xD;
%3|1758047201.149|FAIL|rdkafka#producer-81| [thrd:127.0.0.1:39092/bootstrap]: 127.0.0.1:39092/bootstrap: Connect to ipv4#127.0.0.1:39092 failed: Unknown error (after 2025ms in state CONNECT)&#xD;
%3|1758047201.149|ERROR|rdkafka#producer-81| [thrd:127.0.0.1:39092/bootstrap]: 1/1 brokers are down&#xD;
%3|1758047201.149|ERROR|rdkafka#producer-81| [thrd:app]: rdkafka#producer-81: 127.0.0.1:39092/bootstrap: Connect to ipv4#127.0.0.1:39092 failed: Unknown error (after 2025ms in state CONNECT)&#xD;
fail: Streamiz.Kafka.Net.Kafka.KafkaLoggerAdapter[0]&#xD;
      stream-thread[.NET Long Running Task] Error producer ksql-dsl-app-rocks_to_list_ticks-5800c4b2-81e9-4e38-bc2d-66bedf5b280a-stream-thread-0-streamiz-producer#producer-65 - 127.0.0.1:39092/1: Connect to ipv4#127.0.0.1:39092 failed: Unknown error (after 2049ms in state CONNECT, 12 identical error(s) suppressed)&#xD;
fail: Streamiz.Kafka.Net.Kafka.KafkaLoggerAdapter[0]&#xD;
      stream-thread[.NET Long Running Task] Error admin ksql-dsl-app-rocks_to_list_ticks-5800c4b2-81e9-4e38-bc2d-66bedf5b280a-stream-thread-0#producer-64 - 127.0.0.1:39092/1: Connect to ipv4#127.0.0.1:39092 failed: Unknown error (after 2038ms in state CONNECT, 10 identical error(s) suppressed)&#xD;
fail: Streamiz.Kafka.Net.Kafka.KafkaLoggerAdapter[0]&#xD;
      stream-thread[.NET Long Running Task] Error admin ksql-dsl-app-rocks_to_list_ticks-5800c4b2-81e9-4e38-bc2d-66bedf5b280a-streamiz-admin#producer-62 - 127.0.0.1:39092/1: Connect to ipv4#127.0.0.1:39092 failed: Unknown error (after 2038ms in state CONNECT, 10 identical error(s) suppressed)&#xD;
fail: Streamiz.Kafka.Net.Kafka.KafkaLoggerAdapter[0]&#xD;
      stream-thread[.NET Long Running Task] Error producer ksql-dsl-app-rocks_to_list_ticks-5800c4b2-81e9-4e38-bc2d-66bedf5b280a-stream-thread-0-streamiz-producer#producer-65 - 127.0.0.1:39092/bootstrap: Connect to ipv4#127.0.0.1:39092 failed: Unknown error (after 2052ms in state CONNECT, 12 identical error(s) suppressed)&#xD;
%3|1758047203.575|FAIL|ksql-dsl-client-admin#producer-2| [thrd:127.0.0.1:39092/1]: 127.0.0.1:39092/1: Connect to ipv4#127.0.0.1:39092 failed: Unknown error (after 2053ms in state CONNECT, 10 identical error(s) suppressed)&#xD;
%3|1758047203.575|ERROR|ksql-dsl-client-admin#producer-2| [thrd:app]: ksql-dsl-client-admin#producer-2: 127.0.0.1:39092/1: Connect to ipv4#127.0.0.1:39092 failed: Unknown error (after 2053ms in state CONNECT, 10 identical error(s) suppressed)&#xD;
%3|1758047203.776|FAIL|ksql-dsl-client-admin#producer-44| [thrd:127.0.0.1:39092/1]: 127.0.0.1:39092/1: Connect to ipv4#127.0.0.1:39092 failed: Unknown error (after 2050ms in state CONNECT, 10 identical error(s) suppressed)&#xD;
%3|1758047203.776|ERROR|ksql-dsl-client-admin#producer-44| [thrd:app]: ksql-dsl-client-admin#producer-44: 127.0.0.1:39092/1: Connect to ipv4#127.0.0.1:39092 failed: Unknown error (after 2050ms in state CONNECT, 10 identical error(s) suppressed)&#xD;
fail: Streamiz.Kafka.Net.Kafka.KafkaLoggerAdapter[0]&#xD;
      stream-thread[.NET Long Running Task] Error admin ksql-dsl-app-rocks_to_list_ticks-5800c4b2-81e9-4e38-bc2d-66bedf5b280a-streamiz-admin#producer-62 - 127.0.0.1:39092/bootstrap: Connect to ipv4#127.0.0.1:39092 failed: Unknown error (after 2054ms in state CONNECT, 10 identical error(s) suppressed)&#xD;
fail: Streamiz.Kafka.Net.Kafka.KafkaLoggerAdapter[0]&#xD;
      stream-thread[.NET Long Running Task] Error admin ksql-dsl-app-rocks_to_list_ticks-5800c4b2-81e9-4e38-bc2d-66bedf5b280a-stream-thread-0#producer-64 - 127.0.0.1:39092/bootstrap: Connect to ipv4#127.0.0.1:39092 failed: Unknown error (after 2054ms in state CONNECT, 10 identical error(s) suppressed)&#xD;
fail: Streamiz.Kafka.Net.Kafka.KafkaLoggerAdapter[0]&#xD;
      stream-thread[ksql-dsl-app-rocks_to_list_ticks-5800c4b2-81e9-4e38-bc2d-66bedf5b280a-stream-thread-0] Error consumer ksql-dsl-app-rocks_to_list_ticks-5800c4b2-81e9-4e38-bc2d-66bedf5b280a-StreamThread-0-streamiz-consumer#consumer-66 - 127.0.0.1:39092/bootstrap: Connect to ipv4#127.0.0.1:39092 failed: Unknown error (after 2038ms in state CONNECT, 15 identical error(s) suppressed)&#xD;
%3|1758047205.275|FAIL|rdkafka#producer-82| [thrd:127.0.0.1:39092/bootstrap]: 127.0.0.1:39092/bootstrap: Connect to ipv4#127.0.0.1:39092 failed: Unknown error (after 2025ms in state CONNECT)&#xD;
%3|1758047205.275|ERROR|rdkafka#producer-82| [thrd:127.0.0.1:39092/bootstrap]: 1/1 brokers are down&#xD;
%3|1758047205.275|ERROR|rdkafka#producer-82| [thrd:app]: rdkafka#producer-82: 127.0.0.1:39092/bootstrap: Connect to ipv4#127.0.0.1:39092 failed: Unknown error (after 2025ms in state CONNECT)&#xD;
%3|1758047205.556|FAIL|ksql-dsl-client-admin#producer-2| [thrd:127.0.0.1:39092/bootstrap]: 127.0.0.1:39092/bootstrap: Connect to ipv4#127.0.0.1:39092 failed: Unknown error (after 2013ms in state CONNECT, 10 identical error(s) suppressed)&#xD;
%3|1758047205.556|ERROR|ksql-dsl-client-admin#producer-2| [thrd:app]: ksql-dsl-client-admin#producer-2: 127.0.0.1:39092/bootstrap: Connect to ipv4#127.0.0.1:39092 failed: Unknown error (after 2013ms in state CONNECT, 10 identical error(s) suppressed)&#xD;
%3|1758047205.775|FAIL|ksql-dsl-client-admin#producer-44| [thrd:127.0.0.1:39092/bootstrap]: 127.0.0.1:39092/bootstrap: Connect to ipv4#127.0.0.1:39092 failed: Unknown error (after 2030ms in state CONNECT, 10 identical error(s) suppressed)&#xD;
%3|1758047205.775|ERROR|ksql-dsl-client-admin#producer-44| [thrd:app]: ksql-dsl-client-admin#producer-44: 127.0.0.1:39092/bootstrap: Connect to ipv4#127.0.0.1:39092 failed: Unknown error (after 2030ms in state CONNECT, 10 identical error(s) suppressed)&#xD;
%3|1758047205.947|FAIL|ksql-dsl-client-admin#producer-16| [thrd:127.0.0.1:39092/1]: 127.0.0.1:39092/1: Connect to ipv4#127.0.0.1:39092 failed: Unknown error (after 2043ms in state CONNECT, 10 identical error(s) suppressed)&#xD;
%3|1758047205.947|ERROR|ksql-dsl-client-admin#producer-16| [thrd:app]: ksql-dsl-client-admin#producer-16: 127.0.0.1:39092/1: Connect to ipv4#127.0.0.1:39092 failed: Unknown error (after 2043ms in state CONNECT, 10 identical error(s) suppressed)&#xD;
%3|1758047206.134|FAIL|ksql-dsl-client-admin#producer-69| [thrd:127.0.0.1:39092/1]: 127.0.0.1:39092/1: Connect to ipv4#127.0.0.1:39092 failed: Unknown error (after 2012ms in state CONNECT, 10 identical error(s) suppressed)&#xD;
%3|1758047206.134|ERROR|ksql-dsl-client-admin#producer-69| [thrd:app]: ksql-dsl-client-admin#producer-69: 127.0.0.1:39092/1: Connect to ipv4#127.0.0.1:39092 failed: Unknown error (after 2012ms in state CONNECT, 10 identical error(s) suppressed)&#xD;
%3|1758047206.227|FAIL|ksql-dsl-client-admin#producer-14| [thrd:127.0.0.1:39092/1]: 127.0.0.1:39092/1: Connect to ipv4#127.0.0.1:39092 failed: Unknown error (after 2027ms in state CONNECT, 10 identical error(s) suppressed)&#xD;
%3|1758047206.227|FAIL|ksql-dsl-client-admin#producer-4| [thrd:127.0.0.1:39092/1]: 127.0.0.1:39092/1: Connect to ipv4#127.0.0.1:39092 failed: Unknown error (after 2027ms in state CONNECT, 10 identical error(s) suppressed)&#xD;
%3|1758047206.227|ERROR|ksql-dsl-client-admin#producer-4| [thrd:app]: ksql-dsl-client-admin#producer-4: 127.0.0.1:39092/1: Connect to ipv4#127.0.0.1:39092 failed: Unknown error (after 2027ms in state CONNECT, 10 identical error(s) suppressed)&#xD;
%3|1758047206.227|ERROR|ksql-dsl-client-admin#producer-14| [thrd:app]: ksql-dsl-client-admin#producer-14: 127.0.0.1:39092/1: Connect to ipv4#127.0.0.1:39092 failed: Unknown error (after 2027ms in state CONNECT, 10 identical error(s) suppressed)&#xD;
%3|1758047206.955|FAIL|ksql-dsl-client-admin#producer-16| [thrd:127.0.0.1:39092/bootstrap]: 127.0.0.1:39092/bootstrap: Connect to ipv4#127.0.0.1:39092 failed: Unknown error (after 2040ms in state CONNECT, 10 identical error(s) suppressed)&#xD;
%3|1758047206.955|ERROR|ksql-dsl-client-admin#producer-16| [thrd:app]: ksql-dsl-client-admin#producer-16: 127.0.0.1:39092/bootstrap: Connect to ipv4#127.0.0.1:39092 failed: Unknown error (after 2040ms in state CONNECT, 10 identical error(s) suppressed)&#xD;
fail: Streamiz.Kafka.Net.Kafka.KafkaLoggerAdapter[0]&#xD;
      stream-thread[ksql-dsl-app-rocks_to_list_ticks-5800c4b2-81e9-4e38-bc2d-66bedf5b280a-stream-thread-0] Error consumer ksql-dsl-app-rocks_to_list_ticks-5800c4b2-81e9-4e38-bc2d-66bedf5b280a-StreamThread-0-streamiz-consumer#consumer-66 - GroupCoordinator: 127.0.0.1:39092: Connect to ipv4#127.0.0.1:39092 failed: Unknown error (after 2046ms in state CONNECT, 3 identical error(s) suppressed)&#xD;
%3|1758047209.411|FAIL|rdkafka#producer-83| [thrd:127.0.0.1:39092/bootstrap]: 127.0.0.1:39092/bootstrap: Connect to ipv4#127.0.0.1:39092 failed: Unknown error (after 2038ms in state CONNECT)&#xD;
%3|1758047209.411|ERROR|rdkafka#producer-83| [thrd:127.0.0.1:39092/bootstrap]: 1/1 brokers are down&#xD;
%3|1758047209.411|ERROR|rdkafka#producer-83| [thrd:app]: rdkafka#producer-83: 127.0.0.1:39092/bootstrap: Connect to ipv4#127.0.0.1:39092 failed: Unknown error (after 2038ms in state CONNECT)&#xD;
%3|1758047210.222|FAIL|ksql-dsl-client-admin#producer-69| [thrd:127.0.0.1:39092/bootstrap]: 127.0.0.1:39092/bootstrap: Connect to ipv4#127.0.0.1:39092 failed: Unknown error (after 2074ms in state CONNECT, 10 identical error(s) suppressed)&#xD;
%3|1758047210.222|ERROR|ksql-dsl-client-admin#producer-69| [thrd:app]: ksql-dsl-client-admin#producer-69: 127.0.0.1:39092/bootstrap: Connect to ipv4#127.0.0.1:39092 failed: Unknown error (after 2074ms in state CONNECT, 10 identical error(s) suppressed)&#xD;
%3|1758047210.299|FAIL|ksql-dsl-client-admin#producer-14| [thrd:127.0.0.1:39092/bootstrap]: 127.0.0.1:39092/bootstrap: Connect to ipv4#127.0.0.1:39092 failed: Unknown error (after 2057ms in state CONNECT, 10 identical error(s) suppressed)&#xD;
%3|1758047210.299|ERROR|ksql-dsl-client-admin#producer-14| [thrd:app]: ksql-dsl-client-admin#producer-14: 127.0.0.1:39092/bootstrap: Connect to ipv4#127.0.0.1:39092 failed: Unknown error (after 2057ms in state CONNECT, 10 identical error(s) suppressed)&#xD;
%3|1758047210.299|FAIL|ksql-dsl-client-admin#producer-4| [thrd:127.0.0.1:39092/bootstrap]: 127.0.0.1:39092/bootstrap: Connect to ipv4#127.0.0.1:39092 failed: Unknown error (after 2057ms in state CONNECT, 10 identical error(s) suppressed)&#xD;
%3|1758047210.299|ERROR|ksql-dsl-client-admin#producer-4| [thrd:app]: ksql-dsl-client-admin#producer-4: 127.0.0.1:39092/bootstrap: Connect to ipv4#127.0.0.1:39092 failed: Unknown error (after 2057ms in state CONNECT, 10 identical error(s) suppressed)&#xD;
fail: Streamiz.Kafka.Net.Kafka.KafkaLoggerAdapter[0]&#xD;
      stream-thread[ksql-dsl-app-rocks_to_list_ticks-5800c4b2-81e9-4e38-bc2d-66bedf5b280a-stream-thread-0] Error consumer ksql-dsl-app-rocks_to_list_ticks-5800c4b2-81e9-4e38-bc2d-66bedf5b280a-StreamThread-0-streamiz-consumer#consumer-66 - 127.0.0.1:39092/1: Connect to ipv4#127.0.0.1:39092 failed: Unknown error (after 2058ms in state CONNECT, 11 identical error(s) suppressed)&#xD;
%3|1758047213.557|FAIL|rdkafka#producer-84| [thrd:127.0.0.1:39092/bootstrap]: 127.0.0.1:39092/bootstrap: Connect to ipv4#127.0.0.1:39092 failed: Unknown error (after 2041ms in state CONNECT)&#xD;
%3|1758047213.557|ERROR|rdkafka#producer-84| [thrd:127.0.0.1:39092/bootstrap]: 1/1 brokers are down&#xD;
%3|1758047213.557|ERROR|rdkafka#producer-84| [thrd:app]: rdkafka#producer-84: 127.0.0.1:39092/bootstrap: Connect to ipv4#127.0.0.1:39092 failed: Unknown error (after 2041ms in state CONNECT)&#xD;
%3|1758047217.692|FAIL|rdkafka#producer-85| [thrd:127.0.0.1:39092/bootstrap]: 127.0.0.1:39092/bootstrap: Connect to ipv4#127.0.0.1:39092 failed: Unknown error (after 2044ms in state CONNECT)&#xD;
%3|1758047217.692|ERROR|rdkafka#producer-85| [thrd:127.0.0.1:39092/bootstrap]: 1/1 brokers are down&#xD;
%3|1758047217.692|ERROR|rdkafka#producer-85| [thrd:app]: rdkafka#producer-85: 127.0.0.1:39092/bootstrap: Connect to ipv4#127.0.0.1:39092 failed: Unknown error (after 2044ms in state CONNECT)&#xD;
%3|1758047221.829|FAIL|rdkafka#producer-86| [thrd:127.0.0.1:39092/bootstrap]: 127.0.0.1:39092/bootstrap: Connect to ipv4#127.0.0.1:39092 failed: Unknown error (after 2039ms in state CONNECT)&#xD;
%3|1758047221.829|ERROR|rdkafka#producer-86| [thrd:127.0.0.1:39092/bootstrap]: 1/1 brokers are down&#xD;
%3|1758047221.829|ERROR|rdkafka#producer-86| [thrd:app]: rdkafka#producer-86: 127.0.0.1:39092/bootstrap: Connect to ipv4#127.0.0.1:39092 failed: Unknown error (after 2039ms in state CONNECT)&#xD;
%3|1758047225.962|FAIL|rdkafka#producer-87| [thrd:127.0.0.1:39092/bootstrap]: 127.0.0.1:39092/bootstrap: Connect to ipv4#127.0.0.1:39092 failed: Unknown error (after 2029ms in state CONNECT)&#xD;
%3|1758047225.962|ERROR|rdkafka#producer-87| [thrd:127.0.0.1:39092/bootstrap]: 1/1 brokers are down&#xD;
%3|1758047225.962|ERROR|rdkafka#producer-87| [thrd:app]: rdkafka#producer-87: 127.0.0.1:39092/bootstrap: Connect to ipv4#127.0.0.1:39092 failed: Unknown error (after 2029ms in state CONNECT)&#xD;
%3|1758047230.092|FAIL|rdkafka#producer-88| [thrd:127.0.0.1:39092/bootstrap]: 127.0.0.1:39092/bootstrap: Connect to ipv4#127.0.0.1:39092 failed: Unknown error (after 2032ms in state CONNECT)&#xD;
%3|1758047230.092|ERROR|rdkafka#producer-88| [thrd:127.0.0.1:39092/bootstrap]: 1/1 brokers are down&#xD;
%3|1758047230.092|ERROR|rdkafka#producer-88| [thrd:app]: rdkafka#producer-88: 127.0.0.1:39092/bootstrap: Connect to ipv4#127.0.0.1:39092 failed: Unknown error (after 2032ms in state CONNECT)&#xD;
fail: Streamiz.Kafka.Net.Kafka.KafkaLoggerAdapter[0]&#xD;
      stream-thread[.NET Long Running Task] Error producer ksql-dsl-app-rocks_to_list_ticks-5800c4b2-81e9-4e38-bc2d-66bedf5b280a-stream-thread-0-streamiz-producer#producer-65 - 127.0.0.1:39092/1: Connect to ipv4#127.0.0.1:39092 failed: Unknown error (after 2045ms in state CONNECT, 12 identical error(s) suppressed)&#xD;
fail: Streamiz.Kafka.Net.Kafka.KafkaLoggerAdapter[0]&#xD;
      stream-thread[.NET Long Running Task] Error admin ksql-dsl-app-rocks_to_list_ticks-5800c4b2-81e9-4e38-bc2d-66bedf5b280a-streamiz-admin#producer-62 - 127.0.0.1:39092/1: Connect to ipv4#127.0.0.1:39092 failed: Unknown error (after 2028ms in state CONNECT, 10 identical error(s) suppressed)&#xD;
fail: Streamiz.Kafka.Net.Kafka.KafkaLoggerAdapter[0]&#xD;
      stream-thread[.NET Long Running Task] Error admin ksql-dsl-app-rocks_to_list_ticks-5800c4b2-81e9-4e38-bc2d-66bedf5b280a-stream-thread-0#producer-64 - 127.0.0.1:39092/1: Connect to ipv4#127.0.0.1:39092 failed: Unknown error (after 2043ms in state CONNECT, 10 identical error(s) suppressed)&#xD;
fail: Streamiz.Kafka.Net.Kafka.KafkaLoggerAdapter[0]&#xD;
      stream-thread[.NET Long Running Task] Error producer ksql-dsl-app-rocks_to_list_ticks-5800c4b2-81e9-4e38-bc2d-66bedf5b280a-stream-thread-0-streamiz-producer#producer-65 - 127.0.0.1:39092/bootstrap: Connect to ipv4#127.0.0.1:39092 failed: Unknown error (after 2035ms in state CONNECT, 12 identical error(s) suppressed)&#xD;
%3|1758047233.890|FAIL|ksql-dsl-client-admin#producer-2| [thrd:127.0.0.1:39092/1]: 127.0.0.1:39092/1: Connect to ipv4#127.0.0.1:39092 failed: Unknown error (after 2035ms in state CONNECT, 10 identical error(s) suppressed)&#xD;
%3|1758047233.890|ERROR|ksql-dsl-client-admin#producer-2| [thrd:app]: ksql-dsl-client-admin#producer-2: 127.0.0.1:39092/1: Connect to ipv4#127.0.0.1:39092 failed: Unknown error (after 2035ms in state CONNECT, 10 identical error(s) suppressed)&#xD;
%3|1758047234.094|FAIL|ksql-dsl-client-admin#producer-44| [thrd:127.0.0.1:39092/1]: 127.0.0.1:39092/1: Connect to ipv4#127.0.0.1:39092 failed: Unknown error (after 2036ms in state CONNECT, 10 identical error(s) suppressed)&#xD;
%3|1758047234.094|ERROR|ksql-dsl-client-admin#producer-44| [thrd:app]: ksql-dsl-client-admin#producer-44: 127.0.0.1:39092/1: Connect to ipv4#127.0.0.1:39092 failed: Unknown error (after 2036ms in state CONNECT, 10 identical error(s) suppressed)&#xD;
%3|1758047234.235|FAIL|rdkafka#producer-89| [thrd:127.0.0.1:39092/bootstrap]: 127.0.0.1:39092/bootstrap: Connect to ipv4#127.0.0.1:39092 failed: Unknown error (after 2036ms in state CONNECT)&#xD;
%3|1758047234.235|ERROR|rdkafka#producer-89| [thrd:127.0.0.1:39092/bootstrap]: 1/1 brokers are down&#xD;
%3|1758047234.235|ERROR|rdkafka#producer-89| [thrd:app]: rdkafka#producer-89: 127.0.0.1:39092/bootstrap: Connect to ipv4#127.0.0.1:39092 failed: Unknown error (after 2036ms in state CONNECT)&#xD;
fail: Streamiz.Kafka.Net.Kafka.KafkaLoggerAdapter[0]&#xD;
      stream-thread[.NET Long Running Task] Error admin ksql-dsl-app-rocks_to_list_ticks-5800c4b2-81e9-4e38-bc2d-66bedf5b280a-streamiz-admin#producer-62 - 127.0.0.1:39092/bootstrap: Connect to ipv4#127.0.0.1:39092 failed: Unknown error (after 2050ms in state CONNECT, 10 identical error(s) suppressed)&#xD;
fail: Streamiz.Kafka.Net.Kafka.KafkaLoggerAdapter[0]&#xD;
      stream-thread[.NET Long Running Task] Error admin ksql-dsl-app-rocks_to_list_ticks-5800c4b2-81e9-4e38-bc2d-66bedf5b280a-stream-thread-0#producer-64 - 127.0.0.1:39092/bootstrap: Connect to ipv4#127.0.0.1:39092 failed: Unknown error (after 2050ms in state CONNECT, 10 identical error(s) suppressed)&#xD;
fail: Streamiz.Kafka.Net.Kafka.KafkaLoggerAdapter[0]&#xD;
      stream-thread[ksql-dsl-app-rocks_to_list_ticks-5800c4b2-81e9-4e38-bc2d-66bedf5b280a-stream-thread-0] Error consumer ksql-dsl-app-rocks_to_list_ticks-5800c4b2-81e9-4e38-bc2d-66bedf5b280a-StreamThread-0-streamiz-consumer#consumer-66 - 127.0.0.1:39092/bootstrap: Connect to ipv4#127.0.0.1:39092 failed: Unknown error (after 2048ms in state CONNECT, 15 identical error(s) suppressed)&#xD;
%3|1758047235.915|FAIL|ksql-dsl-client-admin#producer-2| [thrd:127.0.0.1:39092/bootstrap]: 127.0.0.1:39092/bootstrap: Connect to ipv4#127.0.0.1:39092 failed: Unknown error (after 2041ms in state CONNECT, 10 identical error(s) suppressed)&#xD;
%3|1758047235.915|ERROR|ksql-dsl-client-admin#producer-2| [thrd:app]: ksql-dsl-client-admin#producer-2: 127.0.0.1:39092/bootstrap: Connect to ipv4#127.0.0.1:39092 failed: Unknown error (after 2041ms in state CONNECT, 10 identical error(s) suppressed)&#xD;
%3|1758047236.105|FAIL|ksql-dsl-client-admin#producer-44| [thrd:127.0.0.1:39092/bootstrap]: 127.0.0.1:39092/bootstrap: Connect to ipv4#127.0.0.1:39092 failed: Unknown error (after 2042ms in state CONNECT, 10 identical error(s) suppressed)&#xD;
%3|1758047236.105|ERROR|ksql-dsl-client-admin#producer-44| [thrd:app]: ksql-dsl-client-admin#producer-44: 127.0.0.1:39092/bootstrap: Connect to ipv4#127.0.0.1:39092 failed: Unknown error (after 2042ms in state CONNECT, 10 identical error(s) suppressed)&#xD;
%3|1758047236.275|FAIL|ksql-dsl-client-admin#producer-16| [thrd:127.0.0.1:39092/1]: 127.0.0.1:39092/1: Connect to ipv4#127.0.0.1:39092 failed: Unknown error (after 2056ms in state CONNECT, 10 identical error(s) suppressed)&#xD;
%3|1758047236.275|ERROR|ksql-dsl-client-admin#producer-16| [thrd:app]: ksql-dsl-client-admin#producer-16: 127.0.0.1:39092/1: Connect to ipv4#127.0.0.1:39092 failed: Unknown error (after 2056ms in state CONNECT, 10 identical error(s) suppressed)&#xD;
%3|1758047236.493|FAIL|ksql-dsl-client-admin#producer-69| [thrd:127.0.0.1:39092/1]: 127.0.0.1:39092/1: Connect to ipv4#127.0.0.1:39092 failed: Unknown error (after 2056ms in state CONNECT, 10 identical error(s) suppressed)&#xD;
%3|1758047236.493|ERROR|ksql-dsl-client-admin#producer-69| [thrd:app]: ksql-dsl-client-admin#producer-69: 127.0.0.1:39092/1: Connect to ipv4#127.0.0.1:39092 failed: Unknown error (after 2056ms in state CONNECT, 10 identical error(s) suppressed)&#xD;
%3|1758047236.556|FAIL|ksql-dsl-client-admin#producer-14| [thrd:127.0.0.1:39092/1]: 127.0.0.1:39092/1: Connect to ipv4#127.0.0.1:39092 failed: Unknown error (after 2057ms in state CONNECT, 10 identical error(s) suppressed)&#xD;
%3|1758047236.556|FAIL|ksql-dsl-client-admin#producer-4| [thrd:127.0.0.1:39092/1]: 127.0.0.1:39092/1: Connect to ipv4#127.0.0.1:39092 failed: Unknown error (after 2057ms in state CONNECT, 10 identical error(s) suppressed)&#xD;
%3|1758047236.556|ERROR|ksql-dsl-client-admin#producer-14| [thrd:app]: ksql-dsl-client-admin#producer-14: 127.0.0.1:39092/1: Connect to ipv4#127.0.0.1:39092 failed: Unknown error (after 2057ms in state CONNECT, 10 identical error(s) suppressed)&#xD;
%3|1758047236.556|ERROR|ksql-dsl-client-admin#producer-4| [thrd:app]: ksql-dsl-client-admin#producer-4: 127.0.0.1:39092/1: Connect to ipv4#127.0.0.1:39092 failed: Unknown error (after 2057ms in state CONNECT, 10 identical error(s) suppressed)&#xD;
%3|1758047237.285|FAIL|ksql-dsl-client-admin#producer-16| [thrd:127.0.0.1:39092/bootstrap]: 127.0.0.1:39092/bootstrap: Connect to ipv4#127.0.0.1:39092 failed: Unknown error (after 2055ms in state CONNECT, 10 identical error(s) suppressed)&#xD;
%3|1758047237.285|ERROR|ksql-dsl-client-admin#producer-16| [thrd:app]: ksql-dsl-client-admin#producer-16: 127.0.0.1:39092/bootstrap: Connect to ipv4#127.0.0.1:39092 failed: Unknown error (after 2055ms in state CONNECT, 10 identical error(s) suppressed)&#xD;
%3|1758047238.379|FAIL|rdkafka#producer-90| [thrd:127.0.0.1:39092/bootstrap]: 127.0.0.1:39092/bootstrap: Connect to ipv4#127.0.0.1:39092 failed: Unknown error (after 2041ms in state CONNECT)&#xD;
%3|1758047238.379|ERROR|rdkafka#producer-90| [thrd:127.0.0.1:39092/bootstrap]: 1/1 brokers are down&#xD;
%3|1758047238.379|ERROR|rdkafka#producer-90| [thrd:app]: rdkafka#producer-90: 127.0.0.1:39092/bootstrap: Connect to ipv4#127.0.0.1:39092 failed: Unknown error (after 2041ms in state CONNECT)&#xD;
info: Streamiz.Kafka.Net.Processors.StreamThread[0]&#xD;
      Processed 0 total records, ran 0 punctuators and committed 0 total tasks since the last update&#xD;
%3|1758047240.508|FAIL|ksql-dsl-client-admin#producer-69| [thrd:127.0.0.1:39092/bootstrap]: 127.0.0.1:39092/bootstrap: Connect to ipv4#127.0.0.1:39092 failed: Unknown error (after 2019ms in state CONNECT, 10 identical error(s) suppressed)&#xD;
%3|1758047240.508|ERROR|ksql-dsl-client-admin#producer-69| [thrd:app]: ksql-dsl-client-admin#producer-69: 127.0.0.1:39092/bootstrap: Connect to ipv4#127.0.0.1:39092 failed: Unknown error (after 2019ms in state CONNECT, 10 identical error(s) suppressed)&#xD;
%3|1758047240.555|FAIL|ksql-dsl-client-admin#producer-4| [thrd:127.0.0.1:39092/bootstrap]: 127.0.0.1:39092/bootstrap: Connect to ipv4#127.0.0.1:39092 failed: Unknown error (after 2018ms in state CONNECT, 10 identical error(s) suppressed)&#xD;
%3|1758047240.555|FAIL|ksql-dsl-client-admin#producer-14| [thrd:127.0.0.1:39092/bootstrap]: 127.0.0.1:39092/bootstrap: Connect to ipv4#127.0.0.1:39092 failed: Unknown error (after 2018ms in state CONNECT, 10 identical error(s) suppressed)&#xD;
%3|1758047240.555|ERROR|ksql-dsl-client-admin#producer-14| [thrd:app]: ksql-dsl-client-admin#producer-14: 127.0.0.1:39092/bootstrap: Connect to ipv4#127.0.0.1:39092 failed: Unknown error (after 2018ms in state CONNECT, 10 identical error(s) suppressed)&#xD;
%3|1758047240.555|ERROR|ksql-dsl-client-admin#producer-4| [thrd:app]: ksql-dsl-client-admin#producer-4: 127.0.0.1:39092/bootstrap: Connect to ipv4#127.0.0.1:39092 failed: Unknown error (after 2018ms in state CONNECT, 10 identical error(s) suppressed)&#xD;
%3|1758047242.519|FAIL|rdkafka#producer-91| [thrd:127.0.0.1:39092/bootstrap]: 127.0.0.1:39092/bootstrap: Connect to ipv4#127.0.0.1:39092 failed: Unknown error (after 2025ms in state CONNECT)&#xD;
%3|1758047242.519|ERROR|rdkafka#producer-91| [thrd:127.0.0.1:39092/bootstrap]: 1/1 brokers are down&#xD;
%3|1758047242.519|ERROR|rdkafka#producer-91| [thrd:app]: rdkafka#producer-91: 127.0.0.1:39092/bootstrap: Connect to ipv4#127.0.0.1:39092 failed: Unknown error (after 2025ms in state CONNECT)&#xD;
fail: Streamiz.Kafka.Net.Kafka.KafkaLoggerAdapter[0]&#xD;
      stream-thread[ksql-dsl-app-rocks_to_list_ticks-5800c4b2-81e9-4e38-bc2d-66bedf5b280a-stream-thread-0] Error consumer ksql-dsl-app-rocks_to_list_ticks-5800c4b2-81e9-4e38-bc2d-66bedf5b280a-StreamThread-0-streamiz-consumer#consumer-66 - GroupCoordinator: 127.0.0.1:39092: Connect to ipv4#127.0.0.1:39092 failed: Unknown error (after 2039ms in state CONNECT, 3 identical error(s) suppressed)&#xD;
fail: Streamiz.Kafka.Net.Kafka.KafkaLoggerAdapter[0]&#xD;
      stream-thread[ksql-dsl-app-rocks_to_list_ticks-5800c4b2-81e9-4e38-bc2d-66bedf5b280a-stream-thread-0] Error consumer ksql-dsl-app-rocks_to_list_ticks-5800c4b2-81e9-4e38-bc2d-66bedf5b280a-StreamThread-0-streamiz-consumer#consumer-66 - 127.0.0.1:39092/1: Connect to ipv4#127.0.0.1:39092 failed: Unknown error (after 2036ms in state CONNECT, 15 identical error(s) suppressed)&#xD;
%3|1758047246.659|FAIL|rdkafka#producer-92| [thrd:127.0.0.1:39092/bootstrap]: 127.0.0.1:39092/bootstrap: Connect to ipv4#127.0.0.1:39092 failed: Unknown error (after 2039ms in state CONNECT)&#xD;
%3|1758047246.659|ERROR|rdkafka#producer-92| [thrd:127.0.0.1:39092/bootstrap]: 1/1 brokers are down&#xD;
%3|1758047246.659|ERROR|rdkafka#producer-92| [thrd:app]: rdkafka#producer-92: 127.0.0.1:39092/bootstrap: Connect to ipv4#127.0.0.1:39092 failed: Unknown error (after 2039ms in state CONNECT)&#xD;
%3|1758047250.803|FAIL|rdkafka#producer-93| [thrd:127.0.0.1:39092/bootstrap]: 127.0.0.1:39092/bootstrap: Connect to ipv4#127.0.0.1:39092 failed: Unknown error (after 2045ms in state CONNECT)&#xD;
%3|1758047250.803|ERROR|rdkafka#producer-93| [thrd:127.0.0.1:39092/bootstrap]: 1/1 brokers are down&#xD;
%3|1758047250.803|ERROR|rdkafka#producer-93| [thrd:app]: rdkafka#producer-93: 127.0.0.1:39092/bootstrap: Connect to ipv4#127.0.0.1:39092 failed: Unknown error (after 2045ms in state CONNECT)&#xD;
%3|1758047254.920|FAIL|rdkafka#producer-94| [thrd:127.0.0.1:39092/bootstrap]: 127.0.0.1:39092/bootstrap: Connect to ipv4#127.0.0.1:39092 failed: Unknown error (after 2030ms in state CONNECT)&#xD;
%3|1758047254.920|ERROR|rdkafka#producer-94| [thrd:127.0.0.1:39092/bootstrap]: 1/1 brokers are down&#xD;
%3|1758047254.920|ERROR|rdkafka#producer-94| [thrd:app]: rdkafka#producer-94: 127.0.0.1:39092/bootstrap: Connect to ipv4#127.0.0.1:39092 failed: Unknown error (after 2030ms in state CONNECT)&#xD;
%3|1758047259.050|FAIL|rdkafka#producer-95| [thrd:127.0.0.1:39092/bootstrap]: 127.0.0.1:39092/bootstrap: Connect to ipv4#127.0.0.1:39092 failed: Unknown error (after 2039ms in state CONNECT)&#xD;
%3|1758047259.050|ERROR|rdkafka#producer-95| [thrd:127.0.0.1:39092/bootstrap]: 1/1 brokers are down&#xD;
%3|1758047259.050|ERROR|rdkafka#producer-95| [thrd:app]: rdkafka#producer-95: 127.0.0.1:39092/bootstrap: Connect to ipv4#127.0.0.1:39092 failed: Unknown error (after 2039ms in state CONNECT)&#xD;
fail: Streamiz.Kafka.Net.Kafka.KafkaLoggerAdapter[0]&#xD;
      stream-thread[.NET Long Running Task] Error producer ksql-dsl-app-rocks_to_list_ticks-5800c4b2-81e9-4e38-bc2d-66bedf5b280a-stream-thread-0-streamiz-producer#producer-65 - 127.0.0.1:39092/1: Connect to ipv4#127.0.0.1:39092 failed: Unknown error (after 2039ms in state CONNECT, 12 identical error(s) suppressed)&#xD;
%3|1758047263.183|FAIL|rdkafka#producer-96| [thrd:127.0.0.1:39092/bootstrap]: 127.0.0.1:39092/bootstrap: Connect to ipv4#127.0.0.1:39092 failed: Unknown error (after 2039ms in state CONNECT)&#xD;
%3|1758047263.183|ERROR|rdkafka#producer-96| [thrd:127.0.0.1:39092/bootstrap]: 1/1 brokers are down&#xD;
%3|1758047263.183|ERROR|rdkafka#producer-96| [thrd:app]: rdkafka#producer-96: 127.0.0.1:39092/bootstrap: Connect to ipv4#127.0.0.1:39092 failed: Unknown error (after 2039ms in state CONNECT)&#xD;
fail: Streamiz.Kafka.Net.Kafka.KafkaLoggerAdapter[0]&#xD;
      stream-thread[.NET Long Running Task] Error admin ksql-dsl-app-rocks_to_list_ticks-5800c4b2-81e9-4e38-bc2d-66bedf5b280a-stream-thread-0#producer-64 - 127.0.0.1:39092/1: Connect to ipv4#127.0.0.1:39092 failed: Unknown error (after 2057ms in state CONNECT, 10 identical error(s) suppressed)&#xD;
fail: Streamiz.Kafka.Net.Kafka.KafkaLoggerAdapter[0]&#xD;
      stream-thread[.NET Long Running Task] Error admin ksql-dsl-app-rocks_to_list_ticks-5800c4b2-81e9-4e38-bc2d-66bedf5b280a-streamiz-admin#producer-62 - 127.0.0.1:39092/1: Connect to ipv4#127.0.0.1:39092 failed: Unknown error (after 2057ms in state CONNECT, 10 identical error(s) suppressed)&#xD;
fail: Streamiz.Kafka.Net.Kafka.KafkaLoggerAdapter[0]&#xD;
      stream-thread[.NET Long Running Task] Error producer ksql-dsl-app-rocks_to_list_ticks-5800c4b2-81e9-4e38-bc2d-66bedf5b280a-stream-thread-0-streamiz-producer#producer-65 - 127.0.0.1:39092/bootstrap: Connect to ipv4#127.0.0.1:39092 failed: Unknown error (after 2055ms in state CONNECT, 12 identical error(s) suppressed)&#xD;
%3|1758047264.193|FAIL|ksql-dsl-client-admin#producer-2| [thrd:127.0.0.1:39092/1]: 127.0.0.1:39092/1: Connect to ipv4#127.0.0.1:39092 failed: Unknown error (after 2054ms in state CONNECT, 10 identical error(s) suppressed)&#xD;
%3|1758047264.193|ERROR|ksql-dsl-client-admin#producer-2| [thrd:app]: ksql-dsl-client-admin#producer-2: 127.0.0.1:39092/1: Connect to ipv4#127.0.0.1:39092 failed: Unknown error (after 2054ms in state CONNECT, 10 identical error(s) suppressed)&#xD;
%3|1758047264.349|FAIL|ksql-dsl-client-admin#producer-44| [thrd:127.0.0.1:39092/1]: 127.0.0.1:39092/1: Connect to ipv4#127.0.0.1:39092 failed: Unknown error (after 2054ms in state CONNECT, 10 identical error(s) suppressed)&#xD;
%3|1758047264.349|ERROR|ksql-dsl-client-admin#producer-44| [thrd:app]: ksql-dsl-client-admin#producer-44: 127.0.0.1:39092/1: Connect to ipv4#127.0.0.1:39092 failed: Unknown error (after 2054ms in state CONNECT, 10 identical error(s) suppressed)&#xD;
fail: Streamiz.Kafka.Net.Kafka.KafkaLoggerAdapter[0]&#xD;
      stream-thread[.NET Long Running Task] Error admin ksql-dsl-app-rocks_to_list_ticks-5800c4b2-81e9-4e38-bc2d-66bedf5b280a-streamiz-admin#producer-62 - 127.0.0.1:39092/bootstrap: Connect to ipv4#127.0.0.1:39092 failed: Unknown error (after 2030ms in state CONNECT, 10 identical error(s) suppressed)&#xD;
fail: Streamiz.Kafka.Net.Kafka.KafkaLoggerAdapter[0]&#xD;
      stream-thread[.NET Long Running Task] Error admin ksql-dsl-app-rocks_to_list_ticks-5800c4b2-81e9-4e38-bc2d-66bedf5b280a-stream-thread-0#producer-64 - 127.0.0.1:39092/bootstrap: Connect to ipv4#127.0.0.1:39092 failed: Unknown error (after 2061ms in state CONNECT, 10 identical error(s) suppressed)&#xD;
%3|1758047266.196|FAIL|ksql-dsl-client-admin#producer-2| [thrd:127.0.0.1:39092/bootstrap]: 127.0.0.1:39092/bootstrap: Connect to ipv4#127.0.0.1:39092 failed: Unknown error (after 2033ms in state CONNECT, 10 identical error(s) suppressed)&#xD;
%3|1758047266.196|ERROR|ksql-dsl-client-admin#producer-2| [thrd:app]: ksql-dsl-client-admin#producer-2: 127.0.0.1:39092/bootstrap: Connect to ipv4#127.0.0.1:39092 failed: Unknown error (after 2033ms in state CONNECT, 10 identical error(s) suppressed)&#xD;
%3|1758047266.365|FAIL|ksql-dsl-client-admin#producer-44| [thrd:127.0.0.1:39092/bootstrap]: 127.0.0.1:39092/bootstrap: Connect to ipv4#127.0.0.1:39092 failed: Unknown error (after 2047ms in state CONNECT, 10 identical error(s) suppressed)&#xD;
%3|1758047266.365|ERROR|ksql-dsl-client-admin#producer-44| [thrd:app]: ksql-dsl-client-admin#producer-44: 127.0.0.1:39092/bootstrap: Connect to ipv4#127.0.0.1:39092 failed: Unknown error (after 2047ms in state CONNECT, 10 identical error(s) suppressed)&#xD;
%3|1758047266.504|FAIL|ksql-dsl-client-admin#producer-16| [thrd:127.0.0.1:39092/1]: 127.0.0.1:39092/1: Connect to ipv4#127.0.0.1:39092 failed: Unknown error (after 2031ms in state CONNECT, 10 identical error(s) suppressed)&#xD;
%3|1758047266.504|ERROR|ksql-dsl-client-admin#producer-16| [thrd:app]: ksql-dsl-client-admin#producer-16: 127.0.0.1:39092/1: Connect to ipv4#127.0.0.1:39092 failed: Unknown error (after 2031ms in state CONNECT, 10 identical error(s) suppressed)&#xD;
%3|1758047266.724|FAIL|ksql-dsl-client-admin#producer-69| [thrd:127.0.0.1:39092/1]: 127.0.0.1:39092/1: Connect to ipv4#127.0.0.1:39092 failed: Unknown error (after 2015ms in state CONNECT, 10 identical error(s) suppressed)&#xD;
%3|1758047266.724|ERROR|ksql-dsl-client-admin#producer-69| [thrd:app]: ksql-dsl-client-admin#producer-69: 127.0.0.1:39092/1: Connect to ipv4#127.0.0.1:39092 failed: Unknown error (after 2015ms in state CONNECT, 10 identical error(s) suppressed)&#xD;
%3|1758047266.816|FAIL|ksql-dsl-client-admin#producer-4| [thrd:127.0.0.1:39092/1]: 127.0.0.1:39092/1: Connect to ipv4#127.0.0.1:39092 failed: Unknown error (after 2030ms in state CONNECT, 10 identical error(s) suppressed)&#xD;
%3|1758047266.816|FAIL|ksql-dsl-client-admin#producer-14| [thrd:127.0.0.1:39092/1]: 127.0.0.1:39092/1: Connect to ipv4#127.0.0.1:39092 failed: Unknown error (after 2030ms in state CONNECT, 10 identical error(s) suppressed)&#xD;
%3|1758047266.816|ERROR|ksql-dsl-client-admin#producer-14| [thrd:app]: ksql-dsl-client-admin#producer-14: 127.0.0.1:39092/1: Connect to ipv4#127.0.0.1:39092 failed: Unknown error (after 2030ms in state CONNECT, 10 identical error(s) suppressed)&#xD;
%3|1758047266.816|ERROR|ksql-dsl-client-admin#producer-4| [thrd:app]: ksql-dsl-client-admin#producer-4: 127.0.0.1:39092/1: Connect to ipv4#127.0.0.1:39092 failed: Unknown error (after 2030ms in state CONNECT, 10 identical error(s) suppressed)&#xD;
fail: Streamiz.Kafka.Net.Kafka.KafkaLoggerAdapter[0]&#xD;
      stream-thread[ksql-dsl-app-rocks_to_list_ticks-5800c4b2-81e9-4e38-bc2d-66bedf5b280a-stream-thread-0] Error consumer ksql-dsl-app-rocks_to_list_ticks-5800c4b2-81e9-4e38-bc2d-66bedf5b280a-StreamThread-0-streamiz-consumer#consumer-66 - 127.0.0.1:39092/bootstrap: Connect to ipv4#127.0.0.1:39092 failed: Unknown error (after 2055ms in state CONNECT, 15 identical error(s) suppressed)&#xD;
%3|1758047267.331|FAIL|rdkafka#producer-97| [thrd:127.0.0.1:39092/bootstrap]: 127.0.0.1:39092/bootstrap: Connect to ipv4#127.0.0.1:39092 failed: Unknown error (after 2057ms in state CONNECT)&#xD;
%3|1758047267.331|ERROR|rdkafka#producer-97| [thrd:127.0.0.1:39092/bootstrap]: 1/1 brokers are down&#xD;
%3|1758047267.331|ERROR|rdkafka#producer-97| [thrd:app]: rdkafka#producer-97: 127.0.0.1:39092/bootstrap: Connect to ipv4#127.0.0.1:39092 failed: Unknown error (after 2057ms in state CONNECT)&#xD;
%3|1758047267.534|FAIL|ksql-dsl-client-admin#producer-16| [thrd:127.0.0.1:39092/bootstrap]: 127.0.0.1:39092/bootstrap: Connect to ipv4#127.0.0.1:39092 failed: Unknown error (after 2055ms in state CONNECT, 10 identical error(s) suppressed)&#xD;
%3|1758047267.534|ERROR|ksql-dsl-client-admin#producer-16| [thrd:app]: ksql-dsl-client-admin#producer-16: 127.0.0.1:39092/bootstrap: Connect to ipv4#127.0.0.1:39092 failed: Unknown error (after 2055ms in state CONNECT, 10 identical error(s) suppressed)&#xD;
%3|1758047270.780|FAIL|ksql-dsl-client-admin#producer-69| [thrd:127.0.0.1:39092/bootstrap]: 127.0.0.1:39092/bootstrap: Connect to ipv4#127.0.0.1:39092 failed: Unknown error (after 2042ms in state CONNECT, 10 identical error(s) suppressed)&#xD;
%3|1758047270.780|ERROR|ksql-dsl-client-admin#producer-69| [thrd:app]: ksql-dsl-client-admin#producer-69: 127.0.0.1:39092/bootstrap: Connect to ipv4#127.0.0.1:39092 failed: Unknown error (after 2042ms in state CONNECT, 10 identical error(s) suppressed)&#xD;
%3|1758047270.859|FAIL|ksql-dsl-client-admin#producer-14| [thrd:127.0.0.1:39092/bootstrap]: 127.0.0.1:39092/bootstrap: Connect to ipv4#127.0.0.1:39092 failed: Unknown error (after 2042ms in state CONNECT, 10 identical error(s) suppressed)&#xD;
%3|1758047270.859|FAIL|ksql-dsl-client-admin#producer-4| [thrd:127.0.0.1:39092/bootstrap]: 127.0.0.1:39092/bootstrap: Connect to ipv4#127.0.0.1:39092 failed: Unknown error (after 2042ms in state CONNECT, 10 identical error(s) suppressed)&#xD;
%3|1758047270.859|ERROR|ksql-dsl-client-admin#producer-4| [thrd:app]: ksql-dsl-client-admin#producer-4: 127.0.0.1:39092/bootstrap: Connect to ipv4#127.0.0.1:39092 failed: Unknown error (after 2042ms in state CONNECT, 10 identical error(s) suppressed)&#xD;
%3|1758047270.859|ERROR|ksql-dsl-client-admin#producer-14| [thrd:app]: ksql-dsl-client-admin#producer-14: 127.0.0.1:39092/bootstrap: Connect to ipv4#127.0.0.1:39092 failed: Unknown error (after 2042ms in state CONNECT, 10 identical error(s) suppressed)&#xD;
%3|1758047271.469|FAIL|rdkafka#producer-98| [thrd:127.0.0.1:39092/bootstrap]: 127.0.0.1:39092/bootstrap: Connect to ipv4#127.0.0.1:39092 failed: Unknown error (after 2044ms in state CONNECT)&#xD;
%3|1758047271.469|ERROR|rdkafka#producer-98| [thrd:127.0.0.1:39092/bootstrap]: 1/1 brokers are down&#xD;
%3|1758047271.469|ERROR|rdkafka#producer-98| [thrd:app]: rdkafka#producer-98: 127.0.0.1:39092/bootstrap: Connect to ipv4#127.0.0.1:39092 failed: Unknown error (after 2044ms in state CONNECT)&#xD;
[xUnit.net 00:13:27.66]       System.TimeoutException : Kafka not reachable at 127.0.0.1:39092&#xD;
[xUnit.net 00:13:27.66]       Stack Trace:&#xD;
[xUnit.net 00:13:27.66]         C:\dev\experimental\physicalTests\Env\Health.cs(20,0): at PhysicalTestEnv.Health.WaitForKafkaAsync(String bootstrapServers, Nullable`1 timeout)&#xD;
[xUnit.net 00:13:27.66]         C:\dev\experimental\physicalTests\Connectivity\SchemaRegistryResetTests.cs(195,0): at Kafka.Ksql.Linq.Tests.Integration.EnvSchemaRegistryResetTests.SetupAsync()&#xD;
[xUnit.net 00:13:27.66]         C:\dev\experimental\physicalTests\Connectivity\SchemaRegistryResetTests.cs(130,0): at Kafka.Ksql.Linq.Tests.Integration.SchemaRegistryResetTests.UpperCaseSubjects_ShouldNotExist()&#xD;
[xUnit.net 00:13:27.66]         --- End of stack trace from previous location ---&#xD;
fail: Streamiz.Kafka.Net.Kafka.KafkaLoggerAdapter[0]&#xD;
      stream-thread[ksql-dsl-app-rocks_to_list_ticks-5800c4b2-81e9-4e38-bc2d-66bedf5b280a-stream-thread-0] Error consumer ksql-dsl-app-rocks_to_list_ticks-5800c4b2-81e9-4e38-bc2d-66bedf5b280a-StreamThread-0-streamiz-consumer#consumer-66 - 127.0.0.1:39092/1: Connect to ipv4#127.0.0.1:39092 failed: Unknown error (after 2026ms in state CONNECT, 15 identical error(s) suppressed)&#xD;
%3|1758047277.660|FAIL|rdkafka#producer-99| [thrd:127.0.0.1:39092/bootstrap]: 127.0.0.1:39092/bootstrap: Connect to ipv4#127.0.0.1:39092 failed: Unknown error (after 2037ms in state CONNECT)&#xD;
%3|1758047277.660|ERROR|rdkafka#producer-99| [thrd:127.0.0.1:39092/bootstrap]: 1/1 brokers are down&#xD;
%3|1758047277.660|ERROR|rdkafka#producer-99| [thrd:app]: rdkafka#producer-99: 127.0.0.1:39092/bootstrap: Connect to ipv4#127.0.0.1:39092 failed: Unknown error (after 2037ms in state CONNECT)&#xD;
fail: Streamiz.Kafka.Net.Kafka.KafkaLoggerAdapter[0]&#xD;
      stream-thread[ksql-dsl-app-rocks_to_list_ticks-5800c4b2-81e9-4e38-bc2d-66bedf5b280a-stream-thread-0] Error consumer ksql-dsl-app-rocks_to_list_ticks-5800c4b2-81e9-4e38-bc2d-66bedf5b280a-StreamThread-0-streamiz-consumer#consumer-66 - GroupCoordinator: 127.0.0.1:39092: Connect to ipv4#127.0.0.1:39092 failed: Unknown error (after 2056ms in state CONNECT, 3 identical error(s) suppressed)&#xD;
%3|1758047281.806|FAIL|rdkafka#producer-100| [thrd:127.0.0.1:39092/bootstrap]: 127.0.0.1:39092/bootstrap: Connect to ipv4#127.0.0.1:39092 failed: Unknown error (after 2053ms in state CONNECT)&#xD;
%3|1758047281.806|ERROR|rdkafka#producer-100| [thrd:127.0.0.1:39092/bootstrap]: 1/1 brokers are down&#xD;
%3|1758047281.806|ERROR|rdkafka#producer-100| [thrd:app]: rdkafka#producer-100: 127.0.0.1:39092/bootstrap: Connect to ipv4#127.0.0.1:39092 failed: Unknown error (after 2053ms in state CONNECT)&#xD;
%3|1758047285.966|FAIL|rdkafka#producer-101| [thrd:127.0.0.1:39092/bootstrap]: 127.0.0.1:39092/bootstrap: Connect to ipv4#127.0.0.1:39092 failed: Unknown error (after 2055ms in state CONNECT)&#xD;
%3|1758047285.966|ERROR|rdkafka#producer-101| [thrd:127.0.0.1:39092/bootstrap]: 1/1 brokers are down&#xD;
%3|1758047285.966|ERROR|rdkafka#producer-101| [thrd:app]: rdkafka#producer-101: 127.0.0.1:39092/bootstrap: Connect to ipv4#127.0.0.1:39092 failed: Unknown error (after 2055ms in state CONNECT)&#xD;
%3|1758047290.116|FAIL|rdkafka#producer-102| [thrd:127.0.0.1:39092/bootstrap]: 127.0.0.1:39092/bootstrap: Connect to ipv4#127.0.0.1:39092 failed: Unknown error (after 2042ms in state CONNECT)&#xD;
%3|1758047290.116|ERROR|rdkafka#producer-102| [thrd:127.0.0.1:39092/bootstrap]: 1/1 brokers are down&#xD;
%3|1758047290.116|ERROR|rdkafka#producer-102| [thrd:app]: rdkafka#producer-102: 127.0.0.1:39092/bootstrap: Connect to ipv4#127.0.0.1:39092 failed: Unknown error (after 2042ms in state CONNECT)&#xD;
fail: Streamiz.Kafka.Net.Kafka.KafkaLoggerAdapter[0]&#xD;
      stream-thread[.NET Long Running Task] Error producer ksql-dsl-app-rocks_to_list_ticks-5800c4b2-81e9-4e38-bc2d-66bedf5b280a-stream-thread-0-streamiz-producer#producer-65 - 127.0.0.1:39092/1: Connect to ipv4#127.0.0.1:39092 failed: Unknown error (after 2044ms in state CONNECT, 12 identical error(s) suppressed)&#xD;
%3|1758047294.248|FAIL|rdkafka#producer-103| [thrd:127.0.0.1:39092/bootstrap]: 127.0.0.1:39092/bootstrap: Connect to ipv4#127.0.0.1:39092 failed: Unknown error (after 2030ms in state CONNECT)&#xD;
%3|1758047294.248|ERROR|rdkafka#producer-103| [thrd:127.0.0.1:39092/bootstrap]: 1/1 brokers are down&#xD;
%3|1758047294.248|ERROR|rdkafka#producer-103| [thrd:app]: rdkafka#producer-103: 127.0.0.1:39092/bootstrap: Connect to ipv4#127.0.0.1:39092 failed: Unknown error (after 2030ms in state CONNECT)&#xD;
fail: Streamiz.Kafka.Net.Kafka.KafkaLoggerAdapter[0]&#xD;
      stream-thread[.NET Long Running Task] Error admin ksql-dsl-app-rocks_to_list_ticks-5800c4b2-81e9-4e38-bc2d-66bedf5b280a-stream-thread-0#producer-64 - 127.0.0.1:39092/1: Connect to ipv4#127.0.0.1:39092 failed: Unknown error (after 2032ms in state CONNECT, 10 identical error(s) suppressed)&#xD;
fail: Streamiz.Kafka.Net.Kafka.KafkaLoggerAdapter[0]&#xD;
      stream-thread[.NET Long Running Task] Error admin ksql-dsl-app-rocks_to_list_ticks-5800c4b2-81e9-4e38-bc2d-66bedf5b280a-streamiz-admin#producer-62 - 127.0.0.1:39092/1: Connect to ipv4#127.0.0.1:39092 failed: Unknown error (after 2032ms in state CONNECT, 10 identical error(s) suppressed)&#xD;
fail: Streamiz.Kafka.Net.Kafka.KafkaLoggerAdapter[0]&#xD;
      stream-thread[.NET Long Running Task] Error producer ksql-dsl-app-rocks_to_list_ticks-5800c4b2-81e9-4e38-bc2d-66bedf5b280a-stream-thread-0-streamiz-producer#producer-65 - 127.0.0.1:39092/bootstrap: Connect to ipv4#127.0.0.1:39092 failed: Unknown error (after 2046ms in state CONNECT, 12 identical error(s) suppressed)&#xD;
%3|1758047294.452|FAIL|ksql-dsl-client-admin#producer-2| [thrd:127.0.0.1:39092/1]: 127.0.0.1:39092/1: Connect to ipv4#127.0.0.1:39092 failed: Unknown error (after 2030ms in state CONNECT, 10 identical error(s) suppressed)&#xD;
%3|1758047294.452|ERROR|ksql-dsl-client-admin#producer-2| [thrd:app]: ksql-dsl-client-admin#producer-2: 127.0.0.1:39092/1: Connect to ipv4#127.0.0.1:39092 failed: Unknown error (after 2030ms in state CONNECT, 10 identical error(s) suppressed)&#xD;
%3|1758047294.623|FAIL|ksql-dsl-client-admin#producer-44| [thrd:127.0.0.1:39092/1]: 127.0.0.1:39092/1: Connect to ipv4#127.0.0.1:39092 failed: Unknown error (after 2046ms in state CONNECT, 10 identical error(s) suppressed)&#xD;
%3|1758047294.623|ERROR|ksql-dsl-client-admin#producer-44| [thrd:app]: ksql-dsl-client-admin#producer-44: 127.0.0.1:39092/1: Connect to ipv4#127.0.0.1:39092 failed: Unknown error (after 2046ms in state CONNECT, 10 identical error(s) suppressed)&#xD;
fail: Streamiz.Kafka.Net.Kafka.KafkaLoggerAdapter[0]&#xD;
      stream-thread[.NET Long Running Task] Error admin ksql-dsl-app-rocks_to_list_ticks-5800c4b2-81e9-4e38-bc2d-66bedf5b280a-streamiz-admin#producer-62 - 127.0.0.1:39092/bootstrap: Connect to ipv4#127.0.0.1:39092 failed: Unknown error (after 2028ms in state CONNECT, 10 identical error(s) suppressed)&#xD;
fail: Streamiz.Kafka.Net.Kafka.KafkaLoggerAdapter[0]&#xD;
      stream-thread[.NET Long Running Task] Error admin ksql-dsl-app-rocks_to_list_ticks-5800c4b2-81e9-4e38-bc2d-66bedf5b280a-stream-thread-0#producer-64 - 127.0.0.1:39092/bootstrap: Connect to ipv4#127.0.0.1:39092 failed: Unknown error (after 2043ms in state CONNECT, 10 identical error(s) suppressed)&#xD;
%3|1758047296.490|FAIL|ksql-dsl-client-admin#producer-2| [thrd:127.0.0.1:39092/bootstrap]: 127.0.0.1:39092/bootstrap: Connect to ipv4#127.0.0.1:39092 failed: Unknown error (after 2054ms in state CONNECT, 10 identical error(s) suppressed)&#xD;
%3|1758047296.490|ERROR|ksql-dsl-client-admin#producer-2| [thrd:app]: ksql-dsl-client-admin#producer-2: 127.0.0.1:39092/bootstrap: Connect to ipv4#127.0.0.1:39092 failed: Unknown error (after 2054ms in state CONNECT, 10 identical error(s) suppressed)&#xD;
%3|1758047296.647|FAIL|ksql-dsl-client-admin#producer-44| [thrd:127.0.0.1:39092/bootstrap]: 127.0.0.1:39092/bootstrap: Connect to ipv4#127.0.0.1:39092 failed: Unknown error (after 2054ms in state CONNECT, 10 identical error(s) suppressed)&#xD;
%3|1758047296.647|ERROR|ksql-dsl-client-admin#producer-44| [thrd:app]: ksql-dsl-client-admin#producer-44: 127.0.0.1:39092/bootstrap: Connect to ipv4#127.0.0.1:39092 failed: Unknown error (after 2054ms in state CONNECT, 10 identical error(s) suppressed)&#xD;
%3|1758047296.818|FAIL|ksql-dsl-client-admin#producer-16| [thrd:127.0.0.1:39092/1]: 127.0.0.1:39092/1: Connect to ipv4#127.0.0.1:39092 failed: Unknown error (after 2055ms in state CONNECT, 10 identical error(s) suppressed)&#xD;
%3|1758047296.818|ERROR|ksql-dsl-client-admin#producer-16| [thrd:app]: ksql-dsl-client-admin#producer-16: 127.0.0.1:39092/1: Connect to ipv4#127.0.0.1:39092 failed: Unknown error (after 2055ms in state CONNECT, 10 identical error(s) suppressed)&#xD;
%3|1758047297.006|FAIL|ksql-dsl-client-admin#producer-69| [thrd:127.0.0.1:39092/1]: 127.0.0.1:39092/1: Connect to ipv4#127.0.0.1:39092 failed: Unknown error (after 2055ms in state CONNECT, 10 identical error(s) suppressed)&#xD;
%3|1758047297.006|ERROR|ksql-dsl-client-admin#producer-69| [thrd:app]: ksql-dsl-client-admin#producer-69: 127.0.0.1:39092/1: Connect to ipv4#127.0.0.1:39092 failed: Unknown error (after 2055ms in state CONNECT, 10 identical error(s) suppressed)&#xD;
%3|1758047297.132|FAIL|ksql-dsl-client-admin#producer-14| [thrd:127.0.0.1:39092/1]: 127.0.0.1:39092/1: Connect to ipv4#127.0.0.1:39092 failed: Unknown error (after 2056ms in state CONNECT, 10 identical error(s) suppressed)&#xD;
%3|1758047297.132|ERROR|ksql-dsl-client-admin#producer-14| [thrd:app]: ksql-dsl-client-admin#producer-14: 127.0.0.1:39092/1: Connect to ipv4#127.0.0.1:39092 failed: Unknown error (after 2056ms in state CONNECT, 10 identical error(s) suppressed)&#xD;
%3|1758047297.132|FAIL|ksql-dsl-client-admin#producer-4| [thrd:127.0.0.1:39092/1]: 127.0.0.1:39092/1: Connect to ipv4#127.0.0.1:39092 failed: Unknown error (after 2056ms in state CONNECT, 10 identical error(s) suppressed)&#xD;
%3|1758047297.132|ERROR|ksql-dsl-client-admin#producer-4| [thrd:app]: ksql-dsl-client-admin#producer-4: 127.0.0.1:39092/1: Connect to ipv4#127.0.0.1:39092 failed: Unknown error (after 2056ms in state CONNECT, 10 identical error(s) suppressed)&#xD;
%3|1758047297.835|FAIL|ksql-dsl-client-admin#producer-16| [thrd:127.0.0.1:39092/bootstrap]: 127.0.0.1:39092/bootstrap: Connect to ipv4#127.0.0.1:39092 failed: Unknown error (after 2060ms in state CONNECT, 10 identical error(s) suppressed)&#xD;
%3|1758047297.835|ERROR|ksql-dsl-client-admin#producer-16| [thrd:app]: ksql-dsl-client-admin#producer-16: 127.0.0.1:39092/bootstrap: Connect to ipv4#127.0.0.1:39092 failed: Unknown error (after 2060ms in state CONNECT, 10 identical error(s) suppressed)&#xD;
%3|1758047298.394|FAIL|rdkafka#producer-104| [thrd:127.0.0.1:39092/bootstrap]: 127.0.0.1:39092/bootstrap: Connect to ipv4#127.0.0.1:39092 failed: Unknown error (after 2041ms in state CONNECT)&#xD;
%3|1758047298.394|ERROR|rdkafka#producer-104| [thrd:127.0.0.1:39092/bootstrap]: 1/1 brokers are down&#xD;
%3|1758047298.394|ERROR|rdkafka#producer-104| [thrd:app]: rdkafka#producer-104: 127.0.0.1:39092/bootstrap: Connect to ipv4#127.0.0.1:39092 failed: Unknown error (after 2041ms in state CONNECT)&#xD;
fail: Streamiz.Kafka.Net.Kafka.KafkaLoggerAdapter[0]&#xD;
      stream-thread[ksql-dsl-app-rocks_to_list_ticks-5800c4b2-81e9-4e38-bc2d-66bedf5b280a-stream-thread-0] Error consumer ksql-dsl-app-rocks_to_list_ticks-5800c4b2-81e9-4e38-bc2d-66bedf5b280a-StreamThread-0-streamiz-consumer#consumer-66 - 127.0.0.1:39092/bootstrap: Connect to ipv4#127.0.0.1:39092 failed: Unknown error (after 2042ms in state CONNECT, 15 identical error(s) suppressed)&#xD;
info: Streamiz.Kafka.Net.Processors.StreamThread[0]&#xD;
      Processed 0 total records, ran 0 punctuators and committed 0 total tasks since the last update&#xD;
%3|1758047301.017|FAIL|ksql-dsl-client-admin#producer-69| [thrd:127.0.0.1:39092/bootstrap]: 127.0.0.1:39092/bootstrap: Connect to ipv4#127.0.0.1:39092 failed: Unknown error (after 2027ms in state CONNECT, 10 identical error(s) suppressed)&#xD;
%3|1758047301.017|ERROR|ksql-dsl-client-admin#producer-69| [thrd:app]: ksql-dsl-client-admin#producer-69: 127.0.0.1:39092/bootstrap: Connect to ipv4#127.0.0.1:39092 failed: Unknown error (after 2027ms in state CONNECT, 10 identical error(s) suppressed)&#xD;
%3|1758047301.155|FAIL|ksql-dsl-client-admin#producer-14| [thrd:127.0.0.1:39092/bootstrap]: 127.0.0.1:39092/bootstrap: Connect to ipv4#127.0.0.1:39092 failed: Unknown error (after 2031ms in state CONNECT, 10 identical error(s) suppressed)&#xD;
%3|1758047301.155|FAIL|ksql-dsl-client-admin#producer-4| [thrd:127.0.0.1:39092/bootstrap]: 127.0.0.1:39092/bootstrap: Connect to ipv4#127.0.0.1:39092 failed: Unknown error (after 2031ms in state CONNECT, 10 identical error(s) suppressed)&#xD;
%3|1758047301.155|ERROR|ksql-dsl-client-admin#producer-4| [thrd:app]: ksql-dsl-client-admin#producer-4: 127.0.0.1:39092/bootstrap: Connect to ipv4#127.0.0.1:39092 failed: Unknown error (after 2031ms in state CONNECT, 10 identical error(s) suppressed)&#xD;
%3|1758047301.155|ERROR|ksql-dsl-client-admin#producer-14| [thrd:app]: ksql-dsl-client-admin#producer-14: 127.0.0.1:39092/bootstrap: Connect to ipv4#127.0.0.1:39092 failed: Unknown error (after 2031ms in state CONNECT, 10 identical error(s) suppressed)&#xD;
%3|1758047302.501|FAIL|rdkafka#producer-105| [thrd:127.0.0.1:39092/bootstrap]: 127.0.0.1:39092/bootstrap: Connect to ipv4#127.0.0.1:39092 failed: Unknown error (after 2016ms in state CONNECT)&#xD;
%3|1758047302.501|ERROR|rdkafka#producer-105| [thrd:127.0.0.1:39092/bootstrap]: 1/1 brokers are down&#xD;
%3|1758047302.501|ERROR|rdkafka#producer-105| [thrd:app]: rdkafka#producer-105: 127.0.0.1:39092/bootstrap: Connect to ipv4#127.0.0.1:39092 failed: Unknown error (after 2016ms in state CONNECT)&#xD;
%3|1758047306.639|FAIL|rdkafka#producer-106| [thrd:127.0.0.1:39092/bootstrap]: 127.0.0.1:39092/bootstrap: Connect to ipv4#127.0.0.1:39092 failed: Unknown error (after 2038ms in state CONNECT)&#xD;
%3|1758047306.639|ERROR|rdkafka#producer-106| [thrd:127.0.0.1:39092/bootstrap]: 1/1 brokers are down&#xD;
%3|1758047306.639|ERROR|rdkafka#producer-106| [thrd:app]: rdkafka#producer-106: 127.0.0.1:39092/bootstrap: Connect to ipv4#127.0.0.1:39092 failed: Unknown error (after 2038ms in state CONNECT)&#xD;
fail: Streamiz.Kafka.Net.Kafka.KafkaLoggerAdapter[0]&#xD;
      stream-thread[ksql-dsl-app-rocks_to_list_ticks-5800c4b2-81e9-4e38-bc2d-66bedf5b280a-stream-thread-0] Error consumer ksql-dsl-app-rocks_to_list_ticks-5800c4b2-81e9-4e38-bc2d-66bedf5b280a-StreamThread-0-streamiz-consumer#consumer-66 - 127.0.0.1:39092/1: Connect to ipv4#127.0.0.1:39092 failed: Unknown error (after 2041ms in state CONNECT, 15 identical error(s) suppressed)&#xD;
%3|1758047310.794|FAIL|rdkafka#producer-107| [thrd:127.0.0.1:39092/bootstrap]: 127.0.0.1:39092/bootstrap: Connect to ipv4#127.0.0.1:39092 failed: Unknown error (after 2053ms in state CONNECT)&#xD;
%3|1758047310.794|ERROR|rdkafka#producer-107| [thrd:127.0.0.1:39092/bootstrap]: 1/1 brokers are down&#xD;
%3|1758047310.794|ERROR|rdkafka#producer-107| [thrd:app]: rdkafka#producer-107: 127.0.0.1:39092/bootstrap: Connect to ipv4#127.0.0.1:39092 failed: Unknown error (after 2053ms in state CONNECT)&#xD;
fail: Streamiz.Kafka.Net.Kafka.KafkaLoggerAdapter[0]&#xD;
      stream-thread[ksql-dsl-app-rocks_to_list_ticks-5800c4b2-81e9-4e38-bc2d-66bedf5b280a-stream-thread-0] Error consumer ksql-dsl-app-rocks_to_list_ticks-5800c4b2-81e9-4e38-bc2d-66bedf5b280a-StreamThread-0-streamiz-consumer#consumer-66 - GroupCoordinator: 127.0.0.1:39092: Connect to ipv4#127.0.0.1:39092 failed: Unknown error (after 2043ms in state CONNECT, 3 identical error(s) suppressed)&#xD;
%3|1758047314.934|FAIL|rdkafka#producer-108| [thrd:127.0.0.1:39092/bootstrap]: 127.0.0.1:39092/bootstrap: Connect to ipv4#127.0.0.1:39092 failed: Unknown error (after 2032ms in state CONNECT)&#xD;
%3|1758047314.934|ERROR|rdkafka#producer-108| [thrd:127.0.0.1:39092/bootstrap]: 1/1 brokers are down&#xD;
%3|1758047314.934|ERROR|rdkafka#producer-108| [thrd:app]: rdkafka#producer-108: 127.0.0.1:39092/bootstrap: Connect to ipv4#127.0.0.1:39092 failed: Unknown error (after 2032ms in state CONNECT)&#xD;
%3|1758047319.093|FAIL|rdkafka#producer-109| [thrd:127.0.0.1:39092/bootstrap]: 127.0.0.1:39092/bootstrap: Connect to ipv4#127.0.0.1:39092 failed: Unknown error (after 2057ms in state CONNECT)&#xD;
%3|1758047319.093|ERROR|rdkafka#producer-109| [thrd:127.0.0.1:39092/bootstrap]: 1/1 brokers are down&#xD;
%3|1758047319.093|ERROR|rdkafka#producer-109| [thrd:app]: rdkafka#producer-109: 127.0.0.1:39092/bootstrap: Connect to ipv4#127.0.0.1:39092 failed: Unknown error (after 2057ms in state CONNECT)&#xD;
%3|1758047323.242|FAIL|rdkafka#producer-110| [thrd:127.0.0.1:39092/bootstrap]: 127.0.0.1:39092/bootstrap: Connect to ipv4#127.0.0.1:39092 failed: Unknown error (after 2044ms in state CONNECT)&#xD;
%3|1758047323.242|ERROR|rdkafka#producer-110| [thrd:127.0.0.1:39092/bootstrap]: 1/1 brokers are down&#xD;
%3|1758047323.242|ERROR|rdkafka#producer-110| [thrd:app]: rdkafka#producer-110: 127.0.0.1:39092/bootstrap: Connect to ipv4#127.0.0.1:39092 failed: Unknown error (after 2044ms in state CONNECT)&#xD;
fail: Streamiz.Kafka.Net.Kafka.KafkaLoggerAdapter[0]&#xD;
      stream-thread[.NET Long Running Task] Error producer ksql-dsl-app-rocks_to_list_ticks-5800c4b2-81e9-4e38-bc2d-66bedf5b280a-stream-thread-0-streamiz-producer#producer-65 - 127.0.0.1:39092/1: Connect to ipv4#127.0.0.1:39092 failed: Unknown error (after 2043ms in state CONNECT, 12 identical error(s) suppressed)&#xD;
fail: Streamiz.Kafka.Net.Kafka.KafkaLoggerAdapter[0]&#xD;
      stream-thread[.NET Long Running Task] Error admin ksql-dsl-app-rocks_to_list_ticks-5800c4b2-81e9-4e38-bc2d-66bedf5b280a-stream-thread-0#producer-64 - 127.0.0.1:39092/1: Connect to ipv4#127.0.0.1:39092 failed: Unknown error (after 2045ms in state CONNECT, 10 identical error(s) suppressed)&#xD;
fail: Streamiz.Kafka.Net.Kafka.KafkaLoggerAdapter[0]&#xD;
      stream-thread[.NET Long Running Task] Error admin ksql-dsl-app-rocks_to_list_ticks-5800c4b2-81e9-4e38-bc2d-66bedf5b280a-streamiz-admin#producer-62 - 127.0.0.1:39092/1: Connect to ipv4#127.0.0.1:39092 failed: Unknown error (after 2045ms in state CONNECT, 10 identical error(s) suppressed)&#xD;
%3|1758047324.736|FAIL|ksql-dsl-client-admin#producer-2| [thrd:127.0.0.1:39092/1]: 127.0.0.1:39092/1: Connect to ipv4#127.0.0.1:39092 failed: Unknown error (after 2044ms in state CONNECT, 10 identical error(s) suppressed)&#xD;
%3|1758047324.736|ERROR|ksql-dsl-client-admin#producer-2| [thrd:app]: ksql-dsl-client-admin#producer-2: 127.0.0.1:39092/1: Connect to ipv4#127.0.0.1:39092 failed: Unknown error (after 2044ms in state CONNECT, 10 identical error(s) suppressed)&#xD;
fail: Streamiz.Kafka.Net.Kafka.KafkaLoggerAdapter[0]&#xD;
      stream-thread[.NET Long Running Task] Error producer ksql-dsl-app-rocks_to_list_ticks-5800c4b2-81e9-4e38-bc2d-66bedf5b280a-stream-thread-0-streamiz-producer#producer-65 - 127.0.0.1:39092/bootstrap: Connect to ipv4#127.0.0.1:39092 failed: Unknown error (after 2043ms in state CONNECT, 12 identical error(s) suppressed)&#xD;
%3|1758047324.924|FAIL|ksql-dsl-client-admin#producer-44| [thrd:127.0.0.1:39092/1]: 127.0.0.1:39092/1: Connect to ipv4#127.0.0.1:39092 failed: Unknown error (after 2059ms in state CONNECT, 10 identical error(s) suppressed)&#xD;
%3|1758047324.924|ERROR|ksql-dsl-client-admin#producer-44| [thrd:app]: ksql-dsl-client-admin#producer-44: 127.0.0.1:39092/1: Connect to ipv4#127.0.0.1:39092 failed: Unknown error (after 2059ms in state CONNECT, 10 identical error(s) suppressed)&#xD;
fail: Streamiz.Kafka.Net.Kafka.KafkaLoggerAdapter[0]&#xD;
      stream-thread[.NET Long Running Task] Error admin ksql-dsl-app-rocks_to_list_ticks-5800c4b2-81e9-4e38-bc2d-66bedf5b280a-stream-thread-0#producer-64 - 127.0.0.1:39092/bootstrap: Connect to ipv4#127.0.0.1:39092 failed: Unknown error (after 2045ms in state CONNECT, 10 identical error(s) suppressed)&#xD;
fail: Streamiz.Kafka.Net.Kafka.KafkaLoggerAdapter[0]&#xD;
      stream-thread[.NET Long Running Task] Error admin ksql-dsl-app-rocks_to_list_ticks-5800c4b2-81e9-4e38-bc2d-66bedf5b280a-streamiz-admin#producer-62 - 127.0.0.1:39092/bootstrap: Connect to ipv4#127.0.0.1:39092 failed: Unknown error (after 2045ms in state CONNECT, 10 identical error(s) suppressed)&#xD;
%3|1758047326.727|FAIL|ksql-dsl-client-admin#producer-2| [thrd:127.0.0.1:39092/bootstrap]: 127.0.0.1:39092/bootstrap: Connect to ipv4#127.0.0.1:39092 failed: Unknown error (after 2022ms in state CONNECT, 10 identical error(s) suppressed)&#xD;
%3|1758047326.727|ERROR|ksql-dsl-client-admin#producer-2| [thrd:app]: ksql-dsl-client-admin#producer-2: 127.0.0.1:39092/bootstrap: Connect to ipv4#127.0.0.1:39092 failed: Unknown error (after 2022ms in state CONNECT, 10 identical error(s) suppressed)&#xD;
%3|1758047326.930|FAIL|ksql-dsl-client-admin#producer-44| [thrd:127.0.0.1:39092/bootstrap]: 127.0.0.1:39092/bootstrap: Connect to ipv4#127.0.0.1:39092 failed: Unknown error (after 2036ms in state CONNECT, 10 identical error(s) suppressed)&#xD;
%3|1758047326.930|ERROR|ksql-dsl-client-admin#producer-44| [thrd:app]: ksql-dsl-client-admin#producer-44: 127.0.0.1:39092/bootstrap: Connect to ipv4#127.0.0.1:39092 failed: Unknown error (after 2036ms in state CONNECT, 10 identical error(s) suppressed)&#xD;
%3|1758047327.100|FAIL|ksql-dsl-client-admin#producer-16| [thrd:127.0.0.1:39092/1]: 127.0.0.1:39092/1: Connect to ipv4#127.0.0.1:39092 failed: Unknown error (after 2050ms in state CONNECT, 10 identical error(s) suppressed)&#xD;
%3|1758047327.100|ERROR|ksql-dsl-client-admin#producer-16| [thrd:app]: ksql-dsl-client-admin#producer-16: 127.0.0.1:39092/1: Connect to ipv4#127.0.0.1:39092 failed: Unknown error (after 2050ms in state CONNECT, 10 identical error(s) suppressed)&#xD;
%3|1758047327.335|FAIL|ksql-dsl-client-admin#producer-69| [thrd:127.0.0.1:39092/1]: 127.0.0.1:39092/1: Connect to ipv4#127.0.0.1:39092 failed: Unknown error (after 2050ms in state CONNECT, 10 identical error(s) suppressed)&#xD;
%3|1758047327.335|ERROR|ksql-dsl-client-admin#producer-69| [thrd:app]: ksql-dsl-client-admin#producer-69: 127.0.0.1:39092/1: Connect to ipv4#127.0.0.1:39092 failed: Unknown error (after 2050ms in state CONNECT, 10 identical error(s) suppressed)&#xD;
%3|1758047327.397|FAIL|rdkafka#producer-111| [thrd:127.0.0.1:39092/bootstrap]: 127.0.0.1:39092/bootstrap: Connect to ipv4#127.0.0.1:39092 failed: Unknown error (after 2049ms in state CONNECT)&#xD;
%3|1758047327.397|ERROR|rdkafka#producer-111| [thrd:127.0.0.1:39092/bootstrap]: 1/1 brokers are down&#xD;
%3|1758047327.397|ERROR|rdkafka#producer-111| [thrd:app]: rdkafka#producer-111: 127.0.0.1:39092/bootstrap: Connect to ipv4#127.0.0.1:39092 failed: Unknown error (after 2049ms in state CONNECT)&#xD;
%3|1758047327.443|FAIL|ksql-dsl-client-admin#producer-14| [thrd:127.0.0.1:39092/1]: 127.0.0.1:39092/1: Connect to ipv4#127.0.0.1:39092 failed: Unknown error (after 2033ms in state CONNECT, 10 identical error(s) suppressed)&#xD;
%3|1758047327.443|ERROR|ksql-dsl-client-admin#producer-14| [thrd:app]: ksql-dsl-client-admin#producer-14: 127.0.0.1:39092/1: Connect to ipv4#127.0.0.1:39092 failed: Unknown error (after 2033ms in state CONNECT, 10 identical error(s) suppressed)&#xD;
%3|1758047327.459|FAIL|ksql-dsl-client-admin#producer-4| [thrd:127.0.0.1:39092/1]: 127.0.0.1:39092/1: Connect to ipv4#127.0.0.1:39092 failed: Unknown error (after 2049ms in state CONNECT, 10 identical error(s) suppressed)&#xD;
%3|1758047327.459|ERROR|ksql-dsl-client-admin#producer-4| [thrd:app]: ksql-dsl-client-admin#producer-4: 127.0.0.1:39092/1: Connect to ipv4#127.0.0.1:39092 failed: Unknown error (after 2049ms in state CONNECT, 10 identical error(s) suppressed)&#xD;
%3|1758047328.101|FAIL|ksql-dsl-client-admin#producer-16| [thrd:127.0.0.1:39092/bootstrap]: 127.0.0.1:39092/bootstrap: Connect to ipv4#127.0.0.1:39092 failed: Unknown error (after 2035ms in state CONNECT, 10 identical error(s) suppressed)&#xD;
%3|1758047328.101|ERROR|ksql-dsl-client-admin#producer-16| [thrd:app]: ksql-dsl-client-admin#producer-16: 127.0.0.1:39092/bootstrap: Connect to ipv4#127.0.0.1:39092 failed: Unknown error (after 2035ms in state CONNECT, 10 identical error(s) suppressed)&#xD;
fail: Streamiz.Kafka.Net.Kafka.KafkaLoggerAdapter[0]&#xD;
      stream-thread[ksql-dsl-app-rocks_to_list_ticks-5800c4b2-81e9-4e38-bc2d-66bedf5b280a-stream-thread-0] Error consumer ksql-dsl-app-rocks_to_list_ticks-5800c4b2-81e9-4e38-bc2d-66bedf5b280a-StreamThread-0-streamiz-consumer#consumer-66 - 127.0.0.1:39092/bootstrap: Connect to ipv4#127.0.0.1:39092 failed: Unknown error (after 2022ms in state CONNECT, 15 identical error(s) suppressed)&#xD;
%3|1758047331.363|FAIL|ksql-dsl-client-admin#producer-69| [thrd:127.0.0.1:39092/bootstrap]: 127.0.0.1:39092/bootstrap: Connect to ipv4#127.0.0.1:39092 failed: Unknown error (after 2055ms in state CONNECT, 10 identical error(s) suppressed)&#xD;
%3|1758047331.363|ERROR|ksql-dsl-client-admin#producer-69| [thrd:app]: ksql-dsl-client-admin#producer-69: 127.0.0.1:39092/bootstrap: Connect to ipv4#127.0.0.1:39092 failed: Unknown error (after 2055ms in state CONNECT, 10 identical error(s) suppressed)&#xD;
%3|1758047331.472|FAIL|ksql-dsl-client-admin#producer-14| [thrd:127.0.0.1:39092/bootstrap]: 127.0.0.1:39092/bootstrap: Connect to ipv4#127.0.0.1:39092 failed: Unknown error (after 2038ms in state CONNECT, 10 identical error(s) suppressed)&#xD;
%3|1758047331.472|FAIL|ksql-dsl-client-admin#producer-4| [thrd:127.0.0.1:39092/bootstrap]: 127.0.0.1:39092/bootstrap: Connect to ipv4#127.0.0.1:39092 failed: Unknown error (after 2038ms in state CONNECT, 10 identical error(s) suppressed)&#xD;
%3|1758047331.472|ERROR|ksql-dsl-client-admin#producer-14| [thrd:app]: ksql-dsl-client-admin#producer-14: 127.0.0.1:39092/bootstrap: Connect to ipv4#127.0.0.1:39092 failed: Unknown error (after 2038ms in state CONNECT, 10 identical error(s) suppressed)&#xD;
%3|1758047331.472|ERROR|ksql-dsl-client-admin#producer-4| [thrd:app]: ksql-dsl-client-admin#producer-4: 127.0.0.1:39092/bootstrap: Connect to ipv4#127.0.0.1:39092 failed: Unknown error (after 2038ms in state CONNECT, 10 identical error(s) suppressed)&#xD;
%3|1758047331.535|FAIL|rdkafka#producer-112| [thrd:127.0.0.1:39092/bootstrap]: 127.0.0.1:39092/bootstrap: Connect to ipv4#127.0.0.1:39092 failed: Unknown error (after 2037ms in state CONNECT)&#xD;
%3|1758047331.535|ERROR|rdkafka#producer-112| [thrd:127.0.0.1:39092/bootstrap]: 1/1 brokers are down&#xD;
%3|1758047331.535|ERROR|rdkafka#producer-112| [thrd:app]: rdkafka#producer-112: 127.0.0.1:39092/bootstrap: Connect to ipv4#127.0.0.1:39092 failed: Unknown error (after 2037ms in state CONNECT)&#xD;
%3|1758047335.654|FAIL|rdkafka#producer-113| [thrd:127.0.0.1:39092/bootstrap]: 127.0.0.1:39092/bootstrap: Connect to ipv4#127.0.0.1:39092 failed: Unknown error (after 2016ms in state CONNECT)&#xD;
%3|1758047335.654|ERROR|rdkafka#producer-113| [thrd:127.0.0.1:39092/bootstrap]: 1/1 brokers are down&#xD;
%3|1758047335.654|ERROR|rdkafka#producer-113| [thrd:app]: rdkafka#producer-113: 127.0.0.1:39092/bootstrap: Connect to ipv4#127.0.0.1:39092 failed: Unknown error (after 2016ms in state CONNECT)&#xD;
fail: Streamiz.Kafka.Net.Kafka.KafkaLoggerAdapter[0]&#xD;
      stream-thread[ksql-dsl-app-rocks_to_list_ticks-5800c4b2-81e9-4e38-bc2d-66bedf5b280a-stream-thread-0] Error consumer ksql-dsl-app-rocks_to_list_ticks-5800c4b2-81e9-4e38-bc2d-66bedf5b280a-StreamThread-0-streamiz-consumer#consumer-66 - 127.0.0.1:39092/1: Connect to ipv4#127.0.0.1:39092 failed: Unknown error (after 2057ms in state CONNECT, 15 identical error(s) suppressed)&#xD;
%3|1758047339.814|FAIL|rdkafka#producer-114| [thrd:127.0.0.1:39092/bootstrap]: 127.0.0.1:39092/bootstrap: Connect to ipv4#127.0.0.1:39092 failed: Unknown error (after 2055ms in state CONNECT)&#xD;
%3|1758047339.814|ERROR|rdkafka#producer-114| [thrd:127.0.0.1:39092/bootstrap]: 1/1 brokers are down&#xD;
%3|1758047339.814|ERROR|rdkafka#producer-114| [thrd:app]: rdkafka#producer-114: 127.0.0.1:39092/bootstrap: Connect to ipv4#127.0.0.1:39092 failed: Unknown error (after 2055ms in state CONNECT)&#xD;
%3|1758047343.945|FAIL|rdkafka#producer-115| [thrd:127.0.0.1:39092/bootstrap]: 127.0.0.1:39092/bootstrap: Connect to ipv4#127.0.0.1:39092 failed: Unknown error (after 2031ms in state CONNECT)&#xD;
%3|1758047343.945|ERROR|rdkafka#producer-115| [thrd:127.0.0.1:39092/bootstrap]: 1/1 brokers are down&#xD;
%3|1758047343.945|ERROR|rdkafka#producer-115| [thrd:app]: rdkafka#producer-115: 127.0.0.1:39092/bootstrap: Connect to ipv4#127.0.0.1:39092 failed: Unknown error (after 2031ms in state CONNECT)&#xD;
%3|1758047348.084|FAIL|rdkafka#producer-116| [thrd:127.0.0.1:39092/bootstrap]: 127.0.0.1:39092/bootstrap: Connect to ipv4#127.0.0.1:39092 failed: Unknown error (after 2037ms in state CONNECT)&#xD;
%3|1758047348.084|ERROR|rdkafka#producer-116| [thrd:127.0.0.1:39092/bootstrap]: 1/1 brokers are down&#xD;
%3|1758047348.084|ERROR|rdkafka#producer-116| [thrd:app]: rdkafka#producer-116: 127.0.0.1:39092/bootstrap: Connect to ipv4#127.0.0.1:39092 failed: Unknown error (after 2037ms in state CONNECT)&#xD;
fail: Streamiz.Kafka.Net.Kafka.KafkaLoggerAdapter[0]&#xD;
      stream-thread[ksql-dsl-app-rocks_to_list_ticks-5800c4b2-81e9-4e38-bc2d-66bedf5b280a-stream-thread-0] Error consumer ksql-dsl-app-rocks_to_list_ticks-5800c4b2-81e9-4e38-bc2d-66bedf5b280a-StreamThread-0-streamiz-consumer#consumer-66 - GroupCoordinator: 127.0.0.1:39092: Connect to ipv4#127.0.0.1:39092 failed: Unknown error (after 2039ms in state CONNECT, 3 identical error(s) suppressed)&#xD;
%3|1758047352.233|FAIL|rdkafka#producer-117| [thrd:127.0.0.1:39092/bootstrap]: 127.0.0.1:39092/bootstrap: Connect to ipv4#127.0.0.1:39092 failed: Unknown error (after 2042ms in state CONNECT)&#xD;
%3|1758047352.233|ERROR|rdkafka#producer-117| [thrd:127.0.0.1:39092/bootstrap]: 1/1 brokers are down&#xD;
%3|1758047352.233|ERROR|rdkafka#producer-117| [thrd:app]: rdkafka#producer-117: 127.0.0.1:39092/bootstrap: Connect to ipv4#127.0.0.1:39092 failed: Unknown error (after 2042ms in state CONNECT)&#xD;
fail: Streamiz.Kafka.Net.Kafka.KafkaLoggerAdapter[0]&#xD;
      stream-thread[.NET Long Running Task] Error producer ksql-dsl-app-rocks_to_list_ticks-5800c4b2-81e9-4e38-bc2d-66bedf5b280a-stream-thread-0-streamiz-producer#producer-65 - 127.0.0.1:39092/1: Connect to ipv4#127.0.0.1:39092 failed: Unknown error (after 2059ms in state CONNECT, 12 identical error(s) suppressed)&#xD;
fail: Streamiz.Kafka.Net.Kafka.KafkaLoggerAdapter[0]&#xD;
      stream-thread[.NET Long Running Task] Error admin ksql-dsl-app-rocks_to_list_ticks-5800c4b2-81e9-4e38-bc2d-66bedf5b280a-stream-thread-0#producer-64 - 127.0.0.1:39092/1: Connect to ipv4#127.0.0.1:39092 failed: Unknown error (after 2043ms in state CONNECT, 10 identical error(s) suppressed)&#xD;
fail: Streamiz.Kafka.Net.Kafka.KafkaLoggerAdapter[0]&#xD;
      stream-thread[.NET Long Running Task] Error admin ksql-dsl-app-rocks_to_list_ticks-5800c4b2-81e9-4e38-bc2d-66bedf5b280a-streamiz-admin#producer-62 - 127.0.0.1:39092/1: Connect to ipv4#127.0.0.1:39092 failed: Unknown error (after 2043ms in state CONNECT, 10 identical error(s) suppressed)&#xD;
%3|1758047355.047|FAIL|ksql-dsl-client-admin#producer-2| [thrd:127.0.0.1:39092/1]: 127.0.0.1:39092/1: Connect to ipv4#127.0.0.1:39092 failed: Unknown error (after 2051ms in state CONNECT, 10 identical error(s) suppressed)&#xD;
%3|1758047355.048|ERROR|ksql-dsl-client-admin#producer-2| [thrd:app]: ksql-dsl-client-admin#producer-2: 127.0.0.1:39092/1: Connect to ipv4#127.0.0.1:39092 failed: Unknown error (after 2051ms in state CONNECT, 10 identical error(s) suppressed)&#xD;
fail: Streamiz.Kafka.Net.Kafka.KafkaLoggerAdapter[0]&#xD;
      stream-thread[.NET Long Running Task] Error producer ksql-dsl-app-rocks_to_list_ticks-5800c4b2-81e9-4e38-bc2d-66bedf5b280a-stream-thread-0-streamiz-producer#producer-65 - 127.0.0.1:39092/bootstrap: Connect to ipv4#127.0.0.1:39092 failed: Unknown error (after 2053ms in state CONNECT, 12 identical error(s) suppressed)&#xD;
%3|1758047355.238|FAIL|ksql-dsl-client-admin#producer-44| [thrd:127.0.0.1:39092/1]: 127.0.0.1:39092/1: Connect to ipv4#127.0.0.1:39092 failed: Unknown error (after 2037ms in state CONNECT, 10 identical error(s) suppressed)&#xD;
%3|1758047355.238|ERROR|ksql-dsl-client-admin#producer-44| [thrd:app]: ksql-dsl-client-admin#producer-44: 127.0.0.1:39092/1: Connect to ipv4#127.0.0.1:39092 failed: Unknown error (after 2037ms in state CONNECT, 10 identical error(s) suppressed)&#xD;
fail: Streamiz.Kafka.Net.Kafka.KafkaLoggerAdapter[0]&#xD;
      stream-thread[.NET Long Running Task] Error admin ksql-dsl-app-rocks_to_list_ticks-5800c4b2-81e9-4e38-bc2d-66bedf5b280a-streamiz-admin#producer-62 - 127.0.0.1:39092/bootstrap: Connect to ipv4#127.0.0.1:39092 failed: Unknown error (after 2035ms in state CONNECT, 10 identical error(s) suppressed)&#xD;
fail: Streamiz.Kafka.Net.Kafka.KafkaLoggerAdapter[0]&#xD;
      stream-thread[.NET Long Running Task] Error admin ksql-dsl-app-rocks_to_list_ticks-5800c4b2-81e9-4e38-bc2d-66bedf5b280a-stream-thread-0#producer-64 - 127.0.0.1:39092/bootstrap: Connect to ipv4#127.0.0.1:39092 failed: Unknown error (after 2051ms in state CONNECT, 10 identical error(s) suppressed)&#xD;
%3|1758047356.375|FAIL|rdkafka#producer-118| [thrd:127.0.0.1:39092/bootstrap]: 127.0.0.1:39092/bootstrap: Connect to ipv4#127.0.0.1:39092 failed: Unknown error (after 2035ms in state CONNECT)&#xD;
%3|1758047356.375|ERROR|rdkafka#producer-118| [thrd:127.0.0.1:39092/bootstrap]: 1/1 brokers are down&#xD;
%3|1758047356.375|ERROR|rdkafka#producer-118| [thrd:app]: rdkafka#producer-118: 127.0.0.1:39092/bootstrap: Connect to ipv4#127.0.0.1:39092 failed: Unknown error (after 2035ms in state CONNECT)&#xD;
%3|1758047357.085|FAIL|ksql-dsl-client-admin#producer-2| [thrd:127.0.0.1:39092/bootstrap]: 127.0.0.1:39092/bootstrap: Connect to ipv4#127.0.0.1:39092 failed: Unknown error (after 2059ms in state CONNECT, 10 identical error(s) suppressed)&#xD;
%3|1758047357.085|ERROR|ksql-dsl-client-admin#producer-2| [thrd:app]: ksql-dsl-client-admin#producer-2: 127.0.0.1:39092/bootstrap: Connect to ipv4#127.0.0.1:39092 failed: Unknown error (after 2059ms in state CONNECT, 10 identical error(s) suppressed)&#xD;
%3|1758047357.257|FAIL|ksql-dsl-client-admin#producer-44| [thrd:127.0.0.1:39092/bootstrap]: 127.0.0.1:39092/bootstrap: Connect to ipv4#127.0.0.1:39092 failed: Unknown error (after 2037ms in state CONNECT, 10 identical error(s) suppressed)&#xD;
%3|1758047357.257|ERROR|ksql-dsl-client-admin#producer-44| [thrd:app]: ksql-dsl-client-admin#producer-44: 127.0.0.1:39092/bootstrap: Connect to ipv4#127.0.0.1:39092 failed: Unknown error (after 2037ms in state CONNECT, 10 identical error(s) suppressed)&#xD;
%3|1758047357.412|FAIL|ksql-dsl-client-admin#producer-16| [thrd:127.0.0.1:39092/1]: 127.0.0.1:39092/1: Connect to ipv4#127.0.0.1:39092 failed: Unknown error (after 2042ms in state CONNECT, 10 identical error(s) suppressed)&#xD;
%3|1758047357.412|ERROR|ksql-dsl-client-admin#producer-16| [thrd:app]: ksql-dsl-client-admin#producer-16: 127.0.0.1:39092/1: Connect to ipv4#127.0.0.1:39092 failed: Unknown error (after 2042ms in state CONNECT, 10 identical error(s) suppressed)&#xD;
%3|1758047357.632|FAIL|ksql-dsl-client-admin#producer-69| [thrd:127.0.0.1:39092/1]: 127.0.0.1:39092/1: Connect to ipv4#127.0.0.1:39092 failed: Unknown error (after 2042ms in state CONNECT, 10 identical error(s) suppressed)&#xD;
%3|1758047357.632|ERROR|ksql-dsl-client-admin#producer-69| [thrd:app]: ksql-dsl-client-admin#producer-69: 127.0.0.1:39092/1: Connect to ipv4#127.0.0.1:39092 failed: Unknown error (after 2042ms in state CONNECT, 10 identical error(s) suppressed)&#xD;
%3|1758047357.710|FAIL|ksql-dsl-client-admin#producer-14| [thrd:127.0.0.1:39092/1]: 127.0.0.1:39092/1: Connect to ipv4#127.0.0.1:39092 failed: Unknown error (after 2043ms in state CONNECT, 10 identical error(s) suppressed)&#xD;
%3|1758047357.710|FAIL|ksql-dsl-client-admin#producer-4| [thrd:127.0.0.1:39092/1]: 127.0.0.1:39092/1: Connect to ipv4#127.0.0.1:39092 failed: Unknown error (after 2043ms in state CONNECT, 10 identical error(s) suppressed)&#xD;
%3|1758047357.710|ERROR|ksql-dsl-client-admin#producer-14| [thrd:app]: ksql-dsl-client-admin#producer-14: 127.0.0.1:39092/1: Connect to ipv4#127.0.0.1:39092 failed: Unknown error (after 2043ms in state CONNECT, 10 identical error(s) suppressed)&#xD;
%3|1758047357.710|ERROR|ksql-dsl-client-admin#producer-4| [thrd:app]: ksql-dsl-client-admin#producer-4: 127.0.0.1:39092/1: Connect to ipv4#127.0.0.1:39092 failed: Unknown error (after 2043ms in state CONNECT, 10 identical error(s) suppressed)&#xD;
%3|1758047358.412|FAIL|ksql-dsl-client-admin#producer-16| [thrd:127.0.0.1:39092/bootstrap]: 127.0.0.1:39092/bootstrap: Connect to ipv4#127.0.0.1:39092 failed: Unknown error (after 2036ms in state CONNECT, 10 identical error(s) suppressed)&#xD;
%3|1758047358.412|ERROR|ksql-dsl-client-admin#producer-16| [thrd:app]: ksql-dsl-client-admin#producer-16: 127.0.0.1:39092/bootstrap: Connect to ipv4#127.0.0.1:39092 failed: Unknown error (after 2036ms in state CONNECT, 10 identical error(s) suppressed)&#xD;
info: Streamiz.Kafka.Net.Processors.StreamThread[0]&#xD;
      Processed 0 total records, ran 0 punctuators and committed 0 total tasks since the last update&#xD;
%3|1758047360.504|FAIL|rdkafka#producer-119| [thrd:127.0.0.1:39092/bootstrap]: 127.0.0.1:39092/bootstrap: Connect to ipv4#127.0.0.1:39092 failed: Unknown error (after 2029ms in state CONNECT)&#xD;
%3|1758047360.504|ERROR|rdkafka#producer-119| [thrd:127.0.0.1:39092/bootstrap]: 1/1 brokers are down&#xD;
%3|1758047360.504|ERROR|rdkafka#producer-119| [thrd:app]: rdkafka#producer-119: 127.0.0.1:39092/bootstrap: Connect to ipv4#127.0.0.1:39092 failed: Unknown error (after 2029ms in state CONNECT)&#xD;
fail: Streamiz.Kafka.Net.Kafka.KafkaLoggerAdapter[0]&#xD;
      stream-thread[ksql-dsl-app-rocks_to_list_ticks-5800c4b2-81e9-4e38-bc2d-66bedf5b280a-stream-thread-0] Error consumer ksql-dsl-app-rocks_to_list_ticks-5800c4b2-81e9-4e38-bc2d-66bedf5b280a-StreamThread-0-streamiz-consumer#consumer-66 - 127.0.0.1:39092/bootstrap: Connect to ipv4#127.0.0.1:39092 failed: Unknown error (after 2029ms in state CONNECT, 15 identical error(s) suppressed)&#xD;
%3|1758047361.694|FAIL|ksql-dsl-client-admin#producer-69| [thrd:127.0.0.1:39092/bootstrap]: 127.0.0.1:39092/bootstrap: Connect to ipv4#127.0.0.1:39092 failed: Unknown error (after 2052ms in state CONNECT, 10 identical error(s) suppressed)&#xD;
%3|1758047361.694|ERROR|ksql-dsl-client-admin#producer-69| [thrd:app]: ksql-dsl-client-admin#producer-69: 127.0.0.1:39092/bootstrap: Connect to ipv4#127.0.0.1:39092 failed: Unknown error (after 2052ms in state CONNECT, 10 identical error(s) suppressed)&#xD;
%3|1758047361.737|FAIL|ksql-dsl-client-admin#producer-14| [thrd:127.0.0.1:39092/bootstrap]: 127.0.0.1:39092/bootstrap: Connect to ipv4#127.0.0.1:39092 failed: Unknown error (after 2033ms in state CONNECT, 10 identical error(s) suppressed)&#xD;
%3|1758047361.737|ERROR|ksql-dsl-client-admin#producer-14| [thrd:app]: ksql-dsl-client-admin#producer-14: 127.0.0.1:39092/bootstrap: Connect to ipv4#127.0.0.1:39092 failed: Unknown error (after 2033ms in state CONNECT, 10 identical error(s) suppressed)&#xD;
%3|1758047361.737|FAIL|ksql-dsl-client-admin#producer-4| [thrd:127.0.0.1:39092/bootstrap]: 127.0.0.1:39092/bootstrap: Connect to ipv4#127.0.0.1:39092 failed: Unknown error (after 2033ms in state CONNECT, 10 identical error(s) suppressed)&#xD;
%3|1758047361.737|ERROR|ksql-dsl-client-admin#producer-4| [thrd:app]: ksql-dsl-client-admin#producer-4: 127.0.0.1:39092/bootstrap: Connect to ipv4#127.0.0.1:39092 failed: Unknown error (after 2033ms in state CONNECT, 10 identical error(s) suppressed)&#xD;
%3|1758047364.650|FAIL|rdkafka#producer-120| [thrd:127.0.0.1:39092/bootstrap]: 127.0.0.1:39092/bootstrap: Connect to ipv4#127.0.0.1:39092 failed: Unknown error (after 2043ms in state CONNECT)&#xD;
%3|1758047364.650|ERROR|rdkafka#producer-120| [thrd:127.0.0.1:39092/bootstrap]: 1/1 brokers are down&#xD;
%3|1758047364.650|ERROR|rdkafka#producer-120| [thrd:app]: rdkafka#producer-120: 127.0.0.1:39092/bootstrap: Connect to ipv4#127.0.0.1:39092 failed: Unknown error (after 2043ms in state CONNECT)&#xD;
%3|1758047368.771|FAIL|rdkafka#producer-121| [thrd:127.0.0.1:39092/bootstrap]: 127.0.0.1:39092/bootstrap: Connect to ipv4#127.0.0.1:39092 failed: Unknown error (after 2030ms in state CONNECT)&#xD;
%3|1758047368.771|ERROR|rdkafka#producer-121| [thrd:127.0.0.1:39092/bootstrap]: 1/1 brokers are down&#xD;
%3|1758047368.771|ERROR|rdkafka#producer-121| [thrd:app]: rdkafka#producer-121: 127.0.0.1:39092/bootstrap: Connect to ipv4#127.0.0.1:39092 failed: Unknown error (after 2030ms in state CONNECT)&#xD;
fail: Streamiz.Kafka.Net.Kafka.KafkaLoggerAdapter[0]&#xD;
      stream-thread[ksql-dsl-app-rocks_to_list_ticks-5800c4b2-81e9-4e38-bc2d-66bedf5b280a-stream-thread-0] Error consumer ksql-dsl-app-rocks_to_list_ticks-5800c4b2-81e9-4e38-bc2d-66bedf5b280a-StreamThread-0-streamiz-consumer#consumer-66 - 127.0.0.1:39092/1: Connect to ipv4#127.0.0.1:39092 failed: Unknown error (after 2035ms in state CONNECT, 15 identical error(s) suppressed)&#xD;
%3|1758047372.920|FAIL|rdkafka#producer-122| [thrd:127.0.0.1:39092/bootstrap]: 127.0.0.1:39092/bootstrap: Connect to ipv4#127.0.0.1:39092 failed: Unknown error (after 2040ms in state CONNECT)&#xD;
%3|1758047372.920|ERROR|rdkafka#producer-122| [thrd:127.0.0.1:39092/bootstrap]: 1/1 brokers are down&#xD;
%3|1758047372.920|ERROR|rdkafka#producer-122| [thrd:app]: rdkafka#producer-122: 127.0.0.1:39092/bootstrap: Connect to ipv4#127.0.0.1:39092 failed: Unknown error (after 2040ms in state CONNECT)&#xD;
%3|1758047377.066|FAIL|rdkafka#producer-123| [thrd:127.0.0.1:39092/bootstrap]: 127.0.0.1:39092/bootstrap: Connect to ipv4#127.0.0.1:39092 failed: Unknown error (after 2046ms in state CONNECT)&#xD;
%3|1758047377.066|ERROR|rdkafka#producer-123| [thrd:127.0.0.1:39092/bootstrap]: 1/1 brokers are down&#xD;
%3|1758047377.066|ERROR|rdkafka#producer-123| [thrd:app]: rdkafka#producer-123: 127.0.0.1:39092/bootstrap: Connect to ipv4#127.0.0.1:39092 failed: Unknown error (after 2046ms in state CONNECT)&#xD;
%3|1758047381.217|FAIL|rdkafka#producer-124| [thrd:127.0.0.1:39092/bootstrap]: 127.0.0.1:39092/bootstrap: Connect to ipv4#127.0.0.1:39092 failed: Unknown error (after 2052ms in state CONNECT)&#xD;
%3|1758047381.217|ERROR|rdkafka#producer-124| [thrd:127.0.0.1:39092/bootstrap]: 1/1 brokers are down&#xD;
%3|1758047381.217|ERROR|rdkafka#producer-124| [thrd:app]: rdkafka#producer-124: 127.0.0.1:39092/bootstrap: Connect to ipv4#127.0.0.1:39092 failed: Unknown error (after 2052ms in state CONNECT)&#xD;
fail: Streamiz.Kafka.Net.Kafka.KafkaLoggerAdapter[0]&#xD;
      stream-thread[ksql-dsl-app-rocks_to_list_ticks-5800c4b2-81e9-4e38-bc2d-66bedf5b280a-stream-thread-0] Error consumer ksql-dsl-app-rocks_to_list_ticks-5800c4b2-81e9-4e38-bc2d-66bedf5b280a-StreamThread-0-streamiz-consumer#consumer-66 - GroupCoordinator: 127.0.0.1:39092: Connect to ipv4#127.0.0.1:39092 failed: Unknown error (after 2037ms in state CONNECT, 3 identical error(s) suppressed)&#xD;
fail: Streamiz.Kafka.Net.Kafka.KafkaLoggerAdapter[0]&#xD;
      stream-thread[.NET Long Running Task] Error producer ksql-dsl-app-rocks_to_list_ticks-5800c4b2-81e9-4e38-bc2d-66bedf5b280a-stream-thread-0-streamiz-producer#producer-65 - 127.0.0.1:39092/1: Connect to ipv4#127.0.0.1:39092 failed: Unknown error (after 2034ms in state CONNECT, 12 identical error(s) suppressed)&#xD;
fail: Streamiz.Kafka.Net.Kafka.KafkaLoggerAdapter[0]&#xD;
      stream-thread[.NET Long Running Task] Error admin ksql-dsl-app-rocks_to_list_ticks-5800c4b2-81e9-4e38-bc2d-66bedf5b280a-stream-thread-0#producer-64 - 127.0.0.1:39092/1: Connect to ipv4#127.0.0.1:39092 failed: Unknown error (after 2046ms in state CONNECT, 10 identical error(s) suppressed)&#xD;
fail: Streamiz.Kafka.Net.Kafka.KafkaLoggerAdapter[0]&#xD;
      stream-thread[.NET Long Running Task] Error admin ksql-dsl-app-rocks_to_list_ticks-5800c4b2-81e9-4e38-bc2d-66bedf5b280a-streamiz-admin#producer-62 - 127.0.0.1:39092/1: Connect to ipv4#127.0.0.1:39092 failed: Unknown error (after 2046ms in state CONNECT, 10 identical error(s) suppressed)&#xD;
%3|1758047385.370|FAIL|rdkafka#producer-125| [thrd:127.0.0.1:39092/bootstrap]: 127.0.0.1:39092/bootstrap: Connect to ipv4#127.0.0.1:39092 failed: Unknown error (after 2046ms in state CONNECT)&#xD;
%3|1758047385.370|ERROR|rdkafka#producer-125| [thrd:127.0.0.1:39092/bootstrap]: 1/1 brokers are down&#xD;
%3|1758047385.370|ERROR|rdkafka#producer-125| [thrd:app]: rdkafka#producer-125: 127.0.0.1:39092/bootstrap: Connect to ipv4#127.0.0.1:39092 failed: Unknown error (after 2046ms in state CONNECT)&#xD;
fail: Streamiz.Kafka.Net.Kafka.KafkaLoggerAdapter[0]&#xD;
      stream-thread[.NET Long Running Task] Error producer ksql-dsl-app-rocks_to_list_ticks-5800c4b2-81e9-4e38-bc2d-66bedf5b280a-stream-thread-0-streamiz-producer#producer-65 - 127.0.0.1:39092/bootstrap: Connect to ipv4#127.0.0.1:39092 failed: Unknown error (after 2047ms in state CONNECT, 12 identical error(s) suppressed)&#xD;
%3|1758047385.557|FAIL|ksql-dsl-client-admin#producer-44| [thrd:127.0.0.1:39092/1]: 127.0.0.1:39092/1: Connect to ipv4#127.0.0.1:39092 failed: Unknown error (after 2050ms in state CONNECT, 10 identical error(s) suppressed)&#xD;
%3|1758047385.557|ERROR|ksql-dsl-client-admin#producer-44| [thrd:app]: ksql-dsl-client-admin#producer-44: 127.0.0.1:39092/1: Connect to ipv4#127.0.0.1:39092 failed: Unknown error (after 2050ms in state CONNECT, 10 identical error(s) suppressed)&#xD;
fail: Streamiz.Kafka.Net.Kafka.KafkaLoggerAdapter[0]&#xD;
      stream-thread[.NET Long Running Task] Error admin ksql-dsl-app-rocks_to_list_ticks-5800c4b2-81e9-4e38-bc2d-66bedf5b280a-stream-thread-0#producer-64 - 127.0.0.1:39092/bootstrap: Connect to ipv4#127.0.0.1:39092 failed: Unknown error (after 2052ms in state CONNECT, 10 identical error(s) suppressed)&#xD;
fail: Streamiz.Kafka.Net.Kafka.KafkaLoggerAdapter[0]&#xD;
      stream-thread[.NET Long Running Task] Error admin ksql-dsl-app-rocks_to_list_ticks-5800c4b2-81e9-4e38-bc2d-66bedf5b280a-streamiz-admin#producer-62 - 127.0.0.1:39092/bootstrap: Connect to ipv4#127.0.0.1:39092 failed: Unknown error (after 2052ms in state CONNECT, 10 identical error(s) suppressed)&#xD;
%3|1758047387.385|FAIL|ksql-dsl-client-admin#producer-2| [thrd:127.0.0.1:39092/1]: 127.0.0.1:39092/1: Connect to ipv4#127.0.0.1:39092 failed: Unknown error (after 2046ms in state CONNECT, 11 identical error(s) suppressed)&#xD;
%3|1758047387.385|ERROR|ksql-dsl-client-admin#producer-2| [thrd:app]: ksql-dsl-client-admin#producer-2: 127.0.0.1:39092/1: Connect to ipv4#127.0.0.1:39092 failed: Unknown error (after 2046ms in state CONNECT, 11 identical error(s) suppressed)&#xD;
%3|1758047387.568|FAIL|ksql-dsl-client-admin#producer-44| [thrd:127.0.0.1:39092/bootstrap]: 127.0.0.1:39092/bootstrap: Connect to ipv4#127.0.0.1:39092 failed: Unknown error (after 2042ms in state CONNECT, 10 identical error(s) suppressed)&#xD;
%3|1758047387.568|ERROR|ksql-dsl-client-admin#producer-44| [thrd:app]: ksql-dsl-client-admin#producer-44: 127.0.0.1:39092/bootstrap: Connect to ipv4#127.0.0.1:39092 failed: Unknown error (after 2042ms in state CONNECT, 10 identical error(s) suppressed)&#xD;
%3|1758047387.739|FAIL|ksql-dsl-client-admin#producer-16| [thrd:127.0.0.1:39092/1]: 127.0.0.1:39092/1: Connect to ipv4#127.0.0.1:39092 failed: Unknown error (after 2042ms in state CONNECT, 10 identical error(s) suppressed)&#xD;
%3|1758047387.739|ERROR|ksql-dsl-client-admin#producer-16| [thrd:app]: ksql-dsl-client-admin#producer-16: 127.0.0.1:39092/1: Connect to ipv4#127.0.0.1:39092 failed: Unknown error (after 2042ms in state CONNECT, 10 identical error(s) suppressed)&#xD;
%3|1758047387.940|FAIL|ksql-dsl-client-admin#producer-69| [thrd:127.0.0.1:39092/1]: 127.0.0.1:39092/1: Connect to ipv4#127.0.0.1:39092 failed: Unknown error (after 2042ms in state CONNECT, 10 identical error(s) suppressed)&#xD;
%3|1758047387.940|ERROR|ksql-dsl-client-admin#producer-69| [thrd:app]: ksql-dsl-client-admin#producer-69: 127.0.0.1:39092/1: Connect to ipv4#127.0.0.1:39092 failed: Unknown error (after 2042ms in state CONNECT, 10 identical error(s) suppressed)&#xD;
%3|1758047388.020|FAIL|ksql-dsl-client-admin#producer-4| [thrd:127.0.0.1:39092/1]: 127.0.0.1:39092/1: Connect to ipv4#127.0.0.1:39092 failed: Unknown error (after 2043ms in state CONNECT, 10 identical error(s) suppressed)&#xD;
%3|1758047388.020|FAIL|ksql-dsl-client-admin#producer-14| [thrd:127.0.0.1:39092/1]: 127.0.0.1:39092/1: Connect to ipv4#127.0.0.1:39092 failed: Unknown error (after 2043ms in state CONNECT, 10 identical error(s) suppressed)&#xD;
%3|1758047388.020|ERROR|ksql-dsl-client-admin#producer-4| [thrd:app]: ksql-dsl-client-admin#producer-4: 127.0.0.1:39092/1: Connect to ipv4#127.0.0.1:39092 failed: Unknown error (after 2043ms in state CONNECT, 10 identical error(s) suppressed)&#xD;
%3|1758047388.020|ERROR|ksql-dsl-client-admin#producer-14| [thrd:app]: ksql-dsl-client-admin#producer-14: 127.0.0.1:39092/1: Connect to ipv4#127.0.0.1:39092 failed: Unknown error (after 2043ms in state CONNECT, 10 identical error(s) suppressed)&#xD;
%3|1758047388.385|FAIL|ksql-dsl-client-admin#producer-2| [thrd:127.0.0.1:39092/bootstrap]: 127.0.0.1:39092/bootstrap: Connect to ipv4#127.0.0.1:39092 failed: Unknown error (after 2036ms in state CONNECT, 10 identical error(s) suppressed)&#xD;
%3|1758047388.385|ERROR|ksql-dsl-client-admin#producer-2| [thrd:app]: ksql-dsl-client-admin#producer-2: 127.0.0.1:39092/bootstrap: Connect to ipv4#127.0.0.1:39092 failed: Unknown error (after 2036ms in state CONNECT, 10 identical error(s) suppressed)&#xD;
%3|1758047388.734|FAIL|ksql-dsl-client-admin#producer-16| [thrd:127.0.0.1:39092/bootstrap]: 127.0.0.1:39092/bootstrap: Connect to ipv4#127.0.0.1:39092 failed: Unknown error (after 2027ms in state CONNECT, 10 identical error(s) suppressed)&#xD;
%3|1758047388.734|ERROR|ksql-dsl-client-admin#producer-16| [thrd:app]: ksql-dsl-client-admin#producer-16: 127.0.0.1:39092/bootstrap: Connect to ipv4#127.0.0.1:39092 failed: Unknown error (after 2027ms in state CONNECT, 10 identical error(s) suppressed)&#xD;
%3|1758047389.495|FAIL|rdkafka#producer-126| [thrd:127.0.0.1:39092/bootstrap]: 127.0.0.1:39092/bootstrap: Connect to ipv4#127.0.0.1:39092 failed: Unknown error (after 2035ms in state CONNECT)&#xD;
%3|1758047389.495|ERROR|rdkafka#producer-126| [thrd:127.0.0.1:39092/bootstrap]: 1/1 brokers are down&#xD;
%3|1758047389.495|ERROR|rdkafka#producer-126| [thrd:app]: rdkafka#producer-126: 127.0.0.1:39092/bootstrap: Connect to ipv4#127.0.0.1:39092 failed: Unknown error (after 2035ms in state CONNECT)&#xD;
%3|1758047391.999|FAIL|ksql-dsl-client-admin#producer-69| [thrd:127.0.0.1:39092/bootstrap]: 127.0.0.1:39092/bootstrap: Connect to ipv4#127.0.0.1:39092 failed: Unknown error (after 2055ms in state CONNECT, 10 identical error(s) suppressed)&#xD;
%3|1758047391.999|ERROR|ksql-dsl-client-admin#producer-69| [thrd:app]: ksql-dsl-client-admin#producer-69: 127.0.0.1:39092/bootstrap: Connect to ipv4#127.0.0.1:39092 failed: Unknown error (after 2055ms in state CONNECT, 10 identical error(s) suppressed)&#xD;
%3|1758047392.046|FAIL|ksql-dsl-client-admin#producer-14| [thrd:127.0.0.1:39092/bootstrap]: 127.0.0.1:39092/bootstrap: Connect to ipv4#127.0.0.1:39092 failed: Unknown error (after 2038ms in state CONNECT, 10 identical error(s) suppressed)&#xD;
%3|1758047392.046|FAIL|ksql-dsl-client-admin#producer-4| [thrd:127.0.0.1:39092/bootstrap]: 127.0.0.1:39092/bootstrap: Connect to ipv4#127.0.0.1:39092 failed: Unknown error (after 2038ms in state CONNECT, 10 identical error(s) suppressed)&#xD;
%3|1758047392.046|ERROR|ksql-dsl-client-admin#producer-4| [thrd:app]: ksql-dsl-client-admin#producer-4: 127.0.0.1:39092/bootstrap: Connect to ipv4#127.0.0.1:39092 failed: Unknown error (after 2038ms in state CONNECT, 10 identical error(s) suppressed)&#xD;
%3|1758047392.046|ERROR|ksql-dsl-client-admin#producer-14| [thrd:app]: ksql-dsl-client-admin#producer-14: 127.0.0.1:39092/bootstrap: Connect to ipv4#127.0.0.1:39092 failed: Unknown error (after 2038ms in state CONNECT, 10 identical error(s) suppressed)&#xD;
fail: Streamiz.Kafka.Net.Kafka.KafkaLoggerAdapter[0]&#xD;
      stream-thread[ksql-dsl-app-rocks_to_list_ticks-5800c4b2-81e9-4e38-bc2d-66bedf5b280a-stream-thread-0] Error consumer ksql-dsl-app-rocks_to_list_ticks-5800c4b2-81e9-4e38-bc2d-66bedf5b280a-StreamThread-0-streamiz-consumer#consumer-66 - 127.0.0.1:39092/bootstrap: Connect to ipv4#127.0.0.1:39092 failed: Unknown error (after 2055ms in state CONNECT, 15 identical error(s) suppressed)&#xD;
%3|1758047393.622|FAIL|rdkafka#producer-127| [thrd:127.0.0.1:39092/bootstrap]: 127.0.0.1:39092/bootstrap: Connect to ipv4#127.0.0.1:39092 failed: Unknown error (after 2027ms in state CONNECT)&#xD;
%3|1758047393.622|ERROR|rdkafka#producer-127| [thrd:127.0.0.1:39092/bootstrap]: 1/1 brokers are down&#xD;
%3|1758047393.622|ERROR|rdkafka#producer-127| [thrd:app]: rdkafka#producer-127: 127.0.0.1:39092/bootstrap: Connect to ipv4#127.0.0.1:39092 failed: Unknown error (after 2027ms in state CONNECT)&#xD;
[xUnit.net 00:15:29.81]       System.TimeoutException : Kafka not reachable at 127.0.0.1:39092&#xD;
[xUnit.net 00:15:29.81]       Stack Trace:&#xD;
[xUnit.net 00:15:29.81]         C:\dev\experimental\physicalTests\Env\Health.cs(20,0): at PhysicalTestEnv.Health.WaitForKafkaAsync(String bootstrapServers, Nullable`1 timeout)&#xD;
[xUnit.net 00:15:29.81]         C:\dev\experimental\physicalTests\Connectivity\SchemaRegistryResetTests.cs(195,0): at Kafka.Ksql.Linq.Tests.Integration.EnvSchemaRegistryResetTests.SetupAsync()&#xD;
[xUnit.net 00:15:29.81]         C:\dev\experimental\physicalTests\Connectivity\SchemaRegistryResetTests.cs(67,0): at Kafka.Ksql.Linq.Tests.Integration.SchemaRegistryResetTests.Setup_ShouldRegisterAllSchemas()&#xD;
[xUnit.net 00:15:29.81]         --- End of stack trace from previous location ---&#xD;
%3|1758047399.827|FAIL|rdkafka#producer-128| [thrd:127.0.0.1:39092/bootstrap]: 127.0.0.1:39092/bootstrap: Connect to ipv4#127.0.0.1:39092 failed: Unknown error (after 2039ms in state CONNECT)&#xD;
%3|1758047399.827|ERROR|rdkafka#producer-128| [thrd:127.0.0.1:39092/bootstrap]: 1/1 brokers are down&#xD;
%3|1758047399.827|ERROR|rdkafka#producer-128| [thrd:app]: rdkafka#producer-128: 127.0.0.1:39092/bootstrap: Connect to ipv4#127.0.0.1:39092 failed: Unknown error (after 2039ms in state CONNECT)&#xD;
fail: Streamiz.Kafka.Net.Kafka.KafkaLoggerAdapter[0]&#xD;
      stream-thread[ksql-dsl-app-rocks_to_list_ticks-5800c4b2-81e9-4e38-bc2d-66bedf5b280a-stream-thread-0] Error consumer ksql-dsl-app-rocks_to_list_ticks-5800c4b2-81e9-4e38-bc2d-66bedf5b280a-StreamThread-0-streamiz-consumer#consumer-66 - 127.0.0.1:39092/1: Connect to ipv4#127.0.0.1:39092 failed: Unknown error (after 2044ms in state CONNECT, 15 identical error(s) suppressed)&#xD;
%3|1758047403.961|FAIL|rdkafka#producer-129| [thrd:127.0.0.1:39092/bootstrap]: 127.0.0.1:39092/bootstrap: Connect to ipv4#127.0.0.1:39092 failed: Unknown error (after 2040ms in state CONNECT)&#xD;
%3|1758047403.961|ERROR|rdkafka#producer-129| [thrd:127.0.0.1:39092/bootstrap]: 1/1 brokers are down&#xD;
%3|1758047403.961|ERROR|rdkafka#producer-129| [thrd:app]: rdkafka#producer-129: 127.0.0.1:39092/bootstrap: Connect to ipv4#127.0.0.1:39092 failed: Unknown error (after 2040ms in state CONNECT)&#xD;
%3|1758047408.096|FAIL|rdkafka#producer-130| [thrd:127.0.0.1:39092/bootstrap]: 127.0.0.1:39092/bootstrap: Connect to ipv4#127.0.0.1:39092 failed: Unknown error (after 2030ms in state CONNECT)&#xD;
%3|1758047408.096|ERROR|rdkafka#producer-130| [thrd:127.0.0.1:39092/bootstrap]: 1/1 brokers are down&#xD;
%3|1758047408.096|ERROR|rdkafka#producer-130| [thrd:app]: rdkafka#producer-130: 127.0.0.1:39092/bootstrap: Connect to ipv4#127.0.0.1:39092 failed: Unknown error (after 2030ms in state CONNECT)&#xD;
%3|1758047412.246|FAIL|rdkafka#producer-131| [thrd:127.0.0.1:39092/bootstrap]: 127.0.0.1:39092/bootstrap: Connect to ipv4#127.0.0.1:39092 failed: Unknown error (after 2045ms in state CONNECT)&#xD;
%3|1758047412.246|ERROR|rdkafka#producer-131| [thrd:127.0.0.1:39092/bootstrap]: 1/1 brokers are down&#xD;
%3|1758047412.246|ERROR|rdkafka#producer-131| [thrd:app]: rdkafka#producer-131: 127.0.0.1:39092/bootstrap: Connect to ipv4#127.0.0.1:39092 failed: Unknown error (after 2045ms in state CONNECT)&#xD;
fail: Streamiz.Kafka.Net.Kafka.KafkaLoggerAdapter[0]&#xD;
      stream-thread[.NET Long Running Task] Error producer ksql-dsl-app-rocks_to_list_ticks-5800c4b2-81e9-4e38-bc2d-66bedf5b280a-stream-thread-0-streamiz-producer#producer-65 - 127.0.0.1:39092/1: Connect to ipv4#127.0.0.1:39092 failed: Unknown error (after 2044ms in state CONNECT, 12 identical error(s) suppressed)&#xD;
fail: Streamiz.Kafka.Net.Kafka.KafkaLoggerAdapter[0]&#xD;
      stream-thread[.NET Long Running Task] Error admin ksql-dsl-app-rocks_to_list_ticks-5800c4b2-81e9-4e38-bc2d-66bedf5b280a-streamiz-admin#producer-62 - 127.0.0.1:39092/1: Connect to ipv4#127.0.0.1:39092 failed: Unknown error (after 2038ms in state CONNECT, 10 identical error(s) suppressed)&#xD;
fail: Streamiz.Kafka.Net.Kafka.KafkaLoggerAdapter[0]&#xD;
      stream-thread[.NET Long Running Task] Error admin ksql-dsl-app-rocks_to_list_ticks-5800c4b2-81e9-4e38-bc2d-66bedf5b280a-stream-thread-0#producer-64 - 127.0.0.1:39092/1: Connect to ipv4#127.0.0.1:39092 failed: Unknown error (after 2038ms in state CONNECT, 10 identical error(s) suppressed)&#xD;
fail: Streamiz.Kafka.Net.Kafka.KafkaLoggerAdapter[0]&#xD;
      stream-thread[.NET Long Running Task] Error producer ksql-dsl-app-rocks_to_list_ticks-5800c4b2-81e9-4e38-bc2d-66bedf5b280a-stream-thread-0-streamiz-producer#producer-65 - 127.0.0.1:39092/bootstrap: Connect to ipv4#127.0.0.1:39092 failed: Unknown error (after 2022ms in state CONNECT, 12 identical error(s) suppressed)&#xD;
%3|1758047415.843|FAIL|ksql-dsl-client-admin#producer-44| [thrd:127.0.0.1:39092/1]: 127.0.0.1:39092/1: Connect to ipv4#127.0.0.1:39092 failed: Unknown error (after 2052ms in state CONNECT, 10 identical error(s) suppressed)&#xD;
%3|1758047415.843|ERROR|ksql-dsl-client-admin#producer-44| [thrd:app]: ksql-dsl-client-admin#producer-44: 127.0.0.1:39092/1: Connect to ipv4#127.0.0.1:39092 failed: Unknown error (after 2052ms in state CONNECT, 10 identical error(s) suppressed)&#xD;
%3|1758047416.399|FAIL|rdkafka#producer-132| [thrd:127.0.0.1:39092/bootstrap]: 127.0.0.1:39092/bootstrap: Connect to ipv4#127.0.0.1:39092 failed: Unknown error (after 2045ms in state CONNECT)&#xD;
%3|1758047416.399|ERROR|rdkafka#producer-132| [thrd:127.0.0.1:39092/bootstrap]: 1/1 brokers are down&#xD;
%3|1758047416.399|ERROR|rdkafka#producer-132| [thrd:app]: rdkafka#producer-132: 127.0.0.1:39092/bootstrap: Connect to ipv4#127.0.0.1:39092 failed: Unknown error (after 2045ms in state CONNECT)&#xD;
fail: Streamiz.Kafka.Net.Kafka.KafkaLoggerAdapter[0]&#xD;
      stream-thread[.NET Long Running Task] Error admin ksql-dsl-app-rocks_to_list_ticks-5800c4b2-81e9-4e38-bc2d-66bedf5b280a-streamiz-admin#producer-62 - 127.0.0.1:39092/bootstrap: Connect to ipv4#127.0.0.1:39092 failed: Unknown error (after 2031ms in state CONNECT, 10 identical error(s) suppressed)&#xD;
fail: Streamiz.Kafka.Net.Kafka.KafkaLoggerAdapter[0]&#xD;
      stream-thread[.NET Long Running Task] Error admin ksql-dsl-app-rocks_to_list_ticks-5800c4b2-81e9-4e38-bc2d-66bedf5b280a-stream-thread-0#producer-64 - 127.0.0.1:39092/bootstrap: Connect to ipv4#127.0.0.1:39092 failed: Unknown error (after 2031ms in state CONNECT, 10 identical error(s) suppressed)&#xD;
%3|1758047417.695|FAIL|ksql-dsl-client-admin#producer-2| [thrd:127.0.0.1:39092/1]: 127.0.0.1:39092/1: Connect to ipv4#127.0.0.1:39092 failed: Unknown error (after 2023ms in state CONNECT, 10 identical error(s) suppressed)&#xD;
%3|1758047417.695|ERROR|ksql-dsl-client-admin#producer-2| [thrd:app]: ksql-dsl-client-admin#producer-2: 127.0.0.1:39092/1: Connect to ipv4#127.0.0.1:39092 failed: Unknown error (after 2023ms in state CONNECT, 10 identical error(s) suppressed)&#xD;
fail: Streamiz.Kafka.Net.Kafka.KafkaLoggerAdapter[0]&#xD;
      stream-thread[ksql-dsl-app-rocks_to_list_ticks-5800c4b2-81e9-4e38-bc2d-66bedf5b280a-stream-thread-0] Error consumer ksql-dsl-app-rocks_to_list_ticks-5800c4b2-81e9-4e38-bc2d-66bedf5b280a-StreamThread-0-streamiz-consumer#consumer-66 - GroupCoordinator: 127.0.0.1:39092: Connect to ipv4#127.0.0.1:39092 failed: Unknown error (after 2023ms in state CONNECT, 3 identical error(s) suppressed)&#xD;
%3|1758047417.851|FAIL|ksql-dsl-client-admin#producer-44| [thrd:127.0.0.1:39092/bootstrap]: 127.0.0.1:39092/bootstrap: Connect to ipv4#127.0.0.1:39092 failed: Unknown error (after 2039ms in state CONNECT, 10 identical error(s) suppressed)&#xD;
%3|1758047417.851|ERROR|ksql-dsl-client-admin#producer-44| [thrd:app]: ksql-dsl-client-admin#producer-44: 127.0.0.1:39092/bootstrap: Connect to ipv4#127.0.0.1:39092 failed: Unknown error (after 2039ms in state CONNECT, 10 identical error(s) suppressed)&#xD;
%3|1758047418.021|FAIL|ksql-dsl-client-admin#producer-16| [thrd:127.0.0.1:39092/1]: 127.0.0.1:39092/1: Connect to ipv4#127.0.0.1:39092 failed: Unknown error (after 2043ms in state CONNECT, 10 identical error(s) suppressed)&#xD;
%3|1758047418.021|ERROR|ksql-dsl-client-admin#producer-16| [thrd:app]: ksql-dsl-client-admin#producer-16: 127.0.0.1:39092/1: Connect to ipv4#127.0.0.1:39092 failed: Unknown error (after 2043ms in state CONNECT, 10 identical error(s) suppressed)&#xD;
%3|1758047418.208|FAIL|ksql-dsl-client-admin#producer-69| [thrd:127.0.0.1:39092/1]: 127.0.0.1:39092/1: Connect to ipv4#127.0.0.1:39092 failed: Unknown error (after 2042ms in state CONNECT, 10 identical error(s) suppressed)&#xD;
%3|1758047418.208|ERROR|ksql-dsl-client-admin#producer-69| [thrd:app]: ksql-dsl-client-admin#producer-69: 127.0.0.1:39092/1: Connect to ipv4#127.0.0.1:39092 failed: Unknown error (after 2042ms in state CONNECT, 10 identical error(s) suppressed)&#xD;
%3|1758047418.286|FAIL|ksql-dsl-client-admin#producer-4| [thrd:127.0.0.1:39092/1]: 127.0.0.1:39092/1: Connect to ipv4#127.0.0.1:39092 failed: Unknown error (after 2027ms in state CONNECT, 10 identical error(s) suppressed)&#xD;
%3|1758047418.286|FAIL|ksql-dsl-client-admin#producer-14| [thrd:127.0.0.1:39092/1]: 127.0.0.1:39092/1: Connect to ipv4#127.0.0.1:39092 failed: Unknown error (after 2027ms in state CONNECT, 10 identical error(s) suppressed)&#xD;
%3|1758047418.286|ERROR|ksql-dsl-client-admin#producer-4| [thrd:app]: ksql-dsl-client-admin#producer-4: 127.0.0.1:39092/1: Connect to ipv4#127.0.0.1:39092 failed: Unknown error (after 2027ms in state CONNECT, 10 identical error(s) suppressed)&#xD;
%3|1758047418.286|ERROR|ksql-dsl-client-admin#producer-14| [thrd:app]: ksql-dsl-client-admin#producer-14: 127.0.0.1:39092/1: Connect to ipv4#127.0.0.1:39092 failed: Unknown error (after 2027ms in state CONNECT, 10 identical error(s) suppressed)&#xD;
%3|1758047418.710|FAIL|ksql-dsl-client-admin#producer-2| [thrd:127.0.0.1:39092/bootstrap]: 127.0.0.1:39092/bootstrap: Connect to ipv4#127.0.0.1:39092 failed: Unknown error (after 2029ms in state CONNECT, 10 identical error(s) suppressed)&#xD;
%3|1758047418.710|ERROR|ksql-dsl-client-admin#producer-2| [thrd:app]: ksql-dsl-client-admin#producer-2: 127.0.0.1:39092/bootstrap: Connect to ipv4#127.0.0.1:39092 failed: Unknown error (after 2029ms in state CONNECT, 10 identical error(s) suppressed)&#xD;
%3|1758047419.037|FAIL|ksql-dsl-client-admin#producer-16| [thrd:127.0.0.1:39092/bootstrap]: 127.0.0.1:39092/bootstrap: Connect to ipv4#127.0.0.1:39092 failed: Unknown error (after 2057ms in state CONNECT, 10 identical error(s) suppressed)&#xD;
%3|1758047419.037|ERROR|ksql-dsl-client-admin#producer-16| [thrd:app]: ksql-dsl-client-admin#producer-16: 127.0.0.1:39092/bootstrap: Connect to ipv4#127.0.0.1:39092 failed: Unknown error (after 2057ms in state CONNECT, 10 identical error(s) suppressed)&#xD;
info: Streamiz.Kafka.Net.Processors.StreamThread[0]&#xD;
      Processed 0 total records, ran 0 punctuators and committed 0 total tasks since the last update&#xD;
%3|1758047420.547|FAIL|rdkafka#producer-133| [thrd:127.0.0.1:39092/bootstrap]: 127.0.0.1:39092/bootstrap: Connect to ipv4#127.0.0.1:39092 failed: Unknown error (after 2042ms in state CONNECT)&#xD;
%3|1758047420.547|ERROR|rdkafka#producer-133| [thrd:127.0.0.1:39092/bootstrap]: 1/1 brokers are down&#xD;
%3|1758047420.547|ERROR|rdkafka#producer-133| [thrd:app]: rdkafka#producer-133: 127.0.0.1:39092/bootstrap: Connect to ipv4#127.0.0.1:39092 failed: Unknown error (after 2042ms in state CONNECT)&#xD;
%3|1758047422.221|FAIL|ksql-dsl-client-admin#producer-69| [thrd:127.0.0.1:39092/bootstrap]: 127.0.0.1:39092/bootstrap: Connect to ipv4#127.0.0.1:39092 failed: Unknown error (after 2018ms in state CONNECT, 10 identical error(s) suppressed)&#xD;
%3|1758047422.221|ERROR|ksql-dsl-client-admin#producer-69| [thrd:app]: ksql-dsl-client-admin#producer-69: 127.0.0.1:39092/bootstrap: Connect to ipv4#127.0.0.1:39092 failed: Unknown error (after 2018ms in state CONNECT, 10 identical error(s) suppressed)&#xD;
%3|1758047422.315|FAIL|ksql-dsl-client-admin#producer-4| [thrd:127.0.0.1:39092/bootstrap]: 127.0.0.1:39092/bootstrap: Connect to ipv4#127.0.0.1:39092 failed: Unknown error (after 2018ms in state CONNECT, 10 identical error(s) suppressed)&#xD;
%3|1758047422.315|ERROR|ksql-dsl-client-admin#producer-4| [thrd:app]: ksql-dsl-client-admin#producer-4: 127.0.0.1:39092/bootstrap: Connect to ipv4#127.0.0.1:39092 failed: Unknown error (after 2018ms in state CONNECT, 10 identical error(s) suppressed)&#xD;
%3|1758047422.347|FAIL|ksql-dsl-client-admin#producer-14| [thrd:127.0.0.1:39092/bootstrap]: 127.0.0.1:39092/bootstrap: Connect to ipv4#127.0.0.1:39092 failed: Unknown error (after 2049ms in state CONNECT, 10 identical error(s) suppressed)&#xD;
%3|1758047422.347|ERROR|ksql-dsl-client-admin#producer-14| [thrd:app]: ksql-dsl-client-admin#producer-14: 127.0.0.1:39092/bootstrap: Connect to ipv4#127.0.0.1:39092 failed: Unknown error (after 2049ms in state CONNECT, 10 identical error(s) suppressed)&#xD;
fail: Streamiz.Kafka.Net.Kafka.KafkaLoggerAdapter[0]&#xD;
      stream-thread[ksql-dsl-app-rocks_to_list_ticks-5800c4b2-81e9-4e38-bc2d-66bedf5b280a-stream-thread-0] Error consumer ksql-dsl-app-rocks_to_list_ticks-5800c4b2-81e9-4e38-bc2d-66bedf5b280a-StreamThread-0-streamiz-consumer#consumer-66 - 127.0.0.1:39092/bootstrap: Connect to ipv4#127.0.0.1:39092 failed: Unknown error (after 2019ms in state CONNECT, 15 identical error(s) suppressed)&#xD;
%3|1758047424.665|FAIL|rdkafka#producer-134| [thrd:127.0.0.1:39092/bootstrap]: 127.0.0.1:39092/bootstrap: Connect to ipv4#127.0.0.1:39092 failed: Unknown error (after 2021ms in state CONNECT)&#xD;
%3|1758047424.665|ERROR|rdkafka#producer-134| [thrd:127.0.0.1:39092/bootstrap]: 1/1 brokers are down&#xD;
%3|1758047424.665|ERROR|rdkafka#producer-134| [thrd:app]: rdkafka#producer-134: 127.0.0.1:39092/bootstrap: Connect to ipv4#127.0.0.1:39092 failed: Unknown error (after 2021ms in state CONNECT)&#xD;
%3|1758047428.824|FAIL|rdkafka#producer-135| [thrd:127.0.0.1:39092/bootstrap]: 127.0.0.1:39092/bootstrap: Connect to ipv4#127.0.0.1:39092 failed: Unknown error (after 2049ms in state CONNECT)&#xD;
%3|1758047428.824|ERROR|rdkafka#producer-135| [thrd:127.0.0.1:39092/bootstrap]: 1/1 brokers are down&#xD;
%3|1758047428.824|ERROR|rdkafka#producer-135| [thrd:app]: rdkafka#producer-135: 127.0.0.1:39092/bootstrap: Connect to ipv4#127.0.0.1:39092 failed: Unknown error (after 2049ms in state CONNECT)&#xD;
fail: Streamiz.Kafka.Net.Kafka.KafkaLoggerAdapter[0]&#xD;
      stream-thread[ksql-dsl-app-rocks_to_list_ticks-5800c4b2-81e9-4e38-bc2d-66bedf5b280a-stream-thread-0] Error consumer ksql-dsl-app-rocks_to_list_ticks-5800c4b2-81e9-4e38-bc2d-66bedf5b280a-StreamThread-0-streamiz-consumer#consumer-66 - 127.0.0.1:39092/1: Connect to ipv4#127.0.0.1:39092 failed: Unknown error (after 2041ms in state CONNECT, 15 identical error(s) suppressed)&#xD;
%3|1758047432.959|FAIL|rdkafka#producer-136| [thrd:127.0.0.1:39092/bootstrap]: 127.0.0.1:39092/bootstrap: Connect to ipv4#127.0.0.1:39092 failed: Unknown error (after 2037ms in state CONNECT)&#xD;
%3|1758047432.959|ERROR|rdkafka#producer-136| [thrd:127.0.0.1:39092/bootstrap]: 1/1 brokers are down&#xD;
%3|1758047432.959|ERROR|rdkafka#producer-136| [thrd:app]: rdkafka#producer-136: 127.0.0.1:39092/bootstrap: Connect to ipv4#127.0.0.1:39092 failed: Unknown error (after 2037ms in state CONNECT)&#xD;
%3|1758047437.095|FAIL|rdkafka#producer-137| [thrd:127.0.0.1:39092/bootstrap]: 127.0.0.1:39092/bootstrap: Connect to ipv4#127.0.0.1:39092 failed: Unknown error (after 2052ms in state CONNECT)&#xD;
%3|1758047437.095|ERROR|rdkafka#producer-137| [thrd:127.0.0.1:39092/bootstrap]: 1/1 brokers are down&#xD;
%3|1758047437.095|ERROR|rdkafka#producer-137| [thrd:app]: rdkafka#producer-137: 127.0.0.1:39092/bootstrap: Connect to ipv4#127.0.0.1:39092 failed: Unknown error (after 2052ms in state CONNECT)&#xD;
%3|1758047441.239|FAIL|rdkafka#producer-138| [thrd:127.0.0.1:39092/bootstrap]: 127.0.0.1:39092/bootstrap: Connect to ipv4#127.0.0.1:39092 failed: Unknown error (after 2051ms in state CONNECT)&#xD;
%3|1758047441.239|ERROR|rdkafka#producer-138| [thrd:127.0.0.1:39092/bootstrap]: 1/1 brokers are down&#xD;
%3|1758047441.239|ERROR|rdkafka#producer-138| [thrd:app]: rdkafka#producer-138: 127.0.0.1:39092/bootstrap: Connect to ipv4#127.0.0.1:39092 failed: Unknown error (after 2051ms in state CONNECT)&#xD;
fail: Streamiz.Kafka.Net.Kafka.KafkaLoggerAdapter[0]&#xD;
      stream-thread[.NET Long Running Task] Error producer ksql-dsl-app-rocks_to_list_ticks-5800c4b2-81e9-4e38-bc2d-66bedf5b280a-stream-thread-0-streamiz-producer#producer-65 - 127.0.0.1:39092/1: Connect to ipv4#127.0.0.1:39092 failed: Unknown error (after 2055ms in state CONNECT, 12 identical error(s) suppressed)&#xD;
%3|1758047445.389|FAIL|rdkafka#producer-139| [thrd:127.0.0.1:39092/bootstrap]: 127.0.0.1:39092/bootstrap: Connect to ipv4#127.0.0.1:39092 failed: Unknown error (after 2042ms in state CONNECT)&#xD;
%3|1758047445.389|ERROR|rdkafka#producer-139| [thrd:127.0.0.1:39092/bootstrap]: 1/1 brokers are down&#xD;
%3|1758047445.389|ERROR|rdkafka#producer-139| [thrd:app]: rdkafka#producer-139: 127.0.0.1:39092/bootstrap: Connect to ipv4#127.0.0.1:39092 failed: Unknown error (after 2042ms in state CONNECT)&#xD;
fail: Streamiz.Kafka.Net.Kafka.KafkaLoggerAdapter[0]&#xD;
      stream-thread[.NET Long Running Task] Error producer ksql-dsl-app-rocks_to_list_ticks-5800c4b2-81e9-4e38-bc2d-66bedf5b280a-stream-thread-0-streamiz-producer#producer-65 - 127.0.0.1:39092/bootstrap: Connect to ipv4#127.0.0.1:39092 failed: Unknown error (after 2032ms in state CONNECT, 12 identical error(s) suppressed)&#xD;
%3|1758047446.122|FAIL|ksql-dsl-client-admin#producer-44| [thrd:127.0.0.1:39092/1]: 127.0.0.1:39092/1: Connect to ipv4#127.0.0.1:39092 failed: Unknown error (after 2046ms in state CONNECT, 10 identical error(s) suppressed)&#xD;
%3|1758047446.122|ERROR|ksql-dsl-client-admin#producer-44| [thrd:app]: ksql-dsl-client-admin#producer-44: 127.0.0.1:39092/1: Connect to ipv4#127.0.0.1:39092 failed: Unknown error (after 2046ms in state CONNECT, 10 identical error(s) suppressed)&#xD;
fail: Streamiz.Kafka.Net.Kafka.KafkaLoggerAdapter[0]&#xD;
      stream-thread[.NET Long Running Task] Error admin ksql-dsl-app-rocks_to_list_ticks-5800c4b2-81e9-4e38-bc2d-66bedf5b280a-stream-thread-0#producer-64 - 127.0.0.1:39092/bootstrap: Connect to ipv4#127.0.0.1:39092 failed: Unknown error (after 2032ms in state CONNECT, 10 identical error(s) suppressed)&#xD;
fail: Streamiz.Kafka.Net.Kafka.KafkaLoggerAdapter[0]&#xD;
      stream-thread[.NET Long Running Task] Error admin ksql-dsl-app-rocks_to_list_ticks-5800c4b2-81e9-4e38-bc2d-66bedf5b280a-streamiz-admin#producer-62 - 127.0.0.1:39092/bootstrap: Connect to ipv4#127.0.0.1:39092 failed: Unknown error (after 2032ms in state CONNECT, 10 identical error(s) suppressed)&#xD;
fail: Streamiz.Kafka.Net.Kafka.KafkaLoggerAdapter[0]&#xD;
      stream-thread[.NET Long Running Task] Error admin ksql-dsl-app-rocks_to_list_ticks-5800c4b2-81e9-4e38-bc2d-66bedf5b280a-stream-thread-0#producer-64 - 127.0.0.1:39092/1: Connect to ipv4#127.0.0.1:39092 failed: Unknown error (after 2027ms in state CONNECT, 11 identical error(s) suppressed)&#xD;
fail: Streamiz.Kafka.Net.Kafka.KafkaLoggerAdapter[0]&#xD;
      stream-thread[.NET Long Running Task] Error admin ksql-dsl-app-rocks_to_list_ticks-5800c4b2-81e9-4e38-bc2d-66bedf5b280a-streamiz-admin#producer-62 - 127.0.0.1:39092/1: Connect to ipv4#127.0.0.1:39092 failed: Unknown error (after 2027ms in state CONNECT, 11 identical error(s) suppressed)&#xD;
%3|1758047447.970|FAIL|ksql-dsl-client-admin#producer-2| [thrd:127.0.0.1:39092/1]: 127.0.0.1:39092/1: Connect to ipv4#127.0.0.1:39092 failed: Unknown error (after 2050ms in state CONNECT, 10 identical error(s) suppressed)&#xD;
%3|1758047447.970|ERROR|ksql-dsl-client-admin#producer-2| [thrd:app]: ksql-dsl-client-admin#producer-2: 127.0.0.1:39092/1: Connect to ipv4#127.0.0.1:39092 failed: Unknown error (after 2050ms in state CONNECT, 10 identical error(s) suppressed)&#xD;
%3|1758047448.111|FAIL|ksql-dsl-client-admin#producer-44| [thrd:127.0.0.1:39092/bootstrap]: 127.0.0.1:39092/bootstrap: Connect to ipv4#127.0.0.1:39092 failed: Unknown error (after 2019ms in state CONNECT, 10 identical error(s) suppressed)&#xD;
%3|1758047448.111|ERROR|ksql-dsl-client-admin#producer-44| [thrd:app]: ksql-dsl-client-admin#producer-44: 127.0.0.1:39092/bootstrap: Connect to ipv4#127.0.0.1:39092 failed: Unknown error (after 2019ms in state CONNECT, 10 identical error(s) suppressed)&#xD;
%3|1758047448.299|FAIL|ksql-dsl-client-admin#producer-16| [thrd:127.0.0.1:39092/1]: 127.0.0.1:39092/1: Connect to ipv4#127.0.0.1:39092 failed: Unknown error (after 2021ms in state CONNECT, 10 identical error(s) suppressed)&#xD;
%3|1758047448.299|ERROR|ksql-dsl-client-admin#producer-16| [thrd:app]: ksql-dsl-client-admin#producer-16: 127.0.0.1:39092/1: Connect to ipv4#127.0.0.1:39092 failed: Unknown error (after 2021ms in state CONNECT, 10 identical error(s) suppressed)&#xD;
%3|1758047448.594|FAIL|ksql-dsl-client-admin#producer-14| [thrd:127.0.0.1:39092/1]: 127.0.0.1:39092/1: Connect to ipv4#127.0.0.1:39092 failed: Unknown error (after 2049ms in state CONNECT, 10 identical error(s) suppressed)&#xD;
%3|1758047448.594|ERROR|ksql-dsl-client-admin#producer-14| [thrd:app]: ksql-dsl-client-admin#producer-14: 127.0.0.1:39092/1: Connect to ipv4#127.0.0.1:39092 failed: Unknown error (after 2049ms in state CONNECT, 10 identical error(s) suppressed)&#xD;
%3|1758047448.594|FAIL|ksql-dsl-client-admin#producer-4| [thrd:127.0.0.1:39092/1]: 127.0.0.1:39092/1: Connect to ipv4#127.0.0.1:39092 failed: Unknown error (after 2049ms in state CONNECT, 10 identical error(s) suppressed)&#xD;
%3|1758047448.594|ERROR|ksql-dsl-client-admin#producer-4| [thrd:app]: ksql-dsl-client-admin#producer-4: 127.0.0.1:39092/1: Connect to ipv4#127.0.0.1:39092 failed: Unknown error (after 2049ms in state CONNECT, 10 identical error(s) suppressed)&#xD;
%3|1758047448.969|FAIL|ksql-dsl-client-admin#producer-2| [thrd:127.0.0.1:39092/bootstrap]: 127.0.0.1:39092/bootstrap: Connect to ipv4#127.0.0.1:39092 failed: Unknown error (after 2034ms in state CONNECT, 10 identical error(s) suppressed)&#xD;
%3|1758047448.969|ERROR|ksql-dsl-client-admin#producer-2| [thrd:app]: ksql-dsl-client-admin#producer-2: 127.0.0.1:39092/bootstrap: Connect to ipv4#127.0.0.1:39092 failed: Unknown error (after 2034ms in state CONNECT, 10 identical error(s) suppressed)&#xD;
%3|1758047449.327|FAIL|ksql-dsl-client-admin#producer-16| [thrd:127.0.0.1:39092/bootstrap]: 127.0.0.1:39092/bootstrap: Connect to ipv4#127.0.0.1:39092 failed: Unknown error (after 2048ms in state CONNECT, 10 identical error(s) suppressed)&#xD;
%3|1758047449.327|ERROR|ksql-dsl-client-admin#producer-16| [thrd:app]: ksql-dsl-client-admin#producer-16: 127.0.0.1:39092/bootstrap: Connect to ipv4#127.0.0.1:39092 failed: Unknown error (after 2048ms in state CONNECT, 10 identical error(s) suppressed)&#xD;
%3|1758047449.530|FAIL|rdkafka#producer-140| [thrd:127.0.0.1:39092/bootstrap]: 127.0.0.1:39092/bootstrap: Connect to ipv4#127.0.0.1:39092 failed: Unknown error (after 2033ms in state CONNECT)&#xD;
%3|1758047449.530|ERROR|rdkafka#producer-140| [thrd:127.0.0.1:39092/bootstrap]: 1/1 brokers are down&#xD;
%3|1758047449.530|ERROR|rdkafka#producer-140| [thrd:app]: rdkafka#producer-140: 127.0.0.1:39092/bootstrap: Connect to ipv4#127.0.0.1:39092 failed: Unknown error (after 2033ms in state CONNECT)&#xD;
%3|1758047450.520|FAIL|ksql-dsl-client-admin#producer-69| [thrd:127.0.0.1:39092/1]: 127.0.0.1:39092/1: Connect to ipv4#127.0.0.1:39092 failed: Unknown error (after 2049ms in state CONNECT, 11 identical error(s) suppressed)&#xD;
%3|1758047450.520|ERROR|ksql-dsl-client-admin#producer-69| [thrd:app]: ksql-dsl-client-admin#producer-69: 127.0.0.1:39092/1: Connect to ipv4#127.0.0.1:39092 failed: Unknown error (after 2049ms in state CONNECT, 11 identical error(s) suppressed)&#xD;
%3|1758047452.523|FAIL|ksql-dsl-client-admin#producer-69| [thrd:127.0.0.1:39092/bootstrap]: 127.0.0.1:39092/bootstrap: Connect to ipv4#127.0.0.1:39092 failed: Unknown error (after 2034ms in state CONNECT, 10 identical error(s) suppressed)&#xD;
%3|1758047452.523|ERROR|ksql-dsl-client-admin#producer-69| [thrd:app]: ksql-dsl-client-admin#producer-69: 127.0.0.1:39092/bootstrap: Connect to ipv4#127.0.0.1:39092 failed: Unknown error (after 2034ms in state CONNECT, 10 identical error(s) suppressed)&#xD;
%3|1758047452.601|FAIL|ksql-dsl-client-admin#producer-14| [thrd:127.0.0.1:39092/bootstrap]: 127.0.0.1:39092/bootstrap: Connect to ipv4#127.0.0.1:39092 failed: Unknown error (after 2018ms in state CONNECT, 10 identical error(s) suppressed)&#xD;
%3|1758047452.601|ERROR|ksql-dsl-client-admin#producer-14| [thrd:app]: ksql-dsl-client-admin#producer-14: 127.0.0.1:39092/bootstrap: Connect to ipv4#127.0.0.1:39092 failed: Unknown error (after 2018ms in state CONNECT, 10 identical error(s) suppressed)&#xD;
%3|1758047452.616|FAIL|ksql-dsl-client-admin#producer-4| [thrd:127.0.0.1:39092/bootstrap]: 127.0.0.1:39092/bootstrap: Connect to ipv4#127.0.0.1:39092 failed: Unknown error (after 2033ms in state CONNECT, 10 identical error(s) suppressed)&#xD;
%3|1758047452.616|ERROR|ksql-dsl-client-admin#producer-4| [thrd:app]: ksql-dsl-client-admin#producer-4: 127.0.0.1:39092/bootstrap: Connect to ipv4#127.0.0.1:39092 failed: Unknown error (after 2033ms in state CONNECT, 10 identical error(s) suppressed)&#xD;
fail: Streamiz.Kafka.Net.Kafka.KafkaLoggerAdapter[0]&#xD;
      stream-thread[ksql-dsl-app-rocks_to_list_ticks-5800c4b2-81e9-4e38-bc2d-66bedf5b280a-stream-thread-0] Error consumer ksql-dsl-app-rocks_to_list_ticks-5800c4b2-81e9-4e38-bc2d-66bedf5b280a-StreamThread-0-streamiz-consumer#consumer-66 - GroupCoordinator: 127.0.0.1:39092: Connect to ipv4#127.0.0.1:39092 failed: Unknown error (after 2017ms in state CONNECT, 3 identical error(s) suppressed)&#xD;
%3|1758047453.660|FAIL|rdkafka#producer-141| [thrd:127.0.0.1:39092/bootstrap]: 127.0.0.1:39092/bootstrap: Connect to ipv4#127.0.0.1:39092 failed: Unknown error (after 2041ms in state CONNECT)&#xD;
%3|1758047453.660|ERROR|rdkafka#producer-141| [thrd:127.0.0.1:39092/bootstrap]: 1/1 brokers are down&#xD;
%3|1758047453.660|ERROR|rdkafka#producer-141| [thrd:app]: rdkafka#producer-141: 127.0.0.1:39092/bootstrap: Connect to ipv4#127.0.0.1:39092 failed: Unknown error (after 2041ms in state CONNECT)&#xD;
fail: Streamiz.Kafka.Net.Kafka.KafkaLoggerAdapter[0]&#xD;
      stream-thread[ksql-dsl-app-rocks_to_list_ticks-5800c4b2-81e9-4e38-bc2d-66bedf5b280a-stream-thread-0] Error consumer ksql-dsl-app-rocks_to_list_ticks-5800c4b2-81e9-4e38-bc2d-66bedf5b280a-StreamThread-0-streamiz-consumer#consumer-66 - 127.0.0.1:39092/bootstrap: Connect to ipv4#127.0.0.1:39092 failed: Unknown error (after 2052ms in state CONNECT, 15 identical error(s) suppressed)&#xD;
%3|1758047457.805|FAIL|rdkafka#producer-142| [thrd:127.0.0.1:39092/bootstrap]: 127.0.0.1:39092/bootstrap: Connect to ipv4#127.0.0.1:39092 failed: Unknown error (after 2043ms in state CONNECT)&#xD;
%3|1758047457.805|ERROR|rdkafka#producer-142| [thrd:127.0.0.1:39092/bootstrap]: 1/1 brokers are down&#xD;
%3|1758047457.805|ERROR|rdkafka#producer-142| [thrd:app]: rdkafka#producer-142: 127.0.0.1:39092/bootstrap: Connect to ipv4#127.0.0.1:39092 failed: Unknown error (after 2043ms in state CONNECT)&#xD;
%3|1758047461.950|FAIL|rdkafka#producer-143| [thrd:127.0.0.1:39092/bootstrap]: 127.0.0.1:39092/bootstrap: Connect to ipv4#127.0.0.1:39092 failed: Unknown error (after 2036ms in state CONNECT)&#xD;
%3|1758047461.950|ERROR|rdkafka#producer-143| [thrd:127.0.0.1:39092/bootstrap]: 1/1 brokers are down&#xD;
%3|1758047461.950|ERROR|rdkafka#producer-143| [thrd:app]: rdkafka#producer-143: 127.0.0.1:39092/bootstrap: Connect to ipv4#127.0.0.1:39092 failed: Unknown error (after 2036ms in state CONNECT)&#xD;
fail: Streamiz.Kafka.Net.Kafka.KafkaLoggerAdapter[0]&#xD;
      stream-thread[ksql-dsl-app-rocks_to_list_ticks-5800c4b2-81e9-4e38-bc2d-66bedf5b280a-stream-thread-0] Error consumer ksql-dsl-app-rocks_to_list_ticks-5800c4b2-81e9-4e38-bc2d-66bedf5b280a-StreamThread-0-streamiz-consumer#consumer-66 - 127.0.0.1:39092/1: Connect to ipv4#127.0.0.1:39092 failed: Unknown error (after 2042ms in state CONNECT, 15 identical error(s) suppressed)&#xD;
%3|1758047466.071|FAIL|rdkafka#producer-144| [thrd:127.0.0.1:39092/bootstrap]: 127.0.0.1:39092/bootstrap: Connect to ipv4#127.0.0.1:39092 failed: Unknown error (after 2026ms in state CONNECT)&#xD;
%3|1758047466.071|ERROR|rdkafka#producer-144| [thrd:127.0.0.1:39092/bootstrap]: 1/1 brokers are down&#xD;
%3|1758047466.071|ERROR|rdkafka#producer-144| [thrd:app]: rdkafka#producer-144: 127.0.0.1:39092/bootstrap: Connect to ipv4#127.0.0.1:39092 failed: Unknown error (after 2026ms in state CONNECT)&#xD;
%3|1758047470.232|FAIL|rdkafka#producer-145| [thrd:127.0.0.1:39092/bootstrap]: 127.0.0.1:39092/bootstrap: Connect to ipv4#127.0.0.1:39092 failed: Unknown error (after 2054ms in state CONNECT)&#xD;
%3|1758047470.232|ERROR|rdkafka#producer-145| [thrd:app]: rdkafka#producer-145: 127.0.0.1:39092/bootstrap: Connect to ipv4#127.0.0.1:39092 failed: Unknown error (after 2054ms in state CONNECT)&#xD;
%3|1758047470.232|ERROR|rdkafka#producer-145| [thrd:127.0.0.1:39092/bootstrap]: 1/1 brokers are down&#xD;
%3|1758047474.376|FAIL|rdkafka#producer-146| [thrd:127.0.0.1:39092/bootstrap]: 127.0.0.1:39092/bootstrap: Connect to ipv4#127.0.0.1:39092 failed: Unknown error (after 2043ms in state CONNECT)&#xD;
%3|1758047474.376|ERROR|rdkafka#producer-146| [thrd:127.0.0.1:39092/bootstrap]: 1/1 brokers are down&#xD;
%3|1758047474.376|ERROR|rdkafka#producer-146| [thrd:app]: rdkafka#producer-146: 127.0.0.1:39092/bootstrap: Connect to ipv4#127.0.0.1:39092 failed: Unknown error (after 2043ms in state CONNECT)&#xD;
fail: Streamiz.Kafka.Net.Kafka.KafkaLoggerAdapter[0]&#xD;
      stream-thread[.NET Long Running Task] Error producer ksql-dsl-app-rocks_to_list_ticks-5800c4b2-81e9-4e38-bc2d-66bedf5b280a-stream-thread-0-streamiz-producer#producer-65 - 127.0.0.1:39092/1: Connect to ipv4#127.0.0.1:39092 failed: Unknown error (after 2044ms in state CONNECT, 12 identical error(s) suppressed)&#xD;
fail: Streamiz.Kafka.Net.Kafka.KafkaLoggerAdapter[0]&#xD;
      stream-thread[.NET Long Running Task] Error producer ksql-dsl-app-rocks_to_list_ticks-5800c4b2-81e9-4e38-bc2d-66bedf5b280a-stream-thread-0-streamiz-producer#producer-65 - 127.0.0.1:39092/bootstrap: Connect to ipv4#127.0.0.1:39092 failed: Unknown error (after 2043ms in state CONNECT, 12 identical error(s) suppressed)&#xD;
%3|1758047476.419|FAIL|ksql-dsl-client-admin#producer-44| [thrd:127.0.0.1:39092/1]: 127.0.0.1:39092/1: Connect to ipv4#127.0.0.1:39092 failed: Unknown error (after 2043ms in state CONNECT, 10 identical error(s) suppressed)&#xD;
%3|1758047476.419|ERROR|ksql-dsl-client-admin#producer-44| [thrd:app]: ksql-dsl-client-admin#producer-44: 127.0.0.1:39092/1: Connect to ipv4#127.0.0.1:39092 failed: Unknown error (after 2043ms in state CONNECT, 10 identical error(s) suppressed)&#xD;
fail: Streamiz.Kafka.Net.Kafka.KafkaLoggerAdapter[0]&#xD;
      stream-thread[.NET Long Running Task] Error admin ksql-dsl-app-rocks_to_list_ticks-5800c4b2-81e9-4e38-bc2d-66bedf5b280a-streamiz-admin#producer-62 - 127.0.0.1:39092/bootstrap: Connect to ipv4#127.0.0.1:39092 failed: Unknown error (after 2028ms in state CONNECT, 10 identical error(s) suppressed)&#xD;
fail: Streamiz.Kafka.Net.Kafka.KafkaLoggerAdapter[0]&#xD;
      stream-thread[.NET Long Running Task] Error admin ksql-dsl-app-rocks_to_list_ticks-5800c4b2-81e9-4e38-bc2d-66bedf5b280a-stream-thread-0#producer-64 - 127.0.0.1:39092/bootstrap: Connect to ipv4#127.0.0.1:39092 failed: Unknown error (after 2028ms in state CONNECT, 10 identical error(s) suppressed)&#xD;
fail: Streamiz.Kafka.Net.Kafka.KafkaLoggerAdapter[0]&#xD;
      stream-thread[.NET Long Running Task] Error admin ksql-dsl-app-rocks_to_list_ticks-5800c4b2-81e9-4e38-bc2d-66bedf5b280a-streamiz-admin#producer-62 - 127.0.0.1:39092/1: Connect to ipv4#127.0.0.1:39092 failed: Unknown error (after 2028ms in state CONNECT, 10 identical error(s) suppressed)&#xD;
fail: Streamiz.Kafka.Net.Kafka.KafkaLoggerAdapter[0]&#xD;
      stream-thread[.NET Long Running Task] Error admin ksql-dsl-app-rocks_to_list_ticks-5800c4b2-81e9-4e38-bc2d-66bedf5b280a-stream-thread-0#producer-64 - 127.0.0.1:39092/1: Connect to ipv4#127.0.0.1:39092 failed: Unknown error (after 2028ms in state CONNECT, 10 identical error(s) suppressed)&#xD;
%3|1758047478.231|FAIL|ksql-dsl-client-admin#producer-2| [thrd:127.0.0.1:39092/1]: 127.0.0.1:39092/1: Connect to ipv4#127.0.0.1:39092 failed: Unknown error (after 2045ms in state CONNECT, 10 identical error(s) suppressed)&#xD;
%3|1758047478.231|ERROR|ksql-dsl-client-admin#producer-2| [thrd:app]: ksql-dsl-client-admin#producer-2: 127.0.0.1:39092/1: Connect to ipv4#127.0.0.1:39092 failed: Unknown error (after 2045ms in state CONNECT, 10 identical error(s) suppressed)&#xD;
%3|1758047478.401|FAIL|ksql-dsl-client-admin#producer-44| [thrd:127.0.0.1:39092/bootstrap]: 127.0.0.1:39092/bootstrap: Connect to ipv4#127.0.0.1:39092 failed: Unknown error (after 2013ms in state CONNECT, 10 identical error(s) suppressed)&#xD;
%3|1758047478.401|ERROR|ksql-dsl-client-admin#producer-44| [thrd:app]: ksql-dsl-client-admin#producer-44: 127.0.0.1:39092/bootstrap: Connect to ipv4#127.0.0.1:39092 failed: Unknown error (after 2013ms in state CONNECT, 10 identical error(s) suppressed)&#xD;
%3|1758047478.526|FAIL|rdkafka#producer-147| [thrd:127.0.0.1:39092/bootstrap]: 127.0.0.1:39092/bootstrap: Connect to ipv4#127.0.0.1:39092 failed: Unknown error (after 2043ms in state CONNECT)&#xD;
%3|1758047478.526|ERROR|rdkafka#producer-147| [thrd:127.0.0.1:39092/bootstrap]: 1/1 brokers are down&#xD;
%3|1758047478.526|ERROR|rdkafka#producer-147| [thrd:app]: rdkafka#producer-147: 127.0.0.1:39092/bootstrap: Connect to ipv4#127.0.0.1:39092 failed: Unknown error (after 2043ms in state CONNECT)&#xD;
%3|1758047478.589|FAIL|ksql-dsl-client-admin#producer-16| [thrd:127.0.0.1:39092/1]: 127.0.0.1:39092/1: Connect to ipv4#127.0.0.1:39092 failed: Unknown error (after 2014ms in state CONNECT, 10 identical error(s) suppressed)&#xD;
%3|1758047478.589|ERROR|ksql-dsl-client-admin#producer-16| [thrd:app]: ksql-dsl-client-admin#producer-16: 127.0.0.1:39092/1: Connect to ipv4#127.0.0.1:39092 failed: Unknown error (after 2014ms in state CONNECT, 10 identical error(s) suppressed)&#xD;
%3|1758047478.883|FAIL|ksql-dsl-client-admin#producer-14| [thrd:127.0.0.1:39092/1]: 127.0.0.1:39092/1: Connect to ipv4#127.0.0.1:39092 failed: Unknown error (after 2025ms in state CONNECT, 10 identical error(s) suppressed)&#xD;
%3|1758047478.883|FAIL|ksql-dsl-client-admin#producer-4| [thrd:127.0.0.1:39092/1]: 127.0.0.1:39092/1: Connect to ipv4#127.0.0.1:39092 failed: Unknown error (after 2025ms in state CONNECT, 10 identical error(s) suppressed)&#xD;
%3|1758047478.883|ERROR|ksql-dsl-client-admin#producer-14| [thrd:app]: ksql-dsl-client-admin#producer-14: 127.0.0.1:39092/1: Connect to ipv4#127.0.0.1:39092 failed: Unknown error (after 2025ms in state CONNECT, 10 identical error(s) suppressed)&#xD;
%3|1758047478.883|ERROR|ksql-dsl-client-admin#producer-4| [thrd:app]: ksql-dsl-client-admin#producer-4: 127.0.0.1:39092/1: Connect to ipv4#127.0.0.1:39092 failed: Unknown error (after 2025ms in state CONNECT, 10 identical error(s) suppressed)&#xD;
%3|1758047479.243|FAIL|ksql-dsl-client-admin#producer-2| [thrd:127.0.0.1:39092/bootstrap]: 127.0.0.1:39092/bootstrap: Connect to ipv4#127.0.0.1:39092 failed: Unknown error (after 2043ms in state CONNECT, 10 identical error(s) suppressed)&#xD;
%3|1758047479.243|ERROR|ksql-dsl-client-admin#producer-2| [thrd:app]: ksql-dsl-client-admin#producer-2: 127.0.0.1:39092/bootstrap: Connect to ipv4#127.0.0.1:39092 failed: Unknown error (after 2043ms in state CONNECT, 10 identical error(s) suppressed)&#xD;
info: Streamiz.Kafka.Net.Processors.StreamThread[0]&#xD;
      Processed 0 total records, ran 0 punctuators and committed 0 total tasks since the last update&#xD;
%3|1758047479.601|FAIL|ksql-dsl-client-admin#producer-16| [thrd:127.0.0.1:39092/bootstrap]: 127.0.0.1:39092/bootstrap: Connect to ipv4#127.0.0.1:39092 failed: Unknown error (after 2013ms in state CONNECT, 10 identical error(s) suppressed)&#xD;
%3|1758047479.601|ERROR|ksql-dsl-client-admin#producer-16| [thrd:app]: ksql-dsl-client-admin#producer-16: 127.0.0.1:39092/bootstrap: Connect to ipv4#127.0.0.1:39092 failed: Unknown error (after 2013ms in state CONNECT, 10 identical error(s) suppressed)&#xD;
%3|1758047480.830|FAIL|ksql-dsl-client-admin#producer-69| [thrd:127.0.0.1:39092/1]: 127.0.0.1:39092/1: Connect to ipv4#127.0.0.1:39092 failed: Unknown error (after 2055ms in state CONNECT, 10 identical error(s) suppressed)&#xD;
%3|1758047480.830|ERROR|ksql-dsl-client-admin#producer-69| [thrd:app]: ksql-dsl-client-admin#producer-69: 127.0.0.1:39092/1: Connect to ipv4#127.0.0.1:39092 failed: Unknown error (after 2055ms in state CONNECT, 10 identical error(s) suppressed)&#xD;
%3|1758047482.668|FAIL|rdkafka#producer-148| [thrd:127.0.0.1:39092/bootstrap]: 127.0.0.1:39092/bootstrap: Connect to ipv4#127.0.0.1:39092 failed: Unknown error (after 2039ms in state CONNECT)&#xD;
%3|1758047482.668|ERROR|rdkafka#producer-148| [thrd:127.0.0.1:39092/bootstrap]: 1/1 brokers are down&#xD;
%3|1758047482.668|ERROR|rdkafka#producer-148| [thrd:app]: rdkafka#producer-148: 127.0.0.1:39092/bootstrap: Connect to ipv4#127.0.0.1:39092 failed: Unknown error (after 2039ms in state CONNECT)&#xD;
%3|1758047482.854|FAIL|ksql-dsl-client-admin#producer-69| [thrd:127.0.0.1:39092/bootstrap]: 127.0.0.1:39092/bootstrap: Connect to ipv4#127.0.0.1:39092 failed: Unknown error (after 2054ms in state CONNECT, 10 identical error(s) suppressed)&#xD;
%3|1758047482.854|ERROR|ksql-dsl-client-admin#producer-69| [thrd:app]: ksql-dsl-client-admin#producer-69: 127.0.0.1:39092/bootstrap: Connect to ipv4#127.0.0.1:39092 failed: Unknown error (after 2054ms in state CONNECT, 10 identical error(s) suppressed)&#xD;
%3|1758047482.949|FAIL|ksql-dsl-client-admin#producer-4| [thrd:127.0.0.1:39092/bootstrap]: 127.0.0.1:39092/bootstrap: Connect to ipv4#127.0.0.1:39092 failed: Unknown error (after 2040ms in state CONNECT, 10 identical error(s) suppressed)&#xD;
%3|1758047482.949|FAIL|ksql-dsl-client-admin#producer-14| [thrd:127.0.0.1:39092/bootstrap]: 127.0.0.1:39092/bootstrap: Connect to ipv4#127.0.0.1:39092 failed: Unknown error (after 2040ms in state CONNECT, 10 identical error(s) suppressed)&#xD;
%3|1758047482.949|ERROR|ksql-dsl-client-admin#producer-14| [thrd:app]: ksql-dsl-client-admin#producer-14: 127.0.0.1:39092/bootstrap: Connect to ipv4#127.0.0.1:39092 failed: Unknown error (after 2040ms in state CONNECT, 10 identical error(s) suppressed)&#xD;
%3|1758047482.949|ERROR|ksql-dsl-client-admin#producer-4| [thrd:app]: ksql-dsl-client-admin#producer-4: 127.0.0.1:39092/bootstrap: Connect to ipv4#127.0.0.1:39092 failed: Unknown error (after 2040ms in state CONNECT, 10 identical error(s) suppressed)&#xD;
fail: Streamiz.Kafka.Net.Kafka.KafkaLoggerAdapter[0]&#xD;
      stream-thread[ksql-dsl-app-rocks_to_list_ticks-5800c4b2-81e9-4e38-bc2d-66bedf5b280a-stream-thread-0] Error consumer ksql-dsl-app-rocks_to_list_ticks-5800c4b2-81e9-4e38-bc2d-66bedf5b280a-StreamThread-0-streamiz-consumer#consumer-66 - 127.0.0.1:39092/bootstrap: Connect to ipv4#127.0.0.1:39092 failed: Unknown error (after 2043ms in state CONNECT, 15 identical error(s) suppressed)&#xD;
fail: Streamiz.Kafka.Net.Kafka.KafkaLoggerAdapter[0]&#xD;
      stream-thread[ksql-dsl-app-rocks_to_list_ticks-5800c4b2-81e9-4e38-bc2d-66bedf5b280a-stream-thread-0] Error consumer ksql-dsl-app-rocks_to_list_ticks-5800c4b2-81e9-4e38-bc2d-66bedf5b280a-StreamThread-0-streamiz-consumer#consumer-66 - GroupCoordinator: 127.0.0.1:39092: Connect to ipv4#127.0.0.1:39092 failed: Unknown error (after 2044ms in state CONNECT, 3 identical error(s) suppressed)&#xD;
%3|1758047486.804|FAIL|rdkafka#producer-149| [thrd:127.0.0.1:39092/bootstrap]: 127.0.0.1:39092/bootstrap: Connect to ipv4#127.0.0.1:39092 failed: Unknown error (after 2028ms in state CONNECT)&#xD;
%3|1758047486.804|ERROR|rdkafka#producer-149| [thrd:127.0.0.1:39092/bootstrap]: 1/1 brokers are down&#xD;
%3|1758047486.804|ERROR|rdkafka#producer-149| [thrd:app]: rdkafka#producer-149: 127.0.0.1:39092/bootstrap: Connect to ipv4#127.0.0.1:39092 failed: Unknown error (after 2028ms in state CONNECT)&#xD;
%3|1758047490.921|FAIL|rdkafka#producer-150| [thrd:127.0.0.1:39092/bootstrap]: 127.0.0.1:39092/bootstrap: Connect to ipv4#127.0.0.1:39092 failed: Unknown error (after 2018ms in state CONNECT)&#xD;
%3|1758047490.921|ERROR|rdkafka#producer-150| [thrd:127.0.0.1:39092/bootstrap]: 1/1 brokers are down&#xD;
%3|1758047490.921|ERROR|rdkafka#producer-150| [thrd:app]: rdkafka#producer-150: 127.0.0.1:39092/bootstrap: Connect to ipv4#127.0.0.1:39092 failed: Unknown error (after 2018ms in state CONNECT)&#xD;
fail: Streamiz.Kafka.Net.Kafka.KafkaLoggerAdapter[0]&#xD;
      stream-thread[ksql-dsl-app-rocks_to_list_ticks-5800c4b2-81e9-4e38-bc2d-66bedf5b280a-stream-thread-0] Error consumer ksql-dsl-app-rocks_to_list_ticks-5800c4b2-81e9-4e38-bc2d-66bedf5b280a-StreamThread-0-streamiz-consumer#consumer-66 - 127.0.0.1:39092/1: Connect to ipv4#127.0.0.1:39092 failed: Unknown error (after 2021ms in state CONNECT, 15 identical error(s) suppressed)&#xD;
%3|1758047495.066|FAIL|rdkafka#producer-151| [thrd:127.0.0.1:39092/bootstrap]: 127.0.0.1:39092/bootstrap: Connect to ipv4#127.0.0.1:39092 failed: Unknown error (after 2043ms in state CONNECT)&#xD;
%3|1758047495.066|ERROR|rdkafka#producer-151| [thrd:127.0.0.1:39092/bootstrap]: 1/1 brokers are down&#xD;
%3|1758047495.066|ERROR|rdkafka#producer-151| [thrd:app]: rdkafka#producer-151: 127.0.0.1:39092/bootstrap: Connect to ipv4#127.0.0.1:39092 failed: Unknown error (after 2043ms in state CONNECT)&#xD;
%3|1758047499.217|FAIL|rdkafka#producer-152| [thrd:127.0.0.1:39092/bootstrap]: 127.0.0.1:39092/bootstrap: Connect to ipv4#127.0.0.1:39092 failed: Unknown error (after 2043ms in state CONNECT)&#xD;
%3|1758047499.217|ERROR|rdkafka#producer-152| [thrd:127.0.0.1:39092/bootstrap]: 1/1 brokers are down&#xD;
%3|1758047499.217|ERROR|rdkafka#producer-152| [thrd:app]: rdkafka#producer-152: 127.0.0.1:39092/bootstrap: Connect to ipv4#127.0.0.1:39092 failed: Unknown error (after 2043ms in state CONNECT)&#xD;
%3|1758047503.338|FAIL|rdkafka#producer-153| [thrd:127.0.0.1:39092/bootstrap]: 127.0.0.1:39092/bootstrap: Connect to ipv4#127.0.0.1:39092 failed: Unknown error (after 2031ms in state CONNECT)&#xD;
%3|1758047503.338|ERROR|rdkafka#producer-153| [thrd:127.0.0.1:39092/bootstrap]: 1/1 brokers are down&#xD;
%3|1758047503.338|ERROR|rdkafka#producer-153| [thrd:app]: rdkafka#producer-153: 127.0.0.1:39092/bootstrap: Connect to ipv4#127.0.0.1:39092 failed: Unknown error (after 2031ms in state CONNECT)&#xD;
fail: Streamiz.Kafka.Net.Kafka.KafkaLoggerAdapter[0]&#xD;
      stream-thread[.NET Long Running Task] Error producer ksql-dsl-app-rocks_to_list_ticks-5800c4b2-81e9-4e38-bc2d-66bedf5b280a-stream-thread-0-streamiz-producer#producer-65 - 127.0.0.1:39092/1: Connect to ipv4#127.0.0.1:39092 failed: Unknown error (after 2043ms in state CONNECT, 12 identical error(s) suppressed)&#xD;
fail: Streamiz.Kafka.Net.Kafka.KafkaLoggerAdapter[0]&#xD;
      stream-thread[.NET Long Running Task] Error producer ksql-dsl-app-rocks_to_list_ticks-5800c4b2-81e9-4e38-bc2d-66bedf5b280a-stream-thread-0-streamiz-producer#producer-65 - 127.0.0.1:39092/bootstrap: Connect to ipv4#127.0.0.1:39092 failed: Unknown error (after 2033ms in state CONNECT, 12 identical error(s) suppressed)&#xD;
fail: Streamiz.Kafka.Net.Kafka.KafkaLoggerAdapter[0]&#xD;
      stream-thread[.NET Long Running Task] Error admin ksql-dsl-app-rocks_to_list_ticks-5800c4b2-81e9-4e38-bc2d-66bedf5b280a-streamiz-admin#producer-62 - 127.0.0.1:39092/bootstrap: Connect to ipv4#127.0.0.1:39092 failed: Unknown error (after 2035ms in state CONNECT, 10 identical error(s) suppressed)&#xD;
fail: Streamiz.Kafka.Net.Kafka.KafkaLoggerAdapter[0]&#xD;
      stream-thread[.NET Long Running Task] Error admin ksql-dsl-app-rocks_to_list_ticks-5800c4b2-81e9-4e38-bc2d-66bedf5b280a-stream-thread-0#producer-64 - 127.0.0.1:39092/bootstrap: Connect to ipv4#127.0.0.1:39092 failed: Unknown error (after 2035ms in state CONNECT, 10 identical error(s) suppressed)&#xD;
%3|1758047507.461|FAIL|rdkafka#producer-154| [thrd:127.0.0.1:39092/bootstrap]: 127.0.0.1:39092/bootstrap: Connect to ipv4#127.0.0.1:39092 failed: Unknown error (after 2020ms in state CONNECT)&#xD;
%3|1758047507.461|ERROR|rdkafka#producer-154| [thrd:127.0.0.1:39092/bootstrap]: 1/1 brokers are down&#xD;
%3|1758047507.462|ERROR|rdkafka#producer-154| [thrd:app]: rdkafka#producer-154: 127.0.0.1:39092/bootstrap: Connect to ipv4#127.0.0.1:39092 failed: Unknown error (after 2020ms in state CONNECT)&#xD;
fail: Streamiz.Kafka.Net.Kafka.KafkaLoggerAdapter[0]&#xD;
      stream-thread[.NET Long Running Task] Error admin ksql-dsl-app-rocks_to_list_ticks-5800c4b2-81e9-4e38-bc2d-66bedf5b280a-streamiz-admin#producer-62 - 127.0.0.1:39092/1: Connect to ipv4#127.0.0.1:39092 failed: Unknown error (after 2040ms in state CONNECT, 10 identical error(s) suppressed)&#xD;
fail: Streamiz.Kafka.Net.Kafka.KafkaLoggerAdapter[0]&#xD;
      stream-thread[.NET Long Running Task] Error admin ksql-dsl-app-rocks_to_list_ticks-5800c4b2-81e9-4e38-bc2d-66bedf5b280a-stream-thread-0#producer-64 - 127.0.0.1:39092/1: Connect to ipv4#127.0.0.1:39092 failed: Unknown error (after 2040ms in state CONNECT, 10 identical error(s) suppressed)&#xD;
%3|1758047508.528|FAIL|ksql-dsl-client-admin#producer-2| [thrd:127.0.0.1:39092/1]: 127.0.0.1:39092/1: Connect to ipv4#127.0.0.1:39092 failed: Unknown error (after 2039ms in state CONNECT, 10 identical error(s) suppressed)&#xD;
%3|1758047508.528|ERROR|ksql-dsl-client-admin#producer-2| [thrd:app]: ksql-dsl-client-admin#producer-2: 127.0.0.1:39092/1: Connect to ipv4#127.0.0.1:39092 failed: Unknown error (after 2039ms in state CONNECT, 10 identical error(s) suppressed)&#xD;
%3|1758047508.761|FAIL|ksql-dsl-client-admin#producer-44| [thrd:127.0.0.1:39092/1]: 127.0.0.1:39092/1: Connect to ipv4#127.0.0.1:39092 failed: Unknown error (after 2054ms in state CONNECT, 11 identical error(s) suppressed)&#xD;
%3|1758047508.761|ERROR|ksql-dsl-client-admin#producer-44| [thrd:app]: ksql-dsl-client-admin#producer-44: 127.0.0.1:39092/1: Connect to ipv4#127.0.0.1:39092 failed: Unknown error (after 2054ms in state CONNECT, 11 identical error(s) suppressed)&#xD;
%3|1758047508.886|FAIL|ksql-dsl-client-admin#producer-16| [thrd:127.0.0.1:39092/1]: 127.0.0.1:39092/1: Connect to ipv4#127.0.0.1:39092 failed: Unknown error (after 2037ms in state CONNECT, 10 identical error(s) suppressed)&#xD;
%3|1758047508.886|ERROR|ksql-dsl-client-admin#producer-16| [thrd:app]: ksql-dsl-client-admin#producer-16: 127.0.0.1:39092/1: Connect to ipv4#127.0.0.1:39092 failed: Unknown error (after 2037ms in state CONNECT, 10 identical error(s) suppressed)&#xD;
%3|1758047509.212|FAIL|ksql-dsl-client-admin#producer-14| [thrd:127.0.0.1:39092/1]: 127.0.0.1:39092/1: Connect to ipv4#127.0.0.1:39092 failed: Unknown error (after 2053ms in state CONNECT, 10 identical error(s) suppressed)&#xD;
%3|1758047509.212|FAIL|ksql-dsl-client-admin#producer-4| [thrd:127.0.0.1:39092/1]: 127.0.0.1:39092/1: Connect to ipv4#127.0.0.1:39092 failed: Unknown error (after 2053ms in state CONNECT, 10 identical error(s) suppressed)&#xD;
%3|1758047509.212|ERROR|ksql-dsl-client-admin#producer-14| [thrd:app]: ksql-dsl-client-admin#producer-14: 127.0.0.1:39092/1: Connect to ipv4#127.0.0.1:39092 failed: Unknown error (after 2053ms in state CONNECT, 10 identical error(s) suppressed)&#xD;
%3|1758047509.212|ERROR|ksql-dsl-client-admin#producer-4| [thrd:app]: ksql-dsl-client-admin#producer-4: 127.0.0.1:39092/1: Connect to ipv4#127.0.0.1:39092 failed: Unknown error (after 2053ms in state CONNECT, 10 identical error(s) suppressed)&#xD;
%3|1758047509.540|FAIL|ksql-dsl-client-admin#producer-2| [thrd:127.0.0.1:39092/bootstrap]: 127.0.0.1:39092/bootstrap: Connect to ipv4#127.0.0.1:39092 failed: Unknown error (after 2047ms in state CONNECT, 10 identical error(s) suppressed)&#xD;
%3|1758047509.540|ERROR|ksql-dsl-client-admin#producer-2| [thrd:app]: ksql-dsl-client-admin#producer-2: 127.0.0.1:39092/bootstrap: Connect to ipv4#127.0.0.1:39092 failed: Unknown error (after 2047ms in state CONNECT, 10 identical error(s) suppressed)&#xD;
%3|1758047509.760|FAIL|ksql-dsl-client-admin#producer-44| [thrd:127.0.0.1:39092/bootstrap]: 127.0.0.1:39092/bootstrap: Connect to ipv4#127.0.0.1:39092 failed: Unknown error (after 2040ms in state CONNECT, 10 identical error(s) suppressed)&#xD;
%3|1758047509.760|ERROR|ksql-dsl-client-admin#producer-44| [thrd:app]: ksql-dsl-client-admin#producer-44: 127.0.0.1:39092/bootstrap: Connect to ipv4#127.0.0.1:39092 failed: Unknown error (after 2040ms in state CONNECT, 10 identical error(s) suppressed)&#xD;
%3|1758047509.915|FAIL|ksql-dsl-client-admin#producer-16| [thrd:127.0.0.1:39092/bootstrap]: 127.0.0.1:39092/bootstrap: Connect to ipv4#127.0.0.1:39092 failed: Unknown error (after 2055ms in state CONNECT, 10 identical error(s) suppressed)&#xD;
%3|1758047509.915|ERROR|ksql-dsl-client-admin#producer-16| [thrd:app]: ksql-dsl-client-admin#producer-16: 127.0.0.1:39092/bootstrap: Connect to ipv4#127.0.0.1:39092 failed: Unknown error (after 2055ms in state CONNECT, 10 identical error(s) suppressed)&#xD;
%3|1758047511.143|FAIL|ksql-dsl-client-admin#producer-69| [thrd:127.0.0.1:39092/1]: 127.0.0.1:39092/1: Connect to ipv4#127.0.0.1:39092 failed: Unknown error (after 2055ms in state CONNECT, 10 identical error(s) suppressed)&#xD;
%3|1758047511.143|ERROR|ksql-dsl-client-admin#producer-69| [thrd:app]: ksql-dsl-client-admin#producer-69: 127.0.0.1:39092/1: Connect to ipv4#127.0.0.1:39092 failed: Unknown error (after 2055ms in state CONNECT, 10 identical error(s) suppressed)&#xD;
%3|1758047511.608|FAIL|rdkafka#producer-155| [thrd:127.0.0.1:39092/bootstrap]: 127.0.0.1:39092/bootstrap: Connect to ipv4#127.0.0.1:39092 failed: Unknown error (after 2051ms in state CONNECT)&#xD;
%3|1758047511.608|ERROR|rdkafka#producer-155| [thrd:127.0.0.1:39092/bootstrap]: 1/1 brokers are down&#xD;
%3|1758047511.608|ERROR|rdkafka#producer-155| [thrd:app]: rdkafka#producer-155: 127.0.0.1:39092/bootstrap: Connect to ipv4#127.0.0.1:39092 failed: Unknown error (after 2051ms in state CONNECT)&#xD;
%3|1758047513.167|FAIL|ksql-dsl-client-admin#producer-69| [thrd:127.0.0.1:39092/bootstrap]: 127.0.0.1:39092/bootstrap: Connect to ipv4#127.0.0.1:39092 failed: Unknown error (after 2055ms in state CONNECT, 10 identical error(s) suppressed)&#xD;
%3|1758047513.167|ERROR|ksql-dsl-client-admin#producer-69| [thrd:app]: ksql-dsl-client-admin#producer-69: 127.0.0.1:39092/bootstrap: Connect to ipv4#127.0.0.1:39092 failed: Unknown error (after 2055ms in state CONNECT, 10 identical error(s) suppressed)&#xD;
%3|1758047513.245|FAIL|ksql-dsl-client-admin#producer-14| [thrd:127.0.0.1:39092/bootstrap]: 127.0.0.1:39092/bootstrap: Connect to ipv4#127.0.0.1:39092 failed: Unknown error (after 2040ms in state CONNECT, 10 identical error(s) suppressed)&#xD;
%3|1758047513.245|ERROR|ksql-dsl-client-admin#producer-14| [thrd:app]: ksql-dsl-client-admin#producer-14: 127.0.0.1:39092/bootstrap: Connect to ipv4#127.0.0.1:39092 failed: Unknown error (after 2040ms in state CONNECT, 10 identical error(s) suppressed)&#xD;
%3|1758047513.260|FAIL|ksql-dsl-client-admin#producer-4| [thrd:127.0.0.1:39092/bootstrap]: 127.0.0.1:39092/bootstrap: Connect to ipv4#127.0.0.1:39092 failed: Unknown error (after 2055ms in state CONNECT, 10 identical error(s) suppressed)&#xD;
%3|1758047513.260|ERROR|ksql-dsl-client-admin#producer-4| [thrd:app]: ksql-dsl-client-admin#producer-4: 127.0.0.1:39092/bootstrap: Connect to ipv4#127.0.0.1:39092 failed: Unknown error (after 2055ms in state CONNECT, 10 identical error(s) suppressed)&#xD;
%3|1758047515.766|FAIL|rdkafka#producer-156| [thrd:127.0.0.1:39092/bootstrap]: 127.0.0.1:39092/bootstrap: Connect to ipv4#127.0.0.1:39092 failed: Unknown error (after 2051ms in state CONNECT)&#xD;
%3|1758047515.766|ERROR|rdkafka#producer-156| [thrd:127.0.0.1:39092/bootstrap]: 1/1 brokers are down&#xD;
%3|1758047515.766|ERROR|rdkafka#producer-156| [thrd:app]: rdkafka#producer-156: 127.0.0.1:39092/bootstrap: Connect to ipv4#127.0.0.1:39092 failed: Unknown error (after 2051ms in state CONNECT)&#xD;
fail: Streamiz.Kafka.Net.Kafka.KafkaLoggerAdapter[0]&#xD;
      stream-thread[ksql-dsl-app-rocks_to_list_ticks-5800c4b2-81e9-4e38-bc2d-66bedf5b280a-stream-thread-0] Error consumer ksql-dsl-app-rocks_to_list_ticks-5800c4b2-81e9-4e38-bc2d-66bedf5b280a-StreamThread-0-streamiz-consumer#consumer-66 - 127.0.0.1:39092/bootstrap: Connect to ipv4#127.0.0.1:39092 failed: Unknown error (after 2051ms in state CONNECT, 15 identical error(s) suppressed)&#xD;
[xUnit.net 00:17:31.94]       System.TimeoutException : Kafka not reachable at 127.0.0.1:39092&#xD;
[xUnit.net 00:17:31.94]       Stack Trace:&#xD;
[xUnit.net 00:17:31.94]         C:\dev\experimental\physicalTests\Env\Health.cs(20,0): at PhysicalTestEnv.Health.WaitForKafkaAsync(String bootstrapServers, Nullable`1 timeout)&#xD;
[xUnit.net 00:17:31.94]         C:\dev\experimental\physicalTests\Connectivity\SchemaRegistryResetTests.cs(195,0): at Kafka.Ksql.Linq.Tests.Integration.EnvSchemaRegistryResetTests.SetupAsync()&#xD;
[xUnit.net 00:17:31.94]         C:\dev\experimental\physicalTests\Connectivity\SchemaRegistryResetTests.cs(89,0): at Kafka.Ksql.Linq.Tests.Integration.SchemaRegistryResetTests.DuplicateSchemaRegistration_ShouldSucceed()&#xD;
[xUnit.net 00:17:31.94]         --- End of stack trace from previous location ---&#xD;
%3|1758047519.897|FAIL|ksql-dsl-client-admin#producer-157| [thrd:127.0.0.1:39092/bootstrap]: 127.0.0.1:39092/bootstrap: Connect to ipv4#127.0.0.1:39092 failed: Unknown error (after 2026ms in state CONNECT)&#xD;
%3|1758047519.897|ERROR|ksql-dsl-client-admin#producer-157| [thrd:127.0.0.1:39092/bootstrap]: 1/1 brokers are down&#xD;
%3|1758047519.897|ERROR|ksql-dsl-client-admin#producer-157| [thrd:app]: ksql-dsl-client-admin#producer-157: 127.0.0.1:39092/bootstrap: Connect to ipv4#127.0.0.1:39092 failed: Unknown error (after 2026ms in state CONNECT)&#xD;
fail: Kafka.Ksql.Linq.KsqlContext[0]&#xD;
      KsqlContext initialization failed: [http://127.0.0.1:18081/] HttpRequestException: �Ώۂ̃R���s���[�^�[�ɂ���ċ��ۂ��ꂽ���߁A�ڑ��ł��܂���ł����B (127.0.0.1:18081) &#xD;
      System.Net.Http.HttpRequestException: [http://127.0.0.1:18081/] HttpRequestException: �Ώۂ̃R���s���[�^�[�ɂ���ċ��ۂ��ꂽ���߁A�ڑ��ł��܂���ł����B (127.0.0.1:18081)&#xD;
         at Confluent.SchemaRegistry.RestService.ExecuteOnOneInstanceAsync(Func`1 createRequest)&#xD;
         at Confluent.SchemaRegistry.RestService.RequestAsync[T](String endPoint, HttpMethod method, Object[] jsonBody)&#xD;
         at Confluent.SchemaRegistry.RestService.GetLatestSchemaAsync(String subject)&#xD;
         at Confluent.SchemaRegistry.CachedSchemaRegistryClient.GetLatestSchemaAsync(String subject)&#xD;
         at Kafka.Ksql.Linq.SchemaRegistryTools.SchemaRegistryExtensions.RegisterSchemaIfNewAsync(ISchemaRegistryClient client, String subject, String schema)&#xD;
         at Kafka.Ksql.Linq.KsqlContext.RegisterSchemasAndMaterializeAsync()&#xD;
         at Kafka.Ksql.Linq.KsqlContext.InitializeWithSchemaRegistration()&#xD;
         at Kafka.Ksql.Linq.KsqlContext.InitializeCore(ILoggerFactory loggerFactory)&#xD;
[xUnit.net 00:17:33.98]       System.Net.Http.HttpRequestException : [http://127.0.0.1:18081/] HttpRequestException: 対象のコンピューターによって拒否されたため、接続できませんでした。 (127.0.0.1:18081)&#xD;
[xUnit.net 00:17:33.98]       Stack Trace:&#xD;
[xUnit.net 00:17:33.98]            at Confluent.SchemaRegistry.RestService.ExecuteOnOneInstanceAsync(Func`1 createRequest)&#xD;
[xUnit.net 00:17:33.98]            at Confluent.SchemaRegistry.RestService.RequestAsync[T](String endPoint, HttpMethod method, Object[] jsonBody)&#xD;
[xUnit.net 00:17:33.98]            at Confluent.SchemaRegistry.RestService.GetLatestSchemaAsync(String subject)&#xD;
[xUnit.net 00:17:33.98]            at Confluent.SchemaRegistry.CachedSchemaRegistryClient.GetLatestSchemaAsync(String subject)&#xD;
[xUnit.net 00:17:33.98]            at Kafka.Ksql.Linq.SchemaRegistryTools.SchemaRegistryExtensions.RegisterSchemaIfNewAsync(ISchemaRegistryClient client, String subject, String schema)&#xD;
[xUnit.net 00:17:33.98]            at Kafka.Ksql.Linq.KsqlContext.RegisterSchemasAndMaterializeAsync()&#xD;
[xUnit.net 00:17:33.98]            at Kafka.Ksql.Linq.KsqlContext.InitializeWithSchemaRegistration()&#xD;
[xUnit.net 00:17:33.98]            at Kafka.Ksql.Linq.KsqlContext.InitializeCore(ILoggerFactory loggerFactory)&#xD;
[xUnit.net 00:17:33.98]            at Kafka.Ksql.Linq.KsqlContext..ctor(KsqlDslOptions options, ILoggerFactory loggerFactory)&#xD;
[xUnit.net 00:17:33.98]         C:\dev\experimental\physicalTests\OssSamples\BarDslLongRunTests.cs(41,0): at Kafka.Ksql.Linq.Tests.Integration.BarDslLongRunTests.TestContext..ctor()&#xD;
[xUnit.net 00:17:33.98]         C:\dev\experimental\physicalTests\OssSamples\BarDslLongRunTests.cs(72,0): at Kafka.Ksql.Linq.Tests.Integration.BarDslLongRunTests.LongRun_1h_Ohlc_And_Grace_Verify()&#xD;
[xUnit.net 00:17:33.98]         --- End of stack trace from previous location ---&#xD;
[ConsumerConfig] topic=orders group=default-group enableAutoCommit=True autoOffsetReset=Latest&#xD;
[ConsumeInternal] subscribed topic=orders group=default-group autoCommit=True&#xD;
[ConsumerConfig] topic=orders group=default-group enableAutoCommit=True autoOffsetReset=Latest&#xD;
[ConsumeInternal] subscribed topic=orders group=default-group autoCommit=True&#xD;
fail: Streamiz.Kafka.Net.Kafka.KafkaLoggerAdapter[0]&#xD;
      stream-thread[ksql-dsl-app-rocks_to_list_ticks-5800c4b2-81e9-4e38-bc2d-66bedf5b280a-stream-thread-0] Error consumer ksql-dsl-app-rocks_to_list_ticks-5800c4b2-81e9-4e38-bc2d-66bedf5b280a-StreamThread-0-streamiz-consumer#consumer-66 - GroupCoordinator: 127.0.0.1:39092: Connect to ipv4#127.0.0.1:39092 failed: Unknown error (after 2038ms in state CONNECT, 3 identical error(s) suppressed)&#xD;
%3|1758047522.089|FAIL|ksql-dsl-client-admin#producer-158| [thrd:127.0.0.1:39092/bootstrap]: 127.0.0.1:39092/bootstrap: Connect to ipv4#127.0.0.1:39092 failed: Unknown error (after 2028ms in state CONNECT)&#xD;
%3|1758047522.089|ERROR|ksql-dsl-client-admin#producer-158| [thrd:127.0.0.1:39092/bootstrap]: 1/1 brokers are down&#xD;
%3|1758047522.089|ERROR|ksql-dsl-client-admin#producer-158| [thrd:app]: ksql-dsl-client-admin#producer-158: 127.0.0.1:39092/bootstrap: Connect to ipv4#127.0.0.1:39092 failed: Unknown error (after 2028ms in state CONNECT)&#xD;
%3|1758047522.941|FAIL|ksql-dsl-client-admin#producer-157| [thrd:127.0.0.1:39092/bootstrap]: 127.0.0.1:39092/bootstrap: Connect to ipv4#127.0.0.1:39092 failed: Unknown error (after 2045ms in state CONNECT, 1 identical error(s) suppressed)&#xD;
%3|1758047522.941|ERROR|ksql-dsl-client-admin#producer-157| [thrd:app]: ksql-dsl-client-admin#producer-157: 127.0.0.1:39092/bootstrap: Connect to ipv4#127.0.0.1:39092 failed: Unknown error (after 2045ms in state CONNECT, 1 identical error(s) suppressed)&#xD;
%3|1758047524.605|FAIL|ksql-dsl-client-admin#producer-161| [thrd:127.0.0.1:39092/bootstrap]: 127.0.0.1:39092/bootstrap: Connect to ipv4#127.0.0.1:39092 failed: Unknown error (after 2026ms in state CONNECT)&#xD;
%3|1758047524.605|ERROR|ksql-dsl-client-admin#producer-161| [thrd:127.0.0.1:39092/bootstrap]: 1/1 brokers are down&#xD;
%3|1758047524.605|ERROR|ksql-dsl-client-admin#producer-161| [thrd:app]: ksql-dsl-client-admin#producer-161: 127.0.0.1:39092/bootstrap: Connect to ipv4#127.0.0.1:39092 failed: Unknown error (after 2026ms in state CONNECT)&#xD;
%3|1758047524.621|FAIL|ksql-dsl-client#producer-162| [thrd:127.0.0.1:39092/bootstrap]: 127.0.0.1:39092/bootstrap: Connect to ipv4#127.0.0.1:39092 failed: Unknown error (after 2039ms in state CONNECT)&#xD;
%3|1758047524.621|ERROR|ksql-dsl-client#producer-162| [thrd:127.0.0.1:39092/bootstrap]: 1/1 brokers are down&#xD;
%3|1758047524.621|ERROR|ksql-dsl-client#producer-162| [thrd:app]: ksql-dsl-client#producer-162: 127.0.0.1:39092/bootstrap: Connect to ipv4#127.0.0.1:39092 failed: Unknown error (after 2039ms in state CONNECT)&#xD;
[ConsumerConfig] topic=orders group=default-group enableAutoCommit=True autoOffsetReset=Latest&#xD;
[ConsumeInternal] subscribed topic=orders group=default-group autoCommit=True&#xD;
fail: Streamiz.Kafka.Net.Kafka.KafkaLoggerAdapter[0]&#xD;
      stream-thread[ksql-dsl-app-rocks_to_list_ticks-5800c4b2-81e9-4e38-bc2d-66bedf5b280a-stream-thread-0] Error consumer ksql-dsl-app-rocks_to_list_ticks-5800c4b2-81e9-4e38-bc2d-66bedf5b280a-StreamThread-0-streamiz-consumer#consumer-66 - 127.0.0.1:39092/1: Connect to ipv4#127.0.0.1:39092 failed: Unknown error (after 2029ms in state CONNECT, 15 identical error(s) suppressed)&#xD;
%3|1758047528.475|FAIL|ksql-dsl-client#producer-166| [thrd:127.0.0.1:39092/bootstrap]: 127.0.0.1:39092/bootstrap: Connect to ipv4#127.0.0.1:39092 failed: Unknown error (after 2028ms in state CONNECT)&#xD;
%3|1758047528.475|ERROR|ksql-dsl-client#producer-166| [thrd:127.0.0.1:39092/bootstrap]: 1/1 brokers are down&#xD;
%3|1758047528.475|ERROR|ksql-dsl-client#producer-166| [thrd:app]: ksql-dsl-client#producer-166: 127.0.0.1:39092/bootstrap: Connect to ipv4#127.0.0.1:39092 failed: Unknown error (after 2028ms in state CONNECT)&#xD;
%3|1758047528.491|FAIL|ksql-dsl-client-admin#producer-165| [thrd:127.0.0.1:39092/bootstrap]: 127.0.0.1:39092/bootstrap: Connect to ipv4#127.0.0.1:39092 failed: Unknown error (after 2045ms in state CONNECT)&#xD;
%3|1758047528.491|ERROR|ksql-dsl-client-admin#producer-165| [thrd:127.0.0.1:39092/bootstrap]: 1/1 brokers are down&#xD;
%3|1758047528.491|ERROR|ksql-dsl-client-admin#producer-165| [thrd:app]: ksql-dsl-client-admin#producer-165: 127.0.0.1:39092/bootstrap: Connect to ipv4#127.0.0.1:39092 failed: Unknown error (after 2045ms in state CONNECT)&#xD;
[ConsumerConfig] topic=orders_srvdown group=default-group enableAutoCommit=True autoOffsetReset=Latest&#xD;
[ConsumeInternal] subscribed topic=orders_srvdown group=default-group autoCommit=True&#xD;
%3|1758047530.915|FAIL|ksql-dsl-client#consumer-168| [thrd:127.0.0.1:39092/bootstrap]: 127.0.0.1:39092/bootstrap: Connect to ipv4#127.0.0.1:39092 failed: Unknown error (after 2050ms in state CONNECT)&#xD;
%3|1758047530.915|FAIL|ksql-dsl-client-admin#producer-167| [thrd:127.0.0.1:39092/bootstrap]: 127.0.0.1:39092/bootstrap: Connect to ipv4#127.0.0.1:39092 failed: Unknown error (after 2052ms in state CONNECT)&#xD;
%3|1758047530.915|ERROR|ksql-dsl-client#consumer-168| [thrd:app]: ksql-dsl-client#consumer-168: 127.0.0.1:39092/bootstrap: Connect to ipv4#127.0.0.1:39092 failed: Unknown error (after 2050ms in state CONNECT)&#xD;
%3|1758047530.916|ERROR|ksql-dsl-client-admin#producer-167| [thrd:127.0.0.1:39092/bootstrap]: 1/1 brokers are down&#xD;
%3|1758047530.916|ERROR|ksql-dsl-client-admin#producer-167| [thrd:app]: ksql-dsl-client-admin#producer-167: 127.0.0.1:39092/bootstrap: Connect to ipv4#127.0.0.1:39092 failed: Unknown error (after 2052ms in state CONNECT)&#xD;
%3|1758047530.915|ERROR|ksql-dsl-client#consumer-168| [thrd:127.0.0.1:39092/bootstrap]: 1/1 brokers are down&#xD;
%3|1758047533.019|FAIL|ksql-dsl-client#consumer-168| [thrd:127.0.0.1:39092/bootstrap]: 127.0.0.1:39092/bootstrap: Connect to ipv4#127.0.0.1:39092 failed: Unknown error (after 2041ms in state CONNECT, 1 identical error(s) suppressed)&#xD;
%3|1758047533.019|ERROR|ksql-dsl-client#consumer-168| [thrd:app]: ksql-dsl-client#consumer-168: 127.0.0.1:39092/bootstrap: Connect to ipv4#127.0.0.1:39092 failed: Unknown error (after 2041ms in state CONNECT, 1 identical error(s) suppressed)&#xD;
%3|1758047533.925|FAIL|ksql-dsl-client-admin#producer-167| [thrd:127.0.0.1:39092/bootstrap]: 127.0.0.1:39092/bootstrap: Connect to ipv4#127.0.0.1:39092 failed: Unknown error (after 2040ms in state CONNECT, 1 identical error(s) suppressed)&#xD;
%3|1758047533.925|ERROR|ksql-dsl-client-admin#producer-167| [thrd:app]: ksql-dsl-client-admin#producer-167: 127.0.0.1:39092/bootstrap: Connect to ipv4#127.0.0.1:39092 failed: Unknown error (after 2040ms in state CONNECT, 1 identical error(s) suppressed)&#xD;
fail: Streamiz.Kafka.Net.Kafka.KafkaLoggerAdapter[0]&#xD;
      stream-thread[.NET Long Running Task] Error producer ksql-dsl-app-rocks_to_list_ticks-5800c4b2-81e9-4e38-bc2d-66bedf5b280a-stream-thread-0-streamiz-producer#producer-65 - 127.0.0.1:39092/1: Connect to ipv4#127.0.0.1:39092 failed: Unknown error (after 2042ms in state CONNECT, 12 identical error(s) suppressed)&#xD;
fail: Streamiz.Kafka.Net.Kafka.KafkaLoggerAdapter[0]&#xD;
      stream-thread[.NET Long Running Task] Error producer ksql-dsl-app-rocks_to_list_ticks-5800c4b2-81e9-4e38-bc2d-66bedf5b280a-stream-thread-0-streamiz-producer#producer-65 - 127.0.0.1:39092/bootstrap: Connect to ipv4#127.0.0.1:39092 failed: Unknown error (after 2043ms in state CONNECT, 12 identical error(s) suppressed)&#xD;
fail: Streamiz.Kafka.Net.Kafka.KafkaLoggerAdapter[0]&#xD;
      stream-thread[.NET Long Running Task] Error admin ksql-dsl-app-rocks_to_list_ticks-5800c4b2-81e9-4e38-bc2d-66bedf5b280a-stream-thread-0#producer-64 - 127.0.0.1:39092/bootstrap: Connect to ipv4#127.0.0.1:39092 failed: Unknown error (after 2058ms in state CONNECT, 10 identical error(s) suppressed)&#xD;
fail: Streamiz.Kafka.Net.Kafka.KafkaLoggerAdapter[0]&#xD;
      stream-thread[.NET Long Running Task] Error admin ksql-dsl-app-rocks_to_list_ticks-5800c4b2-81e9-4e38-bc2d-66bedf5b280a-streamiz-admin#producer-62 - 127.0.0.1:39092/bootstrap: Connect to ipv4#127.0.0.1:39092 failed: Unknown error (after 2073ms in state CONNECT, 10 identical error(s) suppressed)&#xD;
fail: Streamiz.Kafka.Net.Kafka.KafkaLoggerAdapter[0]&#xD;
      stream-thread[.NET Long Running Task] Error admin ksql-dsl-app-rocks_to_list_ticks-5800c4b2-81e9-4e38-bc2d-66bedf5b280a-streamiz-admin#producer-62 - 127.0.0.1:39092/1: Connect to ipv4#127.0.0.1:39092 failed: Unknown error (after 2052ms in state CONNECT, 10 identical error(s) suppressed)&#xD;
fail: Streamiz.Kafka.Net.Kafka.KafkaLoggerAdapter[0]&#xD;
      stream-thread[.NET Long Running Task] Error admin ksql-dsl-app-rocks_to_list_ticks-5800c4b2-81e9-4e38-bc2d-66bedf5b280a-stream-thread-0#producer-64 - 127.0.0.1:39092/1: Connect to ipv4#127.0.0.1:39092 failed: Unknown error (after 2052ms in state CONNECT, 10 identical error(s) suppressed)&#xD;
%3|1758047538.864|FAIL|ksql-dsl-client-admin#producer-2| [thrd:127.0.0.1:39092/1]: 127.0.0.1:39092/1: Connect to ipv4#127.0.0.1:39092 failed: Unknown error (after 2068ms in state CONNECT, 10 identical error(s) suppressed)&#xD;
%3|1758047538.864|ERROR|ksql-dsl-client-admin#producer-2| [thrd:app]: ksql-dsl-client-admin#producer-2: 127.0.0.1:39092/1: Connect to ipv4#127.0.0.1:39092 failed: Unknown error (after 2068ms in state CONNECT, 10 identical error(s) suppressed)&#xD;
%3|1758047539.067|FAIL|ksql-dsl-client-admin#producer-44| [thrd:127.0.0.1:39092/1]: 127.0.0.1:39092/1: Connect to ipv4#127.0.0.1:39092 failed: Unknown error (after 2053ms in state CONNECT, 10 identical error(s) suppressed)&#xD;
%3|1758047539.067|ERROR|ksql-dsl-client-admin#producer-44| [thrd:app]: ksql-dsl-client-admin#producer-44: 127.0.0.1:39092/1: Connect to ipv4#127.0.0.1:39092 failed: Unknown error (after 2053ms in state CONNECT, 10 identical error(s) suppressed)&#xD;
%3|1758047539.223|FAIL|ksql-dsl-client-admin#producer-16| [thrd:127.0.0.1:39092/1]: 127.0.0.1:39092/1: Connect to ipv4#127.0.0.1:39092 failed: Unknown error (after 2053ms in state CONNECT, 10 identical error(s) suppressed)&#xD;
%3|1758047539.223|ERROR|ksql-dsl-client-admin#producer-16| [thrd:app]: ksql-dsl-client-admin#producer-16: 127.0.0.1:39092/1: Connect to ipv4#127.0.0.1:39092 failed: Unknown error (after 2053ms in state CONNECT, 10 identical error(s) suppressed)&#xD;
info: Streamiz.Kafka.Net.Processors.StreamThread[0]&#xD;
      Processed 0 total records, ran 0 punctuators and committed 0 total tasks since the last update&#xD;
%3|1758047539.564|FAIL|ksql-dsl-client-admin#producer-4| [thrd:127.0.0.1:39092/1]: 127.0.0.1:39092/1: Connect to ipv4#127.0.0.1:39092 failed: Unknown error (after 2051ms in state CONNECT, 10 identical error(s) suppressed)&#xD;
%3|1758047539.564|FAIL|ksql-dsl-client-admin#producer-14| [thrd:127.0.0.1:39092/1]: 127.0.0.1:39092/1: Connect to ipv4#127.0.0.1:39092 failed: Unknown error (after 2051ms in state CONNECT, 10 identical error(s) suppressed)&#xD;
%3|1758047539.564|ERROR|ksql-dsl-client-admin#producer-4| [thrd:app]: ksql-dsl-client-admin#producer-4: 127.0.0.1:39092/1: Connect to ipv4#127.0.0.1:39092 failed: Unknown error (after 2051ms in state CONNECT, 10 identical error(s) suppressed)&#xD;
%3|1758047539.564|ERROR|ksql-dsl-client-admin#producer-14| [thrd:app]: ksql-dsl-client-admin#producer-14: 127.0.0.1:39092/1: Connect to ipv4#127.0.0.1:39092 failed: Unknown error (after 2051ms in state CONNECT, 10 identical error(s) suppressed)&#xD;
%3|1758047539.862|FAIL|ksql-dsl-client-admin#producer-2| [thrd:127.0.0.1:39092/bootstrap]: 127.0.0.1:39092/bootstrap: Connect to ipv4#127.0.0.1:39092 failed: Unknown error (after 2054ms in state CONNECT, 10 identical error(s) suppressed)&#xD;
%3|1758047539.862|ERROR|ksql-dsl-client-admin#producer-2| [thrd:app]: ksql-dsl-client-admin#producer-2: 127.0.0.1:39092/bootstrap: Connect to ipv4#127.0.0.1:39092 failed: Unknown error (after 2054ms in state CONNECT, 10 identical error(s) suppressed)&#xD;
%3|1758047540.067|FAIL|ksql-dsl-client-admin#producer-44| [thrd:127.0.0.1:39092/bootstrap]: 127.0.0.1:39092/bootstrap: Connect to ipv4#127.0.0.1:39092 failed: Unknown error (after 2043ms in state CONNECT, 10 identical error(s) suppressed)&#xD;
%3|1758047540.067|ERROR|ksql-dsl-client-admin#producer-44| [thrd:app]: ksql-dsl-client-admin#producer-44: 127.0.0.1:39092/bootstrap: Connect to ipv4#127.0.0.1:39092 failed: Unknown error (after 2043ms in state CONNECT, 10 identical error(s) suppressed)&#xD;
%3|1758047540.236|FAIL|ksql-dsl-client-admin#producer-16| [thrd:127.0.0.1:39092/bootstrap]: 127.0.0.1:39092/bootstrap: Connect to ipv4#127.0.0.1:39092 failed: Unknown error (after 2056ms in state CONNECT, 10 identical error(s) suppressed)&#xD;
%3|1758047540.236|ERROR|ksql-dsl-client-admin#producer-16| [thrd:app]: ksql-dsl-client-admin#producer-16: 127.0.0.1:39092/bootstrap: Connect to ipv4#127.0.0.1:39092 failed: Unknown error (after 2056ms in state CONNECT, 10 identical error(s) suppressed)&#xD;
[xUnit.net 00:17:55.31]       System.InvalidOperationException : service "zookeeper" has no container to start
&#xD;
[xUnit.net 00:17:55.31]       Stack Trace:&#xD;
[xUnit.net 00:17:55.31]         C:\dev\experimental\physicalTests\DockerHelper.cs(66,0): at Kafka.Ksql.Linq.Tests.Integration.DockerHelper.RunAsync(String command)&#xD;
[xUnit.net 00:17:55.31]         C:\dev\experimental\physicalTests\DockerHelper.cs(36,0): at Kafka.Ksql.Linq.Tests.Integration.DockerHelper.StartServiceAsync(String service)&#xD;
[xUnit.net 00:17:55.31]         C:\dev\experimental\physicalTests\Connectivity\KafkaServiceDownTests.cs(95,0): at Kafka.Ksql.Linq.Tests.Integration.KafkaServiceDownTests.ForeachAsync_ShouldThrow_WhenKafkaIsDown()&#xD;
[xUnit.net 00:17:55.31]         C:\dev\experimental\physicalTests\Connectivity\KafkaServiceDownTests.cs(96,0): at Kafka.Ksql.Linq.Tests.Integration.KafkaServiceDownTests.ForeachAsync_ShouldThrow_WhenKafkaIsDown()&#xD;
[xUnit.net 00:17:55.31]         --- End of stack trace from previous location ---&#xD;
%3|1758047541.462|FAIL|ksql-dsl-client-admin#producer-69| [thrd:127.0.0.1:39092/1]: 127.0.0.1:39092/1: Connect to ipv4#127.0.0.1:39092 failed: Unknown error (after 2037ms in state CONNECT, 10 identical error(s) suppressed)&#xD;
%3|1758047541.462|ERROR|ksql-dsl-client-admin#producer-69| [thrd:app]: ksql-dsl-client-admin#producer-69: 127.0.0.1:39092/1: Connect to ipv4#127.0.0.1:39092 failed: Unknown error (after 2037ms in state CONNECT, 10 identical error(s) suppressed)&#xD;
%3|1758047543.444|FAIL|ksql-dsl-client-admin#producer-169| [thrd:127.0.0.1:39092/bootstrap]: 127.0.0.1:39092/bootstrap: Connect to ipv4#127.0.0.1:39092 failed: Unknown error (after 2040ms in state CONNECT)&#xD;
%3|1758047543.444|FAIL|ksql-dsl-client#producer-170| [thrd:127.0.0.1:39092/bootstrap]: 127.0.0.1:39092/bootstrap: Connect to ipv4#127.0.0.1:39092 failed: Unknown error (after 2039ms in state CONNECT)&#xD;
%3|1758047543.444|ERROR|ksql-dsl-client-admin#producer-169| [thrd:127.0.0.1:39092/bootstrap]: 1/1 brokers are down&#xD;
%3|1758047543.444|ERROR|ksql-dsl-client#producer-170| [thrd:127.0.0.1:39092/bootstrap]: 1/1 brokers are down&#xD;
%3|1758047543.444|ERROR|ksql-dsl-client-admin#producer-169| [thrd:app]: ksql-dsl-client-admin#producer-169: 127.0.0.1:39092/bootstrap: Connect to ipv4#127.0.0.1:39092 failed: Unknown error (after 2040ms in state CONNECT)&#xD;
%3|1758047543.445|ERROR|ksql-dsl-client#producer-170| [thrd:app]: ksql-dsl-client#producer-170: 127.0.0.1:39092/bootstrap: Connect to ipv4#127.0.0.1:39092 failed: Unknown error (after 2039ms in state CONNECT)&#xD;
%3|1758047543.461|FAIL|ksql-dsl-client-admin#producer-69| [thrd:127.0.0.1:39092/bootstrap]: 127.0.0.1:39092/bootstrap: Connect to ipv4#127.0.0.1:39092 failed: Unknown error (after 2029ms in state CONNECT, 10 identical error(s) suppressed)&#xD;
%3|1758047543.461|ERROR|ksql-dsl-client-admin#producer-69| [thrd:app]: ksql-dsl-client-admin#producer-69: 127.0.0.1:39092/bootstrap: Connect to ipv4#127.0.0.1:39092 failed: Unknown error (after 2029ms in state CONNECT, 10 identical error(s) suppressed)&#xD;
%3|1758047543.614|FAIL|ksql-dsl-client-admin#producer-14| [thrd:127.0.0.1:39092/bootstrap]: 127.0.0.1:39092/bootstrap: Connect to ipv4#127.0.0.1:39092 failed: Unknown error (after 2056ms in state CONNECT, 10 identical error(s) suppressed)&#xD;
%3|1758047543.614|FAIL|ksql-dsl-client-admin#producer-4| [thrd:127.0.0.1:39092/bootstrap]: 127.0.0.1:39092/bootstrap: Connect to ipv4#127.0.0.1:39092 failed: Unknown error (after 2056ms in state CONNECT, 10 identical error(s) suppressed)&#xD;
%3|1758047543.614|ERROR|ksql-dsl-client-admin#producer-4| [thrd:app]: ksql-dsl-client-admin#producer-4: 127.0.0.1:39092/bootstrap: Connect to ipv4#127.0.0.1:39092 failed: Unknown error (after 2056ms in state CONNECT, 10 identical error(s) suppressed)&#xD;
%3|1758047543.614|ERROR|ksql-dsl-client-admin#producer-14| [thrd:app]: ksql-dsl-client-admin#producer-14: 127.0.0.1:39092/bootstrap: Connect to ipv4#127.0.0.1:39092 failed: Unknown error (after 2056ms in state CONNECT, 10 identical error(s) suppressed)&#xD;
[xUnit.net 00:17:57.85]       System.InvalidOperationException : service "zookeeper" has no container to start
&#xD;
[xUnit.net 00:17:57.85]       Stack Trace:&#xD;
[xUnit.net 00:17:57.85]         C:\dev\experimental\physicalTests\DockerHelper.cs(66,0): at Kafka.Ksql.Linq.Tests.Integration.DockerHelper.RunAsync(String command)&#xD;
[xUnit.net 00:17:57.85]         C:\dev\experimental\physicalTests\DockerHelper.cs(36,0): at Kafka.Ksql.Linq.Tests.Integration.DockerHelper.StartServiceAsync(String service)&#xD;
[xUnit.net 00:17:57.85]         C:\dev\experimental\physicalTests\Connectivity\KafkaServiceDownTests.cs(66,0): at Kafka.Ksql.Linq.Tests.Integration.KafkaServiceDownTests.AddAsync_ShouldThrow_WhenKafkaIsDown()&#xD;
[xUnit.net 00:17:57.85]         C:\dev\experimental\physicalTests\Connectivity\KafkaServiceDownTests.cs(69,0): at Kafka.Ksql.Linq.Tests.Integration.KafkaServiceDownTests.AddAsync_ShouldThrow_WhenKafkaIsDown()&#xD;
[xUnit.net 00:17:57.85]         --- End of stack trace from previous location ---&#xD;
%3|1758047545.966|FAIL|ksql-dsl-client-admin#producer-171| [thrd:127.0.0.1:39092/bootstrap]: 127.0.0.1:39092/bootstrap: Connect to ipv4#127.0.0.1:39092 failed: Unknown error (after 2032ms in state CONNECT)&#xD;
%3|1758047545.966|ERROR|ksql-dsl-client-admin#producer-171| [thrd:127.0.0.1:39092/bootstrap]: 1/1 brokers are down&#xD;
%3|1758047545.966|ERROR|ksql-dsl-client-admin#producer-171| [thrd:app]: ksql-dsl-client-admin#producer-171: 127.0.0.1:39092/bootstrap: Connect to ipv4#127.0.0.1:39092 failed: Unknown error (after 2032ms in state CONNECT)&#xD;
[xUnit.net 00:18:00.37]       System.InvalidOperationException : service "zookeeper" has no container to start
&#xD;
[xUnit.net 00:18:00.37]       Stack Trace:&#xD;
[xUnit.net 00:18:00.37]         C:\dev\experimental\physicalTests\DockerHelper.cs(66,0): at Kafka.Ksql.Linq.Tests.Integration.DockerHelper.RunAsync(String command)&#xD;
[xUnit.net 00:18:00.37]         C:\dev\experimental\physicalTests\DockerHelper.cs(36,0): at Kafka.Ksql.Linq.Tests.Integration.DockerHelper.StartServiceAsync(String service)&#xD;
[xUnit.net 00:18:00.37]         C:\dev\experimental\physicalTests\Connectivity\KsqlDbServiceDownTests.cs(33,0): at Kafka.Ksql.Linq.Tests.Integration.KsqlDbServiceDownTests.ExecuteStatement_ShouldFail_WhenKsqlDbDown()&#xD;
[xUnit.net 00:18:00.37]         C:\dev\experimental\physicalTests\Connectivity\KsqlDbServiceDownTests.cs(34,0): at Kafka.Ksql.Linq.Tests.Integration.KsqlDbServiceDownTests.ExecuteStatement_ShouldFail_WhenKsqlDbDown()&#xD;
[xUnit.net 00:18:00.37]         --- End of stack trace from previous location ---&#xD;
[xUnit.net 00:18:00.37]   Finished:    Kafka.Ksql.Linq.Tests.Integration&#xD;
</StdOut>
    </Output>
    <RunInfos>
      <RunInfo computerName="SAGESOHO01" outcome="Error" timestamp="2025-09-17T03:16:20.4237389+09:00">
        <Text>[xUnit.net 00:01:54.50]     Kafka.Ksql.Linq.Tests.Integration.BarScheduleWeekendTests.WeekdaysOnly_DailyBars_With_MarketSchedule [FAIL]</Text>
      </RunInfo>
      <RunInfo computerName="SAGESOHO01" outcome="Error" timestamp="2025-09-17T03:18:55.1283495+09:00">
        <Text>[xUnit.net 00:04:29.20]     Kafka.Ksql.Linq.Tests.Integration.TimeBucketImportTumblingTests.Import_Ticks_Define_Tumbling_Query_Then_Extract_Bars_Via_TimeBucket [FAIL]</Text>
      </RunInfo>
      <RunInfo computerName="SAGESOHO01" outcome="Error" timestamp="2025-09-17T03:20:43.0758078+09:00">
        <Text>[xUnit.net 00:06:17.15]     Kafka.Ksql.Linq.Tests.Integration.BarDslMultiTierTests.MultiTier_1m_5m_15m_60m_Create_And_Ohlc_Sanity [FAIL]</Text>
      </RunInfo>
      <RunInfo computerName="SAGESOHO01" outcome="Error" timestamp="2025-09-17T03:23:19.2902678+09:00">
        <Text>[xUnit.net 00:08:53.37]     Kafka.Ksql.Linq.Tests.Integration.DlqIntegrationTests.ForEachAsync_OnErrorDlq_WritesToDlq [FAIL]</Text>
      </RunInfo>
      <RunInfo computerName="SAGESOHO01" outcome="Error" timestamp="2025-09-17T03:25:51.5140275+09:00">
        <Text>[xUnit.net 00:11:25.59]     Kafka.Ksql.Linq.Tests.Integration.SchemaNameCaseSensitivityTests.LowercaseField_ShouldSucceed [FAIL]</Text>
      </RunInfo>
      <RunInfo computerName="SAGESOHO01" outcome="Error" timestamp="2025-09-17T03:27:53.5797885+09:00">
        <Text>[xUnit.net 00:13:27.66]     Kafka.Ksql.Linq.Tests.Integration.SchemaRegistryResetTests.UpperCaseSubjects_ShouldNotExist [FAIL]</Text>
      </RunInfo>
      <RunInfo computerName="SAGESOHO01" outcome="Error" timestamp="2025-09-17T03:29:55.7340069+09:00">
        <Text>[xUnit.net 00:15:29.81]     Kafka.Ksql.Linq.Tests.Integration.SchemaRegistryResetTests.Setup_ShouldRegisterAllSchemas [FAIL]</Text>
      </RunInfo>
      <RunInfo computerName="SAGESOHO01" outcome="Error" timestamp="2025-09-17T03:31:57.8665755+09:00">
        <Text>[xUnit.net 00:17:31.94]     Kafka.Ksql.Linq.Tests.Integration.SchemaRegistryResetTests.DuplicateSchemaRegistration_ShouldSucceed [FAIL]</Text>
      </RunInfo>
      <RunInfo computerName="SAGESOHO01" outcome="Error" timestamp="2025-09-17T03:31:59.9009681+09:00">
        <Text>[xUnit.net 00:17:33.98]     Kafka.Ksql.Linq.Tests.Integration.BarDslLongRunTests.LongRun_1h_Ohlc_And_Grace_Verify [FAIL]</Text>
      </RunInfo>
      <RunInfo computerName="SAGESOHO01" outcome="Error" timestamp="2025-09-17T03:32:21.2350088+09:00">
        <Text>[xUnit.net 00:17:55.31]     Kafka.Ksql.Linq.Tests.Integration.KafkaServiceDownTests.ForeachAsync_ShouldThrow_WhenKafkaIsDown [FAIL]</Text>
      </RunInfo>
      <RunInfo computerName="SAGESOHO01" outcome="Error" timestamp="2025-09-17T03:32:23.7718473+09:00">
        <Text>[xUnit.net 00:17:57.85]     Kafka.Ksql.Linq.Tests.Integration.KafkaServiceDownTests.AddAsync_ShouldThrow_WhenKafkaIsDown [FAIL]</Text>
      </RunInfo>
      <RunInfo computerName="SAGESOHO01" outcome="Error" timestamp="2025-09-17T03:32:26.2956290+09:00">
        <Text>[xUnit.net 00:18:00.37]     Kafka.Ksql.Linq.Tests.Integration.KsqlDbServiceDownTests.ExecuteStatement_ShouldFail_WhenKsqlDbDown [FAIL]</Text>
      </RunInfo>
    </RunInfos>
  </ResultSummary>
</TestRun>