<?xml version="1.0" encoding="utf-8"?>
<TestRun id="3d8a84ef-58ab-4c65-936e-9a174fff99c3" name="seiji_yfc8940@SAGESOHO01 2025-09-20 20:35:39" runUser="SAGESOHO01\seiji_yfc8940" xmlns="http://microsoft.com/schemas/VisualStudio/TeamTest/2010">
  <Times creation="2025-09-20T20:35:39.9354390+09:00" queuing="2025-09-20T20:35:39.9354395+09:00" start="2025-09-20T20:35:36.9988512+09:00" finish="2025-09-20T20:35:39.9357737+09:00" />
  <TestSettings name="default" id="dea3b6cd-193c-40c0-bcbb-1c435a0e1d33">
    <Deployment runDeploymentRoot="seiji_yfc8940_SAGESOHO01_2025-09-20_20_35_39" />
  </TestSettings>
  <TestLists>
    <TestList name="一覧に存在しない結果" id="8c84fa94-04c1-424b-9868-57a2d4851a1d" />
    <TestList name="読み込まれたすべての結果" id="19431567-8539-422a-85d7-44ee4e166bda" />
  </TestLists>
  <ResultSummary outcome="Completed">
    <Counters total="0" executed="0" passed="0" failed="0" error="0" timeout="0" aborted="0" inconclusive="0" passedButRunAborted="0" notRunnable="0" notExecuted="0" disconnected="0" warning="0" completed="0" inProgress="0" pending="0" />
    <Output>
      <StdOut>[xUnit.net 00:00:00.00] xUnit.net VSTest Adapter v2.4.5+1caef2f33e (64-bit .NET 8.0.19)&#xD;
[xUnit.net 00:00:01.98]   Discovering: Kafka.Ksql.Linq.Tests&#xD;
[xUnit.net 00:00:02.09]   Discovered:  Kafka.Ksql.Linq.Tests&#xD;
[xUnit.net 00:00:02.09]   Starting:    Kafka.Ksql.Linq.Tests&#xD;
[xUnit.net 00:00:02.10]   Finished:    Kafka.Ksql.Linq.Tests&#xD;
</StdOut>
    </Output>
    <RunInfos>
      <RunInfo computerName="SAGESOHO01" outcome="Warning" timestamp="2025-09-20T20:35:39.8584501+09:00">
        <Text>指定のテストケース フィルター `Category=Integration` に一致するテストは C:\dev\ex2\experimental\tests\bin\Release\net8.0\Kafka.Ksql.Linq.Tests.dll にありません</Text>
      </RunInfo>
    </RunInfos>
  </ResultSummary>
</TestRun>