<?xml version="1.0" encoding="utf-8"?>
<TestRun id="8ef37bae-f98b-4a46-9d46-c188290232b4" name="@sagesoho01 2025-09-17 00:57:44" xmlns="http://microsoft.com/schemas/VisualStudio/TeamTest/2010">
  <Times creation="2025-09-17T00:57:44.9610187+09:00" queuing="2025-09-17T00:57:44.9610187+09:00" start="2025-09-17T00:55:57.7340390+09:00" finish="2025-09-17T00:57:44.9659093+09:00" />
  <TestSettings name="default" id="ad5c379e-362d-4332-bbe9-553c74f0c40d">
    <Deployment runDeploymentRoot="_sagesoho01_2025-09-17_00_57_44" />
  </TestSettings>
  <Results>
    <UnitTestResult executionId="0c878cec-5c19-4045-babf-67da018d3333" testId="d4f95360-fa20-03e1-5810-a5fd78838e0d" testName="Kafka.Ksql.Linq.Tests.Integration.TimeBucketImportTumblingTests.Import_Ticks_Define_Tumbling_Query_Then_Extract_Bars_Via_TimeBucket" computerName="sagesoho01" duration="00:01:38.1670953" startTime="2025-09-17T00:57:44.8651073+09:00" endTime="2025-09-17T00:57:44.8651208+09:00" testType="13cdc9d9-ddb5-4fa4-a97d-d965ccfc6d4b" outcome="Failed" testListId="8c84fa94-04c1-424b-9868-57a2d4851a1d" relativeResultsDirectory="0c878cec-5c19-4045-babf-67da018d3333">
      <Output>
        <ErrorInfo>
          <Message>System.TimeoutException : CTAS/CSAS query for bar_tbimp_1s_final_s did not reach RUNNING within 60s</Message>
          <StackTrace>   at Kafka.Ksql.Linq.KsqlContext.WaitForQueryRunningAsync(String targetEntityName, TimeSpan timeout) in /mnt/c/dev/experimental/src/KsqlContext.SchemaRegistration.cs:line 511
   at Kafka.Ksql.Linq.KsqlContext.WaitForDerivedQueriesRunningAsync(TimeSpan timeout) in /mnt/c/dev/experimental/src/KsqlContext.SchemaRegistration.cs:line 486
   at Kafka.Ksql.Linq.KsqlContext.EnsureQueryEntityDdlAsync(Type type, EntityModel model) in /mnt/c/dev/experimental/src/KsqlContext.SchemaRegistration.cs:line 335
   at Kafka.Ksql.Linq.KsqlContext.RegisterSchemasAndMaterializeAsync() in /mnt/c/dev/experimental/src/KsqlContext.SchemaRegistration.cs:line 129
   at Kafka.Ksql.Linq.KsqlContext.InitializeWithSchemaRegistration() in /mnt/c/dev/experimental/src/KsqlContext.SchemaRegistration.cs:line 28
   at Kafka.Ksql.Linq.KsqlContext.InitializeCore(ILoggerFactory loggerFactory) in /mnt/c/dev/experimental/src/KsqlContext.cs:line 131
   at Kafka.Ksql.Linq.KsqlContext..ctor(KsqlDslOptions options, ILoggerFactory loggerFactory) in /mnt/c/dev/experimental/src/KsqlContext.cs:line 95
   at Kafka.Ksql.Linq.Tests.Integration.TimeBucketImportTumblingTests.TestContext..ctor() in /mnt/c/dev/experimental/physicalTests/OssSamples/TimeBucketImportTumblingTests.cs:line 45
   at Kafka.Ksql.Linq.Tests.Integration.TimeBucketImportTumblingTests.Import_Ticks_Define_Tumbling_Query_Then_Extract_Bars_Via_TimeBucket() in /mnt/c/dev/experimental/physicalTests/OssSamples/TimeBucketImportTumblingTests.cs:line 139
--- End of stack trace from previous location ---</StackTrace>
        </ErrorInfo>
      </Output>
    </UnitTestResult>
  </Results>
  <TestDefinitions>
    <UnitTest name="Kafka.Ksql.Linq.Tests.Integration.TimeBucketImportTumblingTests.Import_Ticks_Define_Tumbling_Query_Then_Extract_Bars_Via_TimeBucket" storage="/mnt/c/dev/experimental/physicaltests/bin/release/net8.0/kafka.ksql.linq.tests.integration.dll" id="d4f95360-fa20-03e1-5810-a5fd78838e0d">
      <Execution id="0c878cec-5c19-4045-babf-67da018d3333" />
      <TestMethod codeBase="/mnt/c/dev/experimental/physicalTests/bin/Release/net8.0/Kafka.Ksql.Linq.Tests.Integration.dll" adapterTypeName="executor://xunit/VsTestRunner2/netcoreapp" className="Kafka.Ksql.Linq.Tests.Integration.TimeBucketImportTumblingTests" name="Import_Ticks_Define_Tumbling_Query_Then_Extract_Bars_Via_TimeBucket" />
    </UnitTest>
  </TestDefinitions>
  <TestEntries>
    <TestEntry testId="d4f95360-fa20-03e1-5810-a5fd78838e0d" executionId="0c878cec-5c19-4045-babf-67da018d3333" testListId="8c84fa94-04c1-424b-9868-57a2d4851a1d" />
  </TestEntries>
  <TestLists>
    <TestList name="Results Not in a List" id="8c84fa94-04c1-424b-9868-57a2d4851a1d" />
    <TestList name="All Loaded Results" id="19431567-8539-422a-85d7-44ee4e166bda" />
  </TestLists>
  <ResultSummary outcome="Failed">
    <Counters total="1" executed="1" passed="0" failed="1" error="0" timeout="0" aborted="0" inconclusive="0" passedButRunAborted="0" notRunnable="0" notExecuted="0" disconnected="0" warning="0" completed="0" inProgress="0" pending="0" />
    <Output>
      <StdOut>[xUnit.net 00:00:00.00] xUnit.net VSTest Adapter v2.5.6+bf9b858c26 (64-bit .NET 8.0.19)
[xUnit.net 00:00:00.20]   Discovering: Kafka.Ksql.Linq.Tests.Integration
[xUnit.net 00:00:00.26]   Discovered:  Kafka.Ksql.Linq.Tests.Integration
[xUnit.net 00:00:00.27]   Starting:    Kafka.Ksql.Linq.Tests.Integration
[xUnit.net 00:01:38.48]       System.TimeoutException : CTAS/CSAS query for bar_tbimp_1s_final_s did not reach RUNNING within 60s
[xUnit.net 00:01:38.48]       Stack Trace:
[xUnit.net 00:01:38.48]         /mnt/c/dev/experimental/src/KsqlContext.SchemaRegistration.cs(511,0): at Kafka.Ksql.Linq.KsqlContext.WaitForQueryRunningAsync(String targetEntityName, TimeSpan timeout)
[xUnit.net 00:01:38.48]         /mnt/c/dev/experimental/src/KsqlContext.SchemaRegistration.cs(486,0): at Kafka.Ksql.Linq.KsqlContext.WaitForDerivedQueriesRunningAsync(TimeSpan timeout)
[xUnit.net 00:01:38.48]         /mnt/c/dev/experimental/src/KsqlContext.SchemaRegistration.cs(335,0): at Kafka.Ksql.Linq.KsqlContext.EnsureQueryEntityDdlAsync(Type type, EntityModel model)
[xUnit.net 00:01:38.48]         /mnt/c/dev/experimental/src/KsqlContext.SchemaRegistration.cs(129,0): at Kafka.Ksql.Linq.KsqlContext.RegisterSchemasAndMaterializeAsync()
[xUnit.net 00:01:38.48]         /mnt/c/dev/experimental/src/KsqlContext.SchemaRegistration.cs(28,0): at Kafka.Ksql.Linq.KsqlContext.InitializeWithSchemaRegistration()
[xUnit.net 00:01:38.48]         /mnt/c/dev/experimental/src/KsqlContext.cs(131,0): at Kafka.Ksql.Linq.KsqlContext.InitializeCore(ILoggerFactory loggerFactory)
[xUnit.net 00:01:38.48]         /mnt/c/dev/experimental/src/KsqlContext.cs(95,0): at Kafka.Ksql.Linq.KsqlContext..ctor(KsqlDslOptions options, ILoggerFactory loggerFactory)
[xUnit.net 00:01:38.48]         /mnt/c/dev/experimental/physicalTests/OssSamples/TimeBucketImportTumblingTests.cs(45,0): at Kafka.Ksql.Linq.Tests.Integration.TimeBucketImportTumblingTests.TestContext..ctor()
[xUnit.net 00:01:38.48]         /mnt/c/dev/experimental/physicalTests/OssSamples/TimeBucketImportTumblingTests.cs(139,0): at Kafka.Ksql.Linq.Tests.Integration.TimeBucketImportTumblingTests.Import_Ticks_Define_Tumbling_Query_Then_Extract_Bars_Via_TimeBucket()
[xUnit.net 00:01:38.48]         --- End of stack trace from previous location ---
[xUnit.net 00:01:38.48]   Finished:    Kafka.Ksql.Linq.Tests.Integration
</StdOut>
    </Output>
    <RunInfos>
      <RunInfo computerName="sagesoho01" outcome="Error" timestamp="2025-09-17T00:57:44.8647637+09:00">
        <Text>[xUnit.net 00:01:38.47]     Kafka.Ksql.Linq.Tests.Integration.TimeBucketImportTumblingTests.Import_Ticks_Define_Tumbling_Query_Then_Extract_Bars_Via_TimeBucket [FAIL]</Text>
      </RunInfo>
    </RunInfos>
  </ResultSummary>
</TestRun>