<?xml version="1.0" encoding="utf-8"?>
<TestRun id="7a82f01f-4408-423a-8dcc-7741aaa07dbb" name="seiji_yfc8940@SAGESOHO01 2025-09-19 09:16:15" runUser="SAGESOHO01\seiji_yfc8940" xmlns="http://microsoft.com/schemas/VisualStudio/TeamTest/2010">
  <Times creation="2025-09-19T09:16:15.6565786+09:00" queuing="2025-09-19T09:16:15.6565787+09:00" start="2025-09-19T09:16:05.4829798+09:00" finish="2025-09-19T10:06:29.7684026+09:00" />
  <TestSettings name="default" id="347afe4c-3cdd-4f19-9374-d03438035693">
    <Deployment runDeploymentRoot="seiji_yfc8940_SAGESOHO01_2025-09-19_09_16_15" />
  </TestSettings>
  <Results>
    <UnitTestResult executionId="a25ff6cf-4bc3-4137-828a-dd00b6682bfd" testId="52a48a8d-aaad-2671-a532-2ce974e3f69a" testName="Kafka.Ksql.Linq.Tests.Integration.KafkaServiceDownTests.AddAsync_ShouldThrow_WhenKafkaIsDown" computerName="SAGESOHO01" duration="00:00:45.6405860" startTime="2025-09-19T10:06:18.9213541+09:00" endTime="2025-09-19T10:06:18.9213556+09:00" testType="13cdc9d9-ddb5-4fa4-a97d-d965ccfc6d4b" outcome="Passed" testListId="8c84fa94-04c1-424b-9868-57a2d4851a1d" relativeResultsDirectory="a25ff6cf-4bc3-4137-828a-dd00b6682bfd" />
    <UnitTestResult executionId="adcb59df-2920-4093-b953-7d5e958e9d6e" testId="f1c03cea-0557-e281-789b-44a1e9e61d2d" testName="Kafka.Ksql.Linq.Tests.Integration.DefaultAndBoundaryValueTests.DefaultValuesRoundTrip" computerName="SAGESOHO01" duration="00:00:27.3189623" startTime="2025-09-19T09:18:28.7456651+09:00" endTime="2025-09-19T09:18:28.7456653+09:00" testType="13cdc9d9-ddb5-4fa4-a97d-d965ccfc6d4b" outcome="Passed" testListId="8c84fa94-04c1-424b-9868-57a2d4851a1d" relativeResultsDirectory="adcb59df-2920-4093-b953-7d5e958e9d6e" />
    <UnitTestResult executionId="73d7d191-2b5c-415c-b70c-5d8dbb76a005" testId="2a812374-63bf-e2f9-3af2-1f33d0b7af6d" testName="Kafka.Ksql.Linq.Tests.Integration.SchemaRegistryResetTests.UpperCaseSubjects_ShouldNotExist" computerName="SAGESOHO01" duration="00:00:03.3894207" startTime="2025-09-19T09:17:14.1010517+09:00" endTime="2025-09-19T09:17:14.1010525+09:00" testType="13cdc9d9-ddb5-4fa4-a97d-d965ccfc6d4b" outcome="Failed" testListId="8c84fa94-04c1-424b-9868-57a2d4851a1d" relativeResultsDirectory="73d7d191-2b5c-415c-b70c-5d8dbb76a005">
      <Output>
        <ErrorInfo>
          <Message>System.Net.Http.HttpRequestException : Response status code does not indicate success: 409 (Conflict).</Message>
          <StackTrace>   at Kafka.Ksql.Linq.Tests.Integration.EnvSchemaRegistryResetTests.SetupAsync() in C:\dev\experimental\physicalTests\Connectivity\SchemaRegistryResetTests.cs:line 229&#xD;
   at Kafka.Ksql.Linq.Tests.Integration.SchemaRegistryResetTests.UpperCaseSubjects_ShouldNotExist() in C:\dev\experimental\physicalTests\Connectivity\SchemaRegistryResetTests.cs:line 130&#xD;
--- End of stack trace from previous location ---</StackTrace>
        </ErrorInfo>
      </Output>
    </UnitTestResult>
    <UnitTestResult executionId="ca43f327-20cf-46a0-bf3c-dc4b4b940907" testId="7ac897e6-3b9f-9d7e-7d3d-02e35f2ffa62" testName="Kafka.Ksql.Linq.Tests.Integration.KafkaAdminServiceIntegrationTests.EnsureTopic_CreatesWithConfiguredStructure" computerName="SAGESOHO01" duration="00:00:00.5538386" startTime="2025-09-19T09:43:29.6905900+09:00" endTime="2025-09-19T09:43:29.6905902+09:00" testType="13cdc9d9-ddb5-4fa4-a97d-d965ccfc6d4b" outcome="Passed" testListId="8c84fa94-04c1-424b-9868-57a2d4851a1d" relativeResultsDirectory="ca43f327-20cf-46a0-bf3c-dc4b4b940907" />
    <UnitTestResult executionId="97e704d1-7e5d-4a77-9cfb-bc01b2cb748a" testId="6ad00dfe-e135-6dc8-b1bf-666fa5fa3455" testName="Kafka.Ksql.Linq.Tests.Integration.SchemaRegistryResetTests.DuplicateSchemaRegistration_ShouldSucceed" computerName="SAGESOHO01" duration="00:00:03.3301412" startTime="2025-09-19T09:17:20.7746546+09:00" endTime="2025-09-19T09:17:20.7746548+09:00" testType="13cdc9d9-ddb5-4fa4-a97d-d965ccfc6d4b" outcome="Failed" testListId="8c84fa94-04c1-424b-9868-57a2d4851a1d" relativeResultsDirectory="97e704d1-7e5d-4a77-9cfb-bc01b2cb748a">
      <Output>
        <ErrorInfo>
          <Message>System.Net.Http.HttpRequestException : Response status code does not indicate success: 409 (Conflict).</Message>
          <StackTrace>   at Kafka.Ksql.Linq.Tests.Integration.EnvSchemaRegistryResetTests.SetupAsync() in C:\dev\experimental\physicalTests\Connectivity\SchemaRegistryResetTests.cs:line 229&#xD;
   at Kafka.Ksql.Linq.Tests.Integration.SchemaRegistryResetTests.DuplicateSchemaRegistration_ShouldSucceed() in C:\dev\experimental\physicalTests\Connectivity\SchemaRegistryResetTests.cs:line 89&#xD;
--- End of stack trace from previous location ---</StackTrace>
        </ErrorInfo>
      </Output>
    </UnitTestResult>
    <UnitTestResult executionId="20f8ca23-4a74-4dd0-84f7-e80405b10b6f" testId="f4acc4e9-4e3f-fa27-9e40-28a744927795" testName="Kafka.Ksql.Linq.Tests.Integration.NoKeyPocoTests.SendAndReceive_NoKeyRecord" computerName="SAGESOHO01" duration="00:00:27.9694606" startTime="2025-09-19T09:20:55.0820381+09:00" endTime="2025-09-19T09:20:55.0820387+09:00" testType="13cdc9d9-ddb5-4fa4-a97d-d965ccfc6d4b" outcome="Passed" testListId="8c84fa94-04c1-424b-9868-57a2d4851a1d" relativeResultsDirectory="20f8ca23-4a74-4dd0-84f7-e80405b10b6f" />
    <UnitTestResult executionId="35caf038-419a-48aa-a41c-3742d1e1dad6" testId="17213b85-711d-b805-3bc7-22d3d12a9709" testName="Kafka.Ksql.Linq.Tests.Integration.DefaultAndBoundaryValueTests.DecimalPrecisionRoundTrip" computerName="SAGESOHO01" duration="00:00:36.0966717" startTime="2025-09-19T09:19:04.8428117+09:00" endTime="2025-09-19T09:19:04.8428120+09:00" testType="13cdc9d9-ddb5-4fa4-a97d-d965ccfc6d4b" outcome="Passed" testListId="8c84fa94-04c1-424b-9868-57a2d4851a1d" relativeResultsDirectory="35caf038-419a-48aa-a41c-3742d1e1dad6" />
    <UnitTestResult executionId="724f8e78-4795-48b8-80d6-2f172187a4c0" testId="fa7b7cf7-1520-25e3-2b05-597054f71af6" testName="Kafka.Ksql.Linq.Tests.Integration.ReservedKeyQuotingTests.CreateStream_WithReservedKeyFields_ShouldSucceed" computerName="SAGESOHO01" duration="00:00:09.3971579" startTime="2025-09-19T09:16:15.6328731+09:00" endTime="2025-09-19T09:16:15.6328868+09:00" testType="13cdc9d9-ddb5-4fa4-a97d-d965ccfc6d4b" outcome="Passed" testListId="8c84fa94-04c1-424b-9868-57a2d4851a1d" relativeResultsDirectory="724f8e78-4795-48b8-80d6-2f172187a4c0" />
    <UnitTestResult executionId="2b289524-093a-432e-8ea8-1b2cf460fd9b" testId="ad9ac948-5de9-3016-dc11-7e1e0ddb9a1f" testName="Kafka.Ksql.Linq.Tests.Integration.InvalidQueryTests.GeneratedQuery_IsRejected(ksql: &quot;SELECT ID, COUNT(*) FROM ORDERS GROUP BY ID;&quot;)" computerName="SAGESOHO01" duration="00:00:00.4470427" startTime="2025-09-19T09:16:16.5432565+09:00" endTime="2025-09-19T09:16:16.5432568+09:00" testType="13cdc9d9-ddb5-4fa4-a97d-d965ccfc6d4b" outcome="Passed" testListId="8c84fa94-04c1-424b-9868-57a2d4851a1d" relativeResultsDirectory="2b289524-093a-432e-8ea8-1b2cf460fd9b" />
    <UnitTestResult executionId="3e4a1f5a-9004-4561-907a-579ca585dc68" testId="6288fb0e-9d2c-a603-9db2-af88d05ffb27" testName="Kafka.Ksql.Linq.Tests.Integration.BigBang_KafkaConnection_StrictTests.EX02_ForeachAsync_KafkaDown_ShouldLogAndTimeout" computerName="SAGESOHO01" duration="00:00:04.5198855" startTime="2025-09-19T10:05:12.8361887+09:00" endTime="2025-09-19T10:05:12.8361893+09:00" testType="13cdc9d9-ddb5-4fa4-a97d-d965ccfc6d4b" outcome="Passed" testListId="8c84fa94-04c1-424b-9868-57a2d4851a1d" relativeResultsDirectory="3e4a1f5a-9004-4561-907a-579ca585dc68" />
    <UnitTestResult executionId="95ee201a-9dbb-4f86-be4e-061c14397d3a" testId="b56b9373-6c2f-5739-b8b6-dadbd353152b" testName="Kafka.Ksql.Linq.Tests.Integration.BarScheduleWeekendTests.WeekdaysOnly_DailyBars_With_MarketSchedule" computerName="SAGESOHO01" duration="00:10:32.6924220" startTime="2025-09-19T10:05:08.3159808+09:00" endTime="2025-09-19T10:05:08.3159811+09:00" testType="13cdc9d9-ddb5-4fa4-a97d-d965ccfc6d4b" outcome="Failed" testListId="8c84fa94-04c1-424b-9868-57a2d4851a1d" relativeResultsDirectory="95ee201a-9dbb-4f86-be4e-061c14397d3a">
      <Output>
        <ErrorInfo>
          <Message>System.TimeoutException : CTAS/CSAS query for bar1wkfinal_1s_final did not reach RUNNING within 180s</Message>
          <StackTrace>   at Kafka.Ksql.Linq.KsqlContext.&lt;&gt;c__DisplayClass95_0.&lt;&lt;EnsureQueryEntityDdlAsync&gt;g__EnsureDerivedQueryEntityDdlAsync|0&gt;d.MoveNext()&#xD;
--- End of stack trace from previous location ---&#xD;
   at Kafka.Ksql.Linq.KsqlContext.EnsureQueryEntityDdlAsync(Type type, EntityModel model)&#xD;
   at Kafka.Ksql.Linq.KsqlContext.RegisterSchemasAndMaterializeAsync()&#xD;
   at Kafka.Ksql.Linq.KsqlContext.InitializeWithSchemaRegistration()&#xD;
   at Kafka.Ksql.Linq.KsqlContext.InitializeCore(ILoggerFactory loggerFactory)&#xD;
   at Kafka.Ksql.Linq.KsqlContext..ctor(KsqlDslOptions options, ILoggerFactory loggerFactory)&#xD;
   at Kafka.Ksql.Linq.Tests.Integration.BarScheduleWeekendTests.TestContext..ctor() in C:\dev\experimental\physicalTests\OssSamples\BarScheduleWeekendTests.cs:line 62&#xD;
   at Kafka.Ksql.Linq.Tests.Integration.BarScheduleWeekendTests.WeekdaysOnly_DailyBars_With_MarketSchedule() in C:\dev\experimental\physicalTests\OssSamples\BarScheduleWeekendTests.cs:line 137&#xD;
--- End of stack trace from previous location ---</StackTrace>
        </ErrorInfo>
      </Output>
    </UnitTestResult>
    <UnitTestResult executionId="ffce7575-19f2-4155-9f7c-7962ad872d08" testId="fa46f409-6539-d06f-aa37-8cfd2c4998c0" testName="Kafka.Ksql.Linq.Tests.Integration.BigBang_KafkaConnection_TolerantTests.EX01_ForeachAsync_KafkaDown_ShouldFailGracefully" computerName="SAGESOHO01" duration="00:00:01.5136331" startTime="2025-09-19T10:05:14.8921606+09:00" endTime="2025-09-19T10:05:14.8921612+09:00" testType="13cdc9d9-ddb5-4fa4-a97d-d965ccfc6d4b" outcome="Passed" testListId="8c84fa94-04c1-424b-9868-57a2d4851a1d" relativeResultsDirectory="ffce7575-19f2-4155-9f7c-7962ad872d08" />
    <UnitTestResult executionId="15a22201-6396-498b-aab0-29183844b79f" testId="5917e101-0acb-1110-36fc-a2e3d83d03f6" testName="Kafka.Ksql.Linq.Tests.Integration.SchemaNameCaseSensitivityTests.LowercaseField_ShouldSucceed" computerName="SAGESOHO01" duration="00:00:25.7989390" startTime="2025-09-19T09:22:22.3893373+09:00" endTime="2025-09-19T09:22:22.3893382+09:00" testType="13cdc9d9-ddb5-4fa4-a97d-d965ccfc6d4b" outcome="Passed" testListId="8c84fa94-04c1-424b-9868-57a2d4851a1d" relativeResultsDirectory="15a22201-6396-498b-aab0-29183844b79f" />
    <UnitTestResult executionId="fd0bdb42-d464-4e97-beb2-f7eebe78e368" testId="821b062e-05e6-7b61-70b6-a85ab6158b98" testName="Kafka.Ksql.Linq.Tests.Integration.BigBang_KafkaConnection_StrictTests.EX02_AddAsync_KafkaDown_ShouldLogAndTimeout" computerName="SAGESOHO01" duration="00:00:00.5410291" startTime="2025-09-19T10:05:13.3778687+09:00" endTime="2025-09-19T10:05:13.3778691+09:00" testType="13cdc9d9-ddb5-4fa4-a97d-d965ccfc6d4b" outcome="Passed" testListId="8c84fa94-04c1-424b-9868-57a2d4851a1d" relativeResultsDirectory="fd0bdb42-d464-4e97-beb2-f7eebe78e368" />
    <UnitTestResult executionId="5878e586-9f21-4597-b7ca-b1477747945e" testId="4a90876b-2734-76cc-4f62-bf397a2e6c64" testName="Kafka.Ksql.Linq.Tests.Integration.KsqlSyntaxTests.GeneratedQuery_IsValidInKsqlDb(ksql: &quot;SELECT CustomerId, COUNT(*) FROM orders GROUP BY C&quot;···)" computerName="SAGESOHO01" duration="00:00:03.2233372" startTime="2025-09-19T09:16:19.7672676+09:00" endTime="2025-09-19T09:16:19.7672679+09:00" testType="13cdc9d9-ddb5-4fa4-a97d-d965ccfc6d4b" outcome="Passed" testListId="8c84fa94-04c1-424b-9868-57a2d4851a1d" relativeResultsDirectory="5878e586-9f21-4597-b7ca-b1477747945e" />
    <UnitTestResult executionId="2fdb154d-8d12-41b8-b9ce-4fb46e739ea1" testId="4d1ab506-de68-e93b-e77a-c25236b29b8f" testName="Kafka.Ksql.Linq.Tests.Integration.CompositeKeyPocoTests.SendAndReceive_CompositeKeyPoco" computerName="SAGESOHO01" duration="00:00:13.6489192" startTime="2025-09-19T09:18:01.4259888+09:00" endTime="2025-09-19T09:18:01.4259895+09:00" testType="13cdc9d9-ddb5-4fa4-a97d-d965ccfc6d4b" outcome="Passed" testListId="8c84fa94-04c1-424b-9868-57a2d4851a1d" relativeResultsDirectory="2fdb154d-8d12-41b8-b9ce-4fb46e739ea1" />
    <UnitTestResult executionId="a882f631-13ed-49a2-997c-cea1933f08c4" testId="da24b4ec-31be-e42d-feb9-6cc309431547" testName="Kafka.Ksql.Linq.Tests.Integration.KafkaServiceDownTests.ForeachAsync_ShouldThrow_WhenKafkaIsDown" computerName="SAGESOHO01" duration="00:00:17.8305396" startTime="2025-09-19T10:05:33.2801984+09:00" endTime="2025-09-19T10:05:33.2802004+09:00" testType="13cdc9d9-ddb5-4fa4-a97d-d965ccfc6d4b" outcome="Passed" testListId="8c84fa94-04c1-424b-9868-57a2d4851a1d" relativeResultsDirectory="a882f631-13ed-49a2-997c-cea1933f08c4" />
    <UnitTestResult executionId="4836afa7-55a1-4035-97a2-cf489cae5432" testId="ce6a13c7-e84b-fd4c-062d-d534410ea237" testName="Kafka.Ksql.Linq.Tests.Integration.JoinIntegrationTests.TwoTableJoin_Query_ShouldBeValid" computerName="SAGESOHO01" duration="00:00:49.9320807" startTime="2025-09-19T09:17:10.6995529+09:00" endTime="2025-09-19T09:17:10.6995533+09:00" testType="13cdc9d9-ddb5-4fa4-a97d-d965ccfc6d4b" outcome="Passed" testListId="8c84fa94-04c1-424b-9868-57a2d4851a1d" relativeResultsDirectory="4836afa7-55a1-4035-97a2-cf489cae5432" />
    <UnitTestResult executionId="3e34643e-f4d3-4060-aebe-2a81e7216fdf" testId="5a88f032-d48b-3e65-f6b6-dca9ef297733" testName="Kafka.Ksql.Linq.Tests.Integration.RocksDbToListAsyncTests.ToListAsync_Reads_From_RocksDb_Cache" computerName="SAGESOHO01" duration="00:00:31.1351849" startTime="2025-09-19T09:21:56.5897708+09:00" endTime="2025-09-19T09:21:56.5897711+09:00" testType="13cdc9d9-ddb5-4fa4-a97d-d965ccfc6d4b" outcome="Passed" testListId="8c84fa94-04c1-424b-9868-57a2d4851a1d" relativeResultsDirectory="3e34643e-f4d3-4060-aebe-2a81e7216fdf" />
    <UnitTestResult executionId="b8902f26-52ea-465f-a318-ceb339d26c14" testId="6dc1c76e-ddda-5058-33dc-fc758c3924b0" testName="Kafka.Ksql.Linq.Tests.Integration.DlqIntegrationTests.ForEachAsync_OnErrorDlq_WritesToDlq" computerName="SAGESOHO01" duration="00:00:15.4130497" startTime="2025-09-19T09:19:56.3410642+09:00" endTime="2025-09-19T09:19:56.3410645+09:00" testType="13cdc9d9-ddb5-4fa4-a97d-d965ccfc6d4b" outcome="Failed" testListId="8c84fa94-04c1-424b-9868-57a2d4851a1d" relativeResultsDirectory="b8902f26-52ea-465f-a318-ceb339d26c14">
      <Output>
        <ErrorInfo>
          <Message>System.InvalidOperationException : DDL execution failed for DlqEnvelope: {"error_code":404,"message":"HTTP 404 Not Found"}</Message>
          <StackTrace>   at Kafka.Ksql.Linq.KsqlContext.EnsureSimpleEntityDdlAsync(Type type, EntityModel model)&#xD;
   at Kafka.Ksql.Linq.KsqlContext.RegisterSchemasAndMaterializeAsync()&#xD;
   at Kafka.Ksql.Linq.KsqlContext.InitializeWithSchemaRegistration()&#xD;
   at Kafka.Ksql.Linq.KsqlContext.InitializeCore(ILoggerFactory loggerFactory)&#xD;
   at Kafka.Ksql.Linq.KsqlContext..ctor(KsqlDslOptions options, ILoggerFactory loggerFactory)&#xD;
   at Kafka.Ksql.Linq.Tests.Integration.DlqIntegrationTests.OrderContext..ctor(KsqlDslOptions options) in C:\dev\experimental\physicalTests\OssSamples\DlqIntegrationTests.cs:line 28&#xD;
   at Kafka.Ksql.Linq.Tests.Integration.DlqIntegrationTests.ForEachAsync_OnErrorDlq_WritesToDlq() in C:\dev\experimental\physicalTests\OssSamples\DlqIntegrationTests.cs:line 52&#xD;
--- End of stack trace from previous location ---</StackTrace>
        </ErrorInfo>
      </Output>
    </UnitTestResult>
    <UnitTestResult executionId="89d949ca-7cb4-4817-8f55-161b70e9aba5" testId="d4f95360-fa20-03e1-5810-a5fd78838e0d" testName="Kafka.Ksql.Linq.Tests.Integration.TimeBucketImportTumblingTests.Import_Ticks_Define_Tumbling_Query_Then_Extract_Bars_Via_TimeBucket" computerName="SAGESOHO01" duration="00:10:40.1588350" startTime="2025-09-19T09:33:02.5504089+09:00" endTime="2025-09-19T09:33:02.5504094+09:00" testType="13cdc9d9-ddb5-4fa4-a97d-d965ccfc6d4b" outcome="Failed" testListId="8c84fa94-04c1-424b-9868-57a2d4851a1d" relativeResultsDirectory="89d949ca-7cb4-4817-8f55-161b70e9aba5">
      <Output>
        <ErrorInfo>
          <Message>System.TimeoutException : CTAS/CSAS query for bar_tbimp_1s_final did not reach RUNNING within 180s</Message>
          <StackTrace>   at Kafka.Ksql.Linq.KsqlContext.&lt;&gt;c__DisplayClass95_0.&lt;&lt;EnsureQueryEntityDdlAsync&gt;g__EnsureDerivedQueryEntityDdlAsync|0&gt;d.MoveNext()&#xD;
--- End of stack trace from previous location ---&#xD;
   at Kafka.Ksql.Linq.KsqlContext.EnsureQueryEntityDdlAsync(Type type, EntityModel model)&#xD;
   at Kafka.Ksql.Linq.KsqlContext.RegisterSchemasAndMaterializeAsync()&#xD;
   at Kafka.Ksql.Linq.KsqlContext.InitializeWithSchemaRegistration()&#xD;
   at Kafka.Ksql.Linq.KsqlContext.InitializeCore(ILoggerFactory loggerFactory)&#xD;
   at Kafka.Ksql.Linq.KsqlContext..ctor(KsqlDslOptions options, ILoggerFactory loggerFactory)&#xD;
   at Kafka.Ksql.Linq.Tests.Integration.TimeBucketImportTumblingTests.TestContext..ctor() in C:\dev\experimental\physicalTests\OssSamples\TimeBucketImportTumblingTests.cs:line 50&#xD;
   at Kafka.Ksql.Linq.Tests.Integration.TimeBucketImportTumblingTests.Import_Ticks_Define_Tumbling_Query_Then_Extract_Bars_Via_TimeBucket() in C:\dev\experimental\physicalTests\OssSamples\TimeBucketImportTumblingTests.cs:line 148&#xD;
--- End of stack trace from previous location ---</StackTrace>
        </ErrorInfo>
      </Output>
    </UnitTestResult>
    <UnitTestResult executionId="215ed6c9-812b-4e75-9396-38e6f884dbdb" testId="6e9b6ef9-ac09-772f-de65-0a61c351b479" testName="Kafka.Ksql.Linq.Tests.Integration.ManualCommitIntegrationTests.ManualCommit_PersistsOffset" computerName="SAGESOHO01" duration="00:00:30.7702719" startTime="2025-09-19T09:20:27.1115349+09:00" endTime="2025-09-19T09:20:27.1115358+09:00" testType="13cdc9d9-ddb5-4fa4-a97d-d965ccfc6d4b" outcome="Passed" testListId="8c84fa94-04c1-424b-9868-57a2d4851a1d" relativeResultsDirectory="215ed6c9-812b-4e75-9396-38e6f884dbdb" />
    <UnitTestResult executionId="e2956a00-dca4-4e1b-a958-93ae9faa592e" testId="e7664d42-1a36-a709-59e4-00b5e1d7cc8f" testName="Kafka.Ksql.Linq.Tests.Integration.BigBang_KafkaConnection_TolerantTests.EX01_AddAsync_KafkaDown_ShouldFailGracefully" computerName="SAGESOHO01" duration="00:00:00.5561055" startTime="2025-09-19T10:05:15.4488644+09:00" endTime="2025-09-19T10:05:15.4488650+09:00" testType="13cdc9d9-ddb5-4fa4-a97d-d965ccfc6d4b" outcome="Passed" testListId="8c84fa94-04c1-424b-9868-57a2d4851a1d" relativeResultsDirectory="e2956a00-dca4-4e1b-a958-93ae9faa592e" />
    <UnitTestResult executionId="81fa1c79-9664-479e-81f0-d9902475975e" testId="173a5c6a-39b7-895e-9b5a-1e15dc155fed" testName="Kafka.Ksql.Linq.Tests.Integration.SchemaRegistryResetTests.Setup_ShouldRegisterAllSchemas" computerName="SAGESOHO01" duration="00:00:03.3445252" startTime="2025-09-19T09:17:17.4448822+09:00" endTime="2025-09-19T09:17:17.4448825+09:00" testType="13cdc9d9-ddb5-4fa4-a97d-d965ccfc6d4b" outcome="Failed" testListId="8c84fa94-04c1-424b-9868-57a2d4851a1d" relativeResultsDirectory="81fa1c79-9664-479e-81f0-d9902475975e">
      <Output>
        <ErrorInfo>
          <Message>System.Net.Http.HttpRequestException : Response status code does not indicate success: 409 (Conflict).</Message>
          <StackTrace>   at Kafka.Ksql.Linq.Tests.Integration.EnvSchemaRegistryResetTests.SetupAsync() in C:\dev\experimental\physicalTests\Connectivity\SchemaRegistryResetTests.cs:line 229&#xD;
   at Kafka.Ksql.Linq.Tests.Integration.SchemaRegistryResetTests.Setup_ShouldRegisterAllSchemas() in C:\dev\experimental\physicalTests\Connectivity\SchemaRegistryResetTests.cs:line 67&#xD;
--- End of stack trace from previous location ---</StackTrace>
        </ErrorInfo>
      </Output>
    </UnitTestResult>
    <UnitTestResult executionId="bd9e93ba-6c15-4161-b7a3-e98ce6333ed1" testId="35c33335-3c6f-41c6-e0cd-a71e8b0b3178" testName="Kafka.Ksql.Linq.Tests.Integration.DefaultAndBoundaryValueTests.BoundaryValuesRoundTrip" computerName="SAGESOHO01" duration="00:00:36.0827237" startTime="2025-09-19T09:19:40.9259985+09:00" endTime="2025-09-19T09:19:40.9259987+09:00" testType="13cdc9d9-ddb5-4fa4-a97d-d965ccfc6d4b" outcome="Passed" testListId="8c84fa94-04c1-424b-9868-57a2d4851a1d" relativeResultsDirectory="bd9e93ba-6c15-4161-b7a3-e98ce6333ed1" />
    <UnitTestResult executionId="14bd2363-681b-4874-87c6-66e87d547e7c" testId="1f670e60-a460-2f7f-dd56-948a1c5191c3" testName="Kafka.Ksql.Linq.Tests.Integration.AdvancedDataTypeTests.Decimal_DateTime_Enum_RoundTrip" computerName="SAGESOHO01" duration="00:00:27.0013342" startTime="2025-09-19T09:17:47.7764992+09:00" endTime="2025-09-19T09:17:47.7764995+09:00" testType="13cdc9d9-ddb5-4fa4-a97d-d965ccfc6d4b" outcome="Passed" testListId="8c84fa94-04c1-424b-9868-57a2d4851a1d" relativeResultsDirectory="14bd2363-681b-4874-87c6-66e87d547e7c" />
    <UnitTestResult executionId="495bbd92-1ef6-45eb-9fd9-4ef791953398" testId="ccf2bf61-9a31-6941-50d4-73c008678752" testName="Kafka.Ksql.Linq.Tests.Integration.KsqlDbServiceDownTests.ExecuteStatement_ShouldFail_WhenKsqlDbDown" computerName="SAGESOHO01" duration="00:00:10.7032820" startTime="2025-09-19T10:06:29.6253903+09:00" endTime="2025-09-19T10:06:29.6253906+09:00" testType="13cdc9d9-ddb5-4fa4-a97d-d965ccfc6d4b" outcome="Passed" testListId="8c84fa94-04c1-424b-9868-57a2d4851a1d" relativeResultsDirectory="495bbd92-1ef6-45eb-9fd9-4ef791953398" />
    <UnitTestResult executionId="64ecb1fa-b613-4b8c-af15-b0ab7c896c94" testId="1efd2b35-e074-3119-cb38-1db783196bee" testName="Kafka.Ksql.Linq.Tests.Integration.PrimingBehaviorTests.AlwaysPriming_DoesNotLeakIntoConsumption" computerName="SAGESOHO01" duration="00:00:30.3710309" startTime="2025-09-19T09:21:25.4538750+09:00" endTime="2025-09-19T09:21:25.4538758+09:00" testType="13cdc9d9-ddb5-4fa4-a97d-d965ccfc6d4b" outcome="Passed" testListId="8c84fa94-04c1-424b-9868-57a2d4851a1d" relativeResultsDirectory="64ecb1fa-b613-4b8c-af15-b0ab7c896c94" />
    <UnitTestResult executionId="40f5aa21-fe65-46cf-bcb5-1f5a9a484bd4" testId="1b9a7b5c-1c73-929c-a65b-b3bb50e359bc" testName="Kafka.Ksql.Linq.Tests.Integration.KsqlSyntaxTests.GeneratedQuery_IsValidInKsqlDb(ksql: &quot;CREATE STREAM test_stream AS SELECT * FROM source &quot;···)" computerName="SAGESOHO01" duration="00:00:00.9986897" startTime="2025-09-19T09:16:20.7666711+09:00" endTime="2025-09-19T09:16:20.7666717+09:00" testType="13cdc9d9-ddb5-4fa4-a97d-d965ccfc6d4b" outcome="Passed" testListId="8c84fa94-04c1-424b-9868-57a2d4851a1d" relativeResultsDirectory="40f5aa21-fe65-46cf-bcb5-1f5a9a484bd4" />
    <UnitTestResult executionId="8db14bde-73d0-461c-ab21-1f4458eaa313" testId="362ea334-db4e-46ce-8b95-3449bea35781" testName="Kafka.Ksql.Linq.Tests.Integration.BarDslMultiTierTests.MultiTier_1m_5m_15m_60m_Create_And_Ohlc_Sanity" computerName="SAGESOHO01" duration="00:11:05.9304172" startTime="2025-09-19T09:54:35.6230777+09:00" endTime="2025-09-19T09:54:35.6230782+09:00" testType="13cdc9d9-ddb5-4fa4-a97d-d965ccfc6d4b" outcome="Failed" testListId="8c84fa94-04c1-424b-9868-57a2d4851a1d" relativeResultsDirectory="8db14bde-73d0-461c-ab21-1f4458eaa313">
      <Output>
        <ErrorInfo>
          <Message>System.TimeoutException : CTAS/CSAS query for bar_15m_live did not reach RUNNING within 180s</Message>
          <StackTrace>   at Kafka.Ksql.Linq.KsqlContext.&lt;&gt;c__DisplayClass95_0.&lt;&lt;EnsureQueryEntityDdlAsync&gt;g__EnsureDerivedQueryEntityDdlAsync|0&gt;d.MoveNext()&#xD;
--- End of stack trace from previous location ---&#xD;
   at Kafka.Ksql.Linq.KsqlContext.EnsureQueryEntityDdlAsync(Type type, EntityModel model)&#xD;
   at Kafka.Ksql.Linq.KsqlContext.RegisterSchemasAndMaterializeAsync()&#xD;
   at Kafka.Ksql.Linq.KsqlContext.InitializeWithSchemaRegistration()&#xD;
   at Kafka.Ksql.Linq.KsqlContext.InitializeCore(ILoggerFactory loggerFactory)&#xD;
   at Kafka.Ksql.Linq.KsqlContext..ctor(KsqlDslOptions options, ILoggerFactory loggerFactory)&#xD;
   at Kafka.Ksql.Linq.Tests.Integration.BarDslMultiTierTests.TestContext..ctor() in C:\dev\experimental\physicalTests\OssSamples\BarDslMultiTierTests.cs:line 41&#xD;
   at Kafka.Ksql.Linq.Tests.Integration.BarDslMultiTierTests.MultiTier_1m_5m_15m_60m_Create_And_Ohlc_Sanity() in C:\dev\experimental\physicalTests\OssSamples\BarDslMultiTierTests.cs:line 153&#xD;
--- End of stack trace from previous location ---</StackTrace>
        </ErrorInfo>
      </Output>
    </UnitTestResult>
    <UnitTestResult executionId="3f8b40db-1be4-4057-8cd2-3a9f7067a483" testId="757c3dd1-71d9-1640-b489-8396c560c560" testName="Kafka.Ksql.Linq.Tests.Integration.BarDslLongRunTests.LongRun_1h_Ohlc_And_Grace_Verify" computerName="SAGESOHO01" duration="00:10:26.5858012" startTime="2025-09-19T09:43:29.1367806+09:00" endTime="2025-09-19T09:43:29.1367817+09:00" testType="13cdc9d9-ddb5-4fa4-a97d-d965ccfc6d4b" outcome="Failed" testListId="8c84fa94-04c1-424b-9868-57a2d4851a1d" relativeResultsDirectory="3f8b40db-1be4-4057-8cd2-3a9f7067a483">
      <Output>
        <ErrorInfo>
          <Message>System.TimeoutException : CTAS/CSAS query for bar_1s_final_s did not reach RUNNING within 180s</Message>
          <StackTrace>   at Kafka.Ksql.Linq.KsqlContext.&lt;&gt;c__DisplayClass95_0.&lt;&lt;EnsureQueryEntityDdlAsync&gt;g__EnsureDerivedQueryEntityDdlAsync|0&gt;d.MoveNext()&#xD;
--- End of stack trace from previous location ---&#xD;
   at Kafka.Ksql.Linq.KsqlContext.EnsureQueryEntityDdlAsync(Type type, EntityModel model)&#xD;
   at Kafka.Ksql.Linq.KsqlContext.RegisterSchemasAndMaterializeAsync()&#xD;
   at Kafka.Ksql.Linq.KsqlContext.InitializeWithSchemaRegistration()&#xD;
   at Kafka.Ksql.Linq.KsqlContext.InitializeCore(ILoggerFactory loggerFactory)&#xD;
   at Kafka.Ksql.Linq.KsqlContext..ctor(KsqlDslOptions options, ILoggerFactory loggerFactory)&#xD;
   at Kafka.Ksql.Linq.Tests.Integration.BarDslLongRunTests.TestContext..ctor() in C:\dev\experimental\physicalTests\OssSamples\BarDslLongRunTests.cs:line 41&#xD;
   at Kafka.Ksql.Linq.Tests.Integration.BarDslLongRunTests.LongRun_1h_Ohlc_And_Grace_Verify() in C:\dev\experimental\physicalTests\OssSamples\BarDslLongRunTests.cs:line 72&#xD;
--- End of stack trace from previous location ---</StackTrace>
        </ErrorInfo>
      </Output>
    </UnitTestResult>
    <UnitTestResult executionId="b6f73de5-264e-4d49-b9b5-f5ddd09b613a" testId="575bb240-2c56-ce42-7c0d-fdfabac2a9c7" testName="Kafka.Ksql.Linq.Tests.Integration.InvalidQueryTests.GeneratedQuery_IsRejected(ksql: &quot;SELECT CASE WHEN ID=1 THEN 'A' ELSE 2 END FROM ORD&quot;···)" computerName="SAGESOHO01" duration="00:00:00.4593165" startTime="2025-09-19T09:16:16.0957645+09:00" endTime="2025-09-19T09:16:16.0957649+09:00" testType="13cdc9d9-ddb5-4fa4-a97d-d965ccfc6d4b" outcome="Passed" testListId="8c84fa94-04c1-424b-9868-57a2d4851a1d" relativeResultsDirectory="b6f73de5-264e-4d49-b9b5-f5ddd09b613a" />
  </Results>
  <TestDefinitions>
    <UnitTest name="Kafka.Ksql.Linq.Tests.Integration.KafkaServiceDownTests.ForeachAsync_ShouldThrow_WhenKafkaIsDown" storage="c:\dev\experimental\physicaltests\bin\release\net8.0\kafka.ksql.linq.tests.integration.dll" id="da24b4ec-31be-e42d-feb9-6cc309431547">
      <Execution id="a882f631-13ed-49a2-997c-cea1933f08c4" />
      <TestMethod codeBase="C:\dev\experimental\physicalTests\bin\Release\net8.0\Kafka.Ksql.Linq.Tests.Integration.dll" adapterTypeName="executor://xunit/VsTestRunner2/netcoreapp" className="Kafka.Ksql.Linq.Tests.Integration.KafkaServiceDownTests" name="ForeachAsync_ShouldThrow_WhenKafkaIsDown" />
    </UnitTest>
    <UnitTest name="Kafka.Ksql.Linq.Tests.Integration.BigBang_KafkaConnection_StrictTests.EX02_AddAsync_KafkaDown_ShouldLogAndTimeout" storage="c:\dev\experimental\physicaltests\bin\release\net8.0\kafka.ksql.linq.tests.integration.dll" id="821b062e-05e6-7b61-70b6-a85ab6158b98">
      <Execution id="fd0bdb42-d464-4e97-beb2-f7eebe78e368" />
      <TestMethod codeBase="C:\dev\experimental\physicalTests\bin\Release\net8.0\Kafka.Ksql.Linq.Tests.Integration.dll" adapterTypeName="executor://xunit/VsTestRunner2/netcoreapp" className="Kafka.Ksql.Linq.Tests.Integration.BigBang_KafkaConnection_StrictTests" name="EX02_AddAsync_KafkaDown_ShouldLogAndTimeout" />
    </UnitTest>
    <UnitTest name="Kafka.Ksql.Linq.Tests.Integration.RocksDbToListAsyncTests.ToListAsync_Reads_From_RocksDb_Cache" storage="c:\dev\experimental\physicaltests\bin\release\net8.0\kafka.ksql.linq.tests.integration.dll" id="5a88f032-d48b-3e65-f6b6-dca9ef297733">
      <Execution id="3e34643e-f4d3-4060-aebe-2a81e7216fdf" />
      <TestMethod codeBase="C:\dev\experimental\physicalTests\bin\Release\net8.0\Kafka.Ksql.Linq.Tests.Integration.dll" adapterTypeName="executor://xunit/VsTestRunner2/netcoreapp" className="Kafka.Ksql.Linq.Tests.Integration.RocksDbToListAsyncTests" name="ToListAsync_Reads_From_RocksDb_Cache" />
    </UnitTest>
    <UnitTest name="Kafka.Ksql.Linq.Tests.Integration.ManualCommitIntegrationTests.ManualCommit_PersistsOffset" storage="c:\dev\experimental\physicaltests\bin\release\net8.0\kafka.ksql.linq.tests.integration.dll" id="6e9b6ef9-ac09-772f-de65-0a61c351b479">
      <Execution id="215ed6c9-812b-4e75-9396-38e6f884dbdb" />
      <TestMethod codeBase="C:\dev\experimental\physicalTests\bin\Release\net8.0\Kafka.Ksql.Linq.Tests.Integration.dll" adapterTypeName="executor://xunit/VsTestRunner2/netcoreapp" className="Kafka.Ksql.Linq.Tests.Integration.ManualCommitIntegrationTests" name="ManualCommit_PersistsOffset" />
    </UnitTest>
    <UnitTest name="Kafka.Ksql.Linq.Tests.Integration.DefaultAndBoundaryValueTests.DecimalPrecisionRoundTrip" storage="c:\dev\experimental\physicaltests\bin\release\net8.0\kafka.ksql.linq.tests.integration.dll" id="17213b85-711d-b805-3bc7-22d3d12a9709">
      <Execution id="35caf038-419a-48aa-a41c-3742d1e1dad6" />
      <TestMethod codeBase="C:\dev\experimental\physicalTests\bin\Release\net8.0\Kafka.Ksql.Linq.Tests.Integration.dll" adapterTypeName="executor://xunit/VsTestRunner2/netcoreapp" className="Kafka.Ksql.Linq.Tests.Integration.DefaultAndBoundaryValueTests" name="DecimalPrecisionRoundTrip" />
    </UnitTest>
    <UnitTest name="Kafka.Ksql.Linq.Tests.Integration.DlqIntegrationTests.ForEachAsync_OnErrorDlq_WritesToDlq" storage="c:\dev\experimental\physicaltests\bin\release\net8.0\kafka.ksql.linq.tests.integration.dll" id="6dc1c76e-ddda-5058-33dc-fc758c3924b0">
      <Execution id="b8902f26-52ea-465f-a318-ceb339d26c14" />
      <TestMethod codeBase="C:\dev\experimental\physicalTests\bin\Release\net8.0\Kafka.Ksql.Linq.Tests.Integration.dll" adapterTypeName="executor://xunit/VsTestRunner2/netcoreapp" className="Kafka.Ksql.Linq.Tests.Integration.DlqIntegrationTests" name="ForEachAsync_OnErrorDlq_WritesToDlq" />
    </UnitTest>
    <UnitTest name="Kafka.Ksql.Linq.Tests.Integration.KafkaServiceDownTests.AddAsync_ShouldThrow_WhenKafkaIsDown" storage="c:\dev\experimental\physicaltests\bin\release\net8.0\kafka.ksql.linq.tests.integration.dll" id="52a48a8d-aaad-2671-a532-2ce974e3f69a">
      <Execution id="a25ff6cf-4bc3-4137-828a-dd00b6682bfd" />
      <TestMethod codeBase="C:\dev\experimental\physicalTests\bin\Release\net8.0\Kafka.Ksql.Linq.Tests.Integration.dll" adapterTypeName="executor://xunit/VsTestRunner2/netcoreapp" className="Kafka.Ksql.Linq.Tests.Integration.KafkaServiceDownTests" name="AddAsync_ShouldThrow_WhenKafkaIsDown" />
    </UnitTest>
    <UnitTest name="Kafka.Ksql.Linq.Tests.Integration.BarDslLongRunTests.LongRun_1h_Ohlc_And_Grace_Verify" storage="c:\dev\experimental\physicaltests\bin\release\net8.0\kafka.ksql.linq.tests.integration.dll" id="757c3dd1-71d9-1640-b489-8396c560c560">
      <Execution id="3f8b40db-1be4-4057-8cd2-3a9f7067a483" />
      <TestMethod codeBase="C:\dev\experimental\physicalTests\bin\Release\net8.0\Kafka.Ksql.Linq.Tests.Integration.dll" adapterTypeName="executor://xunit/VsTestRunner2/netcoreapp" className="Kafka.Ksql.Linq.Tests.Integration.BarDslLongRunTests" name="LongRun_1h_Ohlc_And_Grace_Verify" />
    </UnitTest>
    <UnitTest name="Kafka.Ksql.Linq.Tests.Integration.BigBang_KafkaConnection_TolerantTests.EX01_AddAsync_KafkaDown_ShouldFailGracefully" storage="c:\dev\experimental\physicaltests\bin\release\net8.0\kafka.ksql.linq.tests.integration.dll" id="e7664d42-1a36-a709-59e4-00b5e1d7cc8f">
      <Execution id="e2956a00-dca4-4e1b-a958-93ae9faa592e" />
      <TestMethod codeBase="C:\dev\experimental\physicalTests\bin\Release\net8.0\Kafka.Ksql.Linq.Tests.Integration.dll" adapterTypeName="executor://xunit/VsTestRunner2/netcoreapp" className="Kafka.Ksql.Linq.Tests.Integration.BigBang_KafkaConnection_TolerantTests" name="EX01_AddAsync_KafkaDown_ShouldFailGracefully" />
    </UnitTest>
    <UnitTest name="Kafka.Ksql.Linq.Tests.Integration.InvalidQueryTests.GeneratedQuery_IsRejected(ksql: &quot;SELECT CASE WHEN ID=1 THEN 'A' ELSE 2 END FROM ORD&quot;···)" storage="c:\dev\experimental\physicaltests\bin\release\net8.0\kafka.ksql.linq.tests.integration.dll" id="575bb240-2c56-ce42-7c0d-fdfabac2a9c7">
      <Execution id="b6f73de5-264e-4d49-b9b5-f5ddd09b613a" />
      <TestMethod codeBase="C:\dev\experimental\physicalTests\bin\Release\net8.0\Kafka.Ksql.Linq.Tests.Integration.dll" adapterTypeName="executor://xunit/VsTestRunner2/netcoreapp" className="Kafka.Ksql.Linq.Tests.Integration.InvalidQueryTests" name="GeneratedQuery_IsRejected" />
    </UnitTest>
    <UnitTest name="Kafka.Ksql.Linq.Tests.Integration.DefaultAndBoundaryValueTests.DefaultValuesRoundTrip" storage="c:\dev\experimental\physicaltests\bin\release\net8.0\kafka.ksql.linq.tests.integration.dll" id="f1c03cea-0557-e281-789b-44a1e9e61d2d">
      <Execution id="adcb59df-2920-4093-b953-7d5e958e9d6e" />
      <TestMethod codeBase="C:\dev\experimental\physicalTests\bin\Release\net8.0\Kafka.Ksql.Linq.Tests.Integration.dll" adapterTypeName="executor://xunit/VsTestRunner2/netcoreapp" className="Kafka.Ksql.Linq.Tests.Integration.DefaultAndBoundaryValueTests" name="DefaultValuesRoundTrip" />
    </UnitTest>
    <UnitTest name="Kafka.Ksql.Linq.Tests.Integration.NoKeyPocoTests.SendAndReceive_NoKeyRecord" storage="c:\dev\experimental\physicaltests\bin\release\net8.0\kafka.ksql.linq.tests.integration.dll" id="f4acc4e9-4e3f-fa27-9e40-28a744927795">
      <Execution id="20f8ca23-4a74-4dd0-84f7-e80405b10b6f" />
      <TestMethod codeBase="C:\dev\experimental\physicalTests\bin\Release\net8.0\Kafka.Ksql.Linq.Tests.Integration.dll" adapterTypeName="executor://xunit/VsTestRunner2/netcoreapp" className="Kafka.Ksql.Linq.Tests.Integration.NoKeyPocoTests" name="SendAndReceive_NoKeyRecord" />
    </UnitTest>
    <UnitTest name="Kafka.Ksql.Linq.Tests.Integration.ReservedKeyQuotingTests.CreateStream_WithReservedKeyFields_ShouldSucceed" storage="c:\dev\experimental\physicaltests\bin\release\net8.0\kafka.ksql.linq.tests.integration.dll" id="fa7b7cf7-1520-25e3-2b05-597054f71af6">
      <Execution id="724f8e78-4795-48b8-80d6-2f172187a4c0" />
      <TestMethod codeBase="C:\dev\experimental\physicalTests\bin\Release\net8.0\Kafka.Ksql.Linq.Tests.Integration.dll" adapterTypeName="executor://xunit/VsTestRunner2/netcoreapp" className="Kafka.Ksql.Linq.Tests.Integration.ReservedKeyQuotingTests" name="CreateStream_WithReservedKeyFields_ShouldSucceed" />
    </UnitTest>
    <UnitTest name="Kafka.Ksql.Linq.Tests.Integration.SchemaRegistryResetTests.Setup_ShouldRegisterAllSchemas" storage="c:\dev\experimental\physicaltests\bin\release\net8.0\kafka.ksql.linq.tests.integration.dll" id="173a5c6a-39b7-895e-9b5a-1e15dc155fed">
      <Execution id="81fa1c79-9664-479e-81f0-d9902475975e" />
      <TestMethod codeBase="C:\dev\experimental\physicalTests\bin\Release\net8.0\Kafka.Ksql.Linq.Tests.Integration.dll" adapterTypeName="executor://xunit/VsTestRunner2/netcoreapp" className="Kafka.Ksql.Linq.Tests.Integration.SchemaRegistryResetTests" name="Setup_ShouldRegisterAllSchemas" />
    </UnitTest>
    <UnitTest name="Kafka.Ksql.Linq.Tests.Integration.DefaultAndBoundaryValueTests.BoundaryValuesRoundTrip" storage="c:\dev\experimental\physicaltests\bin\release\net8.0\kafka.ksql.linq.tests.integration.dll" id="35c33335-3c6f-41c6-e0cd-a71e8b0b3178">
      <Execution id="bd9e93ba-6c15-4161-b7a3-e98ce6333ed1" />
      <TestMethod codeBase="C:\dev\experimental\physicalTests\bin\Release\net8.0\Kafka.Ksql.Linq.Tests.Integration.dll" adapterTypeName="executor://xunit/VsTestRunner2/netcoreapp" className="Kafka.Ksql.Linq.Tests.Integration.DefaultAndBoundaryValueTests" name="BoundaryValuesRoundTrip" />
    </UnitTest>
    <UnitTest name="Kafka.Ksql.Linq.Tests.Integration.InvalidQueryTests.GeneratedQuery_IsRejected(ksql: &quot;SELECT ID, COUNT(*) FROM ORDERS GROUP BY ID;&quot;)" storage="c:\dev\experimental\physicaltests\bin\release\net8.0\kafka.ksql.linq.tests.integration.dll" id="ad9ac948-5de9-3016-dc11-7e1e0ddb9a1f">
      <Execution id="2b289524-093a-432e-8ea8-1b2cf460fd9b" />
      <TestMethod codeBase="C:\dev\experimental\physicalTests\bin\Release\net8.0\Kafka.Ksql.Linq.Tests.Integration.dll" adapterTypeName="executor://xunit/VsTestRunner2/netcoreapp" className="Kafka.Ksql.Linq.Tests.Integration.InvalidQueryTests" name="GeneratedQuery_IsRejected" />
    </UnitTest>
    <UnitTest name="Kafka.Ksql.Linq.Tests.Integration.SchemaNameCaseSensitivityTests.LowercaseField_ShouldSucceed" storage="c:\dev\experimental\physicaltests\bin\release\net8.0\kafka.ksql.linq.tests.integration.dll" id="5917e101-0acb-1110-36fc-a2e3d83d03f6">
      <Execution id="15a22201-6396-498b-aab0-29183844b79f" />
      <TestMethod codeBase="C:\dev\experimental\physicalTests\bin\Release\net8.0\Kafka.Ksql.Linq.Tests.Integration.dll" adapterTypeName="executor://xunit/VsTestRunner2/netcoreapp" className="Kafka.Ksql.Linq.Tests.Integration.SchemaNameCaseSensitivityTests" name="LowercaseField_ShouldSucceed" />
    </UnitTest>
    <UnitTest name="Kafka.Ksql.Linq.Tests.Integration.JoinIntegrationTests.TwoTableJoin_Query_ShouldBeValid" storage="c:\dev\experimental\physicaltests\bin\release\net8.0\kafka.ksql.linq.tests.integration.dll" id="ce6a13c7-e84b-fd4c-062d-d534410ea237">
      <Execution id="4836afa7-55a1-4035-97a2-cf489cae5432" />
      <TestMethod codeBase="C:\dev\experimental\physicalTests\bin\Release\net8.0\Kafka.Ksql.Linq.Tests.Integration.dll" adapterTypeName="executor://xunit/VsTestRunner2/netcoreapp" className="Kafka.Ksql.Linq.Tests.Integration.JoinIntegrationTests" name="TwoTableJoin_Query_ShouldBeValid" />
    </UnitTest>
    <UnitTest name="Kafka.Ksql.Linq.Tests.Integration.BarDslMultiTierTests.MultiTier_1m_5m_15m_60m_Create_And_Ohlc_Sanity" storage="c:\dev\experimental\physicaltests\bin\release\net8.0\kafka.ksql.linq.tests.integration.dll" id="362ea334-db4e-46ce-8b95-3449bea35781">
      <Execution id="8db14bde-73d0-461c-ab21-1f4458eaa313" />
      <TestMethod codeBase="C:\dev\experimental\physicalTests\bin\Release\net8.0\Kafka.Ksql.Linq.Tests.Integration.dll" adapterTypeName="executor://xunit/VsTestRunner2/netcoreapp" className="Kafka.Ksql.Linq.Tests.Integration.BarDslMultiTierTests" name="MultiTier_1m_5m_15m_60m_Create_And_Ohlc_Sanity" />
    </UnitTest>
    <UnitTest name="Kafka.Ksql.Linq.Tests.Integration.SchemaRegistryResetTests.UpperCaseSubjects_ShouldNotExist" storage="c:\dev\experimental\physicaltests\bin\release\net8.0\kafka.ksql.linq.tests.integration.dll" id="2a812374-63bf-e2f9-3af2-1f33d0b7af6d">
      <Execution id="73d7d191-2b5c-415c-b70c-5d8dbb76a005" />
      <TestMethod codeBase="C:\dev\experimental\physicalTests\bin\Release\net8.0\Kafka.Ksql.Linq.Tests.Integration.dll" adapterTypeName="executor://xunit/VsTestRunner2/netcoreapp" className="Kafka.Ksql.Linq.Tests.Integration.SchemaRegistryResetTests" name="UpperCaseSubjects_ShouldNotExist" />
    </UnitTest>
    <UnitTest name="Kafka.Ksql.Linq.Tests.Integration.BigBang_KafkaConnection_TolerantTests.EX01_ForeachAsync_KafkaDown_ShouldFailGracefully" storage="c:\dev\experimental\physicaltests\bin\release\net8.0\kafka.ksql.linq.tests.integration.dll" id="fa46f409-6539-d06f-aa37-8cfd2c4998c0">
      <Execution id="ffce7575-19f2-4155-9f7c-7962ad872d08" />
      <TestMethod codeBase="C:\dev\experimental\physicalTests\bin\Release\net8.0\Kafka.Ksql.Linq.Tests.Integration.dll" adapterTypeName="executor://xunit/VsTestRunner2/netcoreapp" className="Kafka.Ksql.Linq.Tests.Integration.BigBang_KafkaConnection_TolerantTests" name="EX01_ForeachAsync_KafkaDown_ShouldFailGracefully" />
    </UnitTest>
    <UnitTest name="Kafka.Ksql.Linq.Tests.Integration.BigBang_KafkaConnection_StrictTests.EX02_ForeachAsync_KafkaDown_ShouldLogAndTimeout" storage="c:\dev\experimental\physicaltests\bin\release\net8.0\kafka.ksql.linq.tests.integration.dll" id="6288fb0e-9d2c-a603-9db2-af88d05ffb27">
      <Execution id="3e4a1f5a-9004-4561-907a-579ca585dc68" />
      <TestMethod codeBase="C:\dev\experimental\physicalTests\bin\Release\net8.0\Kafka.Ksql.Linq.Tests.Integration.dll" adapterTypeName="executor://xunit/VsTestRunner2/netcoreapp" className="Kafka.Ksql.Linq.Tests.Integration.BigBang_KafkaConnection_StrictTests" name="EX02_ForeachAsync_KafkaDown_ShouldLogAndTimeout" />
    </UnitTest>
    <UnitTest name="Kafka.Ksql.Linq.Tests.Integration.CompositeKeyPocoTests.SendAndReceive_CompositeKeyPoco" storage="c:\dev\experimental\physicaltests\bin\release\net8.0\kafka.ksql.linq.tests.integration.dll" id="4d1ab506-de68-e93b-e77a-c25236b29b8f">
      <Execution id="2fdb154d-8d12-41b8-b9ce-4fb46e739ea1" />
      <TestMethod codeBase="C:\dev\experimental\physicalTests\bin\Release\net8.0\Kafka.Ksql.Linq.Tests.Integration.dll" adapterTypeName="executor://xunit/VsTestRunner2/netcoreapp" className="Kafka.Ksql.Linq.Tests.Integration.CompositeKeyPocoTests" name="SendAndReceive_CompositeKeyPoco" />
    </UnitTest>
    <UnitTest name="Kafka.Ksql.Linq.Tests.Integration.KsqlSyntaxTests.GeneratedQuery_IsValidInKsqlDb(ksql: &quot;CREATE STREAM test_stream AS SELECT * FROM source &quot;···)" storage="c:\dev\experimental\physicaltests\bin\release\net8.0\kafka.ksql.linq.tests.integration.dll" id="1b9a7b5c-1c73-929c-a65b-b3bb50e359bc">
      <Execution id="40f5aa21-fe65-46cf-bcb5-1f5a9a484bd4" />
      <TestMethod codeBase="C:\dev\experimental\physicalTests\bin\Release\net8.0\Kafka.Ksql.Linq.Tests.Integration.dll" adapterTypeName="executor://xunit/VsTestRunner2/netcoreapp" className="Kafka.Ksql.Linq.Tests.Integration.KsqlSyntaxTests" name="GeneratedQuery_IsValidInKsqlDb" />
    </UnitTest>
    <UnitTest name="Kafka.Ksql.Linq.Tests.Integration.AdvancedDataTypeTests.Decimal_DateTime_Enum_RoundTrip" storage="c:\dev\experimental\physicaltests\bin\release\net8.0\kafka.ksql.linq.tests.integration.dll" id="1f670e60-a460-2f7f-dd56-948a1c5191c3">
      <Execution id="14bd2363-681b-4874-87c6-66e87d547e7c" />
      <TestMethod codeBase="C:\dev\experimental\physicalTests\bin\Release\net8.0\Kafka.Ksql.Linq.Tests.Integration.dll" adapterTypeName="executor://xunit/VsTestRunner2/netcoreapp" className="Kafka.Ksql.Linq.Tests.Integration.AdvancedDataTypeTests" name="Decimal_DateTime_Enum_RoundTrip" />
    </UnitTest>
    <UnitTest name="Kafka.Ksql.Linq.Tests.Integration.KsqlSyntaxTests.GeneratedQuery_IsValidInKsqlDb(ksql: &quot;SELECT CustomerId, COUNT(*) FROM orders GROUP BY C&quot;···)" storage="c:\dev\experimental\physicaltests\bin\release\net8.0\kafka.ksql.linq.tests.integration.dll" id="4a90876b-2734-76cc-4f62-bf397a2e6c64">
      <Execution id="5878e586-9f21-4597-b7ca-b1477747945e" />
      <TestMethod codeBase="C:\dev\experimental\physicalTests\bin\Release\net8.0\Kafka.Ksql.Linq.Tests.Integration.dll" adapterTypeName="executor://xunit/VsTestRunner2/netcoreapp" className="Kafka.Ksql.Linq.Tests.Integration.KsqlSyntaxTests" name="GeneratedQuery_IsValidInKsqlDb" />
    </UnitTest>
    <UnitTest name="Kafka.Ksql.Linq.Tests.Integration.TimeBucketImportTumblingTests.Import_Ticks_Define_Tumbling_Query_Then_Extract_Bars_Via_TimeBucket" storage="c:\dev\experimental\physicaltests\bin\release\net8.0\kafka.ksql.linq.tests.integration.dll" id="d4f95360-fa20-03e1-5810-a5fd78838e0d">
      <Execution id="89d949ca-7cb4-4817-8f55-161b70e9aba5" />
      <TestMethod codeBase="C:\dev\experimental\physicalTests\bin\Release\net8.0\Kafka.Ksql.Linq.Tests.Integration.dll" adapterTypeName="executor://xunit/VsTestRunner2/netcoreapp" className="Kafka.Ksql.Linq.Tests.Integration.TimeBucketImportTumblingTests" name="Import_Ticks_Define_Tumbling_Query_Then_Extract_Bars_Via_TimeBucket" />
    </UnitTest>
    <UnitTest name="Kafka.Ksql.Linq.Tests.Integration.SchemaRegistryResetTests.DuplicateSchemaRegistration_ShouldSucceed" storage="c:\dev\experimental\physicaltests\bin\release\net8.0\kafka.ksql.linq.tests.integration.dll" id="6ad00dfe-e135-6dc8-b1bf-666fa5fa3455">
      <Execution id="97e704d1-7e5d-4a77-9cfb-bc01b2cb748a" />
      <TestMethod codeBase="C:\dev\experimental\physicalTests\bin\Release\net8.0\Kafka.Ksql.Linq.Tests.Integration.dll" adapterTypeName="executor://xunit/VsTestRunner2/netcoreapp" className="Kafka.Ksql.Linq.Tests.Integration.SchemaRegistryResetTests" name="DuplicateSchemaRegistration_ShouldSucceed" />
    </UnitTest>
    <UnitTest name="Kafka.Ksql.Linq.Tests.Integration.PrimingBehaviorTests.AlwaysPriming_DoesNotLeakIntoConsumption" storage="c:\dev\experimental\physicaltests\bin\release\net8.0\kafka.ksql.linq.tests.integration.dll" id="1efd2b35-e074-3119-cb38-1db783196bee">
      <Execution id="64ecb1fa-b613-4b8c-af15-b0ab7c896c94" />
      <TestMethod codeBase="C:\dev\experimental\physicalTests\bin\Release\net8.0\Kafka.Ksql.Linq.Tests.Integration.dll" adapterTypeName="executor://xunit/VsTestRunner2/netcoreapp" className="Kafka.Ksql.Linq.Tests.Integration.PrimingBehaviorTests" name="AlwaysPriming_DoesNotLeakIntoConsumption" />
    </UnitTest>
    <UnitTest name="Kafka.Ksql.Linq.Tests.Integration.KsqlDbServiceDownTests.ExecuteStatement_ShouldFail_WhenKsqlDbDown" storage="c:\dev\experimental\physicaltests\bin\release\net8.0\kafka.ksql.linq.tests.integration.dll" id="ccf2bf61-9a31-6941-50d4-73c008678752">
      <Execution id="495bbd92-1ef6-45eb-9fd9-4ef791953398" />
      <TestMethod codeBase="C:\dev\experimental\physicalTests\bin\Release\net8.0\Kafka.Ksql.Linq.Tests.Integration.dll" adapterTypeName="executor://xunit/VsTestRunner2/netcoreapp" className="Kafka.Ksql.Linq.Tests.Integration.KsqlDbServiceDownTests" name="ExecuteStatement_ShouldFail_WhenKsqlDbDown" />
    </UnitTest>
    <UnitTest name="Kafka.Ksql.Linq.Tests.Integration.BarScheduleWeekendTests.WeekdaysOnly_DailyBars_With_MarketSchedule" storage="c:\dev\experimental\physicaltests\bin\release\net8.0\kafka.ksql.linq.tests.integration.dll" id="b56b9373-6c2f-5739-b8b6-dadbd353152b">
      <Execution id="95ee201a-9dbb-4f86-be4e-061c14397d3a" />
      <TestMethod codeBase="C:\dev\experimental\physicalTests\bin\Release\net8.0\Kafka.Ksql.Linq.Tests.Integration.dll" adapterTypeName="executor://xunit/VsTestRunner2/netcoreapp" className="Kafka.Ksql.Linq.Tests.Integration.BarScheduleWeekendTests" name="WeekdaysOnly_DailyBars_With_MarketSchedule" />
    </UnitTest>
    <UnitTest name="Kafka.Ksql.Linq.Tests.Integration.KafkaAdminServiceIntegrationTests.EnsureTopic_CreatesWithConfiguredStructure" storage="c:\dev\experimental\physicaltests\bin\release\net8.0\kafka.ksql.linq.tests.integration.dll" id="7ac897e6-3b9f-9d7e-7d3d-02e35f2ffa62">
      <Execution id="ca43f327-20cf-46a0-bf3c-dc4b4b940907" />
      <TestMethod codeBase="C:\dev\experimental\physicalTests\bin\Release\net8.0\Kafka.Ksql.Linq.Tests.Integration.dll" adapterTypeName="executor://xunit/VsTestRunner2/netcoreapp" className="Kafka.Ksql.Linq.Tests.Integration.KafkaAdminServiceIntegrationTests" name="EnsureTopic_CreatesWithConfiguredStructure" />
    </UnitTest>
  </TestDefinitions>
  <TestEntries>
    <TestEntry testId="52a48a8d-aaad-2671-a532-2ce974e3f69a" executionId="a25ff6cf-4bc3-4137-828a-dd00b6682bfd" testListId="8c84fa94-04c1-424b-9868-57a2d4851a1d" />
    <TestEntry testId="f1c03cea-0557-e281-789b-44a1e9e61d2d" executionId="adcb59df-2920-4093-b953-7d5e958e9d6e" testListId="8c84fa94-04c1-424b-9868-57a2d4851a1d" />
    <TestEntry testId="2a812374-63bf-e2f9-3af2-1f33d0b7af6d" executionId="73d7d191-2b5c-415c-b70c-5d8dbb76a005" testListId="8c84fa94-04c1-424b-9868-57a2d4851a1d" />
    <TestEntry testId="7ac897e6-3b9f-9d7e-7d3d-02e35f2ffa62" executionId="ca43f327-20cf-46a0-bf3c-dc4b4b940907" testListId="8c84fa94-04c1-424b-9868-57a2d4851a1d" />
    <TestEntry testId="6ad00dfe-e135-6dc8-b1bf-666fa5fa3455" executionId="97e704d1-7e5d-4a77-9cfb-bc01b2cb748a" testListId="8c84fa94-04c1-424b-9868-57a2d4851a1d" />
    <TestEntry testId="f4acc4e9-4e3f-fa27-9e40-28a744927795" executionId="20f8ca23-4a74-4dd0-84f7-e80405b10b6f" testListId="8c84fa94-04c1-424b-9868-57a2d4851a1d" />
    <TestEntry testId="17213b85-711d-b805-3bc7-22d3d12a9709" executionId="35caf038-419a-48aa-a41c-3742d1e1dad6" testListId="8c84fa94-04c1-424b-9868-57a2d4851a1d" />
    <TestEntry testId="fa7b7cf7-1520-25e3-2b05-597054f71af6" executionId="724f8e78-4795-48b8-80d6-2f172187a4c0" testListId="8c84fa94-04c1-424b-9868-57a2d4851a1d" />
    <TestEntry testId="ad9ac948-5de9-3016-dc11-7e1e0ddb9a1f" executionId="2b289524-093a-432e-8ea8-1b2cf460fd9b" testListId="8c84fa94-04c1-424b-9868-57a2d4851a1d" />
    <TestEntry testId="6288fb0e-9d2c-a603-9db2-af88d05ffb27" executionId="3e4a1f5a-9004-4561-907a-579ca585dc68" testListId="8c84fa94-04c1-424b-9868-57a2d4851a1d" />
    <TestEntry testId="b56b9373-6c2f-5739-b8b6-dadbd353152b" executionId="95ee201a-9dbb-4f86-be4e-061c14397d3a" testListId="8c84fa94-04c1-424b-9868-57a2d4851a1d" />
    <TestEntry testId="fa46f409-6539-d06f-aa37-8cfd2c4998c0" executionId="ffce7575-19f2-4155-9f7c-7962ad872d08" testListId="8c84fa94-04c1-424b-9868-57a2d4851a1d" />
    <TestEntry testId="5917e101-0acb-1110-36fc-a2e3d83d03f6" executionId="15a22201-6396-498b-aab0-29183844b79f" testListId="8c84fa94-04c1-424b-9868-57a2d4851a1d" />
    <TestEntry testId="821b062e-05e6-7b61-70b6-a85ab6158b98" executionId="fd0bdb42-d464-4e97-beb2-f7eebe78e368" testListId="8c84fa94-04c1-424b-9868-57a2d4851a1d" />
    <TestEntry testId="4a90876b-2734-76cc-4f62-bf397a2e6c64" executionId="5878e586-9f21-4597-b7ca-b1477747945e" testListId="8c84fa94-04c1-424b-9868-57a2d4851a1d" />
    <TestEntry testId="4d1ab506-de68-e93b-e77a-c25236b29b8f" executionId="2fdb154d-8d12-41b8-b9ce-4fb46e739ea1" testListId="8c84fa94-04c1-424b-9868-57a2d4851a1d" />
    <TestEntry testId="da24b4ec-31be-e42d-feb9-6cc309431547" executionId="a882f631-13ed-49a2-997c-cea1933f08c4" testListId="8c84fa94-04c1-424b-9868-57a2d4851a1d" />
    <TestEntry testId="ce6a13c7-e84b-fd4c-062d-d534410ea237" executionId="4836afa7-55a1-4035-97a2-cf489cae5432" testListId="8c84fa94-04c1-424b-9868-57a2d4851a1d" />
    <TestEntry testId="5a88f032-d48b-3e65-f6b6-dca9ef297733" executionId="3e34643e-f4d3-4060-aebe-2a81e7216fdf" testListId="8c84fa94-04c1-424b-9868-57a2d4851a1d" />
    <TestEntry testId="6dc1c76e-ddda-5058-33dc-fc758c3924b0" executionId="b8902f26-52ea-465f-a318-ceb339d26c14" testListId="8c84fa94-04c1-424b-9868-57a2d4851a1d" />
    <TestEntry testId="d4f95360-fa20-03e1-5810-a5fd78838e0d" executionId="89d949ca-7cb4-4817-8f55-161b70e9aba5" testListId="8c84fa94-04c1-424b-9868-57a2d4851a1d" />
    <TestEntry testId="6e9b6ef9-ac09-772f-de65-0a61c351b479" executionId="215ed6c9-812b-4e75-9396-38e6f884dbdb" testListId="8c84fa94-04c1-424b-9868-57a2d4851a1d" />
    <TestEntry testId="e7664d42-1a36-a709-59e4-00b5e1d7cc8f" executionId="e2956a00-dca4-4e1b-a958-93ae9faa592e" testListId="8c84fa94-04c1-424b-9868-57a2d4851a1d" />
    <TestEntry testId="173a5c6a-39b7-895e-9b5a-1e15dc155fed" executionId="81fa1c79-9664-479e-81f0-d9902475975e" testListId="8c84fa94-04c1-424b-9868-57a2d4851a1d" />
    <TestEntry testId="35c33335-3c6f-41c6-e0cd-a71e8b0b3178" executionId="bd9e93ba-6c15-4161-b7a3-e98ce6333ed1" testListId="8c84fa94-04c1-424b-9868-57a2d4851a1d" />
    <TestEntry testId="1f670e60-a460-2f7f-dd56-948a1c5191c3" executionId="14bd2363-681b-4874-87c6-66e87d547e7c" testListId="8c84fa94-04c1-424b-9868-57a2d4851a1d" />
    <TestEntry testId="ccf2bf61-9a31-6941-50d4-73c008678752" executionId="495bbd92-1ef6-45eb-9fd9-4ef791953398" testListId="8c84fa94-04c1-424b-9868-57a2d4851a1d" />
    <TestEntry testId="1efd2b35-e074-3119-cb38-1db783196bee" executionId="64ecb1fa-b613-4b8c-af15-b0ab7c896c94" testListId="8c84fa94-04c1-424b-9868-57a2d4851a1d" />
    <TestEntry testId="1b9a7b5c-1c73-929c-a65b-b3bb50e359bc" executionId="40f5aa21-fe65-46cf-bcb5-1f5a9a484bd4" testListId="8c84fa94-04c1-424b-9868-57a2d4851a1d" />
    <TestEntry testId="362ea334-db4e-46ce-8b95-3449bea35781" executionId="8db14bde-73d0-461c-ab21-1f4458eaa313" testListId="8c84fa94-04c1-424b-9868-57a2d4851a1d" />
    <TestEntry testId="757c3dd1-71d9-1640-b489-8396c560c560" executionId="3f8b40db-1be4-4057-8cd2-3a9f7067a483" testListId="8c84fa94-04c1-424b-9868-57a2d4851a1d" />
    <TestEntry testId="575bb240-2c56-ce42-7c0d-fdfabac2a9c7" executionId="b6f73de5-264e-4d49-b9b5-f5ddd09b613a" testListId="8c84fa94-04c1-424b-9868-57a2d4851a1d" />
  </TestEntries>
  <TestLists>
    <TestList name="一覧に存在しない結果" id="8c84fa94-04c1-424b-9868-57a2d4851a1d" />
    <TestList name="読み込まれたすべての結果" id="19431567-8539-422a-85d7-44ee4e166bda" />
  </TestLists>
  <ResultSummary outcome="Failed">
    <Counters total="32" executed="32" passed="24" failed="8" error="0" timeout="0" aborted="0" inconclusive="0" passedButRunAborted="0" notRunnable="0" notExecuted="0" disconnected="0" warning="0" completed="0" inProgress="0" pending="0" />
    <Output>
      <StdOut>[xUnit.net 00:00:00.00] xUnit.net VSTest Adapter v2.5.6+bf9b858c26 (64-bit .NET 8.0.19)&#xD;
[xUnit.net 00:00:00.33]   Discovering: Kafka.Ksql.Linq.Tests.Integration&#xD;
[xUnit.net 00:00:00.40]   Discovered:  Kafka.Ksql.Linq.Tests.Integration&#xD;
[xUnit.net 00:00:00.40]   Starting:    Kafka.Ksql.Linq.Tests.Integration&#xD;
CREATE STREAM result: True, msg: [{"@type":"currentStatus","statementText":"CREATE STREAM IF NOT EXISTS SOURCE (ID INTEGER) WITH (CLEANUP_POLICY='delete', KAFKA_TOPIC='source', KEY_FORMAT='KAFKA', PARTITIONS=1, VALUE_FORMAT='AVRO');","commandId":"stream/`SOURCE`/create","commandStatus":{"status":"SUCCESS","message":"Stream created","queryId":null},"commandSequenceNumber":6,"warnings":[]}]&#xD;
DDL result: True, msg: [{"@type":"currentStatus","statementText":"CREATE TABLE IF NOT EXISTS ORDERS (CUSTOMERID INTEGER PRIMARY KEY, ID INTEGER, REGION STRING, AMOUNT DOUBLE, ISHIGHPRIORITY BOOLEAN, COUNT INTEGER) WITH (CLEANUP_POLICY='compact', KAFKA_TOPIC='orders', KEY_FORMAT='AVRO', PARTITIONS=1, VALUE_FORMAT='AVRO');","commandId":"table/`ORDERS`/create","commandStatus":{"status":"SUCCESS","message":"Table created","queryId":null},"commandSequenceNumber":8,"warnings":[]}]&#xD;
DDL result: True, msg: [{"@type":"currentStatus","statementText":"CREATE TABLE IF NOT EXISTS CUSTOMERS (ID INTEGER PRIMARY KEY, NAME STRING) WITH (CLEANUP_POLICY='compact', KAFKA_TOPIC='customers', KEY_FORMAT='AVRO', PARTITIONS=1, VALUE_FORMAT='AVRO');","commandId":"table/`CUSTOMERS`/create","commandStatus":{"status":"SUCCESS","message":"Table created","queryId":null},"commandSequenceNumber":10,"warnings":[]}]&#xD;
DDL result: True, msg: [{"@type":"currentStatus","statementText":"CREATE TABLE IF NOT EXISTS EVENTS (LEVEL INTEGER PRIMARY KEY, MESSAGE STRING) WITH (CLEANUP_POLICY='compact', KAFKA_TOPIC='events', KEY_FORMAT='AVRO', PARTITIONS=1, VALUE_FORMAT='AVRO');","commandId":"table/`EVENTS`/create","commandStatus":{"status":"SUCCESS","message":"Table created","queryId":null},"commandSequenceNumber":12,"warnings":[]}]&#xD;
DDL result: True, msg: [{"@type":"currentStatus","statementText":"CREATE TABLE IF NOT EXISTS ORDERS_NULLABLE (CUSTOMERID INTEGER PRIMARY KEY, REGION STRING, AMOUNT DOUBLE) WITH (CLEANUP_POLICY='compact', KAFKA_TOPIC='orders_nullable', KEY_FORMAT='AVRO', PARTITIONS=1, VALUE_FORMAT='AVRO');","commandId":"table/`ORDERS_NULLABLE`/create","commandStatus":{"status":"SUCCESS","message":"Table created","queryId":null},"commandSequenceNumber":14,"warnings":[]}]&#xD;
DDL result: True, msg: [{"@type":"currentStatus","statementText":"CREATE TABLE IF NOT EXISTS ORDERS_NULLABLE_KEY (CUSTOMERID INTEGER PRIMARY KEY, AMOUNT DOUBLE) WITH (CLEANUP_POLICY='compact', KAFKA_TOPIC='orders_nullable_key', KEY_FORMAT='AVRO', PARTITIONS=1, VALUE_FORMAT='AVRO');","commandId":"table/`ORDERS_NULLABLE_KEY`/create","commandStatus":{"status":"SUCCESS","message":"Table created","queryId":null},"commandSequenceNumber":16,"warnings":[]}]&#xD;
CREATE STREAM result: True, msg: [{"@type":"warning_entity","statementText":"CREATE STREAM IF NOT EXISTS source (id INT) WITH (KAFKA_TOPIC='source', VALUE_FORMAT='AVRO', PARTITIONS=1);","message":"Cannot add stream `SOURCE`: A stream with the same name already exists.","warnings":[]}]&#xD;
DDL result: True, msg: [{"@type":"warning_entity","statementText":"CREATE TABLE IF NOT EXISTS ORDERS (CUSTOMERID INT PRIMARY KEY, ID INT, REGION VARCHAR, AMOUNT DOUBLE, ISHIGHPRIORITY BOOLEAN, COUNT INT) WITH (KAFKA_TOPIC='orders', VALUE_FORMAT='AVRO', KEY_FORMAT='AVRO', PARTITIONS=1);","message":"Cannot add table `ORDERS`: A table with the same name already exists.","warnings":[]}]&#xD;
DDL result: True, msg: [{"@type":"warning_entity","statementText":"CREATE TABLE IF NOT EXISTS CUSTOMERS (ID INT PRIMARY KEY, NAME VARCHAR) WITH (KAFKA_TOPIC='customers', VALUE_FORMAT='AVRO', KEY_FORMAT='AVRO', PARTITIONS=1);","message":"Cannot add table `CUSTOMERS`: A table with the same name already exists.","warnings":[]}]&#xD;
DDL result: True, msg: [{"@type":"warning_entity","statementText":"CREATE TABLE IF NOT EXISTS EVENTS (LEVEL INT PRIMARY KEY, MESSAGE VARCHAR) WITH (KAFKA_TOPIC='events', VALUE_FORMAT='AVRO', KEY_FORMAT='AVRO', PARTITIONS=1);","message":"Cannot add table `EVENTS`: A table with the same name already exists.","warnings":[]}]&#xD;
DDL result: True, msg: [{"@type":"warning_entity","statementText":"CREATE TABLE IF NOT EXISTS ORDERS_NULLABLE (CUSTOMERID INT PRIMARY KEY, REGION VARCHAR, AMOUNT DOUBLE) WITH (KAFKA_TOPIC='orders_nullable', VALUE_FORMAT='AVRO', KEY_FORMAT='AVRO', PARTITIONS=1);","message":"Cannot add table `ORDERS_NULLABLE`: A table with the same name already exists.","warnings":[]}]&#xD;
DDL result: True, msg: [{"@type":"warning_entity","statementText":"CREATE TABLE IF NOT EXISTS ORDERS_NULLABLE_KEY (CUSTOMERID INT PRIMARY KEY, AMOUNT DOUBLE) WITH (KAFKA_TOPIC='orders_nullable_key', VALUE_FORMAT='AVRO', KEY_FORMAT='AVRO', PARTITIONS=1);","message":"Cannot add table `ORDERS_NULLABLE_KEY`: A table with the same name already exists.","warnings":[]}]&#xD;
info: Kafka.Ksql.Linq.Infrastructure.Admin.KafkaAdminService[0]&#xD;
      DB topic created: orders_join&#xD;
info: Kafka.Ksql.Linq.KsqlContext[0]&#xD;
      ksql execute: EXECUTE SQL=SHOW TOPICS;&#xD;
info: Kafka.Ksql.Linq.KsqlContext[0]&#xD;
      KSQL DDL (simple OrderValue): CREATE OR REPLACE STREAM orders_join (CustomerId INT KEY, Id INT, Region VARCHAR, Amount DOUBLE) WITH (KAFKA_TOPIC='orders_join', KEY_FORMAT='AVRO', VALUE_FORMAT='AVRO', VALUE_AVRO_SCHEMA_FULL_NAME='kafka_ksql_linq_tests_integration.orders_join_valueAvro', PARTITIONS=1, REPLICAS=1);&#xD;
info: Kafka.Ksql.Linq.KsqlContext[0]&#xD;
      ksql execute: EXECUTE SQL=CREATE OR REPLACE STREAM orders_join (CustomerId INT KEY, Id INT, Region VARCHAR, Amount DOUBLE) WITH (KAFKA_TOPIC='orde...&#xD;
info: Kafka.Ksql.Linq.KsqlContext[0]&#xD;
      ksql execute: EXECUTE SQL=DESCRIBE EXTENDED ORDERS_JOIN;&#xD;
info: Kafka.Ksql.Linq.KsqlContext[0]&#xD;
      ksql execute: EXECUTE SQL=DESCRIBE EXTENDED ORDERS_JOIN;&#xD;
info: Kafka.Ksql.Linq.KsqlContext[0]&#xD;
      ksql execute: EXECUTE SQL=DESCRIBE EXTENDED ORDERS_JOIN;&#xD;
info: Kafka.Ksql.Linq.KsqlContext[0]&#xD;
      ksql execute: EXECUTE SQL=DESCRIBE EXTENDED ORDERS_JOIN;&#xD;
info: Kafka.Ksql.Linq.KsqlContext[0]&#xD;
      ksql execute: EXECUTE SQL=DESCRIBE EXTENDED ORDERS_JOIN;&#xD;
info: Kafka.Ksql.Linq.KsqlContext[0]&#xD;
      ksql execute: EXECUTE SQL=DESCRIBE EXTENDED ORDERS_JOIN;&#xD;
info: Kafka.Ksql.Linq.KsqlContext[0]&#xD;
      ksql execute: EXECUTE SQL=DESCRIBE EXTENDED ORDERS_JOIN;&#xD;
info: Kafka.Ksql.Linq.KsqlContext[0]&#xD;
      ksql execute: EXECUTE SQL=DESCRIBE EXTENDED ORDERS_JOIN;&#xD;
info: Kafka.Ksql.Linq.KsqlContext[0]&#xD;
      ksql execute: EXECUTE SQL=DESCRIBE EXTENDED ORDERS_JOIN;&#xD;
info: Kafka.Ksql.Linq.KsqlContext[0]&#xD;
      ksql execute: EXECUTE SQL=DESCRIBE EXTENDED ORDERS_JOIN;&#xD;
info: Kafka.Ksql.Linq.KsqlContext[0]&#xD;
      ksql execute: EXECUTE SQL=DESCRIBE EXTENDED ORDERS_JOIN;&#xD;
info: Kafka.Ksql.Linq.KsqlContext[0]&#xD;
      ksql execute: EXECUTE SQL=DESCRIBE EXTENDED ORDERS_JOIN;&#xD;
info: Kafka.Ksql.Linq.KsqlContext[0]&#xD;
      ksql execute: EXECUTE SQL=DESCRIBE EXTENDED ORDERS_JOIN;&#xD;
info: Kafka.Ksql.Linq.KsqlContext[0]&#xD;
      ksql execute: EXECUTE SQL=DESCRIBE EXTENDED ORDERS_JOIN;&#xD;
info: Kafka.Ksql.Linq.KsqlContext[0]&#xD;
      ksql execute: EXECUTE SQL=DESCRIBE EXTENDED ORDERS_JOIN;&#xD;
info: Kafka.Ksql.Linq.KsqlContext[0]&#xD;
      ksql execute: EXECUTE SQL=DESCRIBE EXTENDED ORDERS_JOIN;&#xD;
info: Kafka.Ksql.Linq.KsqlContext[0]&#xD;
      ksql execute: EXECUTE SQL=DESCRIBE EXTENDED ORDERS_JOIN;&#xD;
info: Kafka.Ksql.Linq.KsqlContext[0]&#xD;
      ksql execute: EXECUTE SQL=DESCRIBE EXTENDED ORDERS_JOIN;&#xD;
info: Kafka.Ksql.Linq.KsqlContext[0]&#xD;
      ksql execute: EXECUTE SQL=DESCRIBE EXTENDED ORDERS_JOIN;&#xD;
info: Kafka.Ksql.Linq.KsqlContext[0]&#xD;
      ksql execute: EXECUTE SQL=DESCRIBE EXTENDED ORDERS_JOIN;&#xD;
info: Kafka.Ksql.Linq.KsqlContext[0]&#xD;
      ksql execute: EXECUTE SQL=DESCRIBE EXTENDED ORDERS_JOIN;&#xD;
info: Kafka.Ksql.Linq.KsqlContext[0]&#xD;
      ksql execute: EXECUTE SQL=DESCRIBE EXTENDED ORDERS_JOIN;&#xD;
info: Kafka.Ksql.Linq.KsqlContext[0]&#xD;
      ksql execute: EXECUTE SQL=DESCRIBE EXTENDED ORDERS_JOIN;&#xD;
info: Kafka.Ksql.Linq.KsqlContext[0]&#xD;
      ksql execute: EXECUTE SQL=DESCRIBE EXTENDED ORDERS_JOIN;&#xD;
info: Kafka.Ksql.Linq.Infrastructure.Admin.KafkaAdminService[0]&#xD;
      DB topic created: customers_join&#xD;
info: Kafka.Ksql.Linq.KsqlContext[0]&#xD;
      ksql execute: EXECUTE SQL=SHOW TOPICS;&#xD;
info: Kafka.Ksql.Linq.KsqlContext[0]&#xD;
      KSQL DDL (simple Customer): CREATE OR REPLACE STREAM customers_join (Id INT KEY, Name VARCHAR) WITH (KAFKA_TOPIC='customers_join', KEY_FORMAT='AVRO', VALUE_FORMAT='AVRO', VALUE_AVRO_SCHEMA_FULL_NAME='kafka_ksql_linq_tests_integration.customers_join_valueAvro', PARTITIONS=1, REPLICAS=1);&#xD;
info: Kafka.Ksql.Linq.KsqlContext[0]&#xD;
      ksql execute: EXECUTE SQL=CREATE OR REPLACE STREAM customers_join (Id INT KEY, Name VARCHAR) WITH (KAFKA_TOPIC='customers_join', KEY_FORMAT='AVRO'...&#xD;
info: Kafka.Ksql.Linq.KsqlContext[0]&#xD;
      ksql execute: EXECUTE SQL=DESCRIBE EXTENDED CUSTOMERS_JOIN;&#xD;
info: Kafka.Ksql.Linq.KsqlContext[0]&#xD;
      ksql execute: EXECUTE SQL=DESCRIBE EXTENDED CUSTOMERS_JOIN;&#xD;
info: Kafka.Ksql.Linq.KsqlContext[0]&#xD;
      ksql execute: EXECUTE SQL=DESCRIBE EXTENDED CUSTOMERS_JOIN;&#xD;
info: Kafka.Ksql.Linq.KsqlContext[0]&#xD;
      ksql execute: EXECUTE SQL=DESCRIBE EXTENDED CUSTOMERS_JOIN;&#xD;
info: Kafka.Ksql.Linq.KsqlContext[0]&#xD;
      ksql execute: EXECUTE SQL=DESCRIBE EXTENDED CUSTOMERS_JOIN;&#xD;
info: Kafka.Ksql.Linq.KsqlContext[0]&#xD;
      ksql execute: EXECUTE SQL=DESCRIBE EXTENDED CUSTOMERS_JOIN;&#xD;
info: Kafka.Ksql.Linq.KsqlContext[0]&#xD;
      ksql execute: EXECUTE SQL=DESCRIBE EXTENDED CUSTOMERS_JOIN;&#xD;
info: Kafka.Ksql.Linq.KsqlContext[0]&#xD;
      ksql execute: EXECUTE SQL=DESCRIBE EXTENDED CUSTOMERS_JOIN;&#xD;
info: Kafka.Ksql.Linq.KsqlContext[0]&#xD;
      ksql execute: EXECUTE SQL=DESCRIBE EXTENDED CUSTOMERS_JOIN;&#xD;
info: Kafka.Ksql.Linq.KsqlContext[0]&#xD;
      ksql execute: EXECUTE SQL=DESCRIBE EXTENDED CUSTOMERS_JOIN;&#xD;
info: Kafka.Ksql.Linq.KsqlContext[0]&#xD;
      ksql execute: EXECUTE SQL=DESCRIBE EXTENDED CUSTOMERS_JOIN;&#xD;
info: Kafka.Ksql.Linq.KsqlContext[0]&#xD;
      ksql execute: EXECUTE SQL=DESCRIBE EXTENDED CUSTOMERS_JOIN;&#xD;
info: Kafka.Ksql.Linq.KsqlContext[0]&#xD;
      ksql execute: EXECUTE SQL=DESCRIBE EXTENDED CUSTOMERS_JOIN;&#xD;
info: Kafka.Ksql.Linq.KsqlContext[0]&#xD;
      ksql execute: EXECUTE SQL=DESCRIBE EXTENDED CUSTOMERS_JOIN;&#xD;
info: Kafka.Ksql.Linq.KsqlContext[0]&#xD;
      ksql execute: EXECUTE SQL=DESCRIBE EXTENDED CUSTOMERS_JOIN;&#xD;
info: Kafka.Ksql.Linq.KsqlContext[0]&#xD;
      ksql execute: EXECUTE SQL=DESCRIBE EXTENDED CUSTOMERS_JOIN;&#xD;
info: Kafka.Ksql.Linq.KsqlContext[0]&#xD;
      ksql execute: EXECUTE SQL=DESCRIBE EXTENDED CUSTOMERS_JOIN;&#xD;
info: Kafka.Ksql.Linq.KsqlContext[0]&#xD;
      ksql execute: EXECUTE SQL=DESCRIBE EXTENDED CUSTOMERS_JOIN;&#xD;
info: Kafka.Ksql.Linq.KsqlContext[0]&#xD;
      ksql execute: EXECUTE SQL=DESCRIBE EXTENDED CUSTOMERS_JOIN;&#xD;
info: Kafka.Ksql.Linq.KsqlContext[0]&#xD;
      ksql execute: EXECUTE SQL=DESCRIBE EXTENDED CUSTOMERS_JOIN;&#xD;
info: Kafka.Ksql.Linq.KsqlContext[0]&#xD;
      ksql execute: EXECUTE SQL=DESCRIBE EXTENDED CUSTOMERS_JOIN;&#xD;
info: Kafka.Ksql.Linq.KsqlContext[0]&#xD;
      ksql execute: EXECUTE SQL=DESCRIBE EXTENDED CUSTOMERS_JOIN;&#xD;
info: Kafka.Ksql.Linq.KsqlContext[0]&#xD;
      ksql execute: EXECUTE SQL=DESCRIBE EXTENDED CUSTOMERS_JOIN;&#xD;
info: Kafka.Ksql.Linq.KsqlContext[0]&#xD;
      ksql execute: EXECUTE SQL=DESCRIBE EXTENDED CUSTOMERS_JOIN;&#xD;
info: Kafka.Ksql.Linq.Infrastructure.Admin.KafkaAdminService[0]&#xD;
      DB topic created: dead-letter-queue&#xD;
info: Kafka.Ksql.Linq.KsqlContext[0]&#xD;
      ksql execute: EXECUTE SQL=SHOW TOPICS;&#xD;
info: Kafka.Ksql.Linq.KsqlContext[0]&#xD;
      KSQL DDL (simple DlqEnvelope): CREATE OR REPLACE STREAM dead_letter_queue (`Topic` VARCHAR KEY, `Partition` INT KEY, `Offset` BIGINT KEY, TimestampUtc VARCHAR, IngestedAtUtc VARCHAR, PayloadFormatKey VARCHAR, PayloadFormatValue VARCHAR, SchemaIdKey VARCHAR, SchemaIdValue VARCHAR, KeyIsNull BOOLEAN, ErrorType VARCHAR, ErrorMessageShort VARCHAR, StackTraceShort VARCHAR, ErrorFingerprint VARCHAR, ApplicationId VARCHAR, ConsumerGroup VARCHAR, Host VARCHAR, Headers MAP&lt;STRING, STRING&gt;) WITH (KAFKA_TOPIC='dead-letter-queue', KEY_FORMAT='AVRO', VALUE_FORMAT='AVRO', VALUE_AVRO_SCHEMA_FULL_NAME='kafka_ksql_linq_messaging.dead_letter_queue_valueAvro', PARTITIONS=1, REPLICAS=1);&#xD;
info: Kafka.Ksql.Linq.KsqlContext[0]&#xD;
      ksql execute: EXECUTE SQL=CREATE OR REPLACE STREAM dead_letter_queue (`Topic` VARCHAR KEY, `Partition` INT KEY, `Offset` BIGINT KEY, TimestampUtc ...&#xD;
info: Kafka.Ksql.Linq.KsqlContext[0]&#xD;
      ksql execute: EXECUTE SQL=DESCRIBE EXTENDED DEAD-LETTER-QUEUE;&#xD;
info: Kafka.Ksql.Linq.KsqlContext[0]&#xD;
      ksql execute: EXECUTE SQL=DESCRIBE EXTENDED DEAD-LETTER-QUEUE;&#xD;
info: Kafka.Ksql.Linq.KsqlContext[0]&#xD;
      ksql execute: EXECUTE SQL=DESCRIBE EXTENDED DEAD-LETTER-QUEUE;&#xD;
info: Kafka.Ksql.Linq.KsqlContext[0]&#xD;
      ksql execute: EXECUTE SQL=DESCRIBE EXTENDED DEAD-LETTER-QUEUE;&#xD;
info: Kafka.Ksql.Linq.KsqlContext[0]&#xD;
      ksql execute: EXECUTE SQL=DESCRIBE EXTENDED DEAD-LETTER-QUEUE;&#xD;
info: Kafka.Ksql.Linq.KsqlContext[0]&#xD;
      ksql execute: EXECUTE SQL=DESCRIBE EXTENDED DEAD-LETTER-QUEUE;&#xD;
info: Kafka.Ksql.Linq.KsqlContext[0]&#xD;
      ksql execute: EXECUTE SQL=DESCRIBE EXTENDED DEAD-LETTER-QUEUE;&#xD;
info: Kafka.Ksql.Linq.KsqlContext[0]&#xD;
      ksql execute: EXECUTE SQL=DESCRIBE EXTENDED DEAD-LETTER-QUEUE;&#xD;
info: Kafka.Ksql.Linq.KsqlContext[0]&#xD;
      ksql execute: EXECUTE SQL=DESCRIBE EXTENDED DEAD-LETTER-QUEUE;&#xD;
info: Kafka.Ksql.Linq.KsqlContext[0]&#xD;
      ksql execute: EXECUTE SQL=DESCRIBE EXTENDED DEAD-LETTER-QUEUE;&#xD;
info: Kafka.Ksql.Linq.KsqlContext[0]&#xD;
      ksql execute: EXECUTE SQL=DESCRIBE EXTENDED DEAD-LETTER-QUEUE;&#xD;
info: Kafka.Ksql.Linq.KsqlContext[0]&#xD;
      ksql execute: EXECUTE SQL=DESCRIBE EXTENDED DEAD-LETTER-QUEUE;&#xD;
info: Kafka.Ksql.Linq.KsqlContext[0]&#xD;
      ksql execute: EXECUTE SQL=DESCRIBE EXTENDED DEAD-LETTER-QUEUE;&#xD;
info: Kafka.Ksql.Linq.KsqlContext[0]&#xD;
      ksql execute: EXECUTE SQL=DESCRIBE EXTENDED DEAD-LETTER-QUEUE;&#xD;
info: Kafka.Ksql.Linq.KsqlContext[0]&#xD;
      ksql execute: EXECUTE SQL=DESCRIBE EXTENDED DEAD-LETTER-QUEUE;&#xD;
info: Kafka.Ksql.Linq.KsqlContext[0]&#xD;
      ksql execute: EXECUTE SQL=DESCRIBE EXTENDED DEAD-LETTER-QUEUE;&#xD;
info: Kafka.Ksql.Linq.KsqlContext[0]&#xD;
      ksql execute: EXECUTE SQL=DESCRIBE EXTENDED DEAD-LETTER-QUEUE;&#xD;
info: Kafka.Ksql.Linq.KsqlContext[0]&#xD;
      ksql execute: EXECUTE SQL=DESCRIBE EXTENDED DEAD-LETTER-QUEUE;&#xD;
info: Kafka.Ksql.Linq.KsqlContext[0]&#xD;
      ksql execute: EXECUTE SQL=DESCRIBE EXTENDED DEAD-LETTER-QUEUE;&#xD;
info: Kafka.Ksql.Linq.KsqlContext[0]&#xD;
      ksql execute: EXECUTE SQL=DESCRIBE EXTENDED DEAD-LETTER-QUEUE;&#xD;
info: Kafka.Ksql.Linq.KsqlContext[0]&#xD;
      ksql execute: EXECUTE SQL=DESCRIBE EXTENDED DEAD-LETTER-QUEUE;&#xD;
info: Kafka.Ksql.Linq.KsqlContext[0]&#xD;
      ksql execute: EXECUTE SQL=DESCRIBE EXTENDED DEAD-LETTER-QUEUE;&#xD;
info: Kafka.Ksql.Linq.KsqlContext[0]&#xD;
      ksql execute: EXECUTE SQL=DESCRIBE EXTENDED DEAD-LETTER-QUEUE;&#xD;
info: Kafka.Ksql.Linq.KsqlContext[0]&#xD;
      ksql execute: EXECUTE SQL=DESCRIBE EXTENDED DEAD-LETTER-QUEUE;&#xD;
info: Kafka.Ksql.Linq.KsqlContext[0]&#xD;
      KSQL DDL (query OrderCustomerJoined): CREATE OR REPLACE STREAM orders_customers_join (CustomerId INT KEY, Name VARCHAR, Amount DOUBLE) WITH (KAFKA_TOPIC='orders_customers_join', KEY_FORMAT='AVRO', VALUE_FORMAT='AVRO', VALUE_AVRO_SCHEMA_FULL_NAME='kafka_ksql_linq_tests_integration.orders_customers_join_valueAvro', PARTITIONS=1, REPLICAS=1);&#xD;
info: Kafka.Ksql.Linq.KsqlContext[0]&#xD;
      ksql execute: EXECUTE SQL=CREATE OR REPLACE STREAM orders_customers_join (CustomerId INT KEY, Name VARCHAR, Amount DOUBLE) WITH (KAFKA_TOPIC='orde...&#xD;
info: Kafka.Ksql.Linq.KsqlContext[0]&#xD;
      KSQL DDL (query OrderCustomerJoined): INSERT INTO orders_customers_join SELECT o.CUSTOMERID AS CustomerId, i.Name AS Name, o.Amount AS Amount&#xD;
      FROM ORDERS_JOIN o JOIN CUSTOMERS_JOIN i WITHIN 300 SECONDS ON (o.CustomerId = i.Id)&#xD;
      EMIT CHANGES;&#xD;
info: Kafka.Ksql.Linq.KsqlContext[0]&#xD;
      ksql execute: EXECUTE SQL=INSERT INTO orders_customers_join SELECT o.CUSTOMERID AS CustomerId, i.Name AS Name, o.Amount AS Amount  FROM ORDERS_JOI...&#xD;
info: Kafka.Ksql.Linq.KsqlContext[0]&#xD;
      Kafka initialization completed; DLQ topic 'dead-letter-queue' ready with 5000ms retention&#xD;
info: Kafka.Ksql.Linq.KsqlContext[0]&#xD;
      ksql execute: EXPLAIN SQL=SELECT CustomerId, Name, Amount FROM ORDERS_JOIN JOIN CUSTOMERS_JOIN WITHIN 300 SECONDS ON (ORDERS_JOIN.CustomerId = CUS...&#xD;
[xUnit.net 00:01:08.29]       System.Net.Http.HttpRequestException : Response status code does not indicate success: 409 (Conflict).&#xD;
[xUnit.net 00:01:08.29]       Stack Trace:&#xD;
[xUnit.net 00:01:08.29]         C:\dev\experimental\physicalTests\Connectivity\SchemaRegistryResetTests.cs(229,0): at Kafka.Ksql.Linq.Tests.Integration.EnvSchemaRegistryResetTests.SetupAsync()&#xD;
[xUnit.net 00:01:08.29]         C:\dev\experimental\physicalTests\Connectivity\SchemaRegistryResetTests.cs(130,0): at Kafka.Ksql.Linq.Tests.Integration.SchemaRegistryResetTests.UpperCaseSubjects_ShouldNotExist()&#xD;
[xUnit.net 00:01:08.29]         --- End of stack trace from previous location ---&#xD;
[xUnit.net 00:01:11.64]       System.Net.Http.HttpRequestException : Response status code does not indicate success: 409 (Conflict).&#xD;
[xUnit.net 00:01:11.64]       Stack Trace:&#xD;
[xUnit.net 00:01:11.64]         C:\dev\experimental\physicalTests\Connectivity\SchemaRegistryResetTests.cs(229,0): at Kafka.Ksql.Linq.Tests.Integration.EnvSchemaRegistryResetTests.SetupAsync()&#xD;
[xUnit.net 00:01:11.64]         C:\dev\experimental\physicalTests\Connectivity\SchemaRegistryResetTests.cs(67,0): at Kafka.Ksql.Linq.Tests.Integration.SchemaRegistryResetTests.Setup_ShouldRegisterAllSchemas()&#xD;
[xUnit.net 00:01:11.64]         --- End of stack trace from previous location ---&#xD;
[xUnit.net 00:01:14.97]       System.Net.Http.HttpRequestException : Response status code does not indicate success: 409 (Conflict).&#xD;
[xUnit.net 00:01:14.97]       Stack Trace:&#xD;
[xUnit.net 00:01:14.97]         C:\dev\experimental\physicalTests\Connectivity\SchemaRegistryResetTests.cs(229,0): at Kafka.Ksql.Linq.Tests.Integration.EnvSchemaRegistryResetTests.SetupAsync()&#xD;
[xUnit.net 00:01:14.97]         C:\dev\experimental\physicalTests\Connectivity\SchemaRegistryResetTests.cs(89,0): at Kafka.Ksql.Linq.Tests.Integration.SchemaRegistryResetTests.DuplicateSchemaRegistration_ShouldSucceed()&#xD;
[xUnit.net 00:01:14.97]         --- End of stack trace from previous location ---&#xD;
[ConsumerConfig] topic=records group=c432a12e-2a95-42dc-a86a-5585dd03739f enableAutoCommit=True autoOffsetReset=Earliest&#xD;
[ConsumeInternal] subscribed topic=records group=c432a12e-2a95-42dc-a86a-5585dd03739f autoCommit=True&#xD;
dbug: Kafka.Ksql.Linq.Infrastructure.Admin.KafkaAdminService[0]&#xD;
      KafkaAdminService initialized with BootstrapServers: 127.0.0.1:39092&#xD;
info: Kafka.Ksql.Linq.Messaging.Producers.KafkaProducerManager[0]&#xD;
      producer:orders_compkey config: Acks=All, BatchNumMessages=10000, BatchSize=16384, BootstrapServers=127.0.0.1:39092, ClientId=ksql-dsl-client, CompressionType=Snappy, EnableIdempotence=True, LingerMs=5, MaxInFlight=1, MessageTimeoutMs=120000, RetryBackoffMs=100&#xD;
info: Kafka.Ksql.Linq.Messaging.Producers.KafkaProducerManager[0]&#xD;
      schema-registry(producer) config: Url=http://127.0.0.1:18081&#xD;
info: Kafka.Ksql.Linq.Messaging.Producers.KafkaProducerManager[0]&#xD;
      kafka produce: topic=orders_compkey, entity=Order, method=SendAsync&#xD;
[ConsumerConfig] topic=orders_compkey group=b9c3f0ce-b1cc-4fe7-b09d-343039f82e0b enableAutoCommit=True autoOffsetReset=Earliest&#xD;
info: Kafka.Ksql.Linq.Messaging.Consumers.KafkaConsumerManager[0]&#xD;
      consumer:orders_compkey config: AutoCommitIntervalMs=5000, AutoOffsetReset=Earliest, BootstrapServers=127.0.0.1:39092, ClientId=ksql-dsl-client, EnableAutoCommit=True, FetchMaxBytes=52428800, FetchMinBytes=1, GroupId=b9c3f0ce-b1cc-4fe7-b09d-343039f82e0b, HeartbeatIntervalMs=3000, IsolationLevel=ReadUncommitted, MaxPollIntervalMs=300000, SessionTimeoutMs=30000&#xD;
info: Kafka.Ksql.Linq.Messaging.Consumers.KafkaConsumerManager[0]&#xD;
      schema-registry(consumer) config: Url=http://127.0.0.1:18081&#xD;
[ConsumeInternal] subscribed topic=orders_compkey group=b9c3f0ce-b1cc-4fe7-b09d-343039f82e0b autoCommit=True&#xD;
[ConsumerConfig] topic=orders_compkey group=b9c3f0ce-b1cc-4fe7-b09d-343039f82e0b enableAutoCommit=True autoOffsetReset=Earliest&#xD;
info: Kafka.Ksql.Linq.Messaging.Consumers.KafkaConsumerManager[0]&#xD;
      consumer:orders_compkey config: AutoCommitIntervalMs=5000, AutoOffsetReset=Earliest, BootstrapServers=127.0.0.1:39092, ClientId=ksql-dsl-client, EnableAutoCommit=True, FetchMaxBytes=52428800, FetchMinBytes=1, GroupId=b9c3f0ce-b1cc-4fe7-b09d-343039f82e0b, HeartbeatIntervalMs=3000, IsolationLevel=ReadUncommitted, MaxPollIntervalMs=300000, SessionTimeoutMs=30000&#xD;
[ConsumeInternal] subscribed topic=orders_compkey group=b9c3f0ce-b1cc-4fe7-b09d-343039f82e0b autoCommit=True&#xD;
dbug: Kafka.Ksql.Linq.Infrastructure.Admin.KafkaAdminService[0]&#xD;
      KafkaAdminService disposed&#xD;
[ConsumerConfig] topic=alltyperecords group=837344d4-dc32-413a-87a1-17505e37dcb0 enableAutoCommit=True autoOffsetReset=Earliest&#xD;
[ConsumeInternal] subscribed topic=alltyperecords group=837344d4-dc32-413a-87a1-17505e37dcb0 autoCommit=True&#xD;
[ConsumerConfig] topic=alltyperecords group=08400901-af81-4c5b-aaa0-fe26842c50b3 enableAutoCommit=True autoOffsetReset=Earliest&#xD;
[ConsumeInternal] subscribed topic=alltyperecords group=08400901-af81-4c5b-aaa0-fe26842c50b3 autoCommit=True&#xD;
[ConsumerConfig] topic=alltyperecords group=33fa3b8b-8092-4c17-a3a1-1a11f1f91d8c enableAutoCommit=True autoOffsetReset=Earliest&#xD;
[ConsumeInternal] subscribed topic=alltyperecords group=33fa3b8b-8092-4c17-a3a1-1a11f1f91d8c autoCommit=True&#xD;
[xUnit.net 00:03:50.53]       System.InvalidOperationException : DDL execution failed for DlqEnvelope: {"error_code":404,"message":"HTTP 404 Not Found"}&#xD;
[xUnit.net 00:03:50.53]       Stack Trace:&#xD;
[xUnit.net 00:03:50.53]            at Kafka.Ksql.Linq.KsqlContext.EnsureSimpleEntityDdlAsync(Type type, EntityModel model)&#xD;
[xUnit.net 00:03:50.53]            at Kafka.Ksql.Linq.KsqlContext.RegisterSchemasAndMaterializeAsync()&#xD;
[xUnit.net 00:03:50.53]            at Kafka.Ksql.Linq.KsqlContext.InitializeWithSchemaRegistration()&#xD;
[xUnit.net 00:03:50.53]            at Kafka.Ksql.Linq.KsqlContext.InitializeCore(ILoggerFactory loggerFactory)&#xD;
[xUnit.net 00:03:50.53]            at Kafka.Ksql.Linq.KsqlContext..ctor(KsqlDslOptions options, ILoggerFactory loggerFactory)&#xD;
[xUnit.net 00:03:50.53]         C:\dev\experimental\physicalTests\OssSamples\DlqIntegrationTests.cs(28,0): at Kafka.Ksql.Linq.Tests.Integration.DlqIntegrationTests.OrderContext..ctor(KsqlDslOptions options)&#xD;
[xUnit.net 00:03:50.53]         C:\dev\experimental\physicalTests\OssSamples\DlqIntegrationTests.cs(52,0): at Kafka.Ksql.Linq.Tests.Integration.DlqIntegrationTests.ForEachAsync_OnErrorDlq_WritesToDlq()&#xD;
[xUnit.net 00:03:50.53]         --- End of stack trace from previous location ---&#xD;
[ConsumerConfig] topic=manual_commit group=f485b079-5b64-4d99-b99f-ab5359f3827e enableAutoCommit=False autoOffsetReset=Earliest&#xD;
[ConsumeInternal] subscribed topic=manual_commit group=f485b079-5b64-4d99-b99f-ab5359f3827e autoCommit=False&#xD;
[ManualCommit][track] topic=manual_commit p=0 off=0&#xD;
[ManualCommit][track] topic=manual_commit p=0 off=1&#xD;
[ManualCommit][track] topic=manual_commit p=0 off=2&#xD;
[ManualCommit][observed] topic=manual_commit p=0 committed=3&#xD;
[ConsumerConfig] topic=manual_commit group=f485b079-5b64-4d99-b99f-ab5359f3827e enableAutoCommit=False autoOffsetReset=Earliest&#xD;
[ConsumeInternal] subscribed topic=manual_commit group=f485b079-5b64-4d99-b99f-ab5359f3827e autoCommit=False&#xD;
[ManualCommit][track] topic=manual_commit p=0 off=3&#xD;
[ManualCommit][observed] topic=manual_commit p=0 committed=4&#xD;
[ConsumerConfig] topic=records_no_key group=22a5992d-76fe-43eb-9c26-7a8c44969947 enableAutoCommit=True autoOffsetReset=Earliest&#xD;
[ConsumeInternal] subscribed topic=records_no_key group=22a5992d-76fe-43eb-9c26-7a8c44969947 autoCommit=True&#xD;
[ConsumerConfig] topic=priming_records group=b8a14321-0c1d-4950-aa57-48d65f40cc2f enableAutoCommit=True autoOffsetReset=Earliest&#xD;
[ConsumeInternal] subscribed topic=priming_records group=b8a14321-0c1d-4950-aa57-48d65f40cc2f autoCommit=True&#xD;
info: Kafka.Ksql.Linq.KsqlContext[0]&#xD;
      ksql execute: EXECUTE SQL=SHOW TOPICS;&#xD;
info: Kafka.Ksql.Linq.KsqlContext[0]&#xD;
      KSQL DDL (simple Tick): CREATE TABLE IF NOT EXISTS rocks_to_list_ticks (tick_key STRUCT&lt;Broker VARCHAR, Symbol VARCHAR&gt; PRIMARY KEY, Price DOUBLE) WITH (KAFKA_TOPIC='rocks_to_list_ticks', KEY_FORMAT='AVRO', VALUE_FORMAT='AVRO', VALUE_AVRO_SCHEMA_FULL_NAME='kafka_ksql_linq_tests_integration.rocks_to_list_ticks_valueAvro', PARTITIONS=1, REPLICAS=1);&#xD;
info: Kafka.Ksql.Linq.KsqlContext[0]&#xD;
      ksql execute: EXECUTE SQL=CREATE TABLE IF NOT EXISTS rocks_to_list_ticks (tick_key STRUCT&lt;Broker VARCHAR, Symbol VARCHAR&gt; PRIMARY KEY, Price DOUBL...&#xD;
info: Kafka.Ksql.Linq.KsqlContext[0]&#xD;
      ksql execute: EXECUTE SQL=DESCRIBE EXTENDED ROCKS_TO_LIST_TICKS;&#xD;
info: Kafka.Ksql.Linq.KsqlContext[0]&#xD;
      ksql execute: EXECUTE SQL=DESCRIBE EXTENDED ROCKS_TO_LIST_TICKS;&#xD;
info: Kafka.Ksql.Linq.KsqlContext[0]&#xD;
      ksql execute: EXECUTE SQL=DESCRIBE EXTENDED ROCKS_TO_LIST_TICKS;&#xD;
info: Kafka.Ksql.Linq.KsqlContext[0]&#xD;
      ksql execute: EXECUTE SQL=DESCRIBE EXTENDED ROCKS_TO_LIST_TICKS;&#xD;
info: Kafka.Ksql.Linq.KsqlContext[0]&#xD;
      ksql execute: EXECUTE SQL=DESCRIBE EXTENDED ROCKS_TO_LIST_TICKS;&#xD;
info: Kafka.Ksql.Linq.KsqlContext[0]&#xD;
      ksql execute: EXECUTE SQL=DESCRIBE EXTENDED ROCKS_TO_LIST_TICKS;&#xD;
info: Kafka.Ksql.Linq.KsqlContext[0]&#xD;
      ksql execute: EXECUTE SQL=DESCRIBE EXTENDED ROCKS_TO_LIST_TICKS;&#xD;
info: Kafka.Ksql.Linq.KsqlContext[0]&#xD;
      ksql execute: EXECUTE SQL=DESCRIBE EXTENDED ROCKS_TO_LIST_TICKS;&#xD;
info: Kafka.Ksql.Linq.KsqlContext[0]&#xD;
      ksql execute: EXECUTE SQL=DESCRIBE EXTENDED ROCKS_TO_LIST_TICKS;&#xD;
info: Kafka.Ksql.Linq.KsqlContext[0]&#xD;
      ksql execute: EXECUTE SQL=DESCRIBE EXTENDED ROCKS_TO_LIST_TICKS;&#xD;
info: Kafka.Ksql.Linq.KsqlContext[0]&#xD;
      ksql execute: EXECUTE SQL=DESCRIBE EXTENDED ROCKS_TO_LIST_TICKS;&#xD;
info: Kafka.Ksql.Linq.KsqlContext[0]&#xD;
      ksql execute: EXECUTE SQL=DESCRIBE EXTENDED ROCKS_TO_LIST_TICKS;&#xD;
info: Kafka.Ksql.Linq.KsqlContext[0]&#xD;
      ksql execute: EXECUTE SQL=DESCRIBE EXTENDED ROCKS_TO_LIST_TICKS;&#xD;
info: Kafka.Ksql.Linq.KsqlContext[0]&#xD;
      ksql execute: EXECUTE SQL=DESCRIBE EXTENDED ROCKS_TO_LIST_TICKS;&#xD;
info: Kafka.Ksql.Linq.KsqlContext[0]&#xD;
      ksql execute: EXECUTE SQL=DESCRIBE EXTENDED ROCKS_TO_LIST_TICKS;&#xD;
info: Kafka.Ksql.Linq.KsqlContext[0]&#xD;
      ksql execute: EXECUTE SQL=DESCRIBE EXTENDED ROCKS_TO_LIST_TICKS;&#xD;
info: Kafka.Ksql.Linq.KsqlContext[0]&#xD;
      ksql execute: EXECUTE SQL=DESCRIBE EXTENDED ROCKS_TO_LIST_TICKS;&#xD;
info: Kafka.Ksql.Linq.KsqlContext[0]&#xD;
      ksql execute: EXECUTE SQL=DESCRIBE EXTENDED ROCKS_TO_LIST_TICKS;&#xD;
info: Kafka.Ksql.Linq.KsqlContext[0]&#xD;
      ksql execute: EXECUTE SQL=DESCRIBE EXTENDED ROCKS_TO_LIST_TICKS;&#xD;
info: Kafka.Ksql.Linq.KsqlContext[0]&#xD;
      ksql execute: EXECUTE SQL=DESCRIBE EXTENDED ROCKS_TO_LIST_TICKS;&#xD;
info: Kafka.Ksql.Linq.KsqlContext[0]&#xD;
      ksql execute: EXECUTE SQL=DESCRIBE EXTENDED ROCKS_TO_LIST_TICKS;&#xD;
info: Kafka.Ksql.Linq.KsqlContext[0]&#xD;
      ksql execute: EXECUTE SQL=DESCRIBE EXTENDED ROCKS_TO_LIST_TICKS;&#xD;
info: Kafka.Ksql.Linq.KsqlContext[0]&#xD;
      ksql execute: EXECUTE SQL=DESCRIBE EXTENDED ROCKS_TO_LIST_TICKS;&#xD;
info: Kafka.Ksql.Linq.KsqlContext[0]&#xD;
      ksql execute: EXECUTE SQL=DESCRIBE EXTENDED ROCKS_TO_LIST_TICKS;&#xD;
info: Kafka.Ksql.Linq.KsqlContext[0]&#xD;
      ksql execute: EXECUTE SQL=SHOW TOPICS;&#xD;
info: Kafka.Ksql.Linq.KsqlContext[0]&#xD;
      KSQL DDL (simple DlqEnvelope): CREATE OR REPLACE STREAM dead_letter_queue (`Topic` VARCHAR KEY, `Partition` INT KEY, `Offset` BIGINT KEY, TimestampUtc VARCHAR, IngestedAtUtc VARCHAR, PayloadFormatKey VARCHAR, PayloadFormatValue VARCHAR, SchemaIdKey VARCHAR, SchemaIdValue VARCHAR, KeyIsNull BOOLEAN, ErrorType VARCHAR, ErrorMessageShort VARCHAR, StackTraceShort VARCHAR, ErrorFingerprint VARCHAR, ApplicationId VARCHAR, ConsumerGroup VARCHAR, Host VARCHAR, Headers MAP&lt;STRING, STRING&gt;) WITH (KAFKA_TOPIC='dead-letter-queue', KEY_FORMAT='AVRO', VALUE_FORMAT='AVRO', VALUE_AVRO_SCHEMA_FULL_NAME='kafka_ksql_linq_messaging.dead_letter_queue_valueAvro', PARTITIONS=1, REPLICAS=1);&#xD;
info: Kafka.Ksql.Linq.KsqlContext[0]&#xD;
      ksql execute: EXECUTE SQL=CREATE OR REPLACE STREAM dead_letter_queue (`Topic` VARCHAR KEY, `Partition` INT KEY, `Offset` BIGINT KEY, TimestampUtc ...&#xD;
info: Kafka.Ksql.Linq.KsqlContext[0]&#xD;
      ksql execute: EXECUTE SQL=DESCRIBE EXTENDED DEAD-LETTER-QUEUE;&#xD;
info: Kafka.Ksql.Linq.KsqlContext[0]&#xD;
      ksql execute: EXECUTE SQL=DESCRIBE EXTENDED DEAD-LETTER-QUEUE;&#xD;
info: Kafka.Ksql.Linq.KsqlContext[0]&#xD;
      ksql execute: EXECUTE SQL=DESCRIBE EXTENDED DEAD-LETTER-QUEUE;&#xD;
info: Kafka.Ksql.Linq.KsqlContext[0]&#xD;
      ksql execute: EXECUTE SQL=DESCRIBE EXTENDED DEAD-LETTER-QUEUE;&#xD;
info: Kafka.Ksql.Linq.KsqlContext[0]&#xD;
      ksql execute: EXECUTE SQL=DESCRIBE EXTENDED DEAD-LETTER-QUEUE;&#xD;
info: Kafka.Ksql.Linq.KsqlContext[0]&#xD;
      ksql execute: EXECUTE SQL=DESCRIBE EXTENDED DEAD-LETTER-QUEUE;&#xD;
info: Kafka.Ksql.Linq.KsqlContext[0]&#xD;
      ksql execute: EXECUTE SQL=DESCRIBE EXTENDED DEAD-LETTER-QUEUE;&#xD;
info: Kafka.Ksql.Linq.KsqlContext[0]&#xD;
      ksql execute: EXECUTE SQL=DESCRIBE EXTENDED DEAD-LETTER-QUEUE;&#xD;
info: Kafka.Ksql.Linq.KsqlContext[0]&#xD;
      ksql execute: EXECUTE SQL=DESCRIBE EXTENDED DEAD-LETTER-QUEUE;&#xD;
info: Kafka.Ksql.Linq.KsqlContext[0]&#xD;
      ksql execute: EXECUTE SQL=DESCRIBE EXTENDED DEAD-LETTER-QUEUE;&#xD;
info: Kafka.Ksql.Linq.KsqlContext[0]&#xD;
      ksql execute: EXECUTE SQL=DESCRIBE EXTENDED DEAD-LETTER-QUEUE;&#xD;
info: Kafka.Ksql.Linq.KsqlContext[0]&#xD;
      ksql execute: EXECUTE SQL=DESCRIBE EXTENDED DEAD-LETTER-QUEUE;&#xD;
info: Kafka.Ksql.Linq.KsqlContext[0]&#xD;
      ksql execute: EXECUTE SQL=DESCRIBE EXTENDED DEAD-LETTER-QUEUE;&#xD;
info: Kafka.Ksql.Linq.KsqlContext[0]&#xD;
      ksql execute: EXECUTE SQL=DESCRIBE EXTENDED DEAD-LETTER-QUEUE;&#xD;
info: Kafka.Ksql.Linq.KsqlContext[0]&#xD;
      ksql execute: EXECUTE SQL=DESCRIBE EXTENDED DEAD-LETTER-QUEUE;&#xD;
info: Kafka.Ksql.Linq.KsqlContext[0]&#xD;
      ksql execute: EXECUTE SQL=DESCRIBE EXTENDED DEAD-LETTER-QUEUE;&#xD;
info: Kafka.Ksql.Linq.KsqlContext[0]&#xD;
      ksql execute: EXECUTE SQL=DESCRIBE EXTENDED DEAD-LETTER-QUEUE;&#xD;
info: Kafka.Ksql.Linq.KsqlContext[0]&#xD;
      ksql execute: EXECUTE SQL=DESCRIBE EXTENDED DEAD-LETTER-QUEUE;&#xD;
info: Kafka.Ksql.Linq.KsqlContext[0]&#xD;
      ksql execute: EXECUTE SQL=DESCRIBE EXTENDED DEAD-LETTER-QUEUE;&#xD;
info: Kafka.Ksql.Linq.KsqlContext[0]&#xD;
      ksql execute: EXECUTE SQL=DESCRIBE EXTENDED DEAD-LETTER-QUEUE;&#xD;
info: Kafka.Ksql.Linq.KsqlContext[0]&#xD;
      ksql execute: EXECUTE SQL=DESCRIBE EXTENDED DEAD-LETTER-QUEUE;&#xD;
info: Kafka.Ksql.Linq.KsqlContext[0]&#xD;
      ksql execute: EXECUTE SQL=DESCRIBE EXTENDED DEAD-LETTER-QUEUE;&#xD;
info: Kafka.Ksql.Linq.KsqlContext[0]&#xD;
      ksql execute: EXECUTE SQL=DESCRIBE EXTENDED DEAD-LETTER-QUEUE;&#xD;
info: Kafka.Ksql.Linq.KsqlContext[0]&#xD;
      ksql execute: EXECUTE SQL=DESCRIBE EXTENDED DEAD-LETTER-QUEUE;&#xD;
info: Kafka.Ksql.Linq.KsqlContext[0]&#xD;
      Kafka initialization completed; DLQ topic 'dead-letter-queue' ready with 5000ms retention&#xD;
info: Streamiz.Kafka.Net.KafkaStream[0]&#xD;
      stream-application[ksql-dsl-app-rocks_to_list_ticks]  Start creation of the stream application with this configuration: &#xD;
      	Stream property:&#xD;
      		client.id: 	&#xD;
      		num.stream.threads: 	1&#xD;
      		default.key.serdes: 	Streamiz.Kafka.Net.SchemaRegistry.SerDes.Avro.SchemaAvroSerDes`1[kafka_ksql_linq_tests_integration.rocks_to_list_ticks_keyAvro]&#xD;
      		default.value.serdes: 	Streamiz.Kafka.Net.SchemaRegistry.SerDes.Avro.SchemaAvroSerDes`1[Avro.Generic.GenericRecord]&#xD;
      		default.timestamp.extractor: 	Streamiz.Kafka.Net.Processors.Internal.FailOnInvalidTimestamp&#xD;
      		commit.interval.ms: 	500&#xD;
      		processing.guarantee: 	AT_LEAST_ONCE&#xD;
      		transaction.timeout: 	00:00:10&#xD;
      		poll.ms: 	100&#xD;
      		max.poll.records: 	500&#xD;
      		max.poll.restoring.records: 	1000&#xD;
      		max.task.idle.ms: 	0&#xD;
      		buffered.records.per.partition: 	2147483647&#xD;
      		inner.exception.handler: 	System.Func`2[System.Exception,Streamiz.Kafka.Net.ExceptionHandlerResponse]&#xD;
      		production.exception.handler: 	System.Func`2[Confluent.Kafka.DeliveryReport`2[System.Byte[],System.Byte[]],Streamiz.Kafka.Net.ProductionExceptionHandlerResponse]&#xD;
      		deserialization.exception.handler: 	System.Func`4[Streamiz.Kafka.Net.ProcessorContext,Confluent.Kafka.ConsumeResult`2[System.Byte[],System.Byte[]],System.Exception,Streamiz.Kafka.Net.ExceptionHandlerResponse]&#xD;
      		rocksdb.config.setter: 	System.Action`2[System.String,Streamiz.Kafka.Net.State.RocksDbOptions]&#xD;
      		follow.metadata: 	False&#xD;
      		state.dir: 	C:\Users\seiji_yfc8940\AppData\Local\Temp\ksql-dsl-app-rocks_to_list_ticks&#xD;
      		replication.factor: 	-1&#xD;
      		windowstore.changelog.additional.retention.ms: 	86400000&#xD;
      		offset.checkpoint.manager: 	&#xD;
      		metrics.interval.ms: 	30000&#xD;
      		metrics.recording.level: 	INFO&#xD;
      		log.processing.summary: 	00:01:00&#xD;
      		metrics.reporter: 	System.Action`1[System.Collections.Generic.IEnumerable`1[Streamiz.Kafka.Net.Metrics.Sensor]]&#xD;
      		expose.librdkafka.stats: 	False&#xD;
      		start.task.delay.ms: 	5000&#xD;
      		parallel.processing: 	False&#xD;
      		max.degree.of.parallelism: 	8&#xD;
      		statestore.cache.max.bytes: 	5242880&#xD;
      		application.id: 	ksql-dsl-app-rocks_to_list_ticks&#xD;
      		schema.registry.url: 	http://127.0.0.1:18081&#xD;
      	Client property:&#xD;
      		bootstrap.servers: 	127.0.0.1:39092&#xD;
      	Consumer property:&#xD;
      		max.poll.interval.ms: 	300000&#xD;
      		enable.auto.commit: 	False&#xD;
      		enable.auto.offset.store: 	False&#xD;
      		allow.auto.create.topics: 	False&#xD;
      		partition.assignment.strategy: 	range&#xD;
      		auto.offset.reset: 	earliest&#xD;
      	Producer property:&#xD;
      		allow.auto.create.topics: 	False&#xD;
      		partitioner: 	murmur2_random&#xD;
      	Admin client property:&#xD;
      		allow.auto.create.topics: 	False&#xD;
info: Streamiz.Kafka.Net.Processors.Internal.StateDirectory[0]&#xD;
      No process id found on disk, got fresh process id 60cf3e03-7bd1-4fef-8b7e-880f6a8c0288&#xD;
info: Streamiz.Kafka.Net.Processors.StreamThread[0]&#xD;
      stream-thread[ksql-dsl-app-rocks_to_list_ticks-60cf3e03-7bd1-4fef-8b7e-880f6a8c0288-stream-thread-0] Creating consumer client&#xD;
info: Streamiz.Kafka.Net.KafkaStream[0]&#xD;
      stream-application[ksql-dsl-app-rocks_to_list_ticks] State transition from CREATED to REBALANCING&#xD;
info: Streamiz.Kafka.Net.KafkaStream[0]&#xD;
      stream-application[ksql-dsl-app-rocks_to_list_ticks] Starting Streams client with this topology : Topologies:&#xD;
         Sub-topology: 1&#xD;
          Source: KSTREAM-SOURCE-0000000004 (topics: [rocks_to_list_ticks-by-stringkey-repartition])&#xD;
            --&gt; KSTREAM-TOTABLE-0000000005&#xD;
          Processor: KSTREAM-TOTABLE-0000000005 (stores: [rocks_to_list_ticks])&#xD;
            --&gt; none&#xD;
            &lt;-- KSTREAM-SOURCE-0000000004&#xD;
         Sub-topology: 0&#xD;
          Source: KSTREAM-SOURCE-0000000000 (topics: [rocks_to_list_ticks])&#xD;
            --&gt; KSTREAM-KEY-SELECT-0000000001&#xD;
          Processor: KSTREAM-KEY-SELECT-0000000001 (stores: [])&#xD;
            --&gt; KSTREAM-FILTER-0000000003&#xD;
            &lt;-- KSTREAM-SOURCE-0000000000&#xD;
          Processor: KSTREAM-FILTER-0000000003 (stores: [])&#xD;
            --&gt; KSTREAM-SINK-0000000002&#xD;
            &lt;-- KSTREAM-KEY-SELECT-0000000001&#xD;
          Sink: KSTREAM-SINK-0000000002 (topic: rocks_to_list_ticks-by-stringkey-repartition)&#xD;
            &lt;-- KSTREAM-FILTER-0000000003&#xD;
info: Kafka.Ksql.Linq.Messaging.Producers.KafkaProducerManager[0]&#xD;
      producer:rocks_to_list_ticks config: Acks=All, BatchNumMessages=10000, BatchSize=16384, BootstrapServers=127.0.0.1:39092, ClientId=ksql-dsl-client, CompressionType=Snappy, EnableIdempotence=True, LingerMs=5, MaxInFlight=1, MessageTimeoutMs=120000, RetryBackoffMs=100&#xD;
info: Kafka.Ksql.Linq.Messaging.Producers.KafkaProducerManager[0]&#xD;
      schema-registry(producer) config: Url=http://127.0.0.1:18081&#xD;
info: Kafka.Ksql.Linq.Messaging.Producers.KafkaProducerManager[0]&#xD;
      kafka produce: topic=rocks_to_list_ticks, entity=Tick, method=SendAsync&#xD;
info: Streamiz.Kafka.Net.Processors.StreamThread[0]&#xD;
      stream-thread[ksql-dsl-app-rocks_to_list_ticks-60cf3e03-7bd1-4fef-8b7e-880f6a8c0288-stream-thread-0] Starting&#xD;
info: Streamiz.Kafka.Net.Processors.StreamThread[0]&#xD;
      stream-thread[ksql-dsl-app-rocks_to_list_ticks-60cf3e03-7bd1-4fef-8b7e-880f6a8c0288-stream-thread-0] State transition from CREATED to STARTING&#xD;
info: Kafka.Ksql.Linq.Messaging.Producers.KafkaProducerManager[0]&#xD;
      kafka produce: topic=rocks_to_list_ticks, entity=Tick, method=SendAsync&#xD;
info: Streamiz.Kafka.Net.Kafka.Internal.StreamsRebalanceListener[0]&#xD;
      New partitions assign requested : rocks_to_list_ticks [[0]],ksql-dsl-app-rocks_to_list_ticks-rocks_to_list_ticks-by-stringkey-repartition [[0]]&#xD;
info: Streamiz.Kafka.Net.Processors.StreamThread[0]&#xD;
      stream-thread[ksql-dsl-app-rocks_to_list_ticks-60cf3e03-7bd1-4fef-8b7e-880f6a8c0288-stream-thread-0] State transition from STARTING to PARTITIONS_ASSIGNED&#xD;
info: Streamiz.Kafka.Net.Kafka.Internal.StreamsRebalanceListener[0]&#xD;
      Partition assignment took 00:00:00.1967851 ms.&#xD;
      	Currently assigned active tasks: 1-0,0-0&#xD;
info: Streamiz.Kafka.Net.Processors.StreamThread[0]&#xD;
      stream-thread[ksql-dsl-app-rocks_to_list_ticks-60cf3e03-7bd1-4fef-8b7e-880f6a8c0288-stream-thread-0] State transition from PARTITIONS_ASSIGNED to RUNNING&#xD;
info: Streamiz.Kafka.Net.KafkaStream[0]&#xD;
      stream-application[ksql-dsl-app-rocks_to_list_ticks] State transition from REBALANCING to RUNNING&#xD;
info: Streamiz.Kafka.Net.Processors.Internal.ProcessorStateManager[0]&#xD;
      State store rocks_to_list_ticks did not find checkpoint offset, hence would default to the starting offset at changelog ksql-dsl-app-rocks_to_list_ticks-rocks_to_list_ticks-changelog [[0]]&#xD;
info: Streamiz.Kafka.Net.Processors.StreamTask[0]&#xD;
      stream-task[1|0] Task 1-0 state transition from CREATED to RESTORING&#xD;
info: Streamiz.Kafka.Net.Processors.StreamTask[0]&#xD;
      stream-task[1|0] Restoration will start soon.&#xD;
info: Streamiz.Kafka.Net.Processors.StreamTask[0]&#xD;
      stream-task[0|0] Task 0-0 state transition from CREATED to RUNNING&#xD;
info: Streamiz.Kafka.Net.Processors.Internal.StoreChangelogReader[0]&#xD;
      Finished restoring changelog rocks_to_list_ticks to store ksql-dsl-app-rocks_to_list_ticks-rocks_to_list_ticks-changelog [[0]] with a total number of 0 records&#xD;
info: Streamiz.Kafka.Net.Processors.StreamTask[0]&#xD;
      stream-task[1|0] Task 1-0 state transition from RESTORING to RUNNING&#xD;
info: Streamiz.Kafka.Net.Processors.StreamTask[0]&#xD;
      stream-task[1|0] Restored and ready to run&#xD;
info: Streamiz.Kafka.Net.Processors.StreamThread[0]&#xD;
      Restoration took 433ms for all tasks 1-0,0-0&#xD;
info: Kafka.Ksql.Linq.KsqlContext[0]&#xD;
      ksql execute: EXECUTE SQL=SHOW TOPICS;&#xD;
info: Kafka.Ksql.Linq.KsqlContext[0]&#xD;
      KSQL DDL (simple Tick): CREATE OR REPLACE STREAM ticks_tbimp (Broker VARCHAR KEY, Symbol VARCHAR KEY, TimestampUtc TIMESTAMP, Bid DECIMAL(18, 2)) WITH (KAFKA_TOPIC='ticks_tbimp', KEY_FORMAT='AVRO', VALUE_FORMAT='AVRO', VALUE_AVRO_SCHEMA_FULL_NAME='kafka_ksql_linq_tests_integration.ticks_tbimp_valueAvro', TIMESTAMP='TimestampUtc', PARTITIONS=1, REPLICAS=1);&#xD;
info: Kafka.Ksql.Linq.KsqlContext[0]&#xD;
      ksql execute: EXECUTE SQL=CREATE OR REPLACE STREAM ticks_tbimp (Broker VARCHAR KEY, Symbol VARCHAR KEY, TimestampUtc TIMESTAMP, Bid DECIMAL(18, 2)...&#xD;
info: Kafka.Ksql.Linq.KsqlContext[0]&#xD;
      ksql execute: EXECUTE SQL=DESCRIBE EXTENDED TICKS_TBIMP;&#xD;
info: Kafka.Ksql.Linq.KsqlContext[0]&#xD;
      ksql execute: EXECUTE SQL=DESCRIBE EXTENDED TICKS_TBIMP;&#xD;
info: Kafka.Ksql.Linq.KsqlContext[0]&#xD;
      ksql execute: EXECUTE SQL=DESCRIBE EXTENDED TICKS_TBIMP;&#xD;
info: Kafka.Ksql.Linq.KsqlContext[0]&#xD;
      ksql execute: EXECUTE SQL=DESCRIBE EXTENDED TICKS_TBIMP;&#xD;
info: Kafka.Ksql.Linq.KsqlContext[0]&#xD;
      ksql execute: EXECUTE SQL=DESCRIBE EXTENDED TICKS_TBIMP;&#xD;
info: Kafka.Ksql.Linq.KsqlContext[0]&#xD;
      ksql execute: EXECUTE SQL=DESCRIBE EXTENDED TICKS_TBIMP;&#xD;
info: Kafka.Ksql.Linq.KsqlContext[0]&#xD;
      ksql execute: EXECUTE SQL=DESCRIBE EXTENDED TICKS_TBIMP;&#xD;
info: Kafka.Ksql.Linq.KsqlContext[0]&#xD;
      ksql execute: EXECUTE SQL=DESCRIBE EXTENDED TICKS_TBIMP;&#xD;
info: Kafka.Ksql.Linq.KsqlContext[0]&#xD;
      ksql execute: EXECUTE SQL=DESCRIBE EXTENDED TICKS_TBIMP;&#xD;
info: Kafka.Ksql.Linq.KsqlContext[0]&#xD;
      ksql execute: EXECUTE SQL=DESCRIBE EXTENDED TICKS_TBIMP;&#xD;
info: Kafka.Ksql.Linq.KsqlContext[0]&#xD;
      ksql execute: EXECUTE SQL=DESCRIBE EXTENDED TICKS_TBIMP;&#xD;
info: Kafka.Ksql.Linq.KsqlContext[0]&#xD;
      ksql execute: EXECUTE SQL=DESCRIBE EXTENDED TICKS_TBIMP;&#xD;
info: Kafka.Ksql.Linq.KsqlContext[0]&#xD;
      ksql execute: EXECUTE SQL=DESCRIBE EXTENDED TICKS_TBIMP;&#xD;
info: Kafka.Ksql.Linq.KsqlContext[0]&#xD;
      ksql execute: EXECUTE SQL=DESCRIBE EXTENDED TICKS_TBIMP;&#xD;
info: Kafka.Ksql.Linq.KsqlContext[0]&#xD;
      ksql execute: EXECUTE SQL=DESCRIBE EXTENDED TICKS_TBIMP;&#xD;
info: Kafka.Ksql.Linq.KsqlContext[0]&#xD;
      ksql execute: EXECUTE SQL=DESCRIBE EXTENDED TICKS_TBIMP;&#xD;
info: Kafka.Ksql.Linq.KsqlContext[0]&#xD;
      ksql execute: EXECUTE SQL=DESCRIBE EXTENDED TICKS_TBIMP;&#xD;
info: Kafka.Ksql.Linq.KsqlContext[0]&#xD;
      ksql execute: EXECUTE SQL=DESCRIBE EXTENDED TICKS_TBIMP;&#xD;
info: Kafka.Ksql.Linq.KsqlContext[0]&#xD;
      ksql execute: EXECUTE SQL=DESCRIBE EXTENDED TICKS_TBIMP;&#xD;
info: Kafka.Ksql.Linq.KsqlContext[0]&#xD;
      ksql execute: EXECUTE SQL=DESCRIBE EXTENDED TICKS_TBIMP;&#xD;
info: Kafka.Ksql.Linq.KsqlContext[0]&#xD;
      ksql execute: EXECUTE SQL=DESCRIBE EXTENDED TICKS_TBIMP;&#xD;
info: Kafka.Ksql.Linq.KsqlContext[0]&#xD;
      ksql execute: EXECUTE SQL=DESCRIBE EXTENDED TICKS_TBIMP;&#xD;
info: Kafka.Ksql.Linq.KsqlContext[0]&#xD;
      ksql execute: EXECUTE SQL=DESCRIBE EXTENDED TICKS_TBIMP;&#xD;
info: Kafka.Ksql.Linq.KsqlContext[0]&#xD;
      ksql execute: EXECUTE SQL=DESCRIBE EXTENDED TICKS_TBIMP;&#xD;
info: Kafka.Ksql.Linq.KsqlContext[0]&#xD;
      ksql execute: EXECUTE SQL=SHOW TOPICS;&#xD;
info: Kafka.Ksql.Linq.KsqlContext[0]&#xD;
      KSQL DDL (simple DlqEnvelope): CREATE OR REPLACE STREAM dead_letter_queue (`Topic` VARCHAR KEY, `Partition` INT KEY, `Offset` BIGINT KEY, TimestampUtc VARCHAR, IngestedAtUtc VARCHAR, PayloadFormatKey VARCHAR, PayloadFormatValue VARCHAR, SchemaIdKey VARCHAR, SchemaIdValue VARCHAR, KeyIsNull BOOLEAN, ErrorType VARCHAR, ErrorMessageShort VARCHAR, StackTraceShort VARCHAR, ErrorFingerprint VARCHAR, ApplicationId VARCHAR, ConsumerGroup VARCHAR, Host VARCHAR, Headers MAP&lt;STRING, STRING&gt;) WITH (KAFKA_TOPIC='dead-letter-queue', KEY_FORMAT='AVRO', VALUE_FORMAT='AVRO', VALUE_AVRO_SCHEMA_FULL_NAME='kafka_ksql_linq_messaging.dead_letter_queue_valueAvro', PARTITIONS=1, REPLICAS=1);&#xD;
info: Kafka.Ksql.Linq.KsqlContext[0]&#xD;
      ksql execute: EXECUTE SQL=CREATE OR REPLACE STREAM dead_letter_queue (`Topic` VARCHAR KEY, `Partition` INT KEY, `Offset` BIGINT KEY, TimestampUtc ...&#xD;
info: Kafka.Ksql.Linq.KsqlContext[0]&#xD;
      ksql execute: EXECUTE SQL=DESCRIBE EXTENDED DEAD-LETTER-QUEUE;&#xD;
info: Kafka.Ksql.Linq.KsqlContext[0]&#xD;
      ksql execute: EXECUTE SQL=DESCRIBE EXTENDED DEAD-LETTER-QUEUE;&#xD;
info: Kafka.Ksql.Linq.KsqlContext[0]&#xD;
      ksql execute: EXECUTE SQL=DESCRIBE EXTENDED DEAD-LETTER-QUEUE;&#xD;
info: Kafka.Ksql.Linq.KsqlContext[0]&#xD;
      ksql execute: EXECUTE SQL=DESCRIBE EXTENDED DEAD-LETTER-QUEUE;&#xD;
info: Kafka.Ksql.Linq.KsqlContext[0]&#xD;
      ksql execute: EXECUTE SQL=DESCRIBE EXTENDED DEAD-LETTER-QUEUE;&#xD;
info: Kafka.Ksql.Linq.KsqlContext[0]&#xD;
      ksql execute: EXECUTE SQL=DESCRIBE EXTENDED DEAD-LETTER-QUEUE;&#xD;
info: Streamiz.Kafka.Net.Processors.StreamThread[0]&#xD;
      Processed 4 total records, ran 0 punctuators and committed 2 total tasks since the last update&#xD;
info: Kafka.Ksql.Linq.KsqlContext[0]&#xD;
      ksql execute: EXECUTE SQL=DESCRIBE EXTENDED DEAD-LETTER-QUEUE;&#xD;
info: Kafka.Ksql.Linq.KsqlContext[0]&#xD;
      ksql execute: EXECUTE SQL=DESCRIBE EXTENDED DEAD-LETTER-QUEUE;&#xD;
info: Kafka.Ksql.Linq.KsqlContext[0]&#xD;
      ksql execute: EXECUTE SQL=DESCRIBE EXTENDED DEAD-LETTER-QUEUE;&#xD;
info: Kafka.Ksql.Linq.KsqlContext[0]&#xD;
      ksql execute: EXECUTE SQL=DESCRIBE EXTENDED DEAD-LETTER-QUEUE;&#xD;
info: Kafka.Ksql.Linq.KsqlContext[0]&#xD;
      ksql execute: EXECUTE SQL=DESCRIBE EXTENDED DEAD-LETTER-QUEUE;&#xD;
info: Kafka.Ksql.Linq.KsqlContext[0]&#xD;
      ksql execute: EXECUTE SQL=DESCRIBE EXTENDED DEAD-LETTER-QUEUE;&#xD;
info: Kafka.Ksql.Linq.KsqlContext[0]&#xD;
      ksql execute: EXECUTE SQL=DESCRIBE EXTENDED DEAD-LETTER-QUEUE;&#xD;
info: Kafka.Ksql.Linq.KsqlContext[0]&#xD;
      ksql execute: EXECUTE SQL=DESCRIBE EXTENDED DEAD-LETTER-QUEUE;&#xD;
info: Kafka.Ksql.Linq.KsqlContext[0]&#xD;
      ksql execute: EXECUTE SQL=DESCRIBE EXTENDED DEAD-LETTER-QUEUE;&#xD;
info: Kafka.Ksql.Linq.KsqlContext[0]&#xD;
      ksql execute: EXECUTE SQL=DESCRIBE EXTENDED DEAD-LETTER-QUEUE;&#xD;
info: Kafka.Ksql.Linq.KsqlContext[0]&#xD;
      ksql execute: EXECUTE SQL=DESCRIBE EXTENDED DEAD-LETTER-QUEUE;&#xD;
info: Kafka.Ksql.Linq.KsqlContext[0]&#xD;
      ksql execute: EXECUTE SQL=DESCRIBE EXTENDED DEAD-LETTER-QUEUE;&#xD;
info: Kafka.Ksql.Linq.KsqlContext[0]&#xD;
      ksql execute: EXECUTE SQL=DESCRIBE EXTENDED DEAD-LETTER-QUEUE;&#xD;
info: Kafka.Ksql.Linq.KsqlContext[0]&#xD;
      ksql execute: EXECUTE SQL=DESCRIBE EXTENDED DEAD-LETTER-QUEUE;&#xD;
info: Kafka.Ksql.Linq.KsqlContext[0]&#xD;
      ksql execute: EXECUTE SQL=DESCRIBE EXTENDED DEAD-LETTER-QUEUE;&#xD;
info: Kafka.Ksql.Linq.KsqlContext[0]&#xD;
      ksql execute: EXECUTE SQL=DESCRIBE EXTENDED DEAD-LETTER-QUEUE;&#xD;
info: Kafka.Ksql.Linq.KsqlContext[0]&#xD;
      ksql execute: EXECUTE SQL=DESCRIBE EXTENDED DEAD-LETTER-QUEUE;&#xD;
info: Kafka.Ksql.Linq.KsqlContext[0]&#xD;
      ksql execute: EXECUTE SQL=DESCRIBE EXTENDED DEAD-LETTER-QUEUE;&#xD;
info: Kafka.Ksql.Linq.KsqlContext[0]&#xD;
      KSQL DDL (derived bar_tbimp_1s_final): CREATE TABLE bar_tbimp_1s_final  WITH (KAFKA_TOPIC='bar_tbimp_1s_final', KEY_FORMAT='AVRO', VALUE_FORMAT='AVRO') AS&#xD;
      SELECT BROKER AS Broker, SYMBOL AS Symbol, WINDOWSTART AS BucketStart, EARLIEST_BY_OFFSET(Bid) AS Open, MAX(Bid) AS High, MIN(Bid) AS Low, LATEST_BY_OFFSET(Bid) AS Close&#xD;
      FROM TICKS_TBIMP o WINDOW TUMBLING (SIZE 1 SECONDS)&#xD;
      GROUP BY BROKER, SYMBOL&#xD;
      EMIT FINAL;&#xD;
info: Kafka.Ksql.Linq.KsqlContext[0]&#xD;
      ksql execute: EXECUTE SQL=CREATE TABLE bar_tbimp_1s_final  WITH (KAFKA_TOPIC='bar_tbimp_1s_final', KEY_FORMAT='AVRO', VALUE_FORMAT='AVRO') AS  SEL...&#xD;
info: Kafka.Ksql.Linq.KsqlContext[0]&#xD;
      KSQL DDL (derived bar_tbimp_1s_final_s): CREATE STREAM bar_tbimp_1s_final_s (BROKER VARCHAR KEY, SYMBOL VARCHAR KEY, BUCKETSTART TIMESTAMP KEY, OPEN DECIMAL(18, 2), HIGH DECIMAL(18, 2), LOW DECIMAL(18, 2), CLOSE DECIMAL(18, 2)) WITH (KAFKA_TOPIC='bar_tbimp_1s_final', KEY_FORMAT='AVRO', VALUE_FORMAT='AVRO', VALUE_AVRO_SCHEMA_FULL_NAME='bar_tbimp_ksql.bar_tbimp_1s_final_s_valueAvro', PARTITIONS=1, REPLICAS=1, RETENTION_MS=604800000);&#xD;
info: Kafka.Ksql.Linq.KsqlContext[0]&#xD;
      ksql execute: EXECUTE SQL=CREATE STREAM bar_tbimp_1s_final_s (BROKER VARCHAR KEY, SYMBOL VARCHAR KEY, BUCKETSTART TIMESTAMP KEY, OPEN DECIMAL(18, ...&#xD;
info: Kafka.Ksql.Linq.KsqlContext[0]&#xD;
      KSQL DDL (derived bar_tbimp_1m_live): CREATE TABLE bar_tbimp_1m_live  WITH (KAFKA_TOPIC='bar_tbimp_1m_live', KEY_FORMAT='AVRO', VALUE_FORMAT='AVRO') AS&#xD;
      SELECT BROKER AS Broker, SYMBOL AS Symbol, WINDOWSTART AS BucketStart, EARLIEST_BY_OFFSET(o.OPEN) AS Open, MAX(o.HIGH) AS High, MIN(o.LOW) AS Low, LATEST_BY_OFFSET(o.CLOSE) AS Close&#xD;
      FROM bar_tbimp_1s_final_s o WINDOW TUMBLING (SIZE 1 MINUTES, GRACE PERIOD 2 SECONDS)&#xD;
      GROUP BY BROKER, SYMBOL&#xD;
      EMIT CHANGES;&#xD;
info: Kafka.Ksql.Linq.KsqlContext[0]&#xD;
      ksql execute: EXECUTE SQL=CREATE TABLE bar_tbimp_1m_live  WITH (KAFKA_TOPIC='bar_tbimp_1m_live', KEY_FORMAT='AVRO', VALUE_FORMAT='AVRO') AS  SELEC...&#xD;
info: Kafka.Ksql.Linq.KsqlContext[0]&#xD;
      KSQL DDL (derived bar_tbimp_5m_live): CREATE TABLE bar_tbimp_5m_live  WITH (KAFKA_TOPIC='bar_tbimp_5m_live', KEY_FORMAT='AVRO', VALUE_FORMAT='AVRO') AS&#xD;
      SELECT BROKER AS Broker, SYMBOL AS Symbol, WINDOWSTART AS BucketStart, EARLIEST_BY_OFFSET(o.OPEN) AS Open, MAX(o.HIGH) AS High, MIN(o.LOW) AS Low, LATEST_BY_OFFSET(o.CLOSE) AS Close&#xD;
      FROM bar_tbimp_1s_final_s o WINDOW TUMBLING (SIZE 5 MINUTES, GRACE PERIOD 3 SECONDS)&#xD;
      GROUP BY BROKER, SYMBOL&#xD;
      EMIT CHANGES;&#xD;
info: Kafka.Ksql.Linq.KsqlContext[0]&#xD;
      ksql execute: EXECUTE SQL=CREATE TABLE bar_tbimp_5m_live  WITH (KAFKA_TOPIC='bar_tbimp_5m_live', KEY_FORMAT='AVRO', VALUE_FORMAT='AVRO') AS  SELEC...&#xD;
info: Kafka.Ksql.Linq.KsqlContext[0]&#xD;
      ksql execute: EXECUTE SQL=SHOW QUERIES;&#xD;
info: Kafka.Ksql.Linq.KsqlContext[0]&#xD;
      SHOW QUERIES output (attempt 1): [{"@type":"queries","statementText":"SHOW QUERIES;","queries":[{"queryString":"CREATE TABLE BAR_TBIMP_1M_LIVE WITH (CLEANUP_POLICY='compact,delete', KAFKA_TOPIC='bar_tbimp_1m_live', KEY_FORMAT='AVRO', PARTITIONS=1, REPLICAS=1, RETENTION_MS=604800000, VALUE_FORMAT='AVRO') AS SELECT\n  O.BROKER BROKER,\n  O.SYMBOL SYMBOL,\n  WINDOWSTART BUCKETSTART,\n  EARLIEST_BY_OFFSET(O.OPEN) OPEN,\n  MAX(O.HIGH) HIGH,\n  MIN(O.LOW) LOW,\n  LATEST_BY_OFFSET(O.CLOSE) CLOSE\nFROM BAR_TBIMP_1S_FINAL_S O\nWINDOW TUMBLING ( SIZE 1 MINUTES , GRACE PERIOD 2 SECONDS ) \nGROUP BY O.BROKER, O.SYMBOL\nEMIT CHANGES;","sinks":["BAR_TBIMP_1M_LIVE"],"sinkKafkaTopics":["bar_tbimp_1m_live"],"id":"CTAS_BAR_TBIMP_1M_LIVE_89","statusCount":{"RUNNING":1},"queryType":"PERSISTENT","state":"RUNNING"},{"queryString":"CREATE TABLE BAR_TBIMP_5M_LIVE WITH (CLEANUP_POLICY='compact,delete', KAFKA_TOPIC='bar_tbimp_5m_live', KEY_FORMAT='AVRO', PARTITIONS=1, REPLICAS=1, RETENTION_MS=604800000, VALUE_FORMAT='AVRO') AS SELECT\n  O.BROKER BROKER,\n  O.SYMBOL SYMBOL,\n  WINDOWSTART BUCKETSTART,\n  EARLIEST_BY_OFFSET(O.OPEN) OPEN,\n  MAX(O.HIGH) HIGH,\n  MIN(O.LOW) LOW,\n  LATEST_BY_OFFSET(O.CLOSE) CLOSE\nFROM BAR_TBIMP_1S_FINAL_S O\nWINDOW TUMBLING ( SIZE 5 MINUTES , GRACE PERIOD 3 SECONDS ) \nGROUP BY O.BROKER, O.SYMBOL\nEMIT CHANGES;","sinks":["BAR_TBIMP_5M_LIVE"],"sinkKafkaTopics":["bar_tbimp_5m_live"],"id":"CTAS_BAR_TBIMP_5M_LIVE_91","statusCount":{"RUNNING":1},"queryType":"PERSISTENT","state":"RUNNING"},{"queryString":"CREATE TABLE BAR_TBIMP_1S_FINAL WITH (CLEANUP_POLICY='compact,delete', KAFKA_TOPIC='bar_tbimp_1s_final', KEY_FORMAT='AVRO', PARTITIONS=1, REPLICAS=1, RETENTION_MS=604800000, VALUE_FORMAT='AVRO') AS SELECT\n  O.BROKER BROKER,\n  O.SYMBOL SYMBOL,\n  WINDOWSTART BUCKETSTART,\n  EARLIEST_BY_OFFSET(O.BID) OPEN,\n  MAX(O.BID) HIGH,\n  MIN(O.BID) LOW,\n  LATEST_BY_OFFSET(O.BID) CLOSE\nFROM TICKS_TBIMP O\nWINDOW TUMBLING ( SIZE 1 SECONDS ) \nGROUP BY O.BROKER, O.SYMBOL\nEMIT FINAL;","sinks":["BAR_TBIMP_1S_FINAL"],"sinkKafkaTopics":["bar_tbimp_1s_final"],"id":"CTAS_BAR_TBIMP_1S_FINAL_85","statusCount":{"RUNNING":1},"queryType":"PERSISTENT","state":"RUNNING"}],"warnings":[]}]&#xD;
warn: Kafka.Ksql.Linq.KsqlContext[0]&#xD;
      SHOW QUERIES attempt 1 did not contain a matching query for bar_tbimp_1s_final&#xD;
info: Kafka.Ksql.Linq.KsqlContext[0]&#xD;
      ksql execute: EXECUTE SQL=SHOW QUERIES;&#xD;
info: Kafka.Ksql.Linq.KsqlContext[0]&#xD;
      SHOW QUERIES output (attempt 2): [{"@type":"queries","statementText":"SHOW QUERIES;","queries":[{"queryString":"CREATE TABLE BAR_TBIMP_1M_LIVE WITH (CLEANUP_POLICY='compact,delete', KAFKA_TOPIC='bar_tbimp_1m_live', KEY_FORMAT='AVRO', PARTITIONS=1, REPLICAS=1, RETENTION_MS=604800000, VALUE_FORMAT='AVRO') AS SELECT\n  O.BROKER BROKER,\n  O.SYMBOL SYMBOL,\n  WINDOWSTART BUCKETSTART,\n  EARLIEST_BY_OFFSET(O.OPEN) OPEN,\n  MAX(O.HIGH) HIGH,\n  MIN(O.LOW) LOW,\n  LATEST_BY_OFFSET(O.CLOSE) CLOSE\nFROM BAR_TBIMP_1S_FINAL_S O\nWINDOW TUMBLING ( SIZE 1 MINUTES , GRACE PERIOD 2 SECONDS ) \nGROUP BY O.BROKER, O.SYMBOL\nEMIT CHANGES;","sinks":["BAR_TBIMP_1M_LIVE"],"sinkKafkaTopics":["bar_tbimp_1m_live"],"id":"CTAS_BAR_TBIMP_1M_LIVE_89","statusCount":{"RUNNING":1},"queryType":"PERSISTENT","state":"RUNNING"},{"queryString":"CREATE TABLE BAR_TBIMP_5M_LIVE WITH (CLEANUP_POLICY='compact,delete', KAFKA_TOPIC='bar_tbimp_5m_live', KEY_FORMAT='AVRO', PARTITIONS=1, REPLICAS=1, RETENTION_MS=604800000, VALUE_FORMAT='AVRO') AS SELECT\n  O.BROKER BROKER,\n  O.SYMBOL SYMBOL,\n  WINDOWSTART BUCKETSTART,\n  EARLIEST_BY_OFFSET(O.OPEN) OPEN,\n  MAX(O.HIGH) HIGH,\n  MIN(O.LOW) LOW,\n  LATEST_BY_OFFSET(O.CLOSE) CLOSE\nFROM BAR_TBIMP_1S_FINAL_S O\nWINDOW TUMBLING ( SIZE 5 MINUTES , GRACE PERIOD 3 SECONDS ) \nGROUP BY O.BROKER, O.SYMBOL\nEMIT CHANGES;","sinks":["BAR_TBIMP_5M_LIVE"],"sinkKafkaTopics":["bar_tbimp_5m_live"],"id":"CTAS_BAR_TBIMP_5M_LIVE_91","statusCount":{"RUNNING":1},"queryType":"PERSISTENT","state":"RUNNING"},{"queryString":"CREATE TABLE BAR_TBIMP_1S_FINAL WITH (CLEANUP_POLICY='compact,delete', KAFKA_TOPIC='bar_tbimp_1s_final', KEY_FORMAT='AVRO', PARTITIONS=1, REPLICAS=1, RETENTION_MS=604800000, VALUE_FORMAT='AVRO') AS SELECT\n  O.BROKER BROKER,\n  O.SYMBOL SYMBOL,\n  WINDOWSTART BUCKETSTART,\n  EARLIEST_BY_OFFSET(O.BID) OPEN,\n  MAX(O.BID) HIGH,\n  MIN(O.BID) LOW,\n  LATEST_BY_OFFSET(O.BID) CLOSE\nFROM TICKS_TBIMP O\nWINDOW TUMBLING ( SIZE 1 SECONDS ) \nGROUP BY O.BROKER, O.SYMBOL\nEMIT FINAL;","sinks":["BAR_TBIMP_1S_FINAL"],"sinkKafkaTopics":["bar_tbimp_1s_final"],"id":"CTAS_BAR_TBIMP_1S_FINAL_85","statusCount":{"RUNNING":1},"queryType":"PERSISTENT","state":"RUNNING"}],"warnings":[]}]&#xD;
warn: Kafka.Ksql.Linq.KsqlContext[0]&#xD;
      SHOW QUERIES attempt 2 did not contain a matching query for bar_tbimp_1s_final&#xD;
info: Kafka.Ksql.Linq.KsqlContext[0]&#xD;
      ksql execute: EXECUTE SQL=SHOW QUERIES;&#xD;
info: Kafka.Ksql.Linq.KsqlContext[0]&#xD;
      SHOW QUERIES output (attempt 3): [{"@type":"queries","statementText":"SHOW QUERIES;","queries":[{"queryString":"CREATE TABLE BAR_TBIMP_1M_LIVE WITH (CLEANUP_POLICY='compact,delete', KAFKA_TOPIC='bar_tbimp_1m_live', KEY_FORMAT='AVRO', PARTITIONS=1, REPLICAS=1, RETENTION_MS=604800000, VALUE_FORMAT='AVRO') AS SELECT\n  O.BROKER BROKER,\n  O.SYMBOL SYMBOL,\n  WINDOWSTART BUCKETSTART,\n  EARLIEST_BY_OFFSET(O.OPEN) OPEN,\n  MAX(O.HIGH) HIGH,\n  MIN(O.LOW) LOW,\n  LATEST_BY_OFFSET(O.CLOSE) CLOSE\nFROM BAR_TBIMP_1S_FINAL_S O\nWINDOW TUMBLING ( SIZE 1 MINUTES , GRACE PERIOD 2 SECONDS ) \nGROUP BY O.BROKER, O.SYMBOL\nEMIT CHANGES;","sinks":["BAR_TBIMP_1M_LIVE"],"sinkKafkaTopics":["bar_tbimp_1m_live"],"id":"CTAS_BAR_TBIMP_1M_LIVE_89","statusCount":{"RUNNING":1},"queryType":"PERSISTENT","state":"RUNNING"},{"queryString":"CREATE TABLE BAR_TBIMP_5M_LIVE WITH (CLEANUP_POLICY='compact,delete', KAFKA_TOPIC='bar_tbimp_5m_live', KEY_FORMAT='AVRO', PARTITIONS=1, REPLICAS=1, RETENTION_MS=604800000, VALUE_FORMAT='AVRO') AS SELECT\n  O.BROKER BROKER,\n  O.SYMBOL SYMBOL,\n  WINDOWSTART BUCKETSTART,\n  EARLIEST_BY_OFFSET(O.OPEN) OPEN,\n  MAX(O.HIGH) HIGH,\n  MIN(O.LOW) LOW,\n  LATEST_BY_OFFSET(O.CLOSE) CLOSE\nFROM BAR_TBIMP_1S_FINAL_S O\nWINDOW TUMBLING ( SIZE 5 MINUTES , GRACE PERIOD 3 SECONDS ) \nGROUP BY O.BROKER, O.SYMBOL\nEMIT CHANGES;","sinks":["BAR_TBIMP_5M_LIVE"],"sinkKafkaTopics":["bar_tbimp_5m_live"],"id":"CTAS_BAR_TBIMP_5M_LIVE_91","statusCount":{"RUNNING":1},"queryType":"PERSISTENT","state":"RUNNING"},{"queryString":"CREATE TABLE BAR_TBIMP_1S_FINAL WITH (CLEANUP_POLICY='compact,delete', KAFKA_TOPIC='bar_tbimp_1s_final', KEY_FORMAT='AVRO', PARTITIONS=1, REPLICAS=1, RETENTION_MS=604800000, VALUE_FORMAT='AVRO') AS SELECT\n  O.BROKER BROKER,\n  O.SYMBOL SYMBOL,\n  WINDOWSTART BUCKETSTART,\n  EARLIEST_BY_OFFSET(O.BID) OPEN,\n  MAX(O.BID) HIGH,\n  MIN(O.BID) LOW,\n  LATEST_BY_OFFSET(O.BID) CLOSE\nFROM TICKS_TBIMP O\nWINDOW TUMBLING ( SIZE 1 SECONDS ) \nGROUP BY O.BROKER, O.SYMBOL\nEMIT FINAL;","sinks":["BAR_TBIMP_1S_FINAL"],"sinkKafkaTopics":["bar_tbimp_1s_final"],"id":"CTAS_BAR_TBIMP_1S_FINAL_85","statusCount":{"RUNNING":1},"queryType":"PERSISTENT","state":"RUNNING"}],"warnings":[]}]&#xD;
warn: Kafka.Ksql.Linq.KsqlContext[0]&#xD;
      SHOW QUERIES attempt 3 did not contain a matching query for bar_tbimp_1s_final&#xD;
info: Kafka.Ksql.Linq.KsqlContext[0]&#xD;
      ksql execute: EXECUTE SQL=SHOW QUERIES;&#xD;
info: Kafka.Ksql.Linq.KsqlContext[0]&#xD;
      SHOW QUERIES output (attempt 4): [{"@type":"queries","statementText":"SHOW QUERIES;","queries":[{"queryString":"CREATE TABLE BAR_TBIMP_1M_LIVE WITH (CLEANUP_POLICY='compact,delete', KAFKA_TOPIC='bar_tbimp_1m_live', KEY_FORMAT='AVRO', PARTITIONS=1, REPLICAS=1, RETENTION_MS=604800000, VALUE_FORMAT='AVRO') AS SELECT\n  O.BROKER BROKER,\n  O.SYMBOL SYMBOL,\n  WINDOWSTART BUCKETSTART,\n  EARLIEST_BY_OFFSET(O.OPEN) OPEN,\n  MAX(O.HIGH) HIGH,\n  MIN(O.LOW) LOW,\n  LATEST_BY_OFFSET(O.CLOSE) CLOSE\nFROM BAR_TBIMP_1S_FINAL_S O\nWINDOW TUMBLING ( SIZE 1 MINUTES , GRACE PERIOD 2 SECONDS ) \nGROUP BY O.BROKER, O.SYMBOL\nEMIT CHANGES;","sinks":["BAR_TBIMP_1M_LIVE"],"sinkKafkaTopics":["bar_tbimp_1m_live"],"id":"CTAS_BAR_TBIMP_1M_LIVE_89","statusCount":{"RUNNING":1},"queryType":"PERSISTENT","state":"RUNNING"},{"queryString":"CREATE TABLE BAR_TBIMP_5M_LIVE WITH (CLEANUP_POLICY='compact,delete', KAFKA_TOPIC='bar_tbimp_5m_live', KEY_FORMAT='AVRO', PARTITIONS=1, REPLICAS=1, RETENTION_MS=604800000, VALUE_FORMAT='AVRO') AS SELECT\n  O.BROKER BROKER,\n  O.SYMBOL SYMBOL,\n  WINDOWSTART BUCKETSTART,\n  EARLIEST_BY_OFFSET(O.OPEN) OPEN,\n  MAX(O.HIGH) HIGH,\n  MIN(O.LOW) LOW,\n  LATEST_BY_OFFSET(O.CLOSE) CLOSE\nFROM BAR_TBIMP_1S_FINAL_S O\nWINDOW TUMBLING ( SIZE 5 MINUTES , GRACE PERIOD 3 SECONDS ) \nGROUP BY O.BROKER, O.SYMBOL\nEMIT CHANGES;","sinks":["BAR_TBIMP_5M_LIVE"],"sinkKafkaTopics":["bar_tbimp_5m_live"],"id":"CTAS_BAR_TBIMP_5M_LIVE_91","statusCount":{"RUNNING":1},"queryType":"PERSISTENT","state":"RUNNING"},{"queryString":"CREATE TABLE BAR_TBIMP_1S_FINAL WITH (CLEANUP_POLICY='compact,delete', KAFKA_TOPIC='bar_tbimp_1s_final', KEY_FORMAT='AVRO', PARTITIONS=1, REPLICAS=1, RETENTION_MS=604800000, VALUE_FORMAT='AVRO') AS SELECT\n  O.BROKER BROKER,\n  O.SYMBOL SYMBOL,\n  WINDOWSTART BUCKETSTART,\n  EARLIEST_BY_OFFSET(O.BID) OPEN,\n  MAX(O.BID) HIGH,\n  MIN(O.BID) LOW,\n  LATEST_BY_OFFSET(O.BID) CLOSE\nFROM TICKS_TBIMP O\nWINDOW TUMBLING ( SIZE 1 SECONDS ) \nGROUP BY O.BROKER, O.SYMBOL\nEMIT FINAL;","sinks":["BAR_TBIMP_1S_FINAL"],"sinkKafkaTopics":["bar_tbimp_1s_final"],"id":"CTAS_BAR_TBIMP_1S_FINAL_85","statusCount":{"RUNNING":1},"queryType":"PERSISTENT","state":"RUNNING"}],"warnings":[]}]&#xD;
warn: Kafka.Ksql.Linq.KsqlContext[0]&#xD;
      SHOW QUERIES attempt 4 did not contain a matching query for bar_tbimp_1s_final&#xD;
info: Kafka.Ksql.Linq.KsqlContext[0]&#xD;
      ksql execute: EXECUTE SQL=SHOW QUERIES;&#xD;
info: Kafka.Ksql.Linq.KsqlContext[0]&#xD;
      SHOW QUERIES output (attempt 5): [{"@type":"queries","statementText":"SHOW QUERIES;","queries":[{"queryString":"CREATE TABLE BAR_TBIMP_1M_LIVE WITH (CLEANUP_POLICY='compact,delete', KAFKA_TOPIC='bar_tbimp_1m_live', KEY_FORMAT='AVRO', PARTITIONS=1, REPLICAS=1, RETENTION_MS=604800000, VALUE_FORMAT='AVRO') AS SELECT\n  O.BROKER BROKER,\n  O.SYMBOL SYMBOL,\n  WINDOWSTART BUCKETSTART,\n  EARLIEST_BY_OFFSET(O.OPEN) OPEN,\n  MAX(O.HIGH) HIGH,\n  MIN(O.LOW) LOW,\n  LATEST_BY_OFFSET(O.CLOSE) CLOSE\nFROM BAR_TBIMP_1S_FINAL_S O\nWINDOW TUMBLING ( SIZE 1 MINUTES , GRACE PERIOD 2 SECONDS ) \nGROUP BY O.BROKER, O.SYMBOL\nEMIT CHANGES;","sinks":["BAR_TBIMP_1M_LIVE"],"sinkKafkaTopics":["bar_tbimp_1m_live"],"id":"CTAS_BAR_TBIMP_1M_LIVE_89","statusCount":{"RUNNING":1},"queryType":"PERSISTENT","state":"RUNNING"},{"queryString":"CREATE TABLE BAR_TBIMP_5M_LIVE WITH (CLEANUP_POLICY='compact,delete', KAFKA_TOPIC='bar_tbimp_5m_live', KEY_FORMAT='AVRO', PARTITIONS=1, REPLICAS=1, RETENTION_MS=604800000, VALUE_FORMAT='AVRO') AS SELECT\n  O.BROKER BROKER,\n  O.SYMBOL SYMBOL,\n  WINDOWSTART BUCKETSTART,\n  EARLIEST_BY_OFFSET(O.OPEN) OPEN,\n  MAX(O.HIGH) HIGH,\n  MIN(O.LOW) LOW,\n  LATEST_BY_OFFSET(O.CLOSE) CLOSE\nFROM BAR_TBIMP_1S_FINAL_S O\nWINDOW TUMBLING ( SIZE 5 MINUTES , GRACE PERIOD 3 SECONDS ) \nGROUP BY O.BROKER, O.SYMBOL\nEMIT CHANGES;","sinks":["BAR_TBIMP_5M_LIVE"],"sinkKafkaTopics":["bar_tbimp_5m_live"],"id":"CTAS_BAR_TBIMP_5M_LIVE_91","statusCount":{"RUNNING":1},"queryType":"PERSISTENT","state":"RUNNING"},{"queryString":"CREATE TABLE BAR_TBIMP_1S_FINAL WITH (CLEANUP_POLICY='compact,delete', KAFKA_TOPIC='bar_tbimp_1s_final', KEY_FORMAT='AVRO', PARTITIONS=1, REPLICAS=1, RETENTION_MS=604800000, VALUE_FORMAT='AVRO') AS SELECT\n  O.BROKER BROKER,\n  O.SYMBOL SYMBOL,\n  WINDOWSTART BUCKETSTART,\n  EARLIEST_BY_OFFSET(O.BID) OPEN,\n  MAX(O.BID) HIGH,\n  MIN(O.BID) LOW,\n  LATEST_BY_OFFSET(O.BID) CLOSE\nFROM TICKS_TBIMP O\nWINDOW TUMBLING ( SIZE 1 SECONDS ) \nGROUP BY O.BROKER, O.SYMBOL\nEMIT FINAL;","sinks":["BAR_TBIMP_1S_FINAL"],"sinkKafkaTopics":["bar_tbimp_1s_final"],"id":"CTAS_BAR_TBIMP_1S_FINAL_85","statusCount":{"RUNNING":1},"queryType":"PERSISTENT","state":"RUNNING"}],"warnings":[]}]&#xD;
warn: Kafka.Ksql.Linq.KsqlContext[0]&#xD;
      SHOW QUERIES attempt 5 did not contain a matching query for bar_tbimp_1s_final&#xD;
warn: Kafka.Ksql.Linq.KsqlContext[0]&#xD;
      Unable to locate queryId for bar_tbimp_1s_final after 5 attempts&#xD;
warn: Kafka.Ksql.Linq.KsqlContext[0]&#xD;
      Could not locate queryId via SHOW QUERIES for derived statement targeting bar_tbimp_1s_final: CREATE TABLE bar_tbimp_1s_final  WITH (KAFKA_TOPIC='bar_tbimp_1s_final', KEY_FORMAT='AVRO', VALUE_FORMAT='AVRO') AS&#xD;
      SELECT BROKER AS Broker, SYMBOL AS Symbol, WINDOWSTART AS BucketStart, EARLIEST_BY_OFFSET(Bid) AS Open, MAX(Bid) AS High, MIN(Bid) AS Low, LATEST_BY_OFFSET(Bid) AS Close&#xD;
      FROM TICKS_TBIMP o WINDOW TUMBLING (SIZE 1 SECONDS)&#xD;
      GROUP BY BROKER, SYMBOL&#xD;
      EMIT FINAL;&#xD;
info: Kafka.Ksql.Linq.KsqlContext[0]&#xD;
      ksql execute: EXECUTE SQL=SHOW QUERIES;&#xD;
info: Kafka.Ksql.Linq.KsqlContext[0]&#xD;
      SHOW QUERIES output (attempt 1): [{"@type":"queries","statementText":"SHOW QUERIES;","queries":[{"queryString":"CREATE TABLE BAR_TBIMP_1M_LIVE WITH (CLEANUP_POLICY='compact,delete', KAFKA_TOPIC='bar_tbimp_1m_live', KEY_FORMAT='AVRO', PARTITIONS=1, REPLICAS=1, RETENTION_MS=604800000, VALUE_FORMAT='AVRO') AS SELECT\n  O.BROKER BROKER,\n  O.SYMBOL SYMBOL,\n  WINDOWSTART BUCKETSTART,\n  EARLIEST_BY_OFFSET(O.OPEN) OPEN,\n  MAX(O.HIGH) HIGH,\n  MIN(O.LOW) LOW,\n  LATEST_BY_OFFSET(O.CLOSE) CLOSE\nFROM BAR_TBIMP_1S_FINAL_S O\nWINDOW TUMBLING ( SIZE 1 MINUTES , GRACE PERIOD 2 SECONDS ) \nGROUP BY O.BROKER, O.SYMBOL\nEMIT CHANGES;","sinks":["BAR_TBIMP_1M_LIVE"],"sinkKafkaTopics":["bar_tbimp_1m_live"],"id":"CTAS_BAR_TBIMP_1M_LIVE_89","statusCount":{"RUNNING":1},"queryType":"PERSISTENT","state":"RUNNING"},{"queryString":"CREATE TABLE BAR_TBIMP_5M_LIVE WITH (CLEANUP_POLICY='compact,delete', KAFKA_TOPIC='bar_tbimp_5m_live', KEY_FORMAT='AVRO', PARTITIONS=1, REPLICAS=1, RETENTION_MS=604800000, VALUE_FORMAT='AVRO') AS SELECT\n  O.BROKER BROKER,\n  O.SYMBOL SYMBOL,\n  WINDOWSTART BUCKETSTART,\n  EARLIEST_BY_OFFSET(O.OPEN) OPEN,\n  MAX(O.HIGH) HIGH,\n  MIN(O.LOW) LOW,\n  LATEST_BY_OFFSET(O.CLOSE) CLOSE\nFROM BAR_TBIMP_1S_FINAL_S O\nWINDOW TUMBLING ( SIZE 5 MINUTES , GRACE PERIOD 3 SECONDS ) \nGROUP BY O.BROKER, O.SYMBOL\nEMIT CHANGES;","sinks":["BAR_TBIMP_5M_LIVE"],"sinkKafkaTopics":["bar_tbimp_5m_live"],"id":"CTAS_BAR_TBIMP_5M_LIVE_91","statusCount":{"RUNNING":1},"queryType":"PERSISTENT","state":"RUNNING"},{"queryString":"CREATE TABLE BAR_TBIMP_1S_FINAL WITH (CLEANUP_POLICY='compact,delete', KAFKA_TOPIC='bar_tbimp_1s_final', KEY_FORMAT='AVRO', PARTITIONS=1, REPLICAS=1, RETENTION_MS=604800000, VALUE_FORMAT='AVRO') AS SELECT\n  O.BROKER BROKER,\n  O.SYMBOL SYMBOL,\n  WINDOWSTART BUCKETSTART,\n  EARLIEST_BY_OFFSET(O.BID) OPEN,\n  MAX(O.BID) HIGH,\n  MIN(O.BID) LOW,\n  LATEST_BY_OFFSET(O.BID) CLOSE\nFROM TICKS_TBIMP O\nWINDOW TUMBLING ( SIZE 1 SECONDS ) \nGROUP BY O.BROKER, O.SYMBOL\nEMIT FINAL;","sinks":["BAR_TBIMP_1S_FINAL"],"sinkKafkaTopics":["bar_tbimp_1s_final"],"id":"CTAS_BAR_TBIMP_1S_FINAL_85","statusCount":{"RUNNING":1},"queryType":"PERSISTENT","state":"RUNNING"}],"warnings":[]}]&#xD;
warn: Kafka.Ksql.Linq.KsqlContext[0]&#xD;
      SHOW QUERIES attempt 1 did not contain a matching query for bar_tbimp_1m_live&#xD;
info: Kafka.Ksql.Linq.KsqlContext[0]&#xD;
      ksql execute: EXECUTE SQL=SHOW QUERIES;&#xD;
info: Kafka.Ksql.Linq.KsqlContext[0]&#xD;
      SHOW QUERIES output (attempt 2): [{"@type":"queries","statementText":"SHOW QUERIES;","queries":[{"queryString":"CREATE TABLE BAR_TBIMP_1M_LIVE WITH (CLEANUP_POLICY='compact,delete', KAFKA_TOPIC='bar_tbimp_1m_live', KEY_FORMAT='AVRO', PARTITIONS=1, REPLICAS=1, RETENTION_MS=604800000, VALUE_FORMAT='AVRO') AS SELECT\n  O.BROKER BROKER,\n  O.SYMBOL SYMBOL,\n  WINDOWSTART BUCKETSTART,\n  EARLIEST_BY_OFFSET(O.OPEN) OPEN,\n  MAX(O.HIGH) HIGH,\n  MIN(O.LOW) LOW,\n  LATEST_BY_OFFSET(O.CLOSE) CLOSE\nFROM BAR_TBIMP_1S_FINAL_S O\nWINDOW TUMBLING ( SIZE 1 MINUTES , GRACE PERIOD 2 SECONDS ) \nGROUP BY O.BROKER, O.SYMBOL\nEMIT CHANGES;","sinks":["BAR_TBIMP_1M_LIVE"],"sinkKafkaTopics":["bar_tbimp_1m_live"],"id":"CTAS_BAR_TBIMP_1M_LIVE_89","statusCount":{"RUNNING":1},"queryType":"PERSISTENT","state":"RUNNING"},{"queryString":"CREATE TABLE BAR_TBIMP_5M_LIVE WITH (CLEANUP_POLICY='compact,delete', KAFKA_TOPIC='bar_tbimp_5m_live', KEY_FORMAT='AVRO', PARTITIONS=1, REPLICAS=1, RETENTION_MS=604800000, VALUE_FORMAT='AVRO') AS SELECT\n  O.BROKER BROKER,\n  O.SYMBOL SYMBOL,\n  WINDOWSTART BUCKETSTART,\n  EARLIEST_BY_OFFSET(O.OPEN) OPEN,\n  MAX(O.HIGH) HIGH,\n  MIN(O.LOW) LOW,\n  LATEST_BY_OFFSET(O.CLOSE) CLOSE\nFROM BAR_TBIMP_1S_FINAL_S O\nWINDOW TUMBLING ( SIZE 5 MINUTES , GRACE PERIOD 3 SECONDS ) \nGROUP BY O.BROKER, O.SYMBOL\nEMIT CHANGES;","sinks":["BAR_TBIMP_5M_LIVE"],"sinkKafkaTopics":["bar_tbimp_5m_live"],"id":"CTAS_BAR_TBIMP_5M_LIVE_91","statusCount":{"RUNNING":1},"queryType":"PERSISTENT","state":"RUNNING"},{"queryString":"CREATE TABLE BAR_TBIMP_1S_FINAL WITH (CLEANUP_POLICY='compact,delete', KAFKA_TOPIC='bar_tbimp_1s_final', KEY_FORMAT='AVRO', PARTITIONS=1, REPLICAS=1, RETENTION_MS=604800000, VALUE_FORMAT='AVRO') AS SELECT\n  O.BROKER BROKER,\n  O.SYMBOL SYMBOL,\n  WINDOWSTART BUCKETSTART,\n  EARLIEST_BY_OFFSET(O.BID) OPEN,\n  MAX(O.BID) HIGH,\n  MIN(O.BID) LOW,\n  LATEST_BY_OFFSET(O.BID) CLOSE\nFROM TICKS_TBIMP O\nWINDOW TUMBLING ( SIZE 1 SECONDS ) \nGROUP BY O.BROKER, O.SYMBOL\nEMIT FINAL;","sinks":["BAR_TBIMP_1S_FINAL"],"sinkKafkaTopics":["bar_tbimp_1s_final"],"id":"CTAS_BAR_TBIMP_1S_FINAL_85","statusCount":{"RUNNING":1},"queryType":"PERSISTENT","state":"RUNNING"}],"warnings":[]}]&#xD;
warn: Kafka.Ksql.Linq.KsqlContext[0]&#xD;
      SHOW QUERIES attempt 2 did not contain a matching query for bar_tbimp_1m_live&#xD;
info: Kafka.Ksql.Linq.KsqlContext[0]&#xD;
      ksql execute: EXECUTE SQL=SHOW QUERIES;&#xD;
info: Kafka.Ksql.Linq.KsqlContext[0]&#xD;
      SHOW QUERIES output (attempt 3): [{"@type":"queries","statementText":"SHOW QUERIES;","queries":[{"queryString":"CREATE TABLE BAR_TBIMP_1M_LIVE WITH (CLEANUP_POLICY='compact,delete', KAFKA_TOPIC='bar_tbimp_1m_live', KEY_FORMAT='AVRO', PARTITIONS=1, REPLICAS=1, RETENTION_MS=604800000, VALUE_FORMAT='AVRO') AS SELECT\n  O.BROKER BROKER,\n  O.SYMBOL SYMBOL,\n  WINDOWSTART BUCKETSTART,\n  EARLIEST_BY_OFFSET(O.OPEN) OPEN,\n  MAX(O.HIGH) HIGH,\n  MIN(O.LOW) LOW,\n  LATEST_BY_OFFSET(O.CLOSE) CLOSE\nFROM BAR_TBIMP_1S_FINAL_S O\nWINDOW TUMBLING ( SIZE 1 MINUTES , GRACE PERIOD 2 SECONDS ) \nGROUP BY O.BROKER, O.SYMBOL\nEMIT CHANGES;","sinks":["BAR_TBIMP_1M_LIVE"],"sinkKafkaTopics":["bar_tbimp_1m_live"],"id":"CTAS_BAR_TBIMP_1M_LIVE_89","statusCount":{"RUNNING":1},"queryType":"PERSISTENT","state":"RUNNING"},{"queryString":"CREATE TABLE BAR_TBIMP_5M_LIVE WITH (CLEANUP_POLICY='compact,delete', KAFKA_TOPIC='bar_tbimp_5m_live', KEY_FORMAT='AVRO', PARTITIONS=1, REPLICAS=1, RETENTION_MS=604800000, VALUE_FORMAT='AVRO') AS SELECT\n  O.BROKER BROKER,\n  O.SYMBOL SYMBOL,\n  WINDOWSTART BUCKETSTART,\n  EARLIEST_BY_OFFSET(O.OPEN) OPEN,\n  MAX(O.HIGH) HIGH,\n  MIN(O.LOW) LOW,\n  LATEST_BY_OFFSET(O.CLOSE) CLOSE\nFROM BAR_TBIMP_1S_FINAL_S O\nWINDOW TUMBLING ( SIZE 5 MINUTES , GRACE PERIOD 3 SECONDS ) \nGROUP BY O.BROKER, O.SYMBOL\nEMIT CHANGES;","sinks":["BAR_TBIMP_5M_LIVE"],"sinkKafkaTopics":["bar_tbimp_5m_live"],"id":"CTAS_BAR_TBIMP_5M_LIVE_91","statusCount":{"RUNNING":1},"queryType":"PERSISTENT","state":"RUNNING"},{"queryString":"CREATE TABLE BAR_TBIMP_1S_FINAL WITH (CLEANUP_POLICY='compact,delete', KAFKA_TOPIC='bar_tbimp_1s_final', KEY_FORMAT='AVRO', PARTITIONS=1, REPLICAS=1, RETENTION_MS=604800000, VALUE_FORMAT='AVRO') AS SELECT\n  O.BROKER BROKER,\n  O.SYMBOL SYMBOL,\n  WINDOWSTART BUCKETSTART,\n  EARLIEST_BY_OFFSET(O.BID) OPEN,\n  MAX(O.BID) HIGH,\n  MIN(O.BID) LOW,\n  LATEST_BY_OFFSET(O.BID) CLOSE\nFROM TICKS_TBIMP O\nWINDOW TUMBLING ( SIZE 1 SECONDS ) \nGROUP BY O.BROKER, O.SYMBOL\nEMIT FINAL;","sinks":["BAR_TBIMP_1S_FINAL"],"sinkKafkaTopics":["bar_tbimp_1s_final"],"id":"CTAS_BAR_TBIMP_1S_FINAL_85","statusCount":{"RUNNING":1},"queryType":"PERSISTENT","state":"RUNNING"}],"warnings":[]}]&#xD;
warn: Kafka.Ksql.Linq.KsqlContext[0]&#xD;
      SHOW QUERIES attempt 3 did not contain a matching query for bar_tbimp_1m_live&#xD;
info: Kafka.Ksql.Linq.KsqlContext[0]&#xD;
      ksql execute: EXECUTE SQL=SHOW QUERIES;&#xD;
info: Kafka.Ksql.Linq.KsqlContext[0]&#xD;
      SHOW QUERIES output (attempt 4): [{"@type":"queries","statementText":"SHOW QUERIES;","queries":[{"queryString":"CREATE TABLE BAR_TBIMP_1M_LIVE WITH (CLEANUP_POLICY='compact,delete', KAFKA_TOPIC='bar_tbimp_1m_live', KEY_FORMAT='AVRO', PARTITIONS=1, REPLICAS=1, RETENTION_MS=604800000, VALUE_FORMAT='AVRO') AS SELECT\n  O.BROKER BROKER,\n  O.SYMBOL SYMBOL,\n  WINDOWSTART BUCKETSTART,\n  EARLIEST_BY_OFFSET(O.OPEN) OPEN,\n  MAX(O.HIGH) HIGH,\n  MIN(O.LOW) LOW,\n  LATEST_BY_OFFSET(O.CLOSE) CLOSE\nFROM BAR_TBIMP_1S_FINAL_S O\nWINDOW TUMBLING ( SIZE 1 MINUTES , GRACE PERIOD 2 SECONDS ) \nGROUP BY O.BROKER, O.SYMBOL\nEMIT CHANGES;","sinks":["BAR_TBIMP_1M_LIVE"],"sinkKafkaTopics":["bar_tbimp_1m_live"],"id":"CTAS_BAR_TBIMP_1M_LIVE_89","statusCount":{"RUNNING":1},"queryType":"PERSISTENT","state":"RUNNING"},{"queryString":"CREATE TABLE BAR_TBIMP_5M_LIVE WITH (CLEANUP_POLICY='compact,delete', KAFKA_TOPIC='bar_tbimp_5m_live', KEY_FORMAT='AVRO', PARTITIONS=1, REPLICAS=1, RETENTION_MS=604800000, VALUE_FORMAT='AVRO') AS SELECT\n  O.BROKER BROKER,\n  O.SYMBOL SYMBOL,\n  WINDOWSTART BUCKETSTART,\n  EARLIEST_BY_OFFSET(O.OPEN) OPEN,\n  MAX(O.HIGH) HIGH,\n  MIN(O.LOW) LOW,\n  LATEST_BY_OFFSET(O.CLOSE) CLOSE\nFROM BAR_TBIMP_1S_FINAL_S O\nWINDOW TUMBLING ( SIZE 5 MINUTES , GRACE PERIOD 3 SECONDS ) \nGROUP BY O.BROKER, O.SYMBOL\nEMIT CHANGES;","sinks":["BAR_TBIMP_5M_LIVE"],"sinkKafkaTopics":["bar_tbimp_5m_live"],"id":"CTAS_BAR_TBIMP_5M_LIVE_91","statusCount":{"RUNNING":1},"queryType":"PERSISTENT","state":"RUNNING"},{"queryString":"CREATE TABLE BAR_TBIMP_1S_FINAL WITH (CLEANUP_POLICY='compact,delete', KAFKA_TOPIC='bar_tbimp_1s_final', KEY_FORMAT='AVRO', PARTITIONS=1, REPLICAS=1, RETENTION_MS=604800000, VALUE_FORMAT='AVRO') AS SELECT\n  O.BROKER BROKER,\n  O.SYMBOL SYMBOL,\n  WINDOWSTART BUCKETSTART,\n  EARLIEST_BY_OFFSET(O.BID) OPEN,\n  MAX(O.BID) HIGH,\n  MIN(O.BID) LOW,\n  LATEST_BY_OFFSET(O.BID) CLOSE\nFROM TICKS_TBIMP O\nWINDOW TUMBLING ( SIZE 1 SECONDS ) \nGROUP BY O.BROKER, O.SYMBOL\nEMIT FINAL;","sinks":["BAR_TBIMP_1S_FINAL"],"sinkKafkaTopics":["bar_tbimp_1s_final"],"id":"CTAS_BAR_TBIMP_1S_FINAL_85","statusCount":{"RUNNING":1},"queryType":"PERSISTENT","state":"RUNNING"}],"warnings":[]}]&#xD;
warn: Kafka.Ksql.Linq.KsqlContext[0]&#xD;
      SHOW QUERIES attempt 4 did not contain a matching query for bar_tbimp_1m_live&#xD;
info: Kafka.Ksql.Linq.KsqlContext[0]&#xD;
      ksql execute: EXECUTE SQL=SHOW QUERIES;&#xD;
info: Kafka.Ksql.Linq.KsqlContext[0]&#xD;
      SHOW QUERIES output (attempt 5): [{"@type":"queries","statementText":"SHOW QUERIES;","queries":[{"queryString":"CREATE TABLE BAR_TBIMP_1M_LIVE WITH (CLEANUP_POLICY='compact,delete', KAFKA_TOPIC='bar_tbimp_1m_live', KEY_FORMAT='AVRO', PARTITIONS=1, REPLICAS=1, RETENTION_MS=604800000, VALUE_FORMAT='AVRO') AS SELECT\n  O.BROKER BROKER,\n  O.SYMBOL SYMBOL,\n  WINDOWSTART BUCKETSTART,\n  EARLIEST_BY_OFFSET(O.OPEN) OPEN,\n  MAX(O.HIGH) HIGH,\n  MIN(O.LOW) LOW,\n  LATEST_BY_OFFSET(O.CLOSE) CLOSE\nFROM BAR_TBIMP_1S_FINAL_S O\nWINDOW TUMBLING ( SIZE 1 MINUTES , GRACE PERIOD 2 SECONDS ) \nGROUP BY O.BROKER, O.SYMBOL\nEMIT CHANGES;","sinks":["BAR_TBIMP_1M_LIVE"],"sinkKafkaTopics":["bar_tbimp_1m_live"],"id":"CTAS_BAR_TBIMP_1M_LIVE_89","statusCount":{"RUNNING":1},"queryType":"PERSISTENT","state":"RUNNING"},{"queryString":"CREATE TABLE BAR_TBIMP_5M_LIVE WITH (CLEANUP_POLICY='compact,delete', KAFKA_TOPIC='bar_tbimp_5m_live', KEY_FORMAT='AVRO', PARTITIONS=1, REPLICAS=1, RETENTION_MS=604800000, VALUE_FORMAT='AVRO') AS SELECT\n  O.BROKER BROKER,\n  O.SYMBOL SYMBOL,\n  WINDOWSTART BUCKETSTART,\n  EARLIEST_BY_OFFSET(O.OPEN) OPEN,\n  MAX(O.HIGH) HIGH,\n  MIN(O.LOW) LOW,\n  LATEST_BY_OFFSET(O.CLOSE) CLOSE\nFROM BAR_TBIMP_1S_FINAL_S O\nWINDOW TUMBLING ( SIZE 5 MINUTES , GRACE PERIOD 3 SECONDS ) \nGROUP BY O.BROKER, O.SYMBOL\nEMIT CHANGES;","sinks":["BAR_TBIMP_5M_LIVE"],"sinkKafkaTopics":["bar_tbimp_5m_live"],"id":"CTAS_BAR_TBIMP_5M_LIVE_91","statusCount":{"RUNNING":1},"queryType":"PERSISTENT","state":"RUNNING"},{"queryString":"CREATE TABLE BAR_TBIMP_1S_FINAL WITH (CLEANUP_POLICY='compact,delete', KAFKA_TOPIC='bar_tbimp_1s_final', KEY_FORMAT='AVRO', PARTITIONS=1, REPLICAS=1, RETENTION_MS=604800000, VALUE_FORMAT='AVRO') AS SELECT\n  O.BROKER BROKER,\n  O.SYMBOL SYMBOL,\n  WINDOWSTART BUCKETSTART,\n  EARLIEST_BY_OFFSET(O.BID) OPEN,\n  MAX(O.BID) HIGH,\n  MIN(O.BID) LOW,\n  LATEST_BY_OFFSET(O.BID) CLOSE\nFROM TICKS_TBIMP O\nWINDOW TUMBLING ( SIZE 1 SECONDS ) \nGROUP BY O.BROKER, O.SYMBOL\nEMIT FINAL;","sinks":["BAR_TBIMP_1S_FINAL"],"sinkKafkaTopics":["bar_tbimp_1s_final"],"id":"CTAS_BAR_TBIMP_1S_FINAL_85","statusCount":{"RUNNING":1},"queryType":"PERSISTENT","state":"RUNNING"}],"warnings":[]}]&#xD;
warn: Kafka.Ksql.Linq.KsqlContext[0]&#xD;
      SHOW QUERIES attempt 5 did not contain a matching query for bar_tbimp_1m_live&#xD;
warn: Kafka.Ksql.Linq.KsqlContext[0]&#xD;
      Unable to locate queryId for bar_tbimp_1m_live after 5 attempts&#xD;
warn: Kafka.Ksql.Linq.KsqlContext[0]&#xD;
      Could not locate queryId via SHOW QUERIES for derived statement targeting bar_tbimp_1m_live: CREATE TABLE bar_tbimp_1m_live  WITH (KAFKA_TOPIC='bar_tbimp_1m_live', KEY_FORMAT='AVRO', VALUE_FORMAT='AVRO') AS&#xD;
      SELECT BROKER AS Broker, SYMBOL AS Symbol, WINDOWSTART AS BucketStart, EARLIEST_BY_OFFSET(o.OPEN) AS Open, MAX(o.HIGH) AS High, MIN(o.LOW) AS Low, LATEST_BY_OFFSET(o.CLOSE) AS Close&#xD;
      FROM bar_tbimp_1s_final_s o WINDOW TUMBLING (SIZE 1 MINUTES, GRACE PERIOD 2 SECONDS)&#xD;
      GROUP BY BROKER, SYMBOL&#xD;
      EMIT CHANGES;&#xD;
info: Kafka.Ksql.Linq.KsqlContext[0]&#xD;
      ksql execute: EXECUTE SQL=SHOW QUERIES;&#xD;
info: Kafka.Ksql.Linq.KsqlContext[0]&#xD;
      SHOW QUERIES output (attempt 1): [{"@type":"queries","statementText":"SHOW QUERIES;","queries":[{"queryString":"CREATE TABLE BAR_TBIMP_1M_LIVE WITH (CLEANUP_POLICY='compact,delete', KAFKA_TOPIC='bar_tbimp_1m_live', KEY_FORMAT='AVRO', PARTITIONS=1, REPLICAS=1, RETENTION_MS=604800000, VALUE_FORMAT='AVRO') AS SELECT\n  O.BROKER BROKER,\n  O.SYMBOL SYMBOL,\n  WINDOWSTART BUCKETSTART,\n  EARLIEST_BY_OFFSET(O.OPEN) OPEN,\n  MAX(O.HIGH) HIGH,\n  MIN(O.LOW) LOW,\n  LATEST_BY_OFFSET(O.CLOSE) CLOSE\nFROM BAR_TBIMP_1S_FINAL_S O\nWINDOW TUMBLING ( SIZE 1 MINUTES , GRACE PERIOD 2 SECONDS ) \nGROUP BY O.BROKER, O.SYMBOL\nEMIT CHANGES;","sinks":["BAR_TBIMP_1M_LIVE"],"sinkKafkaTopics":["bar_tbimp_1m_live"],"id":"CTAS_BAR_TBIMP_1M_LIVE_89","statusCount":{"RUNNING":1},"queryType":"PERSISTENT","state":"RUNNING"},{"queryString":"CREATE TABLE BAR_TBIMP_5M_LIVE WITH (CLEANUP_POLICY='compact,delete', KAFKA_TOPIC='bar_tbimp_5m_live', KEY_FORMAT='AVRO', PARTITIONS=1, REPLICAS=1, RETENTION_MS=604800000, VALUE_FORMAT='AVRO') AS SELECT\n  O.BROKER BROKER,\n  O.SYMBOL SYMBOL,\n  WINDOWSTART BUCKETSTART,\n  EARLIEST_BY_OFFSET(O.OPEN) OPEN,\n  MAX(O.HIGH) HIGH,\n  MIN(O.LOW) LOW,\n  LATEST_BY_OFFSET(O.CLOSE) CLOSE\nFROM BAR_TBIMP_1S_FINAL_S O\nWINDOW TUMBLING ( SIZE 5 MINUTES , GRACE PERIOD 3 SECONDS ) \nGROUP BY O.BROKER, O.SYMBOL\nEMIT CHANGES;","sinks":["BAR_TBIMP_5M_LIVE"],"sinkKafkaTopics":["bar_tbimp_5m_live"],"id":"CTAS_BAR_TBIMP_5M_LIVE_91","statusCount":{"RUNNING":1},"queryType":"PERSISTENT","state":"RUNNING"},{"queryString":"CREATE TABLE BAR_TBIMP_1S_FINAL WITH (CLEANUP_POLICY='compact,delete', KAFKA_TOPIC='bar_tbimp_1s_final', KEY_FORMAT='AVRO', PARTITIONS=1, REPLICAS=1, RETENTION_MS=604800000, VALUE_FORMAT='AVRO') AS SELECT\n  O.BROKER BROKER,\n  O.SYMBOL SYMBOL,\n  WINDOWSTART BUCKETSTART,\n  EARLIEST_BY_OFFSET(O.BID) OPEN,\n  MAX(O.BID) HIGH,\n  MIN(O.BID) LOW,\n  LATEST_BY_OFFSET(O.BID) CLOSE\nFROM TICKS_TBIMP O\nWINDOW TUMBLING ( SIZE 1 SECONDS ) \nGROUP BY O.BROKER, O.SYMBOL\nEMIT FINAL;","sinks":["BAR_TBIMP_1S_FINAL"],"sinkKafkaTopics":["bar_tbimp_1s_final"],"id":"CTAS_BAR_TBIMP_1S_FINAL_85","statusCount":{"RUNNING":1},"queryType":"PERSISTENT","state":"RUNNING"}],"warnings":[]}]&#xD;
warn: Kafka.Ksql.Linq.KsqlContext[0]&#xD;
      SHOW QUERIES attempt 1 did not contain a matching query for bar_tbimp_5m_live&#xD;
info: Kafka.Ksql.Linq.KsqlContext[0]&#xD;
      ksql execute: EXECUTE SQL=SHOW QUERIES;&#xD;
info: Kafka.Ksql.Linq.KsqlContext[0]&#xD;
      SHOW QUERIES output (attempt 2): [{"@type":"queries","statementText":"SHOW QUERIES;","queries":[{"queryString":"CREATE TABLE BAR_TBIMP_1M_LIVE WITH (CLEANUP_POLICY='compact,delete', KAFKA_TOPIC='bar_tbimp_1m_live', KEY_FORMAT='AVRO', PARTITIONS=1, REPLICAS=1, RETENTION_MS=604800000, VALUE_FORMAT='AVRO') AS SELECT\n  O.BROKER BROKER,\n  O.SYMBOL SYMBOL,\n  WINDOWSTART BUCKETSTART,\n  EARLIEST_BY_OFFSET(O.OPEN) OPEN,\n  MAX(O.HIGH) HIGH,\n  MIN(O.LOW) LOW,\n  LATEST_BY_OFFSET(O.CLOSE) CLOSE\nFROM BAR_TBIMP_1S_FINAL_S O\nWINDOW TUMBLING ( SIZE 1 MINUTES , GRACE PERIOD 2 SECONDS ) \nGROUP BY O.BROKER, O.SYMBOL\nEMIT CHANGES;","sinks":["BAR_TBIMP_1M_LIVE"],"sinkKafkaTopics":["bar_tbimp_1m_live"],"id":"CTAS_BAR_TBIMP_1M_LIVE_89","statusCount":{"RUNNING":1},"queryType":"PERSISTENT","state":"RUNNING"},{"queryString":"CREATE TABLE BAR_TBIMP_5M_LIVE WITH (CLEANUP_POLICY='compact,delete', KAFKA_TOPIC='bar_tbimp_5m_live', KEY_FORMAT='AVRO', PARTITIONS=1, REPLICAS=1, RETENTION_MS=604800000, VALUE_FORMAT='AVRO') AS SELECT\n  O.BROKER BROKER,\n  O.SYMBOL SYMBOL,\n  WINDOWSTART BUCKETSTART,\n  EARLIEST_BY_OFFSET(O.OPEN) OPEN,\n  MAX(O.HIGH) HIGH,\n  MIN(O.LOW) LOW,\n  LATEST_BY_OFFSET(O.CLOSE) CLOSE\nFROM BAR_TBIMP_1S_FINAL_S O\nWINDOW TUMBLING ( SIZE 5 MINUTES , GRACE PERIOD 3 SECONDS ) \nGROUP BY O.BROKER, O.SYMBOL\nEMIT CHANGES;","sinks":["BAR_TBIMP_5M_LIVE"],"sinkKafkaTopics":["bar_tbimp_5m_live"],"id":"CTAS_BAR_TBIMP_5M_LIVE_91","statusCount":{"RUNNING":1},"queryType":"PERSISTENT","state":"RUNNING"},{"queryString":"CREATE TABLE BAR_TBIMP_1S_FINAL WITH (CLEANUP_POLICY='compact,delete', KAFKA_TOPIC='bar_tbimp_1s_final', KEY_FORMAT='AVRO', PARTITIONS=1, REPLICAS=1, RETENTION_MS=604800000, VALUE_FORMAT='AVRO') AS SELECT\n  O.BROKER BROKER,\n  O.SYMBOL SYMBOL,\n  WINDOWSTART BUCKETSTART,\n  EARLIEST_BY_OFFSET(O.BID) OPEN,\n  MAX(O.BID) HIGH,\n  MIN(O.BID) LOW,\n  LATEST_BY_OFFSET(O.BID) CLOSE\nFROM TICKS_TBIMP O\nWINDOW TUMBLING ( SIZE 1 SECONDS ) \nGROUP BY O.BROKER, O.SYMBOL\nEMIT FINAL;","sinks":["BAR_TBIMP_1S_FINAL"],"sinkKafkaTopics":["bar_tbimp_1s_final"],"id":"CTAS_BAR_TBIMP_1S_FINAL_85","statusCount":{"RUNNING":1},"queryType":"PERSISTENT","state":"RUNNING"}],"warnings":[]}]&#xD;
warn: Kafka.Ksql.Linq.KsqlContext[0]&#xD;
      SHOW QUERIES attempt 2 did not contain a matching query for bar_tbimp_5m_live&#xD;
info: Kafka.Ksql.Linq.KsqlContext[0]&#xD;
      ksql execute: EXECUTE SQL=SHOW QUERIES;&#xD;
info: Kafka.Ksql.Linq.KsqlContext[0]&#xD;
      SHOW QUERIES output (attempt 3): [{"@type":"queries","statementText":"SHOW QUERIES;","queries":[{"queryString":"CREATE TABLE BAR_TBIMP_1M_LIVE WITH (CLEANUP_POLICY='compact,delete', KAFKA_TOPIC='bar_tbimp_1m_live', KEY_FORMAT='AVRO', PARTITIONS=1, REPLICAS=1, RETENTION_MS=604800000, VALUE_FORMAT='AVRO') AS SELECT\n  O.BROKER BROKER,\n  O.SYMBOL SYMBOL,\n  WINDOWSTART BUCKETSTART,\n  EARLIEST_BY_OFFSET(O.OPEN) OPEN,\n  MAX(O.HIGH) HIGH,\n  MIN(O.LOW) LOW,\n  LATEST_BY_OFFSET(O.CLOSE) CLOSE\nFROM BAR_TBIMP_1S_FINAL_S O\nWINDOW TUMBLING ( SIZE 1 MINUTES , GRACE PERIOD 2 SECONDS ) \nGROUP BY O.BROKER, O.SYMBOL\nEMIT CHANGES;","sinks":["BAR_TBIMP_1M_LIVE"],"sinkKafkaTopics":["bar_tbimp_1m_live"],"id":"CTAS_BAR_TBIMP_1M_LIVE_89","statusCount":{"RUNNING":1},"queryType":"PERSISTENT","state":"RUNNING"},{"queryString":"CREATE TABLE BAR_TBIMP_5M_LIVE WITH (CLEANUP_POLICY='compact,delete', KAFKA_TOPIC='bar_tbimp_5m_live', KEY_FORMAT='AVRO', PARTITIONS=1, REPLICAS=1, RETENTION_MS=604800000, VALUE_FORMAT='AVRO') AS SELECT\n  O.BROKER BROKER,\n  O.SYMBOL SYMBOL,\n  WINDOWSTART BUCKETSTART,\n  EARLIEST_BY_OFFSET(O.OPEN) OPEN,\n  MAX(O.HIGH) HIGH,\n  MIN(O.LOW) LOW,\n  LATEST_BY_OFFSET(O.CLOSE) CLOSE\nFROM BAR_TBIMP_1S_FINAL_S O\nWINDOW TUMBLING ( SIZE 5 MINUTES , GRACE PERIOD 3 SECONDS ) \nGROUP BY O.BROKER, O.SYMBOL\nEMIT CHANGES;","sinks":["BAR_TBIMP_5M_LIVE"],"sinkKafkaTopics":["bar_tbimp_5m_live"],"id":"CTAS_BAR_TBIMP_5M_LIVE_91","statusCount":{"RUNNING":1},"queryType":"PERSISTENT","state":"RUNNING"},{"queryString":"CREATE TABLE BAR_TBIMP_1S_FINAL WITH (CLEANUP_POLICY='compact,delete', KAFKA_TOPIC='bar_tbimp_1s_final', KEY_FORMAT='AVRO', PARTITIONS=1, REPLICAS=1, RETENTION_MS=604800000, VALUE_FORMAT='AVRO') AS SELECT\n  O.BROKER BROKER,\n  O.SYMBOL SYMBOL,\n  WINDOWSTART BUCKETSTART,\n  EARLIEST_BY_OFFSET(O.BID) OPEN,\n  MAX(O.BID) HIGH,\n  MIN(O.BID) LOW,\n  LATEST_BY_OFFSET(O.BID) CLOSE\nFROM TICKS_TBIMP O\nWINDOW TUMBLING ( SIZE 1 SECONDS ) \nGROUP BY O.BROKER, O.SYMBOL\nEMIT FINAL;","sinks":["BAR_TBIMP_1S_FINAL"],"sinkKafkaTopics":["bar_tbimp_1s_final"],"id":"CTAS_BAR_TBIMP_1S_FINAL_85","statusCount":{"RUNNING":1},"queryType":"PERSISTENT","state":"RUNNING"}],"warnings":[]}]&#xD;
warn: Kafka.Ksql.Linq.KsqlContext[0]&#xD;
      SHOW QUERIES attempt 3 did not contain a matching query for bar_tbimp_5m_live&#xD;
info: Kafka.Ksql.Linq.KsqlContext[0]&#xD;
      ksql execute: EXECUTE SQL=SHOW QUERIES;&#xD;
info: Kafka.Ksql.Linq.KsqlContext[0]&#xD;
      SHOW QUERIES output (attempt 4): [{"@type":"queries","statementText":"SHOW QUERIES;","queries":[{"queryString":"CREATE TABLE BAR_TBIMP_1M_LIVE WITH (CLEANUP_POLICY='compact,delete', KAFKA_TOPIC='bar_tbimp_1m_live', KEY_FORMAT='AVRO', PARTITIONS=1, REPLICAS=1, RETENTION_MS=604800000, VALUE_FORMAT='AVRO') AS SELECT\n  O.BROKER BROKER,\n  O.SYMBOL SYMBOL,\n  WINDOWSTART BUCKETSTART,\n  EARLIEST_BY_OFFSET(O.OPEN) OPEN,\n  MAX(O.HIGH) HIGH,\n  MIN(O.LOW) LOW,\n  LATEST_BY_OFFSET(O.CLOSE) CLOSE\nFROM BAR_TBIMP_1S_FINAL_S O\nWINDOW TUMBLING ( SIZE 1 MINUTES , GRACE PERIOD 2 SECONDS ) \nGROUP BY O.BROKER, O.SYMBOL\nEMIT CHANGES;","sinks":["BAR_TBIMP_1M_LIVE"],"sinkKafkaTopics":["bar_tbimp_1m_live"],"id":"CTAS_BAR_TBIMP_1M_LIVE_89","statusCount":{"RUNNING":1},"queryType":"PERSISTENT","state":"RUNNING"},{"queryString":"CREATE TABLE BAR_TBIMP_5M_LIVE WITH (CLEANUP_POLICY='compact,delete', KAFKA_TOPIC='bar_tbimp_5m_live', KEY_FORMAT='AVRO', PARTITIONS=1, REPLICAS=1, RETENTION_MS=604800000, VALUE_FORMAT='AVRO') AS SELECT\n  O.BROKER BROKER,\n  O.SYMBOL SYMBOL,\n  WINDOWSTART BUCKETSTART,\n  EARLIEST_BY_OFFSET(O.OPEN) OPEN,\n  MAX(O.HIGH) HIGH,\n  MIN(O.LOW) LOW,\n  LATEST_BY_OFFSET(O.CLOSE) CLOSE\nFROM BAR_TBIMP_1S_FINAL_S O\nWINDOW TUMBLING ( SIZE 5 MINUTES , GRACE PERIOD 3 SECONDS ) \nGROUP BY O.BROKER, O.SYMBOL\nEMIT CHANGES;","sinks":["BAR_TBIMP_5M_LIVE"],"sinkKafkaTopics":["bar_tbimp_5m_live"],"id":"CTAS_BAR_TBIMP_5M_LIVE_91","statusCount":{"RUNNING":1},"queryType":"PERSISTENT","state":"RUNNING"},{"queryString":"CREATE TABLE BAR_TBIMP_1S_FINAL WITH (CLEANUP_POLICY='compact,delete', KAFKA_TOPIC='bar_tbimp_1s_final', KEY_FORMAT='AVRO', PARTITIONS=1, REPLICAS=1, RETENTION_MS=604800000, VALUE_FORMAT='AVRO') AS SELECT\n  O.BROKER BROKER,\n  O.SYMBOL SYMBOL,\n  WINDOWSTART BUCKETSTART,\n  EARLIEST_BY_OFFSET(O.BID) OPEN,\n  MAX(O.BID) HIGH,\n  MIN(O.BID) LOW,\n  LATEST_BY_OFFSET(O.BID) CLOSE\nFROM TICKS_TBIMP O\nWINDOW TUMBLING ( SIZE 1 SECONDS ) \nGROUP BY O.BROKER, O.SYMBOL\nEMIT FINAL;","sinks":["BAR_TBIMP_1S_FINAL"],"sinkKafkaTopics":["bar_tbimp_1s_final"],"id":"CTAS_BAR_TBIMP_1S_FINAL_85","statusCount":{"RUNNING":1},"queryType":"PERSISTENT","state":"RUNNING"}],"warnings":[]}]&#xD;
warn: Kafka.Ksql.Linq.KsqlContext[0]&#xD;
      SHOW QUERIES attempt 4 did not contain a matching query for bar_tbimp_5m_live&#xD;
info: Kafka.Ksql.Linq.KsqlContext[0]&#xD;
      ksql execute: EXECUTE SQL=SHOW QUERIES;&#xD;
info: Kafka.Ksql.Linq.KsqlContext[0]&#xD;
      SHOW QUERIES output (attempt 5): [{"@type":"queries","statementText":"SHOW QUERIES;","queries":[{"queryString":"CREATE TABLE BAR_TBIMP_1M_LIVE WITH (CLEANUP_POLICY='compact,delete', KAFKA_TOPIC='bar_tbimp_1m_live', KEY_FORMAT='AVRO', PARTITIONS=1, REPLICAS=1, RETENTION_MS=604800000, VALUE_FORMAT='AVRO') AS SELECT\n  O.BROKER BROKER,\n  O.SYMBOL SYMBOL,\n  WINDOWSTART BUCKETSTART,\n  EARLIEST_BY_OFFSET(O.OPEN) OPEN,\n  MAX(O.HIGH) HIGH,\n  MIN(O.LOW) LOW,\n  LATEST_BY_OFFSET(O.CLOSE) CLOSE\nFROM BAR_TBIMP_1S_FINAL_S O\nWINDOW TUMBLING ( SIZE 1 MINUTES , GRACE PERIOD 2 SECONDS ) \nGROUP BY O.BROKER, O.SYMBOL\nEMIT CHANGES;","sinks":["BAR_TBIMP_1M_LIVE"],"sinkKafkaTopics":["bar_tbimp_1m_live"],"id":"CTAS_BAR_TBIMP_1M_LIVE_89","statusCount":{"RUNNING":1},"queryType":"PERSISTENT","state":"RUNNING"},{"queryString":"CREATE TABLE BAR_TBIMP_5M_LIVE WITH (CLEANUP_POLICY='compact,delete', KAFKA_TOPIC='bar_tbimp_5m_live', KEY_FORMAT='AVRO', PARTITIONS=1, REPLICAS=1, RETENTION_MS=604800000, VALUE_FORMAT='AVRO') AS SELECT\n  O.BROKER BROKER,\n  O.SYMBOL SYMBOL,\n  WINDOWSTART BUCKETSTART,\n  EARLIEST_BY_OFFSET(O.OPEN) OPEN,\n  MAX(O.HIGH) HIGH,\n  MIN(O.LOW) LOW,\n  LATEST_BY_OFFSET(O.CLOSE) CLOSE\nFROM BAR_TBIMP_1S_FINAL_S O\nWINDOW TUMBLING ( SIZE 5 MINUTES , GRACE PERIOD 3 SECONDS ) \nGROUP BY O.BROKER, O.SYMBOL\nEMIT CHANGES;","sinks":["BAR_TBIMP_5M_LIVE"],"sinkKafkaTopics":["bar_tbimp_5m_live"],"id":"CTAS_BAR_TBIMP_5M_LIVE_91","statusCount":{"RUNNING":1},"queryType":"PERSISTENT","state":"RUNNING"},{"queryString":"CREATE TABLE BAR_TBIMP_1S_FINAL WITH (CLEANUP_POLICY='compact,delete', KAFKA_TOPIC='bar_tbimp_1s_final', KEY_FORMAT='AVRO', PARTITIONS=1, REPLICAS=1, RETENTION_MS=604800000, VALUE_FORMAT='AVRO') AS SELECT\n  O.BROKER BROKER,\n  O.SYMBOL SYMBOL,\n  WINDOWSTART BUCKETSTART,\n  EARLIEST_BY_OFFSET(O.BID) OPEN,\n  MAX(O.BID) HIGH,\n  MIN(O.BID) LOW,\n  LATEST_BY_OFFSET(O.BID) CLOSE\nFROM TICKS_TBIMP O\nWINDOW TUMBLING ( SIZE 1 SECONDS ) \nGROUP BY O.BROKER, O.SYMBOL\nEMIT FINAL;","sinks":["BAR_TBIMP_1S_FINAL"],"sinkKafkaTopics":["bar_tbimp_1s_final"],"id":"CTAS_BAR_TBIMP_1S_FINAL_85","statusCount":{"RUNNING":1},"queryType":"PERSISTENT","state":"RUNNING"}],"warnings":[]}]&#xD;
warn: Kafka.Ksql.Linq.KsqlContext[0]&#xD;
      SHOW QUERIES attempt 5 did not contain a matching query for bar_tbimp_5m_live&#xD;
warn: Kafka.Ksql.Linq.KsqlContext[0]&#xD;
      Unable to locate queryId for bar_tbimp_5m_live after 5 attempts&#xD;
warn: Kafka.Ksql.Linq.KsqlContext[0]&#xD;
      Could not locate queryId via SHOW QUERIES for derived statement targeting bar_tbimp_5m_live: CREATE TABLE bar_tbimp_5m_live  WITH (KAFKA_TOPIC='bar_tbimp_5m_live', KEY_FORMAT='AVRO', VALUE_FORMAT='AVRO') AS&#xD;
      SELECT BROKER AS Broker, SYMBOL AS Symbol, WINDOWSTART AS BucketStart, EARLIEST_BY_OFFSET(o.OPEN) AS Open, MAX(o.HIGH) AS High, MIN(o.LOW) AS Low, LATEST_BY_OFFSET(o.CLOSE) AS Close&#xD;
      FROM bar_tbimp_1s_final_s o WINDOW TUMBLING (SIZE 5 MINUTES, GRACE PERIOD 3 SECONDS)&#xD;
      GROUP BY BROKER, SYMBOL&#xD;
      EMIT CHANGES;&#xD;
info: Kafka.Ksql.Linq.KsqlContext[0]&#xD;
      ksql execute: EXECUTE SQL=SHOW QUERIES;&#xD;
info: Kafka.Ksql.Linq.KsqlContext[0]&#xD;
      ksql execute: EXECUTE SQL=SHOW QUERIES;&#xD;
info: Kafka.Ksql.Linq.KsqlContext[0]&#xD;
      ksql execute: EXECUTE SQL=SHOW QUERIES;&#xD;
info: Kafka.Ksql.Linq.KsqlContext[0]&#xD;
      ksql execute: EXECUTE SQL=SHOW QUERIES;&#xD;
info: Kafka.Ksql.Linq.KsqlContext[0]&#xD;
      ksql execute: EXECUTE SQL=SHOW QUERIES;&#xD;
info: Kafka.Ksql.Linq.KsqlContext[0]&#xD;
      ksql execute: EXECUTE SQL=SHOW QUERIES;&#xD;
info: Kafka.Ksql.Linq.KsqlContext[0]&#xD;
      ksql execute: EXECUTE SQL=SHOW QUERIES;&#xD;
info: Kafka.Ksql.Linq.KsqlContext[0]&#xD;
      ksql execute: EXECUTE SQL=SHOW QUERIES;&#xD;
info: Kafka.Ksql.Linq.KsqlContext[0]&#xD;
      ksql execute: EXECUTE SQL=SHOW QUERIES;&#xD;
info: Kafka.Ksql.Linq.KsqlContext[0]&#xD;
      ksql execute: EXECUTE SQL=SHOW QUERIES;&#xD;
info: Kafka.Ksql.Linq.KsqlContext[0]&#xD;
      ksql execute: EXECUTE SQL=SHOW QUERIES;&#xD;
info: Kafka.Ksql.Linq.KsqlContext[0]&#xD;
      ksql execute: EXECUTE SQL=SHOW QUERIES;&#xD;
info: Kafka.Ksql.Linq.KsqlContext[0]&#xD;
      ksql execute: EXECUTE SQL=SHOW QUERIES;&#xD;
info: Kafka.Ksql.Linq.KsqlContext[0]&#xD;
      ksql execute: EXECUTE SQL=SHOW QUERIES;&#xD;
info: Kafka.Ksql.Linq.KsqlContext[0]&#xD;
      ksql execute: EXECUTE SQL=SHOW QUERIES;&#xD;
info: Kafka.Ksql.Linq.KsqlContext[0]&#xD;
      ksql execute: EXECUTE SQL=SHOW QUERIES;&#xD;
info: Kafka.Ksql.Linq.KsqlContext[0]&#xD;
      ksql execute: EXECUTE SQL=SHOW QUERIES;&#xD;
info: Streamiz.Kafka.Net.Processors.StreamThread[0]&#xD;
      Processed 0 total records, ran 0 punctuators and committed 0 total tasks since the last update&#xD;
info: Kafka.Ksql.Linq.KsqlContext[0]&#xD;
      ksql execute: EXECUTE SQL=SHOW QUERIES;&#xD;
info: Kafka.Ksql.Linq.KsqlContext[0]&#xD;
      ksql execute: EXECUTE SQL=SHOW QUERIES;&#xD;
info: Kafka.Ksql.Linq.KsqlContext[0]&#xD;
      ksql execute: EXECUTE SQL=SHOW QUERIES;&#xD;
info: Kafka.Ksql.Linq.KsqlContext[0]&#xD;
      ksql execute: EXECUTE SQL=SHOW QUERIES;&#xD;
info: Kafka.Ksql.Linq.KsqlContext[0]&#xD;
      ksql execute: EXECUTE SQL=SHOW QUERIES;&#xD;
info: Kafka.Ksql.Linq.KsqlContext[0]&#xD;
      ksql execute: EXECUTE SQL=SHOW QUERIES;&#xD;
info: Kafka.Ksql.Linq.KsqlContext[0]&#xD;
      ksql execute: EXECUTE SQL=SHOW QUERIES;&#xD;
info: Kafka.Ksql.Linq.KsqlContext[0]&#xD;
      ksql execute: EXECUTE SQL=SHOW QUERIES;&#xD;
info: Kafka.Ksql.Linq.KsqlContext[0]&#xD;
      ksql execute: EXECUTE SQL=SHOW QUERIES;&#xD;
info: Kafka.Ksql.Linq.KsqlContext[0]&#xD;
      ksql execute: EXECUTE SQL=SHOW QUERIES;&#xD;
info: Kafka.Ksql.Linq.KsqlContext[0]&#xD;
      ksql execute: EXECUTE SQL=SHOW QUERIES;&#xD;
info: Kafka.Ksql.Linq.KsqlContext[0]&#xD;
      ksql execute: EXECUTE SQL=SHOW QUERIES;&#xD;
info: Kafka.Ksql.Linq.KsqlContext[0]&#xD;
      ksql execute: EXECUTE SQL=SHOW QUERIES;&#xD;
info: Kafka.Ksql.Linq.KsqlContext[0]&#xD;
      ksql execute: EXECUTE SQL=SHOW QUERIES;&#xD;
info: Kafka.Ksql.Linq.KsqlContext[0]&#xD;
      ksql execute: EXECUTE SQL=SHOW QUERIES;&#xD;
info: Kafka.Ksql.Linq.KsqlContext[0]&#xD;
      ksql execute: EXECUTE SQL=SHOW QUERIES;&#xD;
info: Kafka.Ksql.Linq.KsqlContext[0]&#xD;
      ksql execute: EXECUTE SQL=SHOW QUERIES;&#xD;
info: Kafka.Ksql.Linq.KsqlContext[0]&#xD;
      ksql execute: EXECUTE SQL=SHOW QUERIES;&#xD;
info: Kafka.Ksql.Linq.KsqlContext[0]&#xD;
      ksql execute: EXECUTE SQL=SHOW QUERIES;&#xD;
info: Kafka.Ksql.Linq.KsqlContext[0]&#xD;
      ksql execute: EXECUTE SQL=SHOW QUERIES;&#xD;
info: Kafka.Ksql.Linq.KsqlContext[0]&#xD;
      ksql execute: EXECUTE SQL=SHOW QUERIES;&#xD;
info: Kafka.Ksql.Linq.KsqlContext[0]&#xD;
      ksql execute: EXECUTE SQL=SHOW QUERIES;&#xD;
info: Kafka.Ksql.Linq.KsqlContext[0]&#xD;
      ksql execute: EXECUTE SQL=SHOW QUERIES;&#xD;
info: Kafka.Ksql.Linq.KsqlContext[0]&#xD;
      ksql execute: EXECUTE SQL=SHOW QUERIES;&#xD;
info: Kafka.Ksql.Linq.KsqlContext[0]&#xD;
      ksql execute: EXECUTE SQL=SHOW QUERIES;&#xD;
info: Kafka.Ksql.Linq.KsqlContext[0]&#xD;
      ksql execute: EXECUTE SQL=SHOW QUERIES;&#xD;
info: Kafka.Ksql.Linq.KsqlContext[0]&#xD;
      ksql execute: EXECUTE SQL=SHOW QUERIES;&#xD;
info: Kafka.Ksql.Linq.KsqlContext[0]&#xD;
      ksql execute: EXECUTE SQL=SHOW QUERIES;&#xD;
info: Kafka.Ksql.Linq.KsqlContext[0]&#xD;
      ksql execute: EXECUTE SQL=SHOW QUERIES;&#xD;
info: Kafka.Ksql.Linq.KsqlContext[0]&#xD;
      ksql execute: EXECUTE SQL=SHOW QUERIES;&#xD;
info: Streamiz.Kafka.Net.Processors.StreamThread[0]&#xD;
      Processed 0 total records, ran 0 punctuators and committed 0 total tasks since the last update&#xD;
info: Kafka.Ksql.Linq.KsqlContext[0]&#xD;
      ksql execute: EXECUTE SQL=SHOW QUERIES;&#xD;
info: Kafka.Ksql.Linq.KsqlContext[0]&#xD;
      ksql execute: EXECUTE SQL=SHOW QUERIES;&#xD;
info: Kafka.Ksql.Linq.KsqlContext[0]&#xD;
      ksql execute: EXECUTE SQL=SHOW QUERIES;&#xD;
info: Kafka.Ksql.Linq.KsqlContext[0]&#xD;
      ksql execute: EXECUTE SQL=SHOW QUERIES;&#xD;
info: Kafka.Ksql.Linq.KsqlContext[0]&#xD;
      ksql execute: EXECUTE SQL=SHOW QUERIES;&#xD;
info: Kafka.Ksql.Linq.KsqlContext[0]&#xD;
      ksql execute: EXECUTE SQL=SHOW QUERIES;&#xD;
info: Kafka.Ksql.Linq.KsqlContext[0]&#xD;
      ksql execute: EXECUTE SQL=SHOW QUERIES;&#xD;
info: Kafka.Ksql.Linq.KsqlContext[0]&#xD;
      ksql execute: EXECUTE SQL=SHOW QUERIES;&#xD;
info: Kafka.Ksql.Linq.KsqlContext[0]&#xD;
      ksql execute: EXECUTE SQL=SHOW QUERIES;&#xD;
info: Kafka.Ksql.Linq.KsqlContext[0]&#xD;
      ksql execute: EXECUTE SQL=SHOW QUERIES;&#xD;
info: Kafka.Ksql.Linq.KsqlContext[0]&#xD;
      ksql execute: EXECUTE SQL=SHOW QUERIES;&#xD;
info: Kafka.Ksql.Linq.KsqlContext[0]&#xD;
      ksql execute: EXECUTE SQL=SHOW QUERIES;&#xD;
info: Kafka.Ksql.Linq.KsqlContext[0]&#xD;
      ksql execute: EXECUTE SQL=SHOW QUERIES;&#xD;
info: Kafka.Ksql.Linq.KsqlContext[0]&#xD;
      ksql execute: EXECUTE SQL=SHOW QUERIES;&#xD;
info: Kafka.Ksql.Linq.KsqlContext[0]&#xD;
      ksql execute: EXECUTE SQL=SHOW QUERIES;&#xD;
info: Kafka.Ksql.Linq.KsqlContext[0]&#xD;
      ksql execute: EXECUTE SQL=SHOW QUERIES;&#xD;
info: Kafka.Ksql.Linq.KsqlContext[0]&#xD;
      ksql execute: EXECUTE SQL=SHOW QUERIES;&#xD;
info: Kafka.Ksql.Linq.KsqlContext[0]&#xD;
      ksql execute: EXECUTE SQL=SHOW QUERIES;&#xD;
info: Kafka.Ksql.Linq.KsqlContext[0]&#xD;
      ksql execute: EXECUTE SQL=SHOW QUERIES;&#xD;
info: Kafka.Ksql.Linq.KsqlContext[0]&#xD;
      ksql execute: EXECUTE SQL=SHOW QUERIES;&#xD;
info: Kafka.Ksql.Linq.KsqlContext[0]&#xD;
      ksql execute: EXECUTE SQL=SHOW QUERIES;&#xD;
info: Kafka.Ksql.Linq.KsqlContext[0]&#xD;
      ksql execute: EXECUTE SQL=SHOW QUERIES;&#xD;
info: Kafka.Ksql.Linq.KsqlContext[0]&#xD;
      ksql execute: EXECUTE SQL=SHOW QUERIES;&#xD;
info: Kafka.Ksql.Linq.KsqlContext[0]&#xD;
      ksql execute: EXECUTE SQL=SHOW QUERIES;&#xD;
info: Kafka.Ksql.Linq.KsqlContext[0]&#xD;
      ksql execute: EXECUTE SQL=SHOW QUERIES;&#xD;
info: Kafka.Ksql.Linq.KsqlContext[0]&#xD;
      ksql execute: EXECUTE SQL=SHOW QUERIES;&#xD;
info: Kafka.Ksql.Linq.KsqlContext[0]&#xD;
      ksql execute: EXECUTE SQL=SHOW QUERIES;&#xD;
info: Kafka.Ksql.Linq.KsqlContext[0]&#xD;
      ksql execute: EXECUTE SQL=SHOW QUERIES;&#xD;
info: Kafka.Ksql.Linq.KsqlContext[0]&#xD;
      ksql execute: EXECUTE SQL=SHOW QUERIES;&#xD;
info: Streamiz.Kafka.Net.Processors.StreamThread[0]&#xD;
      Processed 0 total records, ran 0 punctuators and committed 0 total tasks since the last update&#xD;
info: Kafka.Ksql.Linq.KsqlContext[0]&#xD;
      ksql execute: EXECUTE SQL=SHOW QUERIES;&#xD;
info: Kafka.Ksql.Linq.KsqlContext[0]&#xD;
      ksql execute: EXECUTE SQL=SHOW QUERIES;&#xD;
info: Kafka.Ksql.Linq.KsqlContext[0]&#xD;
      ksql execute: EXECUTE SQL=SHOW QUERIES;&#xD;
info: Kafka.Ksql.Linq.KsqlContext[0]&#xD;
      ksql execute: EXECUTE SQL=SHOW QUERIES;&#xD;
info: Kafka.Ksql.Linq.KsqlContext[0]&#xD;
      ksql execute: EXECUTE SQL=SHOW QUERIES;&#xD;
info: Kafka.Ksql.Linq.KsqlContext[0]&#xD;
      ksql execute: EXECUTE SQL=SHOW QUERIES;&#xD;
info: Kafka.Ksql.Linq.KsqlContext[0]&#xD;
      ksql execute: EXECUTE SQL=SHOW QUERIES;&#xD;
info: Kafka.Ksql.Linq.KsqlContext[0]&#xD;
      ksql execute: EXECUTE SQL=SHOW QUERIES;&#xD;
info: Kafka.Ksql.Linq.KsqlContext[0]&#xD;
      ksql execute: EXECUTE SQL=SHOW QUERIES;&#xD;
info: Kafka.Ksql.Linq.KsqlContext[0]&#xD;
      ksql execute: EXECUTE SQL=SHOW QUERIES;&#xD;
info: Kafka.Ksql.Linq.KsqlContext[0]&#xD;
      ksql execute: EXECUTE SQL=SHOW QUERIES;&#xD;
info: Kafka.Ksql.Linq.KsqlContext[0]&#xD;
      ksql execute: EXECUTE SQL=SHOW QUERIES;&#xD;
info: Kafka.Ksql.Linq.KsqlContext[0]&#xD;
      ksql execute: EXECUTE SQL=SHOW QUERIES;&#xD;
info: Kafka.Ksql.Linq.KsqlContext[0]&#xD;
      ksql execute: EXECUTE SQL=SHOW QUERIES;&#xD;
warn: Kafka.Ksql.Linq.KsqlContext[0]&#xD;
      Derived query stabilization failed for Bar (attempt 1/3)&#xD;
      System.TimeoutException: CTAS/CSAS query for bar_tbimp_1s_final did not reach RUNNING within 180s&#xD;
         at Kafka.Ksql.Linq.KsqlContext.WaitForQueryRunningAsync(String targetEntityName, TimeSpan timeout)&#xD;
         at Kafka.Ksql.Linq.KsqlContext.WaitForDerivedQueriesRunningAsync(TimeSpan timeout)&#xD;
         at Kafka.Ksql.Linq.KsqlContext.&lt;&gt;c__DisplayClass95_0.&lt;&lt;EnsureQueryEntityDdlAsync&gt;g__EnsureDerivedQueryEntityDdlAsync|0&gt;d.MoveNext()&#xD;
info: Kafka.Ksql.Linq.KsqlContext[0]&#xD;
      KSQL DDL (derived bar_tbimp_1s_final): CREATE TABLE bar_tbimp_1s_final  WITH (KAFKA_TOPIC='bar_tbimp_1s_final', KEY_FORMAT='AVRO', VALUE_FORMAT='AVRO') AS&#xD;
      SELECT BROKER AS Broker, SYMBOL AS Symbol, WINDOWSTART AS BucketStart, EARLIEST_BY_OFFSET(Bid) AS Open, MAX(Bid) AS High, MIN(Bid) AS Low, LATEST_BY_OFFSET(Bid) AS Close&#xD;
      FROM TICKS_TBIMP o WINDOW TUMBLING (SIZE 1 SECONDS)&#xD;
      GROUP BY BROKER, SYMBOL&#xD;
      EMIT FINAL;&#xD;
info: Kafka.Ksql.Linq.KsqlContext[0]&#xD;
      ksql execute: EXECUTE SQL=CREATE TABLE bar_tbimp_1s_final  WITH (KAFKA_TOPIC='bar_tbimp_1s_final', KEY_FORMAT='AVRO', VALUE_FORMAT='AVRO') AS  SEL...&#xD;
info: Kafka.Ksql.Linq.KsqlContext[0]&#xD;
      KSQL DDL (derived bar_tbimp_1s_final_s): CREATE STREAM bar_tbimp_1s_final_s (BROKER VARCHAR KEY, SYMBOL VARCHAR KEY, BUCKETSTART TIMESTAMP KEY, OPEN DECIMAL(18, 2), HIGH DECIMAL(18, 2), LOW DECIMAL(18, 2), CLOSE DECIMAL(18, 2)) WITH (KAFKA_TOPIC='bar_tbimp_1s_final', KEY_FORMAT='AVRO', VALUE_FORMAT='AVRO', VALUE_AVRO_SCHEMA_FULL_NAME='bar_tbimp_ksql.bar_tbimp_1s_final_s_valueAvro', PARTITIONS=1, REPLICAS=1, RETENTION_MS=604800000);&#xD;
info: Kafka.Ksql.Linq.KsqlContext[0]&#xD;
      ksql execute: EXECUTE SQL=CREATE STREAM bar_tbimp_1s_final_s (BROKER VARCHAR KEY, SYMBOL VARCHAR KEY, BUCKETSTART TIMESTAMP KEY, OPEN DECIMAL(18, ...&#xD;
info: Kafka.Ksql.Linq.KsqlContext[0]&#xD;
      KSQL DDL (derived bar_tbimp_1m_live): CREATE TABLE bar_tbimp_1m_live  WITH (KAFKA_TOPIC='bar_tbimp_1m_live', KEY_FORMAT='AVRO', VALUE_FORMAT='AVRO') AS&#xD;
      SELECT BROKER AS Broker, SYMBOL AS Symbol, WINDOWSTART AS BucketStart, EARLIEST_BY_OFFSET(o.OPEN) AS Open, MAX(o.HIGH) AS High, MIN(o.LOW) AS Low, LATEST_BY_OFFSET(o.CLOSE) AS Close&#xD;
      FROM bar_tbimp_1s_final_s o WINDOW TUMBLING (SIZE 1 MINUTES, GRACE PERIOD 2 SECONDS)&#xD;
      GROUP BY BROKER, SYMBOL&#xD;
      EMIT CHANGES;&#xD;
info: Kafka.Ksql.Linq.KsqlContext[0]&#xD;
      ksql execute: EXECUTE SQL=CREATE TABLE bar_tbimp_1m_live  WITH (KAFKA_TOPIC='bar_tbimp_1m_live', KEY_FORMAT='AVRO', VALUE_FORMAT='AVRO') AS  SELEC...&#xD;
info: Kafka.Ksql.Linq.KsqlContext[0]&#xD;
      KSQL DDL (derived bar_tbimp_5m_live): CREATE TABLE bar_tbimp_5m_live  WITH (KAFKA_TOPIC='bar_tbimp_5m_live', KEY_FORMAT='AVRO', VALUE_FORMAT='AVRO') AS&#xD;
      SELECT BROKER AS Broker, SYMBOL AS Symbol, WINDOWSTART AS BucketStart, EARLIEST_BY_OFFSET(o.OPEN) AS Open, MAX(o.HIGH) AS High, MIN(o.LOW) AS Low, LATEST_BY_OFFSET(o.CLOSE) AS Close&#xD;
      FROM bar_tbimp_1s_final_s o WINDOW TUMBLING (SIZE 5 MINUTES, GRACE PERIOD 3 SECONDS)&#xD;
      GROUP BY BROKER, SYMBOL&#xD;
      EMIT CHANGES;&#xD;
info: Kafka.Ksql.Linq.KsqlContext[0]&#xD;
      ksql execute: EXECUTE SQL=CREATE TABLE bar_tbimp_5m_live  WITH (KAFKA_TOPIC='bar_tbimp_5m_live', KEY_FORMAT='AVRO', VALUE_FORMAT='AVRO') AS  SELEC...&#xD;
info: Kafka.Ksql.Linq.KsqlContext[0]&#xD;
      ksql execute: EXECUTE SQL=SHOW QUERIES;&#xD;
info: Kafka.Ksql.Linq.KsqlContext[0]&#xD;
      SHOW QUERIES output (attempt 1): [{"@type":"queries","statementText":"SHOW QUERIES;","queries":[{"queryString":"CREATE TABLE BAR_TBIMP_1M_LIVE WITH (CLEANUP_POLICY='compact,delete', KAFKA_TOPIC='bar_tbimp_1m_live', KEY_FORMAT='AVRO', PARTITIONS=1, REPLICAS=1, RETENTION_MS=604800000, VALUE_FORMAT='AVRO') AS SELECT\n  O.BROKER BROKER,\n  O.SYMBOL SYMBOL,\n  WINDOWSTART BUCKETSTART,\n  EARLIEST_BY_OFFSET(O.OPEN) OPEN,\n  MAX(O.HIGH) HIGH,\n  MIN(O.LOW) LOW,\n  LATEST_BY_OFFSET(O.CLOSE) CLOSE\nFROM BAR_TBIMP_1S_FINAL_S O\nWINDOW TUMBLING ( SIZE 1 MINUTES , GRACE PERIOD 2 SECONDS ) \nGROUP BY O.BROKER, O.SYMBOL\nEMIT CHANGES;","sinks":["BAR_TBIMP_1M_LIVE"],"sinkKafkaTopics":["bar_tbimp_1m_live"],"id":"CTAS_BAR_TBIMP_1M_LIVE_89","statusCount":{"RUNNING":1},"queryType":"PERSISTENT","state":"RUNNING"},{"queryString":"CREATE TABLE BAR_TBIMP_5M_LIVE WITH (CLEANUP_POLICY='compact,delete', KAFKA_TOPIC='bar_tbimp_5m_live', KEY_FORMAT='AVRO', PARTITIONS=1, REPLICAS=1, RETENTION_MS=604800000, VALUE_FORMAT='AVRO') AS SELECT\n  O.BROKER BROKER,\n  O.SYMBOL SYMBOL,\n  WINDOWSTART BUCKETSTART,\n  EARLIEST_BY_OFFSET(O.OPEN) OPEN,\n  MAX(O.HIGH) HIGH,\n  MIN(O.LOW) LOW,\n  LATEST_BY_OFFSET(O.CLOSE) CLOSE\nFROM BAR_TBIMP_1S_FINAL_S O\nWINDOW TUMBLING ( SIZE 5 MINUTES , GRACE PERIOD 3 SECONDS ) \nGROUP BY O.BROKER, O.SYMBOL\nEMIT CHANGES;","sinks":["BAR_TBIMP_5M_LIVE"],"sinkKafkaTopics":["bar_tbimp_5m_live"],"id":"CTAS_BAR_TBIMP_5M_LIVE_91","statusCount":{"RUNNING":1},"queryType":"PERSISTENT","state":"RUNNING"},{"queryString":"CREATE TABLE BAR_TBIMP_1S_FINAL WITH (CLEANUP_POLICY='compact,delete', KAFKA_TOPIC='bar_tbimp_1s_final', KEY_FORMAT='AVRO', PARTITIONS=1, REPLICAS=1, RETENTION_MS=604800000, VALUE_FORMAT='AVRO') AS SELECT\n  O.BROKER BROKER,\n  O.SYMBOL SYMBOL,\n  WINDOWSTART BUCKETSTART,\n  EARLIEST_BY_OFFSET(O.BID) OPEN,\n  MAX(O.BID) HIGH,\n  MIN(O.BID) LOW,\n  LATEST_BY_OFFSET(O.BID) CLOSE\nFROM TICKS_TBIMP O\nWINDOW TUMBLING ( SIZE 1 SECONDS ) \nGROUP BY O.BROKER, O.SYMBOL\nEMIT FINAL;","sinks":["BAR_TBIMP_1S_FINAL"],"sinkKafkaTopics":["bar_tbimp_1s_final"],"id":"CTAS_BAR_TBIMP_1S_FINAL_85","statusCount":{"RUNNING":1},"queryType":"PERSISTENT","state":"RUNNING"}],"warnings":[]}]&#xD;
warn: Kafka.Ksql.Linq.KsqlContext[0]&#xD;
      SHOW QUERIES attempt 1 did not contain a matching query for bar_tbimp_1s_final&#xD;
info: Kafka.Ksql.Linq.KsqlContext[0]&#xD;
      ksql execute: EXECUTE SQL=SHOW QUERIES;&#xD;
info: Kafka.Ksql.Linq.KsqlContext[0]&#xD;
      SHOW QUERIES output (attempt 2): [{"@type":"queries","statementText":"SHOW QUERIES;","queries":[{"queryString":"CREATE TABLE BAR_TBIMP_1M_LIVE WITH (CLEANUP_POLICY='compact,delete', KAFKA_TOPIC='bar_tbimp_1m_live', KEY_FORMAT='AVRO', PARTITIONS=1, REPLICAS=1, RETENTION_MS=604800000, VALUE_FORMAT='AVRO') AS SELECT\n  O.BROKER BROKER,\n  O.SYMBOL SYMBOL,\n  WINDOWSTART BUCKETSTART,\n  EARLIEST_BY_OFFSET(O.OPEN) OPEN,\n  MAX(O.HIGH) HIGH,\n  MIN(O.LOW) LOW,\n  LATEST_BY_OFFSET(O.CLOSE) CLOSE\nFROM BAR_TBIMP_1S_FINAL_S O\nWINDOW TUMBLING ( SIZE 1 MINUTES , GRACE PERIOD 2 SECONDS ) \nGROUP BY O.BROKER, O.SYMBOL\nEMIT CHANGES;","sinks":["BAR_TBIMP_1M_LIVE"],"sinkKafkaTopics":["bar_tbimp_1m_live"],"id":"CTAS_BAR_TBIMP_1M_LIVE_89","statusCount":{"RUNNING":1},"queryType":"PERSISTENT","state":"RUNNING"},{"queryString":"CREATE TABLE BAR_TBIMP_5M_LIVE WITH (CLEANUP_POLICY='compact,delete', KAFKA_TOPIC='bar_tbimp_5m_live', KEY_FORMAT='AVRO', PARTITIONS=1, REPLICAS=1, RETENTION_MS=604800000, VALUE_FORMAT='AVRO') AS SELECT\n  O.BROKER BROKER,\n  O.SYMBOL SYMBOL,\n  WINDOWSTART BUCKETSTART,\n  EARLIEST_BY_OFFSET(O.OPEN) OPEN,\n  MAX(O.HIGH) HIGH,\n  MIN(O.LOW) LOW,\n  LATEST_BY_OFFSET(O.CLOSE) CLOSE\nFROM BAR_TBIMP_1S_FINAL_S O\nWINDOW TUMBLING ( SIZE 5 MINUTES , GRACE PERIOD 3 SECONDS ) \nGROUP BY O.BROKER, O.SYMBOL\nEMIT CHANGES;","sinks":["BAR_TBIMP_5M_LIVE"],"sinkKafkaTopics":["bar_tbimp_5m_live"],"id":"CTAS_BAR_TBIMP_5M_LIVE_91","statusCount":{"RUNNING":1},"queryType":"PERSISTENT","state":"RUNNING"},{"queryString":"CREATE TABLE BAR_TBIMP_1S_FINAL WITH (CLEANUP_POLICY='compact,delete', KAFKA_TOPIC='bar_tbimp_1s_final', KEY_FORMAT='AVRO', PARTITIONS=1, REPLICAS=1, RETENTION_MS=604800000, VALUE_FORMAT='AVRO') AS SELECT\n  O.BROKER BROKER,\n  O.SYMBOL SYMBOL,\n  WINDOWSTART BUCKETSTART,\n  EARLIEST_BY_OFFSET(O.BID) OPEN,\n  MAX(O.BID) HIGH,\n  MIN(O.BID) LOW,\n  LATEST_BY_OFFSET(O.BID) CLOSE\nFROM TICKS_TBIMP O\nWINDOW TUMBLING ( SIZE 1 SECONDS ) \nGROUP BY O.BROKER, O.SYMBOL\nEMIT FINAL;","sinks":["BAR_TBIMP_1S_FINAL"],"sinkKafkaTopics":["bar_tbimp_1s_final"],"id":"CTAS_BAR_TBIMP_1S_FINAL_85","statusCount":{"RUNNING":1},"queryType":"PERSISTENT","state":"RUNNING"}],"warnings":[]}]&#xD;
warn: Kafka.Ksql.Linq.KsqlContext[0]&#xD;
      SHOW QUERIES attempt 2 did not contain a matching query for bar_tbimp_1s_final&#xD;
info: Kafka.Ksql.Linq.KsqlContext[0]&#xD;
      ksql execute: EXECUTE SQL=SHOW QUERIES;&#xD;
info: Kafka.Ksql.Linq.KsqlContext[0]&#xD;
      SHOW QUERIES output (attempt 3): [{"@type":"queries","statementText":"SHOW QUERIES;","queries":[{"queryString":"CREATE TABLE BAR_TBIMP_1M_LIVE WITH (CLEANUP_POLICY='compact,delete', KAFKA_TOPIC='bar_tbimp_1m_live', KEY_FORMAT='AVRO', PARTITIONS=1, REPLICAS=1, RETENTION_MS=604800000, VALUE_FORMAT='AVRO') AS SELECT\n  O.BROKER BROKER,\n  O.SYMBOL SYMBOL,\n  WINDOWSTART BUCKETSTART,\n  EARLIEST_BY_OFFSET(O.OPEN) OPEN,\n  MAX(O.HIGH) HIGH,\n  MIN(O.LOW) LOW,\n  LATEST_BY_OFFSET(O.CLOSE) CLOSE\nFROM BAR_TBIMP_1S_FINAL_S O\nWINDOW TUMBLING ( SIZE 1 MINUTES , GRACE PERIOD 2 SECONDS ) \nGROUP BY O.BROKER, O.SYMBOL\nEMIT CHANGES;","sinks":["BAR_TBIMP_1M_LIVE"],"sinkKafkaTopics":["bar_tbimp_1m_live"],"id":"CTAS_BAR_TBIMP_1M_LIVE_89","statusCount":{"RUNNING":1},"queryType":"PERSISTENT","state":"RUNNING"},{"queryString":"CREATE TABLE BAR_TBIMP_5M_LIVE WITH (CLEANUP_POLICY='compact,delete', KAFKA_TOPIC='bar_tbimp_5m_live', KEY_FORMAT='AVRO', PARTITIONS=1, REPLICAS=1, RETENTION_MS=604800000, VALUE_FORMAT='AVRO') AS SELECT\n  O.BROKER BROKER,\n  O.SYMBOL SYMBOL,\n  WINDOWSTART BUCKETSTART,\n  EARLIEST_BY_OFFSET(O.OPEN) OPEN,\n  MAX(O.HIGH) HIGH,\n  MIN(O.LOW) LOW,\n  LATEST_BY_OFFSET(O.CLOSE) CLOSE\nFROM BAR_TBIMP_1S_FINAL_S O\nWINDOW TUMBLING ( SIZE 5 MINUTES , GRACE PERIOD 3 SECONDS ) \nGROUP BY O.BROKER, O.SYMBOL\nEMIT CHANGES;","sinks":["BAR_TBIMP_5M_LIVE"],"sinkKafkaTopics":["bar_tbimp_5m_live"],"id":"CTAS_BAR_TBIMP_5M_LIVE_91","statusCount":{"RUNNING":1},"queryType":"PERSISTENT","state":"RUNNING"},{"queryString":"CREATE TABLE BAR_TBIMP_1S_FINAL WITH (CLEANUP_POLICY='compact,delete', KAFKA_TOPIC='bar_tbimp_1s_final', KEY_FORMAT='AVRO', PARTITIONS=1, REPLICAS=1, RETENTION_MS=604800000, VALUE_FORMAT='AVRO') AS SELECT\n  O.BROKER BROKER,\n  O.SYMBOL SYMBOL,\n  WINDOWSTART BUCKETSTART,\n  EARLIEST_BY_OFFSET(O.BID) OPEN,\n  MAX(O.BID) HIGH,\n  MIN(O.BID) LOW,\n  LATEST_BY_OFFSET(O.BID) CLOSE\nFROM TICKS_TBIMP O\nWINDOW TUMBLING ( SIZE 1 SECONDS ) \nGROUP BY O.BROKER, O.SYMBOL\nEMIT FINAL;","sinks":["BAR_TBIMP_1S_FINAL"],"sinkKafkaTopics":["bar_tbimp_1s_final"],"id":"CTAS_BAR_TBIMP_1S_FINAL_85","statusCount":{"RUNNING":1},"queryType":"PERSISTENT","state":"RUNNING"}],"warnings":[]}]&#xD;
warn: Kafka.Ksql.Linq.KsqlContext[0]&#xD;
      SHOW QUERIES attempt 3 did not contain a matching query for bar_tbimp_1s_final&#xD;
info: Kafka.Ksql.Linq.KsqlContext[0]&#xD;
      ksql execute: EXECUTE SQL=SHOW QUERIES;&#xD;
info: Kafka.Ksql.Linq.KsqlContext[0]&#xD;
      SHOW QUERIES output (attempt 4): [{"@type":"queries","statementText":"SHOW QUERIES;","queries":[{"queryString":"CREATE TABLE BAR_TBIMP_1M_LIVE WITH (CLEANUP_POLICY='compact,delete', KAFKA_TOPIC='bar_tbimp_1m_live', KEY_FORMAT='AVRO', PARTITIONS=1, REPLICAS=1, RETENTION_MS=604800000, VALUE_FORMAT='AVRO') AS SELECT\n  O.BROKER BROKER,\n  O.SYMBOL SYMBOL,\n  WINDOWSTART BUCKETSTART,\n  EARLIEST_BY_OFFSET(O.OPEN) OPEN,\n  MAX(O.HIGH) HIGH,\n  MIN(O.LOW) LOW,\n  LATEST_BY_OFFSET(O.CLOSE) CLOSE\nFROM BAR_TBIMP_1S_FINAL_S O\nWINDOW TUMBLING ( SIZE 1 MINUTES , GRACE PERIOD 2 SECONDS ) \nGROUP BY O.BROKER, O.SYMBOL\nEMIT CHANGES;","sinks":["BAR_TBIMP_1M_LIVE"],"sinkKafkaTopics":["bar_tbimp_1m_live"],"id":"CTAS_BAR_TBIMP_1M_LIVE_89","statusCount":{"RUNNING":1},"queryType":"PERSISTENT","state":"RUNNING"},{"queryString":"CREATE TABLE BAR_TBIMP_5M_LIVE WITH (CLEANUP_POLICY='compact,delete', KAFKA_TOPIC='bar_tbimp_5m_live', KEY_FORMAT='AVRO', PARTITIONS=1, REPLICAS=1, RETENTION_MS=604800000, VALUE_FORMAT='AVRO') AS SELECT\n  O.BROKER BROKER,\n  O.SYMBOL SYMBOL,\n  WINDOWSTART BUCKETSTART,\n  EARLIEST_BY_OFFSET(O.OPEN) OPEN,\n  MAX(O.HIGH) HIGH,\n  MIN(O.LOW) LOW,\n  LATEST_BY_OFFSET(O.CLOSE) CLOSE\nFROM BAR_TBIMP_1S_FINAL_S O\nWINDOW TUMBLING ( SIZE 5 MINUTES , GRACE PERIOD 3 SECONDS ) \nGROUP BY O.BROKER, O.SYMBOL\nEMIT CHANGES;","sinks":["BAR_TBIMP_5M_LIVE"],"sinkKafkaTopics":["bar_tbimp_5m_live"],"id":"CTAS_BAR_TBIMP_5M_LIVE_91","statusCount":{"RUNNING":1},"queryType":"PERSISTENT","state":"RUNNING"},{"queryString":"CREATE TABLE BAR_TBIMP_1S_FINAL WITH (CLEANUP_POLICY='compact,delete', KAFKA_TOPIC='bar_tbimp_1s_final', KEY_FORMAT='AVRO', PARTITIONS=1, REPLICAS=1, RETENTION_MS=604800000, VALUE_FORMAT='AVRO') AS SELECT\n  O.BROKER BROKER,\n  O.SYMBOL SYMBOL,\n  WINDOWSTART BUCKETSTART,\n  EARLIEST_BY_OFFSET(O.BID) OPEN,\n  MAX(O.BID) HIGH,\n  MIN(O.BID) LOW,\n  LATEST_BY_OFFSET(O.BID) CLOSE\nFROM TICKS_TBIMP O\nWINDOW TUMBLING ( SIZE 1 SECONDS ) \nGROUP BY O.BROKER, O.SYMBOL\nEMIT FINAL;","sinks":["BAR_TBIMP_1S_FINAL"],"sinkKafkaTopics":["bar_tbimp_1s_final"],"id":"CTAS_BAR_TBIMP_1S_FINAL_85","statusCount":{"RUNNING":1},"queryType":"PERSISTENT","state":"RUNNING"}],"warnings":[]}]&#xD;
warn: Kafka.Ksql.Linq.KsqlContext[0]&#xD;
      SHOW QUERIES attempt 4 did not contain a matching query for bar_tbimp_1s_final&#xD;
info: Kafka.Ksql.Linq.KsqlContext[0]&#xD;
      ksql execute: EXECUTE SQL=SHOW QUERIES;&#xD;
info: Kafka.Ksql.Linq.KsqlContext[0]&#xD;
      SHOW QUERIES output (attempt 5): [{"@type":"queries","statementText":"SHOW QUERIES;","queries":[{"queryString":"CREATE TABLE BAR_TBIMP_1M_LIVE WITH (CLEANUP_POLICY='compact,delete', KAFKA_TOPIC='bar_tbimp_1m_live', KEY_FORMAT='AVRO', PARTITIONS=1, REPLICAS=1, RETENTION_MS=604800000, VALUE_FORMAT='AVRO') AS SELECT\n  O.BROKER BROKER,\n  O.SYMBOL SYMBOL,\n  WINDOWSTART BUCKETSTART,\n  EARLIEST_BY_OFFSET(O.OPEN) OPEN,\n  MAX(O.HIGH) HIGH,\n  MIN(O.LOW) LOW,\n  LATEST_BY_OFFSET(O.CLOSE) CLOSE\nFROM BAR_TBIMP_1S_FINAL_S O\nWINDOW TUMBLING ( SIZE 1 MINUTES , GRACE PERIOD 2 SECONDS ) \nGROUP BY O.BROKER, O.SYMBOL\nEMIT CHANGES;","sinks":["BAR_TBIMP_1M_LIVE"],"sinkKafkaTopics":["bar_tbimp_1m_live"],"id":"CTAS_BAR_TBIMP_1M_LIVE_89","statusCount":{"RUNNING":1},"queryType":"PERSISTENT","state":"RUNNING"},{"queryString":"CREATE TABLE BAR_TBIMP_5M_LIVE WITH (CLEANUP_POLICY='compact,delete', KAFKA_TOPIC='bar_tbimp_5m_live', KEY_FORMAT='AVRO', PARTITIONS=1, REPLICAS=1, RETENTION_MS=604800000, VALUE_FORMAT='AVRO') AS SELECT\n  O.BROKER BROKER,\n  O.SYMBOL SYMBOL,\n  WINDOWSTART BUCKETSTART,\n  EARLIEST_BY_OFFSET(O.OPEN) OPEN,\n  MAX(O.HIGH) HIGH,\n  MIN(O.LOW) LOW,\n  LATEST_BY_OFFSET(O.CLOSE) CLOSE\nFROM BAR_TBIMP_1S_FINAL_S O\nWINDOW TUMBLING ( SIZE 5 MINUTES , GRACE PERIOD 3 SECONDS ) \nGROUP BY O.BROKER, O.SYMBOL\nEMIT CHANGES;","sinks":["BAR_TBIMP_5M_LIVE"],"sinkKafkaTopics":["bar_tbimp_5m_live"],"id":"CTAS_BAR_TBIMP_5M_LIVE_91","statusCount":{"RUNNING":1},"queryType":"PERSISTENT","state":"RUNNING"},{"queryString":"CREATE TABLE BAR_TBIMP_1S_FINAL WITH (CLEANUP_POLICY='compact,delete', KAFKA_TOPIC='bar_tbimp_1s_final', KEY_FORMAT='AVRO', PARTITIONS=1, REPLICAS=1, RETENTION_MS=604800000, VALUE_FORMAT='AVRO') AS SELECT\n  O.BROKER BROKER,\n  O.SYMBOL SYMBOL,\n  WINDOWSTART BUCKETSTART,\n  EARLIEST_BY_OFFSET(O.BID) OPEN,\n  MAX(O.BID) HIGH,\n  MIN(O.BID) LOW,\n  LATEST_BY_OFFSET(O.BID) CLOSE\nFROM TICKS_TBIMP O\nWINDOW TUMBLING ( SIZE 1 SECONDS ) \nGROUP BY O.BROKER, O.SYMBOL\nEMIT FINAL;","sinks":["BAR_TBIMP_1S_FINAL"],"sinkKafkaTopics":["bar_tbimp_1s_final"],"id":"CTAS_BAR_TBIMP_1S_FINAL_85","statusCount":{"RUNNING":1},"queryType":"PERSISTENT","state":"RUNNING"}],"warnings":[]}]&#xD;
warn: Kafka.Ksql.Linq.KsqlContext[0]&#xD;
      SHOW QUERIES attempt 5 did not contain a matching query for bar_tbimp_1s_final&#xD;
warn: Kafka.Ksql.Linq.KsqlContext[0]&#xD;
      Unable to locate queryId for bar_tbimp_1s_final after 5 attempts&#xD;
warn: Kafka.Ksql.Linq.KsqlContext[0]&#xD;
      Could not locate queryId via SHOW QUERIES for derived statement targeting bar_tbimp_1s_final: CREATE TABLE bar_tbimp_1s_final  WITH (KAFKA_TOPIC='bar_tbimp_1s_final', KEY_FORMAT='AVRO', VALUE_FORMAT='AVRO') AS&#xD;
      SELECT BROKER AS Broker, SYMBOL AS Symbol, WINDOWSTART AS BucketStart, EARLIEST_BY_OFFSET(Bid) AS Open, MAX(Bid) AS High, MIN(Bid) AS Low, LATEST_BY_OFFSET(Bid) AS Close&#xD;
      FROM TICKS_TBIMP o WINDOW TUMBLING (SIZE 1 SECONDS)&#xD;
      GROUP BY BROKER, SYMBOL&#xD;
      EMIT FINAL;&#xD;
info: Kafka.Ksql.Linq.KsqlContext[0]&#xD;
      ksql execute: EXECUTE SQL=SHOW QUERIES;&#xD;
info: Kafka.Ksql.Linq.KsqlContext[0]&#xD;
      SHOW QUERIES output (attempt 1): [{"@type":"queries","statementText":"SHOW QUERIES;","queries":[{"queryString":"CREATE TABLE BAR_TBIMP_1M_LIVE WITH (CLEANUP_POLICY='compact,delete', KAFKA_TOPIC='bar_tbimp_1m_live', KEY_FORMAT='AVRO', PARTITIONS=1, REPLICAS=1, RETENTION_MS=604800000, VALUE_FORMAT='AVRO') AS SELECT\n  O.BROKER BROKER,\n  O.SYMBOL SYMBOL,\n  WINDOWSTART BUCKETSTART,\n  EARLIEST_BY_OFFSET(O.OPEN) OPEN,\n  MAX(O.HIGH) HIGH,\n  MIN(O.LOW) LOW,\n  LATEST_BY_OFFSET(O.CLOSE) CLOSE\nFROM BAR_TBIMP_1S_FINAL_S O\nWINDOW TUMBLING ( SIZE 1 MINUTES , GRACE PERIOD 2 SECONDS ) \nGROUP BY O.BROKER, O.SYMBOL\nEMIT CHANGES;","sinks":["BAR_TBIMP_1M_LIVE"],"sinkKafkaTopics":["bar_tbimp_1m_live"],"id":"CTAS_BAR_TBIMP_1M_LIVE_89","statusCount":{"RUNNING":1},"queryType":"PERSISTENT","state":"RUNNING"},{"queryString":"CREATE TABLE BAR_TBIMP_5M_LIVE WITH (CLEANUP_POLICY='compact,delete', KAFKA_TOPIC='bar_tbimp_5m_live', KEY_FORMAT='AVRO', PARTITIONS=1, REPLICAS=1, RETENTION_MS=604800000, VALUE_FORMAT='AVRO') AS SELECT\n  O.BROKER BROKER,\n  O.SYMBOL SYMBOL,\n  WINDOWSTART BUCKETSTART,\n  EARLIEST_BY_OFFSET(O.OPEN) OPEN,\n  MAX(O.HIGH) HIGH,\n  MIN(O.LOW) LOW,\n  LATEST_BY_OFFSET(O.CLOSE) CLOSE\nFROM BAR_TBIMP_1S_FINAL_S O\nWINDOW TUMBLING ( SIZE 5 MINUTES , GRACE PERIOD 3 SECONDS ) \nGROUP BY O.BROKER, O.SYMBOL\nEMIT CHANGES;","sinks":["BAR_TBIMP_5M_LIVE"],"sinkKafkaTopics":["bar_tbimp_5m_live"],"id":"CTAS_BAR_TBIMP_5M_LIVE_91","statusCount":{"RUNNING":1},"queryType":"PERSISTENT","state":"RUNNING"},{"queryString":"CREATE TABLE BAR_TBIMP_1S_FINAL WITH (CLEANUP_POLICY='compact,delete', KAFKA_TOPIC='bar_tbimp_1s_final', KEY_FORMAT='AVRO', PARTITIONS=1, REPLICAS=1, RETENTION_MS=604800000, VALUE_FORMAT='AVRO') AS SELECT\n  O.BROKER BROKER,\n  O.SYMBOL SYMBOL,\n  WINDOWSTART BUCKETSTART,\n  EARLIEST_BY_OFFSET(O.BID) OPEN,\n  MAX(O.BID) HIGH,\n  MIN(O.BID) LOW,\n  LATEST_BY_OFFSET(O.BID) CLOSE\nFROM TICKS_TBIMP O\nWINDOW TUMBLING ( SIZE 1 SECONDS ) \nGROUP BY O.BROKER, O.SYMBOL\nEMIT FINAL;","sinks":["BAR_TBIMP_1S_FINAL"],"sinkKafkaTopics":["bar_tbimp_1s_final"],"id":"CTAS_BAR_TBIMP_1S_FINAL_85","statusCount":{"RUNNING":1},"queryType":"PERSISTENT","state":"RUNNING"}],"warnings":[]}]&#xD;
warn: Kafka.Ksql.Linq.KsqlContext[0]&#xD;
      SHOW QUERIES attempt 1 did not contain a matching query for bar_tbimp_1m_live&#xD;
info: Kafka.Ksql.Linq.KsqlContext[0]&#xD;
      ksql execute: EXECUTE SQL=SHOW QUERIES;&#xD;
info: Kafka.Ksql.Linq.KsqlContext[0]&#xD;
      SHOW QUERIES output (attempt 2): [{"@type":"queries","statementText":"SHOW QUERIES;","queries":[{"queryString":"CREATE TABLE BAR_TBIMP_1M_LIVE WITH (CLEANUP_POLICY='compact,delete', KAFKA_TOPIC='bar_tbimp_1m_live', KEY_FORMAT='AVRO', PARTITIONS=1, REPLICAS=1, RETENTION_MS=604800000, VALUE_FORMAT='AVRO') AS SELECT\n  O.BROKER BROKER,\n  O.SYMBOL SYMBOL,\n  WINDOWSTART BUCKETSTART,\n  EARLIEST_BY_OFFSET(O.OPEN) OPEN,\n  MAX(O.HIGH) HIGH,\n  MIN(O.LOW) LOW,\n  LATEST_BY_OFFSET(O.CLOSE) CLOSE\nFROM BAR_TBIMP_1S_FINAL_S O\nWINDOW TUMBLING ( SIZE 1 MINUTES , GRACE PERIOD 2 SECONDS ) \nGROUP BY O.BROKER, O.SYMBOL\nEMIT CHANGES;","sinks":["BAR_TBIMP_1M_LIVE"],"sinkKafkaTopics":["bar_tbimp_1m_live"],"id":"CTAS_BAR_TBIMP_1M_LIVE_89","statusCount":{"RUNNING":1},"queryType":"PERSISTENT","state":"RUNNING"},{"queryString":"CREATE TABLE BAR_TBIMP_5M_LIVE WITH (CLEANUP_POLICY='compact,delete', KAFKA_TOPIC='bar_tbimp_5m_live', KEY_FORMAT='AVRO', PARTITIONS=1, REPLICAS=1, RETENTION_MS=604800000, VALUE_FORMAT='AVRO') AS SELECT\n  O.BROKER BROKER,\n  O.SYMBOL SYMBOL,\n  WINDOWSTART BUCKETSTART,\n  EARLIEST_BY_OFFSET(O.OPEN) OPEN,\n  MAX(O.HIGH) HIGH,\n  MIN(O.LOW) LOW,\n  LATEST_BY_OFFSET(O.CLOSE) CLOSE\nFROM BAR_TBIMP_1S_FINAL_S O\nWINDOW TUMBLING ( SIZE 5 MINUTES , GRACE PERIOD 3 SECONDS ) \nGROUP BY O.BROKER, O.SYMBOL\nEMIT CHANGES;","sinks":["BAR_TBIMP_5M_LIVE"],"sinkKafkaTopics":["bar_tbimp_5m_live"],"id":"CTAS_BAR_TBIMP_5M_LIVE_91","statusCount":{"RUNNING":1},"queryType":"PERSISTENT","state":"RUNNING"},{"queryString":"CREATE TABLE BAR_TBIMP_1S_FINAL WITH (CLEANUP_POLICY='compact,delete', KAFKA_TOPIC='bar_tbimp_1s_final', KEY_FORMAT='AVRO', PARTITIONS=1, REPLICAS=1, RETENTION_MS=604800000, VALUE_FORMAT='AVRO') AS SELECT\n  O.BROKER BROKER,\n  O.SYMBOL SYMBOL,\n  WINDOWSTART BUCKETSTART,\n  EARLIEST_BY_OFFSET(O.BID) OPEN,\n  MAX(O.BID) HIGH,\n  MIN(O.BID) LOW,\n  LATEST_BY_OFFSET(O.BID) CLOSE\nFROM TICKS_TBIMP O\nWINDOW TUMBLING ( SIZE 1 SECONDS ) \nGROUP BY O.BROKER, O.SYMBOL\nEMIT FINAL;","sinks":["BAR_TBIMP_1S_FINAL"],"sinkKafkaTopics":["bar_tbimp_1s_final"],"id":"CTAS_BAR_TBIMP_1S_FINAL_85","statusCount":{"RUNNING":1},"queryType":"PERSISTENT","state":"RUNNING"}],"warnings":[]}]&#xD;
warn: Kafka.Ksql.Linq.KsqlContext[0]&#xD;
      SHOW QUERIES attempt 2 did not contain a matching query for bar_tbimp_1m_live&#xD;
info: Kafka.Ksql.Linq.KsqlContext[0]&#xD;
      ksql execute: EXECUTE SQL=SHOW QUERIES;&#xD;
info: Kafka.Ksql.Linq.KsqlContext[0]&#xD;
      SHOW QUERIES output (attempt 3): [{"@type":"queries","statementText":"SHOW QUERIES;","queries":[{"queryString":"CREATE TABLE BAR_TBIMP_1M_LIVE WITH (CLEANUP_POLICY='compact,delete', KAFKA_TOPIC='bar_tbimp_1m_live', KEY_FORMAT='AVRO', PARTITIONS=1, REPLICAS=1, RETENTION_MS=604800000, VALUE_FORMAT='AVRO') AS SELECT\n  O.BROKER BROKER,\n  O.SYMBOL SYMBOL,\n  WINDOWSTART BUCKETSTART,\n  EARLIEST_BY_OFFSET(O.OPEN) OPEN,\n  MAX(O.HIGH) HIGH,\n  MIN(O.LOW) LOW,\n  LATEST_BY_OFFSET(O.CLOSE) CLOSE\nFROM BAR_TBIMP_1S_FINAL_S O\nWINDOW TUMBLING ( SIZE 1 MINUTES , GRACE PERIOD 2 SECONDS ) \nGROUP BY O.BROKER, O.SYMBOL\nEMIT CHANGES;","sinks":["BAR_TBIMP_1M_LIVE"],"sinkKafkaTopics":["bar_tbimp_1m_live"],"id":"CTAS_BAR_TBIMP_1M_LIVE_89","statusCount":{"RUNNING":1},"queryType":"PERSISTENT","state":"RUNNING"},{"queryString":"CREATE TABLE BAR_TBIMP_5M_LIVE WITH (CLEANUP_POLICY='compact,delete', KAFKA_TOPIC='bar_tbimp_5m_live', KEY_FORMAT='AVRO', PARTITIONS=1, REPLICAS=1, RETENTION_MS=604800000, VALUE_FORMAT='AVRO') AS SELECT\n  O.BROKER BROKER,\n  O.SYMBOL SYMBOL,\n  WINDOWSTART BUCKETSTART,\n  EARLIEST_BY_OFFSET(O.OPEN) OPEN,\n  MAX(O.HIGH) HIGH,\n  MIN(O.LOW) LOW,\n  LATEST_BY_OFFSET(O.CLOSE) CLOSE\nFROM BAR_TBIMP_1S_FINAL_S O\nWINDOW TUMBLING ( SIZE 5 MINUTES , GRACE PERIOD 3 SECONDS ) \nGROUP BY O.BROKER, O.SYMBOL\nEMIT CHANGES;","sinks":["BAR_TBIMP_5M_LIVE"],"sinkKafkaTopics":["bar_tbimp_5m_live"],"id":"CTAS_BAR_TBIMP_5M_LIVE_91","statusCount":{"RUNNING":1},"queryType":"PERSISTENT","state":"RUNNING"},{"queryString":"CREATE TABLE BAR_TBIMP_1S_FINAL WITH (CLEANUP_POLICY='compact,delete', KAFKA_TOPIC='bar_tbimp_1s_final', KEY_FORMAT='AVRO', PARTITIONS=1, REPLICAS=1, RETENTION_MS=604800000, VALUE_FORMAT='AVRO') AS SELECT\n  O.BROKER BROKER,\n  O.SYMBOL SYMBOL,\n  WINDOWSTART BUCKETSTART,\n  EARLIEST_BY_OFFSET(O.BID) OPEN,\n  MAX(O.BID) HIGH,\n  MIN(O.BID) LOW,\n  LATEST_BY_OFFSET(O.BID) CLOSE\nFROM TICKS_TBIMP O\nWINDOW TUMBLING ( SIZE 1 SECONDS ) \nGROUP BY O.BROKER, O.SYMBOL\nEMIT FINAL;","sinks":["BAR_TBIMP_1S_FINAL"],"sinkKafkaTopics":["bar_tbimp_1s_final"],"id":"CTAS_BAR_TBIMP_1S_FINAL_85","statusCount":{"RUNNING":1},"queryType":"PERSISTENT","state":"RUNNING"}],"warnings":[]}]&#xD;
warn: Kafka.Ksql.Linq.KsqlContext[0]&#xD;
      SHOW QUERIES attempt 3 did not contain a matching query for bar_tbimp_1m_live&#xD;
info: Kafka.Ksql.Linq.KsqlContext[0]&#xD;
      ksql execute: EXECUTE SQL=SHOW QUERIES;&#xD;
info: Kafka.Ksql.Linq.KsqlContext[0]&#xD;
      SHOW QUERIES output (attempt 4): [{"@type":"queries","statementText":"SHOW QUERIES;","queries":[{"queryString":"CREATE TABLE BAR_TBIMP_1M_LIVE WITH (CLEANUP_POLICY='compact,delete', KAFKA_TOPIC='bar_tbimp_1m_live', KEY_FORMAT='AVRO', PARTITIONS=1, REPLICAS=1, RETENTION_MS=604800000, VALUE_FORMAT='AVRO') AS SELECT\n  O.BROKER BROKER,\n  O.SYMBOL SYMBOL,\n  WINDOWSTART BUCKETSTART,\n  EARLIEST_BY_OFFSET(O.OPEN) OPEN,\n  MAX(O.HIGH) HIGH,\n  MIN(O.LOW) LOW,\n  LATEST_BY_OFFSET(O.CLOSE) CLOSE\nFROM BAR_TBIMP_1S_FINAL_S O\nWINDOW TUMBLING ( SIZE 1 MINUTES , GRACE PERIOD 2 SECONDS ) \nGROUP BY O.BROKER, O.SYMBOL\nEMIT CHANGES;","sinks":["BAR_TBIMP_1M_LIVE"],"sinkKafkaTopics":["bar_tbimp_1m_live"],"id":"CTAS_BAR_TBIMP_1M_LIVE_89","statusCount":{"RUNNING":1},"queryType":"PERSISTENT","state":"RUNNING"},{"queryString":"CREATE TABLE BAR_TBIMP_5M_LIVE WITH (CLEANUP_POLICY='compact,delete', KAFKA_TOPIC='bar_tbimp_5m_live', KEY_FORMAT='AVRO', PARTITIONS=1, REPLICAS=1, RETENTION_MS=604800000, VALUE_FORMAT='AVRO') AS SELECT\n  O.BROKER BROKER,\n  O.SYMBOL SYMBOL,\n  WINDOWSTART BUCKETSTART,\n  EARLIEST_BY_OFFSET(O.OPEN) OPEN,\n  MAX(O.HIGH) HIGH,\n  MIN(O.LOW) LOW,\n  LATEST_BY_OFFSET(O.CLOSE) CLOSE\nFROM BAR_TBIMP_1S_FINAL_S O\nWINDOW TUMBLING ( SIZE 5 MINUTES , GRACE PERIOD 3 SECONDS ) \nGROUP BY O.BROKER, O.SYMBOL\nEMIT CHANGES;","sinks":["BAR_TBIMP_5M_LIVE"],"sinkKafkaTopics":["bar_tbimp_5m_live"],"id":"CTAS_BAR_TBIMP_5M_LIVE_91","statusCount":{"RUNNING":1},"queryType":"PERSISTENT","state":"RUNNING"},{"queryString":"CREATE TABLE BAR_TBIMP_1S_FINAL WITH (CLEANUP_POLICY='compact,delete', KAFKA_TOPIC='bar_tbimp_1s_final', KEY_FORMAT='AVRO', PARTITIONS=1, REPLICAS=1, RETENTION_MS=604800000, VALUE_FORMAT='AVRO') AS SELECT\n  O.BROKER BROKER,\n  O.SYMBOL SYMBOL,\n  WINDOWSTART BUCKETSTART,\n  EARLIEST_BY_OFFSET(O.BID) OPEN,\n  MAX(O.BID) HIGH,\n  MIN(O.BID) LOW,\n  LATEST_BY_OFFSET(O.BID) CLOSE\nFROM TICKS_TBIMP O\nWINDOW TUMBLING ( SIZE 1 SECONDS ) \nGROUP BY O.BROKER, O.SYMBOL\nEMIT FINAL;","sinks":["BAR_TBIMP_1S_FINAL"],"sinkKafkaTopics":["bar_tbimp_1s_final"],"id":"CTAS_BAR_TBIMP_1S_FINAL_85","statusCount":{"RUNNING":1},"queryType":"PERSISTENT","state":"RUNNING"}],"warnings":[]}]&#xD;
warn: Kafka.Ksql.Linq.KsqlContext[0]&#xD;
      SHOW QUERIES attempt 4 did not contain a matching query for bar_tbimp_1m_live&#xD;
info: Kafka.Ksql.Linq.KsqlContext[0]&#xD;
      ksql execute: EXECUTE SQL=SHOW QUERIES;&#xD;
info: Kafka.Ksql.Linq.KsqlContext[0]&#xD;
      SHOW QUERIES output (attempt 5): [{"@type":"queries","statementText":"SHOW QUERIES;","queries":[{"queryString":"CREATE TABLE BAR_TBIMP_1M_LIVE WITH (CLEANUP_POLICY='compact,delete', KAFKA_TOPIC='bar_tbimp_1m_live', KEY_FORMAT='AVRO', PARTITIONS=1, REPLICAS=1, RETENTION_MS=604800000, VALUE_FORMAT='AVRO') AS SELECT\n  O.BROKER BROKER,\n  O.SYMBOL SYMBOL,\n  WINDOWSTART BUCKETSTART,\n  EARLIEST_BY_OFFSET(O.OPEN) OPEN,\n  MAX(O.HIGH) HIGH,\n  MIN(O.LOW) LOW,\n  LATEST_BY_OFFSET(O.CLOSE) CLOSE\nFROM BAR_TBIMP_1S_FINAL_S O\nWINDOW TUMBLING ( SIZE 1 MINUTES , GRACE PERIOD 2 SECONDS ) \nGROUP BY O.BROKER, O.SYMBOL\nEMIT CHANGES;","sinks":["BAR_TBIMP_1M_LIVE"],"sinkKafkaTopics":["bar_tbimp_1m_live"],"id":"CTAS_BAR_TBIMP_1M_LIVE_89","statusCount":{"RUNNING":1},"queryType":"PERSISTENT","state":"RUNNING"},{"queryString":"CREATE TABLE BAR_TBIMP_5M_LIVE WITH (CLEANUP_POLICY='compact,delete', KAFKA_TOPIC='bar_tbimp_5m_live', KEY_FORMAT='AVRO', PARTITIONS=1, REPLICAS=1, RETENTION_MS=604800000, VALUE_FORMAT='AVRO') AS SELECT\n  O.BROKER BROKER,\n  O.SYMBOL SYMBOL,\n  WINDOWSTART BUCKETSTART,\n  EARLIEST_BY_OFFSET(O.OPEN) OPEN,\n  MAX(O.HIGH) HIGH,\n  MIN(O.LOW) LOW,\n  LATEST_BY_OFFSET(O.CLOSE) CLOSE\nFROM BAR_TBIMP_1S_FINAL_S O\nWINDOW TUMBLING ( SIZE 5 MINUTES , GRACE PERIOD 3 SECONDS ) \nGROUP BY O.BROKER, O.SYMBOL\nEMIT CHANGES;","sinks":["BAR_TBIMP_5M_LIVE"],"sinkKafkaTopics":["bar_tbimp_5m_live"],"id":"CTAS_BAR_TBIMP_5M_LIVE_91","statusCount":{"RUNNING":1},"queryType":"PERSISTENT","state":"RUNNING"},{"queryString":"CREATE TABLE BAR_TBIMP_1S_FINAL WITH (CLEANUP_POLICY='compact,delete', KAFKA_TOPIC='bar_tbimp_1s_final', KEY_FORMAT='AVRO', PARTITIONS=1, REPLICAS=1, RETENTION_MS=604800000, VALUE_FORMAT='AVRO') AS SELECT\n  O.BROKER BROKER,\n  O.SYMBOL SYMBOL,\n  WINDOWSTART BUCKETSTART,\n  EARLIEST_BY_OFFSET(O.BID) OPEN,\n  MAX(O.BID) HIGH,\n  MIN(O.BID) LOW,\n  LATEST_BY_OFFSET(O.BID) CLOSE\nFROM TICKS_TBIMP O\nWINDOW TUMBLING ( SIZE 1 SECONDS ) \nGROUP BY O.BROKER, O.SYMBOL\nEMIT FINAL;","sinks":["BAR_TBIMP_1S_FINAL"],"sinkKafkaTopics":["bar_tbimp_1s_final"],"id":"CTAS_BAR_TBIMP_1S_FINAL_85","statusCount":{"RUNNING":1},"queryType":"PERSISTENT","state":"RUNNING"}],"warnings":[]}]&#xD;
warn: Kafka.Ksql.Linq.KsqlContext[0]&#xD;
      SHOW QUERIES attempt 5 did not contain a matching query for bar_tbimp_1m_live&#xD;
warn: Kafka.Ksql.Linq.KsqlContext[0]&#xD;
      Unable to locate queryId for bar_tbimp_1m_live after 5 attempts&#xD;
warn: Kafka.Ksql.Linq.KsqlContext[0]&#xD;
      Could not locate queryId via SHOW QUERIES for derived statement targeting bar_tbimp_1m_live: CREATE TABLE bar_tbimp_1m_live  WITH (KAFKA_TOPIC='bar_tbimp_1m_live', KEY_FORMAT='AVRO', VALUE_FORMAT='AVRO') AS&#xD;
      SELECT BROKER AS Broker, SYMBOL AS Symbol, WINDOWSTART AS BucketStart, EARLIEST_BY_OFFSET(o.OPEN) AS Open, MAX(o.HIGH) AS High, MIN(o.LOW) AS Low, LATEST_BY_OFFSET(o.CLOSE) AS Close&#xD;
      FROM bar_tbimp_1s_final_s o WINDOW TUMBLING (SIZE 1 MINUTES, GRACE PERIOD 2 SECONDS)&#xD;
      GROUP BY BROKER, SYMBOL&#xD;
      EMIT CHANGES;&#xD;
info: Kafka.Ksql.Linq.KsqlContext[0]&#xD;
      ksql execute: EXECUTE SQL=SHOW QUERIES;&#xD;
info: Kafka.Ksql.Linq.KsqlContext[0]&#xD;
      SHOW QUERIES output (attempt 1): [{"@type":"queries","statementText":"SHOW QUERIES;","queries":[{"queryString":"CREATE TABLE BAR_TBIMP_1M_LIVE WITH (CLEANUP_POLICY='compact,delete', KAFKA_TOPIC='bar_tbimp_1m_live', KEY_FORMAT='AVRO', PARTITIONS=1, REPLICAS=1, RETENTION_MS=604800000, VALUE_FORMAT='AVRO') AS SELECT\n  O.BROKER BROKER,\n  O.SYMBOL SYMBOL,\n  WINDOWSTART BUCKETSTART,\n  EARLIEST_BY_OFFSET(O.OPEN) OPEN,\n  MAX(O.HIGH) HIGH,\n  MIN(O.LOW) LOW,\n  LATEST_BY_OFFSET(O.CLOSE) CLOSE\nFROM BAR_TBIMP_1S_FINAL_S O\nWINDOW TUMBLING ( SIZE 1 MINUTES , GRACE PERIOD 2 SECONDS ) \nGROUP BY O.BROKER, O.SYMBOL\nEMIT CHANGES;","sinks":["BAR_TBIMP_1M_LIVE"],"sinkKafkaTopics":["bar_tbimp_1m_live"],"id":"CTAS_BAR_TBIMP_1M_LIVE_89","statusCount":{"RUNNING":1},"queryType":"PERSISTENT","state":"RUNNING"},{"queryString":"CREATE TABLE BAR_TBIMP_5M_LIVE WITH (CLEANUP_POLICY='compact,delete', KAFKA_TOPIC='bar_tbimp_5m_live', KEY_FORMAT='AVRO', PARTITIONS=1, REPLICAS=1, RETENTION_MS=604800000, VALUE_FORMAT='AVRO') AS SELECT\n  O.BROKER BROKER,\n  O.SYMBOL SYMBOL,\n  WINDOWSTART BUCKETSTART,\n  EARLIEST_BY_OFFSET(O.OPEN) OPEN,\n  MAX(O.HIGH) HIGH,\n  MIN(O.LOW) LOW,\n  LATEST_BY_OFFSET(O.CLOSE) CLOSE\nFROM BAR_TBIMP_1S_FINAL_S O\nWINDOW TUMBLING ( SIZE 5 MINUTES , GRACE PERIOD 3 SECONDS ) \nGROUP BY O.BROKER, O.SYMBOL\nEMIT CHANGES;","sinks":["BAR_TBIMP_5M_LIVE"],"sinkKafkaTopics":["bar_tbimp_5m_live"],"id":"CTAS_BAR_TBIMP_5M_LIVE_91","statusCount":{"RUNNING":1},"queryType":"PERSISTENT","state":"RUNNING"},{"queryString":"CREATE TABLE BAR_TBIMP_1S_FINAL WITH (CLEANUP_POLICY='compact,delete', KAFKA_TOPIC='bar_tbimp_1s_final', KEY_FORMAT='AVRO', PARTITIONS=1, REPLICAS=1, RETENTION_MS=604800000, VALUE_FORMAT='AVRO') AS SELECT\n  O.BROKER BROKER,\n  O.SYMBOL SYMBOL,\n  WINDOWSTART BUCKETSTART,\n  EARLIEST_BY_OFFSET(O.BID) OPEN,\n  MAX(O.BID) HIGH,\n  MIN(O.BID) LOW,\n  LATEST_BY_OFFSET(O.BID) CLOSE\nFROM TICKS_TBIMP O\nWINDOW TUMBLING ( SIZE 1 SECONDS ) \nGROUP BY O.BROKER, O.SYMBOL\nEMIT FINAL;","sinks":["BAR_TBIMP_1S_FINAL"],"sinkKafkaTopics":["bar_tbimp_1s_final"],"id":"CTAS_BAR_TBIMP_1S_FINAL_85","statusCount":{"RUNNING":1},"queryType":"PERSISTENT","state":"RUNNING"}],"warnings":[]}]&#xD;
warn: Kafka.Ksql.Linq.KsqlContext[0]&#xD;
      SHOW QUERIES attempt 1 did not contain a matching query for bar_tbimp_5m_live&#xD;
info: Kafka.Ksql.Linq.KsqlContext[0]&#xD;
      ksql execute: EXECUTE SQL=SHOW QUERIES;&#xD;
info: Kafka.Ksql.Linq.KsqlContext[0]&#xD;
      SHOW QUERIES output (attempt 2): [{"@type":"queries","statementText":"SHOW QUERIES;","queries":[{"queryString":"CREATE TABLE BAR_TBIMP_1M_LIVE WITH (CLEANUP_POLICY='compact,delete', KAFKA_TOPIC='bar_tbimp_1m_live', KEY_FORMAT='AVRO', PARTITIONS=1, REPLICAS=1, RETENTION_MS=604800000, VALUE_FORMAT='AVRO') AS SELECT\n  O.BROKER BROKER,\n  O.SYMBOL SYMBOL,\n  WINDOWSTART BUCKETSTART,\n  EARLIEST_BY_OFFSET(O.OPEN) OPEN,\n  MAX(O.HIGH) HIGH,\n  MIN(O.LOW) LOW,\n  LATEST_BY_OFFSET(O.CLOSE) CLOSE\nFROM BAR_TBIMP_1S_FINAL_S O\nWINDOW TUMBLING ( SIZE 1 MINUTES , GRACE PERIOD 2 SECONDS ) \nGROUP BY O.BROKER, O.SYMBOL\nEMIT CHANGES;","sinks":["BAR_TBIMP_1M_LIVE"],"sinkKafkaTopics":["bar_tbimp_1m_live"],"id":"CTAS_BAR_TBIMP_1M_LIVE_89","statusCount":{"RUNNING":1},"queryType":"PERSISTENT","state":"RUNNING"},{"queryString":"CREATE TABLE BAR_TBIMP_5M_LIVE WITH (CLEANUP_POLICY='compact,delete', KAFKA_TOPIC='bar_tbimp_5m_live', KEY_FORMAT='AVRO', PARTITIONS=1, REPLICAS=1, RETENTION_MS=604800000, VALUE_FORMAT='AVRO') AS SELECT\n  O.BROKER BROKER,\n  O.SYMBOL SYMBOL,\n  WINDOWSTART BUCKETSTART,\n  EARLIEST_BY_OFFSET(O.OPEN) OPEN,\n  MAX(O.HIGH) HIGH,\n  MIN(O.LOW) LOW,\n  LATEST_BY_OFFSET(O.CLOSE) CLOSE\nFROM BAR_TBIMP_1S_FINAL_S O\nWINDOW TUMBLING ( SIZE 5 MINUTES , GRACE PERIOD 3 SECONDS ) \nGROUP BY O.BROKER, O.SYMBOL\nEMIT CHANGES;","sinks":["BAR_TBIMP_5M_LIVE"],"sinkKafkaTopics":["bar_tbimp_5m_live"],"id":"CTAS_BAR_TBIMP_5M_LIVE_91","statusCount":{"RUNNING":1},"queryType":"PERSISTENT","state":"RUNNING"},{"queryString":"CREATE TABLE BAR_TBIMP_1S_FINAL WITH (CLEANUP_POLICY='compact,delete', KAFKA_TOPIC='bar_tbimp_1s_final', KEY_FORMAT='AVRO', PARTITIONS=1, REPLICAS=1, RETENTION_MS=604800000, VALUE_FORMAT='AVRO') AS SELECT\n  O.BROKER BROKER,\n  O.SYMBOL SYMBOL,\n  WINDOWSTART BUCKETSTART,\n  EARLIEST_BY_OFFSET(O.BID) OPEN,\n  MAX(O.BID) HIGH,\n  MIN(O.BID) LOW,\n  LATEST_BY_OFFSET(O.BID) CLOSE\nFROM TICKS_TBIMP O\nWINDOW TUMBLING ( SIZE 1 SECONDS ) \nGROUP BY O.BROKER, O.SYMBOL\nEMIT FINAL;","sinks":["BAR_TBIMP_1S_FINAL"],"sinkKafkaTopics":["bar_tbimp_1s_final"],"id":"CTAS_BAR_TBIMP_1S_FINAL_85","statusCount":{"RUNNING":1},"queryType":"PERSISTENT","state":"RUNNING"}],"warnings":[]}]&#xD;
warn: Kafka.Ksql.Linq.KsqlContext[0]&#xD;
      SHOW QUERIES attempt 2 did not contain a matching query for bar_tbimp_5m_live&#xD;
info: Kafka.Ksql.Linq.KsqlContext[0]&#xD;
      ksql execute: EXECUTE SQL=SHOW QUERIES;&#xD;
info: Kafka.Ksql.Linq.KsqlContext[0]&#xD;
      SHOW QUERIES output (attempt 3): [{"@type":"queries","statementText":"SHOW QUERIES;","queries":[{"queryString":"CREATE TABLE BAR_TBIMP_1M_LIVE WITH (CLEANUP_POLICY='compact,delete', KAFKA_TOPIC='bar_tbimp_1m_live', KEY_FORMAT='AVRO', PARTITIONS=1, REPLICAS=1, RETENTION_MS=604800000, VALUE_FORMAT='AVRO') AS SELECT\n  O.BROKER BROKER,\n  O.SYMBOL SYMBOL,\n  WINDOWSTART BUCKETSTART,\n  EARLIEST_BY_OFFSET(O.OPEN) OPEN,\n  MAX(O.HIGH) HIGH,\n  MIN(O.LOW) LOW,\n  LATEST_BY_OFFSET(O.CLOSE) CLOSE\nFROM BAR_TBIMP_1S_FINAL_S O\nWINDOW TUMBLING ( SIZE 1 MINUTES , GRACE PERIOD 2 SECONDS ) \nGROUP BY O.BROKER, O.SYMBOL\nEMIT CHANGES;","sinks":["BAR_TBIMP_1M_LIVE"],"sinkKafkaTopics":["bar_tbimp_1m_live"],"id":"CTAS_BAR_TBIMP_1M_LIVE_89","statusCount":{"RUNNING":1},"queryType":"PERSISTENT","state":"RUNNING"},{"queryString":"CREATE TABLE BAR_TBIMP_5M_LIVE WITH (CLEANUP_POLICY='compact,delete', KAFKA_TOPIC='bar_tbimp_5m_live', KEY_FORMAT='AVRO', PARTITIONS=1, REPLICAS=1, RETENTION_MS=604800000, VALUE_FORMAT='AVRO') AS SELECT\n  O.BROKER BROKER,\n  O.SYMBOL SYMBOL,\n  WINDOWSTART BUCKETSTART,\n  EARLIEST_BY_OFFSET(O.OPEN) OPEN,\n  MAX(O.HIGH) HIGH,\n  MIN(O.LOW) LOW,\n  LATEST_BY_OFFSET(O.CLOSE) CLOSE\nFROM BAR_TBIMP_1S_FINAL_S O\nWINDOW TUMBLING ( SIZE 5 MINUTES , GRACE PERIOD 3 SECONDS ) \nGROUP BY O.BROKER, O.SYMBOL\nEMIT CHANGES;","sinks":["BAR_TBIMP_5M_LIVE"],"sinkKafkaTopics":["bar_tbimp_5m_live"],"id":"CTAS_BAR_TBIMP_5M_LIVE_91","statusCount":{"RUNNING":1},"queryType":"PERSISTENT","state":"RUNNING"},{"queryString":"CREATE TABLE BAR_TBIMP_1S_FINAL WITH (CLEANUP_POLICY='compact,delete', KAFKA_TOPIC='bar_tbimp_1s_final', KEY_FORMAT='AVRO', PARTITIONS=1, REPLICAS=1, RETENTION_MS=604800000, VALUE_FORMAT='AVRO') AS SELECT\n  O.BROKER BROKER,\n  O.SYMBOL SYMBOL,\n  WINDOWSTART BUCKETSTART,\n  EARLIEST_BY_OFFSET(O.BID) OPEN,\n  MAX(O.BID) HIGH,\n  MIN(O.BID) LOW,\n  LATEST_BY_OFFSET(O.BID) CLOSE\nFROM TICKS_TBIMP O\nWINDOW TUMBLING ( SIZE 1 SECONDS ) \nGROUP BY O.BROKER, O.SYMBOL\nEMIT FINAL;","sinks":["BAR_TBIMP_1S_FINAL"],"sinkKafkaTopics":["bar_tbimp_1s_final"],"id":"CTAS_BAR_TBIMP_1S_FINAL_85","statusCount":{"RUNNING":1},"queryType":"PERSISTENT","state":"RUNNING"}],"warnings":[]}]&#xD;
warn: Kafka.Ksql.Linq.KsqlContext[0]&#xD;
      SHOW QUERIES attempt 3 did not contain a matching query for bar_tbimp_5m_live&#xD;
info: Kafka.Ksql.Linq.KsqlContext[0]&#xD;
      ksql execute: EXECUTE SQL=SHOW QUERIES;&#xD;
info: Kafka.Ksql.Linq.KsqlContext[0]&#xD;
      SHOW QUERIES output (attempt 4): [{"@type":"queries","statementText":"SHOW QUERIES;","queries":[{"queryString":"CREATE TABLE BAR_TBIMP_1M_LIVE WITH (CLEANUP_POLICY='compact,delete', KAFKA_TOPIC='bar_tbimp_1m_live', KEY_FORMAT='AVRO', PARTITIONS=1, REPLICAS=1, RETENTION_MS=604800000, VALUE_FORMAT='AVRO') AS SELECT\n  O.BROKER BROKER,\n  O.SYMBOL SYMBOL,\n  WINDOWSTART BUCKETSTART,\n  EARLIEST_BY_OFFSET(O.OPEN) OPEN,\n  MAX(O.HIGH) HIGH,\n  MIN(O.LOW) LOW,\n  LATEST_BY_OFFSET(O.CLOSE) CLOSE\nFROM BAR_TBIMP_1S_FINAL_S O\nWINDOW TUMBLING ( SIZE 1 MINUTES , GRACE PERIOD 2 SECONDS ) \nGROUP BY O.BROKER, O.SYMBOL\nEMIT CHANGES;","sinks":["BAR_TBIMP_1M_LIVE"],"sinkKafkaTopics":["bar_tbimp_1m_live"],"id":"CTAS_BAR_TBIMP_1M_LIVE_89","statusCount":{"RUNNING":1},"queryType":"PERSISTENT","state":"RUNNING"},{"queryString":"CREATE TABLE BAR_TBIMP_5M_LIVE WITH (CLEANUP_POLICY='compact,delete', KAFKA_TOPIC='bar_tbimp_5m_live', KEY_FORMAT='AVRO', PARTITIONS=1, REPLICAS=1, RETENTION_MS=604800000, VALUE_FORMAT='AVRO') AS SELECT\n  O.BROKER BROKER,\n  O.SYMBOL SYMBOL,\n  WINDOWSTART BUCKETSTART,\n  EARLIEST_BY_OFFSET(O.OPEN) OPEN,\n  MAX(O.HIGH) HIGH,\n  MIN(O.LOW) LOW,\n  LATEST_BY_OFFSET(O.CLOSE) CLOSE\nFROM BAR_TBIMP_1S_FINAL_S O\nWINDOW TUMBLING ( SIZE 5 MINUTES , GRACE PERIOD 3 SECONDS ) \nGROUP BY O.BROKER, O.SYMBOL\nEMIT CHANGES;","sinks":["BAR_TBIMP_5M_LIVE"],"sinkKafkaTopics":["bar_tbimp_5m_live"],"id":"CTAS_BAR_TBIMP_5M_LIVE_91","statusCount":{"RUNNING":1},"queryType":"PERSISTENT","state":"RUNNING"},{"queryString":"CREATE TABLE BAR_TBIMP_1S_FINAL WITH (CLEANUP_POLICY='compact,delete', KAFKA_TOPIC='bar_tbimp_1s_final', KEY_FORMAT='AVRO', PARTITIONS=1, REPLICAS=1, RETENTION_MS=604800000, VALUE_FORMAT='AVRO') AS SELECT\n  O.BROKER BROKER,\n  O.SYMBOL SYMBOL,\n  WINDOWSTART BUCKETSTART,\n  EARLIEST_BY_OFFSET(O.BID) OPEN,\n  MAX(O.BID) HIGH,\n  MIN(O.BID) LOW,\n  LATEST_BY_OFFSET(O.BID) CLOSE\nFROM TICKS_TBIMP O\nWINDOW TUMBLING ( SIZE 1 SECONDS ) \nGROUP BY O.BROKER, O.SYMBOL\nEMIT FINAL;","sinks":["BAR_TBIMP_1S_FINAL"],"sinkKafkaTopics":["bar_tbimp_1s_final"],"id":"CTAS_BAR_TBIMP_1S_FINAL_85","statusCount":{"RUNNING":1},"queryType":"PERSISTENT","state":"RUNNING"}],"warnings":[]}]&#xD;
warn: Kafka.Ksql.Linq.KsqlContext[0]&#xD;
      SHOW QUERIES attempt 4 did not contain a matching query for bar_tbimp_5m_live&#xD;
info: Kafka.Ksql.Linq.KsqlContext[0]&#xD;
      ksql execute: EXECUTE SQL=SHOW QUERIES;&#xD;
info: Kafka.Ksql.Linq.KsqlContext[0]&#xD;
      SHOW QUERIES output (attempt 5): [{"@type":"queries","statementText":"SHOW QUERIES;","queries":[{"queryString":"CREATE TABLE BAR_TBIMP_1M_LIVE WITH (CLEANUP_POLICY='compact,delete', KAFKA_TOPIC='bar_tbimp_1m_live', KEY_FORMAT='AVRO', PARTITIONS=1, REPLICAS=1, RETENTION_MS=604800000, VALUE_FORMAT='AVRO') AS SELECT\n  O.BROKER BROKER,\n  O.SYMBOL SYMBOL,\n  WINDOWSTART BUCKETSTART,\n  EARLIEST_BY_OFFSET(O.OPEN) OPEN,\n  MAX(O.HIGH) HIGH,\n  MIN(O.LOW) LOW,\n  LATEST_BY_OFFSET(O.CLOSE) CLOSE\nFROM BAR_TBIMP_1S_FINAL_S O\nWINDOW TUMBLING ( SIZE 1 MINUTES , GRACE PERIOD 2 SECONDS ) \nGROUP BY O.BROKER, O.SYMBOL\nEMIT CHANGES;","sinks":["BAR_TBIMP_1M_LIVE"],"sinkKafkaTopics":["bar_tbimp_1m_live"],"id":"CTAS_BAR_TBIMP_1M_LIVE_89","statusCount":{"RUNNING":1},"queryType":"PERSISTENT","state":"RUNNING"},{"queryString":"CREATE TABLE BAR_TBIMP_5M_LIVE WITH (CLEANUP_POLICY='compact,delete', KAFKA_TOPIC='bar_tbimp_5m_live', KEY_FORMAT='AVRO', PARTITIONS=1, REPLICAS=1, RETENTION_MS=604800000, VALUE_FORMAT='AVRO') AS SELECT\n  O.BROKER BROKER,\n  O.SYMBOL SYMBOL,\n  WINDOWSTART BUCKETSTART,\n  EARLIEST_BY_OFFSET(O.OPEN) OPEN,\n  MAX(O.HIGH) HIGH,\n  MIN(O.LOW) LOW,\n  LATEST_BY_OFFSET(O.CLOSE) CLOSE\nFROM BAR_TBIMP_1S_FINAL_S O\nWINDOW TUMBLING ( SIZE 5 MINUTES , GRACE PERIOD 3 SECONDS ) \nGROUP BY O.BROKER, O.SYMBOL\nEMIT CHANGES;","sinks":["BAR_TBIMP_5M_LIVE"],"sinkKafkaTopics":["bar_tbimp_5m_live"],"id":"CTAS_BAR_TBIMP_5M_LIVE_91","statusCount":{"RUNNING":1},"queryType":"PERSISTENT","state":"RUNNING"},{"queryString":"CREATE TABLE BAR_TBIMP_1S_FINAL WITH (CLEANUP_POLICY='compact,delete', KAFKA_TOPIC='bar_tbimp_1s_final', KEY_FORMAT='AVRO', PARTITIONS=1, REPLICAS=1, RETENTION_MS=604800000, VALUE_FORMAT='AVRO') AS SELECT\n  O.BROKER BROKER,\n  O.SYMBOL SYMBOL,\n  WINDOWSTART BUCKETSTART,\n  EARLIEST_BY_OFFSET(O.BID) OPEN,\n  MAX(O.BID) HIGH,\n  MIN(O.BID) LOW,\n  LATEST_BY_OFFSET(O.BID) CLOSE\nFROM TICKS_TBIMP O\nWINDOW TUMBLING ( SIZE 1 SECONDS ) \nGROUP BY O.BROKER, O.SYMBOL\nEMIT FINAL;","sinks":["BAR_TBIMP_1S_FINAL"],"sinkKafkaTopics":["bar_tbimp_1s_final"],"id":"CTAS_BAR_TBIMP_1S_FINAL_85","statusCount":{"RUNNING":1},"queryType":"PERSISTENT","state":"RUNNING"}],"warnings":[]}]&#xD;
warn: Kafka.Ksql.Linq.KsqlContext[0]&#xD;
      SHOW QUERIES attempt 5 did not contain a matching query for bar_tbimp_5m_live&#xD;
warn: Kafka.Ksql.Linq.KsqlContext[0]&#xD;
      Unable to locate queryId for bar_tbimp_5m_live after 5 attempts&#xD;
warn: Kafka.Ksql.Linq.KsqlContext[0]&#xD;
      Could not locate queryId via SHOW QUERIES for derived statement targeting bar_tbimp_5m_live: CREATE TABLE bar_tbimp_5m_live  WITH (KAFKA_TOPIC='bar_tbimp_5m_live', KEY_FORMAT='AVRO', VALUE_FORMAT='AVRO') AS&#xD;
      SELECT BROKER AS Broker, SYMBOL AS Symbol, WINDOWSTART AS BucketStart, EARLIEST_BY_OFFSET(o.OPEN) AS Open, MAX(o.HIGH) AS High, MIN(o.LOW) AS Low, LATEST_BY_OFFSET(o.CLOSE) AS Close&#xD;
      FROM bar_tbimp_1s_final_s o WINDOW TUMBLING (SIZE 5 MINUTES, GRACE PERIOD 3 SECONDS)&#xD;
      GROUP BY BROKER, SYMBOL&#xD;
      EMIT CHANGES;&#xD;
info: Kafka.Ksql.Linq.KsqlContext[0]&#xD;
      ksql execute: EXECUTE SQL=SHOW QUERIES;&#xD;
info: Kafka.Ksql.Linq.KsqlContext[0]&#xD;
      ksql execute: EXECUTE SQL=SHOW QUERIES;&#xD;
info: Kafka.Ksql.Linq.KsqlContext[0]&#xD;
      ksql execute: EXECUTE SQL=SHOW QUERIES;&#xD;
info: Kafka.Ksql.Linq.KsqlContext[0]&#xD;
      ksql execute: EXECUTE SQL=SHOW QUERIES;&#xD;
info: Kafka.Ksql.Linq.KsqlContext[0]&#xD;
      ksql execute: EXECUTE SQL=SHOW QUERIES;&#xD;
info: Kafka.Ksql.Linq.KsqlContext[0]&#xD;
      ksql execute: EXECUTE SQL=SHOW QUERIES;&#xD;
info: Streamiz.Kafka.Net.Processors.StreamThread[0]&#xD;
      Processed 0 total records, ran 0 punctuators and committed 0 total tasks since the last update&#xD;
info: Kafka.Ksql.Linq.KsqlContext[0]&#xD;
      ksql execute: EXECUTE SQL=SHOW QUERIES;&#xD;
info: Kafka.Ksql.Linq.KsqlContext[0]&#xD;
      ksql execute: EXECUTE SQL=SHOW QUERIES;&#xD;
info: Kafka.Ksql.Linq.KsqlContext[0]&#xD;
      ksql execute: EXECUTE SQL=SHOW QUERIES;&#xD;
info: Kafka.Ksql.Linq.KsqlContext[0]&#xD;
      ksql execute: EXECUTE SQL=SHOW QUERIES;&#xD;
info: Kafka.Ksql.Linq.KsqlContext[0]&#xD;
      ksql execute: EXECUTE SQL=SHOW QUERIES;&#xD;
info: Kafka.Ksql.Linq.KsqlContext[0]&#xD;
      ksql execute: EXECUTE SQL=SHOW QUERIES;&#xD;
info: Kafka.Ksql.Linq.KsqlContext[0]&#xD;
      ksql execute: EXECUTE SQL=SHOW QUERIES;&#xD;
info: Kafka.Ksql.Linq.KsqlContext[0]&#xD;
      ksql execute: EXECUTE SQL=SHOW QUERIES;&#xD;
info: Kafka.Ksql.Linq.KsqlContext[0]&#xD;
      ksql execute: EXECUTE SQL=SHOW QUERIES;&#xD;
info: Kafka.Ksql.Linq.KsqlContext[0]&#xD;
      ksql execute: EXECUTE SQL=SHOW QUERIES;&#xD;
info: Kafka.Ksql.Linq.KsqlContext[0]&#xD;
      ksql execute: EXECUTE SQL=SHOW QUERIES;&#xD;
info: Kafka.Ksql.Linq.KsqlContext[0]&#xD;
      ksql execute: EXECUTE SQL=SHOW QUERIES;&#xD;
info: Kafka.Ksql.Linq.KsqlContext[0]&#xD;
      ksql execute: EXECUTE SQL=SHOW QUERIES;&#xD;
info: Kafka.Ksql.Linq.KsqlContext[0]&#xD;
      ksql execute: EXECUTE SQL=SHOW QUERIES;&#xD;
info: Kafka.Ksql.Linq.KsqlContext[0]&#xD;
      ksql execute: EXECUTE SQL=SHOW QUERIES;&#xD;
info: Kafka.Ksql.Linq.KsqlContext[0]&#xD;
      ksql execute: EXECUTE SQL=SHOW QUERIES;&#xD;
info: Kafka.Ksql.Linq.KsqlContext[0]&#xD;
      ksql execute: EXECUTE SQL=SHOW QUERIES;&#xD;
info: Kafka.Ksql.Linq.KsqlContext[0]&#xD;
      ksql execute: EXECUTE SQL=SHOW QUERIES;&#xD;
info: Kafka.Ksql.Linq.KsqlContext[0]&#xD;
      ksql execute: EXECUTE SQL=SHOW QUERIES;&#xD;
info: Kafka.Ksql.Linq.KsqlContext[0]&#xD;
      ksql execute: EXECUTE SQL=SHOW QUERIES;&#xD;
info: Kafka.Ksql.Linq.KsqlContext[0]&#xD;
      ksql execute: EXECUTE SQL=SHOW QUERIES;&#xD;
info: Kafka.Ksql.Linq.KsqlContext[0]&#xD;
      ksql execute: EXECUTE SQL=SHOW QUERIES;&#xD;
info: Kafka.Ksql.Linq.KsqlContext[0]&#xD;
      ksql execute: EXECUTE SQL=SHOW QUERIES;&#xD;
info: Kafka.Ksql.Linq.KsqlContext[0]&#xD;
      ksql execute: EXECUTE SQL=SHOW QUERIES;&#xD;
info: Kafka.Ksql.Linq.KsqlContext[0]&#xD;
      ksql execute: EXECUTE SQL=SHOW QUERIES;&#xD;
info: Kafka.Ksql.Linq.KsqlContext[0]&#xD;
      ksql execute: EXECUTE SQL=SHOW QUERIES;&#xD;
info: Kafka.Ksql.Linq.KsqlContext[0]&#xD;
      ksql execute: EXECUTE SQL=SHOW QUERIES;&#xD;
info: Kafka.Ksql.Linq.KsqlContext[0]&#xD;
      ksql execute: EXECUTE SQL=SHOW QUERIES;&#xD;
info: Kafka.Ksql.Linq.KsqlContext[0]&#xD;
      ksql execute: EXECUTE SQL=SHOW QUERIES;&#xD;
info: Kafka.Ksql.Linq.KsqlContext[0]&#xD;
      ksql execute: EXECUTE SQL=SHOW QUERIES;&#xD;
info: Streamiz.Kafka.Net.Processors.StreamThread[0]&#xD;
      Processed 0 total records, ran 0 punctuators and committed 0 total tasks since the last update&#xD;
info: Kafka.Ksql.Linq.KsqlContext[0]&#xD;
      ksql execute: EXECUTE SQL=SHOW QUERIES;&#xD;
info: Kafka.Ksql.Linq.KsqlContext[0]&#xD;
      ksql execute: EXECUTE SQL=SHOW QUERIES;&#xD;
info: Kafka.Ksql.Linq.KsqlContext[0]&#xD;
      ksql execute: EXECUTE SQL=SHOW QUERIES;&#xD;
info: Kafka.Ksql.Linq.KsqlContext[0]&#xD;
      ksql execute: EXECUTE SQL=SHOW QUERIES;&#xD;
info: Kafka.Ksql.Linq.KsqlContext[0]&#xD;
      ksql execute: EXECUTE SQL=SHOW QUERIES;&#xD;
info: Kafka.Ksql.Linq.KsqlContext[0]&#xD;
      ksql execute: EXECUTE SQL=SHOW QUERIES;&#xD;
info: Kafka.Ksql.Linq.KsqlContext[0]&#xD;
      ksql execute: EXECUTE SQL=SHOW QUERIES;&#xD;
info: Kafka.Ksql.Linq.KsqlContext[0]&#xD;
      ksql execute: EXECUTE SQL=SHOW QUERIES;&#xD;
info: Kafka.Ksql.Linq.KsqlContext[0]&#xD;
      ksql execute: EXECUTE SQL=SHOW QUERIES;&#xD;
info: Kafka.Ksql.Linq.KsqlContext[0]&#xD;
      ksql execute: EXECUTE SQL=SHOW QUERIES;&#xD;
info: Kafka.Ksql.Linq.KsqlContext[0]&#xD;
      ksql execute: EXECUTE SQL=SHOW QUERIES;&#xD;
info: Kafka.Ksql.Linq.KsqlContext[0]&#xD;
      ksql execute: EXECUTE SQL=SHOW QUERIES;&#xD;
info: Kafka.Ksql.Linq.KsqlContext[0]&#xD;
      ksql execute: EXECUTE SQL=SHOW QUERIES;&#xD;
info: Kafka.Ksql.Linq.KsqlContext[0]&#xD;
      ksql execute: EXECUTE SQL=SHOW QUERIES;&#xD;
info: Kafka.Ksql.Linq.KsqlContext[0]&#xD;
      ksql execute: EXECUTE SQL=SHOW QUERIES;&#xD;
info: Kafka.Ksql.Linq.KsqlContext[0]&#xD;
      ksql execute: EXECUTE SQL=SHOW QUERIES;&#xD;
info: Kafka.Ksql.Linq.KsqlContext[0]&#xD;
      ksql execute: EXECUTE SQL=SHOW QUERIES;&#xD;
info: Kafka.Ksql.Linq.KsqlContext[0]&#xD;
      ksql execute: EXECUTE SQL=SHOW QUERIES;&#xD;
info: Kafka.Ksql.Linq.KsqlContext[0]&#xD;
      ksql execute: EXECUTE SQL=SHOW QUERIES;&#xD;
info: Kafka.Ksql.Linq.KsqlContext[0]&#xD;
      ksql execute: EXECUTE SQL=SHOW QUERIES;&#xD;
info: Kafka.Ksql.Linq.KsqlContext[0]&#xD;
      ksql execute: EXECUTE SQL=SHOW QUERIES;&#xD;
info: Kafka.Ksql.Linq.KsqlContext[0]&#xD;
      ksql execute: EXECUTE SQL=SHOW QUERIES;&#xD;
info: Kafka.Ksql.Linq.KsqlContext[0]&#xD;
      ksql execute: EXECUTE SQL=SHOW QUERIES;&#xD;
info: Kafka.Ksql.Linq.KsqlContext[0]&#xD;
      ksql execute: EXECUTE SQL=SHOW QUERIES;&#xD;
info: Kafka.Ksql.Linq.KsqlContext[0]&#xD;
      ksql execute: EXECUTE SQL=SHOW QUERIES;&#xD;
info: Kafka.Ksql.Linq.KsqlContext[0]&#xD;
      ksql execute: EXECUTE SQL=SHOW QUERIES;&#xD;
info: Kafka.Ksql.Linq.KsqlContext[0]&#xD;
      ksql execute: EXECUTE SQL=SHOW QUERIES;&#xD;
info: Kafka.Ksql.Linq.KsqlContext[0]&#xD;
      ksql execute: EXECUTE SQL=SHOW QUERIES;&#xD;
info: Kafka.Ksql.Linq.KsqlContext[0]&#xD;
      ksql execute: EXECUTE SQL=SHOW QUERIES;&#xD;
info: Kafka.Ksql.Linq.KsqlContext[0]&#xD;
      ksql execute: EXECUTE SQL=SHOW QUERIES;&#xD;
info: Streamiz.Kafka.Net.Processors.StreamThread[0]&#xD;
      Processed 0 total records, ran 0 punctuators and committed 0 total tasks since the last update&#xD;
info: Kafka.Ksql.Linq.KsqlContext[0]&#xD;
      ksql execute: EXECUTE SQL=SHOW QUERIES;&#xD;
info: Kafka.Ksql.Linq.KsqlContext[0]&#xD;
      ksql execute: EXECUTE SQL=SHOW QUERIES;&#xD;
info: Kafka.Ksql.Linq.KsqlContext[0]&#xD;
      ksql execute: EXECUTE SQL=SHOW QUERIES;&#xD;
info: Kafka.Ksql.Linq.KsqlContext[0]&#xD;
      ksql execute: EXECUTE SQL=SHOW QUERIES;&#xD;
info: Kafka.Ksql.Linq.KsqlContext[0]&#xD;
      ksql execute: EXECUTE SQL=SHOW QUERIES;&#xD;
info: Kafka.Ksql.Linq.KsqlContext[0]&#xD;
      ksql execute: EXECUTE SQL=SHOW QUERIES;&#xD;
info: Kafka.Ksql.Linq.KsqlContext[0]&#xD;
      ksql execute: EXECUTE SQL=SHOW QUERIES;&#xD;
info: Kafka.Ksql.Linq.KsqlContext[0]&#xD;
      ksql execute: EXECUTE SQL=SHOW QUERIES;&#xD;
info: Kafka.Ksql.Linq.KsqlContext[0]&#xD;
      ksql execute: EXECUTE SQL=SHOW QUERIES;&#xD;
info: Kafka.Ksql.Linq.KsqlContext[0]&#xD;
      ksql execute: EXECUTE SQL=SHOW QUERIES;&#xD;
info: Kafka.Ksql.Linq.KsqlContext[0]&#xD;
      ksql execute: EXECUTE SQL=SHOW QUERIES;&#xD;
info: Kafka.Ksql.Linq.KsqlContext[0]&#xD;
      ksql execute: EXECUTE SQL=SHOW QUERIES;&#xD;
info: Kafka.Ksql.Linq.KsqlContext[0]&#xD;
      ksql execute: EXECUTE SQL=SHOW QUERIES;&#xD;
info: Kafka.Ksql.Linq.KsqlContext[0]&#xD;
      ksql execute: EXECUTE SQL=SHOW QUERIES;&#xD;
info: Kafka.Ksql.Linq.KsqlContext[0]&#xD;
      ksql execute: EXECUTE SQL=SHOW QUERIES;&#xD;
info: Kafka.Ksql.Linq.KsqlContext[0]&#xD;
      ksql execute: EXECUTE SQL=SHOW QUERIES;&#xD;
info: Kafka.Ksql.Linq.KsqlContext[0]&#xD;
      ksql execute: EXECUTE SQL=SHOW QUERIES;&#xD;
info: Kafka.Ksql.Linq.KsqlContext[0]&#xD;
      ksql execute: EXECUTE SQL=SHOW QUERIES;&#xD;
info: Kafka.Ksql.Linq.KsqlContext[0]&#xD;
      ksql execute: EXECUTE SQL=SHOW QUERIES;&#xD;
info: Kafka.Ksql.Linq.KsqlContext[0]&#xD;
      ksql execute: EXECUTE SQL=SHOW QUERIES;&#xD;
info: Kafka.Ksql.Linq.KsqlContext[0]&#xD;
      ksql execute: EXECUTE SQL=SHOW QUERIES;&#xD;
info: Kafka.Ksql.Linq.KsqlContext[0]&#xD;
      ksql execute: EXECUTE SQL=SHOW QUERIES;&#xD;
info: Kafka.Ksql.Linq.KsqlContext[0]&#xD;
      ksql execute: EXECUTE SQL=SHOW QUERIES;&#xD;
info: Kafka.Ksql.Linq.KsqlContext[0]&#xD;
      ksql execute: EXECUTE SQL=SHOW QUERIES;&#xD;
warn: Kafka.Ksql.Linq.KsqlContext[0]&#xD;
      Derived query stabilization failed for Bar (attempt 2/3)&#xD;
      System.TimeoutException: CTAS/CSAS query for bar_tbimp_1s_final did not reach RUNNING within 180s&#xD;
         at Kafka.Ksql.Linq.KsqlContext.WaitForQueryRunningAsync(String targetEntityName, TimeSpan timeout)&#xD;
         at Kafka.Ksql.Linq.KsqlContext.WaitForDerivedQueriesRunningAsync(TimeSpan timeout)&#xD;
         at Kafka.Ksql.Linq.KsqlContext.&lt;&gt;c__DisplayClass95_0.&lt;&lt;EnsureQueryEntityDdlAsync&gt;g__EnsureDerivedQueryEntityDdlAsync|0&gt;d.MoveNext()&#xD;
info: Kafka.Ksql.Linq.KsqlContext[0]&#xD;
      KSQL DDL (derived bar_tbimp_1s_final): CREATE TABLE bar_tbimp_1s_final  WITH (KAFKA_TOPIC='bar_tbimp_1s_final', KEY_FORMAT='AVRO', VALUE_FORMAT='AVRO') AS&#xD;
      SELECT BROKER AS Broker, SYMBOL AS Symbol, WINDOWSTART AS BucketStart, EARLIEST_BY_OFFSET(Bid) AS Open, MAX(Bid) AS High, MIN(Bid) AS Low, LATEST_BY_OFFSET(Bid) AS Close&#xD;
      FROM TICKS_TBIMP o WINDOW TUMBLING (SIZE 1 SECONDS)&#xD;
      GROUP BY BROKER, SYMBOL&#xD;
      EMIT FINAL;&#xD;
info: Kafka.Ksql.Linq.KsqlContext[0]&#xD;
      ksql execute: EXECUTE SQL=CREATE TABLE bar_tbimp_1s_final  WITH (KAFKA_TOPIC='bar_tbimp_1s_final', KEY_FORMAT='AVRO', VALUE_FORMAT='AVRO') AS  SEL...&#xD;
info: Kafka.Ksql.Linq.KsqlContext[0]&#xD;
      KSQL DDL (derived bar_tbimp_1s_final_s): CREATE STREAM bar_tbimp_1s_final_s (BROKER VARCHAR KEY, SYMBOL VARCHAR KEY, BUCKETSTART TIMESTAMP KEY, OPEN DECIMAL(18, 2), HIGH DECIMAL(18, 2), LOW DECIMAL(18, 2), CLOSE DECIMAL(18, 2)) WITH (KAFKA_TOPIC='bar_tbimp_1s_final', KEY_FORMAT='AVRO', VALUE_FORMAT='AVRO', VALUE_AVRO_SCHEMA_FULL_NAME='bar_tbimp_ksql.bar_tbimp_1s_final_s_valueAvro', PARTITIONS=1, REPLICAS=1, RETENTION_MS=604800000);&#xD;
info: Kafka.Ksql.Linq.KsqlContext[0]&#xD;
      ksql execute: EXECUTE SQL=CREATE STREAM bar_tbimp_1s_final_s (BROKER VARCHAR KEY, SYMBOL VARCHAR KEY, BUCKETSTART TIMESTAMP KEY, OPEN DECIMAL(18, ...&#xD;
info: Kafka.Ksql.Linq.KsqlContext[0]&#xD;
      KSQL DDL (derived bar_tbimp_1m_live): CREATE TABLE bar_tbimp_1m_live  WITH (KAFKA_TOPIC='bar_tbimp_1m_live', KEY_FORMAT='AVRO', VALUE_FORMAT='AVRO') AS&#xD;
      SELECT BROKER AS Broker, SYMBOL AS Symbol, WINDOWSTART AS BucketStart, EARLIEST_BY_OFFSET(o.OPEN) AS Open, MAX(o.HIGH) AS High, MIN(o.LOW) AS Low, LATEST_BY_OFFSET(o.CLOSE) AS Close&#xD;
      FROM bar_tbimp_1s_final_s o WINDOW TUMBLING (SIZE 1 MINUTES, GRACE PERIOD 2 SECONDS)&#xD;
      GROUP BY BROKER, SYMBOL&#xD;
      EMIT CHANGES;&#xD;
info: Kafka.Ksql.Linq.KsqlContext[0]&#xD;
      ksql execute: EXECUTE SQL=CREATE TABLE bar_tbimp_1m_live  WITH (KAFKA_TOPIC='bar_tbimp_1m_live', KEY_FORMAT='AVRO', VALUE_FORMAT='AVRO') AS  SELEC...&#xD;
info: Kafka.Ksql.Linq.KsqlContext[0]&#xD;
      KSQL DDL (derived bar_tbimp_5m_live): CREATE TABLE bar_tbimp_5m_live  WITH (KAFKA_TOPIC='bar_tbimp_5m_live', KEY_FORMAT='AVRO', VALUE_FORMAT='AVRO') AS&#xD;
      SELECT BROKER AS Broker, SYMBOL AS Symbol, WINDOWSTART AS BucketStart, EARLIEST_BY_OFFSET(o.OPEN) AS Open, MAX(o.HIGH) AS High, MIN(o.LOW) AS Low, LATEST_BY_OFFSET(o.CLOSE) AS Close&#xD;
      FROM bar_tbimp_1s_final_s o WINDOW TUMBLING (SIZE 5 MINUTES, GRACE PERIOD 3 SECONDS)&#xD;
      GROUP BY BROKER, SYMBOL&#xD;
      EMIT CHANGES;&#xD;
info: Kafka.Ksql.Linq.KsqlContext[0]&#xD;
      ksql execute: EXECUTE SQL=CREATE TABLE bar_tbimp_5m_live  WITH (KAFKA_TOPIC='bar_tbimp_5m_live', KEY_FORMAT='AVRO', VALUE_FORMAT='AVRO') AS  SELEC...&#xD;
info: Kafka.Ksql.Linq.KsqlContext[0]&#xD;
      ksql execute: EXECUTE SQL=SHOW QUERIES;&#xD;
info: Kafka.Ksql.Linq.KsqlContext[0]&#xD;
      SHOW QUERIES output (attempt 1): [{"@type":"queries","statementText":"SHOW QUERIES;","queries":[{"queryString":"CREATE TABLE BAR_TBIMP_1M_LIVE WITH (CLEANUP_POLICY='compact,delete', KAFKA_TOPIC='bar_tbimp_1m_live', KEY_FORMAT='AVRO', PARTITIONS=1, REPLICAS=1, RETENTION_MS=604800000, VALUE_FORMAT='AVRO') AS SELECT\n  O.BROKER BROKER,\n  O.SYMBOL SYMBOL,\n  WINDOWSTART BUCKETSTART,\n  EARLIEST_BY_OFFSET(O.OPEN) OPEN,\n  MAX(O.HIGH) HIGH,\n  MIN(O.LOW) LOW,\n  LATEST_BY_OFFSET(O.CLOSE) CLOSE\nFROM BAR_TBIMP_1S_FINAL_S O\nWINDOW TUMBLING ( SIZE 1 MINUTES , GRACE PERIOD 2 SECONDS ) \nGROUP BY O.BROKER, O.SYMBOL\nEMIT CHANGES;","sinks":["BAR_TBIMP_1M_LIVE"],"sinkKafkaTopics":["bar_tbimp_1m_live"],"id":"CTAS_BAR_TBIMP_1M_LIVE_89","statusCount":{"RUNNING":1},"queryType":"PERSISTENT","state":"RUNNING"},{"queryString":"CREATE TABLE BAR_TBIMP_5M_LIVE WITH (CLEANUP_POLICY='compact,delete', KAFKA_TOPIC='bar_tbimp_5m_live', KEY_FORMAT='AVRO', PARTITIONS=1, REPLICAS=1, RETENTION_MS=604800000, VALUE_FORMAT='AVRO') AS SELECT\n  O.BROKER BROKER,\n  O.SYMBOL SYMBOL,\n  WINDOWSTART BUCKETSTART,\n  EARLIEST_BY_OFFSET(O.OPEN) OPEN,\n  MAX(O.HIGH) HIGH,\n  MIN(O.LOW) LOW,\n  LATEST_BY_OFFSET(O.CLOSE) CLOSE\nFROM BAR_TBIMP_1S_FINAL_S O\nWINDOW TUMBLING ( SIZE 5 MINUTES , GRACE PERIOD 3 SECONDS ) \nGROUP BY O.BROKER, O.SYMBOL\nEMIT CHANGES;","sinks":["BAR_TBIMP_5M_LIVE"],"sinkKafkaTopics":["bar_tbimp_5m_live"],"id":"CTAS_BAR_TBIMP_5M_LIVE_91","statusCount":{"RUNNING":1},"queryType":"PERSISTENT","state":"RUNNING"},{"queryString":"CREATE TABLE BAR_TBIMP_1S_FINAL WITH (CLEANUP_POLICY='compact,delete', KAFKA_TOPIC='bar_tbimp_1s_final', KEY_FORMAT='AVRO', PARTITIONS=1, REPLICAS=1, RETENTION_MS=604800000, VALUE_FORMAT='AVRO') AS SELECT\n  O.BROKER BROKER,\n  O.SYMBOL SYMBOL,\n  WINDOWSTART BUCKETSTART,\n  EARLIEST_BY_OFFSET(O.BID) OPEN,\n  MAX(O.BID) HIGH,\n  MIN(O.BID) LOW,\n  LATEST_BY_OFFSET(O.BID) CLOSE\nFROM TICKS_TBIMP O\nWINDOW TUMBLING ( SIZE 1 SECONDS ) \nGROUP BY O.BROKER, O.SYMBOL\nEMIT FINAL;","sinks":["BAR_TBIMP_1S_FINAL"],"sinkKafkaTopics":["bar_tbimp_1s_final"],"id":"CTAS_BAR_TBIMP_1S_FINAL_85","statusCount":{"RUNNING":1},"queryType":"PERSISTENT","state":"RUNNING"}],"warnings":[]}]&#xD;
warn: Kafka.Ksql.Linq.KsqlContext[0]&#xD;
      SHOW QUERIES attempt 1 did not contain a matching query for bar_tbimp_1s_final&#xD;
info: Kafka.Ksql.Linq.KsqlContext[0]&#xD;
      ksql execute: EXECUTE SQL=SHOW QUERIES;&#xD;
info: Kafka.Ksql.Linq.KsqlContext[0]&#xD;
      SHOW QUERIES output (attempt 2): [{"@type":"queries","statementText":"SHOW QUERIES;","queries":[{"queryString":"CREATE TABLE BAR_TBIMP_1M_LIVE WITH (CLEANUP_POLICY='compact,delete', KAFKA_TOPIC='bar_tbimp_1m_live', KEY_FORMAT='AVRO', PARTITIONS=1, REPLICAS=1, RETENTION_MS=604800000, VALUE_FORMAT='AVRO') AS SELECT\n  O.BROKER BROKER,\n  O.SYMBOL SYMBOL,\n  WINDOWSTART BUCKETSTART,\n  EARLIEST_BY_OFFSET(O.OPEN) OPEN,\n  MAX(O.HIGH) HIGH,\n  MIN(O.LOW) LOW,\n  LATEST_BY_OFFSET(O.CLOSE) CLOSE\nFROM BAR_TBIMP_1S_FINAL_S O\nWINDOW TUMBLING ( SIZE 1 MINUTES , GRACE PERIOD 2 SECONDS ) \nGROUP BY O.BROKER, O.SYMBOL\nEMIT CHANGES;","sinks":["BAR_TBIMP_1M_LIVE"],"sinkKafkaTopics":["bar_tbimp_1m_live"],"id":"CTAS_BAR_TBIMP_1M_LIVE_89","statusCount":{"RUNNING":1},"queryType":"PERSISTENT","state":"RUNNING"},{"queryString":"CREATE TABLE BAR_TBIMP_5M_LIVE WITH (CLEANUP_POLICY='compact,delete', KAFKA_TOPIC='bar_tbimp_5m_live', KEY_FORMAT='AVRO', PARTITIONS=1, REPLICAS=1, RETENTION_MS=604800000, VALUE_FORMAT='AVRO') AS SELECT\n  O.BROKER BROKER,\n  O.SYMBOL SYMBOL,\n  WINDOWSTART BUCKETSTART,\n  EARLIEST_BY_OFFSET(O.OPEN) OPEN,\n  MAX(O.HIGH) HIGH,\n  MIN(O.LOW) LOW,\n  LATEST_BY_OFFSET(O.CLOSE) CLOSE\nFROM BAR_TBIMP_1S_FINAL_S O\nWINDOW TUMBLING ( SIZE 5 MINUTES , GRACE PERIOD 3 SECONDS ) \nGROUP BY O.BROKER, O.SYMBOL\nEMIT CHANGES;","sinks":["BAR_TBIMP_5M_LIVE"],"sinkKafkaTopics":["bar_tbimp_5m_live"],"id":"CTAS_BAR_TBIMP_5M_LIVE_91","statusCount":{"RUNNING":1},"queryType":"PERSISTENT","state":"RUNNING"},{"queryString":"CREATE TABLE BAR_TBIMP_1S_FINAL WITH (CLEANUP_POLICY='compact,delete', KAFKA_TOPIC='bar_tbimp_1s_final', KEY_FORMAT='AVRO', PARTITIONS=1, REPLICAS=1, RETENTION_MS=604800000, VALUE_FORMAT='AVRO') AS SELECT\n  O.BROKER BROKER,\n  O.SYMBOL SYMBOL,\n  WINDOWSTART BUCKETSTART,\n  EARLIEST_BY_OFFSET(O.BID) OPEN,\n  MAX(O.BID) HIGH,\n  MIN(O.BID) LOW,\n  LATEST_BY_OFFSET(O.BID) CLOSE\nFROM TICKS_TBIMP O\nWINDOW TUMBLING ( SIZE 1 SECONDS ) \nGROUP BY O.BROKER, O.SYMBOL\nEMIT FINAL;","sinks":["BAR_TBIMP_1S_FINAL"],"sinkKafkaTopics":["bar_tbimp_1s_final"],"id":"CTAS_BAR_TBIMP_1S_FINAL_85","statusCount":{"RUNNING":1},"queryType":"PERSISTENT","state":"RUNNING"}],"warnings":[]}]&#xD;
warn: Kafka.Ksql.Linq.KsqlContext[0]&#xD;
      SHOW QUERIES attempt 2 did not contain a matching query for bar_tbimp_1s_final&#xD;
info: Kafka.Ksql.Linq.KsqlContext[0]&#xD;
      ksql execute: EXECUTE SQL=SHOW QUERIES;&#xD;
info: Kafka.Ksql.Linq.KsqlContext[0]&#xD;
      SHOW QUERIES output (attempt 3): [{"@type":"queries","statementText":"SHOW QUERIES;","queries":[{"queryString":"CREATE TABLE BAR_TBIMP_1M_LIVE WITH (CLEANUP_POLICY='compact,delete', KAFKA_TOPIC='bar_tbimp_1m_live', KEY_FORMAT='AVRO', PARTITIONS=1, REPLICAS=1, RETENTION_MS=604800000, VALUE_FORMAT='AVRO') AS SELECT\n  O.BROKER BROKER,\n  O.SYMBOL SYMBOL,\n  WINDOWSTART BUCKETSTART,\n  EARLIEST_BY_OFFSET(O.OPEN) OPEN,\n  MAX(O.HIGH) HIGH,\n  MIN(O.LOW) LOW,\n  LATEST_BY_OFFSET(O.CLOSE) CLOSE\nFROM BAR_TBIMP_1S_FINAL_S O\nWINDOW TUMBLING ( SIZE 1 MINUTES , GRACE PERIOD 2 SECONDS ) \nGROUP BY O.BROKER, O.SYMBOL\nEMIT CHANGES;","sinks":["BAR_TBIMP_1M_LIVE"],"sinkKafkaTopics":["bar_tbimp_1m_live"],"id":"CTAS_BAR_TBIMP_1M_LIVE_89","statusCount":{"RUNNING":1},"queryType":"PERSISTENT","state":"RUNNING"},{"queryString":"CREATE TABLE BAR_TBIMP_5M_LIVE WITH (CLEANUP_POLICY='compact,delete', KAFKA_TOPIC='bar_tbimp_5m_live', KEY_FORMAT='AVRO', PARTITIONS=1, REPLICAS=1, RETENTION_MS=604800000, VALUE_FORMAT='AVRO') AS SELECT\n  O.BROKER BROKER,\n  O.SYMBOL SYMBOL,\n  WINDOWSTART BUCKETSTART,\n  EARLIEST_BY_OFFSET(O.OPEN) OPEN,\n  MAX(O.HIGH) HIGH,\n  MIN(O.LOW) LOW,\n  LATEST_BY_OFFSET(O.CLOSE) CLOSE\nFROM BAR_TBIMP_1S_FINAL_S O\nWINDOW TUMBLING ( SIZE 5 MINUTES , GRACE PERIOD 3 SECONDS ) \nGROUP BY O.BROKER, O.SYMBOL\nEMIT CHANGES;","sinks":["BAR_TBIMP_5M_LIVE"],"sinkKafkaTopics":["bar_tbimp_5m_live"],"id":"CTAS_BAR_TBIMP_5M_LIVE_91","statusCount":{"RUNNING":1},"queryType":"PERSISTENT","state":"RUNNING"},{"queryString":"CREATE TABLE BAR_TBIMP_1S_FINAL WITH (CLEANUP_POLICY='compact,delete', KAFKA_TOPIC='bar_tbimp_1s_final', KEY_FORMAT='AVRO', PARTITIONS=1, REPLICAS=1, RETENTION_MS=604800000, VALUE_FORMAT='AVRO') AS SELECT\n  O.BROKER BROKER,\n  O.SYMBOL SYMBOL,\n  WINDOWSTART BUCKETSTART,\n  EARLIEST_BY_OFFSET(O.BID) OPEN,\n  MAX(O.BID) HIGH,\n  MIN(O.BID) LOW,\n  LATEST_BY_OFFSET(O.BID) CLOSE\nFROM TICKS_TBIMP O\nWINDOW TUMBLING ( SIZE 1 SECONDS ) \nGROUP BY O.BROKER, O.SYMBOL\nEMIT FINAL;","sinks":["BAR_TBIMP_1S_FINAL"],"sinkKafkaTopics":["bar_tbimp_1s_final"],"id":"CTAS_BAR_TBIMP_1S_FINAL_85","statusCount":{"RUNNING":1},"queryType":"PERSISTENT","state":"RUNNING"}],"warnings":[]}]&#xD;
warn: Kafka.Ksql.Linq.KsqlContext[0]&#xD;
      SHOW QUERIES attempt 3 did not contain a matching query for bar_tbimp_1s_final&#xD;
info: Kafka.Ksql.Linq.KsqlContext[0]&#xD;
      ksql execute: EXECUTE SQL=SHOW QUERIES;&#xD;
info: Kafka.Ksql.Linq.KsqlContext[0]&#xD;
      SHOW QUERIES output (attempt 4): [{"@type":"queries","statementText":"SHOW QUERIES;","queries":[{"queryString":"CREATE TABLE BAR_TBIMP_1M_LIVE WITH (CLEANUP_POLICY='compact,delete', KAFKA_TOPIC='bar_tbimp_1m_live', KEY_FORMAT='AVRO', PARTITIONS=1, REPLICAS=1, RETENTION_MS=604800000, VALUE_FORMAT='AVRO') AS SELECT\n  O.BROKER BROKER,\n  O.SYMBOL SYMBOL,\n  WINDOWSTART BUCKETSTART,\n  EARLIEST_BY_OFFSET(O.OPEN) OPEN,\n  MAX(O.HIGH) HIGH,\n  MIN(O.LOW) LOW,\n  LATEST_BY_OFFSET(O.CLOSE) CLOSE\nFROM BAR_TBIMP_1S_FINAL_S O\nWINDOW TUMBLING ( SIZE 1 MINUTES , GRACE PERIOD 2 SECONDS ) \nGROUP BY O.BROKER, O.SYMBOL\nEMIT CHANGES;","sinks":["BAR_TBIMP_1M_LIVE"],"sinkKafkaTopics":["bar_tbimp_1m_live"],"id":"CTAS_BAR_TBIMP_1M_LIVE_89","statusCount":{"RUNNING":1},"queryType":"PERSISTENT","state":"RUNNING"},{"queryString":"CREATE TABLE BAR_TBIMP_5M_LIVE WITH (CLEANUP_POLICY='compact,delete', KAFKA_TOPIC='bar_tbimp_5m_live', KEY_FORMAT='AVRO', PARTITIONS=1, REPLICAS=1, RETENTION_MS=604800000, VALUE_FORMAT='AVRO') AS SELECT\n  O.BROKER BROKER,\n  O.SYMBOL SYMBOL,\n  WINDOWSTART BUCKETSTART,\n  EARLIEST_BY_OFFSET(O.OPEN) OPEN,\n  MAX(O.HIGH) HIGH,\n  MIN(O.LOW) LOW,\n  LATEST_BY_OFFSET(O.CLOSE) CLOSE\nFROM BAR_TBIMP_1S_FINAL_S O\nWINDOW TUMBLING ( SIZE 5 MINUTES , GRACE PERIOD 3 SECONDS ) \nGROUP BY O.BROKER, O.SYMBOL\nEMIT CHANGES;","sinks":["BAR_TBIMP_5M_LIVE"],"sinkKafkaTopics":["bar_tbimp_5m_live"],"id":"CTAS_BAR_TBIMP_5M_LIVE_91","statusCount":{"RUNNING":1},"queryType":"PERSISTENT","state":"RUNNING"},{"queryString":"CREATE TABLE BAR_TBIMP_1S_FINAL WITH (CLEANUP_POLICY='compact,delete', KAFKA_TOPIC='bar_tbimp_1s_final', KEY_FORMAT='AVRO', PARTITIONS=1, REPLICAS=1, RETENTION_MS=604800000, VALUE_FORMAT='AVRO') AS SELECT\n  O.BROKER BROKER,\n  O.SYMBOL SYMBOL,\n  WINDOWSTART BUCKETSTART,\n  EARLIEST_BY_OFFSET(O.BID) OPEN,\n  MAX(O.BID) HIGH,\n  MIN(O.BID) LOW,\n  LATEST_BY_OFFSET(O.BID) CLOSE\nFROM TICKS_TBIMP O\nWINDOW TUMBLING ( SIZE 1 SECONDS ) \nGROUP BY O.BROKER, O.SYMBOL\nEMIT FINAL;","sinks":["BAR_TBIMP_1S_FINAL"],"sinkKafkaTopics":["bar_tbimp_1s_final"],"id":"CTAS_BAR_TBIMP_1S_FINAL_85","statusCount":{"RUNNING":1},"queryType":"PERSISTENT","state":"RUNNING"}],"warnings":[]}]&#xD;
warn: Kafka.Ksql.Linq.KsqlContext[0]&#xD;
      SHOW QUERIES attempt 4 did not contain a matching query for bar_tbimp_1s_final&#xD;
info: Kafka.Ksql.Linq.KsqlContext[0]&#xD;
      ksql execute: EXECUTE SQL=SHOW QUERIES;&#xD;
info: Kafka.Ksql.Linq.KsqlContext[0]&#xD;
      SHOW QUERIES output (attempt 5): [{"@type":"queries","statementText":"SHOW QUERIES;","queries":[{"queryString":"CREATE TABLE BAR_TBIMP_1M_LIVE WITH (CLEANUP_POLICY='compact,delete', KAFKA_TOPIC='bar_tbimp_1m_live', KEY_FORMAT='AVRO', PARTITIONS=1, REPLICAS=1, RETENTION_MS=604800000, VALUE_FORMAT='AVRO') AS SELECT\n  O.BROKER BROKER,\n  O.SYMBOL SYMBOL,\n  WINDOWSTART BUCKETSTART,\n  EARLIEST_BY_OFFSET(O.OPEN) OPEN,\n  MAX(O.HIGH) HIGH,\n  MIN(O.LOW) LOW,\n  LATEST_BY_OFFSET(O.CLOSE) CLOSE\nFROM BAR_TBIMP_1S_FINAL_S O\nWINDOW TUMBLING ( SIZE 1 MINUTES , GRACE PERIOD 2 SECONDS ) \nGROUP BY O.BROKER, O.SYMBOL\nEMIT CHANGES;","sinks":["BAR_TBIMP_1M_LIVE"],"sinkKafkaTopics":["bar_tbimp_1m_live"],"id":"CTAS_BAR_TBIMP_1M_LIVE_89","statusCount":{"RUNNING":1},"queryType":"PERSISTENT","state":"RUNNING"},{"queryString":"CREATE TABLE BAR_TBIMP_5M_LIVE WITH (CLEANUP_POLICY='compact,delete', KAFKA_TOPIC='bar_tbimp_5m_live', KEY_FORMAT='AVRO', PARTITIONS=1, REPLICAS=1, RETENTION_MS=604800000, VALUE_FORMAT='AVRO') AS SELECT\n  O.BROKER BROKER,\n  O.SYMBOL SYMBOL,\n  WINDOWSTART BUCKETSTART,\n  EARLIEST_BY_OFFSET(O.OPEN) OPEN,\n  MAX(O.HIGH) HIGH,\n  MIN(O.LOW) LOW,\n  LATEST_BY_OFFSET(O.CLOSE) CLOSE\nFROM BAR_TBIMP_1S_FINAL_S O\nWINDOW TUMBLING ( SIZE 5 MINUTES , GRACE PERIOD 3 SECONDS ) \nGROUP BY O.BROKER, O.SYMBOL\nEMIT CHANGES;","sinks":["BAR_TBIMP_5M_LIVE"],"sinkKafkaTopics":["bar_tbimp_5m_live"],"id":"CTAS_BAR_TBIMP_5M_LIVE_91","statusCount":{"RUNNING":1},"queryType":"PERSISTENT","state":"RUNNING"},{"queryString":"CREATE TABLE BAR_TBIMP_1S_FINAL WITH (CLEANUP_POLICY='compact,delete', KAFKA_TOPIC='bar_tbimp_1s_final', KEY_FORMAT='AVRO', PARTITIONS=1, REPLICAS=1, RETENTION_MS=604800000, VALUE_FORMAT='AVRO') AS SELECT\n  O.BROKER BROKER,\n  O.SYMBOL SYMBOL,\n  WINDOWSTART BUCKETSTART,\n  EARLIEST_BY_OFFSET(O.BID) OPEN,\n  MAX(O.BID) HIGH,\n  MIN(O.BID) LOW,\n  LATEST_BY_OFFSET(O.BID) CLOSE\nFROM TICKS_TBIMP O\nWINDOW TUMBLING ( SIZE 1 SECONDS ) \nGROUP BY O.BROKER, O.SYMBOL\nEMIT FINAL;","sinks":["BAR_TBIMP_1S_FINAL"],"sinkKafkaTopics":["bar_tbimp_1s_final"],"id":"CTAS_BAR_TBIMP_1S_FINAL_85","statusCount":{"RUNNING":1},"queryType":"PERSISTENT","state":"RUNNING"}],"warnings":[]}]&#xD;
warn: Kafka.Ksql.Linq.KsqlContext[0]&#xD;
      SHOW QUERIES attempt 5 did not contain a matching query for bar_tbimp_1s_final&#xD;
warn: Kafka.Ksql.Linq.KsqlContext[0]&#xD;
      Unable to locate queryId for bar_tbimp_1s_final after 5 attempts&#xD;
warn: Kafka.Ksql.Linq.KsqlContext[0]&#xD;
      Could not locate queryId via SHOW QUERIES for derived statement targeting bar_tbimp_1s_final: CREATE TABLE bar_tbimp_1s_final  WITH (KAFKA_TOPIC='bar_tbimp_1s_final', KEY_FORMAT='AVRO', VALUE_FORMAT='AVRO') AS&#xD;
      SELECT BROKER AS Broker, SYMBOL AS Symbol, WINDOWSTART AS BucketStart, EARLIEST_BY_OFFSET(Bid) AS Open, MAX(Bid) AS High, MIN(Bid) AS Low, LATEST_BY_OFFSET(Bid) AS Close&#xD;
      FROM TICKS_TBIMP o WINDOW TUMBLING (SIZE 1 SECONDS)&#xD;
      GROUP BY BROKER, SYMBOL&#xD;
      EMIT FINAL;&#xD;
info: Kafka.Ksql.Linq.KsqlContext[0]&#xD;
      ksql execute: EXECUTE SQL=SHOW QUERIES;&#xD;
info: Kafka.Ksql.Linq.KsqlContext[0]&#xD;
      SHOW QUERIES output (attempt 1): [{"@type":"queries","statementText":"SHOW QUERIES;","queries":[{"queryString":"CREATE TABLE BAR_TBIMP_1M_LIVE WITH (CLEANUP_POLICY='compact,delete', KAFKA_TOPIC='bar_tbimp_1m_live', KEY_FORMAT='AVRO', PARTITIONS=1, REPLICAS=1, RETENTION_MS=604800000, VALUE_FORMAT='AVRO') AS SELECT\n  O.BROKER BROKER,\n  O.SYMBOL SYMBOL,\n  WINDOWSTART BUCKETSTART,\n  EARLIEST_BY_OFFSET(O.OPEN) OPEN,\n  MAX(O.HIGH) HIGH,\n  MIN(O.LOW) LOW,\n  LATEST_BY_OFFSET(O.CLOSE) CLOSE\nFROM BAR_TBIMP_1S_FINAL_S O\nWINDOW TUMBLING ( SIZE 1 MINUTES , GRACE PERIOD 2 SECONDS ) \nGROUP BY O.BROKER, O.SYMBOL\nEMIT CHANGES;","sinks":["BAR_TBIMP_1M_LIVE"],"sinkKafkaTopics":["bar_tbimp_1m_live"],"id":"CTAS_BAR_TBIMP_1M_LIVE_89","statusCount":{"RUNNING":1},"queryType":"PERSISTENT","state":"RUNNING"},{"queryString":"CREATE TABLE BAR_TBIMP_5M_LIVE WITH (CLEANUP_POLICY='compact,delete', KAFKA_TOPIC='bar_tbimp_5m_live', KEY_FORMAT='AVRO', PARTITIONS=1, REPLICAS=1, RETENTION_MS=604800000, VALUE_FORMAT='AVRO') AS SELECT\n  O.BROKER BROKER,\n  O.SYMBOL SYMBOL,\n  WINDOWSTART BUCKETSTART,\n  EARLIEST_BY_OFFSET(O.OPEN) OPEN,\n  MAX(O.HIGH) HIGH,\n  MIN(O.LOW) LOW,\n  LATEST_BY_OFFSET(O.CLOSE) CLOSE\nFROM BAR_TBIMP_1S_FINAL_S O\nWINDOW TUMBLING ( SIZE 5 MINUTES , GRACE PERIOD 3 SECONDS ) \nGROUP BY O.BROKER, O.SYMBOL\nEMIT CHANGES;","sinks":["BAR_TBIMP_5M_LIVE"],"sinkKafkaTopics":["bar_tbimp_5m_live"],"id":"CTAS_BAR_TBIMP_5M_LIVE_91","statusCount":{"RUNNING":1},"queryType":"PERSISTENT","state":"RUNNING"},{"queryString":"CREATE TABLE BAR_TBIMP_1S_FINAL WITH (CLEANUP_POLICY='compact,delete', KAFKA_TOPIC='bar_tbimp_1s_final', KEY_FORMAT='AVRO', PARTITIONS=1, REPLICAS=1, RETENTION_MS=604800000, VALUE_FORMAT='AVRO') AS SELECT\n  O.BROKER BROKER,\n  O.SYMBOL SYMBOL,\n  WINDOWSTART BUCKETSTART,\n  EARLIEST_BY_OFFSET(O.BID) OPEN,\n  MAX(O.BID) HIGH,\n  MIN(O.BID) LOW,\n  LATEST_BY_OFFSET(O.BID) CLOSE\nFROM TICKS_TBIMP O\nWINDOW TUMBLING ( SIZE 1 SECONDS ) \nGROUP BY O.BROKER, O.SYMBOL\nEMIT FINAL;","sinks":["BAR_TBIMP_1S_FINAL"],"sinkKafkaTopics":["bar_tbimp_1s_final"],"id":"CTAS_BAR_TBIMP_1S_FINAL_85","statusCount":{"RUNNING":1},"queryType":"PERSISTENT","state":"RUNNING"}],"warnings":[]}]&#xD;
warn: Kafka.Ksql.Linq.KsqlContext[0]&#xD;
      SHOW QUERIES attempt 1 did not contain a matching query for bar_tbimp_1m_live&#xD;
info: Streamiz.Kafka.Net.Processors.StreamThread[0]&#xD;
      Processed 0 total records, ran 0 punctuators and committed 0 total tasks since the last update&#xD;
info: Kafka.Ksql.Linq.KsqlContext[0]&#xD;
      ksql execute: EXECUTE SQL=SHOW QUERIES;&#xD;
info: Kafka.Ksql.Linq.KsqlContext[0]&#xD;
      SHOW QUERIES output (attempt 2): [{"@type":"queries","statementText":"SHOW QUERIES;","queries":[{"queryString":"CREATE TABLE BAR_TBIMP_1M_LIVE WITH (CLEANUP_POLICY='compact,delete', KAFKA_TOPIC='bar_tbimp_1m_live', KEY_FORMAT='AVRO', PARTITIONS=1, REPLICAS=1, RETENTION_MS=604800000, VALUE_FORMAT='AVRO') AS SELECT\n  O.BROKER BROKER,\n  O.SYMBOL SYMBOL,\n  WINDOWSTART BUCKETSTART,\n  EARLIEST_BY_OFFSET(O.OPEN) OPEN,\n  MAX(O.HIGH) HIGH,\n  MIN(O.LOW) LOW,\n  LATEST_BY_OFFSET(O.CLOSE) CLOSE\nFROM BAR_TBIMP_1S_FINAL_S O\nWINDOW TUMBLING ( SIZE 1 MINUTES , GRACE PERIOD 2 SECONDS ) \nGROUP BY O.BROKER, O.SYMBOL\nEMIT CHANGES;","sinks":["BAR_TBIMP_1M_LIVE"],"sinkKafkaTopics":["bar_tbimp_1m_live"],"id":"CTAS_BAR_TBIMP_1M_LIVE_89","statusCount":{"RUNNING":1},"queryType":"PERSISTENT","state":"RUNNING"},{"queryString":"CREATE TABLE BAR_TBIMP_5M_LIVE WITH (CLEANUP_POLICY='compact,delete', KAFKA_TOPIC='bar_tbimp_5m_live', KEY_FORMAT='AVRO', PARTITIONS=1, REPLICAS=1, RETENTION_MS=604800000, VALUE_FORMAT='AVRO') AS SELECT\n  O.BROKER BROKER,\n  O.SYMBOL SYMBOL,\n  WINDOWSTART BUCKETSTART,\n  EARLIEST_BY_OFFSET(O.OPEN) OPEN,\n  MAX(O.HIGH) HIGH,\n  MIN(O.LOW) LOW,\n  LATEST_BY_OFFSET(O.CLOSE) CLOSE\nFROM BAR_TBIMP_1S_FINAL_S O\nWINDOW TUMBLING ( SIZE 5 MINUTES , GRACE PERIOD 3 SECONDS ) \nGROUP BY O.BROKER, O.SYMBOL\nEMIT CHANGES;","sinks":["BAR_TBIMP_5M_LIVE"],"sinkKafkaTopics":["bar_tbimp_5m_live"],"id":"CTAS_BAR_TBIMP_5M_LIVE_91","statusCount":{"RUNNING":1},"queryType":"PERSISTENT","state":"RUNNING"},{"queryString":"CREATE TABLE BAR_TBIMP_1S_FINAL WITH (CLEANUP_POLICY='compact,delete', KAFKA_TOPIC='bar_tbimp_1s_final', KEY_FORMAT='AVRO', PARTITIONS=1, REPLICAS=1, RETENTION_MS=604800000, VALUE_FORMAT='AVRO') AS SELECT\n  O.BROKER BROKER,\n  O.SYMBOL SYMBOL,\n  WINDOWSTART BUCKETSTART,\n  EARLIEST_BY_OFFSET(O.BID) OPEN,\n  MAX(O.BID) HIGH,\n  MIN(O.BID) LOW,\n  LATEST_BY_OFFSET(O.BID) CLOSE\nFROM TICKS_TBIMP O\nWINDOW TUMBLING ( SIZE 1 SECONDS ) \nGROUP BY O.BROKER, O.SYMBOL\nEMIT FINAL;","sinks":["BAR_TBIMP_1S_FINAL"],"sinkKafkaTopics":["bar_tbimp_1s_final"],"id":"CTAS_BAR_TBIMP_1S_FINAL_85","statusCount":{"RUNNING":1},"queryType":"PERSISTENT","state":"RUNNING"}],"warnings":[]}]&#xD;
warn: Kafka.Ksql.Linq.KsqlContext[0]&#xD;
      SHOW QUERIES attempt 2 did not contain a matching query for bar_tbimp_1m_live&#xD;
info: Kafka.Ksql.Linq.KsqlContext[0]&#xD;
      ksql execute: EXECUTE SQL=SHOW QUERIES;&#xD;
info: Kafka.Ksql.Linq.KsqlContext[0]&#xD;
      SHOW QUERIES output (attempt 3): [{"@type":"queries","statementText":"SHOW QUERIES;","queries":[{"queryString":"CREATE TABLE BAR_TBIMP_1M_LIVE WITH (CLEANUP_POLICY='compact,delete', KAFKA_TOPIC='bar_tbimp_1m_live', KEY_FORMAT='AVRO', PARTITIONS=1, REPLICAS=1, RETENTION_MS=604800000, VALUE_FORMAT='AVRO') AS SELECT\n  O.BROKER BROKER,\n  O.SYMBOL SYMBOL,\n  WINDOWSTART BUCKETSTART,\n  EARLIEST_BY_OFFSET(O.OPEN) OPEN,\n  MAX(O.HIGH) HIGH,\n  MIN(O.LOW) LOW,\n  LATEST_BY_OFFSET(O.CLOSE) CLOSE\nFROM BAR_TBIMP_1S_FINAL_S O\nWINDOW TUMBLING ( SIZE 1 MINUTES , GRACE PERIOD 2 SECONDS ) \nGROUP BY O.BROKER, O.SYMBOL\nEMIT CHANGES;","sinks":["BAR_TBIMP_1M_LIVE"],"sinkKafkaTopics":["bar_tbimp_1m_live"],"id":"CTAS_BAR_TBIMP_1M_LIVE_89","statusCount":{"RUNNING":1},"queryType":"PERSISTENT","state":"RUNNING"},{"queryString":"CREATE TABLE BAR_TBIMP_5M_LIVE WITH (CLEANUP_POLICY='compact,delete', KAFKA_TOPIC='bar_tbimp_5m_live', KEY_FORMAT='AVRO', PARTITIONS=1, REPLICAS=1, RETENTION_MS=604800000, VALUE_FORMAT='AVRO') AS SELECT\n  O.BROKER BROKER,\n  O.SYMBOL SYMBOL,\n  WINDOWSTART BUCKETSTART,\n  EARLIEST_BY_OFFSET(O.OPEN) OPEN,\n  MAX(O.HIGH) HIGH,\n  MIN(O.LOW) LOW,\n  LATEST_BY_OFFSET(O.CLOSE) CLOSE\nFROM BAR_TBIMP_1S_FINAL_S O\nWINDOW TUMBLING ( SIZE 5 MINUTES , GRACE PERIOD 3 SECONDS ) \nGROUP BY O.BROKER, O.SYMBOL\nEMIT CHANGES;","sinks":["BAR_TBIMP_5M_LIVE"],"sinkKafkaTopics":["bar_tbimp_5m_live"],"id":"CTAS_BAR_TBIMP_5M_LIVE_91","statusCount":{"RUNNING":1},"queryType":"PERSISTENT","state":"RUNNING"},{"queryString":"CREATE TABLE BAR_TBIMP_1S_FINAL WITH (CLEANUP_POLICY='compact,delete', KAFKA_TOPIC='bar_tbimp_1s_final', KEY_FORMAT='AVRO', PARTITIONS=1, REPLICAS=1, RETENTION_MS=604800000, VALUE_FORMAT='AVRO') AS SELECT\n  O.BROKER BROKER,\n  O.SYMBOL SYMBOL,\n  WINDOWSTART BUCKETSTART,\n  EARLIEST_BY_OFFSET(O.BID) OPEN,\n  MAX(O.BID) HIGH,\n  MIN(O.BID) LOW,\n  LATEST_BY_OFFSET(O.BID) CLOSE\nFROM TICKS_TBIMP O\nWINDOW TUMBLING ( SIZE 1 SECONDS ) \nGROUP BY O.BROKER, O.SYMBOL\nEMIT FINAL;","sinks":["BAR_TBIMP_1S_FINAL"],"sinkKafkaTopics":["bar_tbimp_1s_final"],"id":"CTAS_BAR_TBIMP_1S_FINAL_85","statusCount":{"RUNNING":1},"queryType":"PERSISTENT","state":"RUNNING"}],"warnings":[]}]&#xD;
warn: Kafka.Ksql.Linq.KsqlContext[0]&#xD;
      SHOW QUERIES attempt 3 did not contain a matching query for bar_tbimp_1m_live&#xD;
info: Kafka.Ksql.Linq.KsqlContext[0]&#xD;
      ksql execute: EXECUTE SQL=SHOW QUERIES;&#xD;
info: Kafka.Ksql.Linq.KsqlContext[0]&#xD;
      SHOW QUERIES output (attempt 4): [{"@type":"queries","statementText":"SHOW QUERIES;","queries":[{"queryString":"CREATE TABLE BAR_TBIMP_1M_LIVE WITH (CLEANUP_POLICY='compact,delete', KAFKA_TOPIC='bar_tbimp_1m_live', KEY_FORMAT='AVRO', PARTITIONS=1, REPLICAS=1, RETENTION_MS=604800000, VALUE_FORMAT='AVRO') AS SELECT\n  O.BROKER BROKER,\n  O.SYMBOL SYMBOL,\n  WINDOWSTART BUCKETSTART,\n  EARLIEST_BY_OFFSET(O.OPEN) OPEN,\n  MAX(O.HIGH) HIGH,\n  MIN(O.LOW) LOW,\n  LATEST_BY_OFFSET(O.CLOSE) CLOSE\nFROM BAR_TBIMP_1S_FINAL_S O\nWINDOW TUMBLING ( SIZE 1 MINUTES , GRACE PERIOD 2 SECONDS ) \nGROUP BY O.BROKER, O.SYMBOL\nEMIT CHANGES;","sinks":["BAR_TBIMP_1M_LIVE"],"sinkKafkaTopics":["bar_tbimp_1m_live"],"id":"CTAS_BAR_TBIMP_1M_LIVE_89","statusCount":{"RUNNING":1},"queryType":"PERSISTENT","state":"RUNNING"},{"queryString":"CREATE TABLE BAR_TBIMP_5M_LIVE WITH (CLEANUP_POLICY='compact,delete', KAFKA_TOPIC='bar_tbimp_5m_live', KEY_FORMAT='AVRO', PARTITIONS=1, REPLICAS=1, RETENTION_MS=604800000, VALUE_FORMAT='AVRO') AS SELECT\n  O.BROKER BROKER,\n  O.SYMBOL SYMBOL,\n  WINDOWSTART BUCKETSTART,\n  EARLIEST_BY_OFFSET(O.OPEN) OPEN,\n  MAX(O.HIGH) HIGH,\n  MIN(O.LOW) LOW,\n  LATEST_BY_OFFSET(O.CLOSE) CLOSE\nFROM BAR_TBIMP_1S_FINAL_S O\nWINDOW TUMBLING ( SIZE 5 MINUTES , GRACE PERIOD 3 SECONDS ) \nGROUP BY O.BROKER, O.SYMBOL\nEMIT CHANGES;","sinks":["BAR_TBIMP_5M_LIVE"],"sinkKafkaTopics":["bar_tbimp_5m_live"],"id":"CTAS_BAR_TBIMP_5M_LIVE_91","statusCount":{"RUNNING":1},"queryType":"PERSISTENT","state":"RUNNING"},{"queryString":"CREATE TABLE BAR_TBIMP_1S_FINAL WITH (CLEANUP_POLICY='compact,delete', KAFKA_TOPIC='bar_tbimp_1s_final', KEY_FORMAT='AVRO', PARTITIONS=1, REPLICAS=1, RETENTION_MS=604800000, VALUE_FORMAT='AVRO') AS SELECT\n  O.BROKER BROKER,\n  O.SYMBOL SYMBOL,\n  WINDOWSTART BUCKETSTART,\n  EARLIEST_BY_OFFSET(O.BID) OPEN,\n  MAX(O.BID) HIGH,\n  MIN(O.BID) LOW,\n  LATEST_BY_OFFSET(O.BID) CLOSE\nFROM TICKS_TBIMP O\nWINDOW TUMBLING ( SIZE 1 SECONDS ) \nGROUP BY O.BROKER, O.SYMBOL\nEMIT FINAL;","sinks":["BAR_TBIMP_1S_FINAL"],"sinkKafkaTopics":["bar_tbimp_1s_final"],"id":"CTAS_BAR_TBIMP_1S_FINAL_85","statusCount":{"RUNNING":1},"queryType":"PERSISTENT","state":"RUNNING"}],"warnings":[]}]&#xD;
warn: Kafka.Ksql.Linq.KsqlContext[0]&#xD;
      SHOW QUERIES attempt 4 did not contain a matching query for bar_tbimp_1m_live&#xD;
info: Kafka.Ksql.Linq.KsqlContext[0]&#xD;
      ksql execute: EXECUTE SQL=SHOW QUERIES;&#xD;
info: Kafka.Ksql.Linq.KsqlContext[0]&#xD;
      SHOW QUERIES output (attempt 5): [{"@type":"queries","statementText":"SHOW QUERIES;","queries":[{"queryString":"CREATE TABLE BAR_TBIMP_1M_LIVE WITH (CLEANUP_POLICY='compact,delete', KAFKA_TOPIC='bar_tbimp_1m_live', KEY_FORMAT='AVRO', PARTITIONS=1, REPLICAS=1, RETENTION_MS=604800000, VALUE_FORMAT='AVRO') AS SELECT\n  O.BROKER BROKER,\n  O.SYMBOL SYMBOL,\n  WINDOWSTART BUCKETSTART,\n  EARLIEST_BY_OFFSET(O.OPEN) OPEN,\n  MAX(O.HIGH) HIGH,\n  MIN(O.LOW) LOW,\n  LATEST_BY_OFFSET(O.CLOSE) CLOSE\nFROM BAR_TBIMP_1S_FINAL_S O\nWINDOW TUMBLING ( SIZE 1 MINUTES , GRACE PERIOD 2 SECONDS ) \nGROUP BY O.BROKER, O.SYMBOL\nEMIT CHANGES;","sinks":["BAR_TBIMP_1M_LIVE"],"sinkKafkaTopics":["bar_tbimp_1m_live"],"id":"CTAS_BAR_TBIMP_1M_LIVE_89","statusCount":{"RUNNING":1},"queryType":"PERSISTENT","state":"RUNNING"},{"queryString":"CREATE TABLE BAR_TBIMP_5M_LIVE WITH (CLEANUP_POLICY='compact,delete', KAFKA_TOPIC='bar_tbimp_5m_live', KEY_FORMAT='AVRO', PARTITIONS=1, REPLICAS=1, RETENTION_MS=604800000, VALUE_FORMAT='AVRO') AS SELECT\n  O.BROKER BROKER,\n  O.SYMBOL SYMBOL,\n  WINDOWSTART BUCKETSTART,\n  EARLIEST_BY_OFFSET(O.OPEN) OPEN,\n  MAX(O.HIGH) HIGH,\n  MIN(O.LOW) LOW,\n  LATEST_BY_OFFSET(O.CLOSE) CLOSE\nFROM BAR_TBIMP_1S_FINAL_S O\nWINDOW TUMBLING ( SIZE 5 MINUTES , GRACE PERIOD 3 SECONDS ) \nGROUP BY O.BROKER, O.SYMBOL\nEMIT CHANGES;","sinks":["BAR_TBIMP_5M_LIVE"],"sinkKafkaTopics":["bar_tbimp_5m_live"],"id":"CTAS_BAR_TBIMP_5M_LIVE_91","statusCount":{"RUNNING":1},"queryType":"PERSISTENT","state":"RUNNING"},{"queryString":"CREATE TABLE BAR_TBIMP_1S_FINAL WITH (CLEANUP_POLICY='compact,delete', KAFKA_TOPIC='bar_tbimp_1s_final', KEY_FORMAT='AVRO', PARTITIONS=1, REPLICAS=1, RETENTION_MS=604800000, VALUE_FORMAT='AVRO') AS SELECT\n  O.BROKER BROKER,\n  O.SYMBOL SYMBOL,\n  WINDOWSTART BUCKETSTART,\n  EARLIEST_BY_OFFSET(O.BID) OPEN,\n  MAX(O.BID) HIGH,\n  MIN(O.BID) LOW,\n  LATEST_BY_OFFSET(O.BID) CLOSE\nFROM TICKS_TBIMP O\nWINDOW TUMBLING ( SIZE 1 SECONDS ) \nGROUP BY O.BROKER, O.SYMBOL\nEMIT FINAL;","sinks":["BAR_TBIMP_1S_FINAL"],"sinkKafkaTopics":["bar_tbimp_1s_final"],"id":"CTAS_BAR_TBIMP_1S_FINAL_85","statusCount":{"RUNNING":1},"queryType":"PERSISTENT","state":"RUNNING"}],"warnings":[]}]&#xD;
warn: Kafka.Ksql.Linq.KsqlContext[0]&#xD;
      SHOW QUERIES attempt 5 did not contain a matching query for bar_tbimp_1m_live&#xD;
warn: Kafka.Ksql.Linq.KsqlContext[0]&#xD;
      Unable to locate queryId for bar_tbimp_1m_live after 5 attempts&#xD;
warn: Kafka.Ksql.Linq.KsqlContext[0]&#xD;
      Could not locate queryId via SHOW QUERIES for derived statement targeting bar_tbimp_1m_live: CREATE TABLE bar_tbimp_1m_live  WITH (KAFKA_TOPIC='bar_tbimp_1m_live', KEY_FORMAT='AVRO', VALUE_FORMAT='AVRO') AS&#xD;
      SELECT BROKER AS Broker, SYMBOL AS Symbol, WINDOWSTART AS BucketStart, EARLIEST_BY_OFFSET(o.OPEN) AS Open, MAX(o.HIGH) AS High, MIN(o.LOW) AS Low, LATEST_BY_OFFSET(o.CLOSE) AS Close&#xD;
      FROM bar_tbimp_1s_final_s o WINDOW TUMBLING (SIZE 1 MINUTES, GRACE PERIOD 2 SECONDS)&#xD;
      GROUP BY BROKER, SYMBOL&#xD;
      EMIT CHANGES;&#xD;
info: Kafka.Ksql.Linq.KsqlContext[0]&#xD;
      ksql execute: EXECUTE SQL=SHOW QUERIES;&#xD;
info: Kafka.Ksql.Linq.KsqlContext[0]&#xD;
      SHOW QUERIES output (attempt 1): [{"@type":"queries","statementText":"SHOW QUERIES;","queries":[{"queryString":"CREATE TABLE BAR_TBIMP_1M_LIVE WITH (CLEANUP_POLICY='compact,delete', KAFKA_TOPIC='bar_tbimp_1m_live', KEY_FORMAT='AVRO', PARTITIONS=1, REPLICAS=1, RETENTION_MS=604800000, VALUE_FORMAT='AVRO') AS SELECT\n  O.BROKER BROKER,\n  O.SYMBOL SYMBOL,\n  WINDOWSTART BUCKETSTART,\n  EARLIEST_BY_OFFSET(O.OPEN) OPEN,\n  MAX(O.HIGH) HIGH,\n  MIN(O.LOW) LOW,\n  LATEST_BY_OFFSET(O.CLOSE) CLOSE\nFROM BAR_TBIMP_1S_FINAL_S O\nWINDOW TUMBLING ( SIZE 1 MINUTES , GRACE PERIOD 2 SECONDS ) \nGROUP BY O.BROKER, O.SYMBOL\nEMIT CHANGES;","sinks":["BAR_TBIMP_1M_LIVE"],"sinkKafkaTopics":["bar_tbimp_1m_live"],"id":"CTAS_BAR_TBIMP_1M_LIVE_89","statusCount":{"RUNNING":1},"queryType":"PERSISTENT","state":"RUNNING"},{"queryString":"CREATE TABLE BAR_TBIMP_5M_LIVE WITH (CLEANUP_POLICY='compact,delete', KAFKA_TOPIC='bar_tbimp_5m_live', KEY_FORMAT='AVRO', PARTITIONS=1, REPLICAS=1, RETENTION_MS=604800000, VALUE_FORMAT='AVRO') AS SELECT\n  O.BROKER BROKER,\n  O.SYMBOL SYMBOL,\n  WINDOWSTART BUCKETSTART,\n  EARLIEST_BY_OFFSET(O.OPEN) OPEN,\n  MAX(O.HIGH) HIGH,\n  MIN(O.LOW) LOW,\n  LATEST_BY_OFFSET(O.CLOSE) CLOSE\nFROM BAR_TBIMP_1S_FINAL_S O\nWINDOW TUMBLING ( SIZE 5 MINUTES , GRACE PERIOD 3 SECONDS ) \nGROUP BY O.BROKER, O.SYMBOL\nEMIT CHANGES;","sinks":["BAR_TBIMP_5M_LIVE"],"sinkKafkaTopics":["bar_tbimp_5m_live"],"id":"CTAS_BAR_TBIMP_5M_LIVE_91","statusCount":{"RUNNING":1},"queryType":"PERSISTENT","state":"RUNNING"},{"queryString":"CREATE TABLE BAR_TBIMP_1S_FINAL WITH (CLEANUP_POLICY='compact,delete', KAFKA_TOPIC='bar_tbimp_1s_final', KEY_FORMAT='AVRO', PARTITIONS=1, REPLICAS=1, RETENTION_MS=604800000, VALUE_FORMAT='AVRO') AS SELECT\n  O.BROKER BROKER,\n  O.SYMBOL SYMBOL,\n  WINDOWSTART BUCKETSTART,\n  EARLIEST_BY_OFFSET(O.BID) OPEN,\n  MAX(O.BID) HIGH,\n  MIN(O.BID) LOW,\n  LATEST_BY_OFFSET(O.BID) CLOSE\nFROM TICKS_TBIMP O\nWINDOW TUMBLING ( SIZE 1 SECONDS ) \nGROUP BY O.BROKER, O.SYMBOL\nEMIT FINAL;","sinks":["BAR_TBIMP_1S_FINAL"],"sinkKafkaTopics":["bar_tbimp_1s_final"],"id":"CTAS_BAR_TBIMP_1S_FINAL_85","statusCount":{"RUNNING":1},"queryType":"PERSISTENT","state":"RUNNING"}],"warnings":[]}]&#xD;
warn: Kafka.Ksql.Linq.KsqlContext[0]&#xD;
      SHOW QUERIES attempt 1 did not contain a matching query for bar_tbimp_5m_live&#xD;
info: Kafka.Ksql.Linq.KsqlContext[0]&#xD;
      ksql execute: EXECUTE SQL=SHOW QUERIES;&#xD;
info: Kafka.Ksql.Linq.KsqlContext[0]&#xD;
      SHOW QUERIES output (attempt 2): [{"@type":"queries","statementText":"SHOW QUERIES;","queries":[{"queryString":"CREATE TABLE BAR_TBIMP_1M_LIVE WITH (CLEANUP_POLICY='compact,delete', KAFKA_TOPIC='bar_tbimp_1m_live', KEY_FORMAT='AVRO', PARTITIONS=1, REPLICAS=1, RETENTION_MS=604800000, VALUE_FORMAT='AVRO') AS SELECT\n  O.BROKER BROKER,\n  O.SYMBOL SYMBOL,\n  WINDOWSTART BUCKETSTART,\n  EARLIEST_BY_OFFSET(O.OPEN) OPEN,\n  MAX(O.HIGH) HIGH,\n  MIN(O.LOW) LOW,\n  LATEST_BY_OFFSET(O.CLOSE) CLOSE\nFROM BAR_TBIMP_1S_FINAL_S O\nWINDOW TUMBLING ( SIZE 1 MINUTES , GRACE PERIOD 2 SECONDS ) \nGROUP BY O.BROKER, O.SYMBOL\nEMIT CHANGES;","sinks":["BAR_TBIMP_1M_LIVE"],"sinkKafkaTopics":["bar_tbimp_1m_live"],"id":"CTAS_BAR_TBIMP_1M_LIVE_89","statusCount":{"RUNNING":1},"queryType":"PERSISTENT","state":"RUNNING"},{"queryString":"CREATE TABLE BAR_TBIMP_5M_LIVE WITH (CLEANUP_POLICY='compact,delete', KAFKA_TOPIC='bar_tbimp_5m_live', KEY_FORMAT='AVRO', PARTITIONS=1, REPLICAS=1, RETENTION_MS=604800000, VALUE_FORMAT='AVRO') AS SELECT\n  O.BROKER BROKER,\n  O.SYMBOL SYMBOL,\n  WINDOWSTART BUCKETSTART,\n  EARLIEST_BY_OFFSET(O.OPEN) OPEN,\n  MAX(O.HIGH) HIGH,\n  MIN(O.LOW) LOW,\n  LATEST_BY_OFFSET(O.CLOSE) CLOSE\nFROM BAR_TBIMP_1S_FINAL_S O\nWINDOW TUMBLING ( SIZE 5 MINUTES , GRACE PERIOD 3 SECONDS ) \nGROUP BY O.BROKER, O.SYMBOL\nEMIT CHANGES;","sinks":["BAR_TBIMP_5M_LIVE"],"sinkKafkaTopics":["bar_tbimp_5m_live"],"id":"CTAS_BAR_TBIMP_5M_LIVE_91","statusCount":{"RUNNING":1},"queryType":"PERSISTENT","state":"RUNNING"},{"queryString":"CREATE TABLE BAR_TBIMP_1S_FINAL WITH (CLEANUP_POLICY='compact,delete', KAFKA_TOPIC='bar_tbimp_1s_final', KEY_FORMAT='AVRO', PARTITIONS=1, REPLICAS=1, RETENTION_MS=604800000, VALUE_FORMAT='AVRO') AS SELECT\n  O.BROKER BROKER,\n  O.SYMBOL SYMBOL,\n  WINDOWSTART BUCKETSTART,\n  EARLIEST_BY_OFFSET(O.BID) OPEN,\n  MAX(O.BID) HIGH,\n  MIN(O.BID) LOW,\n  LATEST_BY_OFFSET(O.BID) CLOSE\nFROM TICKS_TBIMP O\nWINDOW TUMBLING ( SIZE 1 SECONDS ) \nGROUP BY O.BROKER, O.SYMBOL\nEMIT FINAL;","sinks":["BAR_TBIMP_1S_FINAL"],"sinkKafkaTopics":["bar_tbimp_1s_final"],"id":"CTAS_BAR_TBIMP_1S_FINAL_85","statusCount":{"RUNNING":1},"queryType":"PERSISTENT","state":"RUNNING"}],"warnings":[]}]&#xD;
warn: Kafka.Ksql.Linq.KsqlContext[0]&#xD;
      SHOW QUERIES attempt 2 did not contain a matching query for bar_tbimp_5m_live&#xD;
info: Kafka.Ksql.Linq.KsqlContext[0]&#xD;
      ksql execute: EXECUTE SQL=SHOW QUERIES;&#xD;
info: Kafka.Ksql.Linq.KsqlContext[0]&#xD;
      SHOW QUERIES output (attempt 3): [{"@type":"queries","statementText":"SHOW QUERIES;","queries":[{"queryString":"CREATE TABLE BAR_TBIMP_1M_LIVE WITH (CLEANUP_POLICY='compact,delete', KAFKA_TOPIC='bar_tbimp_1m_live', KEY_FORMAT='AVRO', PARTITIONS=1, REPLICAS=1, RETENTION_MS=604800000, VALUE_FORMAT='AVRO') AS SELECT\n  O.BROKER BROKER,\n  O.SYMBOL SYMBOL,\n  WINDOWSTART BUCKETSTART,\n  EARLIEST_BY_OFFSET(O.OPEN) OPEN,\n  MAX(O.HIGH) HIGH,\n  MIN(O.LOW) LOW,\n  LATEST_BY_OFFSET(O.CLOSE) CLOSE\nFROM BAR_TBIMP_1S_FINAL_S O\nWINDOW TUMBLING ( SIZE 1 MINUTES , GRACE PERIOD 2 SECONDS ) \nGROUP BY O.BROKER, O.SYMBOL\nEMIT CHANGES;","sinks":["BAR_TBIMP_1M_LIVE"],"sinkKafkaTopics":["bar_tbimp_1m_live"],"id":"CTAS_BAR_TBIMP_1M_LIVE_89","statusCount":{"RUNNING":1},"queryType":"PERSISTENT","state":"RUNNING"},{"queryString":"CREATE TABLE BAR_TBIMP_5M_LIVE WITH (CLEANUP_POLICY='compact,delete', KAFKA_TOPIC='bar_tbimp_5m_live', KEY_FORMAT='AVRO', PARTITIONS=1, REPLICAS=1, RETENTION_MS=604800000, VALUE_FORMAT='AVRO') AS SELECT\n  O.BROKER BROKER,\n  O.SYMBOL SYMBOL,\n  WINDOWSTART BUCKETSTART,\n  EARLIEST_BY_OFFSET(O.OPEN) OPEN,\n  MAX(O.HIGH) HIGH,\n  MIN(O.LOW) LOW,\n  LATEST_BY_OFFSET(O.CLOSE) CLOSE\nFROM BAR_TBIMP_1S_FINAL_S O\nWINDOW TUMBLING ( SIZE 5 MINUTES , GRACE PERIOD 3 SECONDS ) \nGROUP BY O.BROKER, O.SYMBOL\nEMIT CHANGES;","sinks":["BAR_TBIMP_5M_LIVE"],"sinkKafkaTopics":["bar_tbimp_5m_live"],"id":"CTAS_BAR_TBIMP_5M_LIVE_91","statusCount":{"RUNNING":1},"queryType":"PERSISTENT","state":"RUNNING"},{"queryString":"CREATE TABLE BAR_TBIMP_1S_FINAL WITH (CLEANUP_POLICY='compact,delete', KAFKA_TOPIC='bar_tbimp_1s_final', KEY_FORMAT='AVRO', PARTITIONS=1, REPLICAS=1, RETENTION_MS=604800000, VALUE_FORMAT='AVRO') AS SELECT\n  O.BROKER BROKER,\n  O.SYMBOL SYMBOL,\n  WINDOWSTART BUCKETSTART,\n  EARLIEST_BY_OFFSET(O.BID) OPEN,\n  MAX(O.BID) HIGH,\n  MIN(O.BID) LOW,\n  LATEST_BY_OFFSET(O.BID) CLOSE\nFROM TICKS_TBIMP O\nWINDOW TUMBLING ( SIZE 1 SECONDS ) \nGROUP BY O.BROKER, O.SYMBOL\nEMIT FINAL;","sinks":["BAR_TBIMP_1S_FINAL"],"sinkKafkaTopics":["bar_tbimp_1s_final"],"id":"CTAS_BAR_TBIMP_1S_FINAL_85","statusCount":{"RUNNING":1},"queryType":"PERSISTENT","state":"RUNNING"}],"warnings":[]}]&#xD;
warn: Kafka.Ksql.Linq.KsqlContext[0]&#xD;
      SHOW QUERIES attempt 3 did not contain a matching query for bar_tbimp_5m_live&#xD;
info: Kafka.Ksql.Linq.KsqlContext[0]&#xD;
      ksql execute: EXECUTE SQL=SHOW QUERIES;&#xD;
info: Kafka.Ksql.Linq.KsqlContext[0]&#xD;
      SHOW QUERIES output (attempt 4): [{"@type":"queries","statementText":"SHOW QUERIES;","queries":[{"queryString":"CREATE TABLE BAR_TBIMP_1M_LIVE WITH (CLEANUP_POLICY='compact,delete', KAFKA_TOPIC='bar_tbimp_1m_live', KEY_FORMAT='AVRO', PARTITIONS=1, REPLICAS=1, RETENTION_MS=604800000, VALUE_FORMAT='AVRO') AS SELECT\n  O.BROKER BROKER,\n  O.SYMBOL SYMBOL,\n  WINDOWSTART BUCKETSTART,\n  EARLIEST_BY_OFFSET(O.OPEN) OPEN,\n  MAX(O.HIGH) HIGH,\n  MIN(O.LOW) LOW,\n  LATEST_BY_OFFSET(O.CLOSE) CLOSE\nFROM BAR_TBIMP_1S_FINAL_S O\nWINDOW TUMBLING ( SIZE 1 MINUTES , GRACE PERIOD 2 SECONDS ) \nGROUP BY O.BROKER, O.SYMBOL\nEMIT CHANGES;","sinks":["BAR_TBIMP_1M_LIVE"],"sinkKafkaTopics":["bar_tbimp_1m_live"],"id":"CTAS_BAR_TBIMP_1M_LIVE_89","statusCount":{"RUNNING":1},"queryType":"PERSISTENT","state":"RUNNING"},{"queryString":"CREATE TABLE BAR_TBIMP_5M_LIVE WITH (CLEANUP_POLICY='compact,delete', KAFKA_TOPIC='bar_tbimp_5m_live', KEY_FORMAT='AVRO', PARTITIONS=1, REPLICAS=1, RETENTION_MS=604800000, VALUE_FORMAT='AVRO') AS SELECT\n  O.BROKER BROKER,\n  O.SYMBOL SYMBOL,\n  WINDOWSTART BUCKETSTART,\n  EARLIEST_BY_OFFSET(O.OPEN) OPEN,\n  MAX(O.HIGH) HIGH,\n  MIN(O.LOW) LOW,\n  LATEST_BY_OFFSET(O.CLOSE) CLOSE\nFROM BAR_TBIMP_1S_FINAL_S O\nWINDOW TUMBLING ( SIZE 5 MINUTES , GRACE PERIOD 3 SECONDS ) \nGROUP BY O.BROKER, O.SYMBOL\nEMIT CHANGES;","sinks":["BAR_TBIMP_5M_LIVE"],"sinkKafkaTopics":["bar_tbimp_5m_live"],"id":"CTAS_BAR_TBIMP_5M_LIVE_91","statusCount":{"RUNNING":1},"queryType":"PERSISTENT","state":"RUNNING"},{"queryString":"CREATE TABLE BAR_TBIMP_1S_FINAL WITH (CLEANUP_POLICY='compact,delete', KAFKA_TOPIC='bar_tbimp_1s_final', KEY_FORMAT='AVRO', PARTITIONS=1, REPLICAS=1, RETENTION_MS=604800000, VALUE_FORMAT='AVRO') AS SELECT\n  O.BROKER BROKER,\n  O.SYMBOL SYMBOL,\n  WINDOWSTART BUCKETSTART,\n  EARLIEST_BY_OFFSET(O.BID) OPEN,\n  MAX(O.BID) HIGH,\n  MIN(O.BID) LOW,\n  LATEST_BY_OFFSET(O.BID) CLOSE\nFROM TICKS_TBIMP O\nWINDOW TUMBLING ( SIZE 1 SECONDS ) \nGROUP BY O.BROKER, O.SYMBOL\nEMIT FINAL;","sinks":["BAR_TBIMP_1S_FINAL"],"sinkKafkaTopics":["bar_tbimp_1s_final"],"id":"CTAS_BAR_TBIMP_1S_FINAL_85","statusCount":{"RUNNING":1},"queryType":"PERSISTENT","state":"RUNNING"}],"warnings":[]}]&#xD;
warn: Kafka.Ksql.Linq.KsqlContext[0]&#xD;
      SHOW QUERIES attempt 4 did not contain a matching query for bar_tbimp_5m_live&#xD;
info: Kafka.Ksql.Linq.KsqlContext[0]&#xD;
      ksql execute: EXECUTE SQL=SHOW QUERIES;&#xD;
info: Kafka.Ksql.Linq.KsqlContext[0]&#xD;
      SHOW QUERIES output (attempt 5): [{"@type":"queries","statementText":"SHOW QUERIES;","queries":[{"queryString":"CREATE TABLE BAR_TBIMP_1M_LIVE WITH (CLEANUP_POLICY='compact,delete', KAFKA_TOPIC='bar_tbimp_1m_live', KEY_FORMAT='AVRO', PARTITIONS=1, REPLICAS=1, RETENTION_MS=604800000, VALUE_FORMAT='AVRO') AS SELECT\n  O.BROKER BROKER,\n  O.SYMBOL SYMBOL,\n  WINDOWSTART BUCKETSTART,\n  EARLIEST_BY_OFFSET(O.OPEN) OPEN,\n  MAX(O.HIGH) HIGH,\n  MIN(O.LOW) LOW,\n  LATEST_BY_OFFSET(O.CLOSE) CLOSE\nFROM BAR_TBIMP_1S_FINAL_S O\nWINDOW TUMBLING ( SIZE 1 MINUTES , GRACE PERIOD 2 SECONDS ) \nGROUP BY O.BROKER, O.SYMBOL\nEMIT CHANGES;","sinks":["BAR_TBIMP_1M_LIVE"],"sinkKafkaTopics":["bar_tbimp_1m_live"],"id":"CTAS_BAR_TBIMP_1M_LIVE_89","statusCount":{"RUNNING":1},"queryType":"PERSISTENT","state":"RUNNING"},{"queryString":"CREATE TABLE BAR_TBIMP_5M_LIVE WITH (CLEANUP_POLICY='compact,delete', KAFKA_TOPIC='bar_tbimp_5m_live', KEY_FORMAT='AVRO', PARTITIONS=1, REPLICAS=1, RETENTION_MS=604800000, VALUE_FORMAT='AVRO') AS SELECT\n  O.BROKER BROKER,\n  O.SYMBOL SYMBOL,\n  WINDOWSTART BUCKETSTART,\n  EARLIEST_BY_OFFSET(O.OPEN) OPEN,\n  MAX(O.HIGH) HIGH,\n  MIN(O.LOW) LOW,\n  LATEST_BY_OFFSET(O.CLOSE) CLOSE\nFROM BAR_TBIMP_1S_FINAL_S O\nWINDOW TUMBLING ( SIZE 5 MINUTES , GRACE PERIOD 3 SECONDS ) \nGROUP BY O.BROKER, O.SYMBOL\nEMIT CHANGES;","sinks":["BAR_TBIMP_5M_LIVE"],"sinkKafkaTopics":["bar_tbimp_5m_live"],"id":"CTAS_BAR_TBIMP_5M_LIVE_91","statusCount":{"RUNNING":1},"queryType":"PERSISTENT","state":"RUNNING"},{"queryString":"CREATE TABLE BAR_TBIMP_1S_FINAL WITH (CLEANUP_POLICY='compact,delete', KAFKA_TOPIC='bar_tbimp_1s_final', KEY_FORMAT='AVRO', PARTITIONS=1, REPLICAS=1, RETENTION_MS=604800000, VALUE_FORMAT='AVRO') AS SELECT\n  O.BROKER BROKER,\n  O.SYMBOL SYMBOL,\n  WINDOWSTART BUCKETSTART,\n  EARLIEST_BY_OFFSET(O.BID) OPEN,\n  MAX(O.BID) HIGH,\n  MIN(O.BID) LOW,\n  LATEST_BY_OFFSET(O.BID) CLOSE\nFROM TICKS_TBIMP O\nWINDOW TUMBLING ( SIZE 1 SECONDS ) \nGROUP BY O.BROKER, O.SYMBOL\nEMIT FINAL;","sinks":["BAR_TBIMP_1S_FINAL"],"sinkKafkaTopics":["bar_tbimp_1s_final"],"id":"CTAS_BAR_TBIMP_1S_FINAL_85","statusCount":{"RUNNING":1},"queryType":"PERSISTENT","state":"RUNNING"}],"warnings":[]}]&#xD;
warn: Kafka.Ksql.Linq.KsqlContext[0]&#xD;
      SHOW QUERIES attempt 5 did not contain a matching query for bar_tbimp_5m_live&#xD;
warn: Kafka.Ksql.Linq.KsqlContext[0]&#xD;
      Unable to locate queryId for bar_tbimp_5m_live after 5 attempts&#xD;
warn: Kafka.Ksql.Linq.KsqlContext[0]&#xD;
      Could not locate queryId via SHOW QUERIES for derived statement targeting bar_tbimp_5m_live: CREATE TABLE bar_tbimp_5m_live  WITH (KAFKA_TOPIC='bar_tbimp_5m_live', KEY_FORMAT='AVRO', VALUE_FORMAT='AVRO') AS&#xD;
      SELECT BROKER AS Broker, SYMBOL AS Symbol, WINDOWSTART AS BucketStart, EARLIEST_BY_OFFSET(o.OPEN) AS Open, MAX(o.HIGH) AS High, MIN(o.LOW) AS Low, LATEST_BY_OFFSET(o.CLOSE) AS Close&#xD;
      FROM bar_tbimp_1s_final_s o WINDOW TUMBLING (SIZE 5 MINUTES, GRACE PERIOD 3 SECONDS)&#xD;
      GROUP BY BROKER, SYMBOL&#xD;
      EMIT CHANGES;&#xD;
info: Kafka.Ksql.Linq.KsqlContext[0]&#xD;
      ksql execute: EXECUTE SQL=SHOW QUERIES;&#xD;
info: Kafka.Ksql.Linq.KsqlContext[0]&#xD;
      ksql execute: EXECUTE SQL=SHOW QUERIES;&#xD;
info: Kafka.Ksql.Linq.KsqlContext[0]&#xD;
      ksql execute: EXECUTE SQL=SHOW QUERIES;&#xD;
info: Kafka.Ksql.Linq.KsqlContext[0]&#xD;
      ksql execute: EXECUTE SQL=SHOW QUERIES;&#xD;
info: Kafka.Ksql.Linq.KsqlContext[0]&#xD;
      ksql execute: EXECUTE SQL=SHOW QUERIES;&#xD;
info: Kafka.Ksql.Linq.KsqlContext[0]&#xD;
      ksql execute: EXECUTE SQL=SHOW QUERIES;&#xD;
info: Kafka.Ksql.Linq.KsqlContext[0]&#xD;
      ksql execute: EXECUTE SQL=SHOW QUERIES;&#xD;
info: Kafka.Ksql.Linq.KsqlContext[0]&#xD;
      ksql execute: EXECUTE SQL=SHOW QUERIES;&#xD;
info: Kafka.Ksql.Linq.KsqlContext[0]&#xD;
      ksql execute: EXECUTE SQL=SHOW QUERIES;&#xD;
info: Kafka.Ksql.Linq.KsqlContext[0]&#xD;
      ksql execute: EXECUTE SQL=SHOW QUERIES;&#xD;
info: Kafka.Ksql.Linq.KsqlContext[0]&#xD;
      ksql execute: EXECUTE SQL=SHOW QUERIES;&#xD;
info: Kafka.Ksql.Linq.KsqlContext[0]&#xD;
      ksql execute: EXECUTE SQL=SHOW QUERIES;&#xD;
info: Kafka.Ksql.Linq.KsqlContext[0]&#xD;
      ksql execute: EXECUTE SQL=SHOW QUERIES;&#xD;
info: Kafka.Ksql.Linq.KsqlContext[0]&#xD;
      ksql execute: EXECUTE SQL=SHOW QUERIES;&#xD;
info: Kafka.Ksql.Linq.KsqlContext[0]&#xD;
      ksql execute: EXECUTE SQL=SHOW QUERIES;&#xD;
info: Kafka.Ksql.Linq.KsqlContext[0]&#xD;
      ksql execute: EXECUTE SQL=SHOW QUERIES;&#xD;
info: Kafka.Ksql.Linq.KsqlContext[0]&#xD;
      ksql execute: EXECUTE SQL=SHOW QUERIES;&#xD;
info: Kafka.Ksql.Linq.KsqlContext[0]&#xD;
      ksql execute: EXECUTE SQL=SHOW QUERIES;&#xD;
info: Kafka.Ksql.Linq.KsqlContext[0]&#xD;
      ksql execute: EXECUTE SQL=SHOW QUERIES;&#xD;
info: Kafka.Ksql.Linq.KsqlContext[0]&#xD;
      ksql execute: EXECUTE SQL=SHOW QUERIES;&#xD;
info: Kafka.Ksql.Linq.KsqlContext[0]&#xD;
      ksql execute: EXECUTE SQL=SHOW QUERIES;&#xD;
info: Kafka.Ksql.Linq.KsqlContext[0]&#xD;
      ksql execute: EXECUTE SQL=SHOW QUERIES;&#xD;
info: Kafka.Ksql.Linq.KsqlContext[0]&#xD;
      ksql execute: EXECUTE SQL=SHOW QUERIES;&#xD;
info: Kafka.Ksql.Linq.KsqlContext[0]&#xD;
      ksql execute: EXECUTE SQL=SHOW QUERIES;&#xD;
info: Kafka.Ksql.Linq.KsqlContext[0]&#xD;
      ksql execute: EXECUTE SQL=SHOW QUERIES;&#xD;
info: Streamiz.Kafka.Net.Processors.StreamThread[0]&#xD;
      Processed 0 total records, ran 0 punctuators and committed 0 total tasks since the last update&#xD;
info: Kafka.Ksql.Linq.KsqlContext[0]&#xD;
      ksql execute: EXECUTE SQL=SHOW QUERIES;&#xD;
info: Kafka.Ksql.Linq.KsqlContext[0]&#xD;
      ksql execute: EXECUTE SQL=SHOW QUERIES;&#xD;
info: Kafka.Ksql.Linq.KsqlContext[0]&#xD;
      ksql execute: EXECUTE SQL=SHOW QUERIES;&#xD;
info: Kafka.Ksql.Linq.KsqlContext[0]&#xD;
      ksql execute: EXECUTE SQL=SHOW QUERIES;&#xD;
info: Kafka.Ksql.Linq.KsqlContext[0]&#xD;
      ksql execute: EXECUTE SQL=SHOW QUERIES;&#xD;
info: Kafka.Ksql.Linq.KsqlContext[0]&#xD;
      ksql execute: EXECUTE SQL=SHOW QUERIES;&#xD;
info: Kafka.Ksql.Linq.KsqlContext[0]&#xD;
      ksql execute: EXECUTE SQL=SHOW QUERIES;&#xD;
info: Kafka.Ksql.Linq.KsqlContext[0]&#xD;
      ksql execute: EXECUTE SQL=SHOW QUERIES;&#xD;
info: Kafka.Ksql.Linq.KsqlContext[0]&#xD;
      ksql execute: EXECUTE SQL=SHOW QUERIES;&#xD;
info: Kafka.Ksql.Linq.KsqlContext[0]&#xD;
      ksql execute: EXECUTE SQL=SHOW QUERIES;&#xD;
info: Kafka.Ksql.Linq.KsqlContext[0]&#xD;
      ksql execute: EXECUTE SQL=SHOW QUERIES;&#xD;
info: Kafka.Ksql.Linq.KsqlContext[0]&#xD;
      ksql execute: EXECUTE SQL=SHOW QUERIES;&#xD;
info: Kafka.Ksql.Linq.KsqlContext[0]&#xD;
      ksql execute: EXECUTE SQL=SHOW QUERIES;&#xD;
info: Kafka.Ksql.Linq.KsqlContext[0]&#xD;
      ksql execute: EXECUTE SQL=SHOW QUERIES;&#xD;
info: Kafka.Ksql.Linq.KsqlContext[0]&#xD;
      ksql execute: EXECUTE SQL=SHOW QUERIES;&#xD;
info: Kafka.Ksql.Linq.KsqlContext[0]&#xD;
      ksql execute: EXECUTE SQL=SHOW QUERIES;&#xD;
info: Kafka.Ksql.Linq.KsqlContext[0]&#xD;
      ksql execute: EXECUTE SQL=SHOW QUERIES;&#xD;
info: Kafka.Ksql.Linq.KsqlContext[0]&#xD;
      ksql execute: EXECUTE SQL=SHOW QUERIES;&#xD;
info: Kafka.Ksql.Linq.KsqlContext[0]&#xD;
      ksql execute: EXECUTE SQL=SHOW QUERIES;&#xD;
info: Kafka.Ksql.Linq.KsqlContext[0]&#xD;
      ksql execute: EXECUTE SQL=SHOW QUERIES;&#xD;
info: Kafka.Ksql.Linq.KsqlContext[0]&#xD;
      ksql execute: EXECUTE SQL=SHOW QUERIES;&#xD;
info: Kafka.Ksql.Linq.KsqlContext[0]&#xD;
      ksql execute: EXECUTE SQL=SHOW QUERIES;&#xD;
info: Kafka.Ksql.Linq.KsqlContext[0]&#xD;
      ksql execute: EXECUTE SQL=SHOW QUERIES;&#xD;
info: Kafka.Ksql.Linq.KsqlContext[0]&#xD;
      ksql execute: EXECUTE SQL=SHOW QUERIES;&#xD;
info: Kafka.Ksql.Linq.KsqlContext[0]&#xD;
      ksql execute: EXECUTE SQL=SHOW QUERIES;&#xD;
info: Kafka.Ksql.Linq.KsqlContext[0]&#xD;
      ksql execute: EXECUTE SQL=SHOW QUERIES;&#xD;
info: Kafka.Ksql.Linq.KsqlContext[0]&#xD;
      ksql execute: EXECUTE SQL=SHOW QUERIES;&#xD;
info: Kafka.Ksql.Linq.KsqlContext[0]&#xD;
      ksql execute: EXECUTE SQL=SHOW QUERIES;&#xD;
info: Kafka.Ksql.Linq.KsqlContext[0]&#xD;
      ksql execute: EXECUTE SQL=SHOW QUERIES;&#xD;
info: Kafka.Ksql.Linq.KsqlContext[0]&#xD;
      ksql execute: EXECUTE SQL=SHOW QUERIES;&#xD;
info: Streamiz.Kafka.Net.Processors.StreamThread[0]&#xD;
      Processed 0 total records, ran 0 punctuators and committed 0 total tasks since the last update&#xD;
info: Kafka.Ksql.Linq.KsqlContext[0]&#xD;
      ksql execute: EXECUTE SQL=SHOW QUERIES;&#xD;
info: Kafka.Ksql.Linq.KsqlContext[0]&#xD;
      ksql execute: EXECUTE SQL=SHOW QUERIES;&#xD;
info: Kafka.Ksql.Linq.KsqlContext[0]&#xD;
      ksql execute: EXECUTE SQL=SHOW QUERIES;&#xD;
info: Kafka.Ksql.Linq.KsqlContext[0]&#xD;
      ksql execute: EXECUTE SQL=SHOW QUERIES;&#xD;
info: Kafka.Ksql.Linq.KsqlContext[0]&#xD;
      ksql execute: EXECUTE SQL=SHOW QUERIES;&#xD;
info: Kafka.Ksql.Linq.KsqlContext[0]&#xD;
      ksql execute: EXECUTE SQL=SHOW QUERIES;&#xD;
info: Kafka.Ksql.Linq.KsqlContext[0]&#xD;
      ksql execute: EXECUTE SQL=SHOW QUERIES;&#xD;
info: Kafka.Ksql.Linq.KsqlContext[0]&#xD;
      ksql execute: EXECUTE SQL=SHOW QUERIES;&#xD;
info: Kafka.Ksql.Linq.KsqlContext[0]&#xD;
      ksql execute: EXECUTE SQL=SHOW QUERIES;&#xD;
info: Kafka.Ksql.Linq.KsqlContext[0]&#xD;
      ksql execute: EXECUTE SQL=SHOW QUERIES;&#xD;
info: Kafka.Ksql.Linq.KsqlContext[0]&#xD;
      ksql execute: EXECUTE SQL=SHOW QUERIES;&#xD;
info: Kafka.Ksql.Linq.KsqlContext[0]&#xD;
      ksql execute: EXECUTE SQL=SHOW QUERIES;&#xD;
info: Kafka.Ksql.Linq.KsqlContext[0]&#xD;
      ksql execute: EXECUTE SQL=SHOW QUERIES;&#xD;
info: Kafka.Ksql.Linq.KsqlContext[0]&#xD;
      ksql execute: EXECUTE SQL=SHOW QUERIES;&#xD;
info: Kafka.Ksql.Linq.KsqlContext[0]&#xD;
      ksql execute: EXECUTE SQL=SHOW QUERIES;&#xD;
info: Kafka.Ksql.Linq.KsqlContext[0]&#xD;
      ksql execute: EXECUTE SQL=SHOW QUERIES;&#xD;
info: Kafka.Ksql.Linq.KsqlContext[0]&#xD;
      ksql execute: EXECUTE SQL=SHOW QUERIES;&#xD;
info: Kafka.Ksql.Linq.KsqlContext[0]&#xD;
      ksql execute: EXECUTE SQL=SHOW QUERIES;&#xD;
info: Kafka.Ksql.Linq.KsqlContext[0]&#xD;
      ksql execute: EXECUTE SQL=SHOW QUERIES;&#xD;
info: Kafka.Ksql.Linq.KsqlContext[0]&#xD;
      ksql execute: EXECUTE SQL=SHOW QUERIES;&#xD;
info: Kafka.Ksql.Linq.KsqlContext[0]&#xD;
      ksql execute: EXECUTE SQL=SHOW QUERIES;&#xD;
info: Kafka.Ksql.Linq.KsqlContext[0]&#xD;
      ksql execute: EXECUTE SQL=SHOW QUERIES;&#xD;
info: Kafka.Ksql.Linq.KsqlContext[0]&#xD;
      ksql execute: EXECUTE SQL=SHOW QUERIES;&#xD;
info: Kafka.Ksql.Linq.KsqlContext[0]&#xD;
      ksql execute: EXECUTE SQL=SHOW QUERIES;&#xD;
info: Kafka.Ksql.Linq.KsqlContext[0]&#xD;
      ksql execute: EXECUTE SQL=SHOW QUERIES;&#xD;
info: Kafka.Ksql.Linq.KsqlContext[0]&#xD;
      ksql execute: EXECUTE SQL=SHOW QUERIES;&#xD;
info: Kafka.Ksql.Linq.KsqlContext[0]&#xD;
      ksql execute: EXECUTE SQL=SHOW QUERIES;&#xD;
info: Kafka.Ksql.Linq.KsqlContext[0]&#xD;
      ksql execute: EXECUTE SQL=SHOW QUERIES;&#xD;
info: Kafka.Ksql.Linq.KsqlContext[0]&#xD;
      ksql execute: EXECUTE SQL=SHOW QUERIES;&#xD;
info: Kafka.Ksql.Linq.KsqlContext[0]&#xD;
      ksql execute: EXECUTE SQL=SHOW QUERIES;&#xD;
info: Streamiz.Kafka.Net.Processors.StreamThread[0]&#xD;
      Processed 0 total records, ran 0 punctuators and committed 0 total tasks since the last update&#xD;
info: Kafka.Ksql.Linq.KsqlContext[0]&#xD;
      ksql execute: EXECUTE SQL=SHOW QUERIES;&#xD;
info: Kafka.Ksql.Linq.KsqlContext[0]&#xD;
      ksql execute: EXECUTE SQL=SHOW QUERIES;&#xD;
info: Kafka.Ksql.Linq.KsqlContext[0]&#xD;
      ksql execute: EXECUTE SQL=SHOW QUERIES;&#xD;
info: Kafka.Ksql.Linq.KsqlContext[0]&#xD;
      ksql execute: EXECUTE SQL=SHOW QUERIES;&#xD;
info: Kafka.Ksql.Linq.KsqlContext[0]&#xD;
      ksql execute: EXECUTE SQL=SHOW QUERIES;&#xD;
fail: Kafka.Ksql.Linq.KsqlContext[0]&#xD;
      KsqlContext initialization failed: CTAS/CSAS query for bar_tbimp_1s_final did not reach RUNNING within 180s &#xD;
      System.TimeoutException: CTAS/CSAS query for bar_tbimp_1s_final did not reach RUNNING within 180s&#xD;
         at Kafka.Ksql.Linq.KsqlContext.&lt;&gt;c__DisplayClass95_0.&lt;&lt;EnsureQueryEntityDdlAsync&gt;g__EnsureDerivedQueryEntityDdlAsync|0&gt;d.MoveNext()&#xD;
      --- End of stack trace from previous location ---&#xD;
         at Kafka.Ksql.Linq.KsqlContext.EnsureQueryEntityDdlAsync(Type type, EntityModel model)&#xD;
         at Kafka.Ksql.Linq.KsqlContext.RegisterSchemasAndMaterializeAsync()&#xD;
         at Kafka.Ksql.Linq.KsqlContext.InitializeWithSchemaRegistration()&#xD;
         at Kafka.Ksql.Linq.KsqlContext.InitializeCore(ILoggerFactory loggerFactory)&#xD;
[xUnit.net 00:16:56.74]       System.TimeoutException : CTAS/CSAS query for bar_tbimp_1s_final did not reach RUNNING within 180s&#xD;
[xUnit.net 00:16:56.74]       Stack Trace:&#xD;
[xUnit.net 00:16:56.74]            at Kafka.Ksql.Linq.KsqlContext.&lt;&gt;c__DisplayClass95_0.&lt;&lt;EnsureQueryEntityDdlAsync&gt;g__EnsureDerivedQueryEntityDdlAsync|0&gt;d.MoveNext()&#xD;
[xUnit.net 00:16:56.74]         --- End of stack trace from previous location ---&#xD;
[xUnit.net 00:16:56.74]            at Kafka.Ksql.Linq.KsqlContext.EnsureQueryEntityDdlAsync(Type type, EntityModel model)&#xD;
[xUnit.net 00:16:56.74]            at Kafka.Ksql.Linq.KsqlContext.RegisterSchemasAndMaterializeAsync()&#xD;
[xUnit.net 00:16:56.74]            at Kafka.Ksql.Linq.KsqlContext.InitializeWithSchemaRegistration()&#xD;
[xUnit.net 00:16:56.74]            at Kafka.Ksql.Linq.KsqlContext.InitializeCore(ILoggerFactory loggerFactory)&#xD;
[xUnit.net 00:16:56.74]            at Kafka.Ksql.Linq.KsqlContext..ctor(KsqlDslOptions options, ILoggerFactory loggerFactory)&#xD;
[xUnit.net 00:16:56.74]         C:\dev\experimental\physicalTests\OssSamples\TimeBucketImportTumblingTests.cs(50,0): at Kafka.Ksql.Linq.Tests.Integration.TimeBucketImportTumblingTests.TestContext..ctor()&#xD;
[xUnit.net 00:16:56.74]         C:\dev\experimental\physicalTests\OssSamples\TimeBucketImportTumblingTests.cs(148,0): at Kafka.Ksql.Linq.Tests.Integration.TimeBucketImportTumblingTests.Import_Ticks_Define_Tumbling_Query_Then_Extract_Bars_Via_TimeBucket()&#xD;
[xUnit.net 00:16:56.74]         --- End of stack trace from previous location ---&#xD;
info: Kafka.Ksql.Linq.Infrastructure.Admin.KafkaAdminService[0]&#xD;
      DB topic created: deduprates&#xD;
info: Kafka.Ksql.Linq.KsqlContext[0]&#xD;
      ksql execute: EXECUTE SQL=SHOW TOPICS;&#xD;
info: Kafka.Ksql.Linq.KsqlContext[0]&#xD;
      KSQL DDL (simple Rate): CREATE OR REPLACE STREAM deduprates (Broker VARCHAR KEY, Symbol VARCHAR KEY, Timestamp TIMESTAMP, Bid DOUBLE) WITH (KAFKA_TOPIC='deduprates', KEY_FORMAT='AVRO', VALUE_FORMAT='AVRO', VALUE_AVRO_SCHEMA_FULL_NAME='kafka_ksql_linq_tests_integration.deduprates_valueAvro', TIMESTAMP='Timestamp', PARTITIONS=1, REPLICAS=1);&#xD;
info: Kafka.Ksql.Linq.KsqlContext[0]&#xD;
      ksql execute: EXECUTE SQL=CREATE OR REPLACE STREAM deduprates (Broker VARCHAR KEY, Symbol VARCHAR KEY, Timestamp TIMESTAMP, Bid DOUBLE) WITH (KAFK...&#xD;
info: Kafka.Ksql.Linq.KsqlContext[0]&#xD;
      ksql execute: EXECUTE SQL=DESCRIBE EXTENDED DEDUPRATES;&#xD;
info: Kafka.Ksql.Linq.KsqlContext[0]&#xD;
      ksql execute: EXECUTE SQL=DESCRIBE EXTENDED DEDUPRATES;&#xD;
info: Kafka.Ksql.Linq.KsqlContext[0]&#xD;
      ksql execute: EXECUTE SQL=DESCRIBE EXTENDED DEDUPRATES;&#xD;
info: Kafka.Ksql.Linq.KsqlContext[0]&#xD;
      ksql execute: EXECUTE SQL=DESCRIBE EXTENDED DEDUPRATES;&#xD;
info: Kafka.Ksql.Linq.KsqlContext[0]&#xD;
      ksql execute: EXECUTE SQL=DESCRIBE EXTENDED DEDUPRATES;&#xD;
info: Kafka.Ksql.Linq.KsqlContext[0]&#xD;
      ksql execute: EXECUTE SQL=DESCRIBE EXTENDED DEDUPRATES;&#xD;
info: Kafka.Ksql.Linq.KsqlContext[0]&#xD;
      ksql execute: EXECUTE SQL=DESCRIBE EXTENDED DEDUPRATES;&#xD;
info: Kafka.Ksql.Linq.KsqlContext[0]&#xD;
      ksql execute: EXECUTE SQL=DESCRIBE EXTENDED DEDUPRATES;&#xD;
info: Kafka.Ksql.Linq.KsqlContext[0]&#xD;
      ksql execute: EXECUTE SQL=DESCRIBE EXTENDED DEDUPRATES;&#xD;
info: Kafka.Ksql.Linq.KsqlContext[0]&#xD;
      ksql execute: EXECUTE SQL=DESCRIBE EXTENDED DEDUPRATES;&#xD;
info: Kafka.Ksql.Linq.KsqlContext[0]&#xD;
      ksql execute: EXECUTE SQL=DESCRIBE EXTENDED DEDUPRATES;&#xD;
info: Kafka.Ksql.Linq.KsqlContext[0]&#xD;
      ksql execute: EXECUTE SQL=DESCRIBE EXTENDED DEDUPRATES;&#xD;
info: Kafka.Ksql.Linq.KsqlContext[0]&#xD;
      ksql execute: EXECUTE SQL=DESCRIBE EXTENDED DEDUPRATES;&#xD;
info: Kafka.Ksql.Linq.KsqlContext[0]&#xD;
      ksql execute: EXECUTE SQL=DESCRIBE EXTENDED DEDUPRATES;&#xD;
info: Kafka.Ksql.Linq.KsqlContext[0]&#xD;
      ksql execute: EXECUTE SQL=DESCRIBE EXTENDED DEDUPRATES;&#xD;
info: Kafka.Ksql.Linq.KsqlContext[0]&#xD;
      ksql execute: EXECUTE SQL=DESCRIBE EXTENDED DEDUPRATES;&#xD;
info: Kafka.Ksql.Linq.KsqlContext[0]&#xD;
      ksql execute: EXECUTE SQL=DESCRIBE EXTENDED DEDUPRATES;&#xD;
info: Kafka.Ksql.Linq.KsqlContext[0]&#xD;
      ksql execute: EXECUTE SQL=DESCRIBE EXTENDED DEDUPRATES;&#xD;
info: Kafka.Ksql.Linq.KsqlContext[0]&#xD;
      ksql execute: EXECUTE SQL=DESCRIBE EXTENDED DEDUPRATES;&#xD;
info: Kafka.Ksql.Linq.KsqlContext[0]&#xD;
      ksql execute: EXECUTE SQL=DESCRIBE EXTENDED DEDUPRATES;&#xD;
info: Kafka.Ksql.Linq.KsqlContext[0]&#xD;
      ksql execute: EXECUTE SQL=DESCRIBE EXTENDED DEDUPRATES;&#xD;
info: Kafka.Ksql.Linq.KsqlContext[0]&#xD;
      ksql execute: EXECUTE SQL=DESCRIBE EXTENDED DEDUPRATES;&#xD;
info: Kafka.Ksql.Linq.KsqlContext[0]&#xD;
      ksql execute: EXECUTE SQL=DESCRIBE EXTENDED DEDUPRATES;&#xD;
info: Kafka.Ksql.Linq.KsqlContext[0]&#xD;
      ksql execute: EXECUTE SQL=DESCRIBE EXTENDED DEDUPRATES;&#xD;
info: Kafka.Ksql.Linq.KsqlContext[0]&#xD;
      ksql execute: EXECUTE SQL=SHOW TOPICS;&#xD;
info: Kafka.Ksql.Linq.KsqlContext[0]&#xD;
      KSQL DDL (simple DlqEnvelope): CREATE OR REPLACE STREAM dead_letter_queue (`Topic` VARCHAR KEY, `Partition` INT KEY, `Offset` BIGINT KEY, TimestampUtc VARCHAR, IngestedAtUtc VARCHAR, PayloadFormatKey VARCHAR, PayloadFormatValue VARCHAR, SchemaIdKey VARCHAR, SchemaIdValue VARCHAR, KeyIsNull BOOLEAN, ErrorType VARCHAR, ErrorMessageShort VARCHAR, StackTraceShort VARCHAR, ErrorFingerprint VARCHAR, ApplicationId VARCHAR, ConsumerGroup VARCHAR, Host VARCHAR, Headers MAP&lt;STRING, STRING&gt;) WITH (KAFKA_TOPIC='dead-letter-queue', KEY_FORMAT='AVRO', VALUE_FORMAT='AVRO', VALUE_AVRO_SCHEMA_FULL_NAME='kafka_ksql_linq_messaging.dead_letter_queue_valueAvro', PARTITIONS=1, REPLICAS=1);&#xD;
info: Kafka.Ksql.Linq.KsqlContext[0]&#xD;
      ksql execute: EXECUTE SQL=CREATE OR REPLACE STREAM dead_letter_queue (`Topic` VARCHAR KEY, `Partition` INT KEY, `Offset` BIGINT KEY, TimestampUtc ...&#xD;
info: Kafka.Ksql.Linq.KsqlContext[0]&#xD;
      ksql execute: EXECUTE SQL=DESCRIBE EXTENDED DEAD-LETTER-QUEUE;&#xD;
info: Kafka.Ksql.Linq.KsqlContext[0]&#xD;
      ksql execute: EXECUTE SQL=DESCRIBE EXTENDED DEAD-LETTER-QUEUE;&#xD;
info: Kafka.Ksql.Linq.KsqlContext[0]&#xD;
      ksql execute: EXECUTE SQL=DESCRIBE EXTENDED DEAD-LETTER-QUEUE;&#xD;
info: Kafka.Ksql.Linq.KsqlContext[0]&#xD;
      ksql execute: EXECUTE SQL=DESCRIBE EXTENDED DEAD-LETTER-QUEUE;&#xD;
info: Kafka.Ksql.Linq.KsqlContext[0]&#xD;
      ksql execute: EXECUTE SQL=DESCRIBE EXTENDED DEAD-LETTER-QUEUE;&#xD;
info: Kafka.Ksql.Linq.KsqlContext[0]&#xD;
      ksql execute: EXECUTE SQL=DESCRIBE EXTENDED DEAD-LETTER-QUEUE;&#xD;
info: Kafka.Ksql.Linq.KsqlContext[0]&#xD;
      ksql execute: EXECUTE SQL=DESCRIBE EXTENDED DEAD-LETTER-QUEUE;&#xD;
info: Kafka.Ksql.Linq.KsqlContext[0]&#xD;
      ksql execute: EXECUTE SQL=DESCRIBE EXTENDED DEAD-LETTER-QUEUE;&#xD;
info: Kafka.Ksql.Linq.KsqlContext[0]&#xD;
      ksql execute: EXECUTE SQL=DESCRIBE EXTENDED DEAD-LETTER-QUEUE;&#xD;
info: Kafka.Ksql.Linq.KsqlContext[0]&#xD;
      ksql execute: EXECUTE SQL=DESCRIBE EXTENDED DEAD-LETTER-QUEUE;&#xD;
info: Kafka.Ksql.Linq.KsqlContext[0]&#xD;
      ksql execute: EXECUTE SQL=DESCRIBE EXTENDED DEAD-LETTER-QUEUE;&#xD;
info: Kafka.Ksql.Linq.KsqlContext[0]&#xD;
      ksql execute: EXECUTE SQL=DESCRIBE EXTENDED DEAD-LETTER-QUEUE;&#xD;
info: Kafka.Ksql.Linq.KsqlContext[0]&#xD;
      ksql execute: EXECUTE SQL=DESCRIBE EXTENDED DEAD-LETTER-QUEUE;&#xD;
info: Kafka.Ksql.Linq.KsqlContext[0]&#xD;
      ksql execute: EXECUTE SQL=DESCRIBE EXTENDED DEAD-LETTER-QUEUE;&#xD;
info: Kafka.Ksql.Linq.KsqlContext[0]&#xD;
      ksql execute: EXECUTE SQL=DESCRIBE EXTENDED DEAD-LETTER-QUEUE;&#xD;
info: Kafka.Ksql.Linq.KsqlContext[0]&#xD;
      ksql execute: EXECUTE SQL=DESCRIBE EXTENDED DEAD-LETTER-QUEUE;&#xD;
info: Kafka.Ksql.Linq.KsqlContext[0]&#xD;
      ksql execute: EXECUTE SQL=DESCRIBE EXTENDED DEAD-LETTER-QUEUE;&#xD;
info: Kafka.Ksql.Linq.KsqlContext[0]&#xD;
      ksql execute: EXECUTE SQL=DESCRIBE EXTENDED DEAD-LETTER-QUEUE;&#xD;
info: Kafka.Ksql.Linq.KsqlContext[0]&#xD;
      ksql execute: EXECUTE SQL=DESCRIBE EXTENDED DEAD-LETTER-QUEUE;&#xD;
info: Kafka.Ksql.Linq.KsqlContext[0]&#xD;
      ksql execute: EXECUTE SQL=DESCRIBE EXTENDED DEAD-LETTER-QUEUE;&#xD;
info: Kafka.Ksql.Linq.KsqlContext[0]&#xD;
      ksql execute: EXECUTE SQL=DESCRIBE EXTENDED DEAD-LETTER-QUEUE;&#xD;
info: Kafka.Ksql.Linq.KsqlContext[0]&#xD;
      ksql execute: EXECUTE SQL=DESCRIBE EXTENDED DEAD-LETTER-QUEUE;&#xD;
info: Kafka.Ksql.Linq.KsqlContext[0]&#xD;
      ksql execute: EXECUTE SQL=DESCRIBE EXTENDED DEAD-LETTER-QUEUE;&#xD;
info: Kafka.Ksql.Linq.KsqlContext[0]&#xD;
      ksql execute: EXECUTE SQL=DESCRIBE EXTENDED DEAD-LETTER-QUEUE;&#xD;
info: Kafka.Ksql.Linq.KsqlContext[0]&#xD;
      KSQL DDL (derived bar_1s_final): CREATE TABLE bar_1s_final  WITH (KAFKA_TOPIC='bar_1s_final', KEY_FORMAT='AVRO', VALUE_FORMAT='AVRO') AS&#xD;
      SELECT BROKER AS Broker, SYMBOL AS Symbol, WINDOWSTART AS BucketStart, EARLIEST_BY_OFFSET(Bid) AS Open, MAX(Bid) AS High, MIN(Bid) AS Low, LATEST_BY_OFFSET(Bid) AS KsqlTimeFrameClose&#xD;
      FROM DEDUPRATES o WINDOW TUMBLING (SIZE 1 SECONDS)&#xD;
      GROUP BY BROKER, SYMBOL&#xD;
      EMIT FINAL;&#xD;
info: Kafka.Ksql.Linq.KsqlContext[0]&#xD;
      ksql execute: EXECUTE SQL=CREATE TABLE bar_1s_final  WITH (KAFKA_TOPIC='bar_1s_final', KEY_FORMAT='AVRO', VALUE_FORMAT='AVRO') AS  SELECT BROKER A...&#xD;
info: Kafka.Ksql.Linq.KsqlContext[0]&#xD;
      KSQL DDL (derived bar_1s_final_s): CREATE STREAM bar_1s_final_s (BROKER VARCHAR KEY, SYMBOL VARCHAR KEY, BUCKETSTART TIMESTAMP KEY, OPEN DOUBLE, HIGH DOUBLE, LOW DOUBLE, KSQLTIMEFRAMECLOSE DOUBLE) WITH (KAFKA_TOPIC='bar_1s_final', KEY_FORMAT='AVRO', VALUE_FORMAT='AVRO', VALUE_AVRO_SCHEMA_FULL_NAME='bar_ksql.bar_1s_final_s_valueAvro', PARTITIONS=1, REPLICAS=1, RETENTION_MS=604800000);&#xD;
info: Kafka.Ksql.Linq.KsqlContext[0]&#xD;
      ksql execute: EXECUTE SQL=CREATE STREAM bar_1s_final_s (BROKER VARCHAR KEY, SYMBOL VARCHAR KEY, BUCKETSTART TIMESTAMP KEY, OPEN DOUBLE, HIGH DOUBL...&#xD;
info: Kafka.Ksql.Linq.KsqlContext[0]&#xD;
      KSQL DDL (derived bar_1m_live): CREATE TABLE bar_1m_live  WITH (KAFKA_TOPIC='bar_1m_live', KEY_FORMAT='AVRO', VALUE_FORMAT='AVRO') AS&#xD;
      SELECT BROKER AS Broker, SYMBOL AS Symbol, WINDOWSTART AS BucketStart, EARLIEST_BY_OFFSET(o.OPEN) AS Open, MAX(o.HIGH) AS High, MIN(o.LOW) AS Low, LATEST_BY_OFFSET(o.KSQLTIMEFRAMECLOSE) AS KsqlTimeFrameClose&#xD;
      FROM bar_1s_final_s o WINDOW TUMBLING (SIZE 1 MINUTES, GRACE PERIOD 2 SECONDS)&#xD;
      GROUP BY BROKER, SYMBOL&#xD;
      EMIT CHANGES;&#xD;
info: Kafka.Ksql.Linq.KsqlContext[0]&#xD;
      ksql execute: EXECUTE SQL=CREATE TABLE bar_1m_live  WITH (KAFKA_TOPIC='bar_1m_live', KEY_FORMAT='AVRO', VALUE_FORMAT='AVRO') AS  SELECT BROKER AS ...&#xD;
info: Kafka.Ksql.Linq.KsqlContext[0]&#xD;
      KSQL DDL (derived bar_5m_live): CREATE TABLE bar_5m_live  WITH (KAFKA_TOPIC='bar_5m_live', KEY_FORMAT='AVRO', VALUE_FORMAT='AVRO') AS&#xD;
      SELECT BROKER AS Broker, SYMBOL AS Symbol, WINDOWSTART AS BucketStart, EARLIEST_BY_OFFSET(o.OPEN) AS Open, MAX(o.HIGH) AS High, MIN(o.LOW) AS Low, LATEST_BY_OFFSET(o.KSQLTIMEFRAMECLOSE) AS KsqlTimeFrameClose&#xD;
      FROM bar_1s_final_s o WINDOW TUMBLING (SIZE 5 MINUTES, GRACE PERIOD 3 SECONDS)&#xD;
      GROUP BY BROKER, SYMBOL&#xD;
      EMIT CHANGES;&#xD;
info: Kafka.Ksql.Linq.KsqlContext[0]&#xD;
      ksql execute: EXECUTE SQL=CREATE TABLE bar_5m_live  WITH (KAFKA_TOPIC='bar_5m_live', KEY_FORMAT='AVRO', VALUE_FORMAT='AVRO') AS  SELECT BROKER AS ...&#xD;
info: Kafka.Ksql.Linq.KsqlContext[0]&#xD;
      ksql execute: EXECUTE SQL=SHOW QUERIES;&#xD;
info: Kafka.Ksql.Linq.KsqlContext[0]&#xD;
      SHOW QUERIES output (attempt 1): [{"@type":"queries","statementText":"SHOW QUERIES;","queries":[{"queryString":"CREATE TABLE BAR_1S_FINAL WITH (CLEANUP_POLICY='compact,delete', KAFKA_TOPIC='bar_1s_final', KEY_FORMAT='AVRO', PARTITIONS=1, REPLICAS=1, RETENTION_MS=604800000, VALUE_FORMAT='AVRO') AS SELECT\n  O.BROKER BROKER,\n  O.SYMBOL SYMBOL,\n  WINDOWSTART BUCKETSTART,\n  EARLIEST_BY_OFFSET(O.BID) OPEN,\n  MAX(O.BID) HIGH,\n  MIN(O.BID) LOW,\n  LATEST_BY_OFFSET(O.BID) KSQLTIMEFRAMECLOSE\nFROM DEDUPRATES O\nWINDOW TUMBLING ( SIZE 1 SECONDS ) \nGROUP BY O.BROKER, O.SYMBOL\nEMIT FINAL;","sinks":["BAR_1S_FINAL"],"sinkKafkaTopics":["bar_1s_final"],"id":"CTAS_BAR_1S_FINAL_97","statusCount":{"RUNNING":1},"queryType":"PERSISTENT","state":"RUNNING"},{"queryString":"CREATE TABLE BAR_TBIMP_1M_LIVE WITH (CLEANUP_POLICY='compact,delete', KAFKA_TOPIC='bar_tbimp_1m_live', KEY_FORMAT='AVRO', PARTITIONS=1, REPLICAS=1, RETENTION_MS=604800000, VALUE_FORMAT='AVRO') AS SELECT\n  O.BROKER BROKER,\n  O.SYMBOL SYMBOL,\n  WINDOWSTART BUCKETSTART,\n  EARLIEST_BY_OFFSET(O.OPEN) OPEN,\n  MAX(O.HIGH) HIGH,\n  MIN(O.LOW) LOW,\n  LATEST_BY_OFFSET(O.CLOSE) CLOSE\nFROM BAR_TBIMP_1S_FINAL_S O\nWINDOW TUMBLING ( SIZE 1 MINUTES , GRACE PERIOD 2 SECONDS ) \nGROUP BY O.BROKER, O.SYMBOL\nEMIT CHANGES;","sinks":["BAR_TBIMP_1M_LIVE"],"sinkKafkaTopics":["bar_tbimp_1m_live"],"id":"CTAS_BAR_TBIMP_1M_LIVE_89","statusCount":{"RUNNING":1},"queryType":"PERSISTENT","state":"RUNNING"},{"queryString":"CREATE TABLE BAR_5M_LIVE WITH (CLEANUP_POLICY='compact,delete', KAFKA_TOPIC='bar_5m_live', KEY_FORMAT='AVRO', PARTITIONS=1, REPLICAS=1, RETENTION_MS=604800000, VALUE_FORMAT='AVRO') AS SELECT\n  O.BROKER BROKER,\n  O.SYMBOL SYMBOL,\n  WINDOWSTART BUCKETSTART,\n  EARLIEST_BY_OFFSET(O.OPEN) OPEN,\n  MAX(O.HIGH) HIGH,\n  MIN(O.LOW) LOW,\n  LATEST_BY_OFFSET(O.KSQLTIMEFRAMECLOSE) KSQLTIMEFRAMECLOSE\nFROM BAR_1S_FINAL_S O\nWINDOW TUMBLING ( SIZE 5 MINUTES , GRACE PERIOD 3 SECONDS ) \nGROUP BY O.BROKER, O.SYMBOL\nEMIT CHANGES;","sinks":["BAR_5M_LIVE"],"sinkKafkaTopics":["bar_5m_live"],"id":"CTAS_BAR_5M_LIVE_103","statusCount":{"RUNNING":1},"queryType":"PERSISTENT","state":"RUNNING"},{"queryString":"CREATE TABLE BAR_TBIMP_5M_LIVE WITH (CLEANUP_POLICY='compact,delete', KAFKA_TOPIC='bar_tbimp_5m_live', KEY_FORMAT='AVRO', PARTITIONS=1, REPLICAS=1, RETENTION_MS=604800000, VALUE_FORMAT='AVRO') AS SELECT\n  O.BROKER BROKER,\n  O.SYMBOL SYMBOL,\n  WINDOWSTART BUCKETSTART,\n  EARLIEST_BY_OFFSET(O.OPEN) OPEN,\n  MAX(O.HIGH) HIGH,\n  MIN(O.LOW) LOW,\n  LATEST_BY_OFFSET(O.CLOSE) CLOSE\nFROM BAR_TBIMP_1S_FINAL_S O\nWINDOW TUMBLING ( SIZE 5 MINUTES , GRACE PERIOD 3 SECONDS ) \nGROUP BY O.BROKER, O.SYMBOL\nEMIT CHANGES;","sinks":["BAR_TBIMP_5M_LIVE"],"sinkKafkaTopics":["bar_tbimp_5m_live"],"id":"CTAS_BAR_TBIMP_5M_LIVE_91","statusCount":{"RUNNING":1},"queryType":"PERSISTENT","state":"RUNNING"},{"queryString":"CREATE TABLE BAR_1M_LIVE WITH (CLEANUP_POLICY='compact,delete', KAFKA_TOPIC='bar_1m_live', KEY_FORMAT='AVRO', PARTITIONS=1, REPLICAS=1, RETENTION_MS=604800000, VALUE_FORMAT='AVRO') AS SELECT\n  O.BROKER BROKER,\n  O.SYMBOL SYMBOL,\n  WINDOWSTART BUCKETSTART,\n  EARLIEST_BY_OFFSET(O.OPEN) OPEN,\n  MAX(O.HIGH) HIGH,\n  MIN(O.LOW) LOW,\n  LATEST_BY_OFFSET(O.KSQLTIMEFRAMECLOSE) KSQLTIMEFRAMECLOSE\nFROM BAR_1S_FINAL_S O\nWINDOW TUMBLING ( SIZE 1 MINUTES , GRACE PERIOD 2 SECONDS ) \nGROUP BY O.BROKER, O.SYMBOL\nEMIT CHANGES;","sinks":["BAR_1M_LIVE"],"sinkKafkaTopics":["bar_1m_live"],"id":"CTAS_BAR_1M_LIVE_101","statusCount":{"RUNNING":1},"queryType":"PERSISTENT","state":"RUNNING"},{"queryString":"CREATE TABLE BAR_TBIMP_1S_FINAL WITH (CLEANUP_POLICY='compact,delete', KAFKA_TOPIC='bar_tbimp_1s_final', KEY_FORMAT='AVRO', PARTITIONS=1, REPLICAS=1, RETENTION_MS=604800000, VALUE_FORMAT='AVRO') AS SELECT\n  O.BROKER BROKER,\n  O.SYMBOL SYMBOL,\n  WINDOWSTART BUCKETSTART,\n  EARLIEST_BY_OFFSET(O.BID) OPEN,\n  MAX(O.BID) HIGH,\n  MIN(O.BID) LOW,\n  LATEST_BY_OFFSET(O.BID) CLOSE\nFROM TICKS_TBIMP O\nWINDOW TUMBLING ( SIZE 1 SECONDS ) \nGROUP BY O.BROKER, O.SYMBOL\nEMIT FINAL;","sinks":["BAR_TBIMP_1S_FINAL"],"sinkKafkaTopics":["bar_tbimp_1s_final"],"id":"CTAS_BAR_TBIMP_1S_FINAL_85","statusCount":{"RUNNING":1},"queryType":"PERSISTENT","state":"RUNNING"}],"warnings":[]}]&#xD;
warn: Kafka.Ksql.Linq.KsqlContext[0]&#xD;
      SHOW QUERIES attempt 1 did not contain a matching query for bar_1s_final&#xD;
info: Kafka.Ksql.Linq.KsqlContext[0]&#xD;
      ksql execute: EXECUTE SQL=SHOW QUERIES;&#xD;
info: Kafka.Ksql.Linq.KsqlContext[0]&#xD;
      SHOW QUERIES output (attempt 2): [{"@type":"queries","statementText":"SHOW QUERIES;","queries":[{"queryString":"CREATE TABLE BAR_1S_FINAL WITH (CLEANUP_POLICY='compact,delete', KAFKA_TOPIC='bar_1s_final', KEY_FORMAT='AVRO', PARTITIONS=1, REPLICAS=1, RETENTION_MS=604800000, VALUE_FORMAT='AVRO') AS SELECT\n  O.BROKER BROKER,\n  O.SYMBOL SYMBOL,\n  WINDOWSTART BUCKETSTART,\n  EARLIEST_BY_OFFSET(O.BID) OPEN,\n  MAX(O.BID) HIGH,\n  MIN(O.BID) LOW,\n  LATEST_BY_OFFSET(O.BID) KSQLTIMEFRAMECLOSE\nFROM DEDUPRATES O\nWINDOW TUMBLING ( SIZE 1 SECONDS ) \nGROUP BY O.BROKER, O.SYMBOL\nEMIT FINAL;","sinks":["BAR_1S_FINAL"],"sinkKafkaTopics":["bar_1s_final"],"id":"CTAS_BAR_1S_FINAL_97","statusCount":{"RUNNING":1},"queryType":"PERSISTENT","state":"RUNNING"},{"queryString":"CREATE TABLE BAR_TBIMP_1M_LIVE WITH (CLEANUP_POLICY='compact,delete', KAFKA_TOPIC='bar_tbimp_1m_live', KEY_FORMAT='AVRO', PARTITIONS=1, REPLICAS=1, RETENTION_MS=604800000, VALUE_FORMAT='AVRO') AS SELECT\n  O.BROKER BROKER,\n  O.SYMBOL SYMBOL,\n  WINDOWSTART BUCKETSTART,\n  EARLIEST_BY_OFFSET(O.OPEN) OPEN,\n  MAX(O.HIGH) HIGH,\n  MIN(O.LOW) LOW,\n  LATEST_BY_OFFSET(O.CLOSE) CLOSE\nFROM BAR_TBIMP_1S_FINAL_S O\nWINDOW TUMBLING ( SIZE 1 MINUTES , GRACE PERIOD 2 SECONDS ) \nGROUP BY O.BROKER, O.SYMBOL\nEMIT CHANGES;","sinks":["BAR_TBIMP_1M_LIVE"],"sinkKafkaTopics":["bar_tbimp_1m_live"],"id":"CTAS_BAR_TBIMP_1M_LIVE_89","statusCount":{"RUNNING":1},"queryType":"PERSISTENT","state":"RUNNING"},{"queryString":"CREATE TABLE BAR_5M_LIVE WITH (CLEANUP_POLICY='compact,delete', KAFKA_TOPIC='bar_5m_live', KEY_FORMAT='AVRO', PARTITIONS=1, REPLICAS=1, RETENTION_MS=604800000, VALUE_FORMAT='AVRO') AS SELECT\n  O.BROKER BROKER,\n  O.SYMBOL SYMBOL,\n  WINDOWSTART BUCKETSTART,\n  EARLIEST_BY_OFFSET(O.OPEN) OPEN,\n  MAX(O.HIGH) HIGH,\n  MIN(O.LOW) LOW,\n  LATEST_BY_OFFSET(O.KSQLTIMEFRAMECLOSE) KSQLTIMEFRAMECLOSE\nFROM BAR_1S_FINAL_S O\nWINDOW TUMBLING ( SIZE 5 MINUTES , GRACE PERIOD 3 SECONDS ) \nGROUP BY O.BROKER, O.SYMBOL\nEMIT CHANGES;","sinks":["BAR_5M_LIVE"],"sinkKafkaTopics":["bar_5m_live"],"id":"CTAS_BAR_5M_LIVE_103","statusCount":{"RUNNING":1},"queryType":"PERSISTENT","state":"RUNNING"},{"queryString":"CREATE TABLE BAR_TBIMP_5M_LIVE WITH (CLEANUP_POLICY='compact,delete', KAFKA_TOPIC='bar_tbimp_5m_live', KEY_FORMAT='AVRO', PARTITIONS=1, REPLICAS=1, RETENTION_MS=604800000, VALUE_FORMAT='AVRO') AS SELECT\n  O.BROKER BROKER,\n  O.SYMBOL SYMBOL,\n  WINDOWSTART BUCKETSTART,\n  EARLIEST_BY_OFFSET(O.OPEN) OPEN,\n  MAX(O.HIGH) HIGH,\n  MIN(O.LOW) LOW,\n  LATEST_BY_OFFSET(O.CLOSE) CLOSE\nFROM BAR_TBIMP_1S_FINAL_S O\nWINDOW TUMBLING ( SIZE 5 MINUTES , GRACE PERIOD 3 SECONDS ) \nGROUP BY O.BROKER, O.SYMBOL\nEMIT CHANGES;","sinks":["BAR_TBIMP_5M_LIVE"],"sinkKafkaTopics":["bar_tbimp_5m_live"],"id":"CTAS_BAR_TBIMP_5M_LIVE_91","statusCount":{"RUNNING":1},"queryType":"PERSISTENT","state":"RUNNING"},{"queryString":"CREATE TABLE BAR_1M_LIVE WITH (CLEANUP_POLICY='compact,delete', KAFKA_TOPIC='bar_1m_live', KEY_FORMAT='AVRO', PARTITIONS=1, REPLICAS=1, RETENTION_MS=604800000, VALUE_FORMAT='AVRO') AS SELECT\n  O.BROKER BROKER,\n  O.SYMBOL SYMBOL,\n  WINDOWSTART BUCKETSTART,\n  EARLIEST_BY_OFFSET(O.OPEN) OPEN,\n  MAX(O.HIGH) HIGH,\n  MIN(O.LOW) LOW,\n  LATEST_BY_OFFSET(O.KSQLTIMEFRAMECLOSE) KSQLTIMEFRAMECLOSE\nFROM BAR_1S_FINAL_S O\nWINDOW TUMBLING ( SIZE 1 MINUTES , GRACE PERIOD 2 SECONDS ) \nGROUP BY O.BROKER, O.SYMBOL\nEMIT CHANGES;","sinks":["BAR_1M_LIVE"],"sinkKafkaTopics":["bar_1m_live"],"id":"CTAS_BAR_1M_LIVE_101","statusCount":{"RUNNING":1},"queryType":"PERSISTENT","state":"RUNNING"},{"queryString":"CREATE TABLE BAR_TBIMP_1S_FINAL WITH (CLEANUP_POLICY='compact,delete', KAFKA_TOPIC='bar_tbimp_1s_final', KEY_FORMAT='AVRO', PARTITIONS=1, REPLICAS=1, RETENTION_MS=604800000, VALUE_FORMAT='AVRO') AS SELECT\n  O.BROKER BROKER,\n  O.SYMBOL SYMBOL,\n  WINDOWSTART BUCKETSTART,\n  EARLIEST_BY_OFFSET(O.BID) OPEN,\n  MAX(O.BID) HIGH,\n  MIN(O.BID) LOW,\n  LATEST_BY_OFFSET(O.BID) CLOSE\nFROM TICKS_TBIMP O\nWINDOW TUMBLING ( SIZE 1 SECONDS ) \nGROUP BY O.BROKER, O.SYMBOL\nEMIT FINAL;","sinks":["BAR_TBIMP_1S_FINAL"],"sinkKafkaTopics":["bar_tbimp_1s_final"],"id":"CTAS_BAR_TBIMP_1S_FINAL_85","statusCount":{"RUNNING":1},"queryType":"PERSISTENT","state":"RUNNING"}],"warnings":[]}]&#xD;
warn: Kafka.Ksql.Linq.KsqlContext[0]&#xD;
      SHOW QUERIES attempt 2 did not contain a matching query for bar_1s_final&#xD;
info: Kafka.Ksql.Linq.KsqlContext[0]&#xD;
      ksql execute: EXECUTE SQL=SHOW QUERIES;&#xD;
info: Kafka.Ksql.Linq.KsqlContext[0]&#xD;
      SHOW QUERIES output (attempt 3): [{"@type":"queries","statementText":"SHOW QUERIES;","queries":[{"queryString":"CREATE TABLE BAR_1S_FINAL WITH (CLEANUP_POLICY='compact,delete', KAFKA_TOPIC='bar_1s_final', KEY_FORMAT='AVRO', PARTITIONS=1, REPLICAS=1, RETENTION_MS=604800000, VALUE_FORMAT='AVRO') AS SELECT\n  O.BROKER BROKER,\n  O.SYMBOL SYMBOL,\n  WINDOWSTART BUCKETSTART,\n  EARLIEST_BY_OFFSET(O.BID) OPEN,\n  MAX(O.BID) HIGH,\n  MIN(O.BID) LOW,\n  LATEST_BY_OFFSET(O.BID) KSQLTIMEFRAMECLOSE\nFROM DEDUPRATES O\nWINDOW TUMBLING ( SIZE 1 SECONDS ) \nGROUP BY O.BROKER, O.SYMBOL\nEMIT FINAL;","sinks":["BAR_1S_FINAL"],"sinkKafkaTopics":["bar_1s_final"],"id":"CTAS_BAR_1S_FINAL_97","statusCount":{"RUNNING":1},"queryType":"PERSISTENT","state":"RUNNING"},{"queryString":"CREATE TABLE BAR_TBIMP_1M_LIVE WITH (CLEANUP_POLICY='compact,delete', KAFKA_TOPIC='bar_tbimp_1m_live', KEY_FORMAT='AVRO', PARTITIONS=1, REPLICAS=1, RETENTION_MS=604800000, VALUE_FORMAT='AVRO') AS SELECT\n  O.BROKER BROKER,\n  O.SYMBOL SYMBOL,\n  WINDOWSTART BUCKETSTART,\n  EARLIEST_BY_OFFSET(O.OPEN) OPEN,\n  MAX(O.HIGH) HIGH,\n  MIN(O.LOW) LOW,\n  LATEST_BY_OFFSET(O.CLOSE) CLOSE\nFROM BAR_TBIMP_1S_FINAL_S O\nWINDOW TUMBLING ( SIZE 1 MINUTES , GRACE PERIOD 2 SECONDS ) \nGROUP BY O.BROKER, O.SYMBOL\nEMIT CHANGES;","sinks":["BAR_TBIMP_1M_LIVE"],"sinkKafkaTopics":["bar_tbimp_1m_live"],"id":"CTAS_BAR_TBIMP_1M_LIVE_89","statusCount":{"RUNNING":1},"queryType":"PERSISTENT","state":"RUNNING"},{"queryString":"CREATE TABLE BAR_5M_LIVE WITH (CLEANUP_POLICY='compact,delete', KAFKA_TOPIC='bar_5m_live', KEY_FORMAT='AVRO', PARTITIONS=1, REPLICAS=1, RETENTION_MS=604800000, VALUE_FORMAT='AVRO') AS SELECT\n  O.BROKER BROKER,\n  O.SYMBOL SYMBOL,\n  WINDOWSTART BUCKETSTART,\n  EARLIEST_BY_OFFSET(O.OPEN) OPEN,\n  MAX(O.HIGH) HIGH,\n  MIN(O.LOW) LOW,\n  LATEST_BY_OFFSET(O.KSQLTIMEFRAMECLOSE) KSQLTIMEFRAMECLOSE\nFROM BAR_1S_FINAL_S O\nWINDOW TUMBLING ( SIZE 5 MINUTES , GRACE PERIOD 3 SECONDS ) \nGROUP BY O.BROKER, O.SYMBOL\nEMIT CHANGES;","sinks":["BAR_5M_LIVE"],"sinkKafkaTopics":["bar_5m_live"],"id":"CTAS_BAR_5M_LIVE_103","statusCount":{"RUNNING":1},"queryType":"PERSISTENT","state":"RUNNING"},{"queryString":"CREATE TABLE BAR_TBIMP_5M_LIVE WITH (CLEANUP_POLICY='compact,delete', KAFKA_TOPIC='bar_tbimp_5m_live', KEY_FORMAT='AVRO', PARTITIONS=1, REPLICAS=1, RETENTION_MS=604800000, VALUE_FORMAT='AVRO') AS SELECT\n  O.BROKER BROKER,\n  O.SYMBOL SYMBOL,\n  WINDOWSTART BUCKETSTART,\n  EARLIEST_BY_OFFSET(O.OPEN) OPEN,\n  MAX(O.HIGH) HIGH,\n  MIN(O.LOW) LOW,\n  LATEST_BY_OFFSET(O.CLOSE) CLOSE\nFROM BAR_TBIMP_1S_FINAL_S O\nWINDOW TUMBLING ( SIZE 5 MINUTES , GRACE PERIOD 3 SECONDS ) \nGROUP BY O.BROKER, O.SYMBOL\nEMIT CHANGES;","sinks":["BAR_TBIMP_5M_LIVE"],"sinkKafkaTopics":["bar_tbimp_5m_live"],"id":"CTAS_BAR_TBIMP_5M_LIVE_91","statusCount":{"RUNNING":1},"queryType":"PERSISTENT","state":"RUNNING"},{"queryString":"CREATE TABLE BAR_1M_LIVE WITH (CLEANUP_POLICY='compact,delete', KAFKA_TOPIC='bar_1m_live', KEY_FORMAT='AVRO', PARTITIONS=1, REPLICAS=1, RETENTION_MS=604800000, VALUE_FORMAT='AVRO') AS SELECT\n  O.BROKER BROKER,\n  O.SYMBOL SYMBOL,\n  WINDOWSTART BUCKETSTART,\n  EARLIEST_BY_OFFSET(O.OPEN) OPEN,\n  MAX(O.HIGH) HIGH,\n  MIN(O.LOW) LOW,\n  LATEST_BY_OFFSET(O.KSQLTIMEFRAMECLOSE) KSQLTIMEFRAMECLOSE\nFROM BAR_1S_FINAL_S O\nWINDOW TUMBLING ( SIZE 1 MINUTES , GRACE PERIOD 2 SECONDS ) \nGROUP BY O.BROKER, O.SYMBOL\nEMIT CHANGES;","sinks":["BAR_1M_LIVE"],"sinkKafkaTopics":["bar_1m_live"],"id":"CTAS_BAR_1M_LIVE_101","statusCount":{"RUNNING":1},"queryType":"PERSISTENT","state":"RUNNING"},{"queryString":"CREATE TABLE BAR_TBIMP_1S_FINAL WITH (CLEANUP_POLICY='compact,delete', KAFKA_TOPIC='bar_tbimp_1s_final', KEY_FORMAT='AVRO', PARTITIONS=1, REPLICAS=1, RETENTION_MS=604800000, VALUE_FORMAT='AVRO') AS SELECT\n  O.BROKER BROKER,\n  O.SYMBOL SYMBOL,\n  WINDOWSTART BUCKETSTART,\n  EARLIEST_BY_OFFSET(O.BID) OPEN,\n  MAX(O.BID) HIGH,\n  MIN(O.BID) LOW,\n  LATEST_BY_OFFSET(O.BID) CLOSE\nFROM TICKS_TBIMP O\nWINDOW TUMBLING ( SIZE 1 SECONDS ) \nGROUP BY O.BROKER, O.SYMBOL\nEMIT FINAL;","sinks":["BAR_TBIMP_1S_FINAL"],"sinkKafkaTopics":["bar_tbimp_1s_final"],"id":"CTAS_BAR_TBIMP_1S_FINAL_85","statusCount":{"RUNNING":1},"queryType":"PERSISTENT","state":"RUNNING"}],"warnings":[]}]&#xD;
warn: Kafka.Ksql.Linq.KsqlContext[0]&#xD;
      SHOW QUERIES attempt 3 did not contain a matching query for bar_1s_final&#xD;
info: Kafka.Ksql.Linq.KsqlContext[0]&#xD;
      ksql execute: EXECUTE SQL=SHOW QUERIES;&#xD;
info: Kafka.Ksql.Linq.KsqlContext[0]&#xD;
      SHOW QUERIES output (attempt 4): [{"@type":"queries","statementText":"SHOW QUERIES;","queries":[{"queryString":"CREATE TABLE BAR_1S_FINAL WITH (CLEANUP_POLICY='compact,delete', KAFKA_TOPIC='bar_1s_final', KEY_FORMAT='AVRO', PARTITIONS=1, REPLICAS=1, RETENTION_MS=604800000, VALUE_FORMAT='AVRO') AS SELECT\n  O.BROKER BROKER,\n  O.SYMBOL SYMBOL,\n  WINDOWSTART BUCKETSTART,\n  EARLIEST_BY_OFFSET(O.BID) OPEN,\n  MAX(O.BID) HIGH,\n  MIN(O.BID) LOW,\n  LATEST_BY_OFFSET(O.BID) KSQLTIMEFRAMECLOSE\nFROM DEDUPRATES O\nWINDOW TUMBLING ( SIZE 1 SECONDS ) \nGROUP BY O.BROKER, O.SYMBOL\nEMIT FINAL;","sinks":["BAR_1S_FINAL"],"sinkKafkaTopics":["bar_1s_final"],"id":"CTAS_BAR_1S_FINAL_97","statusCount":{"RUNNING":1},"queryType":"PERSISTENT","state":"RUNNING"},{"queryString":"CREATE TABLE BAR_TBIMP_1M_LIVE WITH (CLEANUP_POLICY='compact,delete', KAFKA_TOPIC='bar_tbimp_1m_live', KEY_FORMAT='AVRO', PARTITIONS=1, REPLICAS=1, RETENTION_MS=604800000, VALUE_FORMAT='AVRO') AS SELECT\n  O.BROKER BROKER,\n  O.SYMBOL SYMBOL,\n  WINDOWSTART BUCKETSTART,\n  EARLIEST_BY_OFFSET(O.OPEN) OPEN,\n  MAX(O.HIGH) HIGH,\n  MIN(O.LOW) LOW,\n  LATEST_BY_OFFSET(O.CLOSE) CLOSE\nFROM BAR_TBIMP_1S_FINAL_S O\nWINDOW TUMBLING ( SIZE 1 MINUTES , GRACE PERIOD 2 SECONDS ) \nGROUP BY O.BROKER, O.SYMBOL\nEMIT CHANGES;","sinks":["BAR_TBIMP_1M_LIVE"],"sinkKafkaTopics":["bar_tbimp_1m_live"],"id":"CTAS_BAR_TBIMP_1M_LIVE_89","statusCount":{"RUNNING":1},"queryType":"PERSISTENT","state":"RUNNING"},{"queryString":"CREATE TABLE BAR_5M_LIVE WITH (CLEANUP_POLICY='compact,delete', KAFKA_TOPIC='bar_5m_live', KEY_FORMAT='AVRO', PARTITIONS=1, REPLICAS=1, RETENTION_MS=604800000, VALUE_FORMAT='AVRO') AS SELECT\n  O.BROKER BROKER,\n  O.SYMBOL SYMBOL,\n  WINDOWSTART BUCKETSTART,\n  EARLIEST_BY_OFFSET(O.OPEN) OPEN,\n  MAX(O.HIGH) HIGH,\n  MIN(O.LOW) LOW,\n  LATEST_BY_OFFSET(O.KSQLTIMEFRAMECLOSE) KSQLTIMEFRAMECLOSE\nFROM BAR_1S_FINAL_S O\nWINDOW TUMBLING ( SIZE 5 MINUTES , GRACE PERIOD 3 SECONDS ) \nGROUP BY O.BROKER, O.SYMBOL\nEMIT CHANGES;","sinks":["BAR_5M_LIVE"],"sinkKafkaTopics":["bar_5m_live"],"id":"CTAS_BAR_5M_LIVE_103","statusCount":{"RUNNING":1},"queryType":"PERSISTENT","state":"RUNNING"},{"queryString":"CREATE TABLE BAR_TBIMP_5M_LIVE WITH (CLEANUP_POLICY='compact,delete', KAFKA_TOPIC='bar_tbimp_5m_live', KEY_FORMAT='AVRO', PARTITIONS=1, REPLICAS=1, RETENTION_MS=604800000, VALUE_FORMAT='AVRO') AS SELECT\n  O.BROKER BROKER,\n  O.SYMBOL SYMBOL,\n  WINDOWSTART BUCKETSTART,\n  EARLIEST_BY_OFFSET(O.OPEN) OPEN,\n  MAX(O.HIGH) HIGH,\n  MIN(O.LOW) LOW,\n  LATEST_BY_OFFSET(O.CLOSE) CLOSE\nFROM BAR_TBIMP_1S_FINAL_S O\nWINDOW TUMBLING ( SIZE 5 MINUTES , GRACE PERIOD 3 SECONDS ) \nGROUP BY O.BROKER, O.SYMBOL\nEMIT CHANGES;","sinks":["BAR_TBIMP_5M_LIVE"],"sinkKafkaTopics":["bar_tbimp_5m_live"],"id":"CTAS_BAR_TBIMP_5M_LIVE_91","statusCount":{"RUNNING":1},"queryType":"PERSISTENT","state":"RUNNING"},{"queryString":"CREATE TABLE BAR_1M_LIVE WITH (CLEANUP_POLICY='compact,delete', KAFKA_TOPIC='bar_1m_live', KEY_FORMAT='AVRO', PARTITIONS=1, REPLICAS=1, RETENTION_MS=604800000, VALUE_FORMAT='AVRO') AS SELECT\n  O.BROKER BROKER,\n  O.SYMBOL SYMBOL,\n  WINDOWSTART BUCKETSTART,\n  EARLIEST_BY_OFFSET(O.OPEN) OPEN,\n  MAX(O.HIGH) HIGH,\n  MIN(O.LOW) LOW,\n  LATEST_BY_OFFSET(O.KSQLTIMEFRAMECLOSE) KSQLTIMEFRAMECLOSE\nFROM BAR_1S_FINAL_S O\nWINDOW TUMBLING ( SIZE 1 MINUTES , GRACE PERIOD 2 SECONDS ) \nGROUP BY O.BROKER, O.SYMBOL\nEMIT CHANGES;","sinks":["BAR_1M_LIVE"],"sinkKafkaTopics":["bar_1m_live"],"id":"CTAS_BAR_1M_LIVE_101","statusCount":{"RUNNING":1},"queryType":"PERSISTENT","state":"RUNNING"},{"queryString":"CREATE TABLE BAR_TBIMP_1S_FINAL WITH (CLEANUP_POLICY='compact,delete', KAFKA_TOPIC='bar_tbimp_1s_final', KEY_FORMAT='AVRO', PARTITIONS=1, REPLICAS=1, RETENTION_MS=604800000, VALUE_FORMAT='AVRO') AS SELECT\n  O.BROKER BROKER,\n  O.SYMBOL SYMBOL,\n  WINDOWSTART BUCKETSTART,\n  EARLIEST_BY_OFFSET(O.BID) OPEN,\n  MAX(O.BID) HIGH,\n  MIN(O.BID) LOW,\n  LATEST_BY_OFFSET(O.BID) CLOSE\nFROM TICKS_TBIMP O\nWINDOW TUMBLING ( SIZE 1 SECONDS ) \nGROUP BY O.BROKER, O.SYMBOL\nEMIT FINAL;","sinks":["BAR_TBIMP_1S_FINAL"],"sinkKafkaTopics":["bar_tbimp_1s_final"],"id":"CTAS_BAR_TBIMP_1S_FINAL_85","statusCount":{"RUNNING":1},"queryType":"PERSISTENT","state":"RUNNING"}],"warnings":[]}]&#xD;
warn: Kafka.Ksql.Linq.KsqlContext[0]&#xD;
      SHOW QUERIES attempt 4 did not contain a matching query for bar_1s_final&#xD;
info: Kafka.Ksql.Linq.KsqlContext[0]&#xD;
      ksql execute: EXECUTE SQL=SHOW QUERIES;&#xD;
info: Kafka.Ksql.Linq.KsqlContext[0]&#xD;
      SHOW QUERIES output (attempt 5): [{"@type":"queries","statementText":"SHOW QUERIES;","queries":[{"queryString":"CREATE TABLE BAR_1S_FINAL WITH (CLEANUP_POLICY='compact,delete', KAFKA_TOPIC='bar_1s_final', KEY_FORMAT='AVRO', PARTITIONS=1, REPLICAS=1, RETENTION_MS=604800000, VALUE_FORMAT='AVRO') AS SELECT\n  O.BROKER BROKER,\n  O.SYMBOL SYMBOL,\n  WINDOWSTART BUCKETSTART,\n  EARLIEST_BY_OFFSET(O.BID) OPEN,\n  MAX(O.BID) HIGH,\n  MIN(O.BID) LOW,\n  LATEST_BY_OFFSET(O.BID) KSQLTIMEFRAMECLOSE\nFROM DEDUPRATES O\nWINDOW TUMBLING ( SIZE 1 SECONDS ) \nGROUP BY O.BROKER, O.SYMBOL\nEMIT FINAL;","sinks":["BAR_1S_FINAL"],"sinkKafkaTopics":["bar_1s_final"],"id":"CTAS_BAR_1S_FINAL_97","statusCount":{"RUNNING":1},"queryType":"PERSISTENT","state":"RUNNING"},{"queryString":"CREATE TABLE BAR_TBIMP_1M_LIVE WITH (CLEANUP_POLICY='compact,delete', KAFKA_TOPIC='bar_tbimp_1m_live', KEY_FORMAT='AVRO', PARTITIONS=1, REPLICAS=1, RETENTION_MS=604800000, VALUE_FORMAT='AVRO') AS SELECT\n  O.BROKER BROKER,\n  O.SYMBOL SYMBOL,\n  WINDOWSTART BUCKETSTART,\n  EARLIEST_BY_OFFSET(O.OPEN) OPEN,\n  MAX(O.HIGH) HIGH,\n  MIN(O.LOW) LOW,\n  LATEST_BY_OFFSET(O.CLOSE) CLOSE\nFROM BAR_TBIMP_1S_FINAL_S O\nWINDOW TUMBLING ( SIZE 1 MINUTES , GRACE PERIOD 2 SECONDS ) \nGROUP BY O.BROKER, O.SYMBOL\nEMIT CHANGES;","sinks":["BAR_TBIMP_1M_LIVE"],"sinkKafkaTopics":["bar_tbimp_1m_live"],"id":"CTAS_BAR_TBIMP_1M_LIVE_89","statusCount":{"RUNNING":1},"queryType":"PERSISTENT","state":"RUNNING"},{"queryString":"CREATE TABLE BAR_5M_LIVE WITH (CLEANUP_POLICY='compact,delete', KAFKA_TOPIC='bar_5m_live', KEY_FORMAT='AVRO', PARTITIONS=1, REPLICAS=1, RETENTION_MS=604800000, VALUE_FORMAT='AVRO') AS SELECT\n  O.BROKER BROKER,\n  O.SYMBOL SYMBOL,\n  WINDOWSTART BUCKETSTART,\n  EARLIEST_BY_OFFSET(O.OPEN) OPEN,\n  MAX(O.HIGH) HIGH,\n  MIN(O.LOW) LOW,\n  LATEST_BY_OFFSET(O.KSQLTIMEFRAMECLOSE) KSQLTIMEFRAMECLOSE\nFROM BAR_1S_FINAL_S O\nWINDOW TUMBLING ( SIZE 5 MINUTES , GRACE PERIOD 3 SECONDS ) \nGROUP BY O.BROKER, O.SYMBOL\nEMIT CHANGES;","sinks":["BAR_5M_LIVE"],"sinkKafkaTopics":["bar_5m_live"],"id":"CTAS_BAR_5M_LIVE_103","statusCount":{"RUNNING":1},"queryType":"PERSISTENT","state":"RUNNING"},{"queryString":"CREATE TABLE BAR_TBIMP_5M_LIVE WITH (CLEANUP_POLICY='compact,delete', KAFKA_TOPIC='bar_tbimp_5m_live', KEY_FORMAT='AVRO', PARTITIONS=1, REPLICAS=1, RETENTION_MS=604800000, VALUE_FORMAT='AVRO') AS SELECT\n  O.BROKER BROKER,\n  O.SYMBOL SYMBOL,\n  WINDOWSTART BUCKETSTART,\n  EARLIEST_BY_OFFSET(O.OPEN) OPEN,\n  MAX(O.HIGH) HIGH,\n  MIN(O.LOW) LOW,\n  LATEST_BY_OFFSET(O.CLOSE) CLOSE\nFROM BAR_TBIMP_1S_FINAL_S O\nWINDOW TUMBLING ( SIZE 5 MINUTES , GRACE PERIOD 3 SECONDS ) \nGROUP BY O.BROKER, O.SYMBOL\nEMIT CHANGES;","sinks":["BAR_TBIMP_5M_LIVE"],"sinkKafkaTopics":["bar_tbimp_5m_live"],"id":"CTAS_BAR_TBIMP_5M_LIVE_91","statusCount":{"RUNNING":1},"queryType":"PERSISTENT","state":"RUNNING"},{"queryString":"CREATE TABLE BAR_1M_LIVE WITH (CLEANUP_POLICY='compact,delete', KAFKA_TOPIC='bar_1m_live', KEY_FORMAT='AVRO', PARTITIONS=1, REPLICAS=1, RETENTION_MS=604800000, VALUE_FORMAT='AVRO') AS SELECT\n  O.BROKER BROKER,\n  O.SYMBOL SYMBOL,\n  WINDOWSTART BUCKETSTART,\n  EARLIEST_BY_OFFSET(O.OPEN) OPEN,\n  MAX(O.HIGH) HIGH,\n  MIN(O.LOW) LOW,\n  LATEST_BY_OFFSET(O.KSQLTIMEFRAMECLOSE) KSQLTIMEFRAMECLOSE\nFROM BAR_1S_FINAL_S O\nWINDOW TUMBLING ( SIZE 1 MINUTES , GRACE PERIOD 2 SECONDS ) \nGROUP BY O.BROKER, O.SYMBOL\nEMIT CHANGES;","sinks":["BAR_1M_LIVE"],"sinkKafkaTopics":["bar_1m_live"],"id":"CTAS_BAR_1M_LIVE_101","statusCount":{"RUNNING":1},"queryType":"PERSISTENT","state":"RUNNING"},{"queryString":"CREATE TABLE BAR_TBIMP_1S_FINAL WITH (CLEANUP_POLICY='compact,delete', KAFKA_TOPIC='bar_tbimp_1s_final', KEY_FORMAT='AVRO', PARTITIONS=1, REPLICAS=1, RETENTION_MS=604800000, VALUE_FORMAT='AVRO') AS SELECT\n  O.BROKER BROKER,\n  O.SYMBOL SYMBOL,\n  WINDOWSTART BUCKETSTART,\n  EARLIEST_BY_OFFSET(O.BID) OPEN,\n  MAX(O.BID) HIGH,\n  MIN(O.BID) LOW,\n  LATEST_BY_OFFSET(O.BID) CLOSE\nFROM TICKS_TBIMP O\nWINDOW TUMBLING ( SIZE 1 SECONDS ) \nGROUP BY O.BROKER, O.SYMBOL\nEMIT FINAL;","sinks":["BAR_TBIMP_1S_FINAL"],"sinkKafkaTopics":["bar_tbimp_1s_final"],"id":"CTAS_BAR_TBIMP_1S_FINAL_85","statusCount":{"RUNNING":1},"queryType":"PERSISTENT","state":"RUNNING"}],"warnings":[]}]&#xD;
warn: Kafka.Ksql.Linq.KsqlContext[0]&#xD;
      SHOW QUERIES attempt 5 did not contain a matching query for bar_1s_final&#xD;
warn: Kafka.Ksql.Linq.KsqlContext[0]&#xD;
      Unable to locate queryId for bar_1s_final after 5 attempts&#xD;
warn: Kafka.Ksql.Linq.KsqlContext[0]&#xD;
      Could not locate queryId via SHOW QUERIES for derived statement targeting bar_1s_final: CREATE TABLE bar_1s_final  WITH (KAFKA_TOPIC='bar_1s_final', KEY_FORMAT='AVRO', VALUE_FORMAT='AVRO') AS&#xD;
      SELECT BROKER AS Broker, SYMBOL AS Symbol, WINDOWSTART AS BucketStart, EARLIEST_BY_OFFSET(Bid) AS Open, MAX(Bid) AS High, MIN(Bid) AS Low, LATEST_BY_OFFSET(Bid) AS KsqlTimeFrameClose&#xD;
      FROM DEDUPRATES o WINDOW TUMBLING (SIZE 1 SECONDS)&#xD;
      GROUP BY BROKER, SYMBOL&#xD;
      EMIT FINAL;&#xD;
info: Kafka.Ksql.Linq.KsqlContext[0]&#xD;
      ksql execute: EXECUTE SQL=SHOW QUERIES;&#xD;
info: Kafka.Ksql.Linq.KsqlContext[0]&#xD;
      SHOW QUERIES output (attempt 1): [{"@type":"queries","statementText":"SHOW QUERIES;","queries":[{"queryString":"CREATE TABLE BAR_1S_FINAL WITH (CLEANUP_POLICY='compact,delete', KAFKA_TOPIC='bar_1s_final', KEY_FORMAT='AVRO', PARTITIONS=1, REPLICAS=1, RETENTION_MS=604800000, VALUE_FORMAT='AVRO') AS SELECT\n  O.BROKER BROKER,\n  O.SYMBOL SYMBOL,\n  WINDOWSTART BUCKETSTART,\n  EARLIEST_BY_OFFSET(O.BID) OPEN,\n  MAX(O.BID) HIGH,\n  MIN(O.BID) LOW,\n  LATEST_BY_OFFSET(O.BID) KSQLTIMEFRAMECLOSE\nFROM DEDUPRATES O\nWINDOW TUMBLING ( SIZE 1 SECONDS ) \nGROUP BY O.BROKER, O.SYMBOL\nEMIT FINAL;","sinks":["BAR_1S_FINAL"],"sinkKafkaTopics":["bar_1s_final"],"id":"CTAS_BAR_1S_FINAL_97","statusCount":{"RUNNING":1},"queryType":"PERSISTENT","state":"RUNNING"},{"queryString":"CREATE TABLE BAR_TBIMP_1M_LIVE WITH (CLEANUP_POLICY='compact,delete', KAFKA_TOPIC='bar_tbimp_1m_live', KEY_FORMAT='AVRO', PARTITIONS=1, REPLICAS=1, RETENTION_MS=604800000, VALUE_FORMAT='AVRO') AS SELECT\n  O.BROKER BROKER,\n  O.SYMBOL SYMBOL,\n  WINDOWSTART BUCKETSTART,\n  EARLIEST_BY_OFFSET(O.OPEN) OPEN,\n  MAX(O.HIGH) HIGH,\n  MIN(O.LOW) LOW,\n  LATEST_BY_OFFSET(O.CLOSE) CLOSE\nFROM BAR_TBIMP_1S_FINAL_S O\nWINDOW TUMBLING ( SIZE 1 MINUTES , GRACE PERIOD 2 SECONDS ) \nGROUP BY O.BROKER, O.SYMBOL\nEMIT CHANGES;","sinks":["BAR_TBIMP_1M_LIVE"],"sinkKafkaTopics":["bar_tbimp_1m_live"],"id":"CTAS_BAR_TBIMP_1M_LIVE_89","statusCount":{"RUNNING":1},"queryType":"PERSISTENT","state":"RUNNING"},{"queryString":"CREATE TABLE BAR_5M_LIVE WITH (CLEANUP_POLICY='compact,delete', KAFKA_TOPIC='bar_5m_live', KEY_FORMAT='AVRO', PARTITIONS=1, REPLICAS=1, RETENTION_MS=604800000, VALUE_FORMAT='AVRO') AS SELECT\n  O.BROKER BROKER,\n  O.SYMBOL SYMBOL,\n  WINDOWSTART BUCKETSTART,\n  EARLIEST_BY_OFFSET(O.OPEN) OPEN,\n  MAX(O.HIGH) HIGH,\n  MIN(O.LOW) LOW,\n  LATEST_BY_OFFSET(O.KSQLTIMEFRAMECLOSE) KSQLTIMEFRAMECLOSE\nFROM BAR_1S_FINAL_S O\nWINDOW TUMBLING ( SIZE 5 MINUTES , GRACE PERIOD 3 SECONDS ) \nGROUP BY O.BROKER, O.SYMBOL\nEMIT CHANGES;","sinks":["BAR_5M_LIVE"],"sinkKafkaTopics":["bar_5m_live"],"id":"CTAS_BAR_5M_LIVE_103","statusCount":{"RUNNING":1},"queryType":"PERSISTENT","state":"RUNNING"},{"queryString":"CREATE TABLE BAR_TBIMP_5M_LIVE WITH (CLEANUP_POLICY='compact,delete', KAFKA_TOPIC='bar_tbimp_5m_live', KEY_FORMAT='AVRO', PARTITIONS=1, REPLICAS=1, RETENTION_MS=604800000, VALUE_FORMAT='AVRO') AS SELECT\n  O.BROKER BROKER,\n  O.SYMBOL SYMBOL,\n  WINDOWSTART BUCKETSTART,\n  EARLIEST_BY_OFFSET(O.OPEN) OPEN,\n  MAX(O.HIGH) HIGH,\n  MIN(O.LOW) LOW,\n  LATEST_BY_OFFSET(O.CLOSE) CLOSE\nFROM BAR_TBIMP_1S_FINAL_S O\nWINDOW TUMBLING ( SIZE 5 MINUTES , GRACE PERIOD 3 SECONDS ) \nGROUP BY O.BROKER, O.SYMBOL\nEMIT CHANGES;","sinks":["BAR_TBIMP_5M_LIVE"],"sinkKafkaTopics":["bar_tbimp_5m_live"],"id":"CTAS_BAR_TBIMP_5M_LIVE_91","statusCount":{"RUNNING":1},"queryType":"PERSISTENT","state":"RUNNING"},{"queryString":"CREATE TABLE BAR_1M_LIVE WITH (CLEANUP_POLICY='compact,delete', KAFKA_TOPIC='bar_1m_live', KEY_FORMAT='AVRO', PARTITIONS=1, REPLICAS=1, RETENTION_MS=604800000, VALUE_FORMAT='AVRO') AS SELECT\n  O.BROKER BROKER,\n  O.SYMBOL SYMBOL,\n  WINDOWSTART BUCKETSTART,\n  EARLIEST_BY_OFFSET(O.OPEN) OPEN,\n  MAX(O.HIGH) HIGH,\n  MIN(O.LOW) LOW,\n  LATEST_BY_OFFSET(O.KSQLTIMEFRAMECLOSE) KSQLTIMEFRAMECLOSE\nFROM BAR_1S_FINAL_S O\nWINDOW TUMBLING ( SIZE 1 MINUTES , GRACE PERIOD 2 SECONDS ) \nGROUP BY O.BROKER, O.SYMBOL\nEMIT CHANGES;","sinks":["BAR_1M_LIVE"],"sinkKafkaTopics":["bar_1m_live"],"id":"CTAS_BAR_1M_LIVE_101","statusCount":{"RUNNING":1},"queryType":"PERSISTENT","state":"RUNNING"},{"queryString":"CREATE TABLE BAR_TBIMP_1S_FINAL WITH (CLEANUP_POLICY='compact,delete', KAFKA_TOPIC='bar_tbimp_1s_final', KEY_FORMAT='AVRO', PARTITIONS=1, REPLICAS=1, RETENTION_MS=604800000, VALUE_FORMAT='AVRO') AS SELECT\n  O.BROKER BROKER,\n  O.SYMBOL SYMBOL,\n  WINDOWSTART BUCKETSTART,\n  EARLIEST_BY_OFFSET(O.BID) OPEN,\n  MAX(O.BID) HIGH,\n  MIN(O.BID) LOW,\n  LATEST_BY_OFFSET(O.BID) CLOSE\nFROM TICKS_TBIMP O\nWINDOW TUMBLING ( SIZE 1 SECONDS ) \nGROUP BY O.BROKER, O.SYMBOL\nEMIT FINAL;","sinks":["BAR_TBIMP_1S_FINAL"],"sinkKafkaTopics":["bar_tbimp_1s_final"],"id":"CTAS_BAR_TBIMP_1S_FINAL_85","statusCount":{"RUNNING":1},"queryType":"PERSISTENT","state":"RUNNING"}],"warnings":[]}]&#xD;
warn: Kafka.Ksql.Linq.KsqlContext[0]&#xD;
      SHOW QUERIES attempt 1 did not contain a matching query for bar_1m_live&#xD;
info: Kafka.Ksql.Linq.KsqlContext[0]&#xD;
      ksql execute: EXECUTE SQL=SHOW QUERIES;&#xD;
info: Kafka.Ksql.Linq.KsqlContext[0]&#xD;
      SHOW QUERIES output (attempt 2): [{"@type":"queries","statementText":"SHOW QUERIES;","queries":[{"queryString":"CREATE TABLE BAR_1S_FINAL WITH (CLEANUP_POLICY='compact,delete', KAFKA_TOPIC='bar_1s_final', KEY_FORMAT='AVRO', PARTITIONS=1, REPLICAS=1, RETENTION_MS=604800000, VALUE_FORMAT='AVRO') AS SELECT\n  O.BROKER BROKER,\n  O.SYMBOL SYMBOL,\n  WINDOWSTART BUCKETSTART,\n  EARLIEST_BY_OFFSET(O.BID) OPEN,\n  MAX(O.BID) HIGH,\n  MIN(O.BID) LOW,\n  LATEST_BY_OFFSET(O.BID) KSQLTIMEFRAMECLOSE\nFROM DEDUPRATES O\nWINDOW TUMBLING ( SIZE 1 SECONDS ) \nGROUP BY O.BROKER, O.SYMBOL\nEMIT FINAL;","sinks":["BAR_1S_FINAL"],"sinkKafkaTopics":["bar_1s_final"],"id":"CTAS_BAR_1S_FINAL_97","statusCount":{"RUNNING":1},"queryType":"PERSISTENT","state":"RUNNING"},{"queryString":"CREATE TABLE BAR_TBIMP_1M_LIVE WITH (CLEANUP_POLICY='compact,delete', KAFKA_TOPIC='bar_tbimp_1m_live', KEY_FORMAT='AVRO', PARTITIONS=1, REPLICAS=1, RETENTION_MS=604800000, VALUE_FORMAT='AVRO') AS SELECT\n  O.BROKER BROKER,\n  O.SYMBOL SYMBOL,\n  WINDOWSTART BUCKETSTART,\n  EARLIEST_BY_OFFSET(O.OPEN) OPEN,\n  MAX(O.HIGH) HIGH,\n  MIN(O.LOW) LOW,\n  LATEST_BY_OFFSET(O.CLOSE) CLOSE\nFROM BAR_TBIMP_1S_FINAL_S O\nWINDOW TUMBLING ( SIZE 1 MINUTES , GRACE PERIOD 2 SECONDS ) \nGROUP BY O.BROKER, O.SYMBOL\nEMIT CHANGES;","sinks":["BAR_TBIMP_1M_LIVE"],"sinkKafkaTopics":["bar_tbimp_1m_live"],"id":"CTAS_BAR_TBIMP_1M_LIVE_89","statusCount":{"RUNNING":1},"queryType":"PERSISTENT","state":"RUNNING"},{"queryString":"CREATE TABLE BAR_5M_LIVE WITH (CLEANUP_POLICY='compact,delete', KAFKA_TOPIC='bar_5m_live', KEY_FORMAT='AVRO', PARTITIONS=1, REPLICAS=1, RETENTION_MS=604800000, VALUE_FORMAT='AVRO') AS SELECT\n  O.BROKER BROKER,\n  O.SYMBOL SYMBOL,\n  WINDOWSTART BUCKETSTART,\n  EARLIEST_BY_OFFSET(O.OPEN) OPEN,\n  MAX(O.HIGH) HIGH,\n  MIN(O.LOW) LOW,\n  LATEST_BY_OFFSET(O.KSQLTIMEFRAMECLOSE) KSQLTIMEFRAMECLOSE\nFROM BAR_1S_FINAL_S O\nWINDOW TUMBLING ( SIZE 5 MINUTES , GRACE PERIOD 3 SECONDS ) \nGROUP BY O.BROKER, O.SYMBOL\nEMIT CHANGES;","sinks":["BAR_5M_LIVE"],"sinkKafkaTopics":["bar_5m_live"],"id":"CTAS_BAR_5M_LIVE_103","statusCount":{"RUNNING":1},"queryType":"PERSISTENT","state":"RUNNING"},{"queryString":"CREATE TABLE BAR_TBIMP_5M_LIVE WITH (CLEANUP_POLICY='compact,delete', KAFKA_TOPIC='bar_tbimp_5m_live', KEY_FORMAT='AVRO', PARTITIONS=1, REPLICAS=1, RETENTION_MS=604800000, VALUE_FORMAT='AVRO') AS SELECT\n  O.BROKER BROKER,\n  O.SYMBOL SYMBOL,\n  WINDOWSTART BUCKETSTART,\n  EARLIEST_BY_OFFSET(O.OPEN) OPEN,\n  MAX(O.HIGH) HIGH,\n  MIN(O.LOW) LOW,\n  LATEST_BY_OFFSET(O.CLOSE) CLOSE\nFROM BAR_TBIMP_1S_FINAL_S O\nWINDOW TUMBLING ( SIZE 5 MINUTES , GRACE PERIOD 3 SECONDS ) \nGROUP BY O.BROKER, O.SYMBOL\nEMIT CHANGES;","sinks":["BAR_TBIMP_5M_LIVE"],"sinkKafkaTopics":["bar_tbimp_5m_live"],"id":"CTAS_BAR_TBIMP_5M_LIVE_91","statusCount":{"RUNNING":1},"queryType":"PERSISTENT","state":"RUNNING"},{"queryString":"CREATE TABLE BAR_1M_LIVE WITH (CLEANUP_POLICY='compact,delete', KAFKA_TOPIC='bar_1m_live', KEY_FORMAT='AVRO', PARTITIONS=1, REPLICAS=1, RETENTION_MS=604800000, VALUE_FORMAT='AVRO') AS SELECT\n  O.BROKER BROKER,\n  O.SYMBOL SYMBOL,\n  WINDOWSTART BUCKETSTART,\n  EARLIEST_BY_OFFSET(O.OPEN) OPEN,\n  MAX(O.HIGH) HIGH,\n  MIN(O.LOW) LOW,\n  LATEST_BY_OFFSET(O.KSQLTIMEFRAMECLOSE) KSQLTIMEFRAMECLOSE\nFROM BAR_1S_FINAL_S O\nWINDOW TUMBLING ( SIZE 1 MINUTES , GRACE PERIOD 2 SECONDS ) \nGROUP BY O.BROKER, O.SYMBOL\nEMIT CHANGES;","sinks":["BAR_1M_LIVE"],"sinkKafkaTopics":["bar_1m_live"],"id":"CTAS_BAR_1M_LIVE_101","statusCount":{"RUNNING":1},"queryType":"PERSISTENT","state":"RUNNING"},{"queryString":"CREATE TABLE BAR_TBIMP_1S_FINAL WITH (CLEANUP_POLICY='compact,delete', KAFKA_TOPIC='bar_tbimp_1s_final', KEY_FORMAT='AVRO', PARTITIONS=1, REPLICAS=1, RETENTION_MS=604800000, VALUE_FORMAT='AVRO') AS SELECT\n  O.BROKER BROKER,\n  O.SYMBOL SYMBOL,\n  WINDOWSTART BUCKETSTART,\n  EARLIEST_BY_OFFSET(O.BID) OPEN,\n  MAX(O.BID) HIGH,\n  MIN(O.BID) LOW,\n  LATEST_BY_OFFSET(O.BID) CLOSE\nFROM TICKS_TBIMP O\nWINDOW TUMBLING ( SIZE 1 SECONDS ) \nGROUP BY O.BROKER, O.SYMBOL\nEMIT FINAL;","sinks":["BAR_TBIMP_1S_FINAL"],"sinkKafkaTopics":["bar_tbimp_1s_final"],"id":"CTAS_BAR_TBIMP_1S_FINAL_85","statusCount":{"RUNNING":1},"queryType":"PERSISTENT","state":"RUNNING"}],"warnings":[]}]&#xD;
warn: Kafka.Ksql.Linq.KsqlContext[0]&#xD;
      SHOW QUERIES attempt 2 did not contain a matching query for bar_1m_live&#xD;
info: Kafka.Ksql.Linq.KsqlContext[0]&#xD;
      ksql execute: EXECUTE SQL=SHOW QUERIES;&#xD;
info: Kafka.Ksql.Linq.KsqlContext[0]&#xD;
      SHOW QUERIES output (attempt 3): [{"@type":"queries","statementText":"SHOW QUERIES;","queries":[{"queryString":"CREATE TABLE BAR_1S_FINAL WITH (CLEANUP_POLICY='compact,delete', KAFKA_TOPIC='bar_1s_final', KEY_FORMAT='AVRO', PARTITIONS=1, REPLICAS=1, RETENTION_MS=604800000, VALUE_FORMAT='AVRO') AS SELECT\n  O.BROKER BROKER,\n  O.SYMBOL SYMBOL,\n  WINDOWSTART BUCKETSTART,\n  EARLIEST_BY_OFFSET(O.BID) OPEN,\n  MAX(O.BID) HIGH,\n  MIN(O.BID) LOW,\n  LATEST_BY_OFFSET(O.BID) KSQLTIMEFRAMECLOSE\nFROM DEDUPRATES O\nWINDOW TUMBLING ( SIZE 1 SECONDS ) \nGROUP BY O.BROKER, O.SYMBOL\nEMIT FINAL;","sinks":["BAR_1S_FINAL"],"sinkKafkaTopics":["bar_1s_final"],"id":"CTAS_BAR_1S_FINAL_97","statusCount":{"RUNNING":1},"queryType":"PERSISTENT","state":"RUNNING"},{"queryString":"CREATE TABLE BAR_TBIMP_1M_LIVE WITH (CLEANUP_POLICY='compact,delete', KAFKA_TOPIC='bar_tbimp_1m_live', KEY_FORMAT='AVRO', PARTITIONS=1, REPLICAS=1, RETENTION_MS=604800000, VALUE_FORMAT='AVRO') AS SELECT\n  O.BROKER BROKER,\n  O.SYMBOL SYMBOL,\n  WINDOWSTART BUCKETSTART,\n  EARLIEST_BY_OFFSET(O.OPEN) OPEN,\n  MAX(O.HIGH) HIGH,\n  MIN(O.LOW) LOW,\n  LATEST_BY_OFFSET(O.CLOSE) CLOSE\nFROM BAR_TBIMP_1S_FINAL_S O\nWINDOW TUMBLING ( SIZE 1 MINUTES , GRACE PERIOD 2 SECONDS ) \nGROUP BY O.BROKER, O.SYMBOL\nEMIT CHANGES;","sinks":["BAR_TBIMP_1M_LIVE"],"sinkKafkaTopics":["bar_tbimp_1m_live"],"id":"CTAS_BAR_TBIMP_1M_LIVE_89","statusCount":{"RUNNING":1},"queryType":"PERSISTENT","state":"RUNNING"},{"queryString":"CREATE TABLE BAR_5M_LIVE WITH (CLEANUP_POLICY='compact,delete', KAFKA_TOPIC='bar_5m_live', KEY_FORMAT='AVRO', PARTITIONS=1, REPLICAS=1, RETENTION_MS=604800000, VALUE_FORMAT='AVRO') AS SELECT\n  O.BROKER BROKER,\n  O.SYMBOL SYMBOL,\n  WINDOWSTART BUCKETSTART,\n  EARLIEST_BY_OFFSET(O.OPEN) OPEN,\n  MAX(O.HIGH) HIGH,\n  MIN(O.LOW) LOW,\n  LATEST_BY_OFFSET(O.KSQLTIMEFRAMECLOSE) KSQLTIMEFRAMECLOSE\nFROM BAR_1S_FINAL_S O\nWINDOW TUMBLING ( SIZE 5 MINUTES , GRACE PERIOD 3 SECONDS ) \nGROUP BY O.BROKER, O.SYMBOL\nEMIT CHANGES;","sinks":["BAR_5M_LIVE"],"sinkKafkaTopics":["bar_5m_live"],"id":"CTAS_BAR_5M_LIVE_103","statusCount":{"RUNNING":1},"queryType":"PERSISTENT","state":"RUNNING"},{"queryString":"CREATE TABLE BAR_TBIMP_5M_LIVE WITH (CLEANUP_POLICY='compact,delete', KAFKA_TOPIC='bar_tbimp_5m_live', KEY_FORMAT='AVRO', PARTITIONS=1, REPLICAS=1, RETENTION_MS=604800000, VALUE_FORMAT='AVRO') AS SELECT\n  O.BROKER BROKER,\n  O.SYMBOL SYMBOL,\n  WINDOWSTART BUCKETSTART,\n  EARLIEST_BY_OFFSET(O.OPEN) OPEN,\n  MAX(O.HIGH) HIGH,\n  MIN(O.LOW) LOW,\n  LATEST_BY_OFFSET(O.CLOSE) CLOSE\nFROM BAR_TBIMP_1S_FINAL_S O\nWINDOW TUMBLING ( SIZE 5 MINUTES , GRACE PERIOD 3 SECONDS ) \nGROUP BY O.BROKER, O.SYMBOL\nEMIT CHANGES;","sinks":["BAR_TBIMP_5M_LIVE"],"sinkKafkaTopics":["bar_tbimp_5m_live"],"id":"CTAS_BAR_TBIMP_5M_LIVE_91","statusCount":{"RUNNING":1},"queryType":"PERSISTENT","state":"RUNNING"},{"queryString":"CREATE TABLE BAR_1M_LIVE WITH (CLEANUP_POLICY='compact,delete', KAFKA_TOPIC='bar_1m_live', KEY_FORMAT='AVRO', PARTITIONS=1, REPLICAS=1, RETENTION_MS=604800000, VALUE_FORMAT='AVRO') AS SELECT\n  O.BROKER BROKER,\n  O.SYMBOL SYMBOL,\n  WINDOWSTART BUCKETSTART,\n  EARLIEST_BY_OFFSET(O.OPEN) OPEN,\n  MAX(O.HIGH) HIGH,\n  MIN(O.LOW) LOW,\n  LATEST_BY_OFFSET(O.KSQLTIMEFRAMECLOSE) KSQLTIMEFRAMECLOSE\nFROM BAR_1S_FINAL_S O\nWINDOW TUMBLING ( SIZE 1 MINUTES , GRACE PERIOD 2 SECONDS ) \nGROUP BY O.BROKER, O.SYMBOL\nEMIT CHANGES;","sinks":["BAR_1M_LIVE"],"sinkKafkaTopics":["bar_1m_live"],"id":"CTAS_BAR_1M_LIVE_101","statusCount":{"RUNNING":1},"queryType":"PERSISTENT","state":"RUNNING"},{"queryString":"CREATE TABLE BAR_TBIMP_1S_FINAL WITH (CLEANUP_POLICY='compact,delete', KAFKA_TOPIC='bar_tbimp_1s_final', KEY_FORMAT='AVRO', PARTITIONS=1, REPLICAS=1, RETENTION_MS=604800000, VALUE_FORMAT='AVRO') AS SELECT\n  O.BROKER BROKER,\n  O.SYMBOL SYMBOL,\n  WINDOWSTART BUCKETSTART,\n  EARLIEST_BY_OFFSET(O.BID) OPEN,\n  MAX(O.BID) HIGH,\n  MIN(O.BID) LOW,\n  LATEST_BY_OFFSET(O.BID) CLOSE\nFROM TICKS_TBIMP O\nWINDOW TUMBLING ( SIZE 1 SECONDS ) \nGROUP BY O.BROKER, O.SYMBOL\nEMIT FINAL;","sinks":["BAR_TBIMP_1S_FINAL"],"sinkKafkaTopics":["bar_tbimp_1s_final"],"id":"CTAS_BAR_TBIMP_1S_FINAL_85","statusCount":{"RUNNING":1},"queryType":"PERSISTENT","state":"RUNNING"}],"warnings":[]}]&#xD;
warn: Kafka.Ksql.Linq.KsqlContext[0]&#xD;
      SHOW QUERIES attempt 3 did not contain a matching query for bar_1m_live&#xD;
info: Kafka.Ksql.Linq.KsqlContext[0]&#xD;
      ksql execute: EXECUTE SQL=SHOW QUERIES;&#xD;
info: Kafka.Ksql.Linq.KsqlContext[0]&#xD;
      SHOW QUERIES output (attempt 4): [{"@type":"queries","statementText":"SHOW QUERIES;","queries":[{"queryString":"CREATE TABLE BAR_1S_FINAL WITH (CLEANUP_POLICY='compact,delete', KAFKA_TOPIC='bar_1s_final', KEY_FORMAT='AVRO', PARTITIONS=1, REPLICAS=1, RETENTION_MS=604800000, VALUE_FORMAT='AVRO') AS SELECT\n  O.BROKER BROKER,\n  O.SYMBOL SYMBOL,\n  WINDOWSTART BUCKETSTART,\n  EARLIEST_BY_OFFSET(O.BID) OPEN,\n  MAX(O.BID) HIGH,\n  MIN(O.BID) LOW,\n  LATEST_BY_OFFSET(O.BID) KSQLTIMEFRAMECLOSE\nFROM DEDUPRATES O\nWINDOW TUMBLING ( SIZE 1 SECONDS ) \nGROUP BY O.BROKER, O.SYMBOL\nEMIT FINAL;","sinks":["BAR_1S_FINAL"],"sinkKafkaTopics":["bar_1s_final"],"id":"CTAS_BAR_1S_FINAL_97","statusCount":{"RUNNING":1},"queryType":"PERSISTENT","state":"RUNNING"},{"queryString":"CREATE TABLE BAR_TBIMP_1M_LIVE WITH (CLEANUP_POLICY='compact,delete', KAFKA_TOPIC='bar_tbimp_1m_live', KEY_FORMAT='AVRO', PARTITIONS=1, REPLICAS=1, RETENTION_MS=604800000, VALUE_FORMAT='AVRO') AS SELECT\n  O.BROKER BROKER,\n  O.SYMBOL SYMBOL,\n  WINDOWSTART BUCKETSTART,\n  EARLIEST_BY_OFFSET(O.OPEN) OPEN,\n  MAX(O.HIGH) HIGH,\n  MIN(O.LOW) LOW,\n  LATEST_BY_OFFSET(O.CLOSE) CLOSE\nFROM BAR_TBIMP_1S_FINAL_S O\nWINDOW TUMBLING ( SIZE 1 MINUTES , GRACE PERIOD 2 SECONDS ) \nGROUP BY O.BROKER, O.SYMBOL\nEMIT CHANGES;","sinks":["BAR_TBIMP_1M_LIVE"],"sinkKafkaTopics":["bar_tbimp_1m_live"],"id":"CTAS_BAR_TBIMP_1M_LIVE_89","statusCount":{"RUNNING":1},"queryType":"PERSISTENT","state":"RUNNING"},{"queryString":"CREATE TABLE BAR_5M_LIVE WITH (CLEANUP_POLICY='compact,delete', KAFKA_TOPIC='bar_5m_live', KEY_FORMAT='AVRO', PARTITIONS=1, REPLICAS=1, RETENTION_MS=604800000, VALUE_FORMAT='AVRO') AS SELECT\n  O.BROKER BROKER,\n  O.SYMBOL SYMBOL,\n  WINDOWSTART BUCKETSTART,\n  EARLIEST_BY_OFFSET(O.OPEN) OPEN,\n  MAX(O.HIGH) HIGH,\n  MIN(O.LOW) LOW,\n  LATEST_BY_OFFSET(O.KSQLTIMEFRAMECLOSE) KSQLTIMEFRAMECLOSE\nFROM BAR_1S_FINAL_S O\nWINDOW TUMBLING ( SIZE 5 MINUTES , GRACE PERIOD 3 SECONDS ) \nGROUP BY O.BROKER, O.SYMBOL\nEMIT CHANGES;","sinks":["BAR_5M_LIVE"],"sinkKafkaTopics":["bar_5m_live"],"id":"CTAS_BAR_5M_LIVE_103","statusCount":{"RUNNING":1},"queryType":"PERSISTENT","state":"RUNNING"},{"queryString":"CREATE TABLE BAR_TBIMP_5M_LIVE WITH (CLEANUP_POLICY='compact,delete', KAFKA_TOPIC='bar_tbimp_5m_live', KEY_FORMAT='AVRO', PARTITIONS=1, REPLICAS=1, RETENTION_MS=604800000, VALUE_FORMAT='AVRO') AS SELECT\n  O.BROKER BROKER,\n  O.SYMBOL SYMBOL,\n  WINDOWSTART BUCKETSTART,\n  EARLIEST_BY_OFFSET(O.OPEN) OPEN,\n  MAX(O.HIGH) HIGH,\n  MIN(O.LOW) LOW,\n  LATEST_BY_OFFSET(O.CLOSE) CLOSE\nFROM BAR_TBIMP_1S_FINAL_S O\nWINDOW TUMBLING ( SIZE 5 MINUTES , GRACE PERIOD 3 SECONDS ) \nGROUP BY O.BROKER, O.SYMBOL\nEMIT CHANGES;","sinks":["BAR_TBIMP_5M_LIVE"],"sinkKafkaTopics":["bar_tbimp_5m_live"],"id":"CTAS_BAR_TBIMP_5M_LIVE_91","statusCount":{"RUNNING":1},"queryType":"PERSISTENT","state":"RUNNING"},{"queryString":"CREATE TABLE BAR_1M_LIVE WITH (CLEANUP_POLICY='compact,delete', KAFKA_TOPIC='bar_1m_live', KEY_FORMAT='AVRO', PARTITIONS=1, REPLICAS=1, RETENTION_MS=604800000, VALUE_FORMAT='AVRO') AS SELECT\n  O.BROKER BROKER,\n  O.SYMBOL SYMBOL,\n  WINDOWSTART BUCKETSTART,\n  EARLIEST_BY_OFFSET(O.OPEN) OPEN,\n  MAX(O.HIGH) HIGH,\n  MIN(O.LOW) LOW,\n  LATEST_BY_OFFSET(O.KSQLTIMEFRAMECLOSE) KSQLTIMEFRAMECLOSE\nFROM BAR_1S_FINAL_S O\nWINDOW TUMBLING ( SIZE 1 MINUTES , GRACE PERIOD 2 SECONDS ) \nGROUP BY O.BROKER, O.SYMBOL\nEMIT CHANGES;","sinks":["BAR_1M_LIVE"],"sinkKafkaTopics":["bar_1m_live"],"id":"CTAS_BAR_1M_LIVE_101","statusCount":{"RUNNING":1},"queryType":"PERSISTENT","state":"RUNNING"},{"queryString":"CREATE TABLE BAR_TBIMP_1S_FINAL WITH (CLEANUP_POLICY='compact,delete', KAFKA_TOPIC='bar_tbimp_1s_final', KEY_FORMAT='AVRO', PARTITIONS=1, REPLICAS=1, RETENTION_MS=604800000, VALUE_FORMAT='AVRO') AS SELECT\n  O.BROKER BROKER,\n  O.SYMBOL SYMBOL,\n  WINDOWSTART BUCKETSTART,\n  EARLIEST_BY_OFFSET(O.BID) OPEN,\n  MAX(O.BID) HIGH,\n  MIN(O.BID) LOW,\n  LATEST_BY_OFFSET(O.BID) CLOSE\nFROM TICKS_TBIMP O\nWINDOW TUMBLING ( SIZE 1 SECONDS ) \nGROUP BY O.BROKER, O.SYMBOL\nEMIT FINAL;","sinks":["BAR_TBIMP_1S_FINAL"],"sinkKafkaTopics":["bar_tbimp_1s_final"],"id":"CTAS_BAR_TBIMP_1S_FINAL_85","statusCount":{"RUNNING":1},"queryType":"PERSISTENT","state":"RUNNING"}],"warnings":[]}]&#xD;
warn: Kafka.Ksql.Linq.KsqlContext[0]&#xD;
      SHOW QUERIES attempt 4 did not contain a matching query for bar_1m_live&#xD;
info: Kafka.Ksql.Linq.KsqlContext[0]&#xD;
      ksql execute: EXECUTE SQL=SHOW QUERIES;&#xD;
info: Kafka.Ksql.Linq.KsqlContext[0]&#xD;
      SHOW QUERIES output (attempt 5): [{"@type":"queries","statementText":"SHOW QUERIES;","queries":[{"queryString":"CREATE TABLE BAR_1S_FINAL WITH (CLEANUP_POLICY='compact,delete', KAFKA_TOPIC='bar_1s_final', KEY_FORMAT='AVRO', PARTITIONS=1, REPLICAS=1, RETENTION_MS=604800000, VALUE_FORMAT='AVRO') AS SELECT\n  O.BROKER BROKER,\n  O.SYMBOL SYMBOL,\n  WINDOWSTART BUCKETSTART,\n  EARLIEST_BY_OFFSET(O.BID) OPEN,\n  MAX(O.BID) HIGH,\n  MIN(O.BID) LOW,\n  LATEST_BY_OFFSET(O.BID) KSQLTIMEFRAMECLOSE\nFROM DEDUPRATES O\nWINDOW TUMBLING ( SIZE 1 SECONDS ) \nGROUP BY O.BROKER, O.SYMBOL\nEMIT FINAL;","sinks":["BAR_1S_FINAL"],"sinkKafkaTopics":["bar_1s_final"],"id":"CTAS_BAR_1S_FINAL_97","statusCount":{"RUNNING":1},"queryType":"PERSISTENT","state":"RUNNING"},{"queryString":"CREATE TABLE BAR_TBIMP_1M_LIVE WITH (CLEANUP_POLICY='compact,delete', KAFKA_TOPIC='bar_tbimp_1m_live', KEY_FORMAT='AVRO', PARTITIONS=1, REPLICAS=1, RETENTION_MS=604800000, VALUE_FORMAT='AVRO') AS SELECT\n  O.BROKER BROKER,\n  O.SYMBOL SYMBOL,\n  WINDOWSTART BUCKETSTART,\n  EARLIEST_BY_OFFSET(O.OPEN) OPEN,\n  MAX(O.HIGH) HIGH,\n  MIN(O.LOW) LOW,\n  LATEST_BY_OFFSET(O.CLOSE) CLOSE\nFROM BAR_TBIMP_1S_FINAL_S O\nWINDOW TUMBLING ( SIZE 1 MINUTES , GRACE PERIOD 2 SECONDS ) \nGROUP BY O.BROKER, O.SYMBOL\nEMIT CHANGES;","sinks":["BAR_TBIMP_1M_LIVE"],"sinkKafkaTopics":["bar_tbimp_1m_live"],"id":"CTAS_BAR_TBIMP_1M_LIVE_89","statusCount":{"RUNNING":1},"queryType":"PERSISTENT","state":"RUNNING"},{"queryString":"CREATE TABLE BAR_5M_LIVE WITH (CLEANUP_POLICY='compact,delete', KAFKA_TOPIC='bar_5m_live', KEY_FORMAT='AVRO', PARTITIONS=1, REPLICAS=1, RETENTION_MS=604800000, VALUE_FORMAT='AVRO') AS SELECT\n  O.BROKER BROKER,\n  O.SYMBOL SYMBOL,\n  WINDOWSTART BUCKETSTART,\n  EARLIEST_BY_OFFSET(O.OPEN) OPEN,\n  MAX(O.HIGH) HIGH,\n  MIN(O.LOW) LOW,\n  LATEST_BY_OFFSET(O.KSQLTIMEFRAMECLOSE) KSQLTIMEFRAMECLOSE\nFROM BAR_1S_FINAL_S O\nWINDOW TUMBLING ( SIZE 5 MINUTES , GRACE PERIOD 3 SECONDS ) \nGROUP BY O.BROKER, O.SYMBOL\nEMIT CHANGES;","sinks":["BAR_5M_LIVE"],"sinkKafkaTopics":["bar_5m_live"],"id":"CTAS_BAR_5M_LIVE_103","statusCount":{"RUNNING":1},"queryType":"PERSISTENT","state":"RUNNING"},{"queryString":"CREATE TABLE BAR_TBIMP_5M_LIVE WITH (CLEANUP_POLICY='compact,delete', KAFKA_TOPIC='bar_tbimp_5m_live', KEY_FORMAT='AVRO', PARTITIONS=1, REPLICAS=1, RETENTION_MS=604800000, VALUE_FORMAT='AVRO') AS SELECT\n  O.BROKER BROKER,\n  O.SYMBOL SYMBOL,\n  WINDOWSTART BUCKETSTART,\n  EARLIEST_BY_OFFSET(O.OPEN) OPEN,\n  MAX(O.HIGH) HIGH,\n  MIN(O.LOW) LOW,\n  LATEST_BY_OFFSET(O.CLOSE) CLOSE\nFROM BAR_TBIMP_1S_FINAL_S O\nWINDOW TUMBLING ( SIZE 5 MINUTES , GRACE PERIOD 3 SECONDS ) \nGROUP BY O.BROKER, O.SYMBOL\nEMIT CHANGES;","sinks":["BAR_TBIMP_5M_LIVE"],"sinkKafkaTopics":["bar_tbimp_5m_live"],"id":"CTAS_BAR_TBIMP_5M_LIVE_91","statusCount":{"RUNNING":1},"queryType":"PERSISTENT","state":"RUNNING"},{"queryString":"CREATE TABLE BAR_1M_LIVE WITH (CLEANUP_POLICY='compact,delete', KAFKA_TOPIC='bar_1m_live', KEY_FORMAT='AVRO', PARTITIONS=1, REPLICAS=1, RETENTION_MS=604800000, VALUE_FORMAT='AVRO') AS SELECT\n  O.BROKER BROKER,\n  O.SYMBOL SYMBOL,\n  WINDOWSTART BUCKETSTART,\n  EARLIEST_BY_OFFSET(O.OPEN) OPEN,\n  MAX(O.HIGH) HIGH,\n  MIN(O.LOW) LOW,\n  LATEST_BY_OFFSET(O.KSQLTIMEFRAMECLOSE) KSQLTIMEFRAMECLOSE\nFROM BAR_1S_FINAL_S O\nWINDOW TUMBLING ( SIZE 1 MINUTES , GRACE PERIOD 2 SECONDS ) \nGROUP BY O.BROKER, O.SYMBOL\nEMIT CHANGES;","sinks":["BAR_1M_LIVE"],"sinkKafkaTopics":["bar_1m_live"],"id":"CTAS_BAR_1M_LIVE_101","statusCount":{"RUNNING":1},"queryType":"PERSISTENT","state":"RUNNING"},{"queryString":"CREATE TABLE BAR_TBIMP_1S_FINAL WITH (CLEANUP_POLICY='compact,delete', KAFKA_TOPIC='bar_tbimp_1s_final', KEY_FORMAT='AVRO', PARTITIONS=1, REPLICAS=1, RETENTION_MS=604800000, VALUE_FORMAT='AVRO') AS SELECT\n  O.BROKER BROKER,\n  O.SYMBOL SYMBOL,\n  WINDOWSTART BUCKETSTART,\n  EARLIEST_BY_OFFSET(O.BID) OPEN,\n  MAX(O.BID) HIGH,\n  MIN(O.BID) LOW,\n  LATEST_BY_OFFSET(O.BID) CLOSE\nFROM TICKS_TBIMP O\nWINDOW TUMBLING ( SIZE 1 SECONDS ) \nGROUP BY O.BROKER, O.SYMBOL\nEMIT FINAL;","sinks":["BAR_TBIMP_1S_FINAL"],"sinkKafkaTopics":["bar_tbimp_1s_final"],"id":"CTAS_BAR_TBIMP_1S_FINAL_85","statusCount":{"RUNNING":1},"queryType":"PERSISTENT","state":"RUNNING"}],"warnings":[]}]&#xD;
warn: Kafka.Ksql.Linq.KsqlContext[0]&#xD;
      SHOW QUERIES attempt 5 did not contain a matching query for bar_1m_live&#xD;
warn: Kafka.Ksql.Linq.KsqlContext[0]&#xD;
      Unable to locate queryId for bar_1m_live after 5 attempts&#xD;
warn: Kafka.Ksql.Linq.KsqlContext[0]&#xD;
      Could not locate queryId via SHOW QUERIES for derived statement targeting bar_1m_live: CREATE TABLE bar_1m_live  WITH (KAFKA_TOPIC='bar_1m_live', KEY_FORMAT='AVRO', VALUE_FORMAT='AVRO') AS&#xD;
      SELECT BROKER AS Broker, SYMBOL AS Symbol, WINDOWSTART AS BucketStart, EARLIEST_BY_OFFSET(o.OPEN) AS Open, MAX(o.HIGH) AS High, MIN(o.LOW) AS Low, LATEST_BY_OFFSET(o.KSQLTIMEFRAMECLOSE) AS KsqlTimeFrameClose&#xD;
      FROM bar_1s_final_s o WINDOW TUMBLING (SIZE 1 MINUTES, GRACE PERIOD 2 SECONDS)&#xD;
      GROUP BY BROKER, SYMBOL&#xD;
      EMIT CHANGES;&#xD;
info: Kafka.Ksql.Linq.KsqlContext[0]&#xD;
      ksql execute: EXECUTE SQL=SHOW QUERIES;&#xD;
info: Kafka.Ksql.Linq.KsqlContext[0]&#xD;
      SHOW QUERIES output (attempt 1): [{"@type":"queries","statementText":"SHOW QUERIES;","queries":[{"queryString":"CREATE TABLE BAR_1S_FINAL WITH (CLEANUP_POLICY='compact,delete', KAFKA_TOPIC='bar_1s_final', KEY_FORMAT='AVRO', PARTITIONS=1, REPLICAS=1, RETENTION_MS=604800000, VALUE_FORMAT='AVRO') AS SELECT\n  O.BROKER BROKER,\n  O.SYMBOL SYMBOL,\n  WINDOWSTART BUCKETSTART,\n  EARLIEST_BY_OFFSET(O.BID) OPEN,\n  MAX(O.BID) HIGH,\n  MIN(O.BID) LOW,\n  LATEST_BY_OFFSET(O.BID) KSQLTIMEFRAMECLOSE\nFROM DEDUPRATES O\nWINDOW TUMBLING ( SIZE 1 SECONDS ) \nGROUP BY O.BROKER, O.SYMBOL\nEMIT FINAL;","sinks":["BAR_1S_FINAL"],"sinkKafkaTopics":["bar_1s_final"],"id":"CTAS_BAR_1S_FINAL_97","statusCount":{"RUNNING":1},"queryType":"PERSISTENT","state":"RUNNING"},{"queryString":"CREATE TABLE BAR_TBIMP_1M_LIVE WITH (CLEANUP_POLICY='compact,delete', KAFKA_TOPIC='bar_tbimp_1m_live', KEY_FORMAT='AVRO', PARTITIONS=1, REPLICAS=1, RETENTION_MS=604800000, VALUE_FORMAT='AVRO') AS SELECT\n  O.BROKER BROKER,\n  O.SYMBOL SYMBOL,\n  WINDOWSTART BUCKETSTART,\n  EARLIEST_BY_OFFSET(O.OPEN) OPEN,\n  MAX(O.HIGH) HIGH,\n  MIN(O.LOW) LOW,\n  LATEST_BY_OFFSET(O.CLOSE) CLOSE\nFROM BAR_TBIMP_1S_FINAL_S O\nWINDOW TUMBLING ( SIZE 1 MINUTES , GRACE PERIOD 2 SECONDS ) \nGROUP BY O.BROKER, O.SYMBOL\nEMIT CHANGES;","sinks":["BAR_TBIMP_1M_LIVE"],"sinkKafkaTopics":["bar_tbimp_1m_live"],"id":"CTAS_BAR_TBIMP_1M_LIVE_89","statusCount":{"RUNNING":1},"queryType":"PERSISTENT","state":"RUNNING"},{"queryString":"CREATE TABLE BAR_5M_LIVE WITH (CLEANUP_POLICY='compact,delete', KAFKA_TOPIC='bar_5m_live', KEY_FORMAT='AVRO', PARTITIONS=1, REPLICAS=1, RETENTION_MS=604800000, VALUE_FORMAT='AVRO') AS SELECT\n  O.BROKER BROKER,\n  O.SYMBOL SYMBOL,\n  WINDOWSTART BUCKETSTART,\n  EARLIEST_BY_OFFSET(O.OPEN) OPEN,\n  MAX(O.HIGH) HIGH,\n  MIN(O.LOW) LOW,\n  LATEST_BY_OFFSET(O.KSQLTIMEFRAMECLOSE) KSQLTIMEFRAMECLOSE\nFROM BAR_1S_FINAL_S O\nWINDOW TUMBLING ( SIZE 5 MINUTES , GRACE PERIOD 3 SECONDS ) \nGROUP BY O.BROKER, O.SYMBOL\nEMIT CHANGES;","sinks":["BAR_5M_LIVE"],"sinkKafkaTopics":["bar_5m_live"],"id":"CTAS_BAR_5M_LIVE_103","statusCount":{"RUNNING":1},"queryType":"PERSISTENT","state":"RUNNING"},{"queryString":"CREATE TABLE BAR_TBIMP_5M_LIVE WITH (CLEANUP_POLICY='compact,delete', KAFKA_TOPIC='bar_tbimp_5m_live', KEY_FORMAT='AVRO', PARTITIONS=1, REPLICAS=1, RETENTION_MS=604800000, VALUE_FORMAT='AVRO') AS SELECT\n  O.BROKER BROKER,\n  O.SYMBOL SYMBOL,\n  WINDOWSTART BUCKETSTART,\n  EARLIEST_BY_OFFSET(O.OPEN) OPEN,\n  MAX(O.HIGH) HIGH,\n  MIN(O.LOW) LOW,\n  LATEST_BY_OFFSET(O.CLOSE) CLOSE\nFROM BAR_TBIMP_1S_FINAL_S O\nWINDOW TUMBLING ( SIZE 5 MINUTES , GRACE PERIOD 3 SECONDS ) \nGROUP BY O.BROKER, O.SYMBOL\nEMIT CHANGES;","sinks":["BAR_TBIMP_5M_LIVE"],"sinkKafkaTopics":["bar_tbimp_5m_live"],"id":"CTAS_BAR_TBIMP_5M_LIVE_91","statusCount":{"RUNNING":1},"queryType":"PERSISTENT","state":"RUNNING"},{"queryString":"CREATE TABLE BAR_1M_LIVE WITH (CLEANUP_POLICY='compact,delete', KAFKA_TOPIC='bar_1m_live', KEY_FORMAT='AVRO', PARTITIONS=1, REPLICAS=1, RETENTION_MS=604800000, VALUE_FORMAT='AVRO') AS SELECT\n  O.BROKER BROKER,\n  O.SYMBOL SYMBOL,\n  WINDOWSTART BUCKETSTART,\n  EARLIEST_BY_OFFSET(O.OPEN) OPEN,\n  MAX(O.HIGH) HIGH,\n  MIN(O.LOW) LOW,\n  LATEST_BY_OFFSET(O.KSQLTIMEFRAMECLOSE) KSQLTIMEFRAMECLOSE\nFROM BAR_1S_FINAL_S O\nWINDOW TUMBLING ( SIZE 1 MINUTES , GRACE PERIOD 2 SECONDS ) \nGROUP BY O.BROKER, O.SYMBOL\nEMIT CHANGES;","sinks":["BAR_1M_LIVE"],"sinkKafkaTopics":["bar_1m_live"],"id":"CTAS_BAR_1M_LIVE_101","statusCount":{"RUNNING":1},"queryType":"PERSISTENT","state":"RUNNING"},{"queryString":"CREATE TABLE BAR_TBIMP_1S_FINAL WITH (CLEANUP_POLICY='compact,delete', KAFKA_TOPIC='bar_tbimp_1s_final', KEY_FORMAT='AVRO', PARTITIONS=1, REPLICAS=1, RETENTION_MS=604800000, VALUE_FORMAT='AVRO') AS SELECT\n  O.BROKER BROKER,\n  O.SYMBOL SYMBOL,\n  WINDOWSTART BUCKETSTART,\n  EARLIEST_BY_OFFSET(O.BID) OPEN,\n  MAX(O.BID) HIGH,\n  MIN(O.BID) LOW,\n  LATEST_BY_OFFSET(O.BID) CLOSE\nFROM TICKS_TBIMP O\nWINDOW TUMBLING ( SIZE 1 SECONDS ) \nGROUP BY O.BROKER, O.SYMBOL\nEMIT FINAL;","sinks":["BAR_TBIMP_1S_FINAL"],"sinkKafkaTopics":["bar_tbimp_1s_final"],"id":"CTAS_BAR_TBIMP_1S_FINAL_85","statusCount":{"RUNNING":1},"queryType":"PERSISTENT","state":"RUNNING"}],"warnings":[]}]&#xD;
warn: Kafka.Ksql.Linq.KsqlContext[0]&#xD;
      SHOW QUERIES attempt 1 did not contain a matching query for bar_5m_live&#xD;
info: Kafka.Ksql.Linq.KsqlContext[0]&#xD;
      ksql execute: EXECUTE SQL=SHOW QUERIES;&#xD;
info: Kafka.Ksql.Linq.KsqlContext[0]&#xD;
      SHOW QUERIES output (attempt 2): [{"@type":"queries","statementText":"SHOW QUERIES;","queries":[{"queryString":"CREATE TABLE BAR_1S_FINAL WITH (CLEANUP_POLICY='compact,delete', KAFKA_TOPIC='bar_1s_final', KEY_FORMAT='AVRO', PARTITIONS=1, REPLICAS=1, RETENTION_MS=604800000, VALUE_FORMAT='AVRO') AS SELECT\n  O.BROKER BROKER,\n  O.SYMBOL SYMBOL,\n  WINDOWSTART BUCKETSTART,\n  EARLIEST_BY_OFFSET(O.BID) OPEN,\n  MAX(O.BID) HIGH,\n  MIN(O.BID) LOW,\n  LATEST_BY_OFFSET(O.BID) KSQLTIMEFRAMECLOSE\nFROM DEDUPRATES O\nWINDOW TUMBLING ( SIZE 1 SECONDS ) \nGROUP BY O.BROKER, O.SYMBOL\nEMIT FINAL;","sinks":["BAR_1S_FINAL"],"sinkKafkaTopics":["bar_1s_final"],"id":"CTAS_BAR_1S_FINAL_97","statusCount":{"RUNNING":1},"queryType":"PERSISTENT","state":"RUNNING"},{"queryString":"CREATE TABLE BAR_TBIMP_1M_LIVE WITH (CLEANUP_POLICY='compact,delete', KAFKA_TOPIC='bar_tbimp_1m_live', KEY_FORMAT='AVRO', PARTITIONS=1, REPLICAS=1, RETENTION_MS=604800000, VALUE_FORMAT='AVRO') AS SELECT\n  O.BROKER BROKER,\n  O.SYMBOL SYMBOL,\n  WINDOWSTART BUCKETSTART,\n  EARLIEST_BY_OFFSET(O.OPEN) OPEN,\n  MAX(O.HIGH) HIGH,\n  MIN(O.LOW) LOW,\n  LATEST_BY_OFFSET(O.CLOSE) CLOSE\nFROM BAR_TBIMP_1S_FINAL_S O\nWINDOW TUMBLING ( SIZE 1 MINUTES , GRACE PERIOD 2 SECONDS ) \nGROUP BY O.BROKER, O.SYMBOL\nEMIT CHANGES;","sinks":["BAR_TBIMP_1M_LIVE"],"sinkKafkaTopics":["bar_tbimp_1m_live"],"id":"CTAS_BAR_TBIMP_1M_LIVE_89","statusCount":{"RUNNING":1},"queryType":"PERSISTENT","state":"RUNNING"},{"queryString":"CREATE TABLE BAR_5M_LIVE WITH (CLEANUP_POLICY='compact,delete', KAFKA_TOPIC='bar_5m_live', KEY_FORMAT='AVRO', PARTITIONS=1, REPLICAS=1, RETENTION_MS=604800000, VALUE_FORMAT='AVRO') AS SELECT\n  O.BROKER BROKER,\n  O.SYMBOL SYMBOL,\n  WINDOWSTART BUCKETSTART,\n  EARLIEST_BY_OFFSET(O.OPEN) OPEN,\n  MAX(O.HIGH) HIGH,\n  MIN(O.LOW) LOW,\n  LATEST_BY_OFFSET(O.KSQLTIMEFRAMECLOSE) KSQLTIMEFRAMECLOSE\nFROM BAR_1S_FINAL_S O\nWINDOW TUMBLING ( SIZE 5 MINUTES , GRACE PERIOD 3 SECONDS ) \nGROUP BY O.BROKER, O.SYMBOL\nEMIT CHANGES;","sinks":["BAR_5M_LIVE"],"sinkKafkaTopics":["bar_5m_live"],"id":"CTAS_BAR_5M_LIVE_103","statusCount":{"RUNNING":1},"queryType":"PERSISTENT","state":"RUNNING"},{"queryString":"CREATE TABLE BAR_TBIMP_5M_LIVE WITH (CLEANUP_POLICY='compact,delete', KAFKA_TOPIC='bar_tbimp_5m_live', KEY_FORMAT='AVRO', PARTITIONS=1, REPLICAS=1, RETENTION_MS=604800000, VALUE_FORMAT='AVRO') AS SELECT\n  O.BROKER BROKER,\n  O.SYMBOL SYMBOL,\n  WINDOWSTART BUCKETSTART,\n  EARLIEST_BY_OFFSET(O.OPEN) OPEN,\n  MAX(O.HIGH) HIGH,\n  MIN(O.LOW) LOW,\n  LATEST_BY_OFFSET(O.CLOSE) CLOSE\nFROM BAR_TBIMP_1S_FINAL_S O\nWINDOW TUMBLING ( SIZE 5 MINUTES , GRACE PERIOD 3 SECONDS ) \nGROUP BY O.BROKER, O.SYMBOL\nEMIT CHANGES;","sinks":["BAR_TBIMP_5M_LIVE"],"sinkKafkaTopics":["bar_tbimp_5m_live"],"id":"CTAS_BAR_TBIMP_5M_LIVE_91","statusCount":{"RUNNING":1},"queryType":"PERSISTENT","state":"RUNNING"},{"queryString":"CREATE TABLE BAR_1M_LIVE WITH (CLEANUP_POLICY='compact,delete', KAFKA_TOPIC='bar_1m_live', KEY_FORMAT='AVRO', PARTITIONS=1, REPLICAS=1, RETENTION_MS=604800000, VALUE_FORMAT='AVRO') AS SELECT\n  O.BROKER BROKER,\n  O.SYMBOL SYMBOL,\n  WINDOWSTART BUCKETSTART,\n  EARLIEST_BY_OFFSET(O.OPEN) OPEN,\n  MAX(O.HIGH) HIGH,\n  MIN(O.LOW) LOW,\n  LATEST_BY_OFFSET(O.KSQLTIMEFRAMECLOSE) KSQLTIMEFRAMECLOSE\nFROM BAR_1S_FINAL_S O\nWINDOW TUMBLING ( SIZE 1 MINUTES , GRACE PERIOD 2 SECONDS ) \nGROUP BY O.BROKER, O.SYMBOL\nEMIT CHANGES;","sinks":["BAR_1M_LIVE"],"sinkKafkaTopics":["bar_1m_live"],"id":"CTAS_BAR_1M_LIVE_101","statusCount":{"RUNNING":1},"queryType":"PERSISTENT","state":"RUNNING"},{"queryString":"CREATE TABLE BAR_TBIMP_1S_FINAL WITH (CLEANUP_POLICY='compact,delete', KAFKA_TOPIC='bar_tbimp_1s_final', KEY_FORMAT='AVRO', PARTITIONS=1, REPLICAS=1, RETENTION_MS=604800000, VALUE_FORMAT='AVRO') AS SELECT\n  O.BROKER BROKER,\n  O.SYMBOL SYMBOL,\n  WINDOWSTART BUCKETSTART,\n  EARLIEST_BY_OFFSET(O.BID) OPEN,\n  MAX(O.BID) HIGH,\n  MIN(O.BID) LOW,\n  LATEST_BY_OFFSET(O.BID) CLOSE\nFROM TICKS_TBIMP O\nWINDOW TUMBLING ( SIZE 1 SECONDS ) \nGROUP BY O.BROKER, O.SYMBOL\nEMIT FINAL;","sinks":["BAR_TBIMP_1S_FINAL"],"sinkKafkaTopics":["bar_tbimp_1s_final"],"id":"CTAS_BAR_TBIMP_1S_FINAL_85","statusCount":{"RUNNING":1},"queryType":"PERSISTENT","state":"RUNNING"}],"warnings":[]}]&#xD;
warn: Kafka.Ksql.Linq.KsqlContext[0]&#xD;
      SHOW QUERIES attempt 2 did not contain a matching query for bar_5m_live&#xD;
info: Kafka.Ksql.Linq.KsqlContext[0]&#xD;
      ksql execute: EXECUTE SQL=SHOW QUERIES;&#xD;
info: Kafka.Ksql.Linq.KsqlContext[0]&#xD;
      SHOW QUERIES output (attempt 3): [{"@type":"queries","statementText":"SHOW QUERIES;","queries":[{"queryString":"CREATE TABLE BAR_1S_FINAL WITH (CLEANUP_POLICY='compact,delete', KAFKA_TOPIC='bar_1s_final', KEY_FORMAT='AVRO', PARTITIONS=1, REPLICAS=1, RETENTION_MS=604800000, VALUE_FORMAT='AVRO') AS SELECT\n  O.BROKER BROKER,\n  O.SYMBOL SYMBOL,\n  WINDOWSTART BUCKETSTART,\n  EARLIEST_BY_OFFSET(O.BID) OPEN,\n  MAX(O.BID) HIGH,\n  MIN(O.BID) LOW,\n  LATEST_BY_OFFSET(O.BID) KSQLTIMEFRAMECLOSE\nFROM DEDUPRATES O\nWINDOW TUMBLING ( SIZE 1 SECONDS ) \nGROUP BY O.BROKER, O.SYMBOL\nEMIT FINAL;","sinks":["BAR_1S_FINAL"],"sinkKafkaTopics":["bar_1s_final"],"id":"CTAS_BAR_1S_FINAL_97","statusCount":{"RUNNING":1},"queryType":"PERSISTENT","state":"RUNNING"},{"queryString":"CREATE TABLE BAR_TBIMP_1M_LIVE WITH (CLEANUP_POLICY='compact,delete', KAFKA_TOPIC='bar_tbimp_1m_live', KEY_FORMAT='AVRO', PARTITIONS=1, REPLICAS=1, RETENTION_MS=604800000, VALUE_FORMAT='AVRO') AS SELECT\n  O.BROKER BROKER,\n  O.SYMBOL SYMBOL,\n  WINDOWSTART BUCKETSTART,\n  EARLIEST_BY_OFFSET(O.OPEN) OPEN,\n  MAX(O.HIGH) HIGH,\n  MIN(O.LOW) LOW,\n  LATEST_BY_OFFSET(O.CLOSE) CLOSE\nFROM BAR_TBIMP_1S_FINAL_S O\nWINDOW TUMBLING ( SIZE 1 MINUTES , GRACE PERIOD 2 SECONDS ) \nGROUP BY O.BROKER, O.SYMBOL\nEMIT CHANGES;","sinks":["BAR_TBIMP_1M_LIVE"],"sinkKafkaTopics":["bar_tbimp_1m_live"],"id":"CTAS_BAR_TBIMP_1M_LIVE_89","statusCount":{"RUNNING":1},"queryType":"PERSISTENT","state":"RUNNING"},{"queryString":"CREATE TABLE BAR_5M_LIVE WITH (CLEANUP_POLICY='compact,delete', KAFKA_TOPIC='bar_5m_live', KEY_FORMAT='AVRO', PARTITIONS=1, REPLICAS=1, RETENTION_MS=604800000, VALUE_FORMAT='AVRO') AS SELECT\n  O.BROKER BROKER,\n  O.SYMBOL SYMBOL,\n  WINDOWSTART BUCKETSTART,\n  EARLIEST_BY_OFFSET(O.OPEN) OPEN,\n  MAX(O.HIGH) HIGH,\n  MIN(O.LOW) LOW,\n  LATEST_BY_OFFSET(O.KSQLTIMEFRAMECLOSE) KSQLTIMEFRAMECLOSE\nFROM BAR_1S_FINAL_S O\nWINDOW TUMBLING ( SIZE 5 MINUTES , GRACE PERIOD 3 SECONDS ) \nGROUP BY O.BROKER, O.SYMBOL\nEMIT CHANGES;","sinks":["BAR_5M_LIVE"],"sinkKafkaTopics":["bar_5m_live"],"id":"CTAS_BAR_5M_LIVE_103","statusCount":{"RUNNING":1},"queryType":"PERSISTENT","state":"RUNNING"},{"queryString":"CREATE TABLE BAR_TBIMP_5M_LIVE WITH (CLEANUP_POLICY='compact,delete', KAFKA_TOPIC='bar_tbimp_5m_live', KEY_FORMAT='AVRO', PARTITIONS=1, REPLICAS=1, RETENTION_MS=604800000, VALUE_FORMAT='AVRO') AS SELECT\n  O.BROKER BROKER,\n  O.SYMBOL SYMBOL,\n  WINDOWSTART BUCKETSTART,\n  EARLIEST_BY_OFFSET(O.OPEN) OPEN,\n  MAX(O.HIGH) HIGH,\n  MIN(O.LOW) LOW,\n  LATEST_BY_OFFSET(O.CLOSE) CLOSE\nFROM BAR_TBIMP_1S_FINAL_S O\nWINDOW TUMBLING ( SIZE 5 MINUTES , GRACE PERIOD 3 SECONDS ) \nGROUP BY O.BROKER, O.SYMBOL\nEMIT CHANGES;","sinks":["BAR_TBIMP_5M_LIVE"],"sinkKafkaTopics":["bar_tbimp_5m_live"],"id":"CTAS_BAR_TBIMP_5M_LIVE_91","statusCount":{"RUNNING":1},"queryType":"PERSISTENT","state":"RUNNING"},{"queryString":"CREATE TABLE BAR_1M_LIVE WITH (CLEANUP_POLICY='compact,delete', KAFKA_TOPIC='bar_1m_live', KEY_FORMAT='AVRO', PARTITIONS=1, REPLICAS=1, RETENTION_MS=604800000, VALUE_FORMAT='AVRO') AS SELECT\n  O.BROKER BROKER,\n  O.SYMBOL SYMBOL,\n  WINDOWSTART BUCKETSTART,\n  EARLIEST_BY_OFFSET(O.OPEN) OPEN,\n  MAX(O.HIGH) HIGH,\n  MIN(O.LOW) LOW,\n  LATEST_BY_OFFSET(O.KSQLTIMEFRAMECLOSE) KSQLTIMEFRAMECLOSE\nFROM BAR_1S_FINAL_S O\nWINDOW TUMBLING ( SIZE 1 MINUTES , GRACE PERIOD 2 SECONDS ) \nGROUP BY O.BROKER, O.SYMBOL\nEMIT CHANGES;","sinks":["BAR_1M_LIVE"],"sinkKafkaTopics":["bar_1m_live"],"id":"CTAS_BAR_1M_LIVE_101","statusCount":{"RUNNING":1},"queryType":"PERSISTENT","state":"RUNNING"},{"queryString":"CREATE TABLE BAR_TBIMP_1S_FINAL WITH (CLEANUP_POLICY='compact,delete', KAFKA_TOPIC='bar_tbimp_1s_final', KEY_FORMAT='AVRO', PARTITIONS=1, REPLICAS=1, RETENTION_MS=604800000, VALUE_FORMAT='AVRO') AS SELECT\n  O.BROKER BROKER,\n  O.SYMBOL SYMBOL,\n  WINDOWSTART BUCKETSTART,\n  EARLIEST_BY_OFFSET(O.BID) OPEN,\n  MAX(O.BID) HIGH,\n  MIN(O.BID) LOW,\n  LATEST_BY_OFFSET(O.BID) CLOSE\nFROM TICKS_TBIMP O\nWINDOW TUMBLING ( SIZE 1 SECONDS ) \nGROUP BY O.BROKER, O.SYMBOL\nEMIT FINAL;","sinks":["BAR_TBIMP_1S_FINAL"],"sinkKafkaTopics":["bar_tbimp_1s_final"],"id":"CTAS_BAR_TBIMP_1S_FINAL_85","statusCount":{"RUNNING":1},"queryType":"PERSISTENT","state":"RUNNING"}],"warnings":[]}]&#xD;
warn: Kafka.Ksql.Linq.KsqlContext[0]&#xD;
      SHOW QUERIES attempt 3 did not contain a matching query for bar_5m_live&#xD;
info: Kafka.Ksql.Linq.KsqlContext[0]&#xD;
      ksql execute: EXECUTE SQL=SHOW QUERIES;&#xD;
info: Kafka.Ksql.Linq.KsqlContext[0]&#xD;
      SHOW QUERIES output (attempt 4): [{"@type":"queries","statementText":"SHOW QUERIES;","queries":[{"queryString":"CREATE TABLE BAR_1S_FINAL WITH (CLEANUP_POLICY='compact,delete', KAFKA_TOPIC='bar_1s_final', KEY_FORMAT='AVRO', PARTITIONS=1, REPLICAS=1, RETENTION_MS=604800000, VALUE_FORMAT='AVRO') AS SELECT\n  O.BROKER BROKER,\n  O.SYMBOL SYMBOL,\n  WINDOWSTART BUCKETSTART,\n  EARLIEST_BY_OFFSET(O.BID) OPEN,\n  MAX(O.BID) HIGH,\n  MIN(O.BID) LOW,\n  LATEST_BY_OFFSET(O.BID) KSQLTIMEFRAMECLOSE\nFROM DEDUPRATES O\nWINDOW TUMBLING ( SIZE 1 SECONDS ) \nGROUP BY O.BROKER, O.SYMBOL\nEMIT FINAL;","sinks":["BAR_1S_FINAL"],"sinkKafkaTopics":["bar_1s_final"],"id":"CTAS_BAR_1S_FINAL_97","statusCount":{"RUNNING":1},"queryType":"PERSISTENT","state":"RUNNING"},{"queryString":"CREATE TABLE BAR_TBIMP_1M_LIVE WITH (CLEANUP_POLICY='compact,delete', KAFKA_TOPIC='bar_tbimp_1m_live', KEY_FORMAT='AVRO', PARTITIONS=1, REPLICAS=1, RETENTION_MS=604800000, VALUE_FORMAT='AVRO') AS SELECT\n  O.BROKER BROKER,\n  O.SYMBOL SYMBOL,\n  WINDOWSTART BUCKETSTART,\n  EARLIEST_BY_OFFSET(O.OPEN) OPEN,\n  MAX(O.HIGH) HIGH,\n  MIN(O.LOW) LOW,\n  LATEST_BY_OFFSET(O.CLOSE) CLOSE\nFROM BAR_TBIMP_1S_FINAL_S O\nWINDOW TUMBLING ( SIZE 1 MINUTES , GRACE PERIOD 2 SECONDS ) \nGROUP BY O.BROKER, O.SYMBOL\nEMIT CHANGES;","sinks":["BAR_TBIMP_1M_LIVE"],"sinkKafkaTopics":["bar_tbimp_1m_live"],"id":"CTAS_BAR_TBIMP_1M_LIVE_89","statusCount":{"RUNNING":1},"queryType":"PERSISTENT","state":"RUNNING"},{"queryString":"CREATE TABLE BAR_5M_LIVE WITH (CLEANUP_POLICY='compact,delete', KAFKA_TOPIC='bar_5m_live', KEY_FORMAT='AVRO', PARTITIONS=1, REPLICAS=1, RETENTION_MS=604800000, VALUE_FORMAT='AVRO') AS SELECT\n  O.BROKER BROKER,\n  O.SYMBOL SYMBOL,\n  WINDOWSTART BUCKETSTART,\n  EARLIEST_BY_OFFSET(O.OPEN) OPEN,\n  MAX(O.HIGH) HIGH,\n  MIN(O.LOW) LOW,\n  LATEST_BY_OFFSET(O.KSQLTIMEFRAMECLOSE) KSQLTIMEFRAMECLOSE\nFROM BAR_1S_FINAL_S O\nWINDOW TUMBLING ( SIZE 5 MINUTES , GRACE PERIOD 3 SECONDS ) \nGROUP BY O.BROKER, O.SYMBOL\nEMIT CHANGES;","sinks":["BAR_5M_LIVE"],"sinkKafkaTopics":["bar_5m_live"],"id":"CTAS_BAR_5M_LIVE_103","statusCount":{"RUNNING":1},"queryType":"PERSISTENT","state":"RUNNING"},{"queryString":"CREATE TABLE BAR_TBIMP_5M_LIVE WITH (CLEANUP_POLICY='compact,delete', KAFKA_TOPIC='bar_tbimp_5m_live', KEY_FORMAT='AVRO', PARTITIONS=1, REPLICAS=1, RETENTION_MS=604800000, VALUE_FORMAT='AVRO') AS SELECT\n  O.BROKER BROKER,\n  O.SYMBOL SYMBOL,\n  WINDOWSTART BUCKETSTART,\n  EARLIEST_BY_OFFSET(O.OPEN) OPEN,\n  MAX(O.HIGH) HIGH,\n  MIN(O.LOW) LOW,\n  LATEST_BY_OFFSET(O.CLOSE) CLOSE\nFROM BAR_TBIMP_1S_FINAL_S O\nWINDOW TUMBLING ( SIZE 5 MINUTES , GRACE PERIOD 3 SECONDS ) \nGROUP BY O.BROKER, O.SYMBOL\nEMIT CHANGES;","sinks":["BAR_TBIMP_5M_LIVE"],"sinkKafkaTopics":["bar_tbimp_5m_live"],"id":"CTAS_BAR_TBIMP_5M_LIVE_91","statusCount":{"RUNNING":1},"queryType":"PERSISTENT","state":"RUNNING"},{"queryString":"CREATE TABLE BAR_1M_LIVE WITH (CLEANUP_POLICY='compact,delete', KAFKA_TOPIC='bar_1m_live', KEY_FORMAT='AVRO', PARTITIONS=1, REPLICAS=1, RETENTION_MS=604800000, VALUE_FORMAT='AVRO') AS SELECT\n  O.BROKER BROKER,\n  O.SYMBOL SYMBOL,\n  WINDOWSTART BUCKETSTART,\n  EARLIEST_BY_OFFSET(O.OPEN) OPEN,\n  MAX(O.HIGH) HIGH,\n  MIN(O.LOW) LOW,\n  LATEST_BY_OFFSET(O.KSQLTIMEFRAMECLOSE) KSQLTIMEFRAMECLOSE\nFROM BAR_1S_FINAL_S O\nWINDOW TUMBLING ( SIZE 1 MINUTES , GRACE PERIOD 2 SECONDS ) \nGROUP BY O.BROKER, O.SYMBOL\nEMIT CHANGES;","sinks":["BAR_1M_LIVE"],"sinkKafkaTopics":["bar_1m_live"],"id":"CTAS_BAR_1M_LIVE_101","statusCount":{"RUNNING":1},"queryType":"PERSISTENT","state":"RUNNING"},{"queryString":"CREATE TABLE BAR_TBIMP_1S_FINAL WITH (CLEANUP_POLICY='compact,delete', KAFKA_TOPIC='bar_tbimp_1s_final', KEY_FORMAT='AVRO', PARTITIONS=1, REPLICAS=1, RETENTION_MS=604800000, VALUE_FORMAT='AVRO') AS SELECT\n  O.BROKER BROKER,\n  O.SYMBOL SYMBOL,\n  WINDOWSTART BUCKETSTART,\n  EARLIEST_BY_OFFSET(O.BID) OPEN,\n  MAX(O.BID) HIGH,\n  MIN(O.BID) LOW,\n  LATEST_BY_OFFSET(O.BID) CLOSE\nFROM TICKS_TBIMP O\nWINDOW TUMBLING ( SIZE 1 SECONDS ) \nGROUP BY O.BROKER, O.SYMBOL\nEMIT FINAL;","sinks":["BAR_TBIMP_1S_FINAL"],"sinkKafkaTopics":["bar_tbimp_1s_final"],"id":"CTAS_BAR_TBIMP_1S_FINAL_85","statusCount":{"RUNNING":1},"queryType":"PERSISTENT","state":"RUNNING"}],"warnings":[]}]&#xD;
warn: Kafka.Ksql.Linq.KsqlContext[0]&#xD;
      SHOW QUERIES attempt 4 did not contain a matching query for bar_5m_live&#xD;
info: Kafka.Ksql.Linq.KsqlContext[0]&#xD;
      ksql execute: EXECUTE SQL=SHOW QUERIES;&#xD;
info: Kafka.Ksql.Linq.KsqlContext[0]&#xD;
      SHOW QUERIES output (attempt 5): [{"@type":"queries","statementText":"SHOW QUERIES;","queries":[{"queryString":"CREATE TABLE BAR_1S_FINAL WITH (CLEANUP_POLICY='compact,delete', KAFKA_TOPIC='bar_1s_final', KEY_FORMAT='AVRO', PARTITIONS=1, REPLICAS=1, RETENTION_MS=604800000, VALUE_FORMAT='AVRO') AS SELECT\n  O.BROKER BROKER,\n  O.SYMBOL SYMBOL,\n  WINDOWSTART BUCKETSTART,\n  EARLIEST_BY_OFFSET(O.BID) OPEN,\n  MAX(O.BID) HIGH,\n  MIN(O.BID) LOW,\n  LATEST_BY_OFFSET(O.BID) KSQLTIMEFRAMECLOSE\nFROM DEDUPRATES O\nWINDOW TUMBLING ( SIZE 1 SECONDS ) \nGROUP BY O.BROKER, O.SYMBOL\nEMIT FINAL;","sinks":["BAR_1S_FINAL"],"sinkKafkaTopics":["bar_1s_final"],"id":"CTAS_BAR_1S_FINAL_97","statusCount":{"RUNNING":1},"queryType":"PERSISTENT","state":"RUNNING"},{"queryString":"CREATE TABLE BAR_TBIMP_1M_LIVE WITH (CLEANUP_POLICY='compact,delete', KAFKA_TOPIC='bar_tbimp_1m_live', KEY_FORMAT='AVRO', PARTITIONS=1, REPLICAS=1, RETENTION_MS=604800000, VALUE_FORMAT='AVRO') AS SELECT\n  O.BROKER BROKER,\n  O.SYMBOL SYMBOL,\n  WINDOWSTART BUCKETSTART,\n  EARLIEST_BY_OFFSET(O.OPEN) OPEN,\n  MAX(O.HIGH) HIGH,\n  MIN(O.LOW) LOW,\n  LATEST_BY_OFFSET(O.CLOSE) CLOSE\nFROM BAR_TBIMP_1S_FINAL_S O\nWINDOW TUMBLING ( SIZE 1 MINUTES , GRACE PERIOD 2 SECONDS ) \nGROUP BY O.BROKER, O.SYMBOL\nEMIT CHANGES;","sinks":["BAR_TBIMP_1M_LIVE"],"sinkKafkaTopics":["bar_tbimp_1m_live"],"id":"CTAS_BAR_TBIMP_1M_LIVE_89","statusCount":{"RUNNING":1},"queryType":"PERSISTENT","state":"RUNNING"},{"queryString":"CREATE TABLE BAR_5M_LIVE WITH (CLEANUP_POLICY='compact,delete', KAFKA_TOPIC='bar_5m_live', KEY_FORMAT='AVRO', PARTITIONS=1, REPLICAS=1, RETENTION_MS=604800000, VALUE_FORMAT='AVRO') AS SELECT\n  O.BROKER BROKER,\n  O.SYMBOL SYMBOL,\n  WINDOWSTART BUCKETSTART,\n  EARLIEST_BY_OFFSET(O.OPEN) OPEN,\n  MAX(O.HIGH) HIGH,\n  MIN(O.LOW) LOW,\n  LATEST_BY_OFFSET(O.KSQLTIMEFRAMECLOSE) KSQLTIMEFRAMECLOSE\nFROM BAR_1S_FINAL_S O\nWINDOW TUMBLING ( SIZE 5 MINUTES , GRACE PERIOD 3 SECONDS ) \nGROUP BY O.BROKER, O.SYMBOL\nEMIT CHANGES;","sinks":["BAR_5M_LIVE"],"sinkKafkaTopics":["bar_5m_live"],"id":"CTAS_BAR_5M_LIVE_103","statusCount":{"RUNNING":1},"queryType":"PERSISTENT","state":"RUNNING"},{"queryString":"CREATE TABLE BAR_TBIMP_5M_LIVE WITH (CLEANUP_POLICY='compact,delete', KAFKA_TOPIC='bar_tbimp_5m_live', KEY_FORMAT='AVRO', PARTITIONS=1, REPLICAS=1, RETENTION_MS=604800000, VALUE_FORMAT='AVRO') AS SELECT\n  O.BROKER BROKER,\n  O.SYMBOL SYMBOL,\n  WINDOWSTART BUCKETSTART,\n  EARLIEST_BY_OFFSET(O.OPEN) OPEN,\n  MAX(O.HIGH) HIGH,\n  MIN(O.LOW) LOW,\n  LATEST_BY_OFFSET(O.CLOSE) CLOSE\nFROM BAR_TBIMP_1S_FINAL_S O\nWINDOW TUMBLING ( SIZE 5 MINUTES , GRACE PERIOD 3 SECONDS ) \nGROUP BY O.BROKER, O.SYMBOL\nEMIT CHANGES;","sinks":["BAR_TBIMP_5M_LIVE"],"sinkKafkaTopics":["bar_tbimp_5m_live"],"id":"CTAS_BAR_TBIMP_5M_LIVE_91","statusCount":{"RUNNING":1},"queryType":"PERSISTENT","state":"RUNNING"},{"queryString":"CREATE TABLE BAR_1M_LIVE WITH (CLEANUP_POLICY='compact,delete', KAFKA_TOPIC='bar_1m_live', KEY_FORMAT='AVRO', PARTITIONS=1, REPLICAS=1, RETENTION_MS=604800000, VALUE_FORMAT='AVRO') AS SELECT\n  O.BROKER BROKER,\n  O.SYMBOL SYMBOL,\n  WINDOWSTART BUCKETSTART,\n  EARLIEST_BY_OFFSET(O.OPEN) OPEN,\n  MAX(O.HIGH) HIGH,\n  MIN(O.LOW) LOW,\n  LATEST_BY_OFFSET(O.KSQLTIMEFRAMECLOSE) KSQLTIMEFRAMECLOSE\nFROM BAR_1S_FINAL_S O\nWINDOW TUMBLING ( SIZE 1 MINUTES , GRACE PERIOD 2 SECONDS ) \nGROUP BY O.BROKER, O.SYMBOL\nEMIT CHANGES;","sinks":["BAR_1M_LIVE"],"sinkKafkaTopics":["bar_1m_live"],"id":"CTAS_BAR_1M_LIVE_101","statusCount":{"RUNNING":1},"queryType":"PERSISTENT","state":"RUNNING"},{"queryString":"CREATE TABLE BAR_TBIMP_1S_FINAL WITH (CLEANUP_POLICY='compact,delete', KAFKA_TOPIC='bar_tbimp_1s_final', KEY_FORMAT='AVRO', PARTITIONS=1, REPLICAS=1, RETENTION_MS=604800000, VALUE_FORMAT='AVRO') AS SELECT\n  O.BROKER BROKER,\n  O.SYMBOL SYMBOL,\n  WINDOWSTART BUCKETSTART,\n  EARLIEST_BY_OFFSET(O.BID) OPEN,\n  MAX(O.BID) HIGH,\n  MIN(O.BID) LOW,\n  LATEST_BY_OFFSET(O.BID) CLOSE\nFROM TICKS_TBIMP O\nWINDOW TUMBLING ( SIZE 1 SECONDS ) \nGROUP BY O.BROKER, O.SYMBOL\nEMIT FINAL;","sinks":["BAR_TBIMP_1S_FINAL"],"sinkKafkaTopics":["bar_tbimp_1s_final"],"id":"CTAS_BAR_TBIMP_1S_FINAL_85","statusCount":{"RUNNING":1},"queryType":"PERSISTENT","state":"RUNNING"}],"warnings":[]}]&#xD;
warn: Kafka.Ksql.Linq.KsqlContext[0]&#xD;
      SHOW QUERIES attempt 5 did not contain a matching query for bar_5m_live&#xD;
warn: Kafka.Ksql.Linq.KsqlContext[0]&#xD;
      Unable to locate queryId for bar_5m_live after 5 attempts&#xD;
warn: Kafka.Ksql.Linq.KsqlContext[0]&#xD;
      Could not locate queryId via SHOW QUERIES for derived statement targeting bar_5m_live: CREATE TABLE bar_5m_live  WITH (KAFKA_TOPIC='bar_5m_live', KEY_FORMAT='AVRO', VALUE_FORMAT='AVRO') AS&#xD;
      SELECT BROKER AS Broker, SYMBOL AS Symbol, WINDOWSTART AS BucketStart, EARLIEST_BY_OFFSET(o.OPEN) AS Open, MAX(o.HIGH) AS High, MIN(o.LOW) AS Low, LATEST_BY_OFFSET(o.KSQLTIMEFRAMECLOSE) AS KsqlTimeFrameClose&#xD;
      FROM bar_1s_final_s o WINDOW TUMBLING (SIZE 5 MINUTES, GRACE PERIOD 3 SECONDS)&#xD;
      GROUP BY BROKER, SYMBOL&#xD;
      EMIT CHANGES;&#xD;
info: Kafka.Ksql.Linq.KsqlContext[0]&#xD;
      ksql execute: EXECUTE SQL=SHOW QUERIES;&#xD;
info: Kafka.Ksql.Linq.KsqlContext[0]&#xD;
      ksql execute: EXECUTE SQL=SHOW QUERIES;&#xD;
info: Kafka.Ksql.Linq.KsqlContext[0]&#xD;
      ksql execute: EXECUTE SQL=SHOW QUERIES;&#xD;
info: Kafka.Ksql.Linq.KsqlContext[0]&#xD;
      ksql execute: EXECUTE SQL=SHOW QUERIES;&#xD;
info: Streamiz.Kafka.Net.Processors.StreamThread[0]&#xD;
      Processed 0 total records, ran 0 punctuators and committed 0 total tasks since the last update&#xD;
info: Kafka.Ksql.Linq.KsqlContext[0]&#xD;
      ksql execute: EXECUTE SQL=SHOW QUERIES;&#xD;
info: Kafka.Ksql.Linq.KsqlContext[0]&#xD;
      ksql execute: EXECUTE SQL=SHOW QUERIES;&#xD;
info: Kafka.Ksql.Linq.KsqlContext[0]&#xD;
      ksql execute: EXECUTE SQL=SHOW QUERIES;&#xD;
info: Kafka.Ksql.Linq.KsqlContext[0]&#xD;
      ksql execute: EXECUTE SQL=SHOW QUERIES;&#xD;
info: Kafka.Ksql.Linq.KsqlContext[0]&#xD;
      ksql execute: EXECUTE SQL=SHOW QUERIES;&#xD;
info: Kafka.Ksql.Linq.KsqlContext[0]&#xD;
      ksql execute: EXECUTE SQL=SHOW QUERIES;&#xD;
info: Kafka.Ksql.Linq.KsqlContext[0]&#xD;
      ksql execute: EXECUTE SQL=SHOW QUERIES;&#xD;
info: Kafka.Ksql.Linq.KsqlContext[0]&#xD;
      ksql execute: EXECUTE SQL=SHOW QUERIES;&#xD;
info: Kafka.Ksql.Linq.KsqlContext[0]&#xD;
      ksql execute: EXECUTE SQL=SHOW QUERIES;&#xD;
info: Kafka.Ksql.Linq.KsqlContext[0]&#xD;
      ksql execute: EXECUTE SQL=SHOW QUERIES;&#xD;
info: Kafka.Ksql.Linq.KsqlContext[0]&#xD;
      ksql execute: EXECUTE SQL=SHOW QUERIES;&#xD;
info: Kafka.Ksql.Linq.KsqlContext[0]&#xD;
      ksql execute: EXECUTE SQL=SHOW QUERIES;&#xD;
info: Kafka.Ksql.Linq.KsqlContext[0]&#xD;
      ksql execute: EXECUTE SQL=SHOW QUERIES;&#xD;
info: Kafka.Ksql.Linq.KsqlContext[0]&#xD;
      ksql execute: EXECUTE SQL=SHOW QUERIES;&#xD;
info: Kafka.Ksql.Linq.KsqlContext[0]&#xD;
      ksql execute: EXECUTE SQL=SHOW QUERIES;&#xD;
info: Kafka.Ksql.Linq.KsqlContext[0]&#xD;
      ksql execute: EXECUTE SQL=SHOW QUERIES;&#xD;
info: Kafka.Ksql.Linq.KsqlContext[0]&#xD;
      ksql execute: EXECUTE SQL=SHOW QUERIES;&#xD;
info: Kafka.Ksql.Linq.KsqlContext[0]&#xD;
      ksql execute: EXECUTE SQL=SHOW QUERIES;&#xD;
info: Kafka.Ksql.Linq.KsqlContext[0]&#xD;
      ksql execute: EXECUTE SQL=SHOW QUERIES;&#xD;
info: Kafka.Ksql.Linq.KsqlContext[0]&#xD;
      ksql execute: EXECUTE SQL=SHOW QUERIES;&#xD;
info: Kafka.Ksql.Linq.KsqlContext[0]&#xD;
      ksql execute: EXECUTE SQL=SHOW QUERIES;&#xD;
info: Kafka.Ksql.Linq.KsqlContext[0]&#xD;
      ksql execute: EXECUTE SQL=SHOW QUERIES;&#xD;
info: Kafka.Ksql.Linq.KsqlContext[0]&#xD;
      ksql execute: EXECUTE SQL=SHOW QUERIES;&#xD;
info: Kafka.Ksql.Linq.KsqlContext[0]&#xD;
      ksql execute: EXECUTE SQL=SHOW QUERIES;&#xD;
info: Kafka.Ksql.Linq.KsqlContext[0]&#xD;
      ksql execute: EXECUTE SQL=SHOW QUERIES;&#xD;
info: Kafka.Ksql.Linq.KsqlContext[0]&#xD;
      ksql execute: EXECUTE SQL=SHOW QUERIES;&#xD;
info: Kafka.Ksql.Linq.KsqlContext[0]&#xD;
      ksql execute: EXECUTE SQL=SHOW QUERIES;&#xD;
info: Kafka.Ksql.Linq.KsqlContext[0]&#xD;
      ksql execute: EXECUTE SQL=SHOW QUERIES;&#xD;
info: Kafka.Ksql.Linq.KsqlContext[0]&#xD;
      ksql execute: EXECUTE SQL=SHOW QUERIES;&#xD;
info: Kafka.Ksql.Linq.KsqlContext[0]&#xD;
      ksql execute: EXECUTE SQL=SHOW QUERIES;&#xD;
info: Streamiz.Kafka.Net.Processors.StreamThread[0]&#xD;
      Processed 0 total records, ran 0 punctuators and committed 0 total tasks since the last update&#xD;
info: Kafka.Ksql.Linq.KsqlContext[0]&#xD;
      ksql execute: EXECUTE SQL=SHOW QUERIES;&#xD;
info: Kafka.Ksql.Linq.KsqlContext[0]&#xD;
      ksql execute: EXECUTE SQL=SHOW QUERIES;&#xD;
info: Kafka.Ksql.Linq.KsqlContext[0]&#xD;
      ksql execute: EXECUTE SQL=SHOW QUERIES;&#xD;
info: Kafka.Ksql.Linq.KsqlContext[0]&#xD;
      ksql execute: EXECUTE SQL=SHOW QUERIES;&#xD;
info: Kafka.Ksql.Linq.KsqlContext[0]&#xD;
      ksql execute: EXECUTE SQL=SHOW QUERIES;&#xD;
info: Kafka.Ksql.Linq.KsqlContext[0]&#xD;
      ksql execute: EXECUTE SQL=SHOW QUERIES;&#xD;
info: Kafka.Ksql.Linq.KsqlContext[0]&#xD;
      ksql execute: EXECUTE SQL=SHOW QUERIES;&#xD;
info: Kafka.Ksql.Linq.KsqlContext[0]&#xD;
      ksql execute: EXECUTE SQL=SHOW QUERIES;&#xD;
info: Kafka.Ksql.Linq.KsqlContext[0]&#xD;
      ksql execute: EXECUTE SQL=SHOW QUERIES;&#xD;
info: Kafka.Ksql.Linq.KsqlContext[0]&#xD;
      ksql execute: EXECUTE SQL=SHOW QUERIES;&#xD;
info: Kafka.Ksql.Linq.KsqlContext[0]&#xD;
      ksql execute: EXECUTE SQL=SHOW QUERIES;&#xD;
info: Kafka.Ksql.Linq.KsqlContext[0]&#xD;
      ksql execute: EXECUTE SQL=SHOW QUERIES;&#xD;
info: Kafka.Ksql.Linq.KsqlContext[0]&#xD;
      ksql execute: EXECUTE SQL=SHOW QUERIES;&#xD;
info: Kafka.Ksql.Linq.KsqlContext[0]&#xD;
      ksql execute: EXECUTE SQL=SHOW QUERIES;&#xD;
info: Kafka.Ksql.Linq.KsqlContext[0]&#xD;
      ksql execute: EXECUTE SQL=SHOW QUERIES;&#xD;
info: Kafka.Ksql.Linq.KsqlContext[0]&#xD;
      ksql execute: EXECUTE SQL=SHOW QUERIES;&#xD;
info: Kafka.Ksql.Linq.KsqlContext[0]&#xD;
      ksql execute: EXECUTE SQL=SHOW QUERIES;&#xD;
info: Kafka.Ksql.Linq.KsqlContext[0]&#xD;
      ksql execute: EXECUTE SQL=SHOW QUERIES;&#xD;
info: Kafka.Ksql.Linq.KsqlContext[0]&#xD;
      ksql execute: EXECUTE SQL=SHOW QUERIES;&#xD;
info: Kafka.Ksql.Linq.KsqlContext[0]&#xD;
      ksql execute: EXECUTE SQL=SHOW QUERIES;&#xD;
info: Kafka.Ksql.Linq.KsqlContext[0]&#xD;
      ksql execute: EXECUTE SQL=SHOW QUERIES;&#xD;
info: Kafka.Ksql.Linq.KsqlContext[0]&#xD;
      ksql execute: EXECUTE SQL=SHOW QUERIES;&#xD;
info: Kafka.Ksql.Linq.KsqlContext[0]&#xD;
      ksql execute: EXECUTE SQL=SHOW QUERIES;&#xD;
info: Kafka.Ksql.Linq.KsqlContext[0]&#xD;
      ksql execute: EXECUTE SQL=SHOW QUERIES;&#xD;
info: Kafka.Ksql.Linq.KsqlContext[0]&#xD;
      ksql execute: EXECUTE SQL=SHOW QUERIES;&#xD;
info: Kafka.Ksql.Linq.KsqlContext[0]&#xD;
      ksql execute: EXECUTE SQL=SHOW QUERIES;&#xD;
info: Kafka.Ksql.Linq.KsqlContext[0]&#xD;
      ksql execute: EXECUTE SQL=SHOW QUERIES;&#xD;
info: Kafka.Ksql.Linq.KsqlContext[0]&#xD;
      ksql execute: EXECUTE SQL=SHOW QUERIES;&#xD;
info: Kafka.Ksql.Linq.KsqlContext[0]&#xD;
      ksql execute: EXECUTE SQL=SHOW QUERIES;&#xD;
info: Kafka.Ksql.Linq.KsqlContext[0]&#xD;
      ksql execute: EXECUTE SQL=SHOW QUERIES;&#xD;
info: Streamiz.Kafka.Net.Processors.StreamThread[0]&#xD;
      Processed 0 total records, ran 0 punctuators and committed 0 total tasks since the last update&#xD;
info: Kafka.Ksql.Linq.KsqlContext[0]&#xD;
      ksql execute: EXECUTE SQL=SHOW QUERIES;&#xD;
info: Kafka.Ksql.Linq.KsqlContext[0]&#xD;
      ksql execute: EXECUTE SQL=SHOW QUERIES;&#xD;
info: Kafka.Ksql.Linq.KsqlContext[0]&#xD;
      ksql execute: EXECUTE SQL=SHOW QUERIES;&#xD;
info: Kafka.Ksql.Linq.KsqlContext[0]&#xD;
      ksql execute: EXECUTE SQL=SHOW QUERIES;&#xD;
info: Kafka.Ksql.Linq.KsqlContext[0]&#xD;
      ksql execute: EXECUTE SQL=SHOW QUERIES;&#xD;
info: Kafka.Ksql.Linq.KsqlContext[0]&#xD;
      ksql execute: EXECUTE SQL=SHOW QUERIES;&#xD;
info: Kafka.Ksql.Linq.KsqlContext[0]&#xD;
      ksql execute: EXECUTE SQL=SHOW QUERIES;&#xD;
info: Kafka.Ksql.Linq.KsqlContext[0]&#xD;
      ksql execute: EXECUTE SQL=SHOW QUERIES;&#xD;
info: Kafka.Ksql.Linq.KsqlContext[0]&#xD;
      ksql execute: EXECUTE SQL=SHOW QUERIES;&#xD;
info: Kafka.Ksql.Linq.KsqlContext[0]&#xD;
      ksql execute: EXECUTE SQL=SHOW QUERIES;&#xD;
info: Kafka.Ksql.Linq.KsqlContext[0]&#xD;
      ksql execute: EXECUTE SQL=SHOW QUERIES;&#xD;
info: Kafka.Ksql.Linq.KsqlContext[0]&#xD;
      ksql execute: EXECUTE SQL=SHOW QUERIES;&#xD;
info: Kafka.Ksql.Linq.KsqlContext[0]&#xD;
      ksql execute: EXECUTE SQL=SHOW QUERIES;&#xD;
info: Kafka.Ksql.Linq.KsqlContext[0]&#xD;
      ksql execute: EXECUTE SQL=SHOW QUERIES;&#xD;
info: Kafka.Ksql.Linq.KsqlContext[0]&#xD;
      ksql execute: EXECUTE SQL=SHOW QUERIES;&#xD;
info: Kafka.Ksql.Linq.KsqlContext[0]&#xD;
      ksql execute: EXECUTE SQL=SHOW QUERIES;&#xD;
info: Kafka.Ksql.Linq.KsqlContext[0]&#xD;
      ksql execute: EXECUTE SQL=SHOW QUERIES;&#xD;
info: Kafka.Ksql.Linq.KsqlContext[0]&#xD;
      ksql execute: EXECUTE SQL=SHOW QUERIES;&#xD;
info: Kafka.Ksql.Linq.KsqlContext[0]&#xD;
      ksql execute: EXECUTE SQL=SHOW QUERIES;&#xD;
info: Kafka.Ksql.Linq.KsqlContext[0]&#xD;
      ksql execute: EXECUTE SQL=SHOW QUERIES;&#xD;
info: Kafka.Ksql.Linq.KsqlContext[0]&#xD;
      ksql execute: EXECUTE SQL=SHOW QUERIES;&#xD;
info: Kafka.Ksql.Linq.KsqlContext[0]&#xD;
      ksql execute: EXECUTE SQL=SHOW QUERIES;&#xD;
info: Kafka.Ksql.Linq.KsqlContext[0]&#xD;
      ksql execute: EXECUTE SQL=SHOW QUERIES;&#xD;
info: Kafka.Ksql.Linq.KsqlContext[0]&#xD;
      ksql execute: EXECUTE SQL=SHOW QUERIES;&#xD;
info: Kafka.Ksql.Linq.KsqlContext[0]&#xD;
      ksql execute: EXECUTE SQL=SHOW QUERIES;&#xD;
info: Kafka.Ksql.Linq.KsqlContext[0]&#xD;
      ksql execute: EXECUTE SQL=SHOW QUERIES;&#xD;
warn: Kafka.Ksql.Linq.KsqlContext[0]&#xD;
      Derived query stabilization failed for Bar (attempt 1/3)&#xD;
      System.TimeoutException: CTAS/CSAS query for bar_1s_final_s did not reach RUNNING within 180s&#xD;
         at Kafka.Ksql.Linq.KsqlContext.WaitForQueryRunningAsync(String targetEntityName, TimeSpan timeout)&#xD;
         at Kafka.Ksql.Linq.KsqlContext.WaitForDerivedQueriesRunningAsync(TimeSpan timeout)&#xD;
         at Kafka.Ksql.Linq.KsqlContext.&lt;&gt;c__DisplayClass95_0.&lt;&lt;EnsureQueryEntityDdlAsync&gt;g__EnsureDerivedQueryEntityDdlAsync|0&gt;d.MoveNext()&#xD;
info: Kafka.Ksql.Linq.KsqlContext[0]&#xD;
      KSQL DDL (derived bar_1s_final): CREATE TABLE bar_1s_final  WITH (KAFKA_TOPIC='bar_1s_final', KEY_FORMAT='AVRO', VALUE_FORMAT='AVRO') AS&#xD;
      SELECT BROKER AS Broker, SYMBOL AS Symbol, WINDOWSTART AS BucketStart, EARLIEST_BY_OFFSET(Bid) AS Open, MAX(Bid) AS High, MIN(Bid) AS Low, LATEST_BY_OFFSET(Bid) AS KsqlTimeFrameClose&#xD;
      FROM DEDUPRATES o WINDOW TUMBLING (SIZE 1 SECONDS)&#xD;
      GROUP BY BROKER, SYMBOL&#xD;
      EMIT FINAL;&#xD;
info: Kafka.Ksql.Linq.KsqlContext[0]&#xD;
      ksql execute: EXECUTE SQL=CREATE TABLE bar_1s_final  WITH (KAFKA_TOPIC='bar_1s_final', KEY_FORMAT='AVRO', VALUE_FORMAT='AVRO') AS  SELECT BROKER A...&#xD;
info: Kafka.Ksql.Linq.KsqlContext[0]&#xD;
      KSQL DDL (derived bar_1s_final_s): CREATE STREAM bar_1s_final_s (BROKER VARCHAR KEY, SYMBOL VARCHAR KEY, BUCKETSTART TIMESTAMP KEY, OPEN DOUBLE, HIGH DOUBLE, LOW DOUBLE, KSQLTIMEFRAMECLOSE DOUBLE) WITH (KAFKA_TOPIC='bar_1s_final', KEY_FORMAT='AVRO', VALUE_FORMAT='AVRO', VALUE_AVRO_SCHEMA_FULL_NAME='bar_ksql.bar_1s_final_s_valueAvro', PARTITIONS=1, REPLICAS=1, RETENTION_MS=604800000);&#xD;
info: Kafka.Ksql.Linq.KsqlContext[0]&#xD;
      ksql execute: EXECUTE SQL=CREATE STREAM bar_1s_final_s (BROKER VARCHAR KEY, SYMBOL VARCHAR KEY, BUCKETSTART TIMESTAMP KEY, OPEN DOUBLE, HIGH DOUBL...&#xD;
info: Kafka.Ksql.Linq.KsqlContext[0]&#xD;
      KSQL DDL (derived bar_1m_live): CREATE TABLE bar_1m_live  WITH (KAFKA_TOPIC='bar_1m_live', KEY_FORMAT='AVRO', VALUE_FORMAT='AVRO') AS&#xD;
      SELECT BROKER AS Broker, SYMBOL AS Symbol, WINDOWSTART AS BucketStart, EARLIEST_BY_OFFSET(o.OPEN) AS Open, MAX(o.HIGH) AS High, MIN(o.LOW) AS Low, LATEST_BY_OFFSET(o.KSQLTIMEFRAMECLOSE) AS KsqlTimeFrameClose&#xD;
      FROM bar_1s_final_s o WINDOW TUMBLING (SIZE 1 MINUTES, GRACE PERIOD 2 SECONDS)&#xD;
      GROUP BY BROKER, SYMBOL&#xD;
      EMIT CHANGES;&#xD;
info: Kafka.Ksql.Linq.KsqlContext[0]&#xD;
      ksql execute: EXECUTE SQL=CREATE TABLE bar_1m_live  WITH (KAFKA_TOPIC='bar_1m_live', KEY_FORMAT='AVRO', VALUE_FORMAT='AVRO') AS  SELECT BROKER AS ...&#xD;
info: Kafka.Ksql.Linq.KsqlContext[0]&#xD;
      KSQL DDL (derived bar_5m_live): CREATE TABLE bar_5m_live  WITH (KAFKA_TOPIC='bar_5m_live', KEY_FORMAT='AVRO', VALUE_FORMAT='AVRO') AS&#xD;
      SELECT BROKER AS Broker, SYMBOL AS Symbol, WINDOWSTART AS BucketStart, EARLIEST_BY_OFFSET(o.OPEN) AS Open, MAX(o.HIGH) AS High, MIN(o.LOW) AS Low, LATEST_BY_OFFSET(o.KSQLTIMEFRAMECLOSE) AS KsqlTimeFrameClose&#xD;
      FROM bar_1s_final_s o WINDOW TUMBLING (SIZE 5 MINUTES, GRACE PERIOD 3 SECONDS)&#xD;
      GROUP BY BROKER, SYMBOL&#xD;
      EMIT CHANGES;&#xD;
info: Kafka.Ksql.Linq.KsqlContext[0]&#xD;
      ksql execute: EXECUTE SQL=CREATE TABLE bar_5m_live  WITH (KAFKA_TOPIC='bar_5m_live', KEY_FORMAT='AVRO', VALUE_FORMAT='AVRO') AS  SELECT BROKER AS ...&#xD;
info: Kafka.Ksql.Linq.KsqlContext[0]&#xD;
      ksql execute: EXECUTE SQL=SHOW QUERIES;&#xD;
info: Kafka.Ksql.Linq.KsqlContext[0]&#xD;
      SHOW QUERIES output (attempt 1): [{"@type":"queries","statementText":"SHOW QUERIES;","queries":[{"queryString":"CREATE TABLE BAR_1S_FINAL WITH (CLEANUP_POLICY='compact,delete', KAFKA_TOPIC='bar_1s_final', KEY_FORMAT='AVRO', PARTITIONS=1, REPLICAS=1, RETENTION_MS=604800000, VALUE_FORMAT='AVRO') AS SELECT\n  O.BROKER BROKER,\n  O.SYMBOL SYMBOL,\n  WINDOWSTART BUCKETSTART,\n  EARLIEST_BY_OFFSET(O.BID) OPEN,\n  MAX(O.BID) HIGH,\n  MIN(O.BID) LOW,\n  LATEST_BY_OFFSET(O.BID) KSQLTIMEFRAMECLOSE\nFROM DEDUPRATES O\nWINDOW TUMBLING ( SIZE 1 SECONDS ) \nGROUP BY O.BROKER, O.SYMBOL\nEMIT FINAL;","sinks":["BAR_1S_FINAL"],"sinkKafkaTopics":["bar_1s_final"],"id":"CTAS_BAR_1S_FINAL_97","statusCount":{"RUNNING":1},"queryType":"PERSISTENT","state":"RUNNING"},{"queryString":"CREATE TABLE BAR_TBIMP_1M_LIVE WITH (CLEANUP_POLICY='compact,delete', KAFKA_TOPIC='bar_tbimp_1m_live', KEY_FORMAT='AVRO', PARTITIONS=1, REPLICAS=1, RETENTION_MS=604800000, VALUE_FORMAT='AVRO') AS SELECT\n  O.BROKER BROKER,\n  O.SYMBOL SYMBOL,\n  WINDOWSTART BUCKETSTART,\n  EARLIEST_BY_OFFSET(O.OPEN) OPEN,\n  MAX(O.HIGH) HIGH,\n  MIN(O.LOW) LOW,\n  LATEST_BY_OFFSET(O.CLOSE) CLOSE\nFROM BAR_TBIMP_1S_FINAL_S O\nWINDOW TUMBLING ( SIZE 1 MINUTES , GRACE PERIOD 2 SECONDS ) \nGROUP BY O.BROKER, O.SYMBOL\nEMIT CHANGES;","sinks":["BAR_TBIMP_1M_LIVE"],"sinkKafkaTopics":["bar_tbimp_1m_live"],"id":"CTAS_BAR_TBIMP_1M_LIVE_89","statusCount":{"RUNNING":1},"queryType":"PERSISTENT","state":"RUNNING"},{"queryString":"CREATE TABLE BAR_5M_LIVE WITH (CLEANUP_POLICY='compact,delete', KAFKA_TOPIC='bar_5m_live', KEY_FORMAT='AVRO', PARTITIONS=1, REPLICAS=1, RETENTION_MS=604800000, VALUE_FORMAT='AVRO') AS SELECT\n  O.BROKER BROKER,\n  O.SYMBOL SYMBOL,\n  WINDOWSTART BUCKETSTART,\n  EARLIEST_BY_OFFSET(O.OPEN) OPEN,\n  MAX(O.HIGH) HIGH,\n  MIN(O.LOW) LOW,\n  LATEST_BY_OFFSET(O.KSQLTIMEFRAMECLOSE) KSQLTIMEFRAMECLOSE\nFROM BAR_1S_FINAL_S O\nWINDOW TUMBLING ( SIZE 5 MINUTES , GRACE PERIOD 3 SECONDS ) \nGROUP BY O.BROKER, O.SYMBOL\nEMIT CHANGES;","sinks":["BAR_5M_LIVE"],"sinkKafkaTopics":["bar_5m_live"],"id":"CTAS_BAR_5M_LIVE_103","statusCount":{"RUNNING":1},"queryType":"PERSISTENT","state":"RUNNING"},{"queryString":"CREATE TABLE BAR_TBIMP_5M_LIVE WITH (CLEANUP_POLICY='compact,delete', KAFKA_TOPIC='bar_tbimp_5m_live', KEY_FORMAT='AVRO', PARTITIONS=1, REPLICAS=1, RETENTION_MS=604800000, VALUE_FORMAT='AVRO') AS SELECT\n  O.BROKER BROKER,\n  O.SYMBOL SYMBOL,\n  WINDOWSTART BUCKETSTART,\n  EARLIEST_BY_OFFSET(O.OPEN) OPEN,\n  MAX(O.HIGH) HIGH,\n  MIN(O.LOW) LOW,\n  LATEST_BY_OFFSET(O.CLOSE) CLOSE\nFROM BAR_TBIMP_1S_FINAL_S O\nWINDOW TUMBLING ( SIZE 5 MINUTES , GRACE PERIOD 3 SECONDS ) \nGROUP BY O.BROKER, O.SYMBOL\nEMIT CHANGES;","sinks":["BAR_TBIMP_5M_LIVE"],"sinkKafkaTopics":["bar_tbimp_5m_live"],"id":"CTAS_BAR_TBIMP_5M_LIVE_91","statusCount":{"RUNNING":1},"queryType":"PERSISTENT","state":"RUNNING"},{"queryString":"CREATE TABLE BAR_1M_LIVE WITH (CLEANUP_POLICY='compact,delete', KAFKA_TOPIC='bar_1m_live', KEY_FORMAT='AVRO', PARTITIONS=1, REPLICAS=1, RETENTION_MS=604800000, VALUE_FORMAT='AVRO') AS SELECT\n  O.BROKER BROKER,\n  O.SYMBOL SYMBOL,\n  WINDOWSTART BUCKETSTART,\n  EARLIEST_BY_OFFSET(O.OPEN) OPEN,\n  MAX(O.HIGH) HIGH,\n  MIN(O.LOW) LOW,\n  LATEST_BY_OFFSET(O.KSQLTIMEFRAMECLOSE) KSQLTIMEFRAMECLOSE\nFROM BAR_1S_FINAL_S O\nWINDOW TUMBLING ( SIZE 1 MINUTES , GRACE PERIOD 2 SECONDS ) \nGROUP BY O.BROKER, O.SYMBOL\nEMIT CHANGES;","sinks":["BAR_1M_LIVE"],"sinkKafkaTopics":["bar_1m_live"],"id":"CTAS_BAR_1M_LIVE_101","statusCount":{"RUNNING":1},"queryType":"PERSISTENT","state":"RUNNING"},{"queryString":"CREATE TABLE BAR_TBIMP_1S_FINAL WITH (CLEANUP_POLICY='compact,delete', KAFKA_TOPIC='bar_tbimp_1s_final', KEY_FORMAT='AVRO', PARTITIONS=1, REPLICAS=1, RETENTION_MS=604800000, VALUE_FORMAT='AVRO') AS SELECT\n  O.BROKER BROKER,\n  O.SYMBOL SYMBOL,\n  WINDOWSTART BUCKETSTART,\n  EARLIEST_BY_OFFSET(O.BID) OPEN,\n  MAX(O.BID) HIGH,\n  MIN(O.BID) LOW,\n  LATEST_BY_OFFSET(O.BID) CLOSE\nFROM TICKS_TBIMP O\nWINDOW TUMBLING ( SIZE 1 SECONDS ) \nGROUP BY O.BROKER, O.SYMBOL\nEMIT FINAL;","sinks":["BAR_TBIMP_1S_FINAL"],"sinkKafkaTopics":["bar_tbimp_1s_final"],"id":"CTAS_BAR_TBIMP_1S_FINAL_85","statusCount":{"RUNNING":1},"queryType":"PERSISTENT","state":"RUNNING"}],"warnings":[]}]&#xD;
warn: Kafka.Ksql.Linq.KsqlContext[0]&#xD;
      SHOW QUERIES attempt 1 did not contain a matching query for bar_1s_final&#xD;
info: Streamiz.Kafka.Net.Processors.StreamThread[0]&#xD;
      Processed 0 total records, ran 0 punctuators and committed 0 total tasks since the last update&#xD;
info: Kafka.Ksql.Linq.KsqlContext[0]&#xD;
      ksql execute: EXECUTE SQL=SHOW QUERIES;&#xD;
info: Kafka.Ksql.Linq.KsqlContext[0]&#xD;
      SHOW QUERIES output (attempt 2): [{"@type":"queries","statementText":"SHOW QUERIES;","queries":[{"queryString":"CREATE TABLE BAR_1S_FINAL WITH (CLEANUP_POLICY='compact,delete', KAFKA_TOPIC='bar_1s_final', KEY_FORMAT='AVRO', PARTITIONS=1, REPLICAS=1, RETENTION_MS=604800000, VALUE_FORMAT='AVRO') AS SELECT\n  O.BROKER BROKER,\n  O.SYMBOL SYMBOL,\n  WINDOWSTART BUCKETSTART,\n  EARLIEST_BY_OFFSET(O.BID) OPEN,\n  MAX(O.BID) HIGH,\n  MIN(O.BID) LOW,\n  LATEST_BY_OFFSET(O.BID) KSQLTIMEFRAMECLOSE\nFROM DEDUPRATES O\nWINDOW TUMBLING ( SIZE 1 SECONDS ) \nGROUP BY O.BROKER, O.SYMBOL\nEMIT FINAL;","sinks":["BAR_1S_FINAL"],"sinkKafkaTopics":["bar_1s_final"],"id":"CTAS_BAR_1S_FINAL_97","statusCount":{"RUNNING":1},"queryType":"PERSISTENT","state":"RUNNING"},{"queryString":"CREATE TABLE BAR_TBIMP_1M_LIVE WITH (CLEANUP_POLICY='compact,delete', KAFKA_TOPIC='bar_tbimp_1m_live', KEY_FORMAT='AVRO', PARTITIONS=1, REPLICAS=1, RETENTION_MS=604800000, VALUE_FORMAT='AVRO') AS SELECT\n  O.BROKER BROKER,\n  O.SYMBOL SYMBOL,\n  WINDOWSTART BUCKETSTART,\n  EARLIEST_BY_OFFSET(O.OPEN) OPEN,\n  MAX(O.HIGH) HIGH,\n  MIN(O.LOW) LOW,\n  LATEST_BY_OFFSET(O.CLOSE) CLOSE\nFROM BAR_TBIMP_1S_FINAL_S O\nWINDOW TUMBLING ( SIZE 1 MINUTES , GRACE PERIOD 2 SECONDS ) \nGROUP BY O.BROKER, O.SYMBOL\nEMIT CHANGES;","sinks":["BAR_TBIMP_1M_LIVE"],"sinkKafkaTopics":["bar_tbimp_1m_live"],"id":"CTAS_BAR_TBIMP_1M_LIVE_89","statusCount":{"RUNNING":1},"queryType":"PERSISTENT","state":"RUNNING"},{"queryString":"CREATE TABLE BAR_5M_LIVE WITH (CLEANUP_POLICY='compact,delete', KAFKA_TOPIC='bar_5m_live', KEY_FORMAT='AVRO', PARTITIONS=1, REPLICAS=1, RETENTION_MS=604800000, VALUE_FORMAT='AVRO') AS SELECT\n  O.BROKER BROKER,\n  O.SYMBOL SYMBOL,\n  WINDOWSTART BUCKETSTART,\n  EARLIEST_BY_OFFSET(O.OPEN) OPEN,\n  MAX(O.HIGH) HIGH,\n  MIN(O.LOW) LOW,\n  LATEST_BY_OFFSET(O.KSQLTIMEFRAMECLOSE) KSQLTIMEFRAMECLOSE\nFROM BAR_1S_FINAL_S O\nWINDOW TUMBLING ( SIZE 5 MINUTES , GRACE PERIOD 3 SECONDS ) \nGROUP BY O.BROKER, O.SYMBOL\nEMIT CHANGES;","sinks":["BAR_5M_LIVE"],"sinkKafkaTopics":["bar_5m_live"],"id":"CTAS_BAR_5M_LIVE_103","statusCount":{"RUNNING":1},"queryType":"PERSISTENT","state":"RUNNING"},{"queryString":"CREATE TABLE BAR_TBIMP_5M_LIVE WITH (CLEANUP_POLICY='compact,delete', KAFKA_TOPIC='bar_tbimp_5m_live', KEY_FORMAT='AVRO', PARTITIONS=1, REPLICAS=1, RETENTION_MS=604800000, VALUE_FORMAT='AVRO') AS SELECT\n  O.BROKER BROKER,\n  O.SYMBOL SYMBOL,\n  WINDOWSTART BUCKETSTART,\n  EARLIEST_BY_OFFSET(O.OPEN) OPEN,\n  MAX(O.HIGH) HIGH,\n  MIN(O.LOW) LOW,\n  LATEST_BY_OFFSET(O.CLOSE) CLOSE\nFROM BAR_TBIMP_1S_FINAL_S O\nWINDOW TUMBLING ( SIZE 5 MINUTES , GRACE PERIOD 3 SECONDS ) \nGROUP BY O.BROKER, O.SYMBOL\nEMIT CHANGES;","sinks":["BAR_TBIMP_5M_LIVE"],"sinkKafkaTopics":["bar_tbimp_5m_live"],"id":"CTAS_BAR_TBIMP_5M_LIVE_91","statusCount":{"RUNNING":1},"queryType":"PERSISTENT","state":"RUNNING"},{"queryString":"CREATE TABLE BAR_1M_LIVE WITH (CLEANUP_POLICY='compact,delete', KAFKA_TOPIC='bar_1m_live', KEY_FORMAT='AVRO', PARTITIONS=1, REPLICAS=1, RETENTION_MS=604800000, VALUE_FORMAT='AVRO') AS SELECT\n  O.BROKER BROKER,\n  O.SYMBOL SYMBOL,\n  WINDOWSTART BUCKETSTART,\n  EARLIEST_BY_OFFSET(O.OPEN) OPEN,\n  MAX(O.HIGH) HIGH,\n  MIN(O.LOW) LOW,\n  LATEST_BY_OFFSET(O.KSQLTIMEFRAMECLOSE) KSQLTIMEFRAMECLOSE\nFROM BAR_1S_FINAL_S O\nWINDOW TUMBLING ( SIZE 1 MINUTES , GRACE PERIOD 2 SECONDS ) \nGROUP BY O.BROKER, O.SYMBOL\nEMIT CHANGES;","sinks":["BAR_1M_LIVE"],"sinkKafkaTopics":["bar_1m_live"],"id":"CTAS_BAR_1M_LIVE_101","statusCount":{"RUNNING":1},"queryType":"PERSISTENT","state":"RUNNING"},{"queryString":"CREATE TABLE BAR_TBIMP_1S_FINAL WITH (CLEANUP_POLICY='compact,delete', KAFKA_TOPIC='bar_tbimp_1s_final', KEY_FORMAT='AVRO', PARTITIONS=1, REPLICAS=1, RETENTION_MS=604800000, VALUE_FORMAT='AVRO') AS SELECT\n  O.BROKER BROKER,\n  O.SYMBOL SYMBOL,\n  WINDOWSTART BUCKETSTART,\n  EARLIEST_BY_OFFSET(O.BID) OPEN,\n  MAX(O.BID) HIGH,\n  MIN(O.BID) LOW,\n  LATEST_BY_OFFSET(O.BID) CLOSE\nFROM TICKS_TBIMP O\nWINDOW TUMBLING ( SIZE 1 SECONDS ) \nGROUP BY O.BROKER, O.SYMBOL\nEMIT FINAL;","sinks":["BAR_TBIMP_1S_FINAL"],"sinkKafkaTopics":["bar_tbimp_1s_final"],"id":"CTAS_BAR_TBIMP_1S_FINAL_85","statusCount":{"RUNNING":1},"queryType":"PERSISTENT","state":"RUNNING"}],"warnings":[]}]&#xD;
warn: Kafka.Ksql.Linq.KsqlContext[0]&#xD;
      SHOW QUERIES attempt 2 did not contain a matching query for bar_1s_final&#xD;
info: Kafka.Ksql.Linq.KsqlContext[0]&#xD;
      ksql execute: EXECUTE SQL=SHOW QUERIES;&#xD;
info: Kafka.Ksql.Linq.KsqlContext[0]&#xD;
      SHOW QUERIES output (attempt 3): [{"@type":"queries","statementText":"SHOW QUERIES;","queries":[{"queryString":"CREATE TABLE BAR_1S_FINAL WITH (CLEANUP_POLICY='compact,delete', KAFKA_TOPIC='bar_1s_final', KEY_FORMAT='AVRO', PARTITIONS=1, REPLICAS=1, RETENTION_MS=604800000, VALUE_FORMAT='AVRO') AS SELECT\n  O.BROKER BROKER,\n  O.SYMBOL SYMBOL,\n  WINDOWSTART BUCKETSTART,\n  EARLIEST_BY_OFFSET(O.BID) OPEN,\n  MAX(O.BID) HIGH,\n  MIN(O.BID) LOW,\n  LATEST_BY_OFFSET(O.BID) KSQLTIMEFRAMECLOSE\nFROM DEDUPRATES O\nWINDOW TUMBLING ( SIZE 1 SECONDS ) \nGROUP BY O.BROKER, O.SYMBOL\nEMIT FINAL;","sinks":["BAR_1S_FINAL"],"sinkKafkaTopics":["bar_1s_final"],"id":"CTAS_BAR_1S_FINAL_97","statusCount":{"RUNNING":1},"queryType":"PERSISTENT","state":"RUNNING"},{"queryString":"CREATE TABLE BAR_TBIMP_1M_LIVE WITH (CLEANUP_POLICY='compact,delete', KAFKA_TOPIC='bar_tbimp_1m_live', KEY_FORMAT='AVRO', PARTITIONS=1, REPLICAS=1, RETENTION_MS=604800000, VALUE_FORMAT='AVRO') AS SELECT\n  O.BROKER BROKER,\n  O.SYMBOL SYMBOL,\n  WINDOWSTART BUCKETSTART,\n  EARLIEST_BY_OFFSET(O.OPEN) OPEN,\n  MAX(O.HIGH) HIGH,\n  MIN(O.LOW) LOW,\n  LATEST_BY_OFFSET(O.CLOSE) CLOSE\nFROM BAR_TBIMP_1S_FINAL_S O\nWINDOW TUMBLING ( SIZE 1 MINUTES , GRACE PERIOD 2 SECONDS ) \nGROUP BY O.BROKER, O.SYMBOL\nEMIT CHANGES;","sinks":["BAR_TBIMP_1M_LIVE"],"sinkKafkaTopics":["bar_tbimp_1m_live"],"id":"CTAS_BAR_TBIMP_1M_LIVE_89","statusCount":{"RUNNING":1},"queryType":"PERSISTENT","state":"RUNNING"},{"queryString":"CREATE TABLE BAR_5M_LIVE WITH (CLEANUP_POLICY='compact,delete', KAFKA_TOPIC='bar_5m_live', KEY_FORMAT='AVRO', PARTITIONS=1, REPLICAS=1, RETENTION_MS=604800000, VALUE_FORMAT='AVRO') AS SELECT\n  O.BROKER BROKER,\n  O.SYMBOL SYMBOL,\n  WINDOWSTART BUCKETSTART,\n  EARLIEST_BY_OFFSET(O.OPEN) OPEN,\n  MAX(O.HIGH) HIGH,\n  MIN(O.LOW) LOW,\n  LATEST_BY_OFFSET(O.KSQLTIMEFRAMECLOSE) KSQLTIMEFRAMECLOSE\nFROM BAR_1S_FINAL_S O\nWINDOW TUMBLING ( SIZE 5 MINUTES , GRACE PERIOD 3 SECONDS ) \nGROUP BY O.BROKER, O.SYMBOL\nEMIT CHANGES;","sinks":["BAR_5M_LIVE"],"sinkKafkaTopics":["bar_5m_live"],"id":"CTAS_BAR_5M_LIVE_103","statusCount":{"RUNNING":1},"queryType":"PERSISTENT","state":"RUNNING"},{"queryString":"CREATE TABLE BAR_TBIMP_5M_LIVE WITH (CLEANUP_POLICY='compact,delete', KAFKA_TOPIC='bar_tbimp_5m_live', KEY_FORMAT='AVRO', PARTITIONS=1, REPLICAS=1, RETENTION_MS=604800000, VALUE_FORMAT='AVRO') AS SELECT\n  O.BROKER BROKER,\n  O.SYMBOL SYMBOL,\n  WINDOWSTART BUCKETSTART,\n  EARLIEST_BY_OFFSET(O.OPEN) OPEN,\n  MAX(O.HIGH) HIGH,\n  MIN(O.LOW) LOW,\n  LATEST_BY_OFFSET(O.CLOSE) CLOSE\nFROM BAR_TBIMP_1S_FINAL_S O\nWINDOW TUMBLING ( SIZE 5 MINUTES , GRACE PERIOD 3 SECONDS ) \nGROUP BY O.BROKER, O.SYMBOL\nEMIT CHANGES;","sinks":["BAR_TBIMP_5M_LIVE"],"sinkKafkaTopics":["bar_tbimp_5m_live"],"id":"CTAS_BAR_TBIMP_5M_LIVE_91","statusCount":{"RUNNING":1},"queryType":"PERSISTENT","state":"RUNNING"},{"queryString":"CREATE TABLE BAR_1M_LIVE WITH (CLEANUP_POLICY='compact,delete', KAFKA_TOPIC='bar_1m_live', KEY_FORMAT='AVRO', PARTITIONS=1, REPLICAS=1, RETENTION_MS=604800000, VALUE_FORMAT='AVRO') AS SELECT\n  O.BROKER BROKER,\n  O.SYMBOL SYMBOL,\n  WINDOWSTART BUCKETSTART,\n  EARLIEST_BY_OFFSET(O.OPEN) OPEN,\n  MAX(O.HIGH) HIGH,\n  MIN(O.LOW) LOW,\n  LATEST_BY_OFFSET(O.KSQLTIMEFRAMECLOSE) KSQLTIMEFRAMECLOSE\nFROM BAR_1S_FINAL_S O\nWINDOW TUMBLING ( SIZE 1 MINUTES , GRACE PERIOD 2 SECONDS ) \nGROUP BY O.BROKER, O.SYMBOL\nEMIT CHANGES;","sinks":["BAR_1M_LIVE"],"sinkKafkaTopics":["bar_1m_live"],"id":"CTAS_BAR_1M_LIVE_101","statusCount":{"RUNNING":1},"queryType":"PERSISTENT","state":"RUNNING"},{"queryString":"CREATE TABLE BAR_TBIMP_1S_FINAL WITH (CLEANUP_POLICY='compact,delete', KAFKA_TOPIC='bar_tbimp_1s_final', KEY_FORMAT='AVRO', PARTITIONS=1, REPLICAS=1, RETENTION_MS=604800000, VALUE_FORMAT='AVRO') AS SELECT\n  O.BROKER BROKER,\n  O.SYMBOL SYMBOL,\n  WINDOWSTART BUCKETSTART,\n  EARLIEST_BY_OFFSET(O.BID) OPEN,\n  MAX(O.BID) HIGH,\n  MIN(O.BID) LOW,\n  LATEST_BY_OFFSET(O.BID) CLOSE\nFROM TICKS_TBIMP O\nWINDOW TUMBLING ( SIZE 1 SECONDS ) \nGROUP BY O.BROKER, O.SYMBOL\nEMIT FINAL;","sinks":["BAR_TBIMP_1S_FINAL"],"sinkKafkaTopics":["bar_tbimp_1s_final"],"id":"CTAS_BAR_TBIMP_1S_FINAL_85","statusCount":{"RUNNING":1},"queryType":"PERSISTENT","state":"RUNNING"}],"warnings":[]}]&#xD;
warn: Kafka.Ksql.Linq.KsqlContext[0]&#xD;
      SHOW QUERIES attempt 3 did not contain a matching query for bar_1s_final&#xD;
info: Kafka.Ksql.Linq.KsqlContext[0]&#xD;
      ksql execute: EXECUTE SQL=SHOW QUERIES;&#xD;
info: Kafka.Ksql.Linq.KsqlContext[0]&#xD;
      SHOW QUERIES output (attempt 4): [{"@type":"queries","statementText":"SHOW QUERIES;","queries":[{"queryString":"CREATE TABLE BAR_1S_FINAL WITH (CLEANUP_POLICY='compact,delete', KAFKA_TOPIC='bar_1s_final', KEY_FORMAT='AVRO', PARTITIONS=1, REPLICAS=1, RETENTION_MS=604800000, VALUE_FORMAT='AVRO') AS SELECT\n  O.BROKER BROKER,\n  O.SYMBOL SYMBOL,\n  WINDOWSTART BUCKETSTART,\n  EARLIEST_BY_OFFSET(O.BID) OPEN,\n  MAX(O.BID) HIGH,\n  MIN(O.BID) LOW,\n  LATEST_BY_OFFSET(O.BID) KSQLTIMEFRAMECLOSE\nFROM DEDUPRATES O\nWINDOW TUMBLING ( SIZE 1 SECONDS ) \nGROUP BY O.BROKER, O.SYMBOL\nEMIT FINAL;","sinks":["BAR_1S_FINAL"],"sinkKafkaTopics":["bar_1s_final"],"id":"CTAS_BAR_1S_FINAL_97","statusCount":{"RUNNING":1},"queryType":"PERSISTENT","state":"RUNNING"},{"queryString":"CREATE TABLE BAR_TBIMP_1M_LIVE WITH (CLEANUP_POLICY='compact,delete', KAFKA_TOPIC='bar_tbimp_1m_live', KEY_FORMAT='AVRO', PARTITIONS=1, REPLICAS=1, RETENTION_MS=604800000, VALUE_FORMAT='AVRO') AS SELECT\n  O.BROKER BROKER,\n  O.SYMBOL SYMBOL,\n  WINDOWSTART BUCKETSTART,\n  EARLIEST_BY_OFFSET(O.OPEN) OPEN,\n  MAX(O.HIGH) HIGH,\n  MIN(O.LOW) LOW,\n  LATEST_BY_OFFSET(O.CLOSE) CLOSE\nFROM BAR_TBIMP_1S_FINAL_S O\nWINDOW TUMBLING ( SIZE 1 MINUTES , GRACE PERIOD 2 SECONDS ) \nGROUP BY O.BROKER, O.SYMBOL\nEMIT CHANGES;","sinks":["BAR_TBIMP_1M_LIVE"],"sinkKafkaTopics":["bar_tbimp_1m_live"],"id":"CTAS_BAR_TBIMP_1M_LIVE_89","statusCount":{"RUNNING":1},"queryType":"PERSISTENT","state":"RUNNING"},{"queryString":"CREATE TABLE BAR_5M_LIVE WITH (CLEANUP_POLICY='compact,delete', KAFKA_TOPIC='bar_5m_live', KEY_FORMAT='AVRO', PARTITIONS=1, REPLICAS=1, RETENTION_MS=604800000, VALUE_FORMAT='AVRO') AS SELECT\n  O.BROKER BROKER,\n  O.SYMBOL SYMBOL,\n  WINDOWSTART BUCKETSTART,\n  EARLIEST_BY_OFFSET(O.OPEN) OPEN,\n  MAX(O.HIGH) HIGH,\n  MIN(O.LOW) LOW,\n  LATEST_BY_OFFSET(O.KSQLTIMEFRAMECLOSE) KSQLTIMEFRAMECLOSE\nFROM BAR_1S_FINAL_S O\nWINDOW TUMBLING ( SIZE 5 MINUTES , GRACE PERIOD 3 SECONDS ) \nGROUP BY O.BROKER, O.SYMBOL\nEMIT CHANGES;","sinks":["BAR_5M_LIVE"],"sinkKafkaTopics":["bar_5m_live"],"id":"CTAS_BAR_5M_LIVE_103","statusCount":{"RUNNING":1},"queryType":"PERSISTENT","state":"RUNNING"},{"queryString":"CREATE TABLE BAR_TBIMP_5M_LIVE WITH (CLEANUP_POLICY='compact,delete', KAFKA_TOPIC='bar_tbimp_5m_live', KEY_FORMAT='AVRO', PARTITIONS=1, REPLICAS=1, RETENTION_MS=604800000, VALUE_FORMAT='AVRO') AS SELECT\n  O.BROKER BROKER,\n  O.SYMBOL SYMBOL,\n  WINDOWSTART BUCKETSTART,\n  EARLIEST_BY_OFFSET(O.OPEN) OPEN,\n  MAX(O.HIGH) HIGH,\n  MIN(O.LOW) LOW,\n  LATEST_BY_OFFSET(O.CLOSE) CLOSE\nFROM BAR_TBIMP_1S_FINAL_S O\nWINDOW TUMBLING ( SIZE 5 MINUTES , GRACE PERIOD 3 SECONDS ) \nGROUP BY O.BROKER, O.SYMBOL\nEMIT CHANGES;","sinks":["BAR_TBIMP_5M_LIVE"],"sinkKafkaTopics":["bar_tbimp_5m_live"],"id":"CTAS_BAR_TBIMP_5M_LIVE_91","statusCount":{"RUNNING":1},"queryType":"PERSISTENT","state":"RUNNING"},{"queryString":"CREATE TABLE BAR_1M_LIVE WITH (CLEANUP_POLICY='compact,delete', KAFKA_TOPIC='bar_1m_live', KEY_FORMAT='AVRO', PARTITIONS=1, REPLICAS=1, RETENTION_MS=604800000, VALUE_FORMAT='AVRO') AS SELECT\n  O.BROKER BROKER,\n  O.SYMBOL SYMBOL,\n  WINDOWSTART BUCKETSTART,\n  EARLIEST_BY_OFFSET(O.OPEN) OPEN,\n  MAX(O.HIGH) HIGH,\n  MIN(O.LOW) LOW,\n  LATEST_BY_OFFSET(O.KSQLTIMEFRAMECLOSE) KSQLTIMEFRAMECLOSE\nFROM BAR_1S_FINAL_S O\nWINDOW TUMBLING ( SIZE 1 MINUTES , GRACE PERIOD 2 SECONDS ) \nGROUP BY O.BROKER, O.SYMBOL\nEMIT CHANGES;","sinks":["BAR_1M_LIVE"],"sinkKafkaTopics":["bar_1m_live"],"id":"CTAS_BAR_1M_LIVE_101","statusCount":{"RUNNING":1},"queryType":"PERSISTENT","state":"RUNNING"},{"queryString":"CREATE TABLE BAR_TBIMP_1S_FINAL WITH (CLEANUP_POLICY='compact,delete', KAFKA_TOPIC='bar_tbimp_1s_final', KEY_FORMAT='AVRO', PARTITIONS=1, REPLICAS=1, RETENTION_MS=604800000, VALUE_FORMAT='AVRO') AS SELECT\n  O.BROKER BROKER,\n  O.SYMBOL SYMBOL,\n  WINDOWSTART BUCKETSTART,\n  EARLIEST_BY_OFFSET(O.BID) OPEN,\n  MAX(O.BID) HIGH,\n  MIN(O.BID) LOW,\n  LATEST_BY_OFFSET(O.BID) CLOSE\nFROM TICKS_TBIMP O\nWINDOW TUMBLING ( SIZE 1 SECONDS ) \nGROUP BY O.BROKER, O.SYMBOL\nEMIT FINAL;","sinks":["BAR_TBIMP_1S_FINAL"],"sinkKafkaTopics":["bar_tbimp_1s_final"],"id":"CTAS_BAR_TBIMP_1S_FINAL_85","statusCount":{"RUNNING":1},"queryType":"PERSISTENT","state":"RUNNING"}],"warnings":[]}]&#xD;
warn: Kafka.Ksql.Linq.KsqlContext[0]&#xD;
      SHOW QUERIES attempt 4 did not contain a matching query for bar_1s_final&#xD;
info: Kafka.Ksql.Linq.KsqlContext[0]&#xD;
      ksql execute: EXECUTE SQL=SHOW QUERIES;&#xD;
info: Kafka.Ksql.Linq.KsqlContext[0]&#xD;
      SHOW QUERIES output (attempt 5): [{"@type":"queries","statementText":"SHOW QUERIES;","queries":[{"queryString":"CREATE TABLE BAR_1S_FINAL WITH (CLEANUP_POLICY='compact,delete', KAFKA_TOPIC='bar_1s_final', KEY_FORMAT='AVRO', PARTITIONS=1, REPLICAS=1, RETENTION_MS=604800000, VALUE_FORMAT='AVRO') AS SELECT\n  O.BROKER BROKER,\n  O.SYMBOL SYMBOL,\n  WINDOWSTART BUCKETSTART,\n  EARLIEST_BY_OFFSET(O.BID) OPEN,\n  MAX(O.BID) HIGH,\n  MIN(O.BID) LOW,\n  LATEST_BY_OFFSET(O.BID) KSQLTIMEFRAMECLOSE\nFROM DEDUPRATES O\nWINDOW TUMBLING ( SIZE 1 SECONDS ) \nGROUP BY O.BROKER, O.SYMBOL\nEMIT FINAL;","sinks":["BAR_1S_FINAL"],"sinkKafkaTopics":["bar_1s_final"],"id":"CTAS_BAR_1S_FINAL_97","statusCount":{"RUNNING":1},"queryType":"PERSISTENT","state":"RUNNING"},{"queryString":"CREATE TABLE BAR_TBIMP_1M_LIVE WITH (CLEANUP_POLICY='compact,delete', KAFKA_TOPIC='bar_tbimp_1m_live', KEY_FORMAT='AVRO', PARTITIONS=1, REPLICAS=1, RETENTION_MS=604800000, VALUE_FORMAT='AVRO') AS SELECT\n  O.BROKER BROKER,\n  O.SYMBOL SYMBOL,\n  WINDOWSTART BUCKETSTART,\n  EARLIEST_BY_OFFSET(O.OPEN) OPEN,\n  MAX(O.HIGH) HIGH,\n  MIN(O.LOW) LOW,\n  LATEST_BY_OFFSET(O.CLOSE) CLOSE\nFROM BAR_TBIMP_1S_FINAL_S O\nWINDOW TUMBLING ( SIZE 1 MINUTES , GRACE PERIOD 2 SECONDS ) \nGROUP BY O.BROKER, O.SYMBOL\nEMIT CHANGES;","sinks":["BAR_TBIMP_1M_LIVE"],"sinkKafkaTopics":["bar_tbimp_1m_live"],"id":"CTAS_BAR_TBIMP_1M_LIVE_89","statusCount":{"RUNNING":1},"queryType":"PERSISTENT","state":"RUNNING"},{"queryString":"CREATE TABLE BAR_5M_LIVE WITH (CLEANUP_POLICY='compact,delete', KAFKA_TOPIC='bar_5m_live', KEY_FORMAT='AVRO', PARTITIONS=1, REPLICAS=1, RETENTION_MS=604800000, VALUE_FORMAT='AVRO') AS SELECT\n  O.BROKER BROKER,\n  O.SYMBOL SYMBOL,\n  WINDOWSTART BUCKETSTART,\n  EARLIEST_BY_OFFSET(O.OPEN) OPEN,\n  MAX(O.HIGH) HIGH,\n  MIN(O.LOW) LOW,\n  LATEST_BY_OFFSET(O.KSQLTIMEFRAMECLOSE) KSQLTIMEFRAMECLOSE\nFROM BAR_1S_FINAL_S O\nWINDOW TUMBLING ( SIZE 5 MINUTES , GRACE PERIOD 3 SECONDS ) \nGROUP BY O.BROKER, O.SYMBOL\nEMIT CHANGES;","sinks":["BAR_5M_LIVE"],"sinkKafkaTopics":["bar_5m_live"],"id":"CTAS_BAR_5M_LIVE_103","statusCount":{"RUNNING":1},"queryType":"PERSISTENT","state":"RUNNING"},{"queryString":"CREATE TABLE BAR_TBIMP_5M_LIVE WITH (CLEANUP_POLICY='compact,delete', KAFKA_TOPIC='bar_tbimp_5m_live', KEY_FORMAT='AVRO', PARTITIONS=1, REPLICAS=1, RETENTION_MS=604800000, VALUE_FORMAT='AVRO') AS SELECT\n  O.BROKER BROKER,\n  O.SYMBOL SYMBOL,\n  WINDOWSTART BUCKETSTART,\n  EARLIEST_BY_OFFSET(O.OPEN) OPEN,\n  MAX(O.HIGH) HIGH,\n  MIN(O.LOW) LOW,\n  LATEST_BY_OFFSET(O.CLOSE) CLOSE\nFROM BAR_TBIMP_1S_FINAL_S O\nWINDOW TUMBLING ( SIZE 5 MINUTES , GRACE PERIOD 3 SECONDS ) \nGROUP BY O.BROKER, O.SYMBOL\nEMIT CHANGES;","sinks":["BAR_TBIMP_5M_LIVE"],"sinkKafkaTopics":["bar_tbimp_5m_live"],"id":"CTAS_BAR_TBIMP_5M_LIVE_91","statusCount":{"RUNNING":1},"queryType":"PERSISTENT","state":"RUNNING"},{"queryString":"CREATE TABLE BAR_1M_LIVE WITH (CLEANUP_POLICY='compact,delete', KAFKA_TOPIC='bar_1m_live', KEY_FORMAT='AVRO', PARTITIONS=1, REPLICAS=1, RETENTION_MS=604800000, VALUE_FORMAT='AVRO') AS SELECT\n  O.BROKER BROKER,\n  O.SYMBOL SYMBOL,\n  WINDOWSTART BUCKETSTART,\n  EARLIEST_BY_OFFSET(O.OPEN) OPEN,\n  MAX(O.HIGH) HIGH,\n  MIN(O.LOW) LOW,\n  LATEST_BY_OFFSET(O.KSQLTIMEFRAMECLOSE) KSQLTIMEFRAMECLOSE\nFROM BAR_1S_FINAL_S O\nWINDOW TUMBLING ( SIZE 1 MINUTES , GRACE PERIOD 2 SECONDS ) \nGROUP BY O.BROKER, O.SYMBOL\nEMIT CHANGES;","sinks":["BAR_1M_LIVE"],"sinkKafkaTopics":["bar_1m_live"],"id":"CTAS_BAR_1M_LIVE_101","statusCount":{"RUNNING":1},"queryType":"PERSISTENT","state":"RUNNING"},{"queryString":"CREATE TABLE BAR_TBIMP_1S_FINAL WITH (CLEANUP_POLICY='compact,delete', KAFKA_TOPIC='bar_tbimp_1s_final', KEY_FORMAT='AVRO', PARTITIONS=1, REPLICAS=1, RETENTION_MS=604800000, VALUE_FORMAT='AVRO') AS SELECT\n  O.BROKER BROKER,\n  O.SYMBOL SYMBOL,\n  WINDOWSTART BUCKETSTART,\n  EARLIEST_BY_OFFSET(O.BID) OPEN,\n  MAX(O.BID) HIGH,\n  MIN(O.BID) LOW,\n  LATEST_BY_OFFSET(O.BID) CLOSE\nFROM TICKS_TBIMP O\nWINDOW TUMBLING ( SIZE 1 SECONDS ) \nGROUP BY O.BROKER, O.SYMBOL\nEMIT FINAL;","sinks":["BAR_TBIMP_1S_FINAL"],"sinkKafkaTopics":["bar_tbimp_1s_final"],"id":"CTAS_BAR_TBIMP_1S_FINAL_85","statusCount":{"RUNNING":1},"queryType":"PERSISTENT","state":"RUNNING"}],"warnings":[]}]&#xD;
warn: Kafka.Ksql.Linq.KsqlContext[0]&#xD;
      SHOW QUERIES attempt 5 did not contain a matching query for bar_1s_final&#xD;
warn: Kafka.Ksql.Linq.KsqlContext[0]&#xD;
      Unable to locate queryId for bar_1s_final after 5 attempts&#xD;
warn: Kafka.Ksql.Linq.KsqlContext[0]&#xD;
      Could not locate queryId via SHOW QUERIES for derived statement targeting bar_1s_final: CREATE TABLE bar_1s_final  WITH (KAFKA_TOPIC='bar_1s_final', KEY_FORMAT='AVRO', VALUE_FORMAT='AVRO') AS&#xD;
      SELECT BROKER AS Broker, SYMBOL AS Symbol, WINDOWSTART AS BucketStart, EARLIEST_BY_OFFSET(Bid) AS Open, MAX(Bid) AS High, MIN(Bid) AS Low, LATEST_BY_OFFSET(Bid) AS KsqlTimeFrameClose&#xD;
      FROM DEDUPRATES o WINDOW TUMBLING (SIZE 1 SECONDS)&#xD;
      GROUP BY BROKER, SYMBOL&#xD;
      EMIT FINAL;&#xD;
info: Kafka.Ksql.Linq.KsqlContext[0]&#xD;
      ksql execute: EXECUTE SQL=SHOW QUERIES;&#xD;
info: Kafka.Ksql.Linq.KsqlContext[0]&#xD;
      SHOW QUERIES output (attempt 1): [{"@type":"queries","statementText":"SHOW QUERIES;","queries":[{"queryString":"CREATE TABLE BAR_1S_FINAL WITH (CLEANUP_POLICY='compact,delete', KAFKA_TOPIC='bar_1s_final', KEY_FORMAT='AVRO', PARTITIONS=1, REPLICAS=1, RETENTION_MS=604800000, VALUE_FORMAT='AVRO') AS SELECT\n  O.BROKER BROKER,\n  O.SYMBOL SYMBOL,\n  WINDOWSTART BUCKETSTART,\n  EARLIEST_BY_OFFSET(O.BID) OPEN,\n  MAX(O.BID) HIGH,\n  MIN(O.BID) LOW,\n  LATEST_BY_OFFSET(O.BID) KSQLTIMEFRAMECLOSE\nFROM DEDUPRATES O\nWINDOW TUMBLING ( SIZE 1 SECONDS ) \nGROUP BY O.BROKER, O.SYMBOL\nEMIT FINAL;","sinks":["BAR_1S_FINAL"],"sinkKafkaTopics":["bar_1s_final"],"id":"CTAS_BAR_1S_FINAL_97","statusCount":{"RUNNING":1},"queryType":"PERSISTENT","state":"RUNNING"},{"queryString":"CREATE TABLE BAR_TBIMP_1M_LIVE WITH (CLEANUP_POLICY='compact,delete', KAFKA_TOPIC='bar_tbimp_1m_live', KEY_FORMAT='AVRO', PARTITIONS=1, REPLICAS=1, RETENTION_MS=604800000, VALUE_FORMAT='AVRO') AS SELECT\n  O.BROKER BROKER,\n  O.SYMBOL SYMBOL,\n  WINDOWSTART BUCKETSTART,\n  EARLIEST_BY_OFFSET(O.OPEN) OPEN,\n  MAX(O.HIGH) HIGH,\n  MIN(O.LOW) LOW,\n  LATEST_BY_OFFSET(O.CLOSE) CLOSE\nFROM BAR_TBIMP_1S_FINAL_S O\nWINDOW TUMBLING ( SIZE 1 MINUTES , GRACE PERIOD 2 SECONDS ) \nGROUP BY O.BROKER, O.SYMBOL\nEMIT CHANGES;","sinks":["BAR_TBIMP_1M_LIVE"],"sinkKafkaTopics":["bar_tbimp_1m_live"],"id":"CTAS_BAR_TBIMP_1M_LIVE_89","statusCount":{"RUNNING":1},"queryType":"PERSISTENT","state":"RUNNING"},{"queryString":"CREATE TABLE BAR_5M_LIVE WITH (CLEANUP_POLICY='compact,delete', KAFKA_TOPIC='bar_5m_live', KEY_FORMAT='AVRO', PARTITIONS=1, REPLICAS=1, RETENTION_MS=604800000, VALUE_FORMAT='AVRO') AS SELECT\n  O.BROKER BROKER,\n  O.SYMBOL SYMBOL,\n  WINDOWSTART BUCKETSTART,\n  EARLIEST_BY_OFFSET(O.OPEN) OPEN,\n  MAX(O.HIGH) HIGH,\n  MIN(O.LOW) LOW,\n  LATEST_BY_OFFSET(O.KSQLTIMEFRAMECLOSE) KSQLTIMEFRAMECLOSE\nFROM BAR_1S_FINAL_S O\nWINDOW TUMBLING ( SIZE 5 MINUTES , GRACE PERIOD 3 SECONDS ) \nGROUP BY O.BROKER, O.SYMBOL\nEMIT CHANGES;","sinks":["BAR_5M_LIVE"],"sinkKafkaTopics":["bar_5m_live"],"id":"CTAS_BAR_5M_LIVE_103","statusCount":{"RUNNING":1},"queryType":"PERSISTENT","state":"RUNNING"},{"queryString":"CREATE TABLE BAR_TBIMP_5M_LIVE WITH (CLEANUP_POLICY='compact,delete', KAFKA_TOPIC='bar_tbimp_5m_live', KEY_FORMAT='AVRO', PARTITIONS=1, REPLICAS=1, RETENTION_MS=604800000, VALUE_FORMAT='AVRO') AS SELECT\n  O.BROKER BROKER,\n  O.SYMBOL SYMBOL,\n  WINDOWSTART BUCKETSTART,\n  EARLIEST_BY_OFFSET(O.OPEN) OPEN,\n  MAX(O.HIGH) HIGH,\n  MIN(O.LOW) LOW,\n  LATEST_BY_OFFSET(O.CLOSE) CLOSE\nFROM BAR_TBIMP_1S_FINAL_S O\nWINDOW TUMBLING ( SIZE 5 MINUTES , GRACE PERIOD 3 SECONDS ) \nGROUP BY O.BROKER, O.SYMBOL\nEMIT CHANGES;","sinks":["BAR_TBIMP_5M_LIVE"],"sinkKafkaTopics":["bar_tbimp_5m_live"],"id":"CTAS_BAR_TBIMP_5M_LIVE_91","statusCount":{"RUNNING":1},"queryType":"PERSISTENT","state":"RUNNING"},{"queryString":"CREATE TABLE BAR_1M_LIVE WITH (CLEANUP_POLICY='compact,delete', KAFKA_TOPIC='bar_1m_live', KEY_FORMAT='AVRO', PARTITIONS=1, REPLICAS=1, RETENTION_MS=604800000, VALUE_FORMAT='AVRO') AS SELECT\n  O.BROKER BROKER,\n  O.SYMBOL SYMBOL,\n  WINDOWSTART BUCKETSTART,\n  EARLIEST_BY_OFFSET(O.OPEN) OPEN,\n  MAX(O.HIGH) HIGH,\n  MIN(O.LOW) LOW,\n  LATEST_BY_OFFSET(O.KSQLTIMEFRAMECLOSE) KSQLTIMEFRAMECLOSE\nFROM BAR_1S_FINAL_S O\nWINDOW TUMBLING ( SIZE 1 MINUTES , GRACE PERIOD 2 SECONDS ) \nGROUP BY O.BROKER, O.SYMBOL\nEMIT CHANGES;","sinks":["BAR_1M_LIVE"],"sinkKafkaTopics":["bar_1m_live"],"id":"CTAS_BAR_1M_LIVE_101","statusCount":{"RUNNING":1},"queryType":"PERSISTENT","state":"RUNNING"},{"queryString":"CREATE TABLE BAR_TBIMP_1S_FINAL WITH (CLEANUP_POLICY='compact,delete', KAFKA_TOPIC='bar_tbimp_1s_final', KEY_FORMAT='AVRO', PARTITIONS=1, REPLICAS=1, RETENTION_MS=604800000, VALUE_FORMAT='AVRO') AS SELECT\n  O.BROKER BROKER,\n  O.SYMBOL SYMBOL,\n  WINDOWSTART BUCKETSTART,\n  EARLIEST_BY_OFFSET(O.BID) OPEN,\n  MAX(O.BID) HIGH,\n  MIN(O.BID) LOW,\n  LATEST_BY_OFFSET(O.BID) CLOSE\nFROM TICKS_TBIMP O\nWINDOW TUMBLING ( SIZE 1 SECONDS ) \nGROUP BY O.BROKER, O.SYMBOL\nEMIT FINAL;","sinks":["BAR_TBIMP_1S_FINAL"],"sinkKafkaTopics":["bar_tbimp_1s_final"],"id":"CTAS_BAR_TBIMP_1S_FINAL_85","statusCount":{"RUNNING":1},"queryType":"PERSISTENT","state":"RUNNING"}],"warnings":[]}]&#xD;
warn: Kafka.Ksql.Linq.KsqlContext[0]&#xD;
      SHOW QUERIES attempt 1 did not contain a matching query for bar_1m_live&#xD;
info: Kafka.Ksql.Linq.KsqlContext[0]&#xD;
      ksql execute: EXECUTE SQL=SHOW QUERIES;&#xD;
info: Kafka.Ksql.Linq.KsqlContext[0]&#xD;
      SHOW QUERIES output (attempt 2): [{"@type":"queries","statementText":"SHOW QUERIES;","queries":[{"queryString":"CREATE TABLE BAR_1S_FINAL WITH (CLEANUP_POLICY='compact,delete', KAFKA_TOPIC='bar_1s_final', KEY_FORMAT='AVRO', PARTITIONS=1, REPLICAS=1, RETENTION_MS=604800000, VALUE_FORMAT='AVRO') AS SELECT\n  O.BROKER BROKER,\n  O.SYMBOL SYMBOL,\n  WINDOWSTART BUCKETSTART,\n  EARLIEST_BY_OFFSET(O.BID) OPEN,\n  MAX(O.BID) HIGH,\n  MIN(O.BID) LOW,\n  LATEST_BY_OFFSET(O.BID) KSQLTIMEFRAMECLOSE\nFROM DEDUPRATES O\nWINDOW TUMBLING ( SIZE 1 SECONDS ) \nGROUP BY O.BROKER, O.SYMBOL\nEMIT FINAL;","sinks":["BAR_1S_FINAL"],"sinkKafkaTopics":["bar_1s_final"],"id":"CTAS_BAR_1S_FINAL_97","statusCount":{"RUNNING":1},"queryType":"PERSISTENT","state":"RUNNING"},{"queryString":"CREATE TABLE BAR_TBIMP_1M_LIVE WITH (CLEANUP_POLICY='compact,delete', KAFKA_TOPIC='bar_tbimp_1m_live', KEY_FORMAT='AVRO', PARTITIONS=1, REPLICAS=1, RETENTION_MS=604800000, VALUE_FORMAT='AVRO') AS SELECT\n  O.BROKER BROKER,\n  O.SYMBOL SYMBOL,\n  WINDOWSTART BUCKETSTART,\n  EARLIEST_BY_OFFSET(O.OPEN) OPEN,\n  MAX(O.HIGH) HIGH,\n  MIN(O.LOW) LOW,\n  LATEST_BY_OFFSET(O.CLOSE) CLOSE\nFROM BAR_TBIMP_1S_FINAL_S O\nWINDOW TUMBLING ( SIZE 1 MINUTES , GRACE PERIOD 2 SECONDS ) \nGROUP BY O.BROKER, O.SYMBOL\nEMIT CHANGES;","sinks":["BAR_TBIMP_1M_LIVE"],"sinkKafkaTopics":["bar_tbimp_1m_live"],"id":"CTAS_BAR_TBIMP_1M_LIVE_89","statusCount":{"RUNNING":1},"queryType":"PERSISTENT","state":"RUNNING"},{"queryString":"CREATE TABLE BAR_5M_LIVE WITH (CLEANUP_POLICY='compact,delete', KAFKA_TOPIC='bar_5m_live', KEY_FORMAT='AVRO', PARTITIONS=1, REPLICAS=1, RETENTION_MS=604800000, VALUE_FORMAT='AVRO') AS SELECT\n  O.BROKER BROKER,\n  O.SYMBOL SYMBOL,\n  WINDOWSTART BUCKETSTART,\n  EARLIEST_BY_OFFSET(O.OPEN) OPEN,\n  MAX(O.HIGH) HIGH,\n  MIN(O.LOW) LOW,\n  LATEST_BY_OFFSET(O.KSQLTIMEFRAMECLOSE) KSQLTIMEFRAMECLOSE\nFROM BAR_1S_FINAL_S O\nWINDOW TUMBLING ( SIZE 5 MINUTES , GRACE PERIOD 3 SECONDS ) \nGROUP BY O.BROKER, O.SYMBOL\nEMIT CHANGES;","sinks":["BAR_5M_LIVE"],"sinkKafkaTopics":["bar_5m_live"],"id":"CTAS_BAR_5M_LIVE_103","statusCount":{"RUNNING":1},"queryType":"PERSISTENT","state":"RUNNING"},{"queryString":"CREATE TABLE BAR_TBIMP_5M_LIVE WITH (CLEANUP_POLICY='compact,delete', KAFKA_TOPIC='bar_tbimp_5m_live', KEY_FORMAT='AVRO', PARTITIONS=1, REPLICAS=1, RETENTION_MS=604800000, VALUE_FORMAT='AVRO') AS SELECT\n  O.BROKER BROKER,\n  O.SYMBOL SYMBOL,\n  WINDOWSTART BUCKETSTART,\n  EARLIEST_BY_OFFSET(O.OPEN) OPEN,\n  MAX(O.HIGH) HIGH,\n  MIN(O.LOW) LOW,\n  LATEST_BY_OFFSET(O.CLOSE) CLOSE\nFROM BAR_TBIMP_1S_FINAL_S O\nWINDOW TUMBLING ( SIZE 5 MINUTES , GRACE PERIOD 3 SECONDS ) \nGROUP BY O.BROKER, O.SYMBOL\nEMIT CHANGES;","sinks":["BAR_TBIMP_5M_LIVE"],"sinkKafkaTopics":["bar_tbimp_5m_live"],"id":"CTAS_BAR_TBIMP_5M_LIVE_91","statusCount":{"RUNNING":1},"queryType":"PERSISTENT","state":"RUNNING"},{"queryString":"CREATE TABLE BAR_1M_LIVE WITH (CLEANUP_POLICY='compact,delete', KAFKA_TOPIC='bar_1m_live', KEY_FORMAT='AVRO', PARTITIONS=1, REPLICAS=1, RETENTION_MS=604800000, VALUE_FORMAT='AVRO') AS SELECT\n  O.BROKER BROKER,\n  O.SYMBOL SYMBOL,\n  WINDOWSTART BUCKETSTART,\n  EARLIEST_BY_OFFSET(O.OPEN) OPEN,\n  MAX(O.HIGH) HIGH,\n  MIN(O.LOW) LOW,\n  LATEST_BY_OFFSET(O.KSQLTIMEFRAMECLOSE) KSQLTIMEFRAMECLOSE\nFROM BAR_1S_FINAL_S O\nWINDOW TUMBLING ( SIZE 1 MINUTES , GRACE PERIOD 2 SECONDS ) \nGROUP BY O.BROKER, O.SYMBOL\nEMIT CHANGES;","sinks":["BAR_1M_LIVE"],"sinkKafkaTopics":["bar_1m_live"],"id":"CTAS_BAR_1M_LIVE_101","statusCount":{"RUNNING":1},"queryType":"PERSISTENT","state":"RUNNING"},{"queryString":"CREATE TABLE BAR_TBIMP_1S_FINAL WITH (CLEANUP_POLICY='compact,delete', KAFKA_TOPIC='bar_tbimp_1s_final', KEY_FORMAT='AVRO', PARTITIONS=1, REPLICAS=1, RETENTION_MS=604800000, VALUE_FORMAT='AVRO') AS SELECT\n  O.BROKER BROKER,\n  O.SYMBOL SYMBOL,\n  WINDOWSTART BUCKETSTART,\n  EARLIEST_BY_OFFSET(O.BID) OPEN,\n  MAX(O.BID) HIGH,\n  MIN(O.BID) LOW,\n  LATEST_BY_OFFSET(O.BID) CLOSE\nFROM TICKS_TBIMP O\nWINDOW TUMBLING ( SIZE 1 SECONDS ) \nGROUP BY O.BROKER, O.SYMBOL\nEMIT FINAL;","sinks":["BAR_TBIMP_1S_FINAL"],"sinkKafkaTopics":["bar_tbimp_1s_final"],"id":"CTAS_BAR_TBIMP_1S_FINAL_85","statusCount":{"RUNNING":1},"queryType":"PERSISTENT","state":"RUNNING"}],"warnings":[]}]&#xD;
warn: Kafka.Ksql.Linq.KsqlContext[0]&#xD;
      SHOW QUERIES attempt 2 did not contain a matching query for bar_1m_live&#xD;
info: Kafka.Ksql.Linq.KsqlContext[0]&#xD;
      ksql execute: EXECUTE SQL=SHOW QUERIES;&#xD;
info: Kafka.Ksql.Linq.KsqlContext[0]&#xD;
      SHOW QUERIES output (attempt 3): [{"@type":"queries","statementText":"SHOW QUERIES;","queries":[{"queryString":"CREATE TABLE BAR_1S_FINAL WITH (CLEANUP_POLICY='compact,delete', KAFKA_TOPIC='bar_1s_final', KEY_FORMAT='AVRO', PARTITIONS=1, REPLICAS=1, RETENTION_MS=604800000, VALUE_FORMAT='AVRO') AS SELECT\n  O.BROKER BROKER,\n  O.SYMBOL SYMBOL,\n  WINDOWSTART BUCKETSTART,\n  EARLIEST_BY_OFFSET(O.BID) OPEN,\n  MAX(O.BID) HIGH,\n  MIN(O.BID) LOW,\n  LATEST_BY_OFFSET(O.BID) KSQLTIMEFRAMECLOSE\nFROM DEDUPRATES O\nWINDOW TUMBLING ( SIZE 1 SECONDS ) \nGROUP BY O.BROKER, O.SYMBOL\nEMIT FINAL;","sinks":["BAR_1S_FINAL"],"sinkKafkaTopics":["bar_1s_final"],"id":"CTAS_BAR_1S_FINAL_97","statusCount":{"RUNNING":1},"queryType":"PERSISTENT","state":"RUNNING"},{"queryString":"CREATE TABLE BAR_TBIMP_1M_LIVE WITH (CLEANUP_POLICY='compact,delete', KAFKA_TOPIC='bar_tbimp_1m_live', KEY_FORMAT='AVRO', PARTITIONS=1, REPLICAS=1, RETENTION_MS=604800000, VALUE_FORMAT='AVRO') AS SELECT\n  O.BROKER BROKER,\n  O.SYMBOL SYMBOL,\n  WINDOWSTART BUCKETSTART,\n  EARLIEST_BY_OFFSET(O.OPEN) OPEN,\n  MAX(O.HIGH) HIGH,\n  MIN(O.LOW) LOW,\n  LATEST_BY_OFFSET(O.CLOSE) CLOSE\nFROM BAR_TBIMP_1S_FINAL_S O\nWINDOW TUMBLING ( SIZE 1 MINUTES , GRACE PERIOD 2 SECONDS ) \nGROUP BY O.BROKER, O.SYMBOL\nEMIT CHANGES;","sinks":["BAR_TBIMP_1M_LIVE"],"sinkKafkaTopics":["bar_tbimp_1m_live"],"id":"CTAS_BAR_TBIMP_1M_LIVE_89","statusCount":{"RUNNING":1},"queryType":"PERSISTENT","state":"RUNNING"},{"queryString":"CREATE TABLE BAR_5M_LIVE WITH (CLEANUP_POLICY='compact,delete', KAFKA_TOPIC='bar_5m_live', KEY_FORMAT='AVRO', PARTITIONS=1, REPLICAS=1, RETENTION_MS=604800000, VALUE_FORMAT='AVRO') AS SELECT\n  O.BROKER BROKER,\n  O.SYMBOL SYMBOL,\n  WINDOWSTART BUCKETSTART,\n  EARLIEST_BY_OFFSET(O.OPEN) OPEN,\n  MAX(O.HIGH) HIGH,\n  MIN(O.LOW) LOW,\n  LATEST_BY_OFFSET(O.KSQLTIMEFRAMECLOSE) KSQLTIMEFRAMECLOSE\nFROM BAR_1S_FINAL_S O\nWINDOW TUMBLING ( SIZE 5 MINUTES , GRACE PERIOD 3 SECONDS ) \nGROUP BY O.BROKER, O.SYMBOL\nEMIT CHANGES;","sinks":["BAR_5M_LIVE"],"sinkKafkaTopics":["bar_5m_live"],"id":"CTAS_BAR_5M_LIVE_103","statusCount":{"RUNNING":1},"queryType":"PERSISTENT","state":"RUNNING"},{"queryString":"CREATE TABLE BAR_TBIMP_5M_LIVE WITH (CLEANUP_POLICY='compact,delete', KAFKA_TOPIC='bar_tbimp_5m_live', KEY_FORMAT='AVRO', PARTITIONS=1, REPLICAS=1, RETENTION_MS=604800000, VALUE_FORMAT='AVRO') AS SELECT\n  O.BROKER BROKER,\n  O.SYMBOL SYMBOL,\n  WINDOWSTART BUCKETSTART,\n  EARLIEST_BY_OFFSET(O.OPEN) OPEN,\n  MAX(O.HIGH) HIGH,\n  MIN(O.LOW) LOW,\n  LATEST_BY_OFFSET(O.CLOSE) CLOSE\nFROM BAR_TBIMP_1S_FINAL_S O\nWINDOW TUMBLING ( SIZE 5 MINUTES , GRACE PERIOD 3 SECONDS ) \nGROUP BY O.BROKER, O.SYMBOL\nEMIT CHANGES;","sinks":["BAR_TBIMP_5M_LIVE"],"sinkKafkaTopics":["bar_tbimp_5m_live"],"id":"CTAS_BAR_TBIMP_5M_LIVE_91","statusCount":{"RUNNING":1},"queryType":"PERSISTENT","state":"RUNNING"},{"queryString":"CREATE TABLE BAR_1M_LIVE WITH (CLEANUP_POLICY='compact,delete', KAFKA_TOPIC='bar_1m_live', KEY_FORMAT='AVRO', PARTITIONS=1, REPLICAS=1, RETENTION_MS=604800000, VALUE_FORMAT='AVRO') AS SELECT\n  O.BROKER BROKER,\n  O.SYMBOL SYMBOL,\n  WINDOWSTART BUCKETSTART,\n  EARLIEST_BY_OFFSET(O.OPEN) OPEN,\n  MAX(O.HIGH) HIGH,\n  MIN(O.LOW) LOW,\n  LATEST_BY_OFFSET(O.KSQLTIMEFRAMECLOSE) KSQLTIMEFRAMECLOSE\nFROM BAR_1S_FINAL_S O\nWINDOW TUMBLING ( SIZE 1 MINUTES , GRACE PERIOD 2 SECONDS ) \nGROUP BY O.BROKER, O.SYMBOL\nEMIT CHANGES;","sinks":["BAR_1M_LIVE"],"sinkKafkaTopics":["bar_1m_live"],"id":"CTAS_BAR_1M_LIVE_101","statusCount":{"RUNNING":1},"queryType":"PERSISTENT","state":"RUNNING"},{"queryString":"CREATE TABLE BAR_TBIMP_1S_FINAL WITH (CLEANUP_POLICY='compact,delete', KAFKA_TOPIC='bar_tbimp_1s_final', KEY_FORMAT='AVRO', PARTITIONS=1, REPLICAS=1, RETENTION_MS=604800000, VALUE_FORMAT='AVRO') AS SELECT\n  O.BROKER BROKER,\n  O.SYMBOL SYMBOL,\n  WINDOWSTART BUCKETSTART,\n  EARLIEST_BY_OFFSET(O.BID) OPEN,\n  MAX(O.BID) HIGH,\n  MIN(O.BID) LOW,\n  LATEST_BY_OFFSET(O.BID) CLOSE\nFROM TICKS_TBIMP O\nWINDOW TUMBLING ( SIZE 1 SECONDS ) \nGROUP BY O.BROKER, O.SYMBOL\nEMIT FINAL;","sinks":["BAR_TBIMP_1S_FINAL"],"sinkKafkaTopics":["bar_tbimp_1s_final"],"id":"CTAS_BAR_TBIMP_1S_FINAL_85","statusCount":{"RUNNING":1},"queryType":"PERSISTENT","state":"RUNNING"}],"warnings":[]}]&#xD;
warn: Kafka.Ksql.Linq.KsqlContext[0]&#xD;
      SHOW QUERIES attempt 3 did not contain a matching query for bar_1m_live&#xD;
info: Kafka.Ksql.Linq.KsqlContext[0]&#xD;
      ksql execute: EXECUTE SQL=SHOW QUERIES;&#xD;
info: Kafka.Ksql.Linq.KsqlContext[0]&#xD;
      SHOW QUERIES output (attempt 4): [{"@type":"queries","statementText":"SHOW QUERIES;","queries":[{"queryString":"CREATE TABLE BAR_1S_FINAL WITH (CLEANUP_POLICY='compact,delete', KAFKA_TOPIC='bar_1s_final', KEY_FORMAT='AVRO', PARTITIONS=1, REPLICAS=1, RETENTION_MS=604800000, VALUE_FORMAT='AVRO') AS SELECT\n  O.BROKER BROKER,\n  O.SYMBOL SYMBOL,\n  WINDOWSTART BUCKETSTART,\n  EARLIEST_BY_OFFSET(O.BID) OPEN,\n  MAX(O.BID) HIGH,\n  MIN(O.BID) LOW,\n  LATEST_BY_OFFSET(O.BID) KSQLTIMEFRAMECLOSE\nFROM DEDUPRATES O\nWINDOW TUMBLING ( SIZE 1 SECONDS ) \nGROUP BY O.BROKER, O.SYMBOL\nEMIT FINAL;","sinks":["BAR_1S_FINAL"],"sinkKafkaTopics":["bar_1s_final"],"id":"CTAS_BAR_1S_FINAL_97","statusCount":{"RUNNING":1},"queryType":"PERSISTENT","state":"RUNNING"},{"queryString":"CREATE TABLE BAR_TBIMP_1M_LIVE WITH (CLEANUP_POLICY='compact,delete', KAFKA_TOPIC='bar_tbimp_1m_live', KEY_FORMAT='AVRO', PARTITIONS=1, REPLICAS=1, RETENTION_MS=604800000, VALUE_FORMAT='AVRO') AS SELECT\n  O.BROKER BROKER,\n  O.SYMBOL SYMBOL,\n  WINDOWSTART BUCKETSTART,\n  EARLIEST_BY_OFFSET(O.OPEN) OPEN,\n  MAX(O.HIGH) HIGH,\n  MIN(O.LOW) LOW,\n  LATEST_BY_OFFSET(O.CLOSE) CLOSE\nFROM BAR_TBIMP_1S_FINAL_S O\nWINDOW TUMBLING ( SIZE 1 MINUTES , GRACE PERIOD 2 SECONDS ) \nGROUP BY O.BROKER, O.SYMBOL\nEMIT CHANGES;","sinks":["BAR_TBIMP_1M_LIVE"],"sinkKafkaTopics":["bar_tbimp_1m_live"],"id":"CTAS_BAR_TBIMP_1M_LIVE_89","statusCount":{"RUNNING":1},"queryType":"PERSISTENT","state":"RUNNING"},{"queryString":"CREATE TABLE BAR_5M_LIVE WITH (CLEANUP_POLICY='compact,delete', KAFKA_TOPIC='bar_5m_live', KEY_FORMAT='AVRO', PARTITIONS=1, REPLICAS=1, RETENTION_MS=604800000, VALUE_FORMAT='AVRO') AS SELECT\n  O.BROKER BROKER,\n  O.SYMBOL SYMBOL,\n  WINDOWSTART BUCKETSTART,\n  EARLIEST_BY_OFFSET(O.OPEN) OPEN,\n  MAX(O.HIGH) HIGH,\n  MIN(O.LOW) LOW,\n  LATEST_BY_OFFSET(O.KSQLTIMEFRAMECLOSE) KSQLTIMEFRAMECLOSE\nFROM BAR_1S_FINAL_S O\nWINDOW TUMBLING ( SIZE 5 MINUTES , GRACE PERIOD 3 SECONDS ) \nGROUP BY O.BROKER, O.SYMBOL\nEMIT CHANGES;","sinks":["BAR_5M_LIVE"],"sinkKafkaTopics":["bar_5m_live"],"id":"CTAS_BAR_5M_LIVE_103","statusCount":{"RUNNING":1},"queryType":"PERSISTENT","state":"RUNNING"},{"queryString":"CREATE TABLE BAR_TBIMP_5M_LIVE WITH (CLEANUP_POLICY='compact,delete', KAFKA_TOPIC='bar_tbimp_5m_live', KEY_FORMAT='AVRO', PARTITIONS=1, REPLICAS=1, RETENTION_MS=604800000, VALUE_FORMAT='AVRO') AS SELECT\n  O.BROKER BROKER,\n  O.SYMBOL SYMBOL,\n  WINDOWSTART BUCKETSTART,\n  EARLIEST_BY_OFFSET(O.OPEN) OPEN,\n  MAX(O.HIGH) HIGH,\n  MIN(O.LOW) LOW,\n  LATEST_BY_OFFSET(O.CLOSE) CLOSE\nFROM BAR_TBIMP_1S_FINAL_S O\nWINDOW TUMBLING ( SIZE 5 MINUTES , GRACE PERIOD 3 SECONDS ) \nGROUP BY O.BROKER, O.SYMBOL\nEMIT CHANGES;","sinks":["BAR_TBIMP_5M_LIVE"],"sinkKafkaTopics":["bar_tbimp_5m_live"],"id":"CTAS_BAR_TBIMP_5M_LIVE_91","statusCount":{"RUNNING":1},"queryType":"PERSISTENT","state":"RUNNING"},{"queryString":"CREATE TABLE BAR_1M_LIVE WITH (CLEANUP_POLICY='compact,delete', KAFKA_TOPIC='bar_1m_live', KEY_FORMAT='AVRO', PARTITIONS=1, REPLICAS=1, RETENTION_MS=604800000, VALUE_FORMAT='AVRO') AS SELECT\n  O.BROKER BROKER,\n  O.SYMBOL SYMBOL,\n  WINDOWSTART BUCKETSTART,\n  EARLIEST_BY_OFFSET(O.OPEN) OPEN,\n  MAX(O.HIGH) HIGH,\n  MIN(O.LOW) LOW,\n  LATEST_BY_OFFSET(O.KSQLTIMEFRAMECLOSE) KSQLTIMEFRAMECLOSE\nFROM BAR_1S_FINAL_S O\nWINDOW TUMBLING ( SIZE 1 MINUTES , GRACE PERIOD 2 SECONDS ) \nGROUP BY O.BROKER, O.SYMBOL\nEMIT CHANGES;","sinks":["BAR_1M_LIVE"],"sinkKafkaTopics":["bar_1m_live"],"id":"CTAS_BAR_1M_LIVE_101","statusCount":{"RUNNING":1},"queryType":"PERSISTENT","state":"RUNNING"},{"queryString":"CREATE TABLE BAR_TBIMP_1S_FINAL WITH (CLEANUP_POLICY='compact,delete', KAFKA_TOPIC='bar_tbimp_1s_final', KEY_FORMAT='AVRO', PARTITIONS=1, REPLICAS=1, RETENTION_MS=604800000, VALUE_FORMAT='AVRO') AS SELECT\n  O.BROKER BROKER,\n  O.SYMBOL SYMBOL,\n  WINDOWSTART BUCKETSTART,\n  EARLIEST_BY_OFFSET(O.BID) OPEN,\n  MAX(O.BID) HIGH,\n  MIN(O.BID) LOW,\n  LATEST_BY_OFFSET(O.BID) CLOSE\nFROM TICKS_TBIMP O\nWINDOW TUMBLING ( SIZE 1 SECONDS ) \nGROUP BY O.BROKER, O.SYMBOL\nEMIT FINAL;","sinks":["BAR_TBIMP_1S_FINAL"],"sinkKafkaTopics":["bar_tbimp_1s_final"],"id":"CTAS_BAR_TBIMP_1S_FINAL_85","statusCount":{"RUNNING":1},"queryType":"PERSISTENT","state":"RUNNING"}],"warnings":[]}]&#xD;
warn: Kafka.Ksql.Linq.KsqlContext[0]&#xD;
      SHOW QUERIES attempt 4 did not contain a matching query for bar_1m_live&#xD;
info: Kafka.Ksql.Linq.KsqlContext[0]&#xD;
      ksql execute: EXECUTE SQL=SHOW QUERIES;&#xD;
info: Kafka.Ksql.Linq.KsqlContext[0]&#xD;
      SHOW QUERIES output (attempt 5): [{"@type":"queries","statementText":"SHOW QUERIES;","queries":[{"queryString":"CREATE TABLE BAR_1S_FINAL WITH (CLEANUP_POLICY='compact,delete', KAFKA_TOPIC='bar_1s_final', KEY_FORMAT='AVRO', PARTITIONS=1, REPLICAS=1, RETENTION_MS=604800000, VALUE_FORMAT='AVRO') AS SELECT\n  O.BROKER BROKER,\n  O.SYMBOL SYMBOL,\n  WINDOWSTART BUCKETSTART,\n  EARLIEST_BY_OFFSET(O.BID) OPEN,\n  MAX(O.BID) HIGH,\n  MIN(O.BID) LOW,\n  LATEST_BY_OFFSET(O.BID) KSQLTIMEFRAMECLOSE\nFROM DEDUPRATES O\nWINDOW TUMBLING ( SIZE 1 SECONDS ) \nGROUP BY O.BROKER, O.SYMBOL\nEMIT FINAL;","sinks":["BAR_1S_FINAL"],"sinkKafkaTopics":["bar_1s_final"],"id":"CTAS_BAR_1S_FINAL_97","statusCount":{"RUNNING":1},"queryType":"PERSISTENT","state":"RUNNING"},{"queryString":"CREATE TABLE BAR_TBIMP_1M_LIVE WITH (CLEANUP_POLICY='compact,delete', KAFKA_TOPIC='bar_tbimp_1m_live', KEY_FORMAT='AVRO', PARTITIONS=1, REPLICAS=1, RETENTION_MS=604800000, VALUE_FORMAT='AVRO') AS SELECT\n  O.BROKER BROKER,\n  O.SYMBOL SYMBOL,\n  WINDOWSTART BUCKETSTART,\n  EARLIEST_BY_OFFSET(O.OPEN) OPEN,\n  MAX(O.HIGH) HIGH,\n  MIN(O.LOW) LOW,\n  LATEST_BY_OFFSET(O.CLOSE) CLOSE\nFROM BAR_TBIMP_1S_FINAL_S O\nWINDOW TUMBLING ( SIZE 1 MINUTES , GRACE PERIOD 2 SECONDS ) \nGROUP BY O.BROKER, O.SYMBOL\nEMIT CHANGES;","sinks":["BAR_TBIMP_1M_LIVE"],"sinkKafkaTopics":["bar_tbimp_1m_live"],"id":"CTAS_BAR_TBIMP_1M_LIVE_89","statusCount":{"RUNNING":1},"queryType":"PERSISTENT","state":"RUNNING"},{"queryString":"CREATE TABLE BAR_5M_LIVE WITH (CLEANUP_POLICY='compact,delete', KAFKA_TOPIC='bar_5m_live', KEY_FORMAT='AVRO', PARTITIONS=1, REPLICAS=1, RETENTION_MS=604800000, VALUE_FORMAT='AVRO') AS SELECT\n  O.BROKER BROKER,\n  O.SYMBOL SYMBOL,\n  WINDOWSTART BUCKETSTART,\n  EARLIEST_BY_OFFSET(O.OPEN) OPEN,\n  MAX(O.HIGH) HIGH,\n  MIN(O.LOW) LOW,\n  LATEST_BY_OFFSET(O.KSQLTIMEFRAMECLOSE) KSQLTIMEFRAMECLOSE\nFROM BAR_1S_FINAL_S O\nWINDOW TUMBLING ( SIZE 5 MINUTES , GRACE PERIOD 3 SECONDS ) \nGROUP BY O.BROKER, O.SYMBOL\nEMIT CHANGES;","sinks":["BAR_5M_LIVE"],"sinkKafkaTopics":["bar_5m_live"],"id":"CTAS_BAR_5M_LIVE_103","statusCount":{"RUNNING":1},"queryType":"PERSISTENT","state":"RUNNING"},{"queryString":"CREATE TABLE BAR_TBIMP_5M_LIVE WITH (CLEANUP_POLICY='compact,delete', KAFKA_TOPIC='bar_tbimp_5m_live', KEY_FORMAT='AVRO', PARTITIONS=1, REPLICAS=1, RETENTION_MS=604800000, VALUE_FORMAT='AVRO') AS SELECT\n  O.BROKER BROKER,\n  O.SYMBOL SYMBOL,\n  WINDOWSTART BUCKETSTART,\n  EARLIEST_BY_OFFSET(O.OPEN) OPEN,\n  MAX(O.HIGH) HIGH,\n  MIN(O.LOW) LOW,\n  LATEST_BY_OFFSET(O.CLOSE) CLOSE\nFROM BAR_TBIMP_1S_FINAL_S O\nWINDOW TUMBLING ( SIZE 5 MINUTES , GRACE PERIOD 3 SECONDS ) \nGROUP BY O.BROKER, O.SYMBOL\nEMIT CHANGES;","sinks":["BAR_TBIMP_5M_LIVE"],"sinkKafkaTopics":["bar_tbimp_5m_live"],"id":"CTAS_BAR_TBIMP_5M_LIVE_91","statusCount":{"RUNNING":1},"queryType":"PERSISTENT","state":"RUNNING"},{"queryString":"CREATE TABLE BAR_1M_LIVE WITH (CLEANUP_POLICY='compact,delete', KAFKA_TOPIC='bar_1m_live', KEY_FORMAT='AVRO', PARTITIONS=1, REPLICAS=1, RETENTION_MS=604800000, VALUE_FORMAT='AVRO') AS SELECT\n  O.BROKER BROKER,\n  O.SYMBOL SYMBOL,\n  WINDOWSTART BUCKETSTART,\n  EARLIEST_BY_OFFSET(O.OPEN) OPEN,\n  MAX(O.HIGH) HIGH,\n  MIN(O.LOW) LOW,\n  LATEST_BY_OFFSET(O.KSQLTIMEFRAMECLOSE) KSQLTIMEFRAMECLOSE\nFROM BAR_1S_FINAL_S O\nWINDOW TUMBLING ( SIZE 1 MINUTES , GRACE PERIOD 2 SECONDS ) \nGROUP BY O.BROKER, O.SYMBOL\nEMIT CHANGES;","sinks":["BAR_1M_LIVE"],"sinkKafkaTopics":["bar_1m_live"],"id":"CTAS_BAR_1M_LIVE_101","statusCount":{"RUNNING":1},"queryType":"PERSISTENT","state":"RUNNING"},{"queryString":"CREATE TABLE BAR_TBIMP_1S_FINAL WITH (CLEANUP_POLICY='compact,delete', KAFKA_TOPIC='bar_tbimp_1s_final', KEY_FORMAT='AVRO', PARTITIONS=1, REPLICAS=1, RETENTION_MS=604800000, VALUE_FORMAT='AVRO') AS SELECT\n  O.BROKER BROKER,\n  O.SYMBOL SYMBOL,\n  WINDOWSTART BUCKETSTART,\n  EARLIEST_BY_OFFSET(O.BID) OPEN,\n  MAX(O.BID) HIGH,\n  MIN(O.BID) LOW,\n  LATEST_BY_OFFSET(O.BID) CLOSE\nFROM TICKS_TBIMP O\nWINDOW TUMBLING ( SIZE 1 SECONDS ) \nGROUP BY O.BROKER, O.SYMBOL\nEMIT FINAL;","sinks":["BAR_TBIMP_1S_FINAL"],"sinkKafkaTopics":["bar_tbimp_1s_final"],"id":"CTAS_BAR_TBIMP_1S_FINAL_85","statusCount":{"RUNNING":1},"queryType":"PERSISTENT","state":"RUNNING"}],"warnings":[]}]&#xD;
warn: Kafka.Ksql.Linq.KsqlContext[0]&#xD;
      SHOW QUERIES attempt 5 did not contain a matching query for bar_1m_live&#xD;
warn: Kafka.Ksql.Linq.KsqlContext[0]&#xD;
      Unable to locate queryId for bar_1m_live after 5 attempts&#xD;
warn: Kafka.Ksql.Linq.KsqlContext[0]&#xD;
      Could not locate queryId via SHOW QUERIES for derived statement targeting bar_1m_live: CREATE TABLE bar_1m_live  WITH (KAFKA_TOPIC='bar_1m_live', KEY_FORMAT='AVRO', VALUE_FORMAT='AVRO') AS&#xD;
      SELECT BROKER AS Broker, SYMBOL AS Symbol, WINDOWSTART AS BucketStart, EARLIEST_BY_OFFSET(o.OPEN) AS Open, MAX(o.HIGH) AS High, MIN(o.LOW) AS Low, LATEST_BY_OFFSET(o.KSQLTIMEFRAMECLOSE) AS KsqlTimeFrameClose&#xD;
      FROM bar_1s_final_s o WINDOW TUMBLING (SIZE 1 MINUTES, GRACE PERIOD 2 SECONDS)&#xD;
      GROUP BY BROKER, SYMBOL&#xD;
      EMIT CHANGES;&#xD;
info: Kafka.Ksql.Linq.KsqlContext[0]&#xD;
      ksql execute: EXECUTE SQL=SHOW QUERIES;&#xD;
info: Kafka.Ksql.Linq.KsqlContext[0]&#xD;
      SHOW QUERIES output (attempt 1): [{"@type":"queries","statementText":"SHOW QUERIES;","queries":[{"queryString":"CREATE TABLE BAR_1S_FINAL WITH (CLEANUP_POLICY='compact,delete', KAFKA_TOPIC='bar_1s_final', KEY_FORMAT='AVRO', PARTITIONS=1, REPLICAS=1, RETENTION_MS=604800000, VALUE_FORMAT='AVRO') AS SELECT\n  O.BROKER BROKER,\n  O.SYMBOL SYMBOL,\n  WINDOWSTART BUCKETSTART,\n  EARLIEST_BY_OFFSET(O.BID) OPEN,\n  MAX(O.BID) HIGH,\n  MIN(O.BID) LOW,\n  LATEST_BY_OFFSET(O.BID) KSQLTIMEFRAMECLOSE\nFROM DEDUPRATES O\nWINDOW TUMBLING ( SIZE 1 SECONDS ) \nGROUP BY O.BROKER, O.SYMBOL\nEMIT FINAL;","sinks":["BAR_1S_FINAL"],"sinkKafkaTopics":["bar_1s_final"],"id":"CTAS_BAR_1S_FINAL_97","statusCount":{"RUNNING":1},"queryType":"PERSISTENT","state":"RUNNING"},{"queryString":"CREATE TABLE BAR_TBIMP_1M_LIVE WITH (CLEANUP_POLICY='compact,delete', KAFKA_TOPIC='bar_tbimp_1m_live', KEY_FORMAT='AVRO', PARTITIONS=1, REPLICAS=1, RETENTION_MS=604800000, VALUE_FORMAT='AVRO') AS SELECT\n  O.BROKER BROKER,\n  O.SYMBOL SYMBOL,\n  WINDOWSTART BUCKETSTART,\n  EARLIEST_BY_OFFSET(O.OPEN) OPEN,\n  MAX(O.HIGH) HIGH,\n  MIN(O.LOW) LOW,\n  LATEST_BY_OFFSET(O.CLOSE) CLOSE\nFROM BAR_TBIMP_1S_FINAL_S O\nWINDOW TUMBLING ( SIZE 1 MINUTES , GRACE PERIOD 2 SECONDS ) \nGROUP BY O.BROKER, O.SYMBOL\nEMIT CHANGES;","sinks":["BAR_TBIMP_1M_LIVE"],"sinkKafkaTopics":["bar_tbimp_1m_live"],"id":"CTAS_BAR_TBIMP_1M_LIVE_89","statusCount":{"RUNNING":1},"queryType":"PERSISTENT","state":"RUNNING"},{"queryString":"CREATE TABLE BAR_5M_LIVE WITH (CLEANUP_POLICY='compact,delete', KAFKA_TOPIC='bar_5m_live', KEY_FORMAT='AVRO', PARTITIONS=1, REPLICAS=1, RETENTION_MS=604800000, VALUE_FORMAT='AVRO') AS SELECT\n  O.BROKER BROKER,\n  O.SYMBOL SYMBOL,\n  WINDOWSTART BUCKETSTART,\n  EARLIEST_BY_OFFSET(O.OPEN) OPEN,\n  MAX(O.HIGH) HIGH,\n  MIN(O.LOW) LOW,\n  LATEST_BY_OFFSET(O.KSQLTIMEFRAMECLOSE) KSQLTIMEFRAMECLOSE\nFROM BAR_1S_FINAL_S O\nWINDOW TUMBLING ( SIZE 5 MINUTES , GRACE PERIOD 3 SECONDS ) \nGROUP BY O.BROKER, O.SYMBOL\nEMIT CHANGES;","sinks":["BAR_5M_LIVE"],"sinkKafkaTopics":["bar_5m_live"],"id":"CTAS_BAR_5M_LIVE_103","statusCount":{"RUNNING":1},"queryType":"PERSISTENT","state":"RUNNING"},{"queryString":"CREATE TABLE BAR_TBIMP_5M_LIVE WITH (CLEANUP_POLICY='compact,delete', KAFKA_TOPIC='bar_tbimp_5m_live', KEY_FORMAT='AVRO', PARTITIONS=1, REPLICAS=1, RETENTION_MS=604800000, VALUE_FORMAT='AVRO') AS SELECT\n  O.BROKER BROKER,\n  O.SYMBOL SYMBOL,\n  WINDOWSTART BUCKETSTART,\n  EARLIEST_BY_OFFSET(O.OPEN) OPEN,\n  MAX(O.HIGH) HIGH,\n  MIN(O.LOW) LOW,\n  LATEST_BY_OFFSET(O.CLOSE) CLOSE\nFROM BAR_TBIMP_1S_FINAL_S O\nWINDOW TUMBLING ( SIZE 5 MINUTES , GRACE PERIOD 3 SECONDS ) \nGROUP BY O.BROKER, O.SYMBOL\nEMIT CHANGES;","sinks":["BAR_TBIMP_5M_LIVE"],"sinkKafkaTopics":["bar_tbimp_5m_live"],"id":"CTAS_BAR_TBIMP_5M_LIVE_91","statusCount":{"RUNNING":1},"queryType":"PERSISTENT","state":"RUNNING"},{"queryString":"CREATE TABLE BAR_1M_LIVE WITH (CLEANUP_POLICY='compact,delete', KAFKA_TOPIC='bar_1m_live', KEY_FORMAT='AVRO', PARTITIONS=1, REPLICAS=1, RETENTION_MS=604800000, VALUE_FORMAT='AVRO') AS SELECT\n  O.BROKER BROKER,\n  O.SYMBOL SYMBOL,\n  WINDOWSTART BUCKETSTART,\n  EARLIEST_BY_OFFSET(O.OPEN) OPEN,\n  MAX(O.HIGH) HIGH,\n  MIN(O.LOW) LOW,\n  LATEST_BY_OFFSET(O.KSQLTIMEFRAMECLOSE) KSQLTIMEFRAMECLOSE\nFROM BAR_1S_FINAL_S O\nWINDOW TUMBLING ( SIZE 1 MINUTES , GRACE PERIOD 2 SECONDS ) \nGROUP BY O.BROKER, O.SYMBOL\nEMIT CHANGES;","sinks":["BAR_1M_LIVE"],"sinkKafkaTopics":["bar_1m_live"],"id":"CTAS_BAR_1M_LIVE_101","statusCount":{"RUNNING":1},"queryType":"PERSISTENT","state":"RUNNING"},{"queryString":"CREATE TABLE BAR_TBIMP_1S_FINAL WITH (CLEANUP_POLICY='compact,delete', KAFKA_TOPIC='bar_tbimp_1s_final', KEY_FORMAT='AVRO', PARTITIONS=1, REPLICAS=1, RETENTION_MS=604800000, VALUE_FORMAT='AVRO') AS SELECT\n  O.BROKER BROKER,\n  O.SYMBOL SYMBOL,\n  WINDOWSTART BUCKETSTART,\n  EARLIEST_BY_OFFSET(O.BID) OPEN,\n  MAX(O.BID) HIGH,\n  MIN(O.BID) LOW,\n  LATEST_BY_OFFSET(O.BID) CLOSE\nFROM TICKS_TBIMP O\nWINDOW TUMBLING ( SIZE 1 SECONDS ) \nGROUP BY O.BROKER, O.SYMBOL\nEMIT FINAL;","sinks":["BAR_TBIMP_1S_FINAL"],"sinkKafkaTopics":["bar_tbimp_1s_final"],"id":"CTAS_BAR_TBIMP_1S_FINAL_85","statusCount":{"RUNNING":1},"queryType":"PERSISTENT","state":"RUNNING"}],"warnings":[]}]&#xD;
warn: Kafka.Ksql.Linq.KsqlContext[0]&#xD;
      SHOW QUERIES attempt 1 did not contain a matching query for bar_5m_live&#xD;
info: Kafka.Ksql.Linq.KsqlContext[0]&#xD;
      ksql execute: EXECUTE SQL=SHOW QUERIES;&#xD;
info: Kafka.Ksql.Linq.KsqlContext[0]&#xD;
      SHOW QUERIES output (attempt 2): [{"@type":"queries","statementText":"SHOW QUERIES;","queries":[{"queryString":"CREATE TABLE BAR_1S_FINAL WITH (CLEANUP_POLICY='compact,delete', KAFKA_TOPIC='bar_1s_final', KEY_FORMAT='AVRO', PARTITIONS=1, REPLICAS=1, RETENTION_MS=604800000, VALUE_FORMAT='AVRO') AS SELECT\n  O.BROKER BROKER,\n  O.SYMBOL SYMBOL,\n  WINDOWSTART BUCKETSTART,\n  EARLIEST_BY_OFFSET(O.BID) OPEN,\n  MAX(O.BID) HIGH,\n  MIN(O.BID) LOW,\n  LATEST_BY_OFFSET(O.BID) KSQLTIMEFRAMECLOSE\nFROM DEDUPRATES O\nWINDOW TUMBLING ( SIZE 1 SECONDS ) \nGROUP BY O.BROKER, O.SYMBOL\nEMIT FINAL;","sinks":["BAR_1S_FINAL"],"sinkKafkaTopics":["bar_1s_final"],"id":"CTAS_BAR_1S_FINAL_97","statusCount":{"RUNNING":1},"queryType":"PERSISTENT","state":"RUNNING"},{"queryString":"CREATE TABLE BAR_TBIMP_1M_LIVE WITH (CLEANUP_POLICY='compact,delete', KAFKA_TOPIC='bar_tbimp_1m_live', KEY_FORMAT='AVRO', PARTITIONS=1, REPLICAS=1, RETENTION_MS=604800000, VALUE_FORMAT='AVRO') AS SELECT\n  O.BROKER BROKER,\n  O.SYMBOL SYMBOL,\n  WINDOWSTART BUCKETSTART,\n  EARLIEST_BY_OFFSET(O.OPEN) OPEN,\n  MAX(O.HIGH) HIGH,\n  MIN(O.LOW) LOW,\n  LATEST_BY_OFFSET(O.CLOSE) CLOSE\nFROM BAR_TBIMP_1S_FINAL_S O\nWINDOW TUMBLING ( SIZE 1 MINUTES , GRACE PERIOD 2 SECONDS ) \nGROUP BY O.BROKER, O.SYMBOL\nEMIT CHANGES;","sinks":["BAR_TBIMP_1M_LIVE"],"sinkKafkaTopics":["bar_tbimp_1m_live"],"id":"CTAS_BAR_TBIMP_1M_LIVE_89","statusCount":{"RUNNING":1},"queryType":"PERSISTENT","state":"RUNNING"},{"queryString":"CREATE TABLE BAR_5M_LIVE WITH (CLEANUP_POLICY='compact,delete', KAFKA_TOPIC='bar_5m_live', KEY_FORMAT='AVRO', PARTITIONS=1, REPLICAS=1, RETENTION_MS=604800000, VALUE_FORMAT='AVRO') AS SELECT\n  O.BROKER BROKER,\n  O.SYMBOL SYMBOL,\n  WINDOWSTART BUCKETSTART,\n  EARLIEST_BY_OFFSET(O.OPEN) OPEN,\n  MAX(O.HIGH) HIGH,\n  MIN(O.LOW) LOW,\n  LATEST_BY_OFFSET(O.KSQLTIMEFRAMECLOSE) KSQLTIMEFRAMECLOSE\nFROM BAR_1S_FINAL_S O\nWINDOW TUMBLING ( SIZE 5 MINUTES , GRACE PERIOD 3 SECONDS ) \nGROUP BY O.BROKER, O.SYMBOL\nEMIT CHANGES;","sinks":["BAR_5M_LIVE"],"sinkKafkaTopics":["bar_5m_live"],"id":"CTAS_BAR_5M_LIVE_103","statusCount":{"RUNNING":1},"queryType":"PERSISTENT","state":"RUNNING"},{"queryString":"CREATE TABLE BAR_TBIMP_5M_LIVE WITH (CLEANUP_POLICY='compact,delete', KAFKA_TOPIC='bar_tbimp_5m_live', KEY_FORMAT='AVRO', PARTITIONS=1, REPLICAS=1, RETENTION_MS=604800000, VALUE_FORMAT='AVRO') AS SELECT\n  O.BROKER BROKER,\n  O.SYMBOL SYMBOL,\n  WINDOWSTART BUCKETSTART,\n  EARLIEST_BY_OFFSET(O.OPEN) OPEN,\n  MAX(O.HIGH) HIGH,\n  MIN(O.LOW) LOW,\n  LATEST_BY_OFFSET(O.CLOSE) CLOSE\nFROM BAR_TBIMP_1S_FINAL_S O\nWINDOW TUMBLING ( SIZE 5 MINUTES , GRACE PERIOD 3 SECONDS ) \nGROUP BY O.BROKER, O.SYMBOL\nEMIT CHANGES;","sinks":["BAR_TBIMP_5M_LIVE"],"sinkKafkaTopics":["bar_tbimp_5m_live"],"id":"CTAS_BAR_TBIMP_5M_LIVE_91","statusCount":{"RUNNING":1},"queryType":"PERSISTENT","state":"RUNNING"},{"queryString":"CREATE TABLE BAR_1M_LIVE WITH (CLEANUP_POLICY='compact,delete', KAFKA_TOPIC='bar_1m_live', KEY_FORMAT='AVRO', PARTITIONS=1, REPLICAS=1, RETENTION_MS=604800000, VALUE_FORMAT='AVRO') AS SELECT\n  O.BROKER BROKER,\n  O.SYMBOL SYMBOL,\n  WINDOWSTART BUCKETSTART,\n  EARLIEST_BY_OFFSET(O.OPEN) OPEN,\n  MAX(O.HIGH) HIGH,\n  MIN(O.LOW) LOW,\n  LATEST_BY_OFFSET(O.KSQLTIMEFRAMECLOSE) KSQLTIMEFRAMECLOSE\nFROM BAR_1S_FINAL_S O\nWINDOW TUMBLING ( SIZE 1 MINUTES , GRACE PERIOD 2 SECONDS ) \nGROUP BY O.BROKER, O.SYMBOL\nEMIT CHANGES;","sinks":["BAR_1M_LIVE"],"sinkKafkaTopics":["bar_1m_live"],"id":"CTAS_BAR_1M_LIVE_101","statusCount":{"RUNNING":1},"queryType":"PERSISTENT","state":"RUNNING"},{"queryString":"CREATE TABLE BAR_TBIMP_1S_FINAL WITH (CLEANUP_POLICY='compact,delete', KAFKA_TOPIC='bar_tbimp_1s_final', KEY_FORMAT='AVRO', PARTITIONS=1, REPLICAS=1, RETENTION_MS=604800000, VALUE_FORMAT='AVRO') AS SELECT\n  O.BROKER BROKER,\n  O.SYMBOL SYMBOL,\n  WINDOWSTART BUCKETSTART,\n  EARLIEST_BY_OFFSET(O.BID) OPEN,\n  MAX(O.BID) HIGH,\n  MIN(O.BID) LOW,\n  LATEST_BY_OFFSET(O.BID) CLOSE\nFROM TICKS_TBIMP O\nWINDOW TUMBLING ( SIZE 1 SECONDS ) \nGROUP BY O.BROKER, O.SYMBOL\nEMIT FINAL;","sinks":["BAR_TBIMP_1S_FINAL"],"sinkKafkaTopics":["bar_tbimp_1s_final"],"id":"CTAS_BAR_TBIMP_1S_FINAL_85","statusCount":{"RUNNING":1},"queryType":"PERSISTENT","state":"RUNNING"}],"warnings":[]}]&#xD;
warn: Kafka.Ksql.Linq.KsqlContext[0]&#xD;
      SHOW QUERIES attempt 2 did not contain a matching query for bar_5m_live&#xD;
info: Kafka.Ksql.Linq.KsqlContext[0]&#xD;
      ksql execute: EXECUTE SQL=SHOW QUERIES;&#xD;
info: Kafka.Ksql.Linq.KsqlContext[0]&#xD;
      SHOW QUERIES output (attempt 3): [{"@type":"queries","statementText":"SHOW QUERIES;","queries":[{"queryString":"CREATE TABLE BAR_1S_FINAL WITH (CLEANUP_POLICY='compact,delete', KAFKA_TOPIC='bar_1s_final', KEY_FORMAT='AVRO', PARTITIONS=1, REPLICAS=1, RETENTION_MS=604800000, VALUE_FORMAT='AVRO') AS SELECT\n  O.BROKER BROKER,\n  O.SYMBOL SYMBOL,\n  WINDOWSTART BUCKETSTART,\n  EARLIEST_BY_OFFSET(O.BID) OPEN,\n  MAX(O.BID) HIGH,\n  MIN(O.BID) LOW,\n  LATEST_BY_OFFSET(O.BID) KSQLTIMEFRAMECLOSE\nFROM DEDUPRATES O\nWINDOW TUMBLING ( SIZE 1 SECONDS ) \nGROUP BY O.BROKER, O.SYMBOL\nEMIT FINAL;","sinks":["BAR_1S_FINAL"],"sinkKafkaTopics":["bar_1s_final"],"id":"CTAS_BAR_1S_FINAL_97","statusCount":{"RUNNING":1},"queryType":"PERSISTENT","state":"RUNNING"},{"queryString":"CREATE TABLE BAR_TBIMP_1M_LIVE WITH (CLEANUP_POLICY='compact,delete', KAFKA_TOPIC='bar_tbimp_1m_live', KEY_FORMAT='AVRO', PARTITIONS=1, REPLICAS=1, RETENTION_MS=604800000, VALUE_FORMAT='AVRO') AS SELECT\n  O.BROKER BROKER,\n  O.SYMBOL SYMBOL,\n  WINDOWSTART BUCKETSTART,\n  EARLIEST_BY_OFFSET(O.OPEN) OPEN,\n  MAX(O.HIGH) HIGH,\n  MIN(O.LOW) LOW,\n  LATEST_BY_OFFSET(O.CLOSE) CLOSE\nFROM BAR_TBIMP_1S_FINAL_S O\nWINDOW TUMBLING ( SIZE 1 MINUTES , GRACE PERIOD 2 SECONDS ) \nGROUP BY O.BROKER, O.SYMBOL\nEMIT CHANGES;","sinks":["BAR_TBIMP_1M_LIVE"],"sinkKafkaTopics":["bar_tbimp_1m_live"],"id":"CTAS_BAR_TBIMP_1M_LIVE_89","statusCount":{"RUNNING":1},"queryType":"PERSISTENT","state":"RUNNING"},{"queryString":"CREATE TABLE BAR_5M_LIVE WITH (CLEANUP_POLICY='compact,delete', KAFKA_TOPIC='bar_5m_live', KEY_FORMAT='AVRO', PARTITIONS=1, REPLICAS=1, RETENTION_MS=604800000, VALUE_FORMAT='AVRO') AS SELECT\n  O.BROKER BROKER,\n  O.SYMBOL SYMBOL,\n  WINDOWSTART BUCKETSTART,\n  EARLIEST_BY_OFFSET(O.OPEN) OPEN,\n  MAX(O.HIGH) HIGH,\n  MIN(O.LOW) LOW,\n  LATEST_BY_OFFSET(O.KSQLTIMEFRAMECLOSE) KSQLTIMEFRAMECLOSE\nFROM BAR_1S_FINAL_S O\nWINDOW TUMBLING ( SIZE 5 MINUTES , GRACE PERIOD 3 SECONDS ) \nGROUP BY O.BROKER, O.SYMBOL\nEMIT CHANGES;","sinks":["BAR_5M_LIVE"],"sinkKafkaTopics":["bar_5m_live"],"id":"CTAS_BAR_5M_LIVE_103","statusCount":{"RUNNING":1},"queryType":"PERSISTENT","state":"RUNNING"},{"queryString":"CREATE TABLE BAR_TBIMP_5M_LIVE WITH (CLEANUP_POLICY='compact,delete', KAFKA_TOPIC='bar_tbimp_5m_live', KEY_FORMAT='AVRO', PARTITIONS=1, REPLICAS=1, RETENTION_MS=604800000, VALUE_FORMAT='AVRO') AS SELECT\n  O.BROKER BROKER,\n  O.SYMBOL SYMBOL,\n  WINDOWSTART BUCKETSTART,\n  EARLIEST_BY_OFFSET(O.OPEN) OPEN,\n  MAX(O.HIGH) HIGH,\n  MIN(O.LOW) LOW,\n  LATEST_BY_OFFSET(O.CLOSE) CLOSE\nFROM BAR_TBIMP_1S_FINAL_S O\nWINDOW TUMBLING ( SIZE 5 MINUTES , GRACE PERIOD 3 SECONDS ) \nGROUP BY O.BROKER, O.SYMBOL\nEMIT CHANGES;","sinks":["BAR_TBIMP_5M_LIVE"],"sinkKafkaTopics":["bar_tbimp_5m_live"],"id":"CTAS_BAR_TBIMP_5M_LIVE_91","statusCount":{"RUNNING":1},"queryType":"PERSISTENT","state":"RUNNING"},{"queryString":"CREATE TABLE BAR_1M_LIVE WITH (CLEANUP_POLICY='compact,delete', KAFKA_TOPIC='bar_1m_live', KEY_FORMAT='AVRO', PARTITIONS=1, REPLICAS=1, RETENTION_MS=604800000, VALUE_FORMAT='AVRO') AS SELECT\n  O.BROKER BROKER,\n  O.SYMBOL SYMBOL,\n  WINDOWSTART BUCKETSTART,\n  EARLIEST_BY_OFFSET(O.OPEN) OPEN,\n  MAX(O.HIGH) HIGH,\n  MIN(O.LOW) LOW,\n  LATEST_BY_OFFSET(O.KSQLTIMEFRAMECLOSE) KSQLTIMEFRAMECLOSE\nFROM BAR_1S_FINAL_S O\nWINDOW TUMBLING ( SIZE 1 MINUTES , GRACE PERIOD 2 SECONDS ) \nGROUP BY O.BROKER, O.SYMBOL\nEMIT CHANGES;","sinks":["BAR_1M_LIVE"],"sinkKafkaTopics":["bar_1m_live"],"id":"CTAS_BAR_1M_LIVE_101","statusCount":{"RUNNING":1},"queryType":"PERSISTENT","state":"RUNNING"},{"queryString":"CREATE TABLE BAR_TBIMP_1S_FINAL WITH (CLEANUP_POLICY='compact,delete', KAFKA_TOPIC='bar_tbimp_1s_final', KEY_FORMAT='AVRO', PARTITIONS=1, REPLICAS=1, RETENTION_MS=604800000, VALUE_FORMAT='AVRO') AS SELECT\n  O.BROKER BROKER,\n  O.SYMBOL SYMBOL,\n  WINDOWSTART BUCKETSTART,\n  EARLIEST_BY_OFFSET(O.BID) OPEN,\n  MAX(O.BID) HIGH,\n  MIN(O.BID) LOW,\n  LATEST_BY_OFFSET(O.BID) CLOSE\nFROM TICKS_TBIMP O\nWINDOW TUMBLING ( SIZE 1 SECONDS ) \nGROUP BY O.BROKER, O.SYMBOL\nEMIT FINAL;","sinks":["BAR_TBIMP_1S_FINAL"],"sinkKafkaTopics":["bar_tbimp_1s_final"],"id":"CTAS_BAR_TBIMP_1S_FINAL_85","statusCount":{"RUNNING":1},"queryType":"PERSISTENT","state":"RUNNING"}],"warnings":[]}]&#xD;
warn: Kafka.Ksql.Linq.KsqlContext[0]&#xD;
      SHOW QUERIES attempt 3 did not contain a matching query for bar_5m_live&#xD;
info: Kafka.Ksql.Linq.KsqlContext[0]&#xD;
      ksql execute: EXECUTE SQL=SHOW QUERIES;&#xD;
info: Kafka.Ksql.Linq.KsqlContext[0]&#xD;
      SHOW QUERIES output (attempt 4): [{"@type":"queries","statementText":"SHOW QUERIES;","queries":[{"queryString":"CREATE TABLE BAR_1S_FINAL WITH (CLEANUP_POLICY='compact,delete', KAFKA_TOPIC='bar_1s_final', KEY_FORMAT='AVRO', PARTITIONS=1, REPLICAS=1, RETENTION_MS=604800000, VALUE_FORMAT='AVRO') AS SELECT\n  O.BROKER BROKER,\n  O.SYMBOL SYMBOL,\n  WINDOWSTART BUCKETSTART,\n  EARLIEST_BY_OFFSET(O.BID) OPEN,\n  MAX(O.BID) HIGH,\n  MIN(O.BID) LOW,\n  LATEST_BY_OFFSET(O.BID) KSQLTIMEFRAMECLOSE\nFROM DEDUPRATES O\nWINDOW TUMBLING ( SIZE 1 SECONDS ) \nGROUP BY O.BROKER, O.SYMBOL\nEMIT FINAL;","sinks":["BAR_1S_FINAL"],"sinkKafkaTopics":["bar_1s_final"],"id":"CTAS_BAR_1S_FINAL_97","statusCount":{"RUNNING":1},"queryType":"PERSISTENT","state":"RUNNING"},{"queryString":"CREATE TABLE BAR_TBIMP_1M_LIVE WITH (CLEANUP_POLICY='compact,delete', KAFKA_TOPIC='bar_tbimp_1m_live', KEY_FORMAT='AVRO', PARTITIONS=1, REPLICAS=1, RETENTION_MS=604800000, VALUE_FORMAT='AVRO') AS SELECT\n  O.BROKER BROKER,\n  O.SYMBOL SYMBOL,\n  WINDOWSTART BUCKETSTART,\n  EARLIEST_BY_OFFSET(O.OPEN) OPEN,\n  MAX(O.HIGH) HIGH,\n  MIN(O.LOW) LOW,\n  LATEST_BY_OFFSET(O.CLOSE) CLOSE\nFROM BAR_TBIMP_1S_FINAL_S O\nWINDOW TUMBLING ( SIZE 1 MINUTES , GRACE PERIOD 2 SECONDS ) \nGROUP BY O.BROKER, O.SYMBOL\nEMIT CHANGES;","sinks":["BAR_TBIMP_1M_LIVE"],"sinkKafkaTopics":["bar_tbimp_1m_live"],"id":"CTAS_BAR_TBIMP_1M_LIVE_89","statusCount":{"RUNNING":1},"queryType":"PERSISTENT","state":"RUNNING"},{"queryString":"CREATE TABLE BAR_5M_LIVE WITH (CLEANUP_POLICY='compact,delete', KAFKA_TOPIC='bar_5m_live', KEY_FORMAT='AVRO', PARTITIONS=1, REPLICAS=1, RETENTION_MS=604800000, VALUE_FORMAT='AVRO') AS SELECT\n  O.BROKER BROKER,\n  O.SYMBOL SYMBOL,\n  WINDOWSTART BUCKETSTART,\n  EARLIEST_BY_OFFSET(O.OPEN) OPEN,\n  MAX(O.HIGH) HIGH,\n  MIN(O.LOW) LOW,\n  LATEST_BY_OFFSET(O.KSQLTIMEFRAMECLOSE) KSQLTIMEFRAMECLOSE\nFROM BAR_1S_FINAL_S O\nWINDOW TUMBLING ( SIZE 5 MINUTES , GRACE PERIOD 3 SECONDS ) \nGROUP BY O.BROKER, O.SYMBOL\nEMIT CHANGES;","sinks":["BAR_5M_LIVE"],"sinkKafkaTopics":["bar_5m_live"],"id":"CTAS_BAR_5M_LIVE_103","statusCount":{"RUNNING":1},"queryType":"PERSISTENT","state":"RUNNING"},{"queryString":"CREATE TABLE BAR_TBIMP_5M_LIVE WITH (CLEANUP_POLICY='compact,delete', KAFKA_TOPIC='bar_tbimp_5m_live', KEY_FORMAT='AVRO', PARTITIONS=1, REPLICAS=1, RETENTION_MS=604800000, VALUE_FORMAT='AVRO') AS SELECT\n  O.BROKER BROKER,\n  O.SYMBOL SYMBOL,\n  WINDOWSTART BUCKETSTART,\n  EARLIEST_BY_OFFSET(O.OPEN) OPEN,\n  MAX(O.HIGH) HIGH,\n  MIN(O.LOW) LOW,\n  LATEST_BY_OFFSET(O.CLOSE) CLOSE\nFROM BAR_TBIMP_1S_FINAL_S O\nWINDOW TUMBLING ( SIZE 5 MINUTES , GRACE PERIOD 3 SECONDS ) \nGROUP BY O.BROKER, O.SYMBOL\nEMIT CHANGES;","sinks":["BAR_TBIMP_5M_LIVE"],"sinkKafkaTopics":["bar_tbimp_5m_live"],"id":"CTAS_BAR_TBIMP_5M_LIVE_91","statusCount":{"RUNNING":1},"queryType":"PERSISTENT","state":"RUNNING"},{"queryString":"CREATE TABLE BAR_1M_LIVE WITH (CLEANUP_POLICY='compact,delete', KAFKA_TOPIC='bar_1m_live', KEY_FORMAT='AVRO', PARTITIONS=1, REPLICAS=1, RETENTION_MS=604800000, VALUE_FORMAT='AVRO') AS SELECT\n  O.BROKER BROKER,\n  O.SYMBOL SYMBOL,\n  WINDOWSTART BUCKETSTART,\n  EARLIEST_BY_OFFSET(O.OPEN) OPEN,\n  MAX(O.HIGH) HIGH,\n  MIN(O.LOW) LOW,\n  LATEST_BY_OFFSET(O.KSQLTIMEFRAMECLOSE) KSQLTIMEFRAMECLOSE\nFROM BAR_1S_FINAL_S O\nWINDOW TUMBLING ( SIZE 1 MINUTES , GRACE PERIOD 2 SECONDS ) \nGROUP BY O.BROKER, O.SYMBOL\nEMIT CHANGES;","sinks":["BAR_1M_LIVE"],"sinkKafkaTopics":["bar_1m_live"],"id":"CTAS_BAR_1M_LIVE_101","statusCount":{"RUNNING":1},"queryType":"PERSISTENT","state":"RUNNING"},{"queryString":"CREATE TABLE BAR_TBIMP_1S_FINAL WITH (CLEANUP_POLICY='compact,delete', KAFKA_TOPIC='bar_tbimp_1s_final', KEY_FORMAT='AVRO', PARTITIONS=1, REPLICAS=1, RETENTION_MS=604800000, VALUE_FORMAT='AVRO') AS SELECT\n  O.BROKER BROKER,\n  O.SYMBOL SYMBOL,\n  WINDOWSTART BUCKETSTART,\n  EARLIEST_BY_OFFSET(O.BID) OPEN,\n  MAX(O.BID) HIGH,\n  MIN(O.BID) LOW,\n  LATEST_BY_OFFSET(O.BID) CLOSE\nFROM TICKS_TBIMP O\nWINDOW TUMBLING ( SIZE 1 SECONDS ) \nGROUP BY O.BROKER, O.SYMBOL\nEMIT FINAL;","sinks":["BAR_TBIMP_1S_FINAL"],"sinkKafkaTopics":["bar_tbimp_1s_final"],"id":"CTAS_BAR_TBIMP_1S_FINAL_85","statusCount":{"RUNNING":1},"queryType":"PERSISTENT","state":"RUNNING"}],"warnings":[]}]&#xD;
warn: Kafka.Ksql.Linq.KsqlContext[0]&#xD;
      SHOW QUERIES attempt 4 did not contain a matching query for bar_5m_live&#xD;
info: Kafka.Ksql.Linq.KsqlContext[0]&#xD;
      ksql execute: EXECUTE SQL=SHOW QUERIES;&#xD;
info: Kafka.Ksql.Linq.KsqlContext[0]&#xD;
      SHOW QUERIES output (attempt 5): [{"@type":"queries","statementText":"SHOW QUERIES;","queries":[{"queryString":"CREATE TABLE BAR_1S_FINAL WITH (CLEANUP_POLICY='compact,delete', KAFKA_TOPIC='bar_1s_final', KEY_FORMAT='AVRO', PARTITIONS=1, REPLICAS=1, RETENTION_MS=604800000, VALUE_FORMAT='AVRO') AS SELECT\n  O.BROKER BROKER,\n  O.SYMBOL SYMBOL,\n  WINDOWSTART BUCKETSTART,\n  EARLIEST_BY_OFFSET(O.BID) OPEN,\n  MAX(O.BID) HIGH,\n  MIN(O.BID) LOW,\n  LATEST_BY_OFFSET(O.BID) KSQLTIMEFRAMECLOSE\nFROM DEDUPRATES O\nWINDOW TUMBLING ( SIZE 1 SECONDS ) \nGROUP BY O.BROKER, O.SYMBOL\nEMIT FINAL;","sinks":["BAR_1S_FINAL"],"sinkKafkaTopics":["bar_1s_final"],"id":"CTAS_BAR_1S_FINAL_97","statusCount":{"RUNNING":1},"queryType":"PERSISTENT","state":"RUNNING"},{"queryString":"CREATE TABLE BAR_TBIMP_1M_LIVE WITH (CLEANUP_POLICY='compact,delete', KAFKA_TOPIC='bar_tbimp_1m_live', KEY_FORMAT='AVRO', PARTITIONS=1, REPLICAS=1, RETENTION_MS=604800000, VALUE_FORMAT='AVRO') AS SELECT\n  O.BROKER BROKER,\n  O.SYMBOL SYMBOL,\n  WINDOWSTART BUCKETSTART,\n  EARLIEST_BY_OFFSET(O.OPEN) OPEN,\n  MAX(O.HIGH) HIGH,\n  MIN(O.LOW) LOW,\n  LATEST_BY_OFFSET(O.CLOSE) CLOSE\nFROM BAR_TBIMP_1S_FINAL_S O\nWINDOW TUMBLING ( SIZE 1 MINUTES , GRACE PERIOD 2 SECONDS ) \nGROUP BY O.BROKER, O.SYMBOL\nEMIT CHANGES;","sinks":["BAR_TBIMP_1M_LIVE"],"sinkKafkaTopics":["bar_tbimp_1m_live"],"id":"CTAS_BAR_TBIMP_1M_LIVE_89","statusCount":{"RUNNING":1},"queryType":"PERSISTENT","state":"RUNNING"},{"queryString":"CREATE TABLE BAR_5M_LIVE WITH (CLEANUP_POLICY='compact,delete', KAFKA_TOPIC='bar_5m_live', KEY_FORMAT='AVRO', PARTITIONS=1, REPLICAS=1, RETENTION_MS=604800000, VALUE_FORMAT='AVRO') AS SELECT\n  O.BROKER BROKER,\n  O.SYMBOL SYMBOL,\n  WINDOWSTART BUCKETSTART,\n  EARLIEST_BY_OFFSET(O.OPEN) OPEN,\n  MAX(O.HIGH) HIGH,\n  MIN(O.LOW) LOW,\n  LATEST_BY_OFFSET(O.KSQLTIMEFRAMECLOSE) KSQLTIMEFRAMECLOSE\nFROM BAR_1S_FINAL_S O\nWINDOW TUMBLING ( SIZE 5 MINUTES , GRACE PERIOD 3 SECONDS ) \nGROUP BY O.BROKER, O.SYMBOL\nEMIT CHANGES;","sinks":["BAR_5M_LIVE"],"sinkKafkaTopics":["bar_5m_live"],"id":"CTAS_BAR_5M_LIVE_103","statusCount":{"RUNNING":1},"queryType":"PERSISTENT","state":"RUNNING"},{"queryString":"CREATE TABLE BAR_TBIMP_5M_LIVE WITH (CLEANUP_POLICY='compact,delete', KAFKA_TOPIC='bar_tbimp_5m_live', KEY_FORMAT='AVRO', PARTITIONS=1, REPLICAS=1, RETENTION_MS=604800000, VALUE_FORMAT='AVRO') AS SELECT\n  O.BROKER BROKER,\n  O.SYMBOL SYMBOL,\n  WINDOWSTART BUCKETSTART,\n  EARLIEST_BY_OFFSET(O.OPEN) OPEN,\n  MAX(O.HIGH) HIGH,\n  MIN(O.LOW) LOW,\n  LATEST_BY_OFFSET(O.CLOSE) CLOSE\nFROM BAR_TBIMP_1S_FINAL_S O\nWINDOW TUMBLING ( SIZE 5 MINUTES , GRACE PERIOD 3 SECONDS ) \nGROUP BY O.BROKER, O.SYMBOL\nEMIT CHANGES;","sinks":["BAR_TBIMP_5M_LIVE"],"sinkKafkaTopics":["bar_tbimp_5m_live"],"id":"CTAS_BAR_TBIMP_5M_LIVE_91","statusCount":{"RUNNING":1},"queryType":"PERSISTENT","state":"RUNNING"},{"queryString":"CREATE TABLE BAR_1M_LIVE WITH (CLEANUP_POLICY='compact,delete', KAFKA_TOPIC='bar_1m_live', KEY_FORMAT='AVRO', PARTITIONS=1, REPLICAS=1, RETENTION_MS=604800000, VALUE_FORMAT='AVRO') AS SELECT\n  O.BROKER BROKER,\n  O.SYMBOL SYMBOL,\n  WINDOWSTART BUCKETSTART,\n  EARLIEST_BY_OFFSET(O.OPEN) OPEN,\n  MAX(O.HIGH) HIGH,\n  MIN(O.LOW) LOW,\n  LATEST_BY_OFFSET(O.KSQLTIMEFRAMECLOSE) KSQLTIMEFRAMECLOSE\nFROM BAR_1S_FINAL_S O\nWINDOW TUMBLING ( SIZE 1 MINUTES , GRACE PERIOD 2 SECONDS ) \nGROUP BY O.BROKER, O.SYMBOL\nEMIT CHANGES;","sinks":["BAR_1M_LIVE"],"sinkKafkaTopics":["bar_1m_live"],"id":"CTAS_BAR_1M_LIVE_101","statusCount":{"RUNNING":1},"queryType":"PERSISTENT","state":"RUNNING"},{"queryString":"CREATE TABLE BAR_TBIMP_1S_FINAL WITH (CLEANUP_POLICY='compact,delete', KAFKA_TOPIC='bar_tbimp_1s_final', KEY_FORMAT='AVRO', PARTITIONS=1, REPLICAS=1, RETENTION_MS=604800000, VALUE_FORMAT='AVRO') AS SELECT\n  O.BROKER BROKER,\n  O.SYMBOL SYMBOL,\n  WINDOWSTART BUCKETSTART,\n  EARLIEST_BY_OFFSET(O.BID) OPEN,\n  MAX(O.BID) HIGH,\n  MIN(O.BID) LOW,\n  LATEST_BY_OFFSET(O.BID) CLOSE\nFROM TICKS_TBIMP O\nWINDOW TUMBLING ( SIZE 1 SECONDS ) \nGROUP BY O.BROKER, O.SYMBOL\nEMIT FINAL;","sinks":["BAR_TBIMP_1S_FINAL"],"sinkKafkaTopics":["bar_tbimp_1s_final"],"id":"CTAS_BAR_TBIMP_1S_FINAL_85","statusCount":{"RUNNING":1},"queryType":"PERSISTENT","state":"RUNNING"}],"warnings":[]}]&#xD;
warn: Kafka.Ksql.Linq.KsqlContext[0]&#xD;
      SHOW QUERIES attempt 5 did not contain a matching query for bar_5m_live&#xD;
warn: Kafka.Ksql.Linq.KsqlContext[0]&#xD;
      Unable to locate queryId for bar_5m_live after 5 attempts&#xD;
warn: Kafka.Ksql.Linq.KsqlContext[0]&#xD;
      Could not locate queryId via SHOW QUERIES for derived statement targeting bar_5m_live: CREATE TABLE bar_5m_live  WITH (KAFKA_TOPIC='bar_5m_live', KEY_FORMAT='AVRO', VALUE_FORMAT='AVRO') AS&#xD;
      SELECT BROKER AS Broker, SYMBOL AS Symbol, WINDOWSTART AS BucketStart, EARLIEST_BY_OFFSET(o.OPEN) AS Open, MAX(o.HIGH) AS High, MIN(o.LOW) AS Low, LATEST_BY_OFFSET(o.KSQLTIMEFRAMECLOSE) AS KsqlTimeFrameClose&#xD;
      FROM bar_1s_final_s o WINDOW TUMBLING (SIZE 5 MINUTES, GRACE PERIOD 3 SECONDS)&#xD;
      GROUP BY BROKER, SYMBOL&#xD;
      EMIT CHANGES;&#xD;
info: Kafka.Ksql.Linq.KsqlContext[0]&#xD;
      ksql execute: EXECUTE SQL=SHOW QUERIES;&#xD;
info: Kafka.Ksql.Linq.KsqlContext[0]&#xD;
      ksql execute: EXECUTE SQL=SHOW QUERIES;&#xD;
info: Kafka.Ksql.Linq.KsqlContext[0]&#xD;
      ksql execute: EXECUTE SQL=SHOW QUERIES;&#xD;
info: Kafka.Ksql.Linq.KsqlContext[0]&#xD;
      ksql execute: EXECUTE SQL=SHOW QUERIES;&#xD;
info: Kafka.Ksql.Linq.KsqlContext[0]&#xD;
      ksql execute: EXECUTE SQL=SHOW QUERIES;&#xD;
info: Kafka.Ksql.Linq.KsqlContext[0]&#xD;
      ksql execute: EXECUTE SQL=SHOW QUERIES;&#xD;
info: Kafka.Ksql.Linq.KsqlContext[0]&#xD;
      ksql execute: EXECUTE SQL=SHOW QUERIES;&#xD;
info: Kafka.Ksql.Linq.KsqlContext[0]&#xD;
      ksql execute: EXECUTE SQL=SHOW QUERIES;&#xD;
info: Kafka.Ksql.Linq.KsqlContext[0]&#xD;
      ksql execute: EXECUTE SQL=SHOW QUERIES;&#xD;
info: Kafka.Ksql.Linq.KsqlContext[0]&#xD;
      ksql execute: EXECUTE SQL=SHOW QUERIES;&#xD;
info: Kafka.Ksql.Linq.KsqlContext[0]&#xD;
      ksql execute: EXECUTE SQL=SHOW QUERIES;&#xD;
info: Kafka.Ksql.Linq.KsqlContext[0]&#xD;
      ksql execute: EXECUTE SQL=SHOW QUERIES;&#xD;
info: Kafka.Ksql.Linq.KsqlContext[0]&#xD;
      ksql execute: EXECUTE SQL=SHOW QUERIES;&#xD;
info: Kafka.Ksql.Linq.KsqlContext[0]&#xD;
      ksql execute: EXECUTE SQL=SHOW QUERIES;&#xD;
info: Kafka.Ksql.Linq.KsqlContext[0]&#xD;
      ksql execute: EXECUTE SQL=SHOW QUERIES;&#xD;
info: Kafka.Ksql.Linq.KsqlContext[0]&#xD;
      ksql execute: EXECUTE SQL=SHOW QUERIES;&#xD;
info: Kafka.Ksql.Linq.KsqlContext[0]&#xD;
      ksql execute: EXECUTE SQL=SHOW QUERIES;&#xD;
info: Kafka.Ksql.Linq.KsqlContext[0]&#xD;
      ksql execute: EXECUTE SQL=SHOW QUERIES;&#xD;
info: Kafka.Ksql.Linq.KsqlContext[0]&#xD;
      ksql execute: EXECUTE SQL=SHOW QUERIES;&#xD;
info: Kafka.Ksql.Linq.KsqlContext[0]&#xD;
      ksql execute: EXECUTE SQL=SHOW QUERIES;&#xD;
info: Kafka.Ksql.Linq.KsqlContext[0]&#xD;
      ksql execute: EXECUTE SQL=SHOW QUERIES;&#xD;
info: Kafka.Ksql.Linq.KsqlContext[0]&#xD;
      ksql execute: EXECUTE SQL=SHOW QUERIES;&#xD;
info: Kafka.Ksql.Linq.KsqlContext[0]&#xD;
      ksql execute: EXECUTE SQL=SHOW QUERIES;&#xD;
info: Streamiz.Kafka.Net.Processors.StreamThread[0]&#xD;
      Processed 0 total records, ran 0 punctuators and committed 0 total tasks since the last update&#xD;
info: Kafka.Ksql.Linq.KsqlContext[0]&#xD;
      ksql execute: EXECUTE SQL=SHOW QUERIES;&#xD;
info: Kafka.Ksql.Linq.KsqlContext[0]&#xD;
      ksql execute: EXECUTE SQL=SHOW QUERIES;&#xD;
info: Kafka.Ksql.Linq.KsqlContext[0]&#xD;
      ksql execute: EXECUTE SQL=SHOW QUERIES;&#xD;
info: Kafka.Ksql.Linq.KsqlContext[0]&#xD;
      ksql execute: EXECUTE SQL=SHOW QUERIES;&#xD;
info: Kafka.Ksql.Linq.KsqlContext[0]&#xD;
      ksql execute: EXECUTE SQL=SHOW QUERIES;&#xD;
info: Kafka.Ksql.Linq.KsqlContext[0]&#xD;
      ksql execute: EXECUTE SQL=SHOW QUERIES;&#xD;
info: Kafka.Ksql.Linq.KsqlContext[0]&#xD;
      ksql execute: EXECUTE SQL=SHOW QUERIES;&#xD;
info: Kafka.Ksql.Linq.KsqlContext[0]&#xD;
      ksql execute: EXECUTE SQL=SHOW QUERIES;&#xD;
info: Kafka.Ksql.Linq.KsqlContext[0]&#xD;
      ksql execute: EXECUTE SQL=SHOW QUERIES;&#xD;
info: Kafka.Ksql.Linq.KsqlContext[0]&#xD;
      ksql execute: EXECUTE SQL=SHOW QUERIES;&#xD;
info: Kafka.Ksql.Linq.KsqlContext[0]&#xD;
      ksql execute: EXECUTE SQL=SHOW QUERIES;&#xD;
info: Kafka.Ksql.Linq.KsqlContext[0]&#xD;
      ksql execute: EXECUTE SQL=SHOW QUERIES;&#xD;
info: Kafka.Ksql.Linq.KsqlContext[0]&#xD;
      ksql execute: EXECUTE SQL=SHOW QUERIES;&#xD;
info: Kafka.Ksql.Linq.KsqlContext[0]&#xD;
      ksql execute: EXECUTE SQL=SHOW QUERIES;&#xD;
info: Kafka.Ksql.Linq.KsqlContext[0]&#xD;
      ksql execute: EXECUTE SQL=SHOW QUERIES;&#xD;
info: Kafka.Ksql.Linq.KsqlContext[0]&#xD;
      ksql execute: EXECUTE SQL=SHOW QUERIES;&#xD;
info: Kafka.Ksql.Linq.KsqlContext[0]&#xD;
      ksql execute: EXECUTE SQL=SHOW QUERIES;&#xD;
info: Kafka.Ksql.Linq.KsqlContext[0]&#xD;
      ksql execute: EXECUTE SQL=SHOW QUERIES;&#xD;
info: Kafka.Ksql.Linq.KsqlContext[0]&#xD;
      ksql execute: EXECUTE SQL=SHOW QUERIES;&#xD;
info: Kafka.Ksql.Linq.KsqlContext[0]&#xD;
      ksql execute: EXECUTE SQL=SHOW QUERIES;&#xD;
info: Kafka.Ksql.Linq.KsqlContext[0]&#xD;
      ksql execute: EXECUTE SQL=SHOW QUERIES;&#xD;
info: Kafka.Ksql.Linq.KsqlContext[0]&#xD;
      ksql execute: EXECUTE SQL=SHOW QUERIES;&#xD;
info: Kafka.Ksql.Linq.KsqlContext[0]&#xD;
      ksql execute: EXECUTE SQL=SHOW QUERIES;&#xD;
info: Kafka.Ksql.Linq.KsqlContext[0]&#xD;
      ksql execute: EXECUTE SQL=SHOW QUERIES;&#xD;
info: Kafka.Ksql.Linq.KsqlContext[0]&#xD;
      ksql execute: EXECUTE SQL=SHOW QUERIES;&#xD;
info: Kafka.Ksql.Linq.KsqlContext[0]&#xD;
      ksql execute: EXECUTE SQL=SHOW QUERIES;&#xD;
info: Kafka.Ksql.Linq.KsqlContext[0]&#xD;
      ksql execute: EXECUTE SQL=SHOW QUERIES;&#xD;
info: Kafka.Ksql.Linq.KsqlContext[0]&#xD;
      ksql execute: EXECUTE SQL=SHOW QUERIES;&#xD;
info: Kafka.Ksql.Linq.KsqlContext[0]&#xD;
      ksql execute: EXECUTE SQL=SHOW QUERIES;&#xD;
info: Kafka.Ksql.Linq.KsqlContext[0]&#xD;
      ksql execute: EXECUTE SQL=SHOW QUERIES;&#xD;
info: Streamiz.Kafka.Net.Processors.StreamThread[0]&#xD;
      Processed 0 total records, ran 0 punctuators and committed 0 total tasks since the last update&#xD;
info: Kafka.Ksql.Linq.KsqlContext[0]&#xD;
      ksql execute: EXECUTE SQL=SHOW QUERIES;&#xD;
info: Kafka.Ksql.Linq.KsqlContext[0]&#xD;
      ksql execute: EXECUTE SQL=SHOW QUERIES;&#xD;
info: Kafka.Ksql.Linq.KsqlContext[0]&#xD;
      ksql execute: EXECUTE SQL=SHOW QUERIES;&#xD;
info: Kafka.Ksql.Linq.KsqlContext[0]&#xD;
      ksql execute: EXECUTE SQL=SHOW QUERIES;&#xD;
info: Kafka.Ksql.Linq.KsqlContext[0]&#xD;
      ksql execute: EXECUTE SQL=SHOW QUERIES;&#xD;
info: Kafka.Ksql.Linq.KsqlContext[0]&#xD;
      ksql execute: EXECUTE SQL=SHOW QUERIES;&#xD;
info: Kafka.Ksql.Linq.KsqlContext[0]&#xD;
      ksql execute: EXECUTE SQL=SHOW QUERIES;&#xD;
info: Kafka.Ksql.Linq.KsqlContext[0]&#xD;
      ksql execute: EXECUTE SQL=SHOW QUERIES;&#xD;
info: Kafka.Ksql.Linq.KsqlContext[0]&#xD;
      ksql execute: EXECUTE SQL=SHOW QUERIES;&#xD;
info: Kafka.Ksql.Linq.KsqlContext[0]&#xD;
      ksql execute: EXECUTE SQL=SHOW QUERIES;&#xD;
info: Kafka.Ksql.Linq.KsqlContext[0]&#xD;
      ksql execute: EXECUTE SQL=SHOW QUERIES;&#xD;
info: Kafka.Ksql.Linq.KsqlContext[0]&#xD;
      ksql execute: EXECUTE SQL=SHOW QUERIES;&#xD;
info: Kafka.Ksql.Linq.KsqlContext[0]&#xD;
      ksql execute: EXECUTE SQL=SHOW QUERIES;&#xD;
info: Kafka.Ksql.Linq.KsqlContext[0]&#xD;
      ksql execute: EXECUTE SQL=SHOW QUERIES;&#xD;
info: Kafka.Ksql.Linq.KsqlContext[0]&#xD;
      ksql execute: EXECUTE SQL=SHOW QUERIES;&#xD;
info: Kafka.Ksql.Linq.KsqlContext[0]&#xD;
      ksql execute: EXECUTE SQL=SHOW QUERIES;&#xD;
info: Kafka.Ksql.Linq.KsqlContext[0]&#xD;
      ksql execute: EXECUTE SQL=SHOW QUERIES;&#xD;
info: Kafka.Ksql.Linq.KsqlContext[0]&#xD;
      ksql execute: EXECUTE SQL=SHOW QUERIES;&#xD;
info: Kafka.Ksql.Linq.KsqlContext[0]&#xD;
      ksql execute: EXECUTE SQL=SHOW QUERIES;&#xD;
info: Kafka.Ksql.Linq.KsqlContext[0]&#xD;
      ksql execute: EXECUTE SQL=SHOW QUERIES;&#xD;
info: Kafka.Ksql.Linq.KsqlContext[0]&#xD;
      ksql execute: EXECUTE SQL=SHOW QUERIES;&#xD;
info: Kafka.Ksql.Linq.KsqlContext[0]&#xD;
      ksql execute: EXECUTE SQL=SHOW QUERIES;&#xD;
info: Kafka.Ksql.Linq.KsqlContext[0]&#xD;
      ksql execute: EXECUTE SQL=SHOW QUERIES;&#xD;
info: Kafka.Ksql.Linq.KsqlContext[0]&#xD;
      ksql execute: EXECUTE SQL=SHOW QUERIES;&#xD;
info: Kafka.Ksql.Linq.KsqlContext[0]&#xD;
      ksql execute: EXECUTE SQL=SHOW QUERIES;&#xD;
info: Kafka.Ksql.Linq.KsqlContext[0]&#xD;
      ksql execute: EXECUTE SQL=SHOW QUERIES;&#xD;
info: Kafka.Ksql.Linq.KsqlContext[0]&#xD;
      ksql execute: EXECUTE SQL=SHOW QUERIES;&#xD;
info: Kafka.Ksql.Linq.KsqlContext[0]&#xD;
      ksql execute: EXECUTE SQL=SHOW QUERIES;&#xD;
info: Kafka.Ksql.Linq.KsqlContext[0]&#xD;
      ksql execute: EXECUTE SQL=SHOW QUERIES;&#xD;
info: Kafka.Ksql.Linq.KsqlContext[0]&#xD;
      ksql execute: EXECUTE SQL=SHOW QUERIES;&#xD;
info: Streamiz.Kafka.Net.Processors.StreamThread[0]&#xD;
      Processed 0 total records, ran 0 punctuators and committed 0 total tasks since the last update&#xD;
info: Kafka.Ksql.Linq.KsqlContext[0]&#xD;
      ksql execute: EXECUTE SQL=SHOW QUERIES;&#xD;
info: Kafka.Ksql.Linq.KsqlContext[0]&#xD;
      ksql execute: EXECUTE SQL=SHOW QUERIES;&#xD;
info: Kafka.Ksql.Linq.KsqlContext[0]&#xD;
      ksql execute: EXECUTE SQL=SHOW QUERIES;&#xD;
info: Kafka.Ksql.Linq.KsqlContext[0]&#xD;
      ksql execute: EXECUTE SQL=SHOW QUERIES;&#xD;
info: Kafka.Ksql.Linq.KsqlContext[0]&#xD;
      ksql execute: EXECUTE SQL=SHOW QUERIES;&#xD;
info: Kafka.Ksql.Linq.KsqlContext[0]&#xD;
      ksql execute: EXECUTE SQL=SHOW QUERIES;&#xD;
info: Kafka.Ksql.Linq.KsqlContext[0]&#xD;
      ksql execute: EXECUTE SQL=SHOW QUERIES;&#xD;
warn: Kafka.Ksql.Linq.KsqlContext[0]&#xD;
      Derived query stabilization failed for Bar (attempt 2/3)&#xD;
      System.TimeoutException: CTAS/CSAS query for bar_1s_final_s did not reach RUNNING within 180s&#xD;
         at Kafka.Ksql.Linq.KsqlContext.WaitForQueryRunningAsync(String targetEntityName, TimeSpan timeout)&#xD;
         at Kafka.Ksql.Linq.KsqlContext.WaitForDerivedQueriesRunningAsync(TimeSpan timeout)&#xD;
         at Kafka.Ksql.Linq.KsqlContext.&lt;&gt;c__DisplayClass95_0.&lt;&lt;EnsureQueryEntityDdlAsync&gt;g__EnsureDerivedQueryEntityDdlAsync|0&gt;d.MoveNext()&#xD;
info: Kafka.Ksql.Linq.KsqlContext[0]&#xD;
      KSQL DDL (derived bar_1s_final): CREATE TABLE bar_1s_final  WITH (KAFKA_TOPIC='bar_1s_final', KEY_FORMAT='AVRO', VALUE_FORMAT='AVRO') AS&#xD;
      SELECT BROKER AS Broker, SYMBOL AS Symbol, WINDOWSTART AS BucketStart, EARLIEST_BY_OFFSET(Bid) AS Open, MAX(Bid) AS High, MIN(Bid) AS Low, LATEST_BY_OFFSET(Bid) AS KsqlTimeFrameClose&#xD;
      FROM DEDUPRATES o WINDOW TUMBLING (SIZE 1 SECONDS)&#xD;
      GROUP BY BROKER, SYMBOL&#xD;
      EMIT FINAL;&#xD;
info: Kafka.Ksql.Linq.KsqlContext[0]&#xD;
      ksql execute: EXECUTE SQL=CREATE TABLE bar_1s_final  WITH (KAFKA_TOPIC='bar_1s_final', KEY_FORMAT='AVRO', VALUE_FORMAT='AVRO') AS  SELECT BROKER A...&#xD;
info: Kafka.Ksql.Linq.KsqlContext[0]&#xD;
      KSQL DDL (derived bar_1s_final_s): CREATE STREAM bar_1s_final_s (BROKER VARCHAR KEY, SYMBOL VARCHAR KEY, BUCKETSTART TIMESTAMP KEY, OPEN DOUBLE, HIGH DOUBLE, LOW DOUBLE, KSQLTIMEFRAMECLOSE DOUBLE) WITH (KAFKA_TOPIC='bar_1s_final', KEY_FORMAT='AVRO', VALUE_FORMAT='AVRO', VALUE_AVRO_SCHEMA_FULL_NAME='bar_ksql.bar_1s_final_s_valueAvro', PARTITIONS=1, REPLICAS=1, RETENTION_MS=604800000);&#xD;
info: Kafka.Ksql.Linq.KsqlContext[0]&#xD;
      ksql execute: EXECUTE SQL=CREATE STREAM bar_1s_final_s (BROKER VARCHAR KEY, SYMBOL VARCHAR KEY, BUCKETSTART TIMESTAMP KEY, OPEN DOUBLE, HIGH DOUBL...&#xD;
info: Kafka.Ksql.Linq.KsqlContext[0]&#xD;
      KSQL DDL (derived bar_1m_live): CREATE TABLE bar_1m_live  WITH (KAFKA_TOPIC='bar_1m_live', KEY_FORMAT='AVRO', VALUE_FORMAT='AVRO') AS&#xD;
      SELECT BROKER AS Broker, SYMBOL AS Symbol, WINDOWSTART AS BucketStart, EARLIEST_BY_OFFSET(o.OPEN) AS Open, MAX(o.HIGH) AS High, MIN(o.LOW) AS Low, LATEST_BY_OFFSET(o.KSQLTIMEFRAMECLOSE) AS KsqlTimeFrameClose&#xD;
      FROM bar_1s_final_s o WINDOW TUMBLING (SIZE 1 MINUTES, GRACE PERIOD 2 SECONDS)&#xD;
      GROUP BY BROKER, SYMBOL&#xD;
      EMIT CHANGES;&#xD;
info: Kafka.Ksql.Linq.KsqlContext[0]&#xD;
      ksql execute: EXECUTE SQL=CREATE TABLE bar_1m_live  WITH (KAFKA_TOPIC='bar_1m_live', KEY_FORMAT='AVRO', VALUE_FORMAT='AVRO') AS  SELECT BROKER AS ...&#xD;
info: Kafka.Ksql.Linq.KsqlContext[0]&#xD;
      KSQL DDL (derived bar_5m_live): CREATE TABLE bar_5m_live  WITH (KAFKA_TOPIC='bar_5m_live', KEY_FORMAT='AVRO', VALUE_FORMAT='AVRO') AS&#xD;
      SELECT BROKER AS Broker, SYMBOL AS Symbol, WINDOWSTART AS BucketStart, EARLIEST_BY_OFFSET(o.OPEN) AS Open, MAX(o.HIGH) AS High, MIN(o.LOW) AS Low, LATEST_BY_OFFSET(o.KSQLTIMEFRAMECLOSE) AS KsqlTimeFrameClose&#xD;
      FROM bar_1s_final_s o WINDOW TUMBLING (SIZE 5 MINUTES, GRACE PERIOD 3 SECONDS)&#xD;
      GROUP BY BROKER, SYMBOL&#xD;
      EMIT CHANGES;&#xD;
info: Kafka.Ksql.Linq.KsqlContext[0]&#xD;
      ksql execute: EXECUTE SQL=CREATE TABLE bar_5m_live  WITH (KAFKA_TOPIC='bar_5m_live', KEY_FORMAT='AVRO', VALUE_FORMAT='AVRO') AS  SELECT BROKER AS ...&#xD;
info: Kafka.Ksql.Linq.KsqlContext[0]&#xD;
      ksql execute: EXECUTE SQL=SHOW QUERIES;&#xD;
info: Kafka.Ksql.Linq.KsqlContext[0]&#xD;
      SHOW QUERIES output (attempt 1): [{"@type":"queries","statementText":"SHOW QUERIES;","queries":[{"queryString":"CREATE TABLE BAR_1S_FINAL WITH (CLEANUP_POLICY='compact,delete', KAFKA_TOPIC='bar_1s_final', KEY_FORMAT='AVRO', PARTITIONS=1, REPLICAS=1, RETENTION_MS=604800000, VALUE_FORMAT='AVRO') AS SELECT\n  O.BROKER BROKER,\n  O.SYMBOL SYMBOL,\n  WINDOWSTART BUCKETSTART,\n  EARLIEST_BY_OFFSET(O.BID) OPEN,\n  MAX(O.BID) HIGH,\n  MIN(O.BID) LOW,\n  LATEST_BY_OFFSET(O.BID) KSQLTIMEFRAMECLOSE\nFROM DEDUPRATES O\nWINDOW TUMBLING ( SIZE 1 SECONDS ) \nGROUP BY O.BROKER, O.SYMBOL\nEMIT FINAL;","sinks":["BAR_1S_FINAL"],"sinkKafkaTopics":["bar_1s_final"],"id":"CTAS_BAR_1S_FINAL_97","statusCount":{"RUNNING":1},"queryType":"PERSISTENT","state":"RUNNING"},{"queryString":"CREATE TABLE BAR_TBIMP_1M_LIVE WITH (CLEANUP_POLICY='compact,delete', KAFKA_TOPIC='bar_tbimp_1m_live', KEY_FORMAT='AVRO', PARTITIONS=1, REPLICAS=1, RETENTION_MS=604800000, VALUE_FORMAT='AVRO') AS SELECT\n  O.BROKER BROKER,\n  O.SYMBOL SYMBOL,\n  WINDOWSTART BUCKETSTART,\n  EARLIEST_BY_OFFSET(O.OPEN) OPEN,\n  MAX(O.HIGH) HIGH,\n  MIN(O.LOW) LOW,\n  LATEST_BY_OFFSET(O.CLOSE) CLOSE\nFROM BAR_TBIMP_1S_FINAL_S O\nWINDOW TUMBLING ( SIZE 1 MINUTES , GRACE PERIOD 2 SECONDS ) \nGROUP BY O.BROKER, O.SYMBOL\nEMIT CHANGES;","sinks":["BAR_TBIMP_1M_LIVE"],"sinkKafkaTopics":["bar_tbimp_1m_live"],"id":"CTAS_BAR_TBIMP_1M_LIVE_89","statusCount":{"RUNNING":1},"queryType":"PERSISTENT","state":"RUNNING"},{"queryString":"CREATE TABLE BAR_5M_LIVE WITH (CLEANUP_POLICY='compact,delete', KAFKA_TOPIC='bar_5m_live', KEY_FORMAT='AVRO', PARTITIONS=1, REPLICAS=1, RETENTION_MS=604800000, VALUE_FORMAT='AVRO') AS SELECT\n  O.BROKER BROKER,\n  O.SYMBOL SYMBOL,\n  WINDOWSTART BUCKETSTART,\n  EARLIEST_BY_OFFSET(O.OPEN) OPEN,\n  MAX(O.HIGH) HIGH,\n  MIN(O.LOW) LOW,\n  LATEST_BY_OFFSET(O.KSQLTIMEFRAMECLOSE) KSQLTIMEFRAMECLOSE\nFROM BAR_1S_FINAL_S O\nWINDOW TUMBLING ( SIZE 5 MINUTES , GRACE PERIOD 3 SECONDS ) \nGROUP BY O.BROKER, O.SYMBOL\nEMIT CHANGES;","sinks":["BAR_5M_LIVE"],"sinkKafkaTopics":["bar_5m_live"],"id":"CTAS_BAR_5M_LIVE_103","statusCount":{"RUNNING":1},"queryType":"PERSISTENT","state":"RUNNING"},{"queryString":"CREATE TABLE BAR_TBIMP_5M_LIVE WITH (CLEANUP_POLICY='compact,delete', KAFKA_TOPIC='bar_tbimp_5m_live', KEY_FORMAT='AVRO', PARTITIONS=1, REPLICAS=1, RETENTION_MS=604800000, VALUE_FORMAT='AVRO') AS SELECT\n  O.BROKER BROKER,\n  O.SYMBOL SYMBOL,\n  WINDOWSTART BUCKETSTART,\n  EARLIEST_BY_OFFSET(O.OPEN) OPEN,\n  MAX(O.HIGH) HIGH,\n  MIN(O.LOW) LOW,\n  LATEST_BY_OFFSET(O.CLOSE) CLOSE\nFROM BAR_TBIMP_1S_FINAL_S O\nWINDOW TUMBLING ( SIZE 5 MINUTES , GRACE PERIOD 3 SECONDS ) \nGROUP BY O.BROKER, O.SYMBOL\nEMIT CHANGES;","sinks":["BAR_TBIMP_5M_LIVE"],"sinkKafkaTopics":["bar_tbimp_5m_live"],"id":"CTAS_BAR_TBIMP_5M_LIVE_91","statusCount":{"RUNNING":1},"queryType":"PERSISTENT","state":"RUNNING"},{"queryString":"CREATE TABLE BAR_1M_LIVE WITH (CLEANUP_POLICY='compact,delete', KAFKA_TOPIC='bar_1m_live', KEY_FORMAT='AVRO', PARTITIONS=1, REPLICAS=1, RETENTION_MS=604800000, VALUE_FORMAT='AVRO') AS SELECT\n  O.BROKER BROKER,\n  O.SYMBOL SYMBOL,\n  WINDOWSTART BUCKETSTART,\n  EARLIEST_BY_OFFSET(O.OPEN) OPEN,\n  MAX(O.HIGH) HIGH,\n  MIN(O.LOW) LOW,\n  LATEST_BY_OFFSET(O.KSQLTIMEFRAMECLOSE) KSQLTIMEFRAMECLOSE\nFROM BAR_1S_FINAL_S O\nWINDOW TUMBLING ( SIZE 1 MINUTES , GRACE PERIOD 2 SECONDS ) \nGROUP BY O.BROKER, O.SYMBOL\nEMIT CHANGES;","sinks":["BAR_1M_LIVE"],"sinkKafkaTopics":["bar_1m_live"],"id":"CTAS_BAR_1M_LIVE_101","statusCount":{"RUNNING":1},"queryType":"PERSISTENT","state":"RUNNING"},{"queryString":"CREATE TABLE BAR_TBIMP_1S_FINAL WITH (CLEANUP_POLICY='compact,delete', KAFKA_TOPIC='bar_tbimp_1s_final', KEY_FORMAT='AVRO', PARTITIONS=1, REPLICAS=1, RETENTION_MS=604800000, VALUE_FORMAT='AVRO') AS SELECT\n  O.BROKER BROKER,\n  O.SYMBOL SYMBOL,\n  WINDOWSTART BUCKETSTART,\n  EARLIEST_BY_OFFSET(O.BID) OPEN,\n  MAX(O.BID) HIGH,\n  MIN(O.BID) LOW,\n  LATEST_BY_OFFSET(O.BID) CLOSE\nFROM TICKS_TBIMP O\nWINDOW TUMBLING ( SIZE 1 SECONDS ) \nGROUP BY O.BROKER, O.SYMBOL\nEMIT FINAL;","sinks":["BAR_TBIMP_1S_FINAL"],"sinkKafkaTopics":["bar_tbimp_1s_final"],"id":"CTAS_BAR_TBIMP_1S_FINAL_85","statusCount":{"RUNNING":1},"queryType":"PERSISTENT","state":"RUNNING"}],"warnings":[]}]&#xD;
warn: Kafka.Ksql.Linq.KsqlContext[0]&#xD;
      SHOW QUERIES attempt 1 did not contain a matching query for bar_1s_final&#xD;
info: Kafka.Ksql.Linq.KsqlContext[0]&#xD;
      ksql execute: EXECUTE SQL=SHOW QUERIES;&#xD;
info: Kafka.Ksql.Linq.KsqlContext[0]&#xD;
      SHOW QUERIES output (attempt 2): [{"@type":"queries","statementText":"SHOW QUERIES;","queries":[{"queryString":"CREATE TABLE BAR_1S_FINAL WITH (CLEANUP_POLICY='compact,delete', KAFKA_TOPIC='bar_1s_final', KEY_FORMAT='AVRO', PARTITIONS=1, REPLICAS=1, RETENTION_MS=604800000, VALUE_FORMAT='AVRO') AS SELECT\n  O.BROKER BROKER,\n  O.SYMBOL SYMBOL,\n  WINDOWSTART BUCKETSTART,\n  EARLIEST_BY_OFFSET(O.BID) OPEN,\n  MAX(O.BID) HIGH,\n  MIN(O.BID) LOW,\n  LATEST_BY_OFFSET(O.BID) KSQLTIMEFRAMECLOSE\nFROM DEDUPRATES O\nWINDOW TUMBLING ( SIZE 1 SECONDS ) \nGROUP BY O.BROKER, O.SYMBOL\nEMIT FINAL;","sinks":["BAR_1S_FINAL"],"sinkKafkaTopics":["bar_1s_final"],"id":"CTAS_BAR_1S_FINAL_97","statusCount":{"RUNNING":1},"queryType":"PERSISTENT","state":"RUNNING"},{"queryString":"CREATE TABLE BAR_TBIMP_1M_LIVE WITH (CLEANUP_POLICY='compact,delete', KAFKA_TOPIC='bar_tbimp_1m_live', KEY_FORMAT='AVRO', PARTITIONS=1, REPLICAS=1, RETENTION_MS=604800000, VALUE_FORMAT='AVRO') AS SELECT\n  O.BROKER BROKER,\n  O.SYMBOL SYMBOL,\n  WINDOWSTART BUCKETSTART,\n  EARLIEST_BY_OFFSET(O.OPEN) OPEN,\n  MAX(O.HIGH) HIGH,\n  MIN(O.LOW) LOW,\n  LATEST_BY_OFFSET(O.CLOSE) CLOSE\nFROM BAR_TBIMP_1S_FINAL_S O\nWINDOW TUMBLING ( SIZE 1 MINUTES , GRACE PERIOD 2 SECONDS ) \nGROUP BY O.BROKER, O.SYMBOL\nEMIT CHANGES;","sinks":["BAR_TBIMP_1M_LIVE"],"sinkKafkaTopics":["bar_tbimp_1m_live"],"id":"CTAS_BAR_TBIMP_1M_LIVE_89","statusCount":{"RUNNING":1},"queryType":"PERSISTENT","state":"RUNNING"},{"queryString":"CREATE TABLE BAR_5M_LIVE WITH (CLEANUP_POLICY='compact,delete', KAFKA_TOPIC='bar_5m_live', KEY_FORMAT='AVRO', PARTITIONS=1, REPLICAS=1, RETENTION_MS=604800000, VALUE_FORMAT='AVRO') AS SELECT\n  O.BROKER BROKER,\n  O.SYMBOL SYMBOL,\n  WINDOWSTART BUCKETSTART,\n  EARLIEST_BY_OFFSET(O.OPEN) OPEN,\n  MAX(O.HIGH) HIGH,\n  MIN(O.LOW) LOW,\n  LATEST_BY_OFFSET(O.KSQLTIMEFRAMECLOSE) KSQLTIMEFRAMECLOSE\nFROM BAR_1S_FINAL_S O\nWINDOW TUMBLING ( SIZE 5 MINUTES , GRACE PERIOD 3 SECONDS ) \nGROUP BY O.BROKER, O.SYMBOL\nEMIT CHANGES;","sinks":["BAR_5M_LIVE"],"sinkKafkaTopics":["bar_5m_live"],"id":"CTAS_BAR_5M_LIVE_103","statusCount":{"RUNNING":1},"queryType":"PERSISTENT","state":"RUNNING"},{"queryString":"CREATE TABLE BAR_TBIMP_5M_LIVE WITH (CLEANUP_POLICY='compact,delete', KAFKA_TOPIC='bar_tbimp_5m_live', KEY_FORMAT='AVRO', PARTITIONS=1, REPLICAS=1, RETENTION_MS=604800000, VALUE_FORMAT='AVRO') AS SELECT\n  O.BROKER BROKER,\n  O.SYMBOL SYMBOL,\n  WINDOWSTART BUCKETSTART,\n  EARLIEST_BY_OFFSET(O.OPEN) OPEN,\n  MAX(O.HIGH) HIGH,\n  MIN(O.LOW) LOW,\n  LATEST_BY_OFFSET(O.CLOSE) CLOSE\nFROM BAR_TBIMP_1S_FINAL_S O\nWINDOW TUMBLING ( SIZE 5 MINUTES , GRACE PERIOD 3 SECONDS ) \nGROUP BY O.BROKER, O.SYMBOL\nEMIT CHANGES;","sinks":["BAR_TBIMP_5M_LIVE"],"sinkKafkaTopics":["bar_tbimp_5m_live"],"id":"CTAS_BAR_TBIMP_5M_LIVE_91","statusCount":{"RUNNING":1},"queryType":"PERSISTENT","state":"RUNNING"},{"queryString":"CREATE TABLE BAR_1M_LIVE WITH (CLEANUP_POLICY='compact,delete', KAFKA_TOPIC='bar_1m_live', KEY_FORMAT='AVRO', PARTITIONS=1, REPLICAS=1, RETENTION_MS=604800000, VALUE_FORMAT='AVRO') AS SELECT\n  O.BROKER BROKER,\n  O.SYMBOL SYMBOL,\n  WINDOWSTART BUCKETSTART,\n  EARLIEST_BY_OFFSET(O.OPEN) OPEN,\n  MAX(O.HIGH) HIGH,\n  MIN(O.LOW) LOW,\n  LATEST_BY_OFFSET(O.KSQLTIMEFRAMECLOSE) KSQLTIMEFRAMECLOSE\nFROM BAR_1S_FINAL_S O\nWINDOW TUMBLING ( SIZE 1 MINUTES , GRACE PERIOD 2 SECONDS ) \nGROUP BY O.BROKER, O.SYMBOL\nEMIT CHANGES;","sinks":["BAR_1M_LIVE"],"sinkKafkaTopics":["bar_1m_live"],"id":"CTAS_BAR_1M_LIVE_101","statusCount":{"RUNNING":1},"queryType":"PERSISTENT","state":"RUNNING"},{"queryString":"CREATE TABLE BAR_TBIMP_1S_FINAL WITH (CLEANUP_POLICY='compact,delete', KAFKA_TOPIC='bar_tbimp_1s_final', KEY_FORMAT='AVRO', PARTITIONS=1, REPLICAS=1, RETENTION_MS=604800000, VALUE_FORMAT='AVRO') AS SELECT\n  O.BROKER BROKER,\n  O.SYMBOL SYMBOL,\n  WINDOWSTART BUCKETSTART,\n  EARLIEST_BY_OFFSET(O.BID) OPEN,\n  MAX(O.BID) HIGH,\n  MIN(O.BID) LOW,\n  LATEST_BY_OFFSET(O.BID) CLOSE\nFROM TICKS_TBIMP O\nWINDOW TUMBLING ( SIZE 1 SECONDS ) \nGROUP BY O.BROKER, O.SYMBOL\nEMIT FINAL;","sinks":["BAR_TBIMP_1S_FINAL"],"sinkKafkaTopics":["bar_tbimp_1s_final"],"id":"CTAS_BAR_TBIMP_1S_FINAL_85","statusCount":{"RUNNING":1},"queryType":"PERSISTENT","state":"RUNNING"}],"warnings":[]}]&#xD;
warn: Kafka.Ksql.Linq.KsqlContext[0]&#xD;
      SHOW QUERIES attempt 2 did not contain a matching query for bar_1s_final&#xD;
info: Kafka.Ksql.Linq.KsqlContext[0]&#xD;
      ksql execute: EXECUTE SQL=SHOW QUERIES;&#xD;
info: Kafka.Ksql.Linq.KsqlContext[0]&#xD;
      SHOW QUERIES output (attempt 3): [{"@type":"queries","statementText":"SHOW QUERIES;","queries":[{"queryString":"CREATE TABLE BAR_1S_FINAL WITH (CLEANUP_POLICY='compact,delete', KAFKA_TOPIC='bar_1s_final', KEY_FORMAT='AVRO', PARTITIONS=1, REPLICAS=1, RETENTION_MS=604800000, VALUE_FORMAT='AVRO') AS SELECT\n  O.BROKER BROKER,\n  O.SYMBOL SYMBOL,\n  WINDOWSTART BUCKETSTART,\n  EARLIEST_BY_OFFSET(O.BID) OPEN,\n  MAX(O.BID) HIGH,\n  MIN(O.BID) LOW,\n  LATEST_BY_OFFSET(O.BID) KSQLTIMEFRAMECLOSE\nFROM DEDUPRATES O\nWINDOW TUMBLING ( SIZE 1 SECONDS ) \nGROUP BY O.BROKER, O.SYMBOL\nEMIT FINAL;","sinks":["BAR_1S_FINAL"],"sinkKafkaTopics":["bar_1s_final"],"id":"CTAS_BAR_1S_FINAL_97","statusCount":{"RUNNING":1},"queryType":"PERSISTENT","state":"RUNNING"},{"queryString":"CREATE TABLE BAR_TBIMP_1M_LIVE WITH (CLEANUP_POLICY='compact,delete', KAFKA_TOPIC='bar_tbimp_1m_live', KEY_FORMAT='AVRO', PARTITIONS=1, REPLICAS=1, RETENTION_MS=604800000, VALUE_FORMAT='AVRO') AS SELECT\n  O.BROKER BROKER,\n  O.SYMBOL SYMBOL,\n  WINDOWSTART BUCKETSTART,\n  EARLIEST_BY_OFFSET(O.OPEN) OPEN,\n  MAX(O.HIGH) HIGH,\n  MIN(O.LOW) LOW,\n  LATEST_BY_OFFSET(O.CLOSE) CLOSE\nFROM BAR_TBIMP_1S_FINAL_S O\nWINDOW TUMBLING ( SIZE 1 MINUTES , GRACE PERIOD 2 SECONDS ) \nGROUP BY O.BROKER, O.SYMBOL\nEMIT CHANGES;","sinks":["BAR_TBIMP_1M_LIVE"],"sinkKafkaTopics":["bar_tbimp_1m_live"],"id":"CTAS_BAR_TBIMP_1M_LIVE_89","statusCount":{"RUNNING":1},"queryType":"PERSISTENT","state":"RUNNING"},{"queryString":"CREATE TABLE BAR_5M_LIVE WITH (CLEANUP_POLICY='compact,delete', KAFKA_TOPIC='bar_5m_live', KEY_FORMAT='AVRO', PARTITIONS=1, REPLICAS=1, RETENTION_MS=604800000, VALUE_FORMAT='AVRO') AS SELECT\n  O.BROKER BROKER,\n  O.SYMBOL SYMBOL,\n  WINDOWSTART BUCKETSTART,\n  EARLIEST_BY_OFFSET(O.OPEN) OPEN,\n  MAX(O.HIGH) HIGH,\n  MIN(O.LOW) LOW,\n  LATEST_BY_OFFSET(O.KSQLTIMEFRAMECLOSE) KSQLTIMEFRAMECLOSE\nFROM BAR_1S_FINAL_S O\nWINDOW TUMBLING ( SIZE 5 MINUTES , GRACE PERIOD 3 SECONDS ) \nGROUP BY O.BROKER, O.SYMBOL\nEMIT CHANGES;","sinks":["BAR_5M_LIVE"],"sinkKafkaTopics":["bar_5m_live"],"id":"CTAS_BAR_5M_LIVE_103","statusCount":{"RUNNING":1},"queryType":"PERSISTENT","state":"RUNNING"},{"queryString":"CREATE TABLE BAR_TBIMP_5M_LIVE WITH (CLEANUP_POLICY='compact,delete', KAFKA_TOPIC='bar_tbimp_5m_live', KEY_FORMAT='AVRO', PARTITIONS=1, REPLICAS=1, RETENTION_MS=604800000, VALUE_FORMAT='AVRO') AS SELECT\n  O.BROKER BROKER,\n  O.SYMBOL SYMBOL,\n  WINDOWSTART BUCKETSTART,\n  EARLIEST_BY_OFFSET(O.OPEN) OPEN,\n  MAX(O.HIGH) HIGH,\n  MIN(O.LOW) LOW,\n  LATEST_BY_OFFSET(O.CLOSE) CLOSE\nFROM BAR_TBIMP_1S_FINAL_S O\nWINDOW TUMBLING ( SIZE 5 MINUTES , GRACE PERIOD 3 SECONDS ) \nGROUP BY O.BROKER, O.SYMBOL\nEMIT CHANGES;","sinks":["BAR_TBIMP_5M_LIVE"],"sinkKafkaTopics":["bar_tbimp_5m_live"],"id":"CTAS_BAR_TBIMP_5M_LIVE_91","statusCount":{"RUNNING":1},"queryType":"PERSISTENT","state":"RUNNING"},{"queryString":"CREATE TABLE BAR_1M_LIVE WITH (CLEANUP_POLICY='compact,delete', KAFKA_TOPIC='bar_1m_live', KEY_FORMAT='AVRO', PARTITIONS=1, REPLICAS=1, RETENTION_MS=604800000, VALUE_FORMAT='AVRO') AS SELECT\n  O.BROKER BROKER,\n  O.SYMBOL SYMBOL,\n  WINDOWSTART BUCKETSTART,\n  EARLIEST_BY_OFFSET(O.OPEN) OPEN,\n  MAX(O.HIGH) HIGH,\n  MIN(O.LOW) LOW,\n  LATEST_BY_OFFSET(O.KSQLTIMEFRAMECLOSE) KSQLTIMEFRAMECLOSE\nFROM BAR_1S_FINAL_S O\nWINDOW TUMBLING ( SIZE 1 MINUTES , GRACE PERIOD 2 SECONDS ) \nGROUP BY O.BROKER, O.SYMBOL\nEMIT CHANGES;","sinks":["BAR_1M_LIVE"],"sinkKafkaTopics":["bar_1m_live"],"id":"CTAS_BAR_1M_LIVE_101","statusCount":{"RUNNING":1},"queryType":"PERSISTENT","state":"RUNNING"},{"queryString":"CREATE TABLE BAR_TBIMP_1S_FINAL WITH (CLEANUP_POLICY='compact,delete', KAFKA_TOPIC='bar_tbimp_1s_final', KEY_FORMAT='AVRO', PARTITIONS=1, REPLICAS=1, RETENTION_MS=604800000, VALUE_FORMAT='AVRO') AS SELECT\n  O.BROKER BROKER,\n  O.SYMBOL SYMBOL,\n  WINDOWSTART BUCKETSTART,\n  EARLIEST_BY_OFFSET(O.BID) OPEN,\n  MAX(O.BID) HIGH,\n  MIN(O.BID) LOW,\n  LATEST_BY_OFFSET(O.BID) CLOSE\nFROM TICKS_TBIMP O\nWINDOW TUMBLING ( SIZE 1 SECONDS ) \nGROUP BY O.BROKER, O.SYMBOL\nEMIT FINAL;","sinks":["BAR_TBIMP_1S_FINAL"],"sinkKafkaTopics":["bar_tbimp_1s_final"],"id":"CTAS_BAR_TBIMP_1S_FINAL_85","statusCount":{"RUNNING":1},"queryType":"PERSISTENT","state":"RUNNING"}],"warnings":[]}]&#xD;
warn: Kafka.Ksql.Linq.KsqlContext[0]&#xD;
      SHOW QUERIES attempt 3 did not contain a matching query for bar_1s_final&#xD;
info: Kafka.Ksql.Linq.KsqlContext[0]&#xD;
      ksql execute: EXECUTE SQL=SHOW QUERIES;&#xD;
info: Kafka.Ksql.Linq.KsqlContext[0]&#xD;
      SHOW QUERIES output (attempt 4): [{"@type":"queries","statementText":"SHOW QUERIES;","queries":[{"queryString":"CREATE TABLE BAR_1S_FINAL WITH (CLEANUP_POLICY='compact,delete', KAFKA_TOPIC='bar_1s_final', KEY_FORMAT='AVRO', PARTITIONS=1, REPLICAS=1, RETENTION_MS=604800000, VALUE_FORMAT='AVRO') AS SELECT\n  O.BROKER BROKER,\n  O.SYMBOL SYMBOL,\n  WINDOWSTART BUCKETSTART,\n  EARLIEST_BY_OFFSET(O.BID) OPEN,\n  MAX(O.BID) HIGH,\n  MIN(O.BID) LOW,\n  LATEST_BY_OFFSET(O.BID) KSQLTIMEFRAMECLOSE\nFROM DEDUPRATES O\nWINDOW TUMBLING ( SIZE 1 SECONDS ) \nGROUP BY O.BROKER, O.SYMBOL\nEMIT FINAL;","sinks":["BAR_1S_FINAL"],"sinkKafkaTopics":["bar_1s_final"],"id":"CTAS_BAR_1S_FINAL_97","statusCount":{"RUNNING":1},"queryType":"PERSISTENT","state":"RUNNING"},{"queryString":"CREATE TABLE BAR_TBIMP_1M_LIVE WITH (CLEANUP_POLICY='compact,delete', KAFKA_TOPIC='bar_tbimp_1m_live', KEY_FORMAT='AVRO', PARTITIONS=1, REPLICAS=1, RETENTION_MS=604800000, VALUE_FORMAT='AVRO') AS SELECT\n  O.BROKER BROKER,\n  O.SYMBOL SYMBOL,\n  WINDOWSTART BUCKETSTART,\n  EARLIEST_BY_OFFSET(O.OPEN) OPEN,\n  MAX(O.HIGH) HIGH,\n  MIN(O.LOW) LOW,\n  LATEST_BY_OFFSET(O.CLOSE) CLOSE\nFROM BAR_TBIMP_1S_FINAL_S O\nWINDOW TUMBLING ( SIZE 1 MINUTES , GRACE PERIOD 2 SECONDS ) \nGROUP BY O.BROKER, O.SYMBOL\nEMIT CHANGES;","sinks":["BAR_TBIMP_1M_LIVE"],"sinkKafkaTopics":["bar_tbimp_1m_live"],"id":"CTAS_BAR_TBIMP_1M_LIVE_89","statusCount":{"RUNNING":1},"queryType":"PERSISTENT","state":"RUNNING"},{"queryString":"CREATE TABLE BAR_5M_LIVE WITH (CLEANUP_POLICY='compact,delete', KAFKA_TOPIC='bar_5m_live', KEY_FORMAT='AVRO', PARTITIONS=1, REPLICAS=1, RETENTION_MS=604800000, VALUE_FORMAT='AVRO') AS SELECT\n  O.BROKER BROKER,\n  O.SYMBOL SYMBOL,\n  WINDOWSTART BUCKETSTART,\n  EARLIEST_BY_OFFSET(O.OPEN) OPEN,\n  MAX(O.HIGH) HIGH,\n  MIN(O.LOW) LOW,\n  LATEST_BY_OFFSET(O.KSQLTIMEFRAMECLOSE) KSQLTIMEFRAMECLOSE\nFROM BAR_1S_FINAL_S O\nWINDOW TUMBLING ( SIZE 5 MINUTES , GRACE PERIOD 3 SECONDS ) \nGROUP BY O.BROKER, O.SYMBOL\nEMIT CHANGES;","sinks":["BAR_5M_LIVE"],"sinkKafkaTopics":["bar_5m_live"],"id":"CTAS_BAR_5M_LIVE_103","statusCount":{"RUNNING":1},"queryType":"PERSISTENT","state":"RUNNING"},{"queryString":"CREATE TABLE BAR_TBIMP_5M_LIVE WITH (CLEANUP_POLICY='compact,delete', KAFKA_TOPIC='bar_tbimp_5m_live', KEY_FORMAT='AVRO', PARTITIONS=1, REPLICAS=1, RETENTION_MS=604800000, VALUE_FORMAT='AVRO') AS SELECT\n  O.BROKER BROKER,\n  O.SYMBOL SYMBOL,\n  WINDOWSTART BUCKETSTART,\n  EARLIEST_BY_OFFSET(O.OPEN) OPEN,\n  MAX(O.HIGH) HIGH,\n  MIN(O.LOW) LOW,\n  LATEST_BY_OFFSET(O.CLOSE) CLOSE\nFROM BAR_TBIMP_1S_FINAL_S O\nWINDOW TUMBLING ( SIZE 5 MINUTES , GRACE PERIOD 3 SECONDS ) \nGROUP BY O.BROKER, O.SYMBOL\nEMIT CHANGES;","sinks":["BAR_TBIMP_5M_LIVE"],"sinkKafkaTopics":["bar_tbimp_5m_live"],"id":"CTAS_BAR_TBIMP_5M_LIVE_91","statusCount":{"RUNNING":1},"queryType":"PERSISTENT","state":"RUNNING"},{"queryString":"CREATE TABLE BAR_1M_LIVE WITH (CLEANUP_POLICY='compact,delete', KAFKA_TOPIC='bar_1m_live', KEY_FORMAT='AVRO', PARTITIONS=1, REPLICAS=1, RETENTION_MS=604800000, VALUE_FORMAT='AVRO') AS SELECT\n  O.BROKER BROKER,\n  O.SYMBOL SYMBOL,\n  WINDOWSTART BUCKETSTART,\n  EARLIEST_BY_OFFSET(O.OPEN) OPEN,\n  MAX(O.HIGH) HIGH,\n  MIN(O.LOW) LOW,\n  LATEST_BY_OFFSET(O.KSQLTIMEFRAMECLOSE) KSQLTIMEFRAMECLOSE\nFROM BAR_1S_FINAL_S O\nWINDOW TUMBLING ( SIZE 1 MINUTES , GRACE PERIOD 2 SECONDS ) \nGROUP BY O.BROKER, O.SYMBOL\nEMIT CHANGES;","sinks":["BAR_1M_LIVE"],"sinkKafkaTopics":["bar_1m_live"],"id":"CTAS_BAR_1M_LIVE_101","statusCount":{"RUNNING":1},"queryType":"PERSISTENT","state":"RUNNING"},{"queryString":"CREATE TABLE BAR_TBIMP_1S_FINAL WITH (CLEANUP_POLICY='compact,delete', KAFKA_TOPIC='bar_tbimp_1s_final', KEY_FORMAT='AVRO', PARTITIONS=1, REPLICAS=1, RETENTION_MS=604800000, VALUE_FORMAT='AVRO') AS SELECT\n  O.BROKER BROKER,\n  O.SYMBOL SYMBOL,\n  WINDOWSTART BUCKETSTART,\n  EARLIEST_BY_OFFSET(O.BID) OPEN,\n  MAX(O.BID) HIGH,\n  MIN(O.BID) LOW,\n  LATEST_BY_OFFSET(O.BID) CLOSE\nFROM TICKS_TBIMP O\nWINDOW TUMBLING ( SIZE 1 SECONDS ) \nGROUP BY O.BROKER, O.SYMBOL\nEMIT FINAL;","sinks":["BAR_TBIMP_1S_FINAL"],"sinkKafkaTopics":["bar_tbimp_1s_final"],"id":"CTAS_BAR_TBIMP_1S_FINAL_85","statusCount":{"RUNNING":1},"queryType":"PERSISTENT","state":"RUNNING"}],"warnings":[]}]&#xD;
warn: Kafka.Ksql.Linq.KsqlContext[0]&#xD;
      SHOW QUERIES attempt 4 did not contain a matching query for bar_1s_final&#xD;
info: Kafka.Ksql.Linq.KsqlContext[0]&#xD;
      ksql execute: EXECUTE SQL=SHOW QUERIES;&#xD;
info: Kafka.Ksql.Linq.KsqlContext[0]&#xD;
      SHOW QUERIES output (attempt 5): [{"@type":"queries","statementText":"SHOW QUERIES;","queries":[{"queryString":"CREATE TABLE BAR_1S_FINAL WITH (CLEANUP_POLICY='compact,delete', KAFKA_TOPIC='bar_1s_final', KEY_FORMAT='AVRO', PARTITIONS=1, REPLICAS=1, RETENTION_MS=604800000, VALUE_FORMAT='AVRO') AS SELECT\n  O.BROKER BROKER,\n  O.SYMBOL SYMBOL,\n  WINDOWSTART BUCKETSTART,\n  EARLIEST_BY_OFFSET(O.BID) OPEN,\n  MAX(O.BID) HIGH,\n  MIN(O.BID) LOW,\n  LATEST_BY_OFFSET(O.BID) KSQLTIMEFRAMECLOSE\nFROM DEDUPRATES O\nWINDOW TUMBLING ( SIZE 1 SECONDS ) \nGROUP BY O.BROKER, O.SYMBOL\nEMIT FINAL;","sinks":["BAR_1S_FINAL"],"sinkKafkaTopics":["bar_1s_final"],"id":"CTAS_BAR_1S_FINAL_97","statusCount":{"RUNNING":1},"queryType":"PERSISTENT","state":"RUNNING"},{"queryString":"CREATE TABLE BAR_TBIMP_1M_LIVE WITH (CLEANUP_POLICY='compact,delete', KAFKA_TOPIC='bar_tbimp_1m_live', KEY_FORMAT='AVRO', PARTITIONS=1, REPLICAS=1, RETENTION_MS=604800000, VALUE_FORMAT='AVRO') AS SELECT\n  O.BROKER BROKER,\n  O.SYMBOL SYMBOL,\n  WINDOWSTART BUCKETSTART,\n  EARLIEST_BY_OFFSET(O.OPEN) OPEN,\n  MAX(O.HIGH) HIGH,\n  MIN(O.LOW) LOW,\n  LATEST_BY_OFFSET(O.CLOSE) CLOSE\nFROM BAR_TBIMP_1S_FINAL_S O\nWINDOW TUMBLING ( SIZE 1 MINUTES , GRACE PERIOD 2 SECONDS ) \nGROUP BY O.BROKER, O.SYMBOL\nEMIT CHANGES;","sinks":["BAR_TBIMP_1M_LIVE"],"sinkKafkaTopics":["bar_tbimp_1m_live"],"id":"CTAS_BAR_TBIMP_1M_LIVE_89","statusCount":{"RUNNING":1},"queryType":"PERSISTENT","state":"RUNNING"},{"queryString":"CREATE TABLE BAR_5M_LIVE WITH (CLEANUP_POLICY='compact,delete', KAFKA_TOPIC='bar_5m_live', KEY_FORMAT='AVRO', PARTITIONS=1, REPLICAS=1, RETENTION_MS=604800000, VALUE_FORMAT='AVRO') AS SELECT\n  O.BROKER BROKER,\n  O.SYMBOL SYMBOL,\n  WINDOWSTART BUCKETSTART,\n  EARLIEST_BY_OFFSET(O.OPEN) OPEN,\n  MAX(O.HIGH) HIGH,\n  MIN(O.LOW) LOW,\n  LATEST_BY_OFFSET(O.KSQLTIMEFRAMECLOSE) KSQLTIMEFRAMECLOSE\nFROM BAR_1S_FINAL_S O\nWINDOW TUMBLING ( SIZE 5 MINUTES , GRACE PERIOD 3 SECONDS ) \nGROUP BY O.BROKER, O.SYMBOL\nEMIT CHANGES;","sinks":["BAR_5M_LIVE"],"sinkKafkaTopics":["bar_5m_live"],"id":"CTAS_BAR_5M_LIVE_103","statusCount":{"RUNNING":1},"queryType":"PERSISTENT","state":"RUNNING"},{"queryString":"CREATE TABLE BAR_TBIMP_5M_LIVE WITH (CLEANUP_POLICY='compact,delete', KAFKA_TOPIC='bar_tbimp_5m_live', KEY_FORMAT='AVRO', PARTITIONS=1, REPLICAS=1, RETENTION_MS=604800000, VALUE_FORMAT='AVRO') AS SELECT\n  O.BROKER BROKER,\n  O.SYMBOL SYMBOL,\n  WINDOWSTART BUCKETSTART,\n  EARLIEST_BY_OFFSET(O.OPEN) OPEN,\n  MAX(O.HIGH) HIGH,\n  MIN(O.LOW) LOW,\n  LATEST_BY_OFFSET(O.CLOSE) CLOSE\nFROM BAR_TBIMP_1S_FINAL_S O\nWINDOW TUMBLING ( SIZE 5 MINUTES , GRACE PERIOD 3 SECONDS ) \nGROUP BY O.BROKER, O.SYMBOL\nEMIT CHANGES;","sinks":["BAR_TBIMP_5M_LIVE"],"sinkKafkaTopics":["bar_tbimp_5m_live"],"id":"CTAS_BAR_TBIMP_5M_LIVE_91","statusCount":{"RUNNING":1},"queryType":"PERSISTENT","state":"RUNNING"},{"queryString":"CREATE TABLE BAR_1M_LIVE WITH (CLEANUP_POLICY='compact,delete', KAFKA_TOPIC='bar_1m_live', KEY_FORMAT='AVRO', PARTITIONS=1, REPLICAS=1, RETENTION_MS=604800000, VALUE_FORMAT='AVRO') AS SELECT\n  O.BROKER BROKER,\n  O.SYMBOL SYMBOL,\n  WINDOWSTART BUCKETSTART,\n  EARLIEST_BY_OFFSET(O.OPEN) OPEN,\n  MAX(O.HIGH) HIGH,\n  MIN(O.LOW) LOW,\n  LATEST_BY_OFFSET(O.KSQLTIMEFRAMECLOSE) KSQLTIMEFRAMECLOSE\nFROM BAR_1S_FINAL_S O\nWINDOW TUMBLING ( SIZE 1 MINUTES , GRACE PERIOD 2 SECONDS ) \nGROUP BY O.BROKER, O.SYMBOL\nEMIT CHANGES;","sinks":["BAR_1M_LIVE"],"sinkKafkaTopics":["bar_1m_live"],"id":"CTAS_BAR_1M_LIVE_101","statusCount":{"RUNNING":1},"queryType":"PERSISTENT","state":"RUNNING"},{"queryString":"CREATE TABLE BAR_TBIMP_1S_FINAL WITH (CLEANUP_POLICY='compact,delete', KAFKA_TOPIC='bar_tbimp_1s_final', KEY_FORMAT='AVRO', PARTITIONS=1, REPLICAS=1, RETENTION_MS=604800000, VALUE_FORMAT='AVRO') AS SELECT\n  O.BROKER BROKER,\n  O.SYMBOL SYMBOL,\n  WINDOWSTART BUCKETSTART,\n  EARLIEST_BY_OFFSET(O.BID) OPEN,\n  MAX(O.BID) HIGH,\n  MIN(O.BID) LOW,\n  LATEST_BY_OFFSET(O.BID) CLOSE\nFROM TICKS_TBIMP O\nWINDOW TUMBLING ( SIZE 1 SECONDS ) \nGROUP BY O.BROKER, O.SYMBOL\nEMIT FINAL;","sinks":["BAR_TBIMP_1S_FINAL"],"sinkKafkaTopics":["bar_tbimp_1s_final"],"id":"CTAS_BAR_TBIMP_1S_FINAL_85","statusCount":{"RUNNING":1},"queryType":"PERSISTENT","state":"RUNNING"}],"warnings":[]}]&#xD;
warn: Kafka.Ksql.Linq.KsqlContext[0]&#xD;
      SHOW QUERIES attempt 5 did not contain a matching query for bar_1s_final&#xD;
warn: Kafka.Ksql.Linq.KsqlContext[0]&#xD;
      Unable to locate queryId for bar_1s_final after 5 attempts&#xD;
warn: Kafka.Ksql.Linq.KsqlContext[0]&#xD;
      Could not locate queryId via SHOW QUERIES for derived statement targeting bar_1s_final: CREATE TABLE bar_1s_final  WITH (KAFKA_TOPIC='bar_1s_final', KEY_FORMAT='AVRO', VALUE_FORMAT='AVRO') AS&#xD;
      SELECT BROKER AS Broker, SYMBOL AS Symbol, WINDOWSTART AS BucketStart, EARLIEST_BY_OFFSET(Bid) AS Open, MAX(Bid) AS High, MIN(Bid) AS Low, LATEST_BY_OFFSET(Bid) AS KsqlTimeFrameClose&#xD;
      FROM DEDUPRATES o WINDOW TUMBLING (SIZE 1 SECONDS)&#xD;
      GROUP BY BROKER, SYMBOL&#xD;
      EMIT FINAL;&#xD;
info: Kafka.Ksql.Linq.KsqlContext[0]&#xD;
      ksql execute: EXECUTE SQL=SHOW QUERIES;&#xD;
info: Kafka.Ksql.Linq.KsqlContext[0]&#xD;
      SHOW QUERIES output (attempt 1): [{"@type":"queries","statementText":"SHOW QUERIES;","queries":[{"queryString":"CREATE TABLE BAR_1S_FINAL WITH (CLEANUP_POLICY='compact,delete', KAFKA_TOPIC='bar_1s_final', KEY_FORMAT='AVRO', PARTITIONS=1, REPLICAS=1, RETENTION_MS=604800000, VALUE_FORMAT='AVRO') AS SELECT\n  O.BROKER BROKER,\n  O.SYMBOL SYMBOL,\n  WINDOWSTART BUCKETSTART,\n  EARLIEST_BY_OFFSET(O.BID) OPEN,\n  MAX(O.BID) HIGH,\n  MIN(O.BID) LOW,\n  LATEST_BY_OFFSET(O.BID) KSQLTIMEFRAMECLOSE\nFROM DEDUPRATES O\nWINDOW TUMBLING ( SIZE 1 SECONDS ) \nGROUP BY O.BROKER, O.SYMBOL\nEMIT FINAL;","sinks":["BAR_1S_FINAL"],"sinkKafkaTopics":["bar_1s_final"],"id":"CTAS_BAR_1S_FINAL_97","statusCount":{"RUNNING":1},"queryType":"PERSISTENT","state":"RUNNING"},{"queryString":"CREATE TABLE BAR_TBIMP_1M_LIVE WITH (CLEANUP_POLICY='compact,delete', KAFKA_TOPIC='bar_tbimp_1m_live', KEY_FORMAT='AVRO', PARTITIONS=1, REPLICAS=1, RETENTION_MS=604800000, VALUE_FORMAT='AVRO') AS SELECT\n  O.BROKER BROKER,\n  O.SYMBOL SYMBOL,\n  WINDOWSTART BUCKETSTART,\n  EARLIEST_BY_OFFSET(O.OPEN) OPEN,\n  MAX(O.HIGH) HIGH,\n  MIN(O.LOW) LOW,\n  LATEST_BY_OFFSET(O.CLOSE) CLOSE\nFROM BAR_TBIMP_1S_FINAL_S O\nWINDOW TUMBLING ( SIZE 1 MINUTES , GRACE PERIOD 2 SECONDS ) \nGROUP BY O.BROKER, O.SYMBOL\nEMIT CHANGES;","sinks":["BAR_TBIMP_1M_LIVE"],"sinkKafkaTopics":["bar_tbimp_1m_live"],"id":"CTAS_BAR_TBIMP_1M_LIVE_89","statusCount":{"RUNNING":1},"queryType":"PERSISTENT","state":"RUNNING"},{"queryString":"CREATE TABLE BAR_5M_LIVE WITH (CLEANUP_POLICY='compact,delete', KAFKA_TOPIC='bar_5m_live', KEY_FORMAT='AVRO', PARTITIONS=1, REPLICAS=1, RETENTION_MS=604800000, VALUE_FORMAT='AVRO') AS SELECT\n  O.BROKER BROKER,\n  O.SYMBOL SYMBOL,\n  WINDOWSTART BUCKETSTART,\n  EARLIEST_BY_OFFSET(O.OPEN) OPEN,\n  MAX(O.HIGH) HIGH,\n  MIN(O.LOW) LOW,\n  LATEST_BY_OFFSET(O.KSQLTIMEFRAMECLOSE) KSQLTIMEFRAMECLOSE\nFROM BAR_1S_FINAL_S O\nWINDOW TUMBLING ( SIZE 5 MINUTES , GRACE PERIOD 3 SECONDS ) \nGROUP BY O.BROKER, O.SYMBOL\nEMIT CHANGES;","sinks":["BAR_5M_LIVE"],"sinkKafkaTopics":["bar_5m_live"],"id":"CTAS_BAR_5M_LIVE_103","statusCount":{"RUNNING":1},"queryType":"PERSISTENT","state":"RUNNING"},{"queryString":"CREATE TABLE BAR_TBIMP_5M_LIVE WITH (CLEANUP_POLICY='compact,delete', KAFKA_TOPIC='bar_tbimp_5m_live', KEY_FORMAT='AVRO', PARTITIONS=1, REPLICAS=1, RETENTION_MS=604800000, VALUE_FORMAT='AVRO') AS SELECT\n  O.BROKER BROKER,\n  O.SYMBOL SYMBOL,\n  WINDOWSTART BUCKETSTART,\n  EARLIEST_BY_OFFSET(O.OPEN) OPEN,\n  MAX(O.HIGH) HIGH,\n  MIN(O.LOW) LOW,\n  LATEST_BY_OFFSET(O.CLOSE) CLOSE\nFROM BAR_TBIMP_1S_FINAL_S O\nWINDOW TUMBLING ( SIZE 5 MINUTES , GRACE PERIOD 3 SECONDS ) \nGROUP BY O.BROKER, O.SYMBOL\nEMIT CHANGES;","sinks":["BAR_TBIMP_5M_LIVE"],"sinkKafkaTopics":["bar_tbimp_5m_live"],"id":"CTAS_BAR_TBIMP_5M_LIVE_91","statusCount":{"RUNNING":1},"queryType":"PERSISTENT","state":"RUNNING"},{"queryString":"CREATE TABLE BAR_1M_LIVE WITH (CLEANUP_POLICY='compact,delete', KAFKA_TOPIC='bar_1m_live', KEY_FORMAT='AVRO', PARTITIONS=1, REPLICAS=1, RETENTION_MS=604800000, VALUE_FORMAT='AVRO') AS SELECT\n  O.BROKER BROKER,\n  O.SYMBOL SYMBOL,\n  WINDOWSTART BUCKETSTART,\n  EARLIEST_BY_OFFSET(O.OPEN) OPEN,\n  MAX(O.HIGH) HIGH,\n  MIN(O.LOW) LOW,\n  LATEST_BY_OFFSET(O.KSQLTIMEFRAMECLOSE) KSQLTIMEFRAMECLOSE\nFROM BAR_1S_FINAL_S O\nWINDOW TUMBLING ( SIZE 1 MINUTES , GRACE PERIOD 2 SECONDS ) \nGROUP BY O.BROKER, O.SYMBOL\nEMIT CHANGES;","sinks":["BAR_1M_LIVE"],"sinkKafkaTopics":["bar_1m_live"],"id":"CTAS_BAR_1M_LIVE_101","statusCount":{"RUNNING":1},"queryType":"PERSISTENT","state":"RUNNING"},{"queryString":"CREATE TABLE BAR_TBIMP_1S_FINAL WITH (CLEANUP_POLICY='compact,delete', KAFKA_TOPIC='bar_tbimp_1s_final', KEY_FORMAT='AVRO', PARTITIONS=1, REPLICAS=1, RETENTION_MS=604800000, VALUE_FORMAT='AVRO') AS SELECT\n  O.BROKER BROKER,\n  O.SYMBOL SYMBOL,\n  WINDOWSTART BUCKETSTART,\n  EARLIEST_BY_OFFSET(O.BID) OPEN,\n  MAX(O.BID) HIGH,\n  MIN(O.BID) LOW,\n  LATEST_BY_OFFSET(O.BID) CLOSE\nFROM TICKS_TBIMP O\nWINDOW TUMBLING ( SIZE 1 SECONDS ) \nGROUP BY O.BROKER, O.SYMBOL\nEMIT FINAL;","sinks":["BAR_TBIMP_1S_FINAL"],"sinkKafkaTopics":["bar_tbimp_1s_final"],"id":"CTAS_BAR_TBIMP_1S_FINAL_85","statusCount":{"RUNNING":1},"queryType":"PERSISTENT","state":"RUNNING"}],"warnings":[]}]&#xD;
warn: Kafka.Ksql.Linq.KsqlContext[0]&#xD;
      SHOW QUERIES attempt 1 did not contain a matching query for bar_1m_live&#xD;
info: Kafka.Ksql.Linq.KsqlContext[0]&#xD;
      ksql execute: EXECUTE SQL=SHOW QUERIES;&#xD;
info: Kafka.Ksql.Linq.KsqlContext[0]&#xD;
      SHOW QUERIES output (attempt 2): [{"@type":"queries","statementText":"SHOW QUERIES;","queries":[{"queryString":"CREATE TABLE BAR_1S_FINAL WITH (CLEANUP_POLICY='compact,delete', KAFKA_TOPIC='bar_1s_final', KEY_FORMAT='AVRO', PARTITIONS=1, REPLICAS=1, RETENTION_MS=604800000, VALUE_FORMAT='AVRO') AS SELECT\n  O.BROKER BROKER,\n  O.SYMBOL SYMBOL,\n  WINDOWSTART BUCKETSTART,\n  EARLIEST_BY_OFFSET(O.BID) OPEN,\n  MAX(O.BID) HIGH,\n  MIN(O.BID) LOW,\n  LATEST_BY_OFFSET(O.BID) KSQLTIMEFRAMECLOSE\nFROM DEDUPRATES O\nWINDOW TUMBLING ( SIZE 1 SECONDS ) \nGROUP BY O.BROKER, O.SYMBOL\nEMIT FINAL;","sinks":["BAR_1S_FINAL"],"sinkKafkaTopics":["bar_1s_final"],"id":"CTAS_BAR_1S_FINAL_97","statusCount":{"RUNNING":1},"queryType":"PERSISTENT","state":"RUNNING"},{"queryString":"CREATE TABLE BAR_TBIMP_1M_LIVE WITH (CLEANUP_POLICY='compact,delete', KAFKA_TOPIC='bar_tbimp_1m_live', KEY_FORMAT='AVRO', PARTITIONS=1, REPLICAS=1, RETENTION_MS=604800000, VALUE_FORMAT='AVRO') AS SELECT\n  O.BROKER BROKER,\n  O.SYMBOL SYMBOL,\n  WINDOWSTART BUCKETSTART,\n  EARLIEST_BY_OFFSET(O.OPEN) OPEN,\n  MAX(O.HIGH) HIGH,\n  MIN(O.LOW) LOW,\n  LATEST_BY_OFFSET(O.CLOSE) CLOSE\nFROM BAR_TBIMP_1S_FINAL_S O\nWINDOW TUMBLING ( SIZE 1 MINUTES , GRACE PERIOD 2 SECONDS ) \nGROUP BY O.BROKER, O.SYMBOL\nEMIT CHANGES;","sinks":["BAR_TBIMP_1M_LIVE"],"sinkKafkaTopics":["bar_tbimp_1m_live"],"id":"CTAS_BAR_TBIMP_1M_LIVE_89","statusCount":{"RUNNING":1},"queryType":"PERSISTENT","state":"RUNNING"},{"queryString":"CREATE TABLE BAR_5M_LIVE WITH (CLEANUP_POLICY='compact,delete', KAFKA_TOPIC='bar_5m_live', KEY_FORMAT='AVRO', PARTITIONS=1, REPLICAS=1, RETENTION_MS=604800000, VALUE_FORMAT='AVRO') AS SELECT\n  O.BROKER BROKER,\n  O.SYMBOL SYMBOL,\n  WINDOWSTART BUCKETSTART,\n  EARLIEST_BY_OFFSET(O.OPEN) OPEN,\n  MAX(O.HIGH) HIGH,\n  MIN(O.LOW) LOW,\n  LATEST_BY_OFFSET(O.KSQLTIMEFRAMECLOSE) KSQLTIMEFRAMECLOSE\nFROM BAR_1S_FINAL_S O\nWINDOW TUMBLING ( SIZE 5 MINUTES , GRACE PERIOD 3 SECONDS ) \nGROUP BY O.BROKER, O.SYMBOL\nEMIT CHANGES;","sinks":["BAR_5M_LIVE"],"sinkKafkaTopics":["bar_5m_live"],"id":"CTAS_BAR_5M_LIVE_103","statusCount":{"RUNNING":1},"queryType":"PERSISTENT","state":"RUNNING"},{"queryString":"CREATE TABLE BAR_TBIMP_5M_LIVE WITH (CLEANUP_POLICY='compact,delete', KAFKA_TOPIC='bar_tbimp_5m_live', KEY_FORMAT='AVRO', PARTITIONS=1, REPLICAS=1, RETENTION_MS=604800000, VALUE_FORMAT='AVRO') AS SELECT\n  O.BROKER BROKER,\n  O.SYMBOL SYMBOL,\n  WINDOWSTART BUCKETSTART,\n  EARLIEST_BY_OFFSET(O.OPEN) OPEN,\n  MAX(O.HIGH) HIGH,\n  MIN(O.LOW) LOW,\n  LATEST_BY_OFFSET(O.CLOSE) CLOSE\nFROM BAR_TBIMP_1S_FINAL_S O\nWINDOW TUMBLING ( SIZE 5 MINUTES , GRACE PERIOD 3 SECONDS ) \nGROUP BY O.BROKER, O.SYMBOL\nEMIT CHANGES;","sinks":["BAR_TBIMP_5M_LIVE"],"sinkKafkaTopics":["bar_tbimp_5m_live"],"id":"CTAS_BAR_TBIMP_5M_LIVE_91","statusCount":{"RUNNING":1},"queryType":"PERSISTENT","state":"RUNNING"},{"queryString":"CREATE TABLE BAR_1M_LIVE WITH (CLEANUP_POLICY='compact,delete', KAFKA_TOPIC='bar_1m_live', KEY_FORMAT='AVRO', PARTITIONS=1, REPLICAS=1, RETENTION_MS=604800000, VALUE_FORMAT='AVRO') AS SELECT\n  O.BROKER BROKER,\n  O.SYMBOL SYMBOL,\n  WINDOWSTART BUCKETSTART,\n  EARLIEST_BY_OFFSET(O.OPEN) OPEN,\n  MAX(O.HIGH) HIGH,\n  MIN(O.LOW) LOW,\n  LATEST_BY_OFFSET(O.KSQLTIMEFRAMECLOSE) KSQLTIMEFRAMECLOSE\nFROM BAR_1S_FINAL_S O\nWINDOW TUMBLING ( SIZE 1 MINUTES , GRACE PERIOD 2 SECONDS ) \nGROUP BY O.BROKER, O.SYMBOL\nEMIT CHANGES;","sinks":["BAR_1M_LIVE"],"sinkKafkaTopics":["bar_1m_live"],"id":"CTAS_BAR_1M_LIVE_101","statusCount":{"RUNNING":1},"queryType":"PERSISTENT","state":"RUNNING"},{"queryString":"CREATE TABLE BAR_TBIMP_1S_FINAL WITH (CLEANUP_POLICY='compact,delete', KAFKA_TOPIC='bar_tbimp_1s_final', KEY_FORMAT='AVRO', PARTITIONS=1, REPLICAS=1, RETENTION_MS=604800000, VALUE_FORMAT='AVRO') AS SELECT\n  O.BROKER BROKER,\n  O.SYMBOL SYMBOL,\n  WINDOWSTART BUCKETSTART,\n  EARLIEST_BY_OFFSET(O.BID) OPEN,\n  MAX(O.BID) HIGH,\n  MIN(O.BID) LOW,\n  LATEST_BY_OFFSET(O.BID) CLOSE\nFROM TICKS_TBIMP O\nWINDOW TUMBLING ( SIZE 1 SECONDS ) \nGROUP BY O.BROKER, O.SYMBOL\nEMIT FINAL;","sinks":["BAR_TBIMP_1S_FINAL"],"sinkKafkaTopics":["bar_tbimp_1s_final"],"id":"CTAS_BAR_TBIMP_1S_FINAL_85","statusCount":{"RUNNING":1},"queryType":"PERSISTENT","state":"RUNNING"}],"warnings":[]}]&#xD;
warn: Kafka.Ksql.Linq.KsqlContext[0]&#xD;
      SHOW QUERIES attempt 2 did not contain a matching query for bar_1m_live&#xD;
info: Kafka.Ksql.Linq.KsqlContext[0]&#xD;
      ksql execute: EXECUTE SQL=SHOW QUERIES;&#xD;
info: Kafka.Ksql.Linq.KsqlContext[0]&#xD;
      SHOW QUERIES output (attempt 3): [{"@type":"queries","statementText":"SHOW QUERIES;","queries":[{"queryString":"CREATE TABLE BAR_1S_FINAL WITH (CLEANUP_POLICY='compact,delete', KAFKA_TOPIC='bar_1s_final', KEY_FORMAT='AVRO', PARTITIONS=1, REPLICAS=1, RETENTION_MS=604800000, VALUE_FORMAT='AVRO') AS SELECT\n  O.BROKER BROKER,\n  O.SYMBOL SYMBOL,\n  WINDOWSTART BUCKETSTART,\n  EARLIEST_BY_OFFSET(O.BID) OPEN,\n  MAX(O.BID) HIGH,\n  MIN(O.BID) LOW,\n  LATEST_BY_OFFSET(O.BID) KSQLTIMEFRAMECLOSE\nFROM DEDUPRATES O\nWINDOW TUMBLING ( SIZE 1 SECONDS ) \nGROUP BY O.BROKER, O.SYMBOL\nEMIT FINAL;","sinks":["BAR_1S_FINAL"],"sinkKafkaTopics":["bar_1s_final"],"id":"CTAS_BAR_1S_FINAL_97","statusCount":{"RUNNING":1},"queryType":"PERSISTENT","state":"RUNNING"},{"queryString":"CREATE TABLE BAR_TBIMP_1M_LIVE WITH (CLEANUP_POLICY='compact,delete', KAFKA_TOPIC='bar_tbimp_1m_live', KEY_FORMAT='AVRO', PARTITIONS=1, REPLICAS=1, RETENTION_MS=604800000, VALUE_FORMAT='AVRO') AS SELECT\n  O.BROKER BROKER,\n  O.SYMBOL SYMBOL,\n  WINDOWSTART BUCKETSTART,\n  EARLIEST_BY_OFFSET(O.OPEN) OPEN,\n  MAX(O.HIGH) HIGH,\n  MIN(O.LOW) LOW,\n  LATEST_BY_OFFSET(O.CLOSE) CLOSE\nFROM BAR_TBIMP_1S_FINAL_S O\nWINDOW TUMBLING ( SIZE 1 MINUTES , GRACE PERIOD 2 SECONDS ) \nGROUP BY O.BROKER, O.SYMBOL\nEMIT CHANGES;","sinks":["BAR_TBIMP_1M_LIVE"],"sinkKafkaTopics":["bar_tbimp_1m_live"],"id":"CTAS_BAR_TBIMP_1M_LIVE_89","statusCount":{"RUNNING":1},"queryType":"PERSISTENT","state":"RUNNING"},{"queryString":"CREATE TABLE BAR_5M_LIVE WITH (CLEANUP_POLICY='compact,delete', KAFKA_TOPIC='bar_5m_live', KEY_FORMAT='AVRO', PARTITIONS=1, REPLICAS=1, RETENTION_MS=604800000, VALUE_FORMAT='AVRO') AS SELECT\n  O.BROKER BROKER,\n  O.SYMBOL SYMBOL,\n  WINDOWSTART BUCKETSTART,\n  EARLIEST_BY_OFFSET(O.OPEN) OPEN,\n  MAX(O.HIGH) HIGH,\n  MIN(O.LOW) LOW,\n  LATEST_BY_OFFSET(O.KSQLTIMEFRAMECLOSE) KSQLTIMEFRAMECLOSE\nFROM BAR_1S_FINAL_S O\nWINDOW TUMBLING ( SIZE 5 MINUTES , GRACE PERIOD 3 SECONDS ) \nGROUP BY O.BROKER, O.SYMBOL\nEMIT CHANGES;","sinks":["BAR_5M_LIVE"],"sinkKafkaTopics":["bar_5m_live"],"id":"CTAS_BAR_5M_LIVE_103","statusCount":{"RUNNING":1},"queryType":"PERSISTENT","state":"RUNNING"},{"queryString":"CREATE TABLE BAR_TBIMP_5M_LIVE WITH (CLEANUP_POLICY='compact,delete', KAFKA_TOPIC='bar_tbimp_5m_live', KEY_FORMAT='AVRO', PARTITIONS=1, REPLICAS=1, RETENTION_MS=604800000, VALUE_FORMAT='AVRO') AS SELECT\n  O.BROKER BROKER,\n  O.SYMBOL SYMBOL,\n  WINDOWSTART BUCKETSTART,\n  EARLIEST_BY_OFFSET(O.OPEN) OPEN,\n  MAX(O.HIGH) HIGH,\n  MIN(O.LOW) LOW,\n  LATEST_BY_OFFSET(O.CLOSE) CLOSE\nFROM BAR_TBIMP_1S_FINAL_S O\nWINDOW TUMBLING ( SIZE 5 MINUTES , GRACE PERIOD 3 SECONDS ) \nGROUP BY O.BROKER, O.SYMBOL\nEMIT CHANGES;","sinks":["BAR_TBIMP_5M_LIVE"],"sinkKafkaTopics":["bar_tbimp_5m_live"],"id":"CTAS_BAR_TBIMP_5M_LIVE_91","statusCount":{"RUNNING":1},"queryType":"PERSISTENT","state":"RUNNING"},{"queryString":"CREATE TABLE BAR_1M_LIVE WITH (CLEANUP_POLICY='compact,delete', KAFKA_TOPIC='bar_1m_live', KEY_FORMAT='AVRO', PARTITIONS=1, REPLICAS=1, RETENTION_MS=604800000, VALUE_FORMAT='AVRO') AS SELECT\n  O.BROKER BROKER,\n  O.SYMBOL SYMBOL,\n  WINDOWSTART BUCKETSTART,\n  EARLIEST_BY_OFFSET(O.OPEN) OPEN,\n  MAX(O.HIGH) HIGH,\n  MIN(O.LOW) LOW,\n  LATEST_BY_OFFSET(O.KSQLTIMEFRAMECLOSE) KSQLTIMEFRAMECLOSE\nFROM BAR_1S_FINAL_S O\nWINDOW TUMBLING ( SIZE 1 MINUTES , GRACE PERIOD 2 SECONDS ) \nGROUP BY O.BROKER, O.SYMBOL\nEMIT CHANGES;","sinks":["BAR_1M_LIVE"],"sinkKafkaTopics":["bar_1m_live"],"id":"CTAS_BAR_1M_LIVE_101","statusCount":{"RUNNING":1},"queryType":"PERSISTENT","state":"RUNNING"},{"queryString":"CREATE TABLE BAR_TBIMP_1S_FINAL WITH (CLEANUP_POLICY='compact,delete', KAFKA_TOPIC='bar_tbimp_1s_final', KEY_FORMAT='AVRO', PARTITIONS=1, REPLICAS=1, RETENTION_MS=604800000, VALUE_FORMAT='AVRO') AS SELECT\n  O.BROKER BROKER,\n  O.SYMBOL SYMBOL,\n  WINDOWSTART BUCKETSTART,\n  EARLIEST_BY_OFFSET(O.BID) OPEN,\n  MAX(O.BID) HIGH,\n  MIN(O.BID) LOW,\n  LATEST_BY_OFFSET(O.BID) CLOSE\nFROM TICKS_TBIMP O\nWINDOW TUMBLING ( SIZE 1 SECONDS ) \nGROUP BY O.BROKER, O.SYMBOL\nEMIT FINAL;","sinks":["BAR_TBIMP_1S_FINAL"],"sinkKafkaTopics":["bar_tbimp_1s_final"],"id":"CTAS_BAR_TBIMP_1S_FINAL_85","statusCount":{"RUNNING":1},"queryType":"PERSISTENT","state":"RUNNING"}],"warnings":[]}]&#xD;
warn: Kafka.Ksql.Linq.KsqlContext[0]&#xD;
      SHOW QUERIES attempt 3 did not contain a matching query for bar_1m_live&#xD;
info: Kafka.Ksql.Linq.KsqlContext[0]&#xD;
      ksql execute: EXECUTE SQL=SHOW QUERIES;&#xD;
info: Kafka.Ksql.Linq.KsqlContext[0]&#xD;
      SHOW QUERIES output (attempt 4): [{"@type":"queries","statementText":"SHOW QUERIES;","queries":[{"queryString":"CREATE TABLE BAR_1S_FINAL WITH (CLEANUP_POLICY='compact,delete', KAFKA_TOPIC='bar_1s_final', KEY_FORMAT='AVRO', PARTITIONS=1, REPLICAS=1, RETENTION_MS=604800000, VALUE_FORMAT='AVRO') AS SELECT\n  O.BROKER BROKER,\n  O.SYMBOL SYMBOL,\n  WINDOWSTART BUCKETSTART,\n  EARLIEST_BY_OFFSET(O.BID) OPEN,\n  MAX(O.BID) HIGH,\n  MIN(O.BID) LOW,\n  LATEST_BY_OFFSET(O.BID) KSQLTIMEFRAMECLOSE\nFROM DEDUPRATES O\nWINDOW TUMBLING ( SIZE 1 SECONDS ) \nGROUP BY O.BROKER, O.SYMBOL\nEMIT FINAL;","sinks":["BAR_1S_FINAL"],"sinkKafkaTopics":["bar_1s_final"],"id":"CTAS_BAR_1S_FINAL_97","statusCount":{"RUNNING":1},"queryType":"PERSISTENT","state":"RUNNING"},{"queryString":"CREATE TABLE BAR_TBIMP_1M_LIVE WITH (CLEANUP_POLICY='compact,delete', KAFKA_TOPIC='bar_tbimp_1m_live', KEY_FORMAT='AVRO', PARTITIONS=1, REPLICAS=1, RETENTION_MS=604800000, VALUE_FORMAT='AVRO') AS SELECT\n  O.BROKER BROKER,\n  O.SYMBOL SYMBOL,\n  WINDOWSTART BUCKETSTART,\n  EARLIEST_BY_OFFSET(O.OPEN) OPEN,\n  MAX(O.HIGH) HIGH,\n  MIN(O.LOW) LOW,\n  LATEST_BY_OFFSET(O.CLOSE) CLOSE\nFROM BAR_TBIMP_1S_FINAL_S O\nWINDOW TUMBLING ( SIZE 1 MINUTES , GRACE PERIOD 2 SECONDS ) \nGROUP BY O.BROKER, O.SYMBOL\nEMIT CHANGES;","sinks":["BAR_TBIMP_1M_LIVE"],"sinkKafkaTopics":["bar_tbimp_1m_live"],"id":"CTAS_BAR_TBIMP_1M_LIVE_89","statusCount":{"RUNNING":1},"queryType":"PERSISTENT","state":"RUNNING"},{"queryString":"CREATE TABLE BAR_5M_LIVE WITH (CLEANUP_POLICY='compact,delete', KAFKA_TOPIC='bar_5m_live', KEY_FORMAT='AVRO', PARTITIONS=1, REPLICAS=1, RETENTION_MS=604800000, VALUE_FORMAT='AVRO') AS SELECT\n  O.BROKER BROKER,\n  O.SYMBOL SYMBOL,\n  WINDOWSTART BUCKETSTART,\n  EARLIEST_BY_OFFSET(O.OPEN) OPEN,\n  MAX(O.HIGH) HIGH,\n  MIN(O.LOW) LOW,\n  LATEST_BY_OFFSET(O.KSQLTIMEFRAMECLOSE) KSQLTIMEFRAMECLOSE\nFROM BAR_1S_FINAL_S O\nWINDOW TUMBLING ( SIZE 5 MINUTES , GRACE PERIOD 3 SECONDS ) \nGROUP BY O.BROKER, O.SYMBOL\nEMIT CHANGES;","sinks":["BAR_5M_LIVE"],"sinkKafkaTopics":["bar_5m_live"],"id":"CTAS_BAR_5M_LIVE_103","statusCount":{"RUNNING":1},"queryType":"PERSISTENT","state":"RUNNING"},{"queryString":"CREATE TABLE BAR_TBIMP_5M_LIVE WITH (CLEANUP_POLICY='compact,delete', KAFKA_TOPIC='bar_tbimp_5m_live', KEY_FORMAT='AVRO', PARTITIONS=1, REPLICAS=1, RETENTION_MS=604800000, VALUE_FORMAT='AVRO') AS SELECT\n  O.BROKER BROKER,\n  O.SYMBOL SYMBOL,\n  WINDOWSTART BUCKETSTART,\n  EARLIEST_BY_OFFSET(O.OPEN) OPEN,\n  MAX(O.HIGH) HIGH,\n  MIN(O.LOW) LOW,\n  LATEST_BY_OFFSET(O.CLOSE) CLOSE\nFROM BAR_TBIMP_1S_FINAL_S O\nWINDOW TUMBLING ( SIZE 5 MINUTES , GRACE PERIOD 3 SECONDS ) \nGROUP BY O.BROKER, O.SYMBOL\nEMIT CHANGES;","sinks":["BAR_TBIMP_5M_LIVE"],"sinkKafkaTopics":["bar_tbimp_5m_live"],"id":"CTAS_BAR_TBIMP_5M_LIVE_91","statusCount":{"RUNNING":1},"queryType":"PERSISTENT","state":"RUNNING"},{"queryString":"CREATE TABLE BAR_1M_LIVE WITH (CLEANUP_POLICY='compact,delete', KAFKA_TOPIC='bar_1m_live', KEY_FORMAT='AVRO', PARTITIONS=1, REPLICAS=1, RETENTION_MS=604800000, VALUE_FORMAT='AVRO') AS SELECT\n  O.BROKER BROKER,\n  O.SYMBOL SYMBOL,\n  WINDOWSTART BUCKETSTART,\n  EARLIEST_BY_OFFSET(O.OPEN) OPEN,\n  MAX(O.HIGH) HIGH,\n  MIN(O.LOW) LOW,\n  LATEST_BY_OFFSET(O.KSQLTIMEFRAMECLOSE) KSQLTIMEFRAMECLOSE\nFROM BAR_1S_FINAL_S O\nWINDOW TUMBLING ( SIZE 1 MINUTES , GRACE PERIOD 2 SECONDS ) \nGROUP BY O.BROKER, O.SYMBOL\nEMIT CHANGES;","sinks":["BAR_1M_LIVE"],"sinkKafkaTopics":["bar_1m_live"],"id":"CTAS_BAR_1M_LIVE_101","statusCount":{"RUNNING":1},"queryType":"PERSISTENT","state":"RUNNING"},{"queryString":"CREATE TABLE BAR_TBIMP_1S_FINAL WITH (CLEANUP_POLICY='compact,delete', KAFKA_TOPIC='bar_tbimp_1s_final', KEY_FORMAT='AVRO', PARTITIONS=1, REPLICAS=1, RETENTION_MS=604800000, VALUE_FORMAT='AVRO') AS SELECT\n  O.BROKER BROKER,\n  O.SYMBOL SYMBOL,\n  WINDOWSTART BUCKETSTART,\n  EARLIEST_BY_OFFSET(O.BID) OPEN,\n  MAX(O.BID) HIGH,\n  MIN(O.BID) LOW,\n  LATEST_BY_OFFSET(O.BID) CLOSE\nFROM TICKS_TBIMP O\nWINDOW TUMBLING ( SIZE 1 SECONDS ) \nGROUP BY O.BROKER, O.SYMBOL\nEMIT FINAL;","sinks":["BAR_TBIMP_1S_FINAL"],"sinkKafkaTopics":["bar_tbimp_1s_final"],"id":"CTAS_BAR_TBIMP_1S_FINAL_85","statusCount":{"RUNNING":1},"queryType":"PERSISTENT","state":"RUNNING"}],"warnings":[]}]&#xD;
warn: Kafka.Ksql.Linq.KsqlContext[0]&#xD;
      SHOW QUERIES attempt 4 did not contain a matching query for bar_1m_live&#xD;
info: Kafka.Ksql.Linq.KsqlContext[0]&#xD;
      ksql execute: EXECUTE SQL=SHOW QUERIES;&#xD;
info: Kafka.Ksql.Linq.KsqlContext[0]&#xD;
      SHOW QUERIES output (attempt 5): [{"@type":"queries","statementText":"SHOW QUERIES;","queries":[{"queryString":"CREATE TABLE BAR_1S_FINAL WITH (CLEANUP_POLICY='compact,delete', KAFKA_TOPIC='bar_1s_final', KEY_FORMAT='AVRO', PARTITIONS=1, REPLICAS=1, RETENTION_MS=604800000, VALUE_FORMAT='AVRO') AS SELECT\n  O.BROKER BROKER,\n  O.SYMBOL SYMBOL,\n  WINDOWSTART BUCKETSTART,\n  EARLIEST_BY_OFFSET(O.BID) OPEN,\n  MAX(O.BID) HIGH,\n  MIN(O.BID) LOW,\n  LATEST_BY_OFFSET(O.BID) KSQLTIMEFRAMECLOSE\nFROM DEDUPRATES O\nWINDOW TUMBLING ( SIZE 1 SECONDS ) \nGROUP BY O.BROKER, O.SYMBOL\nEMIT FINAL;","sinks":["BAR_1S_FINAL"],"sinkKafkaTopics":["bar_1s_final"],"id":"CTAS_BAR_1S_FINAL_97","statusCount":{"RUNNING":1},"queryType":"PERSISTENT","state":"RUNNING"},{"queryString":"CREATE TABLE BAR_TBIMP_1M_LIVE WITH (CLEANUP_POLICY='compact,delete', KAFKA_TOPIC='bar_tbimp_1m_live', KEY_FORMAT='AVRO', PARTITIONS=1, REPLICAS=1, RETENTION_MS=604800000, VALUE_FORMAT='AVRO') AS SELECT\n  O.BROKER BROKER,\n  O.SYMBOL SYMBOL,\n  WINDOWSTART BUCKETSTART,\n  EARLIEST_BY_OFFSET(O.OPEN) OPEN,\n  MAX(O.HIGH) HIGH,\n  MIN(O.LOW) LOW,\n  LATEST_BY_OFFSET(O.CLOSE) CLOSE\nFROM BAR_TBIMP_1S_FINAL_S O\nWINDOW TUMBLING ( SIZE 1 MINUTES , GRACE PERIOD 2 SECONDS ) \nGROUP BY O.BROKER, O.SYMBOL\nEMIT CHANGES;","sinks":["BAR_TBIMP_1M_LIVE"],"sinkKafkaTopics":["bar_tbimp_1m_live"],"id":"CTAS_BAR_TBIMP_1M_LIVE_89","statusCount":{"RUNNING":1},"queryType":"PERSISTENT","state":"RUNNING"},{"queryString":"CREATE TABLE BAR_5M_LIVE WITH (CLEANUP_POLICY='compact,delete', KAFKA_TOPIC='bar_5m_live', KEY_FORMAT='AVRO', PARTITIONS=1, REPLICAS=1, RETENTION_MS=604800000, VALUE_FORMAT='AVRO') AS SELECT\n  O.BROKER BROKER,\n  O.SYMBOL SYMBOL,\n  WINDOWSTART BUCKETSTART,\n  EARLIEST_BY_OFFSET(O.OPEN) OPEN,\n  MAX(O.HIGH) HIGH,\n  MIN(O.LOW) LOW,\n  LATEST_BY_OFFSET(O.KSQLTIMEFRAMECLOSE) KSQLTIMEFRAMECLOSE\nFROM BAR_1S_FINAL_S O\nWINDOW TUMBLING ( SIZE 5 MINUTES , GRACE PERIOD 3 SECONDS ) \nGROUP BY O.BROKER, O.SYMBOL\nEMIT CHANGES;","sinks":["BAR_5M_LIVE"],"sinkKafkaTopics":["bar_5m_live"],"id":"CTAS_BAR_5M_LIVE_103","statusCount":{"RUNNING":1},"queryType":"PERSISTENT","state":"RUNNING"},{"queryString":"CREATE TABLE BAR_TBIMP_5M_LIVE WITH (CLEANUP_POLICY='compact,delete', KAFKA_TOPIC='bar_tbimp_5m_live', KEY_FORMAT='AVRO', PARTITIONS=1, REPLICAS=1, RETENTION_MS=604800000, VALUE_FORMAT='AVRO') AS SELECT\n  O.BROKER BROKER,\n  O.SYMBOL SYMBOL,\n  WINDOWSTART BUCKETSTART,\n  EARLIEST_BY_OFFSET(O.OPEN) OPEN,\n  MAX(O.HIGH) HIGH,\n  MIN(O.LOW) LOW,\n  LATEST_BY_OFFSET(O.CLOSE) CLOSE\nFROM BAR_TBIMP_1S_FINAL_S O\nWINDOW TUMBLING ( SIZE 5 MINUTES , GRACE PERIOD 3 SECONDS ) \nGROUP BY O.BROKER, O.SYMBOL\nEMIT CHANGES;","sinks":["BAR_TBIMP_5M_LIVE"],"sinkKafkaTopics":["bar_tbimp_5m_live"],"id":"CTAS_BAR_TBIMP_5M_LIVE_91","statusCount":{"RUNNING":1},"queryType":"PERSISTENT","state":"RUNNING"},{"queryString":"CREATE TABLE BAR_1M_LIVE WITH (CLEANUP_POLICY='compact,delete', KAFKA_TOPIC='bar_1m_live', KEY_FORMAT='AVRO', PARTITIONS=1, REPLICAS=1, RETENTION_MS=604800000, VALUE_FORMAT='AVRO') AS SELECT\n  O.BROKER BROKER,\n  O.SYMBOL SYMBOL,\n  WINDOWSTART BUCKETSTART,\n  EARLIEST_BY_OFFSET(O.OPEN) OPEN,\n  MAX(O.HIGH) HIGH,\n  MIN(O.LOW) LOW,\n  LATEST_BY_OFFSET(O.KSQLTIMEFRAMECLOSE) KSQLTIMEFRAMECLOSE\nFROM BAR_1S_FINAL_S O\nWINDOW TUMBLING ( SIZE 1 MINUTES , GRACE PERIOD 2 SECONDS ) \nGROUP BY O.BROKER, O.SYMBOL\nEMIT CHANGES;","sinks":["BAR_1M_LIVE"],"sinkKafkaTopics":["bar_1m_live"],"id":"CTAS_BAR_1M_LIVE_101","statusCount":{"RUNNING":1},"queryType":"PERSISTENT","state":"RUNNING"},{"queryString":"CREATE TABLE BAR_TBIMP_1S_FINAL WITH (CLEANUP_POLICY='compact,delete', KAFKA_TOPIC='bar_tbimp_1s_final', KEY_FORMAT='AVRO', PARTITIONS=1, REPLICAS=1, RETENTION_MS=604800000, VALUE_FORMAT='AVRO') AS SELECT\n  O.BROKER BROKER,\n  O.SYMBOL SYMBOL,\n  WINDOWSTART BUCKETSTART,\n  EARLIEST_BY_OFFSET(O.BID) OPEN,\n  MAX(O.BID) HIGH,\n  MIN(O.BID) LOW,\n  LATEST_BY_OFFSET(O.BID) CLOSE\nFROM TICKS_TBIMP O\nWINDOW TUMBLING ( SIZE 1 SECONDS ) \nGROUP BY O.BROKER, O.SYMBOL\nEMIT FINAL;","sinks":["BAR_TBIMP_1S_FINAL"],"sinkKafkaTopics":["bar_tbimp_1s_final"],"id":"CTAS_BAR_TBIMP_1S_FINAL_85","statusCount":{"RUNNING":1},"queryType":"PERSISTENT","state":"RUNNING"}],"warnings":[]}]&#xD;
warn: Kafka.Ksql.Linq.KsqlContext[0]&#xD;
      SHOW QUERIES attempt 5 did not contain a matching query for bar_1m_live&#xD;
warn: Kafka.Ksql.Linq.KsqlContext[0]&#xD;
      Unable to locate queryId for bar_1m_live after 5 attempts&#xD;
warn: Kafka.Ksql.Linq.KsqlContext[0]&#xD;
      Could not locate queryId via SHOW QUERIES for derived statement targeting bar_1m_live: CREATE TABLE bar_1m_live  WITH (KAFKA_TOPIC='bar_1m_live', KEY_FORMAT='AVRO', VALUE_FORMAT='AVRO') AS&#xD;
      SELECT BROKER AS Broker, SYMBOL AS Symbol, WINDOWSTART AS BucketStart, EARLIEST_BY_OFFSET(o.OPEN) AS Open, MAX(o.HIGH) AS High, MIN(o.LOW) AS Low, LATEST_BY_OFFSET(o.KSQLTIMEFRAMECLOSE) AS KsqlTimeFrameClose&#xD;
      FROM bar_1s_final_s o WINDOW TUMBLING (SIZE 1 MINUTES, GRACE PERIOD 2 SECONDS)&#xD;
      GROUP BY BROKER, SYMBOL&#xD;
      EMIT CHANGES;&#xD;
info: Kafka.Ksql.Linq.KsqlContext[0]&#xD;
      ksql execute: EXECUTE SQL=SHOW QUERIES;&#xD;
info: Kafka.Ksql.Linq.KsqlContext[0]&#xD;
      SHOW QUERIES output (attempt 1): [{"@type":"queries","statementText":"SHOW QUERIES;","queries":[{"queryString":"CREATE TABLE BAR_1S_FINAL WITH (CLEANUP_POLICY='compact,delete', KAFKA_TOPIC='bar_1s_final', KEY_FORMAT='AVRO', PARTITIONS=1, REPLICAS=1, RETENTION_MS=604800000, VALUE_FORMAT='AVRO') AS SELECT\n  O.BROKER BROKER,\n  O.SYMBOL SYMBOL,\n  WINDOWSTART BUCKETSTART,\n  EARLIEST_BY_OFFSET(O.BID) OPEN,\n  MAX(O.BID) HIGH,\n  MIN(O.BID) LOW,\n  LATEST_BY_OFFSET(O.BID) KSQLTIMEFRAMECLOSE\nFROM DEDUPRATES O\nWINDOW TUMBLING ( SIZE 1 SECONDS ) \nGROUP BY O.BROKER, O.SYMBOL\nEMIT FINAL;","sinks":["BAR_1S_FINAL"],"sinkKafkaTopics":["bar_1s_final"],"id":"CTAS_BAR_1S_FINAL_97","statusCount":{"RUNNING":1},"queryType":"PERSISTENT","state":"RUNNING"},{"queryString":"CREATE TABLE BAR_TBIMP_1M_LIVE WITH (CLEANUP_POLICY='compact,delete', KAFKA_TOPIC='bar_tbimp_1m_live', KEY_FORMAT='AVRO', PARTITIONS=1, REPLICAS=1, RETENTION_MS=604800000, VALUE_FORMAT='AVRO') AS SELECT\n  O.BROKER BROKER,\n  O.SYMBOL SYMBOL,\n  WINDOWSTART BUCKETSTART,\n  EARLIEST_BY_OFFSET(O.OPEN) OPEN,\n  MAX(O.HIGH) HIGH,\n  MIN(O.LOW) LOW,\n  LATEST_BY_OFFSET(O.CLOSE) CLOSE\nFROM BAR_TBIMP_1S_FINAL_S O\nWINDOW TUMBLING ( SIZE 1 MINUTES , GRACE PERIOD 2 SECONDS ) \nGROUP BY O.BROKER, O.SYMBOL\nEMIT CHANGES;","sinks":["BAR_TBIMP_1M_LIVE"],"sinkKafkaTopics":["bar_tbimp_1m_live"],"id":"CTAS_BAR_TBIMP_1M_LIVE_89","statusCount":{"RUNNING":1},"queryType":"PERSISTENT","state":"RUNNING"},{"queryString":"CREATE TABLE BAR_5M_LIVE WITH (CLEANUP_POLICY='compact,delete', KAFKA_TOPIC='bar_5m_live', KEY_FORMAT='AVRO', PARTITIONS=1, REPLICAS=1, RETENTION_MS=604800000, VALUE_FORMAT='AVRO') AS SELECT\n  O.BROKER BROKER,\n  O.SYMBOL SYMBOL,\n  WINDOWSTART BUCKETSTART,\n  EARLIEST_BY_OFFSET(O.OPEN) OPEN,\n  MAX(O.HIGH) HIGH,\n  MIN(O.LOW) LOW,\n  LATEST_BY_OFFSET(O.KSQLTIMEFRAMECLOSE) KSQLTIMEFRAMECLOSE\nFROM BAR_1S_FINAL_S O\nWINDOW TUMBLING ( SIZE 5 MINUTES , GRACE PERIOD 3 SECONDS ) \nGROUP BY O.BROKER, O.SYMBOL\nEMIT CHANGES;","sinks":["BAR_5M_LIVE"],"sinkKafkaTopics":["bar_5m_live"],"id":"CTAS_BAR_5M_LIVE_103","statusCount":{"RUNNING":1},"queryType":"PERSISTENT","state":"RUNNING"},{"queryString":"CREATE TABLE BAR_TBIMP_5M_LIVE WITH (CLEANUP_POLICY='compact,delete', KAFKA_TOPIC='bar_tbimp_5m_live', KEY_FORMAT='AVRO', PARTITIONS=1, REPLICAS=1, RETENTION_MS=604800000, VALUE_FORMAT='AVRO') AS SELECT\n  O.BROKER BROKER,\n  O.SYMBOL SYMBOL,\n  WINDOWSTART BUCKETSTART,\n  EARLIEST_BY_OFFSET(O.OPEN) OPEN,\n  MAX(O.HIGH) HIGH,\n  MIN(O.LOW) LOW,\n  LATEST_BY_OFFSET(O.CLOSE) CLOSE\nFROM BAR_TBIMP_1S_FINAL_S O\nWINDOW TUMBLING ( SIZE 5 MINUTES , GRACE PERIOD 3 SECONDS ) \nGROUP BY O.BROKER, O.SYMBOL\nEMIT CHANGES;","sinks":["BAR_TBIMP_5M_LIVE"],"sinkKafkaTopics":["bar_tbimp_5m_live"],"id":"CTAS_BAR_TBIMP_5M_LIVE_91","statusCount":{"RUNNING":1},"queryType":"PERSISTENT","state":"RUNNING"},{"queryString":"CREATE TABLE BAR_1M_LIVE WITH (CLEANUP_POLICY='compact,delete', KAFKA_TOPIC='bar_1m_live', KEY_FORMAT='AVRO', PARTITIONS=1, REPLICAS=1, RETENTION_MS=604800000, VALUE_FORMAT='AVRO') AS SELECT\n  O.BROKER BROKER,\n  O.SYMBOL SYMBOL,\n  WINDOWSTART BUCKETSTART,\n  EARLIEST_BY_OFFSET(O.OPEN) OPEN,\n  MAX(O.HIGH) HIGH,\n  MIN(O.LOW) LOW,\n  LATEST_BY_OFFSET(O.KSQLTIMEFRAMECLOSE) KSQLTIMEFRAMECLOSE\nFROM BAR_1S_FINAL_S O\nWINDOW TUMBLING ( SIZE 1 MINUTES , GRACE PERIOD 2 SECONDS ) \nGROUP BY O.BROKER, O.SYMBOL\nEMIT CHANGES;","sinks":["BAR_1M_LIVE"],"sinkKafkaTopics":["bar_1m_live"],"id":"CTAS_BAR_1M_LIVE_101","statusCount":{"RUNNING":1},"queryType":"PERSISTENT","state":"RUNNING"},{"queryString":"CREATE TABLE BAR_TBIMP_1S_FINAL WITH (CLEANUP_POLICY='compact,delete', KAFKA_TOPIC='bar_tbimp_1s_final', KEY_FORMAT='AVRO', PARTITIONS=1, REPLICAS=1, RETENTION_MS=604800000, VALUE_FORMAT='AVRO') AS SELECT\n  O.BROKER BROKER,\n  O.SYMBOL SYMBOL,\n  WINDOWSTART BUCKETSTART,\n  EARLIEST_BY_OFFSET(O.BID) OPEN,\n  MAX(O.BID) HIGH,\n  MIN(O.BID) LOW,\n  LATEST_BY_OFFSET(O.BID) CLOSE\nFROM TICKS_TBIMP O\nWINDOW TUMBLING ( SIZE 1 SECONDS ) \nGROUP BY O.BROKER, O.SYMBOL\nEMIT FINAL;","sinks":["BAR_TBIMP_1S_FINAL"],"sinkKafkaTopics":["bar_tbimp_1s_final"],"id":"CTAS_BAR_TBIMP_1S_FINAL_85","statusCount":{"RUNNING":1},"queryType":"PERSISTENT","state":"RUNNING"}],"warnings":[]}]&#xD;
warn: Kafka.Ksql.Linq.KsqlContext[0]&#xD;
      SHOW QUERIES attempt 1 did not contain a matching query for bar_5m_live&#xD;
info: Kafka.Ksql.Linq.KsqlContext[0]&#xD;
      ksql execute: EXECUTE SQL=SHOW QUERIES;&#xD;
info: Kafka.Ksql.Linq.KsqlContext[0]&#xD;
      SHOW QUERIES output (attempt 2): [{"@type":"queries","statementText":"SHOW QUERIES;","queries":[{"queryString":"CREATE TABLE BAR_1S_FINAL WITH (CLEANUP_POLICY='compact,delete', KAFKA_TOPIC='bar_1s_final', KEY_FORMAT='AVRO', PARTITIONS=1, REPLICAS=1, RETENTION_MS=604800000, VALUE_FORMAT='AVRO') AS SELECT\n  O.BROKER BROKER,\n  O.SYMBOL SYMBOL,\n  WINDOWSTART BUCKETSTART,\n  EARLIEST_BY_OFFSET(O.BID) OPEN,\n  MAX(O.BID) HIGH,\n  MIN(O.BID) LOW,\n  LATEST_BY_OFFSET(O.BID) KSQLTIMEFRAMECLOSE\nFROM DEDUPRATES O\nWINDOW TUMBLING ( SIZE 1 SECONDS ) \nGROUP BY O.BROKER, O.SYMBOL\nEMIT FINAL;","sinks":["BAR_1S_FINAL"],"sinkKafkaTopics":["bar_1s_final"],"id":"CTAS_BAR_1S_FINAL_97","statusCount":{"RUNNING":1},"queryType":"PERSISTENT","state":"RUNNING"},{"queryString":"CREATE TABLE BAR_TBIMP_1M_LIVE WITH (CLEANUP_POLICY='compact,delete', KAFKA_TOPIC='bar_tbimp_1m_live', KEY_FORMAT='AVRO', PARTITIONS=1, REPLICAS=1, RETENTION_MS=604800000, VALUE_FORMAT='AVRO') AS SELECT\n  O.BROKER BROKER,\n  O.SYMBOL SYMBOL,\n  WINDOWSTART BUCKETSTART,\n  EARLIEST_BY_OFFSET(O.OPEN) OPEN,\n  MAX(O.HIGH) HIGH,\n  MIN(O.LOW) LOW,\n  LATEST_BY_OFFSET(O.CLOSE) CLOSE\nFROM BAR_TBIMP_1S_FINAL_S O\nWINDOW TUMBLING ( SIZE 1 MINUTES , GRACE PERIOD 2 SECONDS ) \nGROUP BY O.BROKER, O.SYMBOL\nEMIT CHANGES;","sinks":["BAR_TBIMP_1M_LIVE"],"sinkKafkaTopics":["bar_tbimp_1m_live"],"id":"CTAS_BAR_TBIMP_1M_LIVE_89","statusCount":{"RUNNING":1},"queryType":"PERSISTENT","state":"RUNNING"},{"queryString":"CREATE TABLE BAR_5M_LIVE WITH (CLEANUP_POLICY='compact,delete', KAFKA_TOPIC='bar_5m_live', KEY_FORMAT='AVRO', PARTITIONS=1, REPLICAS=1, RETENTION_MS=604800000, VALUE_FORMAT='AVRO') AS SELECT\n  O.BROKER BROKER,\n  O.SYMBOL SYMBOL,\n  WINDOWSTART BUCKETSTART,\n  EARLIEST_BY_OFFSET(O.OPEN) OPEN,\n  MAX(O.HIGH) HIGH,\n  MIN(O.LOW) LOW,\n  LATEST_BY_OFFSET(O.KSQLTIMEFRAMECLOSE) KSQLTIMEFRAMECLOSE\nFROM BAR_1S_FINAL_S O\nWINDOW TUMBLING ( SIZE 5 MINUTES , GRACE PERIOD 3 SECONDS ) \nGROUP BY O.BROKER, O.SYMBOL\nEMIT CHANGES;","sinks":["BAR_5M_LIVE"],"sinkKafkaTopics":["bar_5m_live"],"id":"CTAS_BAR_5M_LIVE_103","statusCount":{"RUNNING":1},"queryType":"PERSISTENT","state":"RUNNING"},{"queryString":"CREATE TABLE BAR_TBIMP_5M_LIVE WITH (CLEANUP_POLICY='compact,delete', KAFKA_TOPIC='bar_tbimp_5m_live', KEY_FORMAT='AVRO', PARTITIONS=1, REPLICAS=1, RETENTION_MS=604800000, VALUE_FORMAT='AVRO') AS SELECT\n  O.BROKER BROKER,\n  O.SYMBOL SYMBOL,\n  WINDOWSTART BUCKETSTART,\n  EARLIEST_BY_OFFSET(O.OPEN) OPEN,\n  MAX(O.HIGH) HIGH,\n  MIN(O.LOW) LOW,\n  LATEST_BY_OFFSET(O.CLOSE) CLOSE\nFROM BAR_TBIMP_1S_FINAL_S O\nWINDOW TUMBLING ( SIZE 5 MINUTES , GRACE PERIOD 3 SECONDS ) \nGROUP BY O.BROKER, O.SYMBOL\nEMIT CHANGES;","sinks":["BAR_TBIMP_5M_LIVE"],"sinkKafkaTopics":["bar_tbimp_5m_live"],"id":"CTAS_BAR_TBIMP_5M_LIVE_91","statusCount":{"RUNNING":1},"queryType":"PERSISTENT","state":"RUNNING"},{"queryString":"CREATE TABLE BAR_1M_LIVE WITH (CLEANUP_POLICY='compact,delete', KAFKA_TOPIC='bar_1m_live', KEY_FORMAT='AVRO', PARTITIONS=1, REPLICAS=1, RETENTION_MS=604800000, VALUE_FORMAT='AVRO') AS SELECT\n  O.BROKER BROKER,\n  O.SYMBOL SYMBOL,\n  WINDOWSTART BUCKETSTART,\n  EARLIEST_BY_OFFSET(O.OPEN) OPEN,\n  MAX(O.HIGH) HIGH,\n  MIN(O.LOW) LOW,\n  LATEST_BY_OFFSET(O.KSQLTIMEFRAMECLOSE) KSQLTIMEFRAMECLOSE\nFROM BAR_1S_FINAL_S O\nWINDOW TUMBLING ( SIZE 1 MINUTES , GRACE PERIOD 2 SECONDS ) \nGROUP BY O.BROKER, O.SYMBOL\nEMIT CHANGES;","sinks":["BAR_1M_LIVE"],"sinkKafkaTopics":["bar_1m_live"],"id":"CTAS_BAR_1M_LIVE_101","statusCount":{"RUNNING":1},"queryType":"PERSISTENT","state":"RUNNING"},{"queryString":"CREATE TABLE BAR_TBIMP_1S_FINAL WITH (CLEANUP_POLICY='compact,delete', KAFKA_TOPIC='bar_tbimp_1s_final', KEY_FORMAT='AVRO', PARTITIONS=1, REPLICAS=1, RETENTION_MS=604800000, VALUE_FORMAT='AVRO') AS SELECT\n  O.BROKER BROKER,\n  O.SYMBOL SYMBOL,\n  WINDOWSTART BUCKETSTART,\n  EARLIEST_BY_OFFSET(O.BID) OPEN,\n  MAX(O.BID) HIGH,\n  MIN(O.BID) LOW,\n  LATEST_BY_OFFSET(O.BID) CLOSE\nFROM TICKS_TBIMP O\nWINDOW TUMBLING ( SIZE 1 SECONDS ) \nGROUP BY O.BROKER, O.SYMBOL\nEMIT FINAL;","sinks":["BAR_TBIMP_1S_FINAL"],"sinkKafkaTopics":["bar_tbimp_1s_final"],"id":"CTAS_BAR_TBIMP_1S_FINAL_85","statusCount":{"RUNNING":1},"queryType":"PERSISTENT","state":"RUNNING"}],"warnings":[]}]&#xD;
warn: Kafka.Ksql.Linq.KsqlContext[0]&#xD;
      SHOW QUERIES attempt 2 did not contain a matching query for bar_5m_live&#xD;
info: Kafka.Ksql.Linq.KsqlContext[0]&#xD;
      ksql execute: EXECUTE SQL=SHOW QUERIES;&#xD;
info: Kafka.Ksql.Linq.KsqlContext[0]&#xD;
      SHOW QUERIES output (attempt 3): [{"@type":"queries","statementText":"SHOW QUERIES;","queries":[{"queryString":"CREATE TABLE BAR_1S_FINAL WITH (CLEANUP_POLICY='compact,delete', KAFKA_TOPIC='bar_1s_final', KEY_FORMAT='AVRO', PARTITIONS=1, REPLICAS=1, RETENTION_MS=604800000, VALUE_FORMAT='AVRO') AS SELECT\n  O.BROKER BROKER,\n  O.SYMBOL SYMBOL,\n  WINDOWSTART BUCKETSTART,\n  EARLIEST_BY_OFFSET(O.BID) OPEN,\n  MAX(O.BID) HIGH,\n  MIN(O.BID) LOW,\n  LATEST_BY_OFFSET(O.BID) KSQLTIMEFRAMECLOSE\nFROM DEDUPRATES O\nWINDOW TUMBLING ( SIZE 1 SECONDS ) \nGROUP BY O.BROKER, O.SYMBOL\nEMIT FINAL;","sinks":["BAR_1S_FINAL"],"sinkKafkaTopics":["bar_1s_final"],"id":"CTAS_BAR_1S_FINAL_97","statusCount":{"RUNNING":1},"queryType":"PERSISTENT","state":"RUNNING"},{"queryString":"CREATE TABLE BAR_TBIMP_1M_LIVE WITH (CLEANUP_POLICY='compact,delete', KAFKA_TOPIC='bar_tbimp_1m_live', KEY_FORMAT='AVRO', PARTITIONS=1, REPLICAS=1, RETENTION_MS=604800000, VALUE_FORMAT='AVRO') AS SELECT\n  O.BROKER BROKER,\n  O.SYMBOL SYMBOL,\n  WINDOWSTART BUCKETSTART,\n  EARLIEST_BY_OFFSET(O.OPEN) OPEN,\n  MAX(O.HIGH) HIGH,\n  MIN(O.LOW) LOW,\n  LATEST_BY_OFFSET(O.CLOSE) CLOSE\nFROM BAR_TBIMP_1S_FINAL_S O\nWINDOW TUMBLING ( SIZE 1 MINUTES , GRACE PERIOD 2 SECONDS ) \nGROUP BY O.BROKER, O.SYMBOL\nEMIT CHANGES;","sinks":["BAR_TBIMP_1M_LIVE"],"sinkKafkaTopics":["bar_tbimp_1m_live"],"id":"CTAS_BAR_TBIMP_1M_LIVE_89","statusCount":{"RUNNING":1},"queryType":"PERSISTENT","state":"RUNNING"},{"queryString":"CREATE TABLE BAR_5M_LIVE WITH (CLEANUP_POLICY='compact,delete', KAFKA_TOPIC='bar_5m_live', KEY_FORMAT='AVRO', PARTITIONS=1, REPLICAS=1, RETENTION_MS=604800000, VALUE_FORMAT='AVRO') AS SELECT\n  O.BROKER BROKER,\n  O.SYMBOL SYMBOL,\n  WINDOWSTART BUCKETSTART,\n  EARLIEST_BY_OFFSET(O.OPEN) OPEN,\n  MAX(O.HIGH) HIGH,\n  MIN(O.LOW) LOW,\n  LATEST_BY_OFFSET(O.KSQLTIMEFRAMECLOSE) KSQLTIMEFRAMECLOSE\nFROM BAR_1S_FINAL_S O\nWINDOW TUMBLING ( SIZE 5 MINUTES , GRACE PERIOD 3 SECONDS ) \nGROUP BY O.BROKER, O.SYMBOL\nEMIT CHANGES;","sinks":["BAR_5M_LIVE"],"sinkKafkaTopics":["bar_5m_live"],"id":"CTAS_BAR_5M_LIVE_103","statusCount":{"RUNNING":1},"queryType":"PERSISTENT","state":"RUNNING"},{"queryString":"CREATE TABLE BAR_TBIMP_5M_LIVE WITH (CLEANUP_POLICY='compact,delete', KAFKA_TOPIC='bar_tbimp_5m_live', KEY_FORMAT='AVRO', PARTITIONS=1, REPLICAS=1, RETENTION_MS=604800000, VALUE_FORMAT='AVRO') AS SELECT\n  O.BROKER BROKER,\n  O.SYMBOL SYMBOL,\n  WINDOWSTART BUCKETSTART,\n  EARLIEST_BY_OFFSET(O.OPEN) OPEN,\n  MAX(O.HIGH) HIGH,\n  MIN(O.LOW) LOW,\n  LATEST_BY_OFFSET(O.CLOSE) CLOSE\nFROM BAR_TBIMP_1S_FINAL_S O\nWINDOW TUMBLING ( SIZE 5 MINUTES , GRACE PERIOD 3 SECONDS ) \nGROUP BY O.BROKER, O.SYMBOL\nEMIT CHANGES;","sinks":["BAR_TBIMP_5M_LIVE"],"sinkKafkaTopics":["bar_tbimp_5m_live"],"id":"CTAS_BAR_TBIMP_5M_LIVE_91","statusCount":{"RUNNING":1},"queryType":"PERSISTENT","state":"RUNNING"},{"queryString":"CREATE TABLE BAR_1M_LIVE WITH (CLEANUP_POLICY='compact,delete', KAFKA_TOPIC='bar_1m_live', KEY_FORMAT='AVRO', PARTITIONS=1, REPLICAS=1, RETENTION_MS=604800000, VALUE_FORMAT='AVRO') AS SELECT\n  O.BROKER BROKER,\n  O.SYMBOL SYMBOL,\n  WINDOWSTART BUCKETSTART,\n  EARLIEST_BY_OFFSET(O.OPEN) OPEN,\n  MAX(O.HIGH) HIGH,\n  MIN(O.LOW) LOW,\n  LATEST_BY_OFFSET(O.KSQLTIMEFRAMECLOSE) KSQLTIMEFRAMECLOSE\nFROM BAR_1S_FINAL_S O\nWINDOW TUMBLING ( SIZE 1 MINUTES , GRACE PERIOD 2 SECONDS ) \nGROUP BY O.BROKER, O.SYMBOL\nEMIT CHANGES;","sinks":["BAR_1M_LIVE"],"sinkKafkaTopics":["bar_1m_live"],"id":"CTAS_BAR_1M_LIVE_101","statusCount":{"RUNNING":1},"queryType":"PERSISTENT","state":"RUNNING"},{"queryString":"CREATE TABLE BAR_TBIMP_1S_FINAL WITH (CLEANUP_POLICY='compact,delete', KAFKA_TOPIC='bar_tbimp_1s_final', KEY_FORMAT='AVRO', PARTITIONS=1, REPLICAS=1, RETENTION_MS=604800000, VALUE_FORMAT='AVRO') AS SELECT\n  O.BROKER BROKER,\n  O.SYMBOL SYMBOL,\n  WINDOWSTART BUCKETSTART,\n  EARLIEST_BY_OFFSET(O.BID) OPEN,\n  MAX(O.BID) HIGH,\n  MIN(O.BID) LOW,\n  LATEST_BY_OFFSET(O.BID) CLOSE\nFROM TICKS_TBIMP O\nWINDOW TUMBLING ( SIZE 1 SECONDS ) \nGROUP BY O.BROKER, O.SYMBOL\nEMIT FINAL;","sinks":["BAR_TBIMP_1S_FINAL"],"sinkKafkaTopics":["bar_tbimp_1s_final"],"id":"CTAS_BAR_TBIMP_1S_FINAL_85","statusCount":{"RUNNING":1},"queryType":"PERSISTENT","state":"RUNNING"}],"warnings":[]}]&#xD;
warn: Kafka.Ksql.Linq.KsqlContext[0]&#xD;
      SHOW QUERIES attempt 3 did not contain a matching query for bar_5m_live&#xD;
info: Kafka.Ksql.Linq.KsqlContext[0]&#xD;
      ksql execute: EXECUTE SQL=SHOW QUERIES;&#xD;
info: Kafka.Ksql.Linq.KsqlContext[0]&#xD;
      SHOW QUERIES output (attempt 4): [{"@type":"queries","statementText":"SHOW QUERIES;","queries":[{"queryString":"CREATE TABLE BAR_1S_FINAL WITH (CLEANUP_POLICY='compact,delete', KAFKA_TOPIC='bar_1s_final', KEY_FORMAT='AVRO', PARTITIONS=1, REPLICAS=1, RETENTION_MS=604800000, VALUE_FORMAT='AVRO') AS SELECT\n  O.BROKER BROKER,\n  O.SYMBOL SYMBOL,\n  WINDOWSTART BUCKETSTART,\n  EARLIEST_BY_OFFSET(O.BID) OPEN,\n  MAX(O.BID) HIGH,\n  MIN(O.BID) LOW,\n  LATEST_BY_OFFSET(O.BID) KSQLTIMEFRAMECLOSE\nFROM DEDUPRATES O\nWINDOW TUMBLING ( SIZE 1 SECONDS ) \nGROUP BY O.BROKER, O.SYMBOL\nEMIT FINAL;","sinks":["BAR_1S_FINAL"],"sinkKafkaTopics":["bar_1s_final"],"id":"CTAS_BAR_1S_FINAL_97","statusCount":{"RUNNING":1},"queryType":"PERSISTENT","state":"RUNNING"},{"queryString":"CREATE TABLE BAR_TBIMP_1M_LIVE WITH (CLEANUP_POLICY='compact,delete', KAFKA_TOPIC='bar_tbimp_1m_live', KEY_FORMAT='AVRO', PARTITIONS=1, REPLICAS=1, RETENTION_MS=604800000, VALUE_FORMAT='AVRO') AS SELECT\n  O.BROKER BROKER,\n  O.SYMBOL SYMBOL,\n  WINDOWSTART BUCKETSTART,\n  EARLIEST_BY_OFFSET(O.OPEN) OPEN,\n  MAX(O.HIGH) HIGH,\n  MIN(O.LOW) LOW,\n  LATEST_BY_OFFSET(O.CLOSE) CLOSE\nFROM BAR_TBIMP_1S_FINAL_S O\nWINDOW TUMBLING ( SIZE 1 MINUTES , GRACE PERIOD 2 SECONDS ) \nGROUP BY O.BROKER, O.SYMBOL\nEMIT CHANGES;","sinks":["BAR_TBIMP_1M_LIVE"],"sinkKafkaTopics":["bar_tbimp_1m_live"],"id":"CTAS_BAR_TBIMP_1M_LIVE_89","statusCount":{"RUNNING":1},"queryType":"PERSISTENT","state":"RUNNING"},{"queryString":"CREATE TABLE BAR_5M_LIVE WITH (CLEANUP_POLICY='compact,delete', KAFKA_TOPIC='bar_5m_live', KEY_FORMAT='AVRO', PARTITIONS=1, REPLICAS=1, RETENTION_MS=604800000, VALUE_FORMAT='AVRO') AS SELECT\n  O.BROKER BROKER,\n  O.SYMBOL SYMBOL,\n  WINDOWSTART BUCKETSTART,\n  EARLIEST_BY_OFFSET(O.OPEN) OPEN,\n  MAX(O.HIGH) HIGH,\n  MIN(O.LOW) LOW,\n  LATEST_BY_OFFSET(O.KSQLTIMEFRAMECLOSE) KSQLTIMEFRAMECLOSE\nFROM BAR_1S_FINAL_S O\nWINDOW TUMBLING ( SIZE 5 MINUTES , GRACE PERIOD 3 SECONDS ) \nGROUP BY O.BROKER, O.SYMBOL\nEMIT CHANGES;","sinks":["BAR_5M_LIVE"],"sinkKafkaTopics":["bar_5m_live"],"id":"CTAS_BAR_5M_LIVE_103","statusCount":{"RUNNING":1},"queryType":"PERSISTENT","state":"RUNNING"},{"queryString":"CREATE TABLE BAR_TBIMP_5M_LIVE WITH (CLEANUP_POLICY='compact,delete', KAFKA_TOPIC='bar_tbimp_5m_live', KEY_FORMAT='AVRO', PARTITIONS=1, REPLICAS=1, RETENTION_MS=604800000, VALUE_FORMAT='AVRO') AS SELECT\n  O.BROKER BROKER,\n  O.SYMBOL SYMBOL,\n  WINDOWSTART BUCKETSTART,\n  EARLIEST_BY_OFFSET(O.OPEN) OPEN,\n  MAX(O.HIGH) HIGH,\n  MIN(O.LOW) LOW,\n  LATEST_BY_OFFSET(O.CLOSE) CLOSE\nFROM BAR_TBIMP_1S_FINAL_S O\nWINDOW TUMBLING ( SIZE 5 MINUTES , GRACE PERIOD 3 SECONDS ) \nGROUP BY O.BROKER, O.SYMBOL\nEMIT CHANGES;","sinks":["BAR_TBIMP_5M_LIVE"],"sinkKafkaTopics":["bar_tbimp_5m_live"],"id":"CTAS_BAR_TBIMP_5M_LIVE_91","statusCount":{"RUNNING":1},"queryType":"PERSISTENT","state":"RUNNING"},{"queryString":"CREATE TABLE BAR_1M_LIVE WITH (CLEANUP_POLICY='compact,delete', KAFKA_TOPIC='bar_1m_live', KEY_FORMAT='AVRO', PARTITIONS=1, REPLICAS=1, RETENTION_MS=604800000, VALUE_FORMAT='AVRO') AS SELECT\n  O.BROKER BROKER,\n  O.SYMBOL SYMBOL,\n  WINDOWSTART BUCKETSTART,\n  EARLIEST_BY_OFFSET(O.OPEN) OPEN,\n  MAX(O.HIGH) HIGH,\n  MIN(O.LOW) LOW,\n  LATEST_BY_OFFSET(O.KSQLTIMEFRAMECLOSE) KSQLTIMEFRAMECLOSE\nFROM BAR_1S_FINAL_S O\nWINDOW TUMBLING ( SIZE 1 MINUTES , GRACE PERIOD 2 SECONDS ) \nGROUP BY O.BROKER, O.SYMBOL\nEMIT CHANGES;","sinks":["BAR_1M_LIVE"],"sinkKafkaTopics":["bar_1m_live"],"id":"CTAS_BAR_1M_LIVE_101","statusCount":{"RUNNING":1},"queryType":"PERSISTENT","state":"RUNNING"},{"queryString":"CREATE TABLE BAR_TBIMP_1S_FINAL WITH (CLEANUP_POLICY='compact,delete', KAFKA_TOPIC='bar_tbimp_1s_final', KEY_FORMAT='AVRO', PARTITIONS=1, REPLICAS=1, RETENTION_MS=604800000, VALUE_FORMAT='AVRO') AS SELECT\n  O.BROKER BROKER,\n  O.SYMBOL SYMBOL,\n  WINDOWSTART BUCKETSTART,\n  EARLIEST_BY_OFFSET(O.BID) OPEN,\n  MAX(O.BID) HIGH,\n  MIN(O.BID) LOW,\n  LATEST_BY_OFFSET(O.BID) CLOSE\nFROM TICKS_TBIMP O\nWINDOW TUMBLING ( SIZE 1 SECONDS ) \nGROUP BY O.BROKER, O.SYMBOL\nEMIT FINAL;","sinks":["BAR_TBIMP_1S_FINAL"],"sinkKafkaTopics":["bar_tbimp_1s_final"],"id":"CTAS_BAR_TBIMP_1S_FINAL_85","statusCount":{"RUNNING":1},"queryType":"PERSISTENT","state":"RUNNING"}],"warnings":[]}]&#xD;
warn: Kafka.Ksql.Linq.KsqlContext[0]&#xD;
      SHOW QUERIES attempt 4 did not contain a matching query for bar_5m_live&#xD;
info: Kafka.Ksql.Linq.KsqlContext[0]&#xD;
      ksql execute: EXECUTE SQL=SHOW QUERIES;&#xD;
info: Kafka.Ksql.Linq.KsqlContext[0]&#xD;
      SHOW QUERIES output (attempt 5): [{"@type":"queries","statementText":"SHOW QUERIES;","queries":[{"queryString":"CREATE TABLE BAR_1S_FINAL WITH (CLEANUP_POLICY='compact,delete', KAFKA_TOPIC='bar_1s_final', KEY_FORMAT='AVRO', PARTITIONS=1, REPLICAS=1, RETENTION_MS=604800000, VALUE_FORMAT='AVRO') AS SELECT\n  O.BROKER BROKER,\n  O.SYMBOL SYMBOL,\n  WINDOWSTART BUCKETSTART,\n  EARLIEST_BY_OFFSET(O.BID) OPEN,\n  MAX(O.BID) HIGH,\n  MIN(O.BID) LOW,\n  LATEST_BY_OFFSET(O.BID) KSQLTIMEFRAMECLOSE\nFROM DEDUPRATES O\nWINDOW TUMBLING ( SIZE 1 SECONDS ) \nGROUP BY O.BROKER, O.SYMBOL\nEMIT FINAL;","sinks":["BAR_1S_FINAL"],"sinkKafkaTopics":["bar_1s_final"],"id":"CTAS_BAR_1S_FINAL_97","statusCount":{"RUNNING":1},"queryType":"PERSISTENT","state":"RUNNING"},{"queryString":"CREATE TABLE BAR_TBIMP_1M_LIVE WITH (CLEANUP_POLICY='compact,delete', KAFKA_TOPIC='bar_tbimp_1m_live', KEY_FORMAT='AVRO', PARTITIONS=1, REPLICAS=1, RETENTION_MS=604800000, VALUE_FORMAT='AVRO') AS SELECT\n  O.BROKER BROKER,\n  O.SYMBOL SYMBOL,\n  WINDOWSTART BUCKETSTART,\n  EARLIEST_BY_OFFSET(O.OPEN) OPEN,\n  MAX(O.HIGH) HIGH,\n  MIN(O.LOW) LOW,\n  LATEST_BY_OFFSET(O.CLOSE) CLOSE\nFROM BAR_TBIMP_1S_FINAL_S O\nWINDOW TUMBLING ( SIZE 1 MINUTES , GRACE PERIOD 2 SECONDS ) \nGROUP BY O.BROKER, O.SYMBOL\nEMIT CHANGES;","sinks":["BAR_TBIMP_1M_LIVE"],"sinkKafkaTopics":["bar_tbimp_1m_live"],"id":"CTAS_BAR_TBIMP_1M_LIVE_89","statusCount":{"RUNNING":1},"queryType":"PERSISTENT","state":"RUNNING"},{"queryString":"CREATE TABLE BAR_5M_LIVE WITH (CLEANUP_POLICY='compact,delete', KAFKA_TOPIC='bar_5m_live', KEY_FORMAT='AVRO', PARTITIONS=1, REPLICAS=1, RETENTION_MS=604800000, VALUE_FORMAT='AVRO') AS SELECT\n  O.BROKER BROKER,\n  O.SYMBOL SYMBOL,\n  WINDOWSTART BUCKETSTART,\n  EARLIEST_BY_OFFSET(O.OPEN) OPEN,\n  MAX(O.HIGH) HIGH,\n  MIN(O.LOW) LOW,\n  LATEST_BY_OFFSET(O.KSQLTIMEFRAMECLOSE) KSQLTIMEFRAMECLOSE\nFROM BAR_1S_FINAL_S O\nWINDOW TUMBLING ( SIZE 5 MINUTES , GRACE PERIOD 3 SECONDS ) \nGROUP BY O.BROKER, O.SYMBOL\nEMIT CHANGES;","sinks":["BAR_5M_LIVE"],"sinkKafkaTopics":["bar_5m_live"],"id":"CTAS_BAR_5M_LIVE_103","statusCount":{"RUNNING":1},"queryType":"PERSISTENT","state":"RUNNING"},{"queryString":"CREATE TABLE BAR_TBIMP_5M_LIVE WITH (CLEANUP_POLICY='compact,delete', KAFKA_TOPIC='bar_tbimp_5m_live', KEY_FORMAT='AVRO', PARTITIONS=1, REPLICAS=1, RETENTION_MS=604800000, VALUE_FORMAT='AVRO') AS SELECT\n  O.BROKER BROKER,\n  O.SYMBOL SYMBOL,\n  WINDOWSTART BUCKETSTART,\n  EARLIEST_BY_OFFSET(O.OPEN) OPEN,\n  MAX(O.HIGH) HIGH,\n  MIN(O.LOW) LOW,\n  LATEST_BY_OFFSET(O.CLOSE) CLOSE\nFROM BAR_TBIMP_1S_FINAL_S O\nWINDOW TUMBLING ( SIZE 5 MINUTES , GRACE PERIOD 3 SECONDS ) \nGROUP BY O.BROKER, O.SYMBOL\nEMIT CHANGES;","sinks":["BAR_TBIMP_5M_LIVE"],"sinkKafkaTopics":["bar_tbimp_5m_live"],"id":"CTAS_BAR_TBIMP_5M_LIVE_91","statusCount":{"RUNNING":1},"queryType":"PERSISTENT","state":"RUNNING"},{"queryString":"CREATE TABLE BAR_1M_LIVE WITH (CLEANUP_POLICY='compact,delete', KAFKA_TOPIC='bar_1m_live', KEY_FORMAT='AVRO', PARTITIONS=1, REPLICAS=1, RETENTION_MS=604800000, VALUE_FORMAT='AVRO') AS SELECT\n  O.BROKER BROKER,\n  O.SYMBOL SYMBOL,\n  WINDOWSTART BUCKETSTART,\n  EARLIEST_BY_OFFSET(O.OPEN) OPEN,\n  MAX(O.HIGH) HIGH,\n  MIN(O.LOW) LOW,\n  LATEST_BY_OFFSET(O.KSQLTIMEFRAMECLOSE) KSQLTIMEFRAMECLOSE\nFROM BAR_1S_FINAL_S O\nWINDOW TUMBLING ( SIZE 1 MINUTES , GRACE PERIOD 2 SECONDS ) \nGROUP BY O.BROKER, O.SYMBOL\nEMIT CHANGES;","sinks":["BAR_1M_LIVE"],"sinkKafkaTopics":["bar_1m_live"],"id":"CTAS_BAR_1M_LIVE_101","statusCount":{"RUNNING":1},"queryType":"PERSISTENT","state":"RUNNING"},{"queryString":"CREATE TABLE BAR_TBIMP_1S_FINAL WITH (CLEANUP_POLICY='compact,delete', KAFKA_TOPIC='bar_tbimp_1s_final', KEY_FORMAT='AVRO', PARTITIONS=1, REPLICAS=1, RETENTION_MS=604800000, VALUE_FORMAT='AVRO') AS SELECT\n  O.BROKER BROKER,\n  O.SYMBOL SYMBOL,\n  WINDOWSTART BUCKETSTART,\n  EARLIEST_BY_OFFSET(O.BID) OPEN,\n  MAX(O.BID) HIGH,\n  MIN(O.BID) LOW,\n  LATEST_BY_OFFSET(O.BID) CLOSE\nFROM TICKS_TBIMP O\nWINDOW TUMBLING ( SIZE 1 SECONDS ) \nGROUP BY O.BROKER, O.SYMBOL\nEMIT FINAL;","sinks":["BAR_TBIMP_1S_FINAL"],"sinkKafkaTopics":["bar_tbimp_1s_final"],"id":"CTAS_BAR_TBIMP_1S_FINAL_85","statusCount":{"RUNNING":1},"queryType":"PERSISTENT","state":"RUNNING"}],"warnings":[]}]&#xD;
warn: Kafka.Ksql.Linq.KsqlContext[0]&#xD;
      SHOW QUERIES attempt 5 did not contain a matching query for bar_5m_live&#xD;
warn: Kafka.Ksql.Linq.KsqlContext[0]&#xD;
      Unable to locate queryId for bar_5m_live after 5 attempts&#xD;
warn: Kafka.Ksql.Linq.KsqlContext[0]&#xD;
      Could not locate queryId via SHOW QUERIES for derived statement targeting bar_5m_live: CREATE TABLE bar_5m_live  WITH (KAFKA_TOPIC='bar_5m_live', KEY_FORMAT='AVRO', VALUE_FORMAT='AVRO') AS&#xD;
      SELECT BROKER AS Broker, SYMBOL AS Symbol, WINDOWSTART AS BucketStart, EARLIEST_BY_OFFSET(o.OPEN) AS Open, MAX(o.HIGH) AS High, MIN(o.LOW) AS Low, LATEST_BY_OFFSET(o.KSQLTIMEFRAMECLOSE) AS KsqlTimeFrameClose&#xD;
      FROM bar_1s_final_s o WINDOW TUMBLING (SIZE 5 MINUTES, GRACE PERIOD 3 SECONDS)&#xD;
      GROUP BY BROKER, SYMBOL&#xD;
      EMIT CHANGES;&#xD;
info: Kafka.Ksql.Linq.KsqlContext[0]&#xD;
      ksql execute: EXECUTE SQL=SHOW QUERIES;&#xD;
info: Kafka.Ksql.Linq.KsqlContext[0]&#xD;
      ksql execute: EXECUTE SQL=SHOW QUERIES;&#xD;
info: Kafka.Ksql.Linq.KsqlContext[0]&#xD;
      ksql execute: EXECUTE SQL=SHOW QUERIES;&#xD;
info: Kafka.Ksql.Linq.KsqlContext[0]&#xD;
      ksql execute: EXECUTE SQL=SHOW QUERIES;&#xD;
info: Kafka.Ksql.Linq.KsqlContext[0]&#xD;
      ksql execute: EXECUTE SQL=SHOW QUERIES;&#xD;
info: Kafka.Ksql.Linq.KsqlContext[0]&#xD;
      ksql execute: EXECUTE SQL=SHOW QUERIES;&#xD;
info: Kafka.Ksql.Linq.KsqlContext[0]&#xD;
      ksql execute: EXECUTE SQL=SHOW QUERIES;&#xD;
info: Kafka.Ksql.Linq.KsqlContext[0]&#xD;
      ksql execute: EXECUTE SQL=SHOW QUERIES;&#xD;
info: Kafka.Ksql.Linq.KsqlContext[0]&#xD;
      ksql execute: EXECUTE SQL=SHOW QUERIES;&#xD;
info: Kafka.Ksql.Linq.KsqlContext[0]&#xD;
      ksql execute: EXECUTE SQL=SHOW QUERIES;&#xD;
info: Kafka.Ksql.Linq.KsqlContext[0]&#xD;
      ksql execute: EXECUTE SQL=SHOW QUERIES;&#xD;
info: Kafka.Ksql.Linq.KsqlContext[0]&#xD;
      ksql execute: EXECUTE SQL=SHOW QUERIES;&#xD;
info: Kafka.Ksql.Linq.KsqlContext[0]&#xD;
      ksql execute: EXECUTE SQL=SHOW QUERIES;&#xD;
info: Streamiz.Kafka.Net.Processors.StreamThread[0]&#xD;
      Processed 0 total records, ran 0 punctuators and committed 0 total tasks since the last update&#xD;
info: Kafka.Ksql.Linq.KsqlContext[0]&#xD;
      ksql execute: EXECUTE SQL=SHOW QUERIES;&#xD;
info: Kafka.Ksql.Linq.KsqlContext[0]&#xD;
      ksql execute: EXECUTE SQL=SHOW QUERIES;&#xD;
info: Kafka.Ksql.Linq.KsqlContext[0]&#xD;
      ksql execute: EXECUTE SQL=SHOW QUERIES;&#xD;
info: Kafka.Ksql.Linq.KsqlContext[0]&#xD;
      ksql execute: EXECUTE SQL=SHOW QUERIES;&#xD;
info: Kafka.Ksql.Linq.KsqlContext[0]&#xD;
      ksql execute: EXECUTE SQL=SHOW QUERIES;&#xD;
info: Kafka.Ksql.Linq.KsqlContext[0]&#xD;
      ksql execute: EXECUTE SQL=SHOW QUERIES;&#xD;
info: Kafka.Ksql.Linq.KsqlContext[0]&#xD;
      ksql execute: EXECUTE SQL=SHOW QUERIES;&#xD;
info: Kafka.Ksql.Linq.KsqlContext[0]&#xD;
      ksql execute: EXECUTE SQL=SHOW QUERIES;&#xD;
info: Kafka.Ksql.Linq.KsqlContext[0]&#xD;
      ksql execute: EXECUTE SQL=SHOW QUERIES;&#xD;
info: Kafka.Ksql.Linq.KsqlContext[0]&#xD;
      ksql execute: EXECUTE SQL=SHOW QUERIES;&#xD;
info: Kafka.Ksql.Linq.KsqlContext[0]&#xD;
      ksql execute: EXECUTE SQL=SHOW QUERIES;&#xD;
info: Kafka.Ksql.Linq.KsqlContext[0]&#xD;
      ksql execute: EXECUTE SQL=SHOW QUERIES;&#xD;
info: Kafka.Ksql.Linq.KsqlContext[0]&#xD;
      ksql execute: EXECUTE SQL=SHOW QUERIES;&#xD;
info: Kafka.Ksql.Linq.KsqlContext[0]&#xD;
      ksql execute: EXECUTE SQL=SHOW QUERIES;&#xD;
info: Kafka.Ksql.Linq.KsqlContext[0]&#xD;
      ksql execute: EXECUTE SQL=SHOW QUERIES;&#xD;
info: Kafka.Ksql.Linq.KsqlContext[0]&#xD;
      ksql execute: EXECUTE SQL=SHOW QUERIES;&#xD;
info: Kafka.Ksql.Linq.KsqlContext[0]&#xD;
      ksql execute: EXECUTE SQL=SHOW QUERIES;&#xD;
info: Kafka.Ksql.Linq.KsqlContext[0]&#xD;
      ksql execute: EXECUTE SQL=SHOW QUERIES;&#xD;
info: Kafka.Ksql.Linq.KsqlContext[0]&#xD;
      ksql execute: EXECUTE SQL=SHOW QUERIES;&#xD;
info: Kafka.Ksql.Linq.KsqlContext[0]&#xD;
      ksql execute: EXECUTE SQL=SHOW QUERIES;&#xD;
info: Kafka.Ksql.Linq.KsqlContext[0]&#xD;
      ksql execute: EXECUTE SQL=SHOW QUERIES;&#xD;
info: Kafka.Ksql.Linq.KsqlContext[0]&#xD;
      ksql execute: EXECUTE SQL=SHOW QUERIES;&#xD;
info: Kafka.Ksql.Linq.KsqlContext[0]&#xD;
      ksql execute: EXECUTE SQL=SHOW QUERIES;&#xD;
info: Kafka.Ksql.Linq.KsqlContext[0]&#xD;
      ksql execute: EXECUTE SQL=SHOW QUERIES;&#xD;
info: Kafka.Ksql.Linq.KsqlContext[0]&#xD;
      ksql execute: EXECUTE SQL=SHOW QUERIES;&#xD;
info: Kafka.Ksql.Linq.KsqlContext[0]&#xD;
      ksql execute: EXECUTE SQL=SHOW QUERIES;&#xD;
info: Kafka.Ksql.Linq.KsqlContext[0]&#xD;
      ksql execute: EXECUTE SQL=SHOW QUERIES;&#xD;
info: Kafka.Ksql.Linq.KsqlContext[0]&#xD;
      ksql execute: EXECUTE SQL=SHOW QUERIES;&#xD;
info: Kafka.Ksql.Linq.KsqlContext[0]&#xD;
      ksql execute: EXECUTE SQL=SHOW QUERIES;&#xD;
info: Streamiz.Kafka.Net.Processors.StreamThread[0]&#xD;
      Processed 0 total records, ran 0 punctuators and committed 0 total tasks since the last update&#xD;
info: Kafka.Ksql.Linq.KsqlContext[0]&#xD;
      ksql execute: EXECUTE SQL=SHOW QUERIES;&#xD;
info: Kafka.Ksql.Linq.KsqlContext[0]&#xD;
      ksql execute: EXECUTE SQL=SHOW QUERIES;&#xD;
info: Kafka.Ksql.Linq.KsqlContext[0]&#xD;
      ksql execute: EXECUTE SQL=SHOW QUERIES;&#xD;
info: Kafka.Ksql.Linq.KsqlContext[0]&#xD;
      ksql execute: EXECUTE SQL=SHOW QUERIES;&#xD;
info: Kafka.Ksql.Linq.KsqlContext[0]&#xD;
      ksql execute: EXECUTE SQL=SHOW QUERIES;&#xD;
info: Kafka.Ksql.Linq.KsqlContext[0]&#xD;
      ksql execute: EXECUTE SQL=SHOW QUERIES;&#xD;
info: Kafka.Ksql.Linq.KsqlContext[0]&#xD;
      ksql execute: EXECUTE SQL=SHOW QUERIES;&#xD;
info: Kafka.Ksql.Linq.KsqlContext[0]&#xD;
      ksql execute: EXECUTE SQL=SHOW QUERIES;&#xD;
info: Kafka.Ksql.Linq.KsqlContext[0]&#xD;
      ksql execute: EXECUTE SQL=SHOW QUERIES;&#xD;
info: Kafka.Ksql.Linq.KsqlContext[0]&#xD;
      ksql execute: EXECUTE SQL=SHOW QUERIES;&#xD;
info: Kafka.Ksql.Linq.KsqlContext[0]&#xD;
      ksql execute: EXECUTE SQL=SHOW QUERIES;&#xD;
info: Kafka.Ksql.Linq.KsqlContext[0]&#xD;
      ksql execute: EXECUTE SQL=SHOW QUERIES;&#xD;
info: Kafka.Ksql.Linq.KsqlContext[0]&#xD;
      ksql execute: EXECUTE SQL=SHOW QUERIES;&#xD;
info: Kafka.Ksql.Linq.KsqlContext[0]&#xD;
      ksql execute: EXECUTE SQL=SHOW QUERIES;&#xD;
info: Kafka.Ksql.Linq.KsqlContext[0]&#xD;
      ksql execute: EXECUTE SQL=SHOW QUERIES;&#xD;
info: Kafka.Ksql.Linq.KsqlContext[0]&#xD;
      ksql execute: EXECUTE SQL=SHOW QUERIES;&#xD;
info: Kafka.Ksql.Linq.KsqlContext[0]&#xD;
      ksql execute: EXECUTE SQL=SHOW QUERIES;&#xD;
info: Kafka.Ksql.Linq.KsqlContext[0]&#xD;
      ksql execute: EXECUTE SQL=SHOW QUERIES;&#xD;
info: Kafka.Ksql.Linq.KsqlContext[0]&#xD;
      ksql execute: EXECUTE SQL=SHOW QUERIES;&#xD;
info: Kafka.Ksql.Linq.KsqlContext[0]&#xD;
      ksql execute: EXECUTE SQL=SHOW QUERIES;&#xD;
info: Kafka.Ksql.Linq.KsqlContext[0]&#xD;
      ksql execute: EXECUTE SQL=SHOW QUERIES;&#xD;
info: Kafka.Ksql.Linq.KsqlContext[0]&#xD;
      ksql execute: EXECUTE SQL=SHOW QUERIES;&#xD;
info: Kafka.Ksql.Linq.KsqlContext[0]&#xD;
      ksql execute: EXECUTE SQL=SHOW QUERIES;&#xD;
info: Kafka.Ksql.Linq.KsqlContext[0]&#xD;
      ksql execute: EXECUTE SQL=SHOW QUERIES;&#xD;
info: Kafka.Ksql.Linq.KsqlContext[0]&#xD;
      ksql execute: EXECUTE SQL=SHOW QUERIES;&#xD;
info: Kafka.Ksql.Linq.KsqlContext[0]&#xD;
      ksql execute: EXECUTE SQL=SHOW QUERIES;&#xD;
info: Kafka.Ksql.Linq.KsqlContext[0]&#xD;
      ksql execute: EXECUTE SQL=SHOW QUERIES;&#xD;
info: Kafka.Ksql.Linq.KsqlContext[0]&#xD;
      ksql execute: EXECUTE SQL=SHOW QUERIES;&#xD;
info: Kafka.Ksql.Linq.KsqlContext[0]&#xD;
      ksql execute: EXECUTE SQL=SHOW QUERIES;&#xD;
info: Kafka.Ksql.Linq.KsqlContext[0]&#xD;
      ksql execute: EXECUTE SQL=SHOW QUERIES;&#xD;
info: Streamiz.Kafka.Net.Processors.StreamThread[0]&#xD;
      Processed 0 total records, ran 0 punctuators and committed 0 total tasks since the last update&#xD;
info: Kafka.Ksql.Linq.KsqlContext[0]&#xD;
      ksql execute: EXECUTE SQL=SHOW QUERIES;&#xD;
info: Kafka.Ksql.Linq.KsqlContext[0]&#xD;
      ksql execute: EXECUTE SQL=SHOW QUERIES;&#xD;
info: Kafka.Ksql.Linq.KsqlContext[0]&#xD;
      ksql execute: EXECUTE SQL=SHOW QUERIES;&#xD;
info: Kafka.Ksql.Linq.KsqlContext[0]&#xD;
      ksql execute: EXECUTE SQL=SHOW QUERIES;&#xD;
info: Kafka.Ksql.Linq.KsqlContext[0]&#xD;
      ksql execute: EXECUTE SQL=SHOW QUERIES;&#xD;
info: Kafka.Ksql.Linq.KsqlContext[0]&#xD;
      ksql execute: EXECUTE SQL=SHOW QUERIES;&#xD;
info: Kafka.Ksql.Linq.KsqlContext[0]&#xD;
      ksql execute: EXECUTE SQL=SHOW QUERIES;&#xD;
info: Kafka.Ksql.Linq.KsqlContext[0]&#xD;
      ksql execute: EXECUTE SQL=SHOW QUERIES;&#xD;
info: Kafka.Ksql.Linq.KsqlContext[0]&#xD;
      ksql execute: EXECUTE SQL=SHOW QUERIES;&#xD;
info: Kafka.Ksql.Linq.KsqlContext[0]&#xD;
      ksql execute: EXECUTE SQL=SHOW QUERIES;&#xD;
info: Kafka.Ksql.Linq.KsqlContext[0]&#xD;
      ksql execute: EXECUTE SQL=SHOW QUERIES;&#xD;
info: Kafka.Ksql.Linq.KsqlContext[0]&#xD;
      ksql execute: EXECUTE SQL=SHOW QUERIES;&#xD;
info: Kafka.Ksql.Linq.KsqlContext[0]&#xD;
      ksql execute: EXECUTE SQL=SHOW QUERIES;&#xD;
info: Kafka.Ksql.Linq.KsqlContext[0]&#xD;
      ksql execute: EXECUTE SQL=SHOW QUERIES;&#xD;
info: Kafka.Ksql.Linq.KsqlContext[0]&#xD;
      ksql execute: EXECUTE SQL=SHOW QUERIES;&#xD;
info: Kafka.Ksql.Linq.KsqlContext[0]&#xD;
      ksql execute: EXECUTE SQL=SHOW QUERIES;&#xD;
info: Kafka.Ksql.Linq.KsqlContext[0]&#xD;
      ksql execute: EXECUTE SQL=SHOW QUERIES;&#xD;
info: Kafka.Ksql.Linq.KsqlContext[0]&#xD;
      ksql execute: EXECUTE SQL=SHOW QUERIES;&#xD;
fail: Kafka.Ksql.Linq.KsqlContext[0]&#xD;
      KsqlContext initialization failed: CTAS/CSAS query for bar_1s_final_s did not reach RUNNING within 180s &#xD;
      System.TimeoutException: CTAS/CSAS query for bar_1s_final_s did not reach RUNNING within 180s&#xD;
         at Kafka.Ksql.Linq.KsqlContext.&lt;&gt;c__DisplayClass95_0.&lt;&lt;EnsureQueryEntityDdlAsync&gt;g__EnsureDerivedQueryEntityDdlAsync|0&gt;d.MoveNext()&#xD;
      --- End of stack trace from previous location ---&#xD;
         at Kafka.Ksql.Linq.KsqlContext.EnsureQueryEntityDdlAsync(Type type, EntityModel model)&#xD;
         at Kafka.Ksql.Linq.KsqlContext.RegisterSchemasAndMaterializeAsync()&#xD;
         at Kafka.Ksql.Linq.KsqlContext.InitializeWithSchemaRegistration()&#xD;
         at Kafka.Ksql.Linq.KsqlContext.InitializeCore(ILoggerFactory loggerFactory)&#xD;
[xUnit.net 00:27:23.33]       System.TimeoutException : CTAS/CSAS query for bar_1s_final_s did not reach RUNNING within 180s&#xD;
[xUnit.net 00:27:23.33]       Stack Trace:&#xD;
[xUnit.net 00:27:23.33]            at Kafka.Ksql.Linq.KsqlContext.&lt;&gt;c__DisplayClass95_0.&lt;&lt;EnsureQueryEntityDdlAsync&gt;g__EnsureDerivedQueryEntityDdlAsync|0&gt;d.MoveNext()&#xD;
[xUnit.net 00:27:23.33]         --- End of stack trace from previous location ---&#xD;
[xUnit.net 00:27:23.33]            at Kafka.Ksql.Linq.KsqlContext.EnsureQueryEntityDdlAsync(Type type, EntityModel model)&#xD;
[xUnit.net 00:27:23.33]            at Kafka.Ksql.Linq.KsqlContext.RegisterSchemasAndMaterializeAsync()&#xD;
[xUnit.net 00:27:23.33]            at Kafka.Ksql.Linq.KsqlContext.InitializeWithSchemaRegistration()&#xD;
[xUnit.net 00:27:23.33]            at Kafka.Ksql.Linq.KsqlContext.InitializeCore(ILoggerFactory loggerFactory)&#xD;
[xUnit.net 00:27:23.33]            at Kafka.Ksql.Linq.KsqlContext..ctor(KsqlDslOptions options, ILoggerFactory loggerFactory)&#xD;
[xUnit.net 00:27:23.33]         C:\dev\experimental\physicalTests\OssSamples\BarDslLongRunTests.cs(41,0): at Kafka.Ksql.Linq.Tests.Integration.BarDslLongRunTests.TestContext..ctor()&#xD;
[xUnit.net 00:27:23.33]         C:\dev\experimental\physicalTests\OssSamples\BarDslLongRunTests.cs(72,0): at Kafka.Ksql.Linq.Tests.Integration.BarDslLongRunTests.LongRun_1h_Ohlc_And_Grace_Verify()&#xD;
[xUnit.net 00:27:23.33]         --- End of stack trace from previous location ---&#xD;
info: Kafka.Ksql.Linq.KsqlContext[0]&#xD;
      ksql execute: EXECUTE SQL=SHOW TOPICS;&#xD;
info: Kafka.Ksql.Linq.KsqlContext[0]&#xD;
      KSQL DDL (simple Rate): CREATE OR REPLACE STREAM deduprates (Broker VARCHAR KEY, Symbol VARCHAR KEY, Timestamp TIMESTAMP, Bid DOUBLE) WITH (KAFKA_TOPIC='deduprates', KEY_FORMAT='AVRO', VALUE_FORMAT='AVRO', VALUE_AVRO_SCHEMA_FULL_NAME='kafka_ksql_linq_tests_integration.deduprates_valueAvro', TIMESTAMP='Timestamp', PARTITIONS=1, REPLICAS=1);&#xD;
info: Kafka.Ksql.Linq.KsqlContext[0]&#xD;
      ksql execute: EXECUTE SQL=CREATE OR REPLACE STREAM deduprates (Broker VARCHAR KEY, Symbol VARCHAR KEY, Timestamp TIMESTAMP, Bid DOUBLE) WITH (KAFK...&#xD;
info: Kafka.Ksql.Linq.KsqlContext[0]&#xD;
      ksql execute: EXECUTE SQL=DESCRIBE EXTENDED DEDUPRATES;&#xD;
info: Kafka.Ksql.Linq.KsqlContext[0]&#xD;
      ksql execute: EXECUTE SQL=DESCRIBE EXTENDED DEDUPRATES;&#xD;
info: Kafka.Ksql.Linq.KsqlContext[0]&#xD;
      ksql execute: EXECUTE SQL=DESCRIBE EXTENDED DEDUPRATES;&#xD;
info: Kafka.Ksql.Linq.KsqlContext[0]&#xD;
      ksql execute: EXECUTE SQL=DESCRIBE EXTENDED DEDUPRATES;&#xD;
info: Kafka.Ksql.Linq.KsqlContext[0]&#xD;
      ksql execute: EXECUTE SQL=DESCRIBE EXTENDED DEDUPRATES;&#xD;
info: Kafka.Ksql.Linq.KsqlContext[0]&#xD;
      ksql execute: EXECUTE SQL=DESCRIBE EXTENDED DEDUPRATES;&#xD;
info: Kafka.Ksql.Linq.KsqlContext[0]&#xD;
      ksql execute: EXECUTE SQL=DESCRIBE EXTENDED DEDUPRATES;&#xD;
info: Kafka.Ksql.Linq.KsqlContext[0]&#xD;
      ksql execute: EXECUTE SQL=DESCRIBE EXTENDED DEDUPRATES;&#xD;
info: Kafka.Ksql.Linq.KsqlContext[0]&#xD;
      ksql execute: EXECUTE SQL=DESCRIBE EXTENDED DEDUPRATES;&#xD;
info: Kafka.Ksql.Linq.KsqlContext[0]&#xD;
      ksql execute: EXECUTE SQL=DESCRIBE EXTENDED DEDUPRATES;&#xD;
info: Kafka.Ksql.Linq.KsqlContext[0]&#xD;
      ksql execute: EXECUTE SQL=DESCRIBE EXTENDED DEDUPRATES;&#xD;
info: Kafka.Ksql.Linq.KsqlContext[0]&#xD;
      ksql execute: EXECUTE SQL=DESCRIBE EXTENDED DEDUPRATES;&#xD;
info: Kafka.Ksql.Linq.KsqlContext[0]&#xD;
      ksql execute: EXECUTE SQL=DESCRIBE EXTENDED DEDUPRATES;&#xD;
info: Kafka.Ksql.Linq.KsqlContext[0]&#xD;
      ksql execute: EXECUTE SQL=DESCRIBE EXTENDED DEDUPRATES;&#xD;
info: Kafka.Ksql.Linq.KsqlContext[0]&#xD;
      ksql execute: EXECUTE SQL=DESCRIBE EXTENDED DEDUPRATES;&#xD;
info: Kafka.Ksql.Linq.KsqlContext[0]&#xD;
      ksql execute: EXECUTE SQL=DESCRIBE EXTENDED DEDUPRATES;&#xD;
info: Kafka.Ksql.Linq.KsqlContext[0]&#xD;
      ksql execute: EXECUTE SQL=DESCRIBE EXTENDED DEDUPRATES;&#xD;
info: Kafka.Ksql.Linq.KsqlContext[0]&#xD;
      ksql execute: EXECUTE SQL=DESCRIBE EXTENDED DEDUPRATES;&#xD;
info: Kafka.Ksql.Linq.KsqlContext[0]&#xD;
      ksql execute: EXECUTE SQL=DESCRIBE EXTENDED DEDUPRATES;&#xD;
info: Kafka.Ksql.Linq.KsqlContext[0]&#xD;
      ksql execute: EXECUTE SQL=DESCRIBE EXTENDED DEDUPRATES;&#xD;
info: Kafka.Ksql.Linq.KsqlContext[0]&#xD;
      ksql execute: EXECUTE SQL=DESCRIBE EXTENDED DEDUPRATES;&#xD;
info: Kafka.Ksql.Linq.KsqlContext[0]&#xD;
      ksql execute: EXECUTE SQL=DESCRIBE EXTENDED DEDUPRATES;&#xD;
info: Kafka.Ksql.Linq.KsqlContext[0]&#xD;
      ksql execute: EXECUTE SQL=DESCRIBE EXTENDED DEDUPRATES;&#xD;
info: Kafka.Ksql.Linq.KsqlContext[0]&#xD;
      ksql execute: EXECUTE SQL=DESCRIBE EXTENDED DEDUPRATES;&#xD;
info: Kafka.Ksql.Linq.KsqlContext[0]&#xD;
      ksql execute: EXECUTE SQL=SHOW TOPICS;&#xD;
info: Kafka.Ksql.Linq.KsqlContext[0]&#xD;
      KSQL DDL (simple DlqEnvelope): CREATE OR REPLACE STREAM dead_letter_queue (`Topic` VARCHAR KEY, `Partition` INT KEY, `Offset` BIGINT KEY, TimestampUtc VARCHAR, IngestedAtUtc VARCHAR, PayloadFormatKey VARCHAR, PayloadFormatValue VARCHAR, SchemaIdKey VARCHAR, SchemaIdValue VARCHAR, KeyIsNull BOOLEAN, ErrorType VARCHAR, ErrorMessageShort VARCHAR, StackTraceShort VARCHAR, ErrorFingerprint VARCHAR, ApplicationId VARCHAR, ConsumerGroup VARCHAR, Host VARCHAR, Headers MAP&lt;STRING, STRING&gt;) WITH (KAFKA_TOPIC='dead-letter-queue', KEY_FORMAT='AVRO', VALUE_FORMAT='AVRO', VALUE_AVRO_SCHEMA_FULL_NAME='kafka_ksql_linq_messaging.dead_letter_queue_valueAvro', PARTITIONS=1, REPLICAS=1);&#xD;
info: Kafka.Ksql.Linq.KsqlContext[0]&#xD;
      ksql execute: EXECUTE SQL=CREATE OR REPLACE STREAM dead_letter_queue (`Topic` VARCHAR KEY, `Partition` INT KEY, `Offset` BIGINT KEY, TimestampUtc ...&#xD;
info: Kafka.Ksql.Linq.KsqlContext[0]&#xD;
      ksql execute: EXECUTE SQL=DESCRIBE EXTENDED DEAD-LETTER-QUEUE;&#xD;
info: Streamiz.Kafka.Net.Processors.StreamThread[0]&#xD;
      Processed 0 total records, ran 0 punctuators and committed 0 total tasks since the last update&#xD;
info: Kafka.Ksql.Linq.KsqlContext[0]&#xD;
      ksql execute: EXECUTE SQL=DESCRIBE EXTENDED DEAD-LETTER-QUEUE;&#xD;
info: Kafka.Ksql.Linq.KsqlContext[0]&#xD;
      ksql execute: EXECUTE SQL=DESCRIBE EXTENDED DEAD-LETTER-QUEUE;&#xD;
info: Kafka.Ksql.Linq.KsqlContext[0]&#xD;
      ksql execute: EXECUTE SQL=DESCRIBE EXTENDED DEAD-LETTER-QUEUE;&#xD;
info: Kafka.Ksql.Linq.KsqlContext[0]&#xD;
      ksql execute: EXECUTE SQL=DESCRIBE EXTENDED DEAD-LETTER-QUEUE;&#xD;
info: Kafka.Ksql.Linq.KsqlContext[0]&#xD;
      ksql execute: EXECUTE SQL=DESCRIBE EXTENDED DEAD-LETTER-QUEUE;&#xD;
info: Kafka.Ksql.Linq.KsqlContext[0]&#xD;
      ksql execute: EXECUTE SQL=DESCRIBE EXTENDED DEAD-LETTER-QUEUE;&#xD;
info: Kafka.Ksql.Linq.KsqlContext[0]&#xD;
      ksql execute: EXECUTE SQL=DESCRIBE EXTENDED DEAD-LETTER-QUEUE;&#xD;
info: Kafka.Ksql.Linq.KsqlContext[0]&#xD;
      ksql execute: EXECUTE SQL=DESCRIBE EXTENDED DEAD-LETTER-QUEUE;&#xD;
info: Kafka.Ksql.Linq.KsqlContext[0]&#xD;
      ksql execute: EXECUTE SQL=DESCRIBE EXTENDED DEAD-LETTER-QUEUE;&#xD;
info: Kafka.Ksql.Linq.KsqlContext[0]&#xD;
      ksql execute: EXECUTE SQL=DESCRIBE EXTENDED DEAD-LETTER-QUEUE;&#xD;
info: Kafka.Ksql.Linq.KsqlContext[0]&#xD;
      ksql execute: EXECUTE SQL=DESCRIBE EXTENDED DEAD-LETTER-QUEUE;&#xD;
info: Kafka.Ksql.Linq.KsqlContext[0]&#xD;
      ksql execute: EXECUTE SQL=DESCRIBE EXTENDED DEAD-LETTER-QUEUE;&#xD;
info: Kafka.Ksql.Linq.KsqlContext[0]&#xD;
      ksql execute: EXECUTE SQL=DESCRIBE EXTENDED DEAD-LETTER-QUEUE;&#xD;
info: Kafka.Ksql.Linq.KsqlContext[0]&#xD;
      ksql execute: EXECUTE SQL=DESCRIBE EXTENDED DEAD-LETTER-QUEUE;&#xD;
info: Kafka.Ksql.Linq.KsqlContext[0]&#xD;
      ksql execute: EXECUTE SQL=DESCRIBE EXTENDED DEAD-LETTER-QUEUE;&#xD;
info: Kafka.Ksql.Linq.KsqlContext[0]&#xD;
      ksql execute: EXECUTE SQL=DESCRIBE EXTENDED DEAD-LETTER-QUEUE;&#xD;
info: Kafka.Ksql.Linq.KsqlContext[0]&#xD;
      ksql execute: EXECUTE SQL=DESCRIBE EXTENDED DEAD-LETTER-QUEUE;&#xD;
info: Kafka.Ksql.Linq.KsqlContext[0]&#xD;
      ksql execute: EXECUTE SQL=DESCRIBE EXTENDED DEAD-LETTER-QUEUE;&#xD;
info: Kafka.Ksql.Linq.KsqlContext[0]&#xD;
      ksql execute: EXECUTE SQL=DESCRIBE EXTENDED DEAD-LETTER-QUEUE;&#xD;
info: Kafka.Ksql.Linq.KsqlContext[0]&#xD;
      ksql execute: EXECUTE SQL=DESCRIBE EXTENDED DEAD-LETTER-QUEUE;&#xD;
info: Kafka.Ksql.Linq.KsqlContext[0]&#xD;
      ksql execute: EXECUTE SQL=DESCRIBE EXTENDED DEAD-LETTER-QUEUE;&#xD;
info: Kafka.Ksql.Linq.KsqlContext[0]&#xD;
      ksql execute: EXECUTE SQL=DESCRIBE EXTENDED DEAD-LETTER-QUEUE;&#xD;
info: Kafka.Ksql.Linq.KsqlContext[0]&#xD;
      ksql execute: EXECUTE SQL=DESCRIBE EXTENDED DEAD-LETTER-QUEUE;&#xD;
info: Kafka.Ksql.Linq.KsqlContext[0]&#xD;
      KSQL DDL (derived bar_1s_final): CREATE TABLE bar_1s_final  WITH (KAFKA_TOPIC='bar_1s_final', KEY_FORMAT='AVRO', VALUE_FORMAT='AVRO') AS&#xD;
      SELECT BROKER AS Broker, SYMBOL AS Symbol, WINDOWSTART AS BucketStart, EARLIEST_BY_OFFSET(Bid) AS Open, MAX(Bid) AS High, MIN(Bid) AS Low, LATEST_BY_OFFSET(Bid) AS KsqlTimeFrameClose&#xD;
      FROM DEDUPRATES o WINDOW TUMBLING (SIZE 1 SECONDS)&#xD;
      GROUP BY BROKER, SYMBOL&#xD;
      EMIT FINAL;&#xD;
info: Kafka.Ksql.Linq.KsqlContext[0]&#xD;
      ksql execute: EXECUTE SQL=CREATE TABLE bar_1s_final  WITH (KAFKA_TOPIC='bar_1s_final', KEY_FORMAT='AVRO', VALUE_FORMAT='AVRO') AS  SELECT BROKER A...&#xD;
info: Kafka.Ksql.Linq.KsqlContext[0]&#xD;
      KSQL DDL (derived bar_1s_final_s): CREATE STREAM bar_1s_final_s (BROKER VARCHAR KEY, SYMBOL VARCHAR KEY, BUCKETSTART TIMESTAMP KEY, OPEN DOUBLE, HIGH DOUBLE, LOW DOUBLE, KSQLTIMEFRAMECLOSE DOUBLE) WITH (KAFKA_TOPIC='bar_1s_final', KEY_FORMAT='AVRO', VALUE_FORMAT='AVRO', VALUE_AVRO_SCHEMA_FULL_NAME='bar_ksql.bar_1s_final_s_valueAvro', PARTITIONS=1, REPLICAS=1, RETENTION_MS=604800000);&#xD;
info: Kafka.Ksql.Linq.KsqlContext[0]&#xD;
      ksql execute: EXECUTE SQL=CREATE STREAM bar_1s_final_s (BROKER VARCHAR KEY, SYMBOL VARCHAR KEY, BUCKETSTART TIMESTAMP KEY, OPEN DOUBLE, HIGH DOUBL...&#xD;
info: Kafka.Ksql.Linq.KsqlContext[0]&#xD;
      KSQL DDL (derived bar_1m_live): CREATE TABLE bar_1m_live  WITH (KAFKA_TOPIC='bar_1m_live', KEY_FORMAT='AVRO', VALUE_FORMAT='AVRO') AS&#xD;
      SELECT BROKER AS Broker, SYMBOL AS Symbol, WINDOWSTART AS BucketStart, EARLIEST_BY_OFFSET(o.OPEN) AS Open, MAX(o.HIGH) AS High, MIN(o.LOW) AS Low, LATEST_BY_OFFSET(o.KSQLTIMEFRAMECLOSE) AS KsqlTimeFrameClose&#xD;
      FROM bar_1s_final_s o WINDOW TUMBLING (SIZE 1 MINUTES, GRACE PERIOD 2 SECONDS)&#xD;
      GROUP BY BROKER, SYMBOL&#xD;
      EMIT CHANGES;&#xD;
info: Kafka.Ksql.Linq.KsqlContext[0]&#xD;
      ksql execute: EXECUTE SQL=CREATE TABLE bar_1m_live  WITH (KAFKA_TOPIC='bar_1m_live', KEY_FORMAT='AVRO', VALUE_FORMAT='AVRO') AS  SELECT BROKER AS ...&#xD;
info: Kafka.Ksql.Linq.KsqlContext[0]&#xD;
      KSQL DDL (derived bar_5m_live): CREATE TABLE bar_5m_live  WITH (KAFKA_TOPIC='bar_5m_live', KEY_FORMAT='AVRO', VALUE_FORMAT='AVRO') AS&#xD;
      SELECT BROKER AS Broker, SYMBOL AS Symbol, WINDOWSTART AS BucketStart, EARLIEST_BY_OFFSET(o.OPEN) AS Open, MAX(o.HIGH) AS High, MIN(o.LOW) AS Low, LATEST_BY_OFFSET(o.KSQLTIMEFRAMECLOSE) AS KsqlTimeFrameClose&#xD;
      FROM bar_1s_final_s o WINDOW TUMBLING (SIZE 5 MINUTES, GRACE PERIOD 3 SECONDS)&#xD;
      GROUP BY BROKER, SYMBOL&#xD;
      EMIT CHANGES;&#xD;
info: Kafka.Ksql.Linq.KsqlContext[0]&#xD;
      ksql execute: EXECUTE SQL=CREATE TABLE bar_5m_live  WITH (KAFKA_TOPIC='bar_5m_live', KEY_FORMAT='AVRO', VALUE_FORMAT='AVRO') AS  SELECT BROKER AS ...&#xD;
info: Kafka.Ksql.Linq.KsqlContext[0]&#xD;
      KSQL DDL (derived bar_15m_live): CREATE TABLE bar_15m_live  WITH (KAFKA_TOPIC='bar_15m_live', KEY_FORMAT='AVRO', VALUE_FORMAT='AVRO') AS&#xD;
      SELECT BROKER AS Broker, SYMBOL AS Symbol, WINDOWSTART AS BucketStart, EARLIEST_BY_OFFSET(o.OPEN) AS Open, MAX(o.HIGH) AS High, MIN(o.LOW) AS Low, LATEST_BY_OFFSET(o.KSQLTIMEFRAMECLOSE) AS KsqlTimeFrameClose&#xD;
      FROM bar_1s_final_s o WINDOW TUMBLING (SIZE 15 MINUTES, GRACE PERIOD 4 SECONDS)&#xD;
      GROUP BY BROKER, SYMBOL&#xD;
      EMIT CHANGES;&#xD;
info: Kafka.Ksql.Linq.KsqlContext[0]&#xD;
      ksql execute: EXECUTE SQL=CREATE TABLE bar_15m_live  WITH (KAFKA_TOPIC='bar_15m_live', KEY_FORMAT='AVRO', VALUE_FORMAT='AVRO') AS  SELECT BROKER A...&#xD;
info: Kafka.Ksql.Linq.KsqlContext[0]&#xD;
      KSQL DDL (derived bar_60m_live): CREATE TABLE bar_60m_live  WITH (KAFKA_TOPIC='bar_60m_live', KEY_FORMAT='AVRO', VALUE_FORMAT='AVRO') AS&#xD;
      SELECT BROKER AS Broker, SYMBOL AS Symbol, WINDOWSTART AS BucketStart, EARLIEST_BY_OFFSET(o.OPEN) AS Open, MAX(o.HIGH) AS High, MIN(o.LOW) AS Low, LATEST_BY_OFFSET(o.KSQLTIMEFRAMECLOSE) AS KsqlTimeFrameClose&#xD;
      FROM bar_1s_final_s o WINDOW TUMBLING (SIZE 60 MINUTES, GRACE PERIOD 5 SECONDS)&#xD;
      GROUP BY BROKER, SYMBOL&#xD;
      EMIT CHANGES;&#xD;
info: Kafka.Ksql.Linq.KsqlContext[0]&#xD;
      ksql execute: EXECUTE SQL=CREATE TABLE bar_60m_live  WITH (KAFKA_TOPIC='bar_60m_live', KEY_FORMAT='AVRO', VALUE_FORMAT='AVRO') AS  SELECT BROKER A...&#xD;
info: Kafka.Ksql.Linq.KsqlContext[0]&#xD;
      ksql execute: EXECUTE SQL=SHOW QUERIES;&#xD;
info: Kafka.Ksql.Linq.KsqlContext[0]&#xD;
      SHOW QUERIES output (attempt 1): [{"@type":"queries","statementText":"SHOW QUERIES;","queries":[{"queryString":"CREATE TABLE BAR_15M_LIVE WITH (CLEANUP_POLICY='compact,delete', KAFKA_TOPIC='bar_15m_live', KEY_FORMAT='AVRO', PARTITIONS=1, REPLICAS=1, RETENTION_MS=604800000, VALUE_FORMAT='AVRO') AS SELECT\n  O.BROKER BROKER,\n  O.SYMBOL SYMBOL,\n  WINDOWSTART BUCKETSTART,\n  EARLIEST_BY_OFFSET(O.OPEN) OPEN,\n  MAX(O.HIGH) HIGH,\n  MIN(O.LOW) LOW,\n  LATEST_BY_OFFSET(O.KSQLTIMEFRAMECLOSE) KSQLTIMEFRAMECLOSE\nFROM BAR_1S_FINAL_S O\nWINDOW TUMBLING ( SIZE 15 MINUTES , GRACE PERIOD 4 SECONDS ) \nGROUP BY O.BROKER, O.SYMBOL\nEMIT CHANGES;","sinks":["BAR_15M_LIVE"],"sinkKafkaTopics":["bar_15m_live"],"id":"CTAS_BAR_15M_LIVE_109","statusCount":{"RUNNING":1},"queryType":"PERSISTENT","state":"RUNNING"},{"queryString":"CREATE TABLE BAR_1S_FINAL WITH (CLEANUP_POLICY='compact,delete', KAFKA_TOPIC='bar_1s_final', KEY_FORMAT='AVRO', PARTITIONS=1, REPLICAS=1, RETENTION_MS=604800000, VALUE_FORMAT='AVRO') AS SELECT\n  O.BROKER BROKER,\n  O.SYMBOL SYMBOL,\n  WINDOWSTART BUCKETSTART,\n  EARLIEST_BY_OFFSET(O.BID) OPEN,\n  MAX(O.BID) HIGH,\n  MIN(O.BID) LOW,\n  LATEST_BY_OFFSET(O.BID) KSQLTIMEFRAMECLOSE\nFROM DEDUPRATES O\nWINDOW TUMBLING ( SIZE 1 SECONDS ) \nGROUP BY O.BROKER, O.SYMBOL\nEMIT FINAL;","sinks":["BAR_1S_FINAL"],"sinkKafkaTopics":["bar_1s_final"],"id":"CTAS_BAR_1S_FINAL_97","statusCount":{"RUNNING":1},"queryType":"PERSISTENT","state":"RUNNING"},{"queryString":"CREATE TABLE BAR_60M_LIVE WITH (CLEANUP_POLICY='compact,delete', KAFKA_TOPIC='bar_60m_live', KEY_FORMAT='AVRO', PARTITIONS=1, REPLICAS=1, RETENTION_MS=604800000, VALUE_FORMAT='AVRO') AS SELECT\n  O.BROKER BROKER,\n  O.SYMBOL SYMBOL,\n  WINDOWSTART BUCKETSTART,\n  EARLIEST_BY_OFFSET(O.OPEN) OPEN,\n  MAX(O.HIGH) HIGH,\n  MIN(O.LOW) LOW,\n  LATEST_BY_OFFSET(O.KSQLTIMEFRAMECLOSE) KSQLTIMEFRAMECLOSE\nFROM BAR_1S_FINAL_S O\nWINDOW TUMBLING ( SIZE 60 MINUTES , GRACE PERIOD 5 SECONDS ) \nGROUP BY O.BROKER, O.SYMBOL\nEMIT CHANGES;","sinks":["BAR_60M_LIVE"],"sinkKafkaTopics":["bar_60m_live"],"id":"CTAS_BAR_60M_LIVE_111","statusCount":{"RUNNING":1},"queryType":"PERSISTENT","state":"RUNNING"},{"queryString":"CREATE TABLE BAR_TBIMP_1M_LIVE WITH (CLEANUP_POLICY='compact,delete', KAFKA_TOPIC='bar_tbimp_1m_live', KEY_FORMAT='AVRO', PARTITIONS=1, REPLICAS=1, RETENTION_MS=604800000, VALUE_FORMAT='AVRO') AS SELECT\n  O.BROKER BROKER,\n  O.SYMBOL SYMBOL,\n  WINDOWSTART BUCKETSTART,\n  EARLIEST_BY_OFFSET(O.OPEN) OPEN,\n  MAX(O.HIGH) HIGH,\n  MIN(O.LOW) LOW,\n  LATEST_BY_OFFSET(O.CLOSE) CLOSE\nFROM BAR_TBIMP_1S_FINAL_S O\nWINDOW TUMBLING ( SIZE 1 MINUTES , GRACE PERIOD 2 SECONDS ) \nGROUP BY O.BROKER, O.SYMBOL\nEMIT CHANGES;","sinks":["BAR_TBIMP_1M_LIVE"],"sinkKafkaTopics":["bar_tbimp_1m_live"],"id":"CTAS_BAR_TBIMP_1M_LIVE_89","statusCount":{"RUNNING":1},"queryType":"PERSISTENT","state":"RUNNING"},{"queryString":"CREATE TABLE BAR_5M_LIVE WITH (CLEANUP_POLICY='compact,delete', KAFKA_TOPIC='bar_5m_live', KEY_FORMAT='AVRO', PARTITIONS=1, REPLICAS=1, RETENTION_MS=604800000, VALUE_FORMAT='AVRO') AS SELECT\n  O.BROKER BROKER,\n  O.SYMBOL SYMBOL,\n  WINDOWSTART BUCKETSTART,\n  EARLIEST_BY_OFFSET(O.OPEN) OPEN,\n  MAX(O.HIGH) HIGH,\n  MIN(O.LOW) LOW,\n  LATEST_BY_OFFSET(O.KSQLTIMEFRAMECLOSE) KSQLTIMEFRAMECLOSE\nFROM BAR_1S_FINAL_S O\nWINDOW TUMBLING ( SIZE 5 MINUTES , GRACE PERIOD 3 SECONDS ) \nGROUP BY O.BROKER, O.SYMBOL\nEMIT CHANGES;","sinks":["BAR_5M_LIVE"],"sinkKafkaTopics":["bar_5m_live"],"id":"CTAS_BAR_5M_LIVE_103","statusCount":{"RUNNING":1},"queryType":"PERSISTENT","state":"RUNNING"},{"queryString":"CREATE TABLE BAR_TBIMP_5M_LIVE WITH (CLEANUP_POLICY='compact,delete', KAFKA_TOPIC='bar_tbimp_5m_live', KEY_FORMAT='AVRO', PARTITIONS=1, REPLICAS=1, RETENTION_MS=604800000, VALUE_FORMAT='AVRO') AS SELECT\n  O.BROKER BROKER,\n  O.SYMBOL SYMBOL,\n  WINDOWSTART BUCKETSTART,\n  EARLIEST_BY_OFFSET(O.OPEN) OPEN,\n  MAX(O.HIGH) HIGH,\n  MIN(O.LOW) LOW,\n  LATEST_BY_OFFSET(O.CLOSE) CLOSE\nFROM BAR_TBIMP_1S_FINAL_S O\nWINDOW TUMBLING ( SIZE 5 MINUTES , GRACE PERIOD 3 SECONDS ) \nGROUP BY O.BROKER, O.SYMBOL\nEMIT CHANGES;","sinks":["BAR_TBIMP_5M_LIVE"],"sinkKafkaTopics":["bar_tbimp_5m_live"],"id":"CTAS_BAR_TBIMP_5M_LIVE_91","statusCount":{"RUNNING":1},"queryType":"PERSISTENT","state":"RUNNING"},{"queryString":"CREATE TABLE BAR_1M_LIVE WITH (CLEANUP_POLICY='compact,delete', KAFKA_TOPIC='bar_1m_live', KEY_FORMAT='AVRO', PARTITIONS=1, REPLICAS=1, RETENTION_MS=604800000, VALUE_FORMAT='AVRO') AS SELECT\n  O.BROKER BROKER,\n  O.SYMBOL SYMBOL,\n  WINDOWSTART BUCKETSTART,\n  EARLIEST_BY_OFFSET(O.OPEN) OPEN,\n  MAX(O.HIGH) HIGH,\n  MIN(O.LOW) LOW,\n  LATEST_BY_OFFSET(O.KSQLTIMEFRAMECLOSE) KSQLTIMEFRAMECLOSE\nFROM BAR_1S_FINAL_S O\nWINDOW TUMBLING ( SIZE 1 MINUTES , GRACE PERIOD 2 SECONDS ) \nGROUP BY O.BROKER, O.SYMBOL\nEMIT CHANGES;","sinks":["BAR_1M_LIVE"],"sinkKafkaTopics":["bar_1m_live"],"id":"CTAS_BAR_1M_LIVE_101","statusCount":{"RUNNING":1},"queryType":"PERSISTENT","state":"RUNNING"},{"queryString":"CREATE TABLE BAR_TBIMP_1S_FINAL WITH (CLEANUP_POLICY='compact,delete', KAFKA_TOPIC='bar_tbimp_1s_final', KEY_FORMAT='AVRO', PARTITIONS=1, REPLICAS=1, RETENTION_MS=604800000, VALUE_FORMAT='AVRO') AS SELECT\n  O.BROKER BROKER,\n  O.SYMBOL SYMBOL,\n  WINDOWSTART BUCKETSTART,\n  EARLIEST_BY_OFFSET(O.BID) OPEN,\n  MAX(O.BID) HIGH,\n  MIN(O.BID) LOW,\n  LATEST_BY_OFFSET(O.BID) CLOSE\nFROM TICKS_TBIMP O\nWINDOW TUMBLING ( SIZE 1 SECONDS ) \nGROUP BY O.BROKER, O.SYMBOL\nEMIT FINAL;","sinks":["BAR_TBIMP_1S_FINAL"],"sinkKafkaTopics":["bar_tbimp_1s_final"],"id":"CTAS_BAR_TBIMP_1S_FINAL_85","statusCount":{"RUNNING":1},"queryType":"PERSISTENT","state":"RUNNING"}],"warnings":[]}]&#xD;
warn: Kafka.Ksql.Linq.KsqlContext[0]&#xD;
      SHOW QUERIES attempt 1 did not contain a matching query for bar_1s_final&#xD;
info: Kafka.Ksql.Linq.KsqlContext[0]&#xD;
      ksql execute: EXECUTE SQL=SHOW QUERIES;&#xD;
info: Kafka.Ksql.Linq.KsqlContext[0]&#xD;
      SHOW QUERIES output (attempt 2): [{"@type":"queries","statementText":"SHOW QUERIES;","queries":[{"queryString":"CREATE TABLE BAR_15M_LIVE WITH (CLEANUP_POLICY='compact,delete', KAFKA_TOPIC='bar_15m_live', KEY_FORMAT='AVRO', PARTITIONS=1, REPLICAS=1, RETENTION_MS=604800000, VALUE_FORMAT='AVRO') AS SELECT\n  O.BROKER BROKER,\n  O.SYMBOL SYMBOL,\n  WINDOWSTART BUCKETSTART,\n  EARLIEST_BY_OFFSET(O.OPEN) OPEN,\n  MAX(O.HIGH) HIGH,\n  MIN(O.LOW) LOW,\n  LATEST_BY_OFFSET(O.KSQLTIMEFRAMECLOSE) KSQLTIMEFRAMECLOSE\nFROM BAR_1S_FINAL_S O\nWINDOW TUMBLING ( SIZE 15 MINUTES , GRACE PERIOD 4 SECONDS ) \nGROUP BY O.BROKER, O.SYMBOL\nEMIT CHANGES;","sinks":["BAR_15M_LIVE"],"sinkKafkaTopics":["bar_15m_live"],"id":"CTAS_BAR_15M_LIVE_109","statusCount":{"RUNNING":1},"queryType":"PERSISTENT","state":"RUNNING"},{"queryString":"CREATE TABLE BAR_1S_FINAL WITH (CLEANUP_POLICY='compact,delete', KAFKA_TOPIC='bar_1s_final', KEY_FORMAT='AVRO', PARTITIONS=1, REPLICAS=1, RETENTION_MS=604800000, VALUE_FORMAT='AVRO') AS SELECT\n  O.BROKER BROKER,\n  O.SYMBOL SYMBOL,\n  WINDOWSTART BUCKETSTART,\n  EARLIEST_BY_OFFSET(O.BID) OPEN,\n  MAX(O.BID) HIGH,\n  MIN(O.BID) LOW,\n  LATEST_BY_OFFSET(O.BID) KSQLTIMEFRAMECLOSE\nFROM DEDUPRATES O\nWINDOW TUMBLING ( SIZE 1 SECONDS ) \nGROUP BY O.BROKER, O.SYMBOL\nEMIT FINAL;","sinks":["BAR_1S_FINAL"],"sinkKafkaTopics":["bar_1s_final"],"id":"CTAS_BAR_1S_FINAL_97","statusCount":{"RUNNING":1},"queryType":"PERSISTENT","state":"RUNNING"},{"queryString":"CREATE TABLE BAR_60M_LIVE WITH (CLEANUP_POLICY='compact,delete', KAFKA_TOPIC='bar_60m_live', KEY_FORMAT='AVRO', PARTITIONS=1, REPLICAS=1, RETENTION_MS=604800000, VALUE_FORMAT='AVRO') AS SELECT\n  O.BROKER BROKER,\n  O.SYMBOL SYMBOL,\n  WINDOWSTART BUCKETSTART,\n  EARLIEST_BY_OFFSET(O.OPEN) OPEN,\n  MAX(O.HIGH) HIGH,\n  MIN(O.LOW) LOW,\n  LATEST_BY_OFFSET(O.KSQLTIMEFRAMECLOSE) KSQLTIMEFRAMECLOSE\nFROM BAR_1S_FINAL_S O\nWINDOW TUMBLING ( SIZE 60 MINUTES , GRACE PERIOD 5 SECONDS ) \nGROUP BY O.BROKER, O.SYMBOL\nEMIT CHANGES;","sinks":["BAR_60M_LIVE"],"sinkKafkaTopics":["bar_60m_live"],"id":"CTAS_BAR_60M_LIVE_111","statusCount":{"RUNNING":1},"queryType":"PERSISTENT","state":"RUNNING"},{"queryString":"CREATE TABLE BAR_TBIMP_1M_LIVE WITH (CLEANUP_POLICY='compact,delete', KAFKA_TOPIC='bar_tbimp_1m_live', KEY_FORMAT='AVRO', PARTITIONS=1, REPLICAS=1, RETENTION_MS=604800000, VALUE_FORMAT='AVRO') AS SELECT\n  O.BROKER BROKER,\n  O.SYMBOL SYMBOL,\n  WINDOWSTART BUCKETSTART,\n  EARLIEST_BY_OFFSET(O.OPEN) OPEN,\n  MAX(O.HIGH) HIGH,\n  MIN(O.LOW) LOW,\n  LATEST_BY_OFFSET(O.CLOSE) CLOSE\nFROM BAR_TBIMP_1S_FINAL_S O\nWINDOW TUMBLING ( SIZE 1 MINUTES , GRACE PERIOD 2 SECONDS ) \nGROUP BY O.BROKER, O.SYMBOL\nEMIT CHANGES;","sinks":["BAR_TBIMP_1M_LIVE"],"sinkKafkaTopics":["bar_tbimp_1m_live"],"id":"CTAS_BAR_TBIMP_1M_LIVE_89","statusCount":{"RUNNING":1},"queryType":"PERSISTENT","state":"RUNNING"},{"queryString":"CREATE TABLE BAR_5M_LIVE WITH (CLEANUP_POLICY='compact,delete', KAFKA_TOPIC='bar_5m_live', KEY_FORMAT='AVRO', PARTITIONS=1, REPLICAS=1, RETENTION_MS=604800000, VALUE_FORMAT='AVRO') AS SELECT\n  O.BROKER BROKER,\n  O.SYMBOL SYMBOL,\n  WINDOWSTART BUCKETSTART,\n  EARLIEST_BY_OFFSET(O.OPEN) OPEN,\n  MAX(O.HIGH) HIGH,\n  MIN(O.LOW) LOW,\n  LATEST_BY_OFFSET(O.KSQLTIMEFRAMECLOSE) KSQLTIMEFRAMECLOSE\nFROM BAR_1S_FINAL_S O\nWINDOW TUMBLING ( SIZE 5 MINUTES , GRACE PERIOD 3 SECONDS ) \nGROUP BY O.BROKER, O.SYMBOL\nEMIT CHANGES;","sinks":["BAR_5M_LIVE"],"sinkKafkaTopics":["bar_5m_live"],"id":"CTAS_BAR_5M_LIVE_103","statusCount":{"RUNNING":1},"queryType":"PERSISTENT","state":"RUNNING"},{"queryString":"CREATE TABLE BAR_TBIMP_5M_LIVE WITH (CLEANUP_POLICY='compact,delete', KAFKA_TOPIC='bar_tbimp_5m_live', KEY_FORMAT='AVRO', PARTITIONS=1, REPLICAS=1, RETENTION_MS=604800000, VALUE_FORMAT='AVRO') AS SELECT\n  O.BROKER BROKER,\n  O.SYMBOL SYMBOL,\n  WINDOWSTART BUCKETSTART,\n  EARLIEST_BY_OFFSET(O.OPEN) OPEN,\n  MAX(O.HIGH) HIGH,\n  MIN(O.LOW) LOW,\n  LATEST_BY_OFFSET(O.CLOSE) CLOSE\nFROM BAR_TBIMP_1S_FINAL_S O\nWINDOW TUMBLING ( SIZE 5 MINUTES , GRACE PERIOD 3 SECONDS ) \nGROUP BY O.BROKER, O.SYMBOL\nEMIT CHANGES;","sinks":["BAR_TBIMP_5M_LIVE"],"sinkKafkaTopics":["bar_tbimp_5m_live"],"id":"CTAS_BAR_TBIMP_5M_LIVE_91","statusCount":{"RUNNING":1},"queryType":"PERSISTENT","state":"RUNNING"},{"queryString":"CREATE TABLE BAR_1M_LIVE WITH (CLEANUP_POLICY='compact,delete', KAFKA_TOPIC='bar_1m_live', KEY_FORMAT='AVRO', PARTITIONS=1, REPLICAS=1, RETENTION_MS=604800000, VALUE_FORMAT='AVRO') AS SELECT\n  O.BROKER BROKER,\n  O.SYMBOL SYMBOL,\n  WINDOWSTART BUCKETSTART,\n  EARLIEST_BY_OFFSET(O.OPEN) OPEN,\n  MAX(O.HIGH) HIGH,\n  MIN(O.LOW) LOW,\n  LATEST_BY_OFFSET(O.KSQLTIMEFRAMECLOSE) KSQLTIMEFRAMECLOSE\nFROM BAR_1S_FINAL_S O\nWINDOW TUMBLING ( SIZE 1 MINUTES , GRACE PERIOD 2 SECONDS ) \nGROUP BY O.BROKER, O.SYMBOL\nEMIT CHANGES;","sinks":["BAR_1M_LIVE"],"sinkKafkaTopics":["bar_1m_live"],"id":"CTAS_BAR_1M_LIVE_101","statusCount":{"RUNNING":1},"queryType":"PERSISTENT","state":"RUNNING"},{"queryString":"CREATE TABLE BAR_TBIMP_1S_FINAL WITH (CLEANUP_POLICY='compact,delete', KAFKA_TOPIC='bar_tbimp_1s_final', KEY_FORMAT='AVRO', PARTITIONS=1, REPLICAS=1, RETENTION_MS=604800000, VALUE_FORMAT='AVRO') AS SELECT\n  O.BROKER BROKER,\n  O.SYMBOL SYMBOL,\n  WINDOWSTART BUCKETSTART,\n  EARLIEST_BY_OFFSET(O.BID) OPEN,\n  MAX(O.BID) HIGH,\n  MIN(O.BID) LOW,\n  LATEST_BY_OFFSET(O.BID) CLOSE\nFROM TICKS_TBIMP O\nWINDOW TUMBLING ( SIZE 1 SECONDS ) \nGROUP BY O.BROKER, O.SYMBOL\nEMIT FINAL;","sinks":["BAR_TBIMP_1S_FINAL"],"sinkKafkaTopics":["bar_tbimp_1s_final"],"id":"CTAS_BAR_TBIMP_1S_FINAL_85","statusCount":{"RUNNING":1},"queryType":"PERSISTENT","state":"RUNNING"}],"warnings":[]}]&#xD;
warn: Kafka.Ksql.Linq.KsqlContext[0]&#xD;
      SHOW QUERIES attempt 2 did not contain a matching query for bar_1s_final&#xD;
info: Kafka.Ksql.Linq.KsqlContext[0]&#xD;
      ksql execute: EXECUTE SQL=SHOW QUERIES;&#xD;
info: Kafka.Ksql.Linq.KsqlContext[0]&#xD;
      SHOW QUERIES output (attempt 3): [{"@type":"queries","statementText":"SHOW QUERIES;","queries":[{"queryString":"CREATE TABLE BAR_15M_LIVE WITH (CLEANUP_POLICY='compact,delete', KAFKA_TOPIC='bar_15m_live', KEY_FORMAT='AVRO', PARTITIONS=1, REPLICAS=1, RETENTION_MS=604800000, VALUE_FORMAT='AVRO') AS SELECT\n  O.BROKER BROKER,\n  O.SYMBOL SYMBOL,\n  WINDOWSTART BUCKETSTART,\n  EARLIEST_BY_OFFSET(O.OPEN) OPEN,\n  MAX(O.HIGH) HIGH,\n  MIN(O.LOW) LOW,\n  LATEST_BY_OFFSET(O.KSQLTIMEFRAMECLOSE) KSQLTIMEFRAMECLOSE\nFROM BAR_1S_FINAL_S O\nWINDOW TUMBLING ( SIZE 15 MINUTES , GRACE PERIOD 4 SECONDS ) \nGROUP BY O.BROKER, O.SYMBOL\nEMIT CHANGES;","sinks":["BAR_15M_LIVE"],"sinkKafkaTopics":["bar_15m_live"],"id":"CTAS_BAR_15M_LIVE_109","statusCount":{"RUNNING":1},"queryType":"PERSISTENT","state":"RUNNING"},{"queryString":"CREATE TABLE BAR_1S_FINAL WITH (CLEANUP_POLICY='compact,delete', KAFKA_TOPIC='bar_1s_final', KEY_FORMAT='AVRO', PARTITIONS=1, REPLICAS=1, RETENTION_MS=604800000, VALUE_FORMAT='AVRO') AS SELECT\n  O.BROKER BROKER,\n  O.SYMBOL SYMBOL,\n  WINDOWSTART BUCKETSTART,\n  EARLIEST_BY_OFFSET(O.BID) OPEN,\n  MAX(O.BID) HIGH,\n  MIN(O.BID) LOW,\n  LATEST_BY_OFFSET(O.BID) KSQLTIMEFRAMECLOSE\nFROM DEDUPRATES O\nWINDOW TUMBLING ( SIZE 1 SECONDS ) \nGROUP BY O.BROKER, O.SYMBOL\nEMIT FINAL;","sinks":["BAR_1S_FINAL"],"sinkKafkaTopics":["bar_1s_final"],"id":"CTAS_BAR_1S_FINAL_97","statusCount":{"RUNNING":1},"queryType":"PERSISTENT","state":"RUNNING"},{"queryString":"CREATE TABLE BAR_60M_LIVE WITH (CLEANUP_POLICY='compact,delete', KAFKA_TOPIC='bar_60m_live', KEY_FORMAT='AVRO', PARTITIONS=1, REPLICAS=1, RETENTION_MS=604800000, VALUE_FORMAT='AVRO') AS SELECT\n  O.BROKER BROKER,\n  O.SYMBOL SYMBOL,\n  WINDOWSTART BUCKETSTART,\n  EARLIEST_BY_OFFSET(O.OPEN) OPEN,\n  MAX(O.HIGH) HIGH,\n  MIN(O.LOW) LOW,\n  LATEST_BY_OFFSET(O.KSQLTIMEFRAMECLOSE) KSQLTIMEFRAMECLOSE\nFROM BAR_1S_FINAL_S O\nWINDOW TUMBLING ( SIZE 60 MINUTES , GRACE PERIOD 5 SECONDS ) \nGROUP BY O.BROKER, O.SYMBOL\nEMIT CHANGES;","sinks":["BAR_60M_LIVE"],"sinkKafkaTopics":["bar_60m_live"],"id":"CTAS_BAR_60M_LIVE_111","statusCount":{"RUNNING":1},"queryType":"PERSISTENT","state":"RUNNING"},{"queryString":"CREATE TABLE BAR_TBIMP_1M_LIVE WITH (CLEANUP_POLICY='compact,delete', KAFKA_TOPIC='bar_tbimp_1m_live', KEY_FORMAT='AVRO', PARTITIONS=1, REPLICAS=1, RETENTION_MS=604800000, VALUE_FORMAT='AVRO') AS SELECT\n  O.BROKER BROKER,\n  O.SYMBOL SYMBOL,\n  WINDOWSTART BUCKETSTART,\n  EARLIEST_BY_OFFSET(O.OPEN) OPEN,\n  MAX(O.HIGH) HIGH,\n  MIN(O.LOW) LOW,\n  LATEST_BY_OFFSET(O.CLOSE) CLOSE\nFROM BAR_TBIMP_1S_FINAL_S O\nWINDOW TUMBLING ( SIZE 1 MINUTES , GRACE PERIOD 2 SECONDS ) \nGROUP BY O.BROKER, O.SYMBOL\nEMIT CHANGES;","sinks":["BAR_TBIMP_1M_LIVE"],"sinkKafkaTopics":["bar_tbimp_1m_live"],"id":"CTAS_BAR_TBIMP_1M_LIVE_89","statusCount":{"RUNNING":1},"queryType":"PERSISTENT","state":"RUNNING"},{"queryString":"CREATE TABLE BAR_5M_LIVE WITH (CLEANUP_POLICY='compact,delete', KAFKA_TOPIC='bar_5m_live', KEY_FORMAT='AVRO', PARTITIONS=1, REPLICAS=1, RETENTION_MS=604800000, VALUE_FORMAT='AVRO') AS SELECT\n  O.BROKER BROKER,\n  O.SYMBOL SYMBOL,\n  WINDOWSTART BUCKETSTART,\n  EARLIEST_BY_OFFSET(O.OPEN) OPEN,\n  MAX(O.HIGH) HIGH,\n  MIN(O.LOW) LOW,\n  LATEST_BY_OFFSET(O.KSQLTIMEFRAMECLOSE) KSQLTIMEFRAMECLOSE\nFROM BAR_1S_FINAL_S O\nWINDOW TUMBLING ( SIZE 5 MINUTES , GRACE PERIOD 3 SECONDS ) \nGROUP BY O.BROKER, O.SYMBOL\nEMIT CHANGES;","sinks":["BAR_5M_LIVE"],"sinkKafkaTopics":["bar_5m_live"],"id":"CTAS_BAR_5M_LIVE_103","statusCount":{"RUNNING":1},"queryType":"PERSISTENT","state":"RUNNING"},{"queryString":"CREATE TABLE BAR_TBIMP_5M_LIVE WITH (CLEANUP_POLICY='compact,delete', KAFKA_TOPIC='bar_tbimp_5m_live', KEY_FORMAT='AVRO', PARTITIONS=1, REPLICAS=1, RETENTION_MS=604800000, VALUE_FORMAT='AVRO') AS SELECT\n  O.BROKER BROKER,\n  O.SYMBOL SYMBOL,\n  WINDOWSTART BUCKETSTART,\n  EARLIEST_BY_OFFSET(O.OPEN) OPEN,\n  MAX(O.HIGH) HIGH,\n  MIN(O.LOW) LOW,\n  LATEST_BY_OFFSET(O.CLOSE) CLOSE\nFROM BAR_TBIMP_1S_FINAL_S O\nWINDOW TUMBLING ( SIZE 5 MINUTES , GRACE PERIOD 3 SECONDS ) \nGROUP BY O.BROKER, O.SYMBOL\nEMIT CHANGES;","sinks":["BAR_TBIMP_5M_LIVE"],"sinkKafkaTopics":["bar_tbimp_5m_live"],"id":"CTAS_BAR_TBIMP_5M_LIVE_91","statusCount":{"RUNNING":1},"queryType":"PERSISTENT","state":"RUNNING"},{"queryString":"CREATE TABLE BAR_1M_LIVE WITH (CLEANUP_POLICY='compact,delete', KAFKA_TOPIC='bar_1m_live', KEY_FORMAT='AVRO', PARTITIONS=1, REPLICAS=1, RETENTION_MS=604800000, VALUE_FORMAT='AVRO') AS SELECT\n  O.BROKER BROKER,\n  O.SYMBOL SYMBOL,\n  WINDOWSTART BUCKETSTART,\n  EARLIEST_BY_OFFSET(O.OPEN) OPEN,\n  MAX(O.HIGH) HIGH,\n  MIN(O.LOW) LOW,\n  LATEST_BY_OFFSET(O.KSQLTIMEFRAMECLOSE) KSQLTIMEFRAMECLOSE\nFROM BAR_1S_FINAL_S O\nWINDOW TUMBLING ( SIZE 1 MINUTES , GRACE PERIOD 2 SECONDS ) \nGROUP BY O.BROKER, O.SYMBOL\nEMIT CHANGES;","sinks":["BAR_1M_LIVE"],"sinkKafkaTopics":["bar_1m_live"],"id":"CTAS_BAR_1M_LIVE_101","statusCount":{"RUNNING":1},"queryType":"PERSISTENT","state":"RUNNING"},{"queryString":"CREATE TABLE BAR_TBIMP_1S_FINAL WITH (CLEANUP_POLICY='compact,delete', KAFKA_TOPIC='bar_tbimp_1s_final', KEY_FORMAT='AVRO', PARTITIONS=1, REPLICAS=1, RETENTION_MS=604800000, VALUE_FORMAT='AVRO') AS SELECT\n  O.BROKER BROKER,\n  O.SYMBOL SYMBOL,\n  WINDOWSTART BUCKETSTART,\n  EARLIEST_BY_OFFSET(O.BID) OPEN,\n  MAX(O.BID) HIGH,\n  MIN(O.BID) LOW,\n  LATEST_BY_OFFSET(O.BID) CLOSE\nFROM TICKS_TBIMP O\nWINDOW TUMBLING ( SIZE 1 SECONDS ) \nGROUP BY O.BROKER, O.SYMBOL\nEMIT FINAL;","sinks":["BAR_TBIMP_1S_FINAL"],"sinkKafkaTopics":["bar_tbimp_1s_final"],"id":"CTAS_BAR_TBIMP_1S_FINAL_85","statusCount":{"RUNNING":1},"queryType":"PERSISTENT","state":"RUNNING"}],"warnings":[]}]&#xD;
warn: Kafka.Ksql.Linq.KsqlContext[0]&#xD;
      SHOW QUERIES attempt 3 did not contain a matching query for bar_1s_final&#xD;
info: Kafka.Ksql.Linq.KsqlContext[0]&#xD;
      ksql execute: EXECUTE SQL=SHOW QUERIES;&#xD;
info: Kafka.Ksql.Linq.KsqlContext[0]&#xD;
      SHOW QUERIES output (attempt 4): [{"@type":"queries","statementText":"SHOW QUERIES;","queries":[{"queryString":"CREATE TABLE BAR_15M_LIVE WITH (CLEANUP_POLICY='compact,delete', KAFKA_TOPIC='bar_15m_live', KEY_FORMAT='AVRO', PARTITIONS=1, REPLICAS=1, RETENTION_MS=604800000, VALUE_FORMAT='AVRO') AS SELECT\n  O.BROKER BROKER,\n  O.SYMBOL SYMBOL,\n  WINDOWSTART BUCKETSTART,\n  EARLIEST_BY_OFFSET(O.OPEN) OPEN,\n  MAX(O.HIGH) HIGH,\n  MIN(O.LOW) LOW,\n  LATEST_BY_OFFSET(O.KSQLTIMEFRAMECLOSE) KSQLTIMEFRAMECLOSE\nFROM BAR_1S_FINAL_S O\nWINDOW TUMBLING ( SIZE 15 MINUTES , GRACE PERIOD 4 SECONDS ) \nGROUP BY O.BROKER, O.SYMBOL\nEMIT CHANGES;","sinks":["BAR_15M_LIVE"],"sinkKafkaTopics":["bar_15m_live"],"id":"CTAS_BAR_15M_LIVE_109","statusCount":{"RUNNING":1},"queryType":"PERSISTENT","state":"RUNNING"},{"queryString":"CREATE TABLE BAR_1S_FINAL WITH (CLEANUP_POLICY='compact,delete', KAFKA_TOPIC='bar_1s_final', KEY_FORMAT='AVRO', PARTITIONS=1, REPLICAS=1, RETENTION_MS=604800000, VALUE_FORMAT='AVRO') AS SELECT\n  O.BROKER BROKER,\n  O.SYMBOL SYMBOL,\n  WINDOWSTART BUCKETSTART,\n  EARLIEST_BY_OFFSET(O.BID) OPEN,\n  MAX(O.BID) HIGH,\n  MIN(O.BID) LOW,\n  LATEST_BY_OFFSET(O.BID) KSQLTIMEFRAMECLOSE\nFROM DEDUPRATES O\nWINDOW TUMBLING ( SIZE 1 SECONDS ) \nGROUP BY O.BROKER, O.SYMBOL\nEMIT FINAL;","sinks":["BAR_1S_FINAL"],"sinkKafkaTopics":["bar_1s_final"],"id":"CTAS_BAR_1S_FINAL_97","statusCount":{"RUNNING":1},"queryType":"PERSISTENT","state":"RUNNING"},{"queryString":"CREATE TABLE BAR_60M_LIVE WITH (CLEANUP_POLICY='compact,delete', KAFKA_TOPIC='bar_60m_live', KEY_FORMAT='AVRO', PARTITIONS=1, REPLICAS=1, RETENTION_MS=604800000, VALUE_FORMAT='AVRO') AS SELECT\n  O.BROKER BROKER,\n  O.SYMBOL SYMBOL,\n  WINDOWSTART BUCKETSTART,\n  EARLIEST_BY_OFFSET(O.OPEN) OPEN,\n  MAX(O.HIGH) HIGH,\n  MIN(O.LOW) LOW,\n  LATEST_BY_OFFSET(O.KSQLTIMEFRAMECLOSE) KSQLTIMEFRAMECLOSE\nFROM BAR_1S_FINAL_S O\nWINDOW TUMBLING ( SIZE 60 MINUTES , GRACE PERIOD 5 SECONDS ) \nGROUP BY O.BROKER, O.SYMBOL\nEMIT CHANGES;","sinks":["BAR_60M_LIVE"],"sinkKafkaTopics":["bar_60m_live"],"id":"CTAS_BAR_60M_LIVE_111","statusCount":{"RUNNING":1},"queryType":"PERSISTENT","state":"RUNNING"},{"queryString":"CREATE TABLE BAR_TBIMP_1M_LIVE WITH (CLEANUP_POLICY='compact,delete', KAFKA_TOPIC='bar_tbimp_1m_live', KEY_FORMAT='AVRO', PARTITIONS=1, REPLICAS=1, RETENTION_MS=604800000, VALUE_FORMAT='AVRO') AS SELECT\n  O.BROKER BROKER,\n  O.SYMBOL SYMBOL,\n  WINDOWSTART BUCKETSTART,\n  EARLIEST_BY_OFFSET(O.OPEN) OPEN,\n  MAX(O.HIGH) HIGH,\n  MIN(O.LOW) LOW,\n  LATEST_BY_OFFSET(O.CLOSE) CLOSE\nFROM BAR_TBIMP_1S_FINAL_S O\nWINDOW TUMBLING ( SIZE 1 MINUTES , GRACE PERIOD 2 SECONDS ) \nGROUP BY O.BROKER, O.SYMBOL\nEMIT CHANGES;","sinks":["BAR_TBIMP_1M_LIVE"],"sinkKafkaTopics":["bar_tbimp_1m_live"],"id":"CTAS_BAR_TBIMP_1M_LIVE_89","statusCount":{"RUNNING":1},"queryType":"PERSISTENT","state":"RUNNING"},{"queryString":"CREATE TABLE BAR_5M_LIVE WITH (CLEANUP_POLICY='compact,delete', KAFKA_TOPIC='bar_5m_live', KEY_FORMAT='AVRO', PARTITIONS=1, REPLICAS=1, RETENTION_MS=604800000, VALUE_FORMAT='AVRO') AS SELECT\n  O.BROKER BROKER,\n  O.SYMBOL SYMBOL,\n  WINDOWSTART BUCKETSTART,\n  EARLIEST_BY_OFFSET(O.OPEN) OPEN,\n  MAX(O.HIGH) HIGH,\n  MIN(O.LOW) LOW,\n  LATEST_BY_OFFSET(O.KSQLTIMEFRAMECLOSE) KSQLTIMEFRAMECLOSE\nFROM BAR_1S_FINAL_S O\nWINDOW TUMBLING ( SIZE 5 MINUTES , GRACE PERIOD 3 SECONDS ) \nGROUP BY O.BROKER, O.SYMBOL\nEMIT CHANGES;","sinks":["BAR_5M_LIVE"],"sinkKafkaTopics":["bar_5m_live"],"id":"CTAS_BAR_5M_LIVE_103","statusCount":{"RUNNING":1},"queryType":"PERSISTENT","state":"RUNNING"},{"queryString":"CREATE TABLE BAR_TBIMP_5M_LIVE WITH (CLEANUP_POLICY='compact,delete', KAFKA_TOPIC='bar_tbimp_5m_live', KEY_FORMAT='AVRO', PARTITIONS=1, REPLICAS=1, RETENTION_MS=604800000, VALUE_FORMAT='AVRO') AS SELECT\n  O.BROKER BROKER,\n  O.SYMBOL SYMBOL,\n  WINDOWSTART BUCKETSTART,\n  EARLIEST_BY_OFFSET(O.OPEN) OPEN,\n  MAX(O.HIGH) HIGH,\n  MIN(O.LOW) LOW,\n  LATEST_BY_OFFSET(O.CLOSE) CLOSE\nFROM BAR_TBIMP_1S_FINAL_S O\nWINDOW TUMBLING ( SIZE 5 MINUTES , GRACE PERIOD 3 SECONDS ) \nGROUP BY O.BROKER, O.SYMBOL\nEMIT CHANGES;","sinks":["BAR_TBIMP_5M_LIVE"],"sinkKafkaTopics":["bar_tbimp_5m_live"],"id":"CTAS_BAR_TBIMP_5M_LIVE_91","statusCount":{"RUNNING":1},"queryType":"PERSISTENT","state":"RUNNING"},{"queryString":"CREATE TABLE BAR_1M_LIVE WITH (CLEANUP_POLICY='compact,delete', KAFKA_TOPIC='bar_1m_live', KEY_FORMAT='AVRO', PARTITIONS=1, REPLICAS=1, RETENTION_MS=604800000, VALUE_FORMAT='AVRO') AS SELECT\n  O.BROKER BROKER,\n  O.SYMBOL SYMBOL,\n  WINDOWSTART BUCKETSTART,\n  EARLIEST_BY_OFFSET(O.OPEN) OPEN,\n  MAX(O.HIGH) HIGH,\n  MIN(O.LOW) LOW,\n  LATEST_BY_OFFSET(O.KSQLTIMEFRAMECLOSE) KSQLTIMEFRAMECLOSE\nFROM BAR_1S_FINAL_S O\nWINDOW TUMBLING ( SIZE 1 MINUTES , GRACE PERIOD 2 SECONDS ) \nGROUP BY O.BROKER, O.SYMBOL\nEMIT CHANGES;","sinks":["BAR_1M_LIVE"],"sinkKafkaTopics":["bar_1m_live"],"id":"CTAS_BAR_1M_LIVE_101","statusCount":{"RUNNING":1},"queryType":"PERSISTENT","state":"RUNNING"},{"queryString":"CREATE TABLE BAR_TBIMP_1S_FINAL WITH (CLEANUP_POLICY='compact,delete', KAFKA_TOPIC='bar_tbimp_1s_final', KEY_FORMAT='AVRO', PARTITIONS=1, REPLICAS=1, RETENTION_MS=604800000, VALUE_FORMAT='AVRO') AS SELECT\n  O.BROKER BROKER,\n  O.SYMBOL SYMBOL,\n  WINDOWSTART BUCKETSTART,\n  EARLIEST_BY_OFFSET(O.BID) OPEN,\n  MAX(O.BID) HIGH,\n  MIN(O.BID) LOW,\n  LATEST_BY_OFFSET(O.BID) CLOSE\nFROM TICKS_TBIMP O\nWINDOW TUMBLING ( SIZE 1 SECONDS ) \nGROUP BY O.BROKER, O.SYMBOL\nEMIT FINAL;","sinks":["BAR_TBIMP_1S_FINAL"],"sinkKafkaTopics":["bar_tbimp_1s_final"],"id":"CTAS_BAR_TBIMP_1S_FINAL_85","statusCount":{"RUNNING":1},"queryType":"PERSISTENT","state":"RUNNING"}],"warnings":[]}]&#xD;
warn: Kafka.Ksql.Linq.KsqlContext[0]&#xD;
      SHOW QUERIES attempt 4 did not contain a matching query for bar_1s_final&#xD;
info: Kafka.Ksql.Linq.KsqlContext[0]&#xD;
      ksql execute: EXECUTE SQL=SHOW QUERIES;&#xD;
info: Kafka.Ksql.Linq.KsqlContext[0]&#xD;
      SHOW QUERIES output (attempt 5): [{"@type":"queries","statementText":"SHOW QUERIES;","queries":[{"queryString":"CREATE TABLE BAR_15M_LIVE WITH (CLEANUP_POLICY='compact,delete', KAFKA_TOPIC='bar_15m_live', KEY_FORMAT='AVRO', PARTITIONS=1, REPLICAS=1, RETENTION_MS=604800000, VALUE_FORMAT='AVRO') AS SELECT\n  O.BROKER BROKER,\n  O.SYMBOL SYMBOL,\n  WINDOWSTART BUCKETSTART,\n  EARLIEST_BY_OFFSET(O.OPEN) OPEN,\n  MAX(O.HIGH) HIGH,\n  MIN(O.LOW) LOW,\n  LATEST_BY_OFFSET(O.KSQLTIMEFRAMECLOSE) KSQLTIMEFRAMECLOSE\nFROM BAR_1S_FINAL_S O\nWINDOW TUMBLING ( SIZE 15 MINUTES , GRACE PERIOD 4 SECONDS ) \nGROUP BY O.BROKER, O.SYMBOL\nEMIT CHANGES;","sinks":["BAR_15M_LIVE"],"sinkKafkaTopics":["bar_15m_live"],"id":"CTAS_BAR_15M_LIVE_109","statusCount":{"RUNNING":1},"queryType":"PERSISTENT","state":"RUNNING"},{"queryString":"CREATE TABLE BAR_1S_FINAL WITH (CLEANUP_POLICY='compact,delete', KAFKA_TOPIC='bar_1s_final', KEY_FORMAT='AVRO', PARTITIONS=1, REPLICAS=1, RETENTION_MS=604800000, VALUE_FORMAT='AVRO') AS SELECT\n  O.BROKER BROKER,\n  O.SYMBOL SYMBOL,\n  WINDOWSTART BUCKETSTART,\n  EARLIEST_BY_OFFSET(O.BID) OPEN,\n  MAX(O.BID) HIGH,\n  MIN(O.BID) LOW,\n  LATEST_BY_OFFSET(O.BID) KSQLTIMEFRAMECLOSE\nFROM DEDUPRATES O\nWINDOW TUMBLING ( SIZE 1 SECONDS ) \nGROUP BY O.BROKER, O.SYMBOL\nEMIT FINAL;","sinks":["BAR_1S_FINAL"],"sinkKafkaTopics":["bar_1s_final"],"id":"CTAS_BAR_1S_FINAL_97","statusCount":{"RUNNING":1},"queryType":"PERSISTENT","state":"RUNNING"},{"queryString":"CREATE TABLE BAR_60M_LIVE WITH (CLEANUP_POLICY='compact,delete', KAFKA_TOPIC='bar_60m_live', KEY_FORMAT='AVRO', PARTITIONS=1, REPLICAS=1, RETENTION_MS=604800000, VALUE_FORMAT='AVRO') AS SELECT\n  O.BROKER BROKER,\n  O.SYMBOL SYMBOL,\n  WINDOWSTART BUCKETSTART,\n  EARLIEST_BY_OFFSET(O.OPEN) OPEN,\n  MAX(O.HIGH) HIGH,\n  MIN(O.LOW) LOW,\n  LATEST_BY_OFFSET(O.KSQLTIMEFRAMECLOSE) KSQLTIMEFRAMECLOSE\nFROM BAR_1S_FINAL_S O\nWINDOW TUMBLING ( SIZE 60 MINUTES , GRACE PERIOD 5 SECONDS ) \nGROUP BY O.BROKER, O.SYMBOL\nEMIT CHANGES;","sinks":["BAR_60M_LIVE"],"sinkKafkaTopics":["bar_60m_live"],"id":"CTAS_BAR_60M_LIVE_111","statusCount":{"RUNNING":1},"queryType":"PERSISTENT","state":"RUNNING"},{"queryString":"CREATE TABLE BAR_TBIMP_1M_LIVE WITH (CLEANUP_POLICY='compact,delete', KAFKA_TOPIC='bar_tbimp_1m_live', KEY_FORMAT='AVRO', PARTITIONS=1, REPLICAS=1, RETENTION_MS=604800000, VALUE_FORMAT='AVRO') AS SELECT\n  O.BROKER BROKER,\n  O.SYMBOL SYMBOL,\n  WINDOWSTART BUCKETSTART,\n  EARLIEST_BY_OFFSET(O.OPEN) OPEN,\n  MAX(O.HIGH) HIGH,\n  MIN(O.LOW) LOW,\n  LATEST_BY_OFFSET(O.CLOSE) CLOSE\nFROM BAR_TBIMP_1S_FINAL_S O\nWINDOW TUMBLING ( SIZE 1 MINUTES , GRACE PERIOD 2 SECONDS ) \nGROUP BY O.BROKER, O.SYMBOL\nEMIT CHANGES;","sinks":["BAR_TBIMP_1M_LIVE"],"sinkKafkaTopics":["bar_tbimp_1m_live"],"id":"CTAS_BAR_TBIMP_1M_LIVE_89","statusCount":{"RUNNING":1},"queryType":"PERSISTENT","state":"RUNNING"},{"queryString":"CREATE TABLE BAR_5M_LIVE WITH (CLEANUP_POLICY='compact,delete', KAFKA_TOPIC='bar_5m_live', KEY_FORMAT='AVRO', PARTITIONS=1, REPLICAS=1, RETENTION_MS=604800000, VALUE_FORMAT='AVRO') AS SELECT\n  O.BROKER BROKER,\n  O.SYMBOL SYMBOL,\n  WINDOWSTART BUCKETSTART,\n  EARLIEST_BY_OFFSET(O.OPEN) OPEN,\n  MAX(O.HIGH) HIGH,\n  MIN(O.LOW) LOW,\n  LATEST_BY_OFFSET(O.KSQLTIMEFRAMECLOSE) KSQLTIMEFRAMECLOSE\nFROM BAR_1S_FINAL_S O\nWINDOW TUMBLING ( SIZE 5 MINUTES , GRACE PERIOD 3 SECONDS ) \nGROUP BY O.BROKER, O.SYMBOL\nEMIT CHANGES;","sinks":["BAR_5M_LIVE"],"sinkKafkaTopics":["bar_5m_live"],"id":"CTAS_BAR_5M_LIVE_103","statusCount":{"RUNNING":1},"queryType":"PERSISTENT","state":"RUNNING"},{"queryString":"CREATE TABLE BAR_TBIMP_5M_LIVE WITH (CLEANUP_POLICY='compact,delete', KAFKA_TOPIC='bar_tbimp_5m_live', KEY_FORMAT='AVRO', PARTITIONS=1, REPLICAS=1, RETENTION_MS=604800000, VALUE_FORMAT='AVRO') AS SELECT\n  O.BROKER BROKER,\n  O.SYMBOL SYMBOL,\n  WINDOWSTART BUCKETSTART,\n  EARLIEST_BY_OFFSET(O.OPEN) OPEN,\n  MAX(O.HIGH) HIGH,\n  MIN(O.LOW) LOW,\n  LATEST_BY_OFFSET(O.CLOSE) CLOSE\nFROM BAR_TBIMP_1S_FINAL_S O\nWINDOW TUMBLING ( SIZE 5 MINUTES , GRACE PERIOD 3 SECONDS ) \nGROUP BY O.BROKER, O.SYMBOL\nEMIT CHANGES;","sinks":["BAR_TBIMP_5M_LIVE"],"sinkKafkaTopics":["bar_tbimp_5m_live"],"id":"CTAS_BAR_TBIMP_5M_LIVE_91","statusCount":{"RUNNING":1},"queryType":"PERSISTENT","state":"RUNNING"},{"queryString":"CREATE TABLE BAR_1M_LIVE WITH (CLEANUP_POLICY='compact,delete', KAFKA_TOPIC='bar_1m_live', KEY_FORMAT='AVRO', PARTITIONS=1, REPLICAS=1, RETENTION_MS=604800000, VALUE_FORMAT='AVRO') AS SELECT\n  O.BROKER BROKER,\n  O.SYMBOL SYMBOL,\n  WINDOWSTART BUCKETSTART,\n  EARLIEST_BY_OFFSET(O.OPEN) OPEN,\n  MAX(O.HIGH) HIGH,\n  MIN(O.LOW) LOW,\n  LATEST_BY_OFFSET(O.KSQLTIMEFRAMECLOSE) KSQLTIMEFRAMECLOSE\nFROM BAR_1S_FINAL_S O\nWINDOW TUMBLING ( SIZE 1 MINUTES , GRACE PERIOD 2 SECONDS ) \nGROUP BY O.BROKER, O.SYMBOL\nEMIT CHANGES;","sinks":["BAR_1M_LIVE"],"sinkKafkaTopics":["bar_1m_live"],"id":"CTAS_BAR_1M_LIVE_101","statusCount":{"RUNNING":1},"queryType":"PERSISTENT","state":"RUNNING"},{"queryString":"CREATE TABLE BAR_TBIMP_1S_FINAL WITH (CLEANUP_POLICY='compact,delete', KAFKA_TOPIC='bar_tbimp_1s_final', KEY_FORMAT='AVRO', PARTITIONS=1, REPLICAS=1, RETENTION_MS=604800000, VALUE_FORMAT='AVRO') AS SELECT\n  O.BROKER BROKER,\n  O.SYMBOL SYMBOL,\n  WINDOWSTART BUCKETSTART,\n  EARLIEST_BY_OFFSET(O.BID) OPEN,\n  MAX(O.BID) HIGH,\n  MIN(O.BID) LOW,\n  LATEST_BY_OFFSET(O.BID) CLOSE\nFROM TICKS_TBIMP O\nWINDOW TUMBLING ( SIZE 1 SECONDS ) \nGROUP BY O.BROKER, O.SYMBOL\nEMIT FINAL;","sinks":["BAR_TBIMP_1S_FINAL"],"sinkKafkaTopics":["bar_tbimp_1s_final"],"id":"CTAS_BAR_TBIMP_1S_FINAL_85","statusCount":{"RUNNING":1},"queryType":"PERSISTENT","state":"RUNNING"}],"warnings":[]}]&#xD;
warn: Kafka.Ksql.Linq.KsqlContext[0]&#xD;
      SHOW QUERIES attempt 5 did not contain a matching query for bar_1s_final&#xD;
warn: Kafka.Ksql.Linq.KsqlContext[0]&#xD;
      Unable to locate queryId for bar_1s_final after 5 attempts&#xD;
warn: Kafka.Ksql.Linq.KsqlContext[0]&#xD;
      Could not locate queryId via SHOW QUERIES for derived statement targeting bar_1s_final: CREATE TABLE bar_1s_final  WITH (KAFKA_TOPIC='bar_1s_final', KEY_FORMAT='AVRO', VALUE_FORMAT='AVRO') AS&#xD;
      SELECT BROKER AS Broker, SYMBOL AS Symbol, WINDOWSTART AS BucketStart, EARLIEST_BY_OFFSET(Bid) AS Open, MAX(Bid) AS High, MIN(Bid) AS Low, LATEST_BY_OFFSET(Bid) AS KsqlTimeFrameClose&#xD;
      FROM DEDUPRATES o WINDOW TUMBLING (SIZE 1 SECONDS)&#xD;
      GROUP BY BROKER, SYMBOL&#xD;
      EMIT FINAL;&#xD;
info: Kafka.Ksql.Linq.KsqlContext[0]&#xD;
      ksql execute: EXECUTE SQL=SHOW QUERIES;&#xD;
info: Kafka.Ksql.Linq.KsqlContext[0]&#xD;
      SHOW QUERIES output (attempt 1): [{"@type":"queries","statementText":"SHOW QUERIES;","queries":[{"queryString":"CREATE TABLE BAR_15M_LIVE WITH (CLEANUP_POLICY='compact,delete', KAFKA_TOPIC='bar_15m_live', KEY_FORMAT='AVRO', PARTITIONS=1, REPLICAS=1, RETENTION_MS=604800000, VALUE_FORMAT='AVRO') AS SELECT\n  O.BROKER BROKER,\n  O.SYMBOL SYMBOL,\n  WINDOWSTART BUCKETSTART,\n  EARLIEST_BY_OFFSET(O.OPEN) OPEN,\n  MAX(O.HIGH) HIGH,\n  MIN(O.LOW) LOW,\n  LATEST_BY_OFFSET(O.KSQLTIMEFRAMECLOSE) KSQLTIMEFRAMECLOSE\nFROM BAR_1S_FINAL_S O\nWINDOW TUMBLING ( SIZE 15 MINUTES , GRACE PERIOD 4 SECONDS ) \nGROUP BY O.BROKER, O.SYMBOL\nEMIT CHANGES;","sinks":["BAR_15M_LIVE"],"sinkKafkaTopics":["bar_15m_live"],"id":"CTAS_BAR_15M_LIVE_109","statusCount":{"RUNNING":1},"queryType":"PERSISTENT","state":"RUNNING"},{"queryString":"CREATE TABLE BAR_1S_FINAL WITH (CLEANUP_POLICY='compact,delete', KAFKA_TOPIC='bar_1s_final', KEY_FORMAT='AVRO', PARTITIONS=1, REPLICAS=1, RETENTION_MS=604800000, VALUE_FORMAT='AVRO') AS SELECT\n  O.BROKER BROKER,\n  O.SYMBOL SYMBOL,\n  WINDOWSTART BUCKETSTART,\n  EARLIEST_BY_OFFSET(O.BID) OPEN,\n  MAX(O.BID) HIGH,\n  MIN(O.BID) LOW,\n  LATEST_BY_OFFSET(O.BID) KSQLTIMEFRAMECLOSE\nFROM DEDUPRATES O\nWINDOW TUMBLING ( SIZE 1 SECONDS ) \nGROUP BY O.BROKER, O.SYMBOL\nEMIT FINAL;","sinks":["BAR_1S_FINAL"],"sinkKafkaTopics":["bar_1s_final"],"id":"CTAS_BAR_1S_FINAL_97","statusCount":{"RUNNING":1},"queryType":"PERSISTENT","state":"RUNNING"},{"queryString":"CREATE TABLE BAR_60M_LIVE WITH (CLEANUP_POLICY='compact,delete', KAFKA_TOPIC='bar_60m_live', KEY_FORMAT='AVRO', PARTITIONS=1, REPLICAS=1, RETENTION_MS=604800000, VALUE_FORMAT='AVRO') AS SELECT\n  O.BROKER BROKER,\n  O.SYMBOL SYMBOL,\n  WINDOWSTART BUCKETSTART,\n  EARLIEST_BY_OFFSET(O.OPEN) OPEN,\n  MAX(O.HIGH) HIGH,\n  MIN(O.LOW) LOW,\n  LATEST_BY_OFFSET(O.KSQLTIMEFRAMECLOSE) KSQLTIMEFRAMECLOSE\nFROM BAR_1S_FINAL_S O\nWINDOW TUMBLING ( SIZE 60 MINUTES , GRACE PERIOD 5 SECONDS ) \nGROUP BY O.BROKER, O.SYMBOL\nEMIT CHANGES;","sinks":["BAR_60M_LIVE"],"sinkKafkaTopics":["bar_60m_live"],"id":"CTAS_BAR_60M_LIVE_111","statusCount":{"RUNNING":1},"queryType":"PERSISTENT","state":"RUNNING"},{"queryString":"CREATE TABLE BAR_TBIMP_1M_LIVE WITH (CLEANUP_POLICY='compact,delete', KAFKA_TOPIC='bar_tbimp_1m_live', KEY_FORMAT='AVRO', PARTITIONS=1, REPLICAS=1, RETENTION_MS=604800000, VALUE_FORMAT='AVRO') AS SELECT\n  O.BROKER BROKER,\n  O.SYMBOL SYMBOL,\n  WINDOWSTART BUCKETSTART,\n  EARLIEST_BY_OFFSET(O.OPEN) OPEN,\n  MAX(O.HIGH) HIGH,\n  MIN(O.LOW) LOW,\n  LATEST_BY_OFFSET(O.CLOSE) CLOSE\nFROM BAR_TBIMP_1S_FINAL_S O\nWINDOW TUMBLING ( SIZE 1 MINUTES , GRACE PERIOD 2 SECONDS ) \nGROUP BY O.BROKER, O.SYMBOL\nEMIT CHANGES;","sinks":["BAR_TBIMP_1M_LIVE"],"sinkKafkaTopics":["bar_tbimp_1m_live"],"id":"CTAS_BAR_TBIMP_1M_LIVE_89","statusCount":{"RUNNING":1},"queryType":"PERSISTENT","state":"RUNNING"},{"queryString":"CREATE TABLE BAR_5M_LIVE WITH (CLEANUP_POLICY='compact,delete', KAFKA_TOPIC='bar_5m_live', KEY_FORMAT='AVRO', PARTITIONS=1, REPLICAS=1, RETENTION_MS=604800000, VALUE_FORMAT='AVRO') AS SELECT\n  O.BROKER BROKER,\n  O.SYMBOL SYMBOL,\n  WINDOWSTART BUCKETSTART,\n  EARLIEST_BY_OFFSET(O.OPEN) OPEN,\n  MAX(O.HIGH) HIGH,\n  MIN(O.LOW) LOW,\n  LATEST_BY_OFFSET(O.KSQLTIMEFRAMECLOSE) KSQLTIMEFRAMECLOSE\nFROM BAR_1S_FINAL_S O\nWINDOW TUMBLING ( SIZE 5 MINUTES , GRACE PERIOD 3 SECONDS ) \nGROUP BY O.BROKER, O.SYMBOL\nEMIT CHANGES;","sinks":["BAR_5M_LIVE"],"sinkKafkaTopics":["bar_5m_live"],"id":"CTAS_BAR_5M_LIVE_103","statusCount":{"RUNNING":1},"queryType":"PERSISTENT","state":"RUNNING"},{"queryString":"CREATE TABLE BAR_TBIMP_5M_LIVE WITH (CLEANUP_POLICY='compact,delete', KAFKA_TOPIC='bar_tbimp_5m_live', KEY_FORMAT='AVRO', PARTITIONS=1, REPLICAS=1, RETENTION_MS=604800000, VALUE_FORMAT='AVRO') AS SELECT\n  O.BROKER BROKER,\n  O.SYMBOL SYMBOL,\n  WINDOWSTART BUCKETSTART,\n  EARLIEST_BY_OFFSET(O.OPEN) OPEN,\n  MAX(O.HIGH) HIGH,\n  MIN(O.LOW) LOW,\n  LATEST_BY_OFFSET(O.CLOSE) CLOSE\nFROM BAR_TBIMP_1S_FINAL_S O\nWINDOW TUMBLING ( SIZE 5 MINUTES , GRACE PERIOD 3 SECONDS ) \nGROUP BY O.BROKER, O.SYMBOL\nEMIT CHANGES;","sinks":["BAR_TBIMP_5M_LIVE"],"sinkKafkaTopics":["bar_tbimp_5m_live"],"id":"CTAS_BAR_TBIMP_5M_LIVE_91","statusCount":{"RUNNING":1},"queryType":"PERSISTENT","state":"RUNNING"},{"queryString":"CREATE TABLE BAR_1M_LIVE WITH (CLEANUP_POLICY='compact,delete', KAFKA_TOPIC='bar_1m_live', KEY_FORMAT='AVRO', PARTITIONS=1, REPLICAS=1, RETENTION_MS=604800000, VALUE_FORMAT='AVRO') AS SELECT\n  O.BROKER BROKER,\n  O.SYMBOL SYMBOL,\n  WINDOWSTART BUCKETSTART,\n  EARLIEST_BY_OFFSET(O.OPEN) OPEN,\n  MAX(O.HIGH) HIGH,\n  MIN(O.LOW) LOW,\n  LATEST_BY_OFFSET(O.KSQLTIMEFRAMECLOSE) KSQLTIMEFRAMECLOSE\nFROM BAR_1S_FINAL_S O\nWINDOW TUMBLING ( SIZE 1 MINUTES , GRACE PERIOD 2 SECONDS ) \nGROUP BY O.BROKER, O.SYMBOL\nEMIT CHANGES;","sinks":["BAR_1M_LIVE"],"sinkKafkaTopics":["bar_1m_live"],"id":"CTAS_BAR_1M_LIVE_101","statusCount":{"RUNNING":1},"queryType":"PERSISTENT","state":"RUNNING"},{"queryString":"CREATE TABLE BAR_TBIMP_1S_FINAL WITH (CLEANUP_POLICY='compact,delete', KAFKA_TOPIC='bar_tbimp_1s_final', KEY_FORMAT='AVRO', PARTITIONS=1, REPLICAS=1, RETENTION_MS=604800000, VALUE_FORMAT='AVRO') AS SELECT\n  O.BROKER BROKER,\n  O.SYMBOL SYMBOL,\n  WINDOWSTART BUCKETSTART,\n  EARLIEST_BY_OFFSET(O.BID) OPEN,\n  MAX(O.BID) HIGH,\n  MIN(O.BID) LOW,\n  LATEST_BY_OFFSET(O.BID) CLOSE\nFROM TICKS_TBIMP O\nWINDOW TUMBLING ( SIZE 1 SECONDS ) \nGROUP BY O.BROKER, O.SYMBOL\nEMIT FINAL;","sinks":["BAR_TBIMP_1S_FINAL"],"sinkKafkaTopics":["bar_tbimp_1s_final"],"id":"CTAS_BAR_TBIMP_1S_FINAL_85","statusCount":{"RUNNING":1},"queryType":"PERSISTENT","state":"RUNNING"}],"warnings":[]}]&#xD;
warn: Kafka.Ksql.Linq.KsqlContext[0]&#xD;
      SHOW QUERIES attempt 1 did not contain a matching query for bar_1m_live&#xD;
info: Kafka.Ksql.Linq.KsqlContext[0]&#xD;
      ksql execute: EXECUTE SQL=SHOW QUERIES;&#xD;
info: Kafka.Ksql.Linq.KsqlContext[0]&#xD;
      SHOW QUERIES output (attempt 2): [{"@type":"queries","statementText":"SHOW QUERIES;","queries":[{"queryString":"CREATE TABLE BAR_15M_LIVE WITH (CLEANUP_POLICY='compact,delete', KAFKA_TOPIC='bar_15m_live', KEY_FORMAT='AVRO', PARTITIONS=1, REPLICAS=1, RETENTION_MS=604800000, VALUE_FORMAT='AVRO') AS SELECT\n  O.BROKER BROKER,\n  O.SYMBOL SYMBOL,\n  WINDOWSTART BUCKETSTART,\n  EARLIEST_BY_OFFSET(O.OPEN) OPEN,\n  MAX(O.HIGH) HIGH,\n  MIN(O.LOW) LOW,\n  LATEST_BY_OFFSET(O.KSQLTIMEFRAMECLOSE) KSQLTIMEFRAMECLOSE\nFROM BAR_1S_FINAL_S O\nWINDOW TUMBLING ( SIZE 15 MINUTES , GRACE PERIOD 4 SECONDS ) \nGROUP BY O.BROKER, O.SYMBOL\nEMIT CHANGES;","sinks":["BAR_15M_LIVE"],"sinkKafkaTopics":["bar_15m_live"],"id":"CTAS_BAR_15M_LIVE_109","statusCount":{"RUNNING":1},"queryType":"PERSISTENT","state":"RUNNING"},{"queryString":"CREATE TABLE BAR_1S_FINAL WITH (CLEANUP_POLICY='compact,delete', KAFKA_TOPIC='bar_1s_final', KEY_FORMAT='AVRO', PARTITIONS=1, REPLICAS=1, RETENTION_MS=604800000, VALUE_FORMAT='AVRO') AS SELECT\n  O.BROKER BROKER,\n  O.SYMBOL SYMBOL,\n  WINDOWSTART BUCKETSTART,\n  EARLIEST_BY_OFFSET(O.BID) OPEN,\n  MAX(O.BID) HIGH,\n  MIN(O.BID) LOW,\n  LATEST_BY_OFFSET(O.BID) KSQLTIMEFRAMECLOSE\nFROM DEDUPRATES O\nWINDOW TUMBLING ( SIZE 1 SECONDS ) \nGROUP BY O.BROKER, O.SYMBOL\nEMIT FINAL;","sinks":["BAR_1S_FINAL"],"sinkKafkaTopics":["bar_1s_final"],"id":"CTAS_BAR_1S_FINAL_97","statusCount":{"RUNNING":1},"queryType":"PERSISTENT","state":"RUNNING"},{"queryString":"CREATE TABLE BAR_60M_LIVE WITH (CLEANUP_POLICY='compact,delete', KAFKA_TOPIC='bar_60m_live', KEY_FORMAT='AVRO', PARTITIONS=1, REPLICAS=1, RETENTION_MS=604800000, VALUE_FORMAT='AVRO') AS SELECT\n  O.BROKER BROKER,\n  O.SYMBOL SYMBOL,\n  WINDOWSTART BUCKETSTART,\n  EARLIEST_BY_OFFSET(O.OPEN) OPEN,\n  MAX(O.HIGH) HIGH,\n  MIN(O.LOW) LOW,\n  LATEST_BY_OFFSET(O.KSQLTIMEFRAMECLOSE) KSQLTIMEFRAMECLOSE\nFROM BAR_1S_FINAL_S O\nWINDOW TUMBLING ( SIZE 60 MINUTES , GRACE PERIOD 5 SECONDS ) \nGROUP BY O.BROKER, O.SYMBOL\nEMIT CHANGES;","sinks":["BAR_60M_LIVE"],"sinkKafkaTopics":["bar_60m_live"],"id":"CTAS_BAR_60M_LIVE_111","statusCount":{"RUNNING":1},"queryType":"PERSISTENT","state":"RUNNING"},{"queryString":"CREATE TABLE BAR_TBIMP_1M_LIVE WITH (CLEANUP_POLICY='compact,delete', KAFKA_TOPIC='bar_tbimp_1m_live', KEY_FORMAT='AVRO', PARTITIONS=1, REPLICAS=1, RETENTION_MS=604800000, VALUE_FORMAT='AVRO') AS SELECT\n  O.BROKER BROKER,\n  O.SYMBOL SYMBOL,\n  WINDOWSTART BUCKETSTART,\n  EARLIEST_BY_OFFSET(O.OPEN) OPEN,\n  MAX(O.HIGH) HIGH,\n  MIN(O.LOW) LOW,\n  LATEST_BY_OFFSET(O.CLOSE) CLOSE\nFROM BAR_TBIMP_1S_FINAL_S O\nWINDOW TUMBLING ( SIZE 1 MINUTES , GRACE PERIOD 2 SECONDS ) \nGROUP BY O.BROKER, O.SYMBOL\nEMIT CHANGES;","sinks":["BAR_TBIMP_1M_LIVE"],"sinkKafkaTopics":["bar_tbimp_1m_live"],"id":"CTAS_BAR_TBIMP_1M_LIVE_89","statusCount":{"RUNNING":1},"queryType":"PERSISTENT","state":"RUNNING"},{"queryString":"CREATE TABLE BAR_5M_LIVE WITH (CLEANUP_POLICY='compact,delete', KAFKA_TOPIC='bar_5m_live', KEY_FORMAT='AVRO', PARTITIONS=1, REPLICAS=1, RETENTION_MS=604800000, VALUE_FORMAT='AVRO') AS SELECT\n  O.BROKER BROKER,\n  O.SYMBOL SYMBOL,\n  WINDOWSTART BUCKETSTART,\n  EARLIEST_BY_OFFSET(O.OPEN) OPEN,\n  MAX(O.HIGH) HIGH,\n  MIN(O.LOW) LOW,\n  LATEST_BY_OFFSET(O.KSQLTIMEFRAMECLOSE) KSQLTIMEFRAMECLOSE\nFROM BAR_1S_FINAL_S O\nWINDOW TUMBLING ( SIZE 5 MINUTES , GRACE PERIOD 3 SECONDS ) \nGROUP BY O.BROKER, O.SYMBOL\nEMIT CHANGES;","sinks":["BAR_5M_LIVE"],"sinkKafkaTopics":["bar_5m_live"],"id":"CTAS_BAR_5M_LIVE_103","statusCount":{"RUNNING":1},"queryType":"PERSISTENT","state":"RUNNING"},{"queryString":"CREATE TABLE BAR_TBIMP_5M_LIVE WITH (CLEANUP_POLICY='compact,delete', KAFKA_TOPIC='bar_tbimp_5m_live', KEY_FORMAT='AVRO', PARTITIONS=1, REPLICAS=1, RETENTION_MS=604800000, VALUE_FORMAT='AVRO') AS SELECT\n  O.BROKER BROKER,\n  O.SYMBOL SYMBOL,\n  WINDOWSTART BUCKETSTART,\n  EARLIEST_BY_OFFSET(O.OPEN) OPEN,\n  MAX(O.HIGH) HIGH,\n  MIN(O.LOW) LOW,\n  LATEST_BY_OFFSET(O.CLOSE) CLOSE\nFROM BAR_TBIMP_1S_FINAL_S O\nWINDOW TUMBLING ( SIZE 5 MINUTES , GRACE PERIOD 3 SECONDS ) \nGROUP BY O.BROKER, O.SYMBOL\nEMIT CHANGES;","sinks":["BAR_TBIMP_5M_LIVE"],"sinkKafkaTopics":["bar_tbimp_5m_live"],"id":"CTAS_BAR_TBIMP_5M_LIVE_91","statusCount":{"RUNNING":1},"queryType":"PERSISTENT","state":"RUNNING"},{"queryString":"CREATE TABLE BAR_1M_LIVE WITH (CLEANUP_POLICY='compact,delete', KAFKA_TOPIC='bar_1m_live', KEY_FORMAT='AVRO', PARTITIONS=1, REPLICAS=1, RETENTION_MS=604800000, VALUE_FORMAT='AVRO') AS SELECT\n  O.BROKER BROKER,\n  O.SYMBOL SYMBOL,\n  WINDOWSTART BUCKETSTART,\n  EARLIEST_BY_OFFSET(O.OPEN) OPEN,\n  MAX(O.HIGH) HIGH,\n  MIN(O.LOW) LOW,\n  LATEST_BY_OFFSET(O.KSQLTIMEFRAMECLOSE) KSQLTIMEFRAMECLOSE\nFROM BAR_1S_FINAL_S O\nWINDOW TUMBLING ( SIZE 1 MINUTES , GRACE PERIOD 2 SECONDS ) \nGROUP BY O.BROKER, O.SYMBOL\nEMIT CHANGES;","sinks":["BAR_1M_LIVE"],"sinkKafkaTopics":["bar_1m_live"],"id":"CTAS_BAR_1M_LIVE_101","statusCount":{"RUNNING":1},"queryType":"PERSISTENT","state":"RUNNING"},{"queryString":"CREATE TABLE BAR_TBIMP_1S_FINAL WITH (CLEANUP_POLICY='compact,delete', KAFKA_TOPIC='bar_tbimp_1s_final', KEY_FORMAT='AVRO', PARTITIONS=1, REPLICAS=1, RETENTION_MS=604800000, VALUE_FORMAT='AVRO') AS SELECT\n  O.BROKER BROKER,\n  O.SYMBOL SYMBOL,\n  WINDOWSTART BUCKETSTART,\n  EARLIEST_BY_OFFSET(O.BID) OPEN,\n  MAX(O.BID) HIGH,\n  MIN(O.BID) LOW,\n  LATEST_BY_OFFSET(O.BID) CLOSE\nFROM TICKS_TBIMP O\nWINDOW TUMBLING ( SIZE 1 SECONDS ) \nGROUP BY O.BROKER, O.SYMBOL\nEMIT FINAL;","sinks":["BAR_TBIMP_1S_FINAL"],"sinkKafkaTopics":["bar_tbimp_1s_final"],"id":"CTAS_BAR_TBIMP_1S_FINAL_85","statusCount":{"RUNNING":1},"queryType":"PERSISTENT","state":"RUNNING"}],"warnings":[]}]&#xD;
warn: Kafka.Ksql.Linq.KsqlContext[0]&#xD;
      SHOW QUERIES attempt 2 did not contain a matching query for bar_1m_live&#xD;
info: Kafka.Ksql.Linq.KsqlContext[0]&#xD;
      ksql execute: EXECUTE SQL=SHOW QUERIES;&#xD;
info: Kafka.Ksql.Linq.KsqlContext[0]&#xD;
      SHOW QUERIES output (attempt 3): [{"@type":"queries","statementText":"SHOW QUERIES;","queries":[{"queryString":"CREATE TABLE BAR_15M_LIVE WITH (CLEANUP_POLICY='compact,delete', KAFKA_TOPIC='bar_15m_live', KEY_FORMAT='AVRO', PARTITIONS=1, REPLICAS=1, RETENTION_MS=604800000, VALUE_FORMAT='AVRO') AS SELECT\n  O.BROKER BROKER,\n  O.SYMBOL SYMBOL,\n  WINDOWSTART BUCKETSTART,\n  EARLIEST_BY_OFFSET(O.OPEN) OPEN,\n  MAX(O.HIGH) HIGH,\n  MIN(O.LOW) LOW,\n  LATEST_BY_OFFSET(O.KSQLTIMEFRAMECLOSE) KSQLTIMEFRAMECLOSE\nFROM BAR_1S_FINAL_S O\nWINDOW TUMBLING ( SIZE 15 MINUTES , GRACE PERIOD 4 SECONDS ) \nGROUP BY O.BROKER, O.SYMBOL\nEMIT CHANGES;","sinks":["BAR_15M_LIVE"],"sinkKafkaTopics":["bar_15m_live"],"id":"CTAS_BAR_15M_LIVE_109","statusCount":{"RUNNING":1},"queryType":"PERSISTENT","state":"RUNNING"},{"queryString":"CREATE TABLE BAR_1S_FINAL WITH (CLEANUP_POLICY='compact,delete', KAFKA_TOPIC='bar_1s_final', KEY_FORMAT='AVRO', PARTITIONS=1, REPLICAS=1, RETENTION_MS=604800000, VALUE_FORMAT='AVRO') AS SELECT\n  O.BROKER BROKER,\n  O.SYMBOL SYMBOL,\n  WINDOWSTART BUCKETSTART,\n  EARLIEST_BY_OFFSET(O.BID) OPEN,\n  MAX(O.BID) HIGH,\n  MIN(O.BID) LOW,\n  LATEST_BY_OFFSET(O.BID) KSQLTIMEFRAMECLOSE\nFROM DEDUPRATES O\nWINDOW TUMBLING ( SIZE 1 SECONDS ) \nGROUP BY O.BROKER, O.SYMBOL\nEMIT FINAL;","sinks":["BAR_1S_FINAL"],"sinkKafkaTopics":["bar_1s_final"],"id":"CTAS_BAR_1S_FINAL_97","statusCount":{"RUNNING":1},"queryType":"PERSISTENT","state":"RUNNING"},{"queryString":"CREATE TABLE BAR_60M_LIVE WITH (CLEANUP_POLICY='compact,delete', KAFKA_TOPIC='bar_60m_live', KEY_FORMAT='AVRO', PARTITIONS=1, REPLICAS=1, RETENTION_MS=604800000, VALUE_FORMAT='AVRO') AS SELECT\n  O.BROKER BROKER,\n  O.SYMBOL SYMBOL,\n  WINDOWSTART BUCKETSTART,\n  EARLIEST_BY_OFFSET(O.OPEN) OPEN,\n  MAX(O.HIGH) HIGH,\n  MIN(O.LOW) LOW,\n  LATEST_BY_OFFSET(O.KSQLTIMEFRAMECLOSE) KSQLTIMEFRAMECLOSE\nFROM BAR_1S_FINAL_S O\nWINDOW TUMBLING ( SIZE 60 MINUTES , GRACE PERIOD 5 SECONDS ) \nGROUP BY O.BROKER, O.SYMBOL\nEMIT CHANGES;","sinks":["BAR_60M_LIVE"],"sinkKafkaTopics":["bar_60m_live"],"id":"CTAS_BAR_60M_LIVE_111","statusCount":{"RUNNING":1},"queryType":"PERSISTENT","state":"RUNNING"},{"queryString":"CREATE TABLE BAR_TBIMP_1M_LIVE WITH (CLEANUP_POLICY='compact,delete', KAFKA_TOPIC='bar_tbimp_1m_live', KEY_FORMAT='AVRO', PARTITIONS=1, REPLICAS=1, RETENTION_MS=604800000, VALUE_FORMAT='AVRO') AS SELECT\n  O.BROKER BROKER,\n  O.SYMBOL SYMBOL,\n  WINDOWSTART BUCKETSTART,\n  EARLIEST_BY_OFFSET(O.OPEN) OPEN,\n  MAX(O.HIGH) HIGH,\n  MIN(O.LOW) LOW,\n  LATEST_BY_OFFSET(O.CLOSE) CLOSE\nFROM BAR_TBIMP_1S_FINAL_S O\nWINDOW TUMBLING ( SIZE 1 MINUTES , GRACE PERIOD 2 SECONDS ) \nGROUP BY O.BROKER, O.SYMBOL\nEMIT CHANGES;","sinks":["BAR_TBIMP_1M_LIVE"],"sinkKafkaTopics":["bar_tbimp_1m_live"],"id":"CTAS_BAR_TBIMP_1M_LIVE_89","statusCount":{"RUNNING":1},"queryType":"PERSISTENT","state":"RUNNING"},{"queryString":"CREATE TABLE BAR_5M_LIVE WITH (CLEANUP_POLICY='compact,delete', KAFKA_TOPIC='bar_5m_live', KEY_FORMAT='AVRO', PARTITIONS=1, REPLICAS=1, RETENTION_MS=604800000, VALUE_FORMAT='AVRO') AS SELECT\n  O.BROKER BROKER,\n  O.SYMBOL SYMBOL,\n  WINDOWSTART BUCKETSTART,\n  EARLIEST_BY_OFFSET(O.OPEN) OPEN,\n  MAX(O.HIGH) HIGH,\n  MIN(O.LOW) LOW,\n  LATEST_BY_OFFSET(O.KSQLTIMEFRAMECLOSE) KSQLTIMEFRAMECLOSE\nFROM BAR_1S_FINAL_S O\nWINDOW TUMBLING ( SIZE 5 MINUTES , GRACE PERIOD 3 SECONDS ) \nGROUP BY O.BROKER, O.SYMBOL\nEMIT CHANGES;","sinks":["BAR_5M_LIVE"],"sinkKafkaTopics":["bar_5m_live"],"id":"CTAS_BAR_5M_LIVE_103","statusCount":{"RUNNING":1},"queryType":"PERSISTENT","state":"RUNNING"},{"queryString":"CREATE TABLE BAR_TBIMP_5M_LIVE WITH (CLEANUP_POLICY='compact,delete', KAFKA_TOPIC='bar_tbimp_5m_live', KEY_FORMAT='AVRO', PARTITIONS=1, REPLICAS=1, RETENTION_MS=604800000, VALUE_FORMAT='AVRO') AS SELECT\n  O.BROKER BROKER,\n  O.SYMBOL SYMBOL,\n  WINDOWSTART BUCKETSTART,\n  EARLIEST_BY_OFFSET(O.OPEN) OPEN,\n  MAX(O.HIGH) HIGH,\n  MIN(O.LOW) LOW,\n  LATEST_BY_OFFSET(O.CLOSE) CLOSE\nFROM BAR_TBIMP_1S_FINAL_S O\nWINDOW TUMBLING ( SIZE 5 MINUTES , GRACE PERIOD 3 SECONDS ) \nGROUP BY O.BROKER, O.SYMBOL\nEMIT CHANGES;","sinks":["BAR_TBIMP_5M_LIVE"],"sinkKafkaTopics":["bar_tbimp_5m_live"],"id":"CTAS_BAR_TBIMP_5M_LIVE_91","statusCount":{"RUNNING":1},"queryType":"PERSISTENT","state":"RUNNING"},{"queryString":"CREATE TABLE BAR_1M_LIVE WITH (CLEANUP_POLICY='compact,delete', KAFKA_TOPIC='bar_1m_live', KEY_FORMAT='AVRO', PARTITIONS=1, REPLICAS=1, RETENTION_MS=604800000, VALUE_FORMAT='AVRO') AS SELECT\n  O.BROKER BROKER,\n  O.SYMBOL SYMBOL,\n  WINDOWSTART BUCKETSTART,\n  EARLIEST_BY_OFFSET(O.OPEN) OPEN,\n  MAX(O.HIGH) HIGH,\n  MIN(O.LOW) LOW,\n  LATEST_BY_OFFSET(O.KSQLTIMEFRAMECLOSE) KSQLTIMEFRAMECLOSE\nFROM BAR_1S_FINAL_S O\nWINDOW TUMBLING ( SIZE 1 MINUTES , GRACE PERIOD 2 SECONDS ) \nGROUP BY O.BROKER, O.SYMBOL\nEMIT CHANGES;","sinks":["BAR_1M_LIVE"],"sinkKafkaTopics":["bar_1m_live"],"id":"CTAS_BAR_1M_LIVE_101","statusCount":{"RUNNING":1},"queryType":"PERSISTENT","state":"RUNNING"},{"queryString":"CREATE TABLE BAR_TBIMP_1S_FINAL WITH (CLEANUP_POLICY='compact,delete', KAFKA_TOPIC='bar_tbimp_1s_final', KEY_FORMAT='AVRO', PARTITIONS=1, REPLICAS=1, RETENTION_MS=604800000, VALUE_FORMAT='AVRO') AS SELECT\n  O.BROKER BROKER,\n  O.SYMBOL SYMBOL,\n  WINDOWSTART BUCKETSTART,\n  EARLIEST_BY_OFFSET(O.BID) OPEN,\n  MAX(O.BID) HIGH,\n  MIN(O.BID) LOW,\n  LATEST_BY_OFFSET(O.BID) CLOSE\nFROM TICKS_TBIMP O\nWINDOW TUMBLING ( SIZE 1 SECONDS ) \nGROUP BY O.BROKER, O.SYMBOL\nEMIT FINAL;","sinks":["BAR_TBIMP_1S_FINAL"],"sinkKafkaTopics":["bar_tbimp_1s_final"],"id":"CTAS_BAR_TBIMP_1S_FINAL_85","statusCount":{"RUNNING":1},"queryType":"PERSISTENT","state":"RUNNING"}],"warnings":[]}]&#xD;
warn: Kafka.Ksql.Linq.KsqlContext[0]&#xD;
      SHOW QUERIES attempt 3 did not contain a matching query for bar_1m_live&#xD;
info: Kafka.Ksql.Linq.KsqlContext[0]&#xD;
      ksql execute: EXECUTE SQL=SHOW QUERIES;&#xD;
info: Kafka.Ksql.Linq.KsqlContext[0]&#xD;
      SHOW QUERIES output (attempt 4): [{"@type":"queries","statementText":"SHOW QUERIES;","queries":[{"queryString":"CREATE TABLE BAR_15M_LIVE WITH (CLEANUP_POLICY='compact,delete', KAFKA_TOPIC='bar_15m_live', KEY_FORMAT='AVRO', PARTITIONS=1, REPLICAS=1, RETENTION_MS=604800000, VALUE_FORMAT='AVRO') AS SELECT\n  O.BROKER BROKER,\n  O.SYMBOL SYMBOL,\n  WINDOWSTART BUCKETSTART,\n  EARLIEST_BY_OFFSET(O.OPEN) OPEN,\n  MAX(O.HIGH) HIGH,\n  MIN(O.LOW) LOW,\n  LATEST_BY_OFFSET(O.KSQLTIMEFRAMECLOSE) KSQLTIMEFRAMECLOSE\nFROM BAR_1S_FINAL_S O\nWINDOW TUMBLING ( SIZE 15 MINUTES , GRACE PERIOD 4 SECONDS ) \nGROUP BY O.BROKER, O.SYMBOL\nEMIT CHANGES;","sinks":["BAR_15M_LIVE"],"sinkKafkaTopics":["bar_15m_live"],"id":"CTAS_BAR_15M_LIVE_109","statusCount":{"RUNNING":1},"queryType":"PERSISTENT","state":"RUNNING"},{"queryString":"CREATE TABLE BAR_1S_FINAL WITH (CLEANUP_POLICY='compact,delete', KAFKA_TOPIC='bar_1s_final', KEY_FORMAT='AVRO', PARTITIONS=1, REPLICAS=1, RETENTION_MS=604800000, VALUE_FORMAT='AVRO') AS SELECT\n  O.BROKER BROKER,\n  O.SYMBOL SYMBOL,\n  WINDOWSTART BUCKETSTART,\n  EARLIEST_BY_OFFSET(O.BID) OPEN,\n  MAX(O.BID) HIGH,\n  MIN(O.BID) LOW,\n  LATEST_BY_OFFSET(O.BID) KSQLTIMEFRAMECLOSE\nFROM DEDUPRATES O\nWINDOW TUMBLING ( SIZE 1 SECONDS ) \nGROUP BY O.BROKER, O.SYMBOL\nEMIT FINAL;","sinks":["BAR_1S_FINAL"],"sinkKafkaTopics":["bar_1s_final"],"id":"CTAS_BAR_1S_FINAL_97","statusCount":{"RUNNING":1},"queryType":"PERSISTENT","state":"RUNNING"},{"queryString":"CREATE TABLE BAR_60M_LIVE WITH (CLEANUP_POLICY='compact,delete', KAFKA_TOPIC='bar_60m_live', KEY_FORMAT='AVRO', PARTITIONS=1, REPLICAS=1, RETENTION_MS=604800000, VALUE_FORMAT='AVRO') AS SELECT\n  O.BROKER BROKER,\n  O.SYMBOL SYMBOL,\n  WINDOWSTART BUCKETSTART,\n  EARLIEST_BY_OFFSET(O.OPEN) OPEN,\n  MAX(O.HIGH) HIGH,\n  MIN(O.LOW) LOW,\n  LATEST_BY_OFFSET(O.KSQLTIMEFRAMECLOSE) KSQLTIMEFRAMECLOSE\nFROM BAR_1S_FINAL_S O\nWINDOW TUMBLING ( SIZE 60 MINUTES , GRACE PERIOD 5 SECONDS ) \nGROUP BY O.BROKER, O.SYMBOL\nEMIT CHANGES;","sinks":["BAR_60M_LIVE"],"sinkKafkaTopics":["bar_60m_live"],"id":"CTAS_BAR_60M_LIVE_111","statusCount":{"RUNNING":1},"queryType":"PERSISTENT","state":"RUNNING"},{"queryString":"CREATE TABLE BAR_TBIMP_1M_LIVE WITH (CLEANUP_POLICY='compact,delete', KAFKA_TOPIC='bar_tbimp_1m_live', KEY_FORMAT='AVRO', PARTITIONS=1, REPLICAS=1, RETENTION_MS=604800000, VALUE_FORMAT='AVRO') AS SELECT\n  O.BROKER BROKER,\n  O.SYMBOL SYMBOL,\n  WINDOWSTART BUCKETSTART,\n  EARLIEST_BY_OFFSET(O.OPEN) OPEN,\n  MAX(O.HIGH) HIGH,\n  MIN(O.LOW) LOW,\n  LATEST_BY_OFFSET(O.CLOSE) CLOSE\nFROM BAR_TBIMP_1S_FINAL_S O\nWINDOW TUMBLING ( SIZE 1 MINUTES , GRACE PERIOD 2 SECONDS ) \nGROUP BY O.BROKER, O.SYMBOL\nEMIT CHANGES;","sinks":["BAR_TBIMP_1M_LIVE"],"sinkKafkaTopics":["bar_tbimp_1m_live"],"id":"CTAS_BAR_TBIMP_1M_LIVE_89","statusCount":{"RUNNING":1},"queryType":"PERSISTENT","state":"RUNNING"},{"queryString":"CREATE TABLE BAR_5M_LIVE WITH (CLEANUP_POLICY='compact,delete', KAFKA_TOPIC='bar_5m_live', KEY_FORMAT='AVRO', PARTITIONS=1, REPLICAS=1, RETENTION_MS=604800000, VALUE_FORMAT='AVRO') AS SELECT\n  O.BROKER BROKER,\n  O.SYMBOL SYMBOL,\n  WINDOWSTART BUCKETSTART,\n  EARLIEST_BY_OFFSET(O.OPEN) OPEN,\n  MAX(O.HIGH) HIGH,\n  MIN(O.LOW) LOW,\n  LATEST_BY_OFFSET(O.KSQLTIMEFRAMECLOSE) KSQLTIMEFRAMECLOSE\nFROM BAR_1S_FINAL_S O\nWINDOW TUMBLING ( SIZE 5 MINUTES , GRACE PERIOD 3 SECONDS ) \nGROUP BY O.BROKER, O.SYMBOL\nEMIT CHANGES;","sinks":["BAR_5M_LIVE"],"sinkKafkaTopics":["bar_5m_live"],"id":"CTAS_BAR_5M_LIVE_103","statusCount":{"RUNNING":1},"queryType":"PERSISTENT","state":"RUNNING"},{"queryString":"CREATE TABLE BAR_TBIMP_5M_LIVE WITH (CLEANUP_POLICY='compact,delete', KAFKA_TOPIC='bar_tbimp_5m_live', KEY_FORMAT='AVRO', PARTITIONS=1, REPLICAS=1, RETENTION_MS=604800000, VALUE_FORMAT='AVRO') AS SELECT\n  O.BROKER BROKER,\n  O.SYMBOL SYMBOL,\n  WINDOWSTART BUCKETSTART,\n  EARLIEST_BY_OFFSET(O.OPEN) OPEN,\n  MAX(O.HIGH) HIGH,\n  MIN(O.LOW) LOW,\n  LATEST_BY_OFFSET(O.CLOSE) CLOSE\nFROM BAR_TBIMP_1S_FINAL_S O\nWINDOW TUMBLING ( SIZE 5 MINUTES , GRACE PERIOD 3 SECONDS ) \nGROUP BY O.BROKER, O.SYMBOL\nEMIT CHANGES;","sinks":["BAR_TBIMP_5M_LIVE"],"sinkKafkaTopics":["bar_tbimp_5m_live"],"id":"CTAS_BAR_TBIMP_5M_LIVE_91","statusCount":{"RUNNING":1},"queryType":"PERSISTENT","state":"RUNNING"},{"queryString":"CREATE TABLE BAR_1M_LIVE WITH (CLEANUP_POLICY='compact,delete', KAFKA_TOPIC='bar_1m_live', KEY_FORMAT='AVRO', PARTITIONS=1, REPLICAS=1, RETENTION_MS=604800000, VALUE_FORMAT='AVRO') AS SELECT\n  O.BROKER BROKER,\n  O.SYMBOL SYMBOL,\n  WINDOWSTART BUCKETSTART,\n  EARLIEST_BY_OFFSET(O.OPEN) OPEN,\n  MAX(O.HIGH) HIGH,\n  MIN(O.LOW) LOW,\n  LATEST_BY_OFFSET(O.KSQLTIMEFRAMECLOSE) KSQLTIMEFRAMECLOSE\nFROM BAR_1S_FINAL_S O\nWINDOW TUMBLING ( SIZE 1 MINUTES , GRACE PERIOD 2 SECONDS ) \nGROUP BY O.BROKER, O.SYMBOL\nEMIT CHANGES;","sinks":["BAR_1M_LIVE"],"sinkKafkaTopics":["bar_1m_live"],"id":"CTAS_BAR_1M_LIVE_101","statusCount":{"RUNNING":1},"queryType":"PERSISTENT","state":"RUNNING"},{"queryString":"CREATE TABLE BAR_TBIMP_1S_FINAL WITH (CLEANUP_POLICY='compact,delete', KAFKA_TOPIC='bar_tbimp_1s_final', KEY_FORMAT='AVRO', PARTITIONS=1, REPLICAS=1, RETENTION_MS=604800000, VALUE_FORMAT='AVRO') AS SELECT\n  O.BROKER BROKER,\n  O.SYMBOL SYMBOL,\n  WINDOWSTART BUCKETSTART,\n  EARLIEST_BY_OFFSET(O.BID) OPEN,\n  MAX(O.BID) HIGH,\n  MIN(O.BID) LOW,\n  LATEST_BY_OFFSET(O.BID) CLOSE\nFROM TICKS_TBIMP O\nWINDOW TUMBLING ( SIZE 1 SECONDS ) \nGROUP BY O.BROKER, O.SYMBOL\nEMIT FINAL;","sinks":["BAR_TBIMP_1S_FINAL"],"sinkKafkaTopics":["bar_tbimp_1s_final"],"id":"CTAS_BAR_TBIMP_1S_FINAL_85","statusCount":{"RUNNING":1},"queryType":"PERSISTENT","state":"RUNNING"}],"warnings":[]}]&#xD;
warn: Kafka.Ksql.Linq.KsqlContext[0]&#xD;
      SHOW QUERIES attempt 4 did not contain a matching query for bar_1m_live&#xD;
info: Kafka.Ksql.Linq.KsqlContext[0]&#xD;
      ksql execute: EXECUTE SQL=SHOW QUERIES;&#xD;
info: Kafka.Ksql.Linq.KsqlContext[0]&#xD;
      SHOW QUERIES output (attempt 5): [{"@type":"queries","statementText":"SHOW QUERIES;","queries":[{"queryString":"CREATE TABLE BAR_15M_LIVE WITH (CLEANUP_POLICY='compact,delete', KAFKA_TOPIC='bar_15m_live', KEY_FORMAT='AVRO', PARTITIONS=1, REPLICAS=1, RETENTION_MS=604800000, VALUE_FORMAT='AVRO') AS SELECT\n  O.BROKER BROKER,\n  O.SYMBOL SYMBOL,\n  WINDOWSTART BUCKETSTART,\n  EARLIEST_BY_OFFSET(O.OPEN) OPEN,\n  MAX(O.HIGH) HIGH,\n  MIN(O.LOW) LOW,\n  LATEST_BY_OFFSET(O.KSQLTIMEFRAMECLOSE) KSQLTIMEFRAMECLOSE\nFROM BAR_1S_FINAL_S O\nWINDOW TUMBLING ( SIZE 15 MINUTES , GRACE PERIOD 4 SECONDS ) \nGROUP BY O.BROKER, O.SYMBOL\nEMIT CHANGES;","sinks":["BAR_15M_LIVE"],"sinkKafkaTopics":["bar_15m_live"],"id":"CTAS_BAR_15M_LIVE_109","statusCount":{"RUNNING":1},"queryType":"PERSISTENT","state":"RUNNING"},{"queryString":"CREATE TABLE BAR_1S_FINAL WITH (CLEANUP_POLICY='compact,delete', KAFKA_TOPIC='bar_1s_final', KEY_FORMAT='AVRO', PARTITIONS=1, REPLICAS=1, RETENTION_MS=604800000, VALUE_FORMAT='AVRO') AS SELECT\n  O.BROKER BROKER,\n  O.SYMBOL SYMBOL,\n  WINDOWSTART BUCKETSTART,\n  EARLIEST_BY_OFFSET(O.BID) OPEN,\n  MAX(O.BID) HIGH,\n  MIN(O.BID) LOW,\n  LATEST_BY_OFFSET(O.BID) KSQLTIMEFRAMECLOSE\nFROM DEDUPRATES O\nWINDOW TUMBLING ( SIZE 1 SECONDS ) \nGROUP BY O.BROKER, O.SYMBOL\nEMIT FINAL;","sinks":["BAR_1S_FINAL"],"sinkKafkaTopics":["bar_1s_final"],"id":"CTAS_BAR_1S_FINAL_97","statusCount":{"RUNNING":1},"queryType":"PERSISTENT","state":"RUNNING"},{"queryString":"CREATE TABLE BAR_60M_LIVE WITH (CLEANUP_POLICY='compact,delete', KAFKA_TOPIC='bar_60m_live', KEY_FORMAT='AVRO', PARTITIONS=1, REPLICAS=1, RETENTION_MS=604800000, VALUE_FORMAT='AVRO') AS SELECT\n  O.BROKER BROKER,\n  O.SYMBOL SYMBOL,\n  WINDOWSTART BUCKETSTART,\n  EARLIEST_BY_OFFSET(O.OPEN) OPEN,\n  MAX(O.HIGH) HIGH,\n  MIN(O.LOW) LOW,\n  LATEST_BY_OFFSET(O.KSQLTIMEFRAMECLOSE) KSQLTIMEFRAMECLOSE\nFROM BAR_1S_FINAL_S O\nWINDOW TUMBLING ( SIZE 60 MINUTES , GRACE PERIOD 5 SECONDS ) \nGROUP BY O.BROKER, O.SYMBOL\nEMIT CHANGES;","sinks":["BAR_60M_LIVE"],"sinkKafkaTopics":["bar_60m_live"],"id":"CTAS_BAR_60M_LIVE_111","statusCount":{"RUNNING":1},"queryType":"PERSISTENT","state":"RUNNING"},{"queryString":"CREATE TABLE BAR_TBIMP_1M_LIVE WITH (CLEANUP_POLICY='compact,delete', KAFKA_TOPIC='bar_tbimp_1m_live', KEY_FORMAT='AVRO', PARTITIONS=1, REPLICAS=1, RETENTION_MS=604800000, VALUE_FORMAT='AVRO') AS SELECT\n  O.BROKER BROKER,\n  O.SYMBOL SYMBOL,\n  WINDOWSTART BUCKETSTART,\n  EARLIEST_BY_OFFSET(O.OPEN) OPEN,\n  MAX(O.HIGH) HIGH,\n  MIN(O.LOW) LOW,\n  LATEST_BY_OFFSET(O.CLOSE) CLOSE\nFROM BAR_TBIMP_1S_FINAL_S O\nWINDOW TUMBLING ( SIZE 1 MINUTES , GRACE PERIOD 2 SECONDS ) \nGROUP BY O.BROKER, O.SYMBOL\nEMIT CHANGES;","sinks":["BAR_TBIMP_1M_LIVE"],"sinkKafkaTopics":["bar_tbimp_1m_live"],"id":"CTAS_BAR_TBIMP_1M_LIVE_89","statusCount":{"RUNNING":1},"queryType":"PERSISTENT","state":"RUNNING"},{"queryString":"CREATE TABLE BAR_5M_LIVE WITH (CLEANUP_POLICY='compact,delete', KAFKA_TOPIC='bar_5m_live', KEY_FORMAT='AVRO', PARTITIONS=1, REPLICAS=1, RETENTION_MS=604800000, VALUE_FORMAT='AVRO') AS SELECT\n  O.BROKER BROKER,\n  O.SYMBOL SYMBOL,\n  WINDOWSTART BUCKETSTART,\n  EARLIEST_BY_OFFSET(O.OPEN) OPEN,\n  MAX(O.HIGH) HIGH,\n  MIN(O.LOW) LOW,\n  LATEST_BY_OFFSET(O.KSQLTIMEFRAMECLOSE) KSQLTIMEFRAMECLOSE\nFROM BAR_1S_FINAL_S O\nWINDOW TUMBLING ( SIZE 5 MINUTES , GRACE PERIOD 3 SECONDS ) \nGROUP BY O.BROKER, O.SYMBOL\nEMIT CHANGES;","sinks":["BAR_5M_LIVE"],"sinkKafkaTopics":["bar_5m_live"],"id":"CTAS_BAR_5M_LIVE_103","statusCount":{"RUNNING":1},"queryType":"PERSISTENT","state":"RUNNING"},{"queryString":"CREATE TABLE BAR_TBIMP_5M_LIVE WITH (CLEANUP_POLICY='compact,delete', KAFKA_TOPIC='bar_tbimp_5m_live', KEY_FORMAT='AVRO', PARTITIONS=1, REPLICAS=1, RETENTION_MS=604800000, VALUE_FORMAT='AVRO') AS SELECT\n  O.BROKER BROKER,\n  O.SYMBOL SYMBOL,\n  WINDOWSTART BUCKETSTART,\n  EARLIEST_BY_OFFSET(O.OPEN) OPEN,\n  MAX(O.HIGH) HIGH,\n  MIN(O.LOW) LOW,\n  LATEST_BY_OFFSET(O.CLOSE) CLOSE\nFROM BAR_TBIMP_1S_FINAL_S O\nWINDOW TUMBLING ( SIZE 5 MINUTES , GRACE PERIOD 3 SECONDS ) \nGROUP BY O.BROKER, O.SYMBOL\nEMIT CHANGES;","sinks":["BAR_TBIMP_5M_LIVE"],"sinkKafkaTopics":["bar_tbimp_5m_live"],"id":"CTAS_BAR_TBIMP_5M_LIVE_91","statusCount":{"RUNNING":1},"queryType":"PERSISTENT","state":"RUNNING"},{"queryString":"CREATE TABLE BAR_1M_LIVE WITH (CLEANUP_POLICY='compact,delete', KAFKA_TOPIC='bar_1m_live', KEY_FORMAT='AVRO', PARTITIONS=1, REPLICAS=1, RETENTION_MS=604800000, VALUE_FORMAT='AVRO') AS SELECT\n  O.BROKER BROKER,\n  O.SYMBOL SYMBOL,\n  WINDOWSTART BUCKETSTART,\n  EARLIEST_BY_OFFSET(O.OPEN) OPEN,\n  MAX(O.HIGH) HIGH,\n  MIN(O.LOW) LOW,\n  LATEST_BY_OFFSET(O.KSQLTIMEFRAMECLOSE) KSQLTIMEFRAMECLOSE\nFROM BAR_1S_FINAL_S O\nWINDOW TUMBLING ( SIZE 1 MINUTES , GRACE PERIOD 2 SECONDS ) \nGROUP BY O.BROKER, O.SYMBOL\nEMIT CHANGES;","sinks":["BAR_1M_LIVE"],"sinkKafkaTopics":["bar_1m_live"],"id":"CTAS_BAR_1M_LIVE_101","statusCount":{"RUNNING":1},"queryType":"PERSISTENT","state":"RUNNING"},{"queryString":"CREATE TABLE BAR_TBIMP_1S_FINAL WITH (CLEANUP_POLICY='compact,delete', KAFKA_TOPIC='bar_tbimp_1s_final', KEY_FORMAT='AVRO', PARTITIONS=1, REPLICAS=1, RETENTION_MS=604800000, VALUE_FORMAT='AVRO') AS SELECT\n  O.BROKER BROKER,\n  O.SYMBOL SYMBOL,\n  WINDOWSTART BUCKETSTART,\n  EARLIEST_BY_OFFSET(O.BID) OPEN,\n  MAX(O.BID) HIGH,\n  MIN(O.BID) LOW,\n  LATEST_BY_OFFSET(O.BID) CLOSE\nFROM TICKS_TBIMP O\nWINDOW TUMBLING ( SIZE 1 SECONDS ) \nGROUP BY O.BROKER, O.SYMBOL\nEMIT FINAL;","sinks":["BAR_TBIMP_1S_FINAL"],"sinkKafkaTopics":["bar_tbimp_1s_final"],"id":"CTAS_BAR_TBIMP_1S_FINAL_85","statusCount":{"RUNNING":1},"queryType":"PERSISTENT","state":"RUNNING"}],"warnings":[]}]&#xD;
warn: Kafka.Ksql.Linq.KsqlContext[0]&#xD;
      SHOW QUERIES attempt 5 did not contain a matching query for bar_1m_live&#xD;
warn: Kafka.Ksql.Linq.KsqlContext[0]&#xD;
      Unable to locate queryId for bar_1m_live after 5 attempts&#xD;
warn: Kafka.Ksql.Linq.KsqlContext[0]&#xD;
      Could not locate queryId via SHOW QUERIES for derived statement targeting bar_1m_live: CREATE TABLE bar_1m_live  WITH (KAFKA_TOPIC='bar_1m_live', KEY_FORMAT='AVRO', VALUE_FORMAT='AVRO') AS&#xD;
      SELECT BROKER AS Broker, SYMBOL AS Symbol, WINDOWSTART AS BucketStart, EARLIEST_BY_OFFSET(o.OPEN) AS Open, MAX(o.HIGH) AS High, MIN(o.LOW) AS Low, LATEST_BY_OFFSET(o.KSQLTIMEFRAMECLOSE) AS KsqlTimeFrameClose&#xD;
      FROM bar_1s_final_s o WINDOW TUMBLING (SIZE 1 MINUTES, GRACE PERIOD 2 SECONDS)&#xD;
      GROUP BY BROKER, SYMBOL&#xD;
      EMIT CHANGES;&#xD;
info: Kafka.Ksql.Linq.KsqlContext[0]&#xD;
      ksql execute: EXECUTE SQL=SHOW QUERIES;&#xD;
info: Kafka.Ksql.Linq.KsqlContext[0]&#xD;
      SHOW QUERIES output (attempt 1): [{"@type":"queries","statementText":"SHOW QUERIES;","queries":[{"queryString":"CREATE TABLE BAR_15M_LIVE WITH (CLEANUP_POLICY='compact,delete', KAFKA_TOPIC='bar_15m_live', KEY_FORMAT='AVRO', PARTITIONS=1, REPLICAS=1, RETENTION_MS=604800000, VALUE_FORMAT='AVRO') AS SELECT\n  O.BROKER BROKER,\n  O.SYMBOL SYMBOL,\n  WINDOWSTART BUCKETSTART,\n  EARLIEST_BY_OFFSET(O.OPEN) OPEN,\n  MAX(O.HIGH) HIGH,\n  MIN(O.LOW) LOW,\n  LATEST_BY_OFFSET(O.KSQLTIMEFRAMECLOSE) KSQLTIMEFRAMECLOSE\nFROM BAR_1S_FINAL_S O\nWINDOW TUMBLING ( SIZE 15 MINUTES , GRACE PERIOD 4 SECONDS ) \nGROUP BY O.BROKER, O.SYMBOL\nEMIT CHANGES;","sinks":["BAR_15M_LIVE"],"sinkKafkaTopics":["bar_15m_live"],"id":"CTAS_BAR_15M_LIVE_109","statusCount":{"RUNNING":1},"queryType":"PERSISTENT","state":"RUNNING"},{"queryString":"CREATE TABLE BAR_1S_FINAL WITH (CLEANUP_POLICY='compact,delete', KAFKA_TOPIC='bar_1s_final', KEY_FORMAT='AVRO', PARTITIONS=1, REPLICAS=1, RETENTION_MS=604800000, VALUE_FORMAT='AVRO') AS SELECT\n  O.BROKER BROKER,\n  O.SYMBOL SYMBOL,\n  WINDOWSTART BUCKETSTART,\n  EARLIEST_BY_OFFSET(O.BID) OPEN,\n  MAX(O.BID) HIGH,\n  MIN(O.BID) LOW,\n  LATEST_BY_OFFSET(O.BID) KSQLTIMEFRAMECLOSE\nFROM DEDUPRATES O\nWINDOW TUMBLING ( SIZE 1 SECONDS ) \nGROUP BY O.BROKER, O.SYMBOL\nEMIT FINAL;","sinks":["BAR_1S_FINAL"],"sinkKafkaTopics":["bar_1s_final"],"id":"CTAS_BAR_1S_FINAL_97","statusCount":{"RUNNING":1},"queryType":"PERSISTENT","state":"RUNNING"},{"queryString":"CREATE TABLE BAR_60M_LIVE WITH (CLEANUP_POLICY='compact,delete', KAFKA_TOPIC='bar_60m_live', KEY_FORMAT='AVRO', PARTITIONS=1, REPLICAS=1, RETENTION_MS=604800000, VALUE_FORMAT='AVRO') AS SELECT\n  O.BROKER BROKER,\n  O.SYMBOL SYMBOL,\n  WINDOWSTART BUCKETSTART,\n  EARLIEST_BY_OFFSET(O.OPEN) OPEN,\n  MAX(O.HIGH) HIGH,\n  MIN(O.LOW) LOW,\n  LATEST_BY_OFFSET(O.KSQLTIMEFRAMECLOSE) KSQLTIMEFRAMECLOSE\nFROM BAR_1S_FINAL_S O\nWINDOW TUMBLING ( SIZE 60 MINUTES , GRACE PERIOD 5 SECONDS ) \nGROUP BY O.BROKER, O.SYMBOL\nEMIT CHANGES;","sinks":["BAR_60M_LIVE"],"sinkKafkaTopics":["bar_60m_live"],"id":"CTAS_BAR_60M_LIVE_111","statusCount":{"RUNNING":1},"queryType":"PERSISTENT","state":"RUNNING"},{"queryString":"CREATE TABLE BAR_TBIMP_1M_LIVE WITH (CLEANUP_POLICY='compact,delete', KAFKA_TOPIC='bar_tbimp_1m_live', KEY_FORMAT='AVRO', PARTITIONS=1, REPLICAS=1, RETENTION_MS=604800000, VALUE_FORMAT='AVRO') AS SELECT\n  O.BROKER BROKER,\n  O.SYMBOL SYMBOL,\n  WINDOWSTART BUCKETSTART,\n  EARLIEST_BY_OFFSET(O.OPEN) OPEN,\n  MAX(O.HIGH) HIGH,\n  MIN(O.LOW) LOW,\n  LATEST_BY_OFFSET(O.CLOSE) CLOSE\nFROM BAR_TBIMP_1S_FINAL_S O\nWINDOW TUMBLING ( SIZE 1 MINUTES , GRACE PERIOD 2 SECONDS ) \nGROUP BY O.BROKER, O.SYMBOL\nEMIT CHANGES;","sinks":["BAR_TBIMP_1M_LIVE"],"sinkKafkaTopics":["bar_tbimp_1m_live"],"id":"CTAS_BAR_TBIMP_1M_LIVE_89","statusCount":{"RUNNING":1},"queryType":"PERSISTENT","state":"RUNNING"},{"queryString":"CREATE TABLE BAR_5M_LIVE WITH (CLEANUP_POLICY='compact,delete', KAFKA_TOPIC='bar_5m_live', KEY_FORMAT='AVRO', PARTITIONS=1, REPLICAS=1, RETENTION_MS=604800000, VALUE_FORMAT='AVRO') AS SELECT\n  O.BROKER BROKER,\n  O.SYMBOL SYMBOL,\n  WINDOWSTART BUCKETSTART,\n  EARLIEST_BY_OFFSET(O.OPEN) OPEN,\n  MAX(O.HIGH) HIGH,\n  MIN(O.LOW) LOW,\n  LATEST_BY_OFFSET(O.KSQLTIMEFRAMECLOSE) KSQLTIMEFRAMECLOSE\nFROM BAR_1S_FINAL_S O\nWINDOW TUMBLING ( SIZE 5 MINUTES , GRACE PERIOD 3 SECONDS ) \nGROUP BY O.BROKER, O.SYMBOL\nEMIT CHANGES;","sinks":["BAR_5M_LIVE"],"sinkKafkaTopics":["bar_5m_live"],"id":"CTAS_BAR_5M_LIVE_103","statusCount":{"RUNNING":1},"queryType":"PERSISTENT","state":"RUNNING"},{"queryString":"CREATE TABLE BAR_TBIMP_5M_LIVE WITH (CLEANUP_POLICY='compact,delete', KAFKA_TOPIC='bar_tbimp_5m_live', KEY_FORMAT='AVRO', PARTITIONS=1, REPLICAS=1, RETENTION_MS=604800000, VALUE_FORMAT='AVRO') AS SELECT\n  O.BROKER BROKER,\n  O.SYMBOL SYMBOL,\n  WINDOWSTART BUCKETSTART,\n  EARLIEST_BY_OFFSET(O.OPEN) OPEN,\n  MAX(O.HIGH) HIGH,\n  MIN(O.LOW) LOW,\n  LATEST_BY_OFFSET(O.CLOSE) CLOSE\nFROM BAR_TBIMP_1S_FINAL_S O\nWINDOW TUMBLING ( SIZE 5 MINUTES , GRACE PERIOD 3 SECONDS ) \nGROUP BY O.BROKER, O.SYMBOL\nEMIT CHANGES;","sinks":["BAR_TBIMP_5M_LIVE"],"sinkKafkaTopics":["bar_tbimp_5m_live"],"id":"CTAS_BAR_TBIMP_5M_LIVE_91","statusCount":{"RUNNING":1},"queryType":"PERSISTENT","state":"RUNNING"},{"queryString":"CREATE TABLE BAR_1M_LIVE WITH (CLEANUP_POLICY='compact,delete', KAFKA_TOPIC='bar_1m_live', KEY_FORMAT='AVRO', PARTITIONS=1, REPLICAS=1, RETENTION_MS=604800000, VALUE_FORMAT='AVRO') AS SELECT\n  O.BROKER BROKER,\n  O.SYMBOL SYMBOL,\n  WINDOWSTART BUCKETSTART,\n  EARLIEST_BY_OFFSET(O.OPEN) OPEN,\n  MAX(O.HIGH) HIGH,\n  MIN(O.LOW) LOW,\n  LATEST_BY_OFFSET(O.KSQLTIMEFRAMECLOSE) KSQLTIMEFRAMECLOSE\nFROM BAR_1S_FINAL_S O\nWINDOW TUMBLING ( SIZE 1 MINUTES , GRACE PERIOD 2 SECONDS ) \nGROUP BY O.BROKER, O.SYMBOL\nEMIT CHANGES;","sinks":["BAR_1M_LIVE"],"sinkKafkaTopics":["bar_1m_live"],"id":"CTAS_BAR_1M_LIVE_101","statusCount":{"RUNNING":1},"queryType":"PERSISTENT","state":"RUNNING"},{"queryString":"CREATE TABLE BAR_TBIMP_1S_FINAL WITH (CLEANUP_POLICY='compact,delete', KAFKA_TOPIC='bar_tbimp_1s_final', KEY_FORMAT='AVRO', PARTITIONS=1, REPLICAS=1, RETENTION_MS=604800000, VALUE_FORMAT='AVRO') AS SELECT\n  O.BROKER BROKER,\n  O.SYMBOL SYMBOL,\n  WINDOWSTART BUCKETSTART,\n  EARLIEST_BY_OFFSET(O.BID) OPEN,\n  MAX(O.BID) HIGH,\n  MIN(O.BID) LOW,\n  LATEST_BY_OFFSET(O.BID) CLOSE\nFROM TICKS_TBIMP O\nWINDOW TUMBLING ( SIZE 1 SECONDS ) \nGROUP BY O.BROKER, O.SYMBOL\nEMIT FINAL;","sinks":["BAR_TBIMP_1S_FINAL"],"sinkKafkaTopics":["bar_tbimp_1s_final"],"id":"CTAS_BAR_TBIMP_1S_FINAL_85","statusCount":{"RUNNING":1},"queryType":"PERSISTENT","state":"RUNNING"}],"warnings":[]}]&#xD;
warn: Kafka.Ksql.Linq.KsqlContext[0]&#xD;
      SHOW QUERIES attempt 1 did not contain a matching query for bar_5m_live&#xD;
info: Kafka.Ksql.Linq.KsqlContext[0]&#xD;
      ksql execute: EXECUTE SQL=SHOW QUERIES;&#xD;
info: Kafka.Ksql.Linq.KsqlContext[0]&#xD;
      SHOW QUERIES output (attempt 2): [{"@type":"queries","statementText":"SHOW QUERIES;","queries":[{"queryString":"CREATE TABLE BAR_15M_LIVE WITH (CLEANUP_POLICY='compact,delete', KAFKA_TOPIC='bar_15m_live', KEY_FORMAT='AVRO', PARTITIONS=1, REPLICAS=1, RETENTION_MS=604800000, VALUE_FORMAT='AVRO') AS SELECT\n  O.BROKER BROKER,\n  O.SYMBOL SYMBOL,\n  WINDOWSTART BUCKETSTART,\n  EARLIEST_BY_OFFSET(O.OPEN) OPEN,\n  MAX(O.HIGH) HIGH,\n  MIN(O.LOW) LOW,\n  LATEST_BY_OFFSET(O.KSQLTIMEFRAMECLOSE) KSQLTIMEFRAMECLOSE\nFROM BAR_1S_FINAL_S O\nWINDOW TUMBLING ( SIZE 15 MINUTES , GRACE PERIOD 4 SECONDS ) \nGROUP BY O.BROKER, O.SYMBOL\nEMIT CHANGES;","sinks":["BAR_15M_LIVE"],"sinkKafkaTopics":["bar_15m_live"],"id":"CTAS_BAR_15M_LIVE_109","statusCount":{"RUNNING":1},"queryType":"PERSISTENT","state":"RUNNING"},{"queryString":"CREATE TABLE BAR_1S_FINAL WITH (CLEANUP_POLICY='compact,delete', KAFKA_TOPIC='bar_1s_final', KEY_FORMAT='AVRO', PARTITIONS=1, REPLICAS=1, RETENTION_MS=604800000, VALUE_FORMAT='AVRO') AS SELECT\n  O.BROKER BROKER,\n  O.SYMBOL SYMBOL,\n  WINDOWSTART BUCKETSTART,\n  EARLIEST_BY_OFFSET(O.BID) OPEN,\n  MAX(O.BID) HIGH,\n  MIN(O.BID) LOW,\n  LATEST_BY_OFFSET(O.BID) KSQLTIMEFRAMECLOSE\nFROM DEDUPRATES O\nWINDOW TUMBLING ( SIZE 1 SECONDS ) \nGROUP BY O.BROKER, O.SYMBOL\nEMIT FINAL;","sinks":["BAR_1S_FINAL"],"sinkKafkaTopics":["bar_1s_final"],"id":"CTAS_BAR_1S_FINAL_97","statusCount":{"RUNNING":1},"queryType":"PERSISTENT","state":"RUNNING"},{"queryString":"CREATE TABLE BAR_60M_LIVE WITH (CLEANUP_POLICY='compact,delete', KAFKA_TOPIC='bar_60m_live', KEY_FORMAT='AVRO', PARTITIONS=1, REPLICAS=1, RETENTION_MS=604800000, VALUE_FORMAT='AVRO') AS SELECT\n  O.BROKER BROKER,\n  O.SYMBOL SYMBOL,\n  WINDOWSTART BUCKETSTART,\n  EARLIEST_BY_OFFSET(O.OPEN) OPEN,\n  MAX(O.HIGH) HIGH,\n  MIN(O.LOW) LOW,\n  LATEST_BY_OFFSET(O.KSQLTIMEFRAMECLOSE) KSQLTIMEFRAMECLOSE\nFROM BAR_1S_FINAL_S O\nWINDOW TUMBLING ( SIZE 60 MINUTES , GRACE PERIOD 5 SECONDS ) \nGROUP BY O.BROKER, O.SYMBOL\nEMIT CHANGES;","sinks":["BAR_60M_LIVE"],"sinkKafkaTopics":["bar_60m_live"],"id":"CTAS_BAR_60M_LIVE_111","statusCount":{"RUNNING":1},"queryType":"PERSISTENT","state":"RUNNING"},{"queryString":"CREATE TABLE BAR_TBIMP_1M_LIVE WITH (CLEANUP_POLICY='compact,delete', KAFKA_TOPIC='bar_tbimp_1m_live', KEY_FORMAT='AVRO', PARTITIONS=1, REPLICAS=1, RETENTION_MS=604800000, VALUE_FORMAT='AVRO') AS SELECT\n  O.BROKER BROKER,\n  O.SYMBOL SYMBOL,\n  WINDOWSTART BUCKETSTART,\n  EARLIEST_BY_OFFSET(O.OPEN) OPEN,\n  MAX(O.HIGH) HIGH,\n  MIN(O.LOW) LOW,\n  LATEST_BY_OFFSET(O.CLOSE) CLOSE\nFROM BAR_TBIMP_1S_FINAL_S O\nWINDOW TUMBLING ( SIZE 1 MINUTES , GRACE PERIOD 2 SECONDS ) \nGROUP BY O.BROKER, O.SYMBOL\nEMIT CHANGES;","sinks":["BAR_TBIMP_1M_LIVE"],"sinkKafkaTopics":["bar_tbimp_1m_live"],"id":"CTAS_BAR_TBIMP_1M_LIVE_89","statusCount":{"RUNNING":1},"queryType":"PERSISTENT","state":"RUNNING"},{"queryString":"CREATE TABLE BAR_5M_LIVE WITH (CLEANUP_POLICY='compact,delete', KAFKA_TOPIC='bar_5m_live', KEY_FORMAT='AVRO', PARTITIONS=1, REPLICAS=1, RETENTION_MS=604800000, VALUE_FORMAT='AVRO') AS SELECT\n  O.BROKER BROKER,\n  O.SYMBOL SYMBOL,\n  WINDOWSTART BUCKETSTART,\n  EARLIEST_BY_OFFSET(O.OPEN) OPEN,\n  MAX(O.HIGH) HIGH,\n  MIN(O.LOW) LOW,\n  LATEST_BY_OFFSET(O.KSQLTIMEFRAMECLOSE) KSQLTIMEFRAMECLOSE\nFROM BAR_1S_FINAL_S O\nWINDOW TUMBLING ( SIZE 5 MINUTES , GRACE PERIOD 3 SECONDS ) \nGROUP BY O.BROKER, O.SYMBOL\nEMIT CHANGES;","sinks":["BAR_5M_LIVE"],"sinkKafkaTopics":["bar_5m_live"],"id":"CTAS_BAR_5M_LIVE_103","statusCount":{"RUNNING":1},"queryType":"PERSISTENT","state":"RUNNING"},{"queryString":"CREATE TABLE BAR_TBIMP_5M_LIVE WITH (CLEANUP_POLICY='compact,delete', KAFKA_TOPIC='bar_tbimp_5m_live', KEY_FORMAT='AVRO', PARTITIONS=1, REPLICAS=1, RETENTION_MS=604800000, VALUE_FORMAT='AVRO') AS SELECT\n  O.BROKER BROKER,\n  O.SYMBOL SYMBOL,\n  WINDOWSTART BUCKETSTART,\n  EARLIEST_BY_OFFSET(O.OPEN) OPEN,\n  MAX(O.HIGH) HIGH,\n  MIN(O.LOW) LOW,\n  LATEST_BY_OFFSET(O.CLOSE) CLOSE\nFROM BAR_TBIMP_1S_FINAL_S O\nWINDOW TUMBLING ( SIZE 5 MINUTES , GRACE PERIOD 3 SECONDS ) \nGROUP BY O.BROKER, O.SYMBOL\nEMIT CHANGES;","sinks":["BAR_TBIMP_5M_LIVE"],"sinkKafkaTopics":["bar_tbimp_5m_live"],"id":"CTAS_BAR_TBIMP_5M_LIVE_91","statusCount":{"RUNNING":1},"queryType":"PERSISTENT","state":"RUNNING"},{"queryString":"CREATE TABLE BAR_1M_LIVE WITH (CLEANUP_POLICY='compact,delete', KAFKA_TOPIC='bar_1m_live', KEY_FORMAT='AVRO', PARTITIONS=1, REPLICAS=1, RETENTION_MS=604800000, VALUE_FORMAT='AVRO') AS SELECT\n  O.BROKER BROKER,\n  O.SYMBOL SYMBOL,\n  WINDOWSTART BUCKETSTART,\n  EARLIEST_BY_OFFSET(O.OPEN) OPEN,\n  MAX(O.HIGH) HIGH,\n  MIN(O.LOW) LOW,\n  LATEST_BY_OFFSET(O.KSQLTIMEFRAMECLOSE) KSQLTIMEFRAMECLOSE\nFROM BAR_1S_FINAL_S O\nWINDOW TUMBLING ( SIZE 1 MINUTES , GRACE PERIOD 2 SECONDS ) \nGROUP BY O.BROKER, O.SYMBOL\nEMIT CHANGES;","sinks":["BAR_1M_LIVE"],"sinkKafkaTopics":["bar_1m_live"],"id":"CTAS_BAR_1M_LIVE_101","statusCount":{"RUNNING":1},"queryType":"PERSISTENT","state":"RUNNING"},{"queryString":"CREATE TABLE BAR_TBIMP_1S_FINAL WITH (CLEANUP_POLICY='compact,delete', KAFKA_TOPIC='bar_tbimp_1s_final', KEY_FORMAT='AVRO', PARTITIONS=1, REPLICAS=1, RETENTION_MS=604800000, VALUE_FORMAT='AVRO') AS SELECT\n  O.BROKER BROKER,\n  O.SYMBOL SYMBOL,\n  WINDOWSTART BUCKETSTART,\n  EARLIEST_BY_OFFSET(O.BID) OPEN,\n  MAX(O.BID) HIGH,\n  MIN(O.BID) LOW,\n  LATEST_BY_OFFSET(O.BID) CLOSE\nFROM TICKS_TBIMP O\nWINDOW TUMBLING ( SIZE 1 SECONDS ) \nGROUP BY O.BROKER, O.SYMBOL\nEMIT FINAL;","sinks":["BAR_TBIMP_1S_FINAL"],"sinkKafkaTopics":["bar_tbimp_1s_final"],"id":"CTAS_BAR_TBIMP_1S_FINAL_85","statusCount":{"RUNNING":1},"queryType":"PERSISTENT","state":"RUNNING"}],"warnings":[]}]&#xD;
warn: Kafka.Ksql.Linq.KsqlContext[0]&#xD;
      SHOW QUERIES attempt 2 did not contain a matching query for bar_5m_live&#xD;
info: Kafka.Ksql.Linq.KsqlContext[0]&#xD;
      ksql execute: EXECUTE SQL=SHOW QUERIES;&#xD;
info: Kafka.Ksql.Linq.KsqlContext[0]&#xD;
      SHOW QUERIES output (attempt 3): [{"@type":"queries","statementText":"SHOW QUERIES;","queries":[{"queryString":"CREATE TABLE BAR_15M_LIVE WITH (CLEANUP_POLICY='compact,delete', KAFKA_TOPIC='bar_15m_live', KEY_FORMAT='AVRO', PARTITIONS=1, REPLICAS=1, RETENTION_MS=604800000, VALUE_FORMAT='AVRO') AS SELECT\n  O.BROKER BROKER,\n  O.SYMBOL SYMBOL,\n  WINDOWSTART BUCKETSTART,\n  EARLIEST_BY_OFFSET(O.OPEN) OPEN,\n  MAX(O.HIGH) HIGH,\n  MIN(O.LOW) LOW,\n  LATEST_BY_OFFSET(O.KSQLTIMEFRAMECLOSE) KSQLTIMEFRAMECLOSE\nFROM BAR_1S_FINAL_S O\nWINDOW TUMBLING ( SIZE 15 MINUTES , GRACE PERIOD 4 SECONDS ) \nGROUP BY O.BROKER, O.SYMBOL\nEMIT CHANGES;","sinks":["BAR_15M_LIVE"],"sinkKafkaTopics":["bar_15m_live"],"id":"CTAS_BAR_15M_LIVE_109","statusCount":{"RUNNING":1},"queryType":"PERSISTENT","state":"RUNNING"},{"queryString":"CREATE TABLE BAR_1S_FINAL WITH (CLEANUP_POLICY='compact,delete', KAFKA_TOPIC='bar_1s_final', KEY_FORMAT='AVRO', PARTITIONS=1, REPLICAS=1, RETENTION_MS=604800000, VALUE_FORMAT='AVRO') AS SELECT\n  O.BROKER BROKER,\n  O.SYMBOL SYMBOL,\n  WINDOWSTART BUCKETSTART,\n  EARLIEST_BY_OFFSET(O.BID) OPEN,\n  MAX(O.BID) HIGH,\n  MIN(O.BID) LOW,\n  LATEST_BY_OFFSET(O.BID) KSQLTIMEFRAMECLOSE\nFROM DEDUPRATES O\nWINDOW TUMBLING ( SIZE 1 SECONDS ) \nGROUP BY O.BROKER, O.SYMBOL\nEMIT FINAL;","sinks":["BAR_1S_FINAL"],"sinkKafkaTopics":["bar_1s_final"],"id":"CTAS_BAR_1S_FINAL_97","statusCount":{"RUNNING":1},"queryType":"PERSISTENT","state":"RUNNING"},{"queryString":"CREATE TABLE BAR_60M_LIVE WITH (CLEANUP_POLICY='compact,delete', KAFKA_TOPIC='bar_60m_live', KEY_FORMAT='AVRO', PARTITIONS=1, REPLICAS=1, RETENTION_MS=604800000, VALUE_FORMAT='AVRO') AS SELECT\n  O.BROKER BROKER,\n  O.SYMBOL SYMBOL,\n  WINDOWSTART BUCKETSTART,\n  EARLIEST_BY_OFFSET(O.OPEN) OPEN,\n  MAX(O.HIGH) HIGH,\n  MIN(O.LOW) LOW,\n  LATEST_BY_OFFSET(O.KSQLTIMEFRAMECLOSE) KSQLTIMEFRAMECLOSE\nFROM BAR_1S_FINAL_S O\nWINDOW TUMBLING ( SIZE 60 MINUTES , GRACE PERIOD 5 SECONDS ) \nGROUP BY O.BROKER, O.SYMBOL\nEMIT CHANGES;","sinks":["BAR_60M_LIVE"],"sinkKafkaTopics":["bar_60m_live"],"id":"CTAS_BAR_60M_LIVE_111","statusCount":{"RUNNING":1},"queryType":"PERSISTENT","state":"RUNNING"},{"queryString":"CREATE TABLE BAR_TBIMP_1M_LIVE WITH (CLEANUP_POLICY='compact,delete', KAFKA_TOPIC='bar_tbimp_1m_live', KEY_FORMAT='AVRO', PARTITIONS=1, REPLICAS=1, RETENTION_MS=604800000, VALUE_FORMAT='AVRO') AS SELECT\n  O.BROKER BROKER,\n  O.SYMBOL SYMBOL,\n  WINDOWSTART BUCKETSTART,\n  EARLIEST_BY_OFFSET(O.OPEN) OPEN,\n  MAX(O.HIGH) HIGH,\n  MIN(O.LOW) LOW,\n  LATEST_BY_OFFSET(O.CLOSE) CLOSE\nFROM BAR_TBIMP_1S_FINAL_S O\nWINDOW TUMBLING ( SIZE 1 MINUTES , GRACE PERIOD 2 SECONDS ) \nGROUP BY O.BROKER, O.SYMBOL\nEMIT CHANGES;","sinks":["BAR_TBIMP_1M_LIVE"],"sinkKafkaTopics":["bar_tbimp_1m_live"],"id":"CTAS_BAR_TBIMP_1M_LIVE_89","statusCount":{"RUNNING":1},"queryType":"PERSISTENT","state":"RUNNING"},{"queryString":"CREATE TABLE BAR_5M_LIVE WITH (CLEANUP_POLICY='compact,delete', KAFKA_TOPIC='bar_5m_live', KEY_FORMAT='AVRO', PARTITIONS=1, REPLICAS=1, RETENTION_MS=604800000, VALUE_FORMAT='AVRO') AS SELECT\n  O.BROKER BROKER,\n  O.SYMBOL SYMBOL,\n  WINDOWSTART BUCKETSTART,\n  EARLIEST_BY_OFFSET(O.OPEN) OPEN,\n  MAX(O.HIGH) HIGH,\n  MIN(O.LOW) LOW,\n  LATEST_BY_OFFSET(O.KSQLTIMEFRAMECLOSE) KSQLTIMEFRAMECLOSE\nFROM BAR_1S_FINAL_S O\nWINDOW TUMBLING ( SIZE 5 MINUTES , GRACE PERIOD 3 SECONDS ) \nGROUP BY O.BROKER, O.SYMBOL\nEMIT CHANGES;","sinks":["BAR_5M_LIVE"],"sinkKafkaTopics":["bar_5m_live"],"id":"CTAS_BAR_5M_LIVE_103","statusCount":{"RUNNING":1},"queryType":"PERSISTENT","state":"RUNNING"},{"queryString":"CREATE TABLE BAR_TBIMP_5M_LIVE WITH (CLEANUP_POLICY='compact,delete', KAFKA_TOPIC='bar_tbimp_5m_live', KEY_FORMAT='AVRO', PARTITIONS=1, REPLICAS=1, RETENTION_MS=604800000, VALUE_FORMAT='AVRO') AS SELECT\n  O.BROKER BROKER,\n  O.SYMBOL SYMBOL,\n  WINDOWSTART BUCKETSTART,\n  EARLIEST_BY_OFFSET(O.OPEN) OPEN,\n  MAX(O.HIGH) HIGH,\n  MIN(O.LOW) LOW,\n  LATEST_BY_OFFSET(O.CLOSE) CLOSE\nFROM BAR_TBIMP_1S_FINAL_S O\nWINDOW TUMBLING ( SIZE 5 MINUTES , GRACE PERIOD 3 SECONDS ) \nGROUP BY O.BROKER, O.SYMBOL\nEMIT CHANGES;","sinks":["BAR_TBIMP_5M_LIVE"],"sinkKafkaTopics":["bar_tbimp_5m_live"],"id":"CTAS_BAR_TBIMP_5M_LIVE_91","statusCount":{"RUNNING":1},"queryType":"PERSISTENT","state":"RUNNING"},{"queryString":"CREATE TABLE BAR_1M_LIVE WITH (CLEANUP_POLICY='compact,delete', KAFKA_TOPIC='bar_1m_live', KEY_FORMAT='AVRO', PARTITIONS=1, REPLICAS=1, RETENTION_MS=604800000, VALUE_FORMAT='AVRO') AS SELECT\n  O.BROKER BROKER,\n  O.SYMBOL SYMBOL,\n  WINDOWSTART BUCKETSTART,\n  EARLIEST_BY_OFFSET(O.OPEN) OPEN,\n  MAX(O.HIGH) HIGH,\n  MIN(O.LOW) LOW,\n  LATEST_BY_OFFSET(O.KSQLTIMEFRAMECLOSE) KSQLTIMEFRAMECLOSE\nFROM BAR_1S_FINAL_S O\nWINDOW TUMBLING ( SIZE 1 MINUTES , GRACE PERIOD 2 SECONDS ) \nGROUP BY O.BROKER, O.SYMBOL\nEMIT CHANGES;","sinks":["BAR_1M_LIVE"],"sinkKafkaTopics":["bar_1m_live"],"id":"CTAS_BAR_1M_LIVE_101","statusCount":{"RUNNING":1},"queryType":"PERSISTENT","state":"RUNNING"},{"queryString":"CREATE TABLE BAR_TBIMP_1S_FINAL WITH (CLEANUP_POLICY='compact,delete', KAFKA_TOPIC='bar_tbimp_1s_final', KEY_FORMAT='AVRO', PARTITIONS=1, REPLICAS=1, RETENTION_MS=604800000, VALUE_FORMAT='AVRO') AS SELECT\n  O.BROKER BROKER,\n  O.SYMBOL SYMBOL,\n  WINDOWSTART BUCKETSTART,\n  EARLIEST_BY_OFFSET(O.BID) OPEN,\n  MAX(O.BID) HIGH,\n  MIN(O.BID) LOW,\n  LATEST_BY_OFFSET(O.BID) CLOSE\nFROM TICKS_TBIMP O\nWINDOW TUMBLING ( SIZE 1 SECONDS ) \nGROUP BY O.BROKER, O.SYMBOL\nEMIT FINAL;","sinks":["BAR_TBIMP_1S_FINAL"],"sinkKafkaTopics":["bar_tbimp_1s_final"],"id":"CTAS_BAR_TBIMP_1S_FINAL_85","statusCount":{"RUNNING":1},"queryType":"PERSISTENT","state":"RUNNING"}],"warnings":[]}]&#xD;
warn: Kafka.Ksql.Linq.KsqlContext[0]&#xD;
      SHOW QUERIES attempt 3 did not contain a matching query for bar_5m_live&#xD;
info: Kafka.Ksql.Linq.KsqlContext[0]&#xD;
      ksql execute: EXECUTE SQL=SHOW QUERIES;&#xD;
info: Kafka.Ksql.Linq.KsqlContext[0]&#xD;
      SHOW QUERIES output (attempt 4): [{"@type":"queries","statementText":"SHOW QUERIES;","queries":[{"queryString":"CREATE TABLE BAR_15M_LIVE WITH (CLEANUP_POLICY='compact,delete', KAFKA_TOPIC='bar_15m_live', KEY_FORMAT='AVRO', PARTITIONS=1, REPLICAS=1, RETENTION_MS=604800000, VALUE_FORMAT='AVRO') AS SELECT\n  O.BROKER BROKER,\n  O.SYMBOL SYMBOL,\n  WINDOWSTART BUCKETSTART,\n  EARLIEST_BY_OFFSET(O.OPEN) OPEN,\n  MAX(O.HIGH) HIGH,\n  MIN(O.LOW) LOW,\n  LATEST_BY_OFFSET(O.KSQLTIMEFRAMECLOSE) KSQLTIMEFRAMECLOSE\nFROM BAR_1S_FINAL_S O\nWINDOW TUMBLING ( SIZE 15 MINUTES , GRACE PERIOD 4 SECONDS ) \nGROUP BY O.BROKER, O.SYMBOL\nEMIT CHANGES;","sinks":["BAR_15M_LIVE"],"sinkKafkaTopics":["bar_15m_live"],"id":"CTAS_BAR_15M_LIVE_109","statusCount":{"RUNNING":1},"queryType":"PERSISTENT","state":"RUNNING"},{"queryString":"CREATE TABLE BAR_1S_FINAL WITH (CLEANUP_POLICY='compact,delete', KAFKA_TOPIC='bar_1s_final', KEY_FORMAT='AVRO', PARTITIONS=1, REPLICAS=1, RETENTION_MS=604800000, VALUE_FORMAT='AVRO') AS SELECT\n  O.BROKER BROKER,\n  O.SYMBOL SYMBOL,\n  WINDOWSTART BUCKETSTART,\n  EARLIEST_BY_OFFSET(O.BID) OPEN,\n  MAX(O.BID) HIGH,\n  MIN(O.BID) LOW,\n  LATEST_BY_OFFSET(O.BID) KSQLTIMEFRAMECLOSE\nFROM DEDUPRATES O\nWINDOW TUMBLING ( SIZE 1 SECONDS ) \nGROUP BY O.BROKER, O.SYMBOL\nEMIT FINAL;","sinks":["BAR_1S_FINAL"],"sinkKafkaTopics":["bar_1s_final"],"id":"CTAS_BAR_1S_FINAL_97","statusCount":{"RUNNING":1},"queryType":"PERSISTENT","state":"RUNNING"},{"queryString":"CREATE TABLE BAR_60M_LIVE WITH (CLEANUP_POLICY='compact,delete', KAFKA_TOPIC='bar_60m_live', KEY_FORMAT='AVRO', PARTITIONS=1, REPLICAS=1, RETENTION_MS=604800000, VALUE_FORMAT='AVRO') AS SELECT\n  O.BROKER BROKER,\n  O.SYMBOL SYMBOL,\n  WINDOWSTART BUCKETSTART,\n  EARLIEST_BY_OFFSET(O.OPEN) OPEN,\n  MAX(O.HIGH) HIGH,\n  MIN(O.LOW) LOW,\n  LATEST_BY_OFFSET(O.KSQLTIMEFRAMECLOSE) KSQLTIMEFRAMECLOSE\nFROM BAR_1S_FINAL_S O\nWINDOW TUMBLING ( SIZE 60 MINUTES , GRACE PERIOD 5 SECONDS ) \nGROUP BY O.BROKER, O.SYMBOL\nEMIT CHANGES;","sinks":["BAR_60M_LIVE"],"sinkKafkaTopics":["bar_60m_live"],"id":"CTAS_BAR_60M_LIVE_111","statusCount":{"RUNNING":1},"queryType":"PERSISTENT","state":"RUNNING"},{"queryString":"CREATE TABLE BAR_TBIMP_1M_LIVE WITH (CLEANUP_POLICY='compact,delete', KAFKA_TOPIC='bar_tbimp_1m_live', KEY_FORMAT='AVRO', PARTITIONS=1, REPLICAS=1, RETENTION_MS=604800000, VALUE_FORMAT='AVRO') AS SELECT\n  O.BROKER BROKER,\n  O.SYMBOL SYMBOL,\n  WINDOWSTART BUCKETSTART,\n  EARLIEST_BY_OFFSET(O.OPEN) OPEN,\n  MAX(O.HIGH) HIGH,\n  MIN(O.LOW) LOW,\n  LATEST_BY_OFFSET(O.CLOSE) CLOSE\nFROM BAR_TBIMP_1S_FINAL_S O\nWINDOW TUMBLING ( SIZE 1 MINUTES , GRACE PERIOD 2 SECONDS ) \nGROUP BY O.BROKER, O.SYMBOL\nEMIT CHANGES;","sinks":["BAR_TBIMP_1M_LIVE"],"sinkKafkaTopics":["bar_tbimp_1m_live"],"id":"CTAS_BAR_TBIMP_1M_LIVE_89","statusCount":{"RUNNING":1},"queryType":"PERSISTENT","state":"RUNNING"},{"queryString":"CREATE TABLE BAR_5M_LIVE WITH (CLEANUP_POLICY='compact,delete', KAFKA_TOPIC='bar_5m_live', KEY_FORMAT='AVRO', PARTITIONS=1, REPLICAS=1, RETENTION_MS=604800000, VALUE_FORMAT='AVRO') AS SELECT\n  O.BROKER BROKER,\n  O.SYMBOL SYMBOL,\n  WINDOWSTART BUCKETSTART,\n  EARLIEST_BY_OFFSET(O.OPEN) OPEN,\n  MAX(O.HIGH) HIGH,\n  MIN(O.LOW) LOW,\n  LATEST_BY_OFFSET(O.KSQLTIMEFRAMECLOSE) KSQLTIMEFRAMECLOSE\nFROM BAR_1S_FINAL_S O\nWINDOW TUMBLING ( SIZE 5 MINUTES , GRACE PERIOD 3 SECONDS ) \nGROUP BY O.BROKER, O.SYMBOL\nEMIT CHANGES;","sinks":["BAR_5M_LIVE"],"sinkKafkaTopics":["bar_5m_live"],"id":"CTAS_BAR_5M_LIVE_103","statusCount":{"RUNNING":1},"queryType":"PERSISTENT","state":"RUNNING"},{"queryString":"CREATE TABLE BAR_TBIMP_5M_LIVE WITH (CLEANUP_POLICY='compact,delete', KAFKA_TOPIC='bar_tbimp_5m_live', KEY_FORMAT='AVRO', PARTITIONS=1, REPLICAS=1, RETENTION_MS=604800000, VALUE_FORMAT='AVRO') AS SELECT\n  O.BROKER BROKER,\n  O.SYMBOL SYMBOL,\n  WINDOWSTART BUCKETSTART,\n  EARLIEST_BY_OFFSET(O.OPEN) OPEN,\n  MAX(O.HIGH) HIGH,\n  MIN(O.LOW) LOW,\n  LATEST_BY_OFFSET(O.CLOSE) CLOSE\nFROM BAR_TBIMP_1S_FINAL_S O\nWINDOW TUMBLING ( SIZE 5 MINUTES , GRACE PERIOD 3 SECONDS ) \nGROUP BY O.BROKER, O.SYMBOL\nEMIT CHANGES;","sinks":["BAR_TBIMP_5M_LIVE"],"sinkKafkaTopics":["bar_tbimp_5m_live"],"id":"CTAS_BAR_TBIMP_5M_LIVE_91","statusCount":{"RUNNING":1},"queryType":"PERSISTENT","state":"RUNNING"},{"queryString":"CREATE TABLE BAR_1M_LIVE WITH (CLEANUP_POLICY='compact,delete', KAFKA_TOPIC='bar_1m_live', KEY_FORMAT='AVRO', PARTITIONS=1, REPLICAS=1, RETENTION_MS=604800000, VALUE_FORMAT='AVRO') AS SELECT\n  O.BROKER BROKER,\n  O.SYMBOL SYMBOL,\n  WINDOWSTART BUCKETSTART,\n  EARLIEST_BY_OFFSET(O.OPEN) OPEN,\n  MAX(O.HIGH) HIGH,\n  MIN(O.LOW) LOW,\n  LATEST_BY_OFFSET(O.KSQLTIMEFRAMECLOSE) KSQLTIMEFRAMECLOSE\nFROM BAR_1S_FINAL_S O\nWINDOW TUMBLING ( SIZE 1 MINUTES , GRACE PERIOD 2 SECONDS ) \nGROUP BY O.BROKER, O.SYMBOL\nEMIT CHANGES;","sinks":["BAR_1M_LIVE"],"sinkKafkaTopics":["bar_1m_live"],"id":"CTAS_BAR_1M_LIVE_101","statusCount":{"RUNNING":1},"queryType":"PERSISTENT","state":"RUNNING"},{"queryString":"CREATE TABLE BAR_TBIMP_1S_FINAL WITH (CLEANUP_POLICY='compact,delete', KAFKA_TOPIC='bar_tbimp_1s_final', KEY_FORMAT='AVRO', PARTITIONS=1, REPLICAS=1, RETENTION_MS=604800000, VALUE_FORMAT='AVRO') AS SELECT\n  O.BROKER BROKER,\n  O.SYMBOL SYMBOL,\n  WINDOWSTART BUCKETSTART,\n  EARLIEST_BY_OFFSET(O.BID) OPEN,\n  MAX(O.BID) HIGH,\n  MIN(O.BID) LOW,\n  LATEST_BY_OFFSET(O.BID) CLOSE\nFROM TICKS_TBIMP O\nWINDOW TUMBLING ( SIZE 1 SECONDS ) \nGROUP BY O.BROKER, O.SYMBOL\nEMIT FINAL;","sinks":["BAR_TBIMP_1S_FINAL"],"sinkKafkaTopics":["bar_tbimp_1s_final"],"id":"CTAS_BAR_TBIMP_1S_FINAL_85","statusCount":{"RUNNING":1},"queryType":"PERSISTENT","state":"RUNNING"}],"warnings":[]}]&#xD;
warn: Kafka.Ksql.Linq.KsqlContext[0]&#xD;
      SHOW QUERIES attempt 4 did not contain a matching query for bar_5m_live&#xD;
info: Kafka.Ksql.Linq.KsqlContext[0]&#xD;
      ksql execute: EXECUTE SQL=SHOW QUERIES;&#xD;
info: Kafka.Ksql.Linq.KsqlContext[0]&#xD;
      SHOW QUERIES output (attempt 5): [{"@type":"queries","statementText":"SHOW QUERIES;","queries":[{"queryString":"CREATE TABLE BAR_15M_LIVE WITH (CLEANUP_POLICY='compact,delete', KAFKA_TOPIC='bar_15m_live', KEY_FORMAT='AVRO', PARTITIONS=1, REPLICAS=1, RETENTION_MS=604800000, VALUE_FORMAT='AVRO') AS SELECT\n  O.BROKER BROKER,\n  O.SYMBOL SYMBOL,\n  WINDOWSTART BUCKETSTART,\n  EARLIEST_BY_OFFSET(O.OPEN) OPEN,\n  MAX(O.HIGH) HIGH,\n  MIN(O.LOW) LOW,\n  LATEST_BY_OFFSET(O.KSQLTIMEFRAMECLOSE) KSQLTIMEFRAMECLOSE\nFROM BAR_1S_FINAL_S O\nWINDOW TUMBLING ( SIZE 15 MINUTES , GRACE PERIOD 4 SECONDS ) \nGROUP BY O.BROKER, O.SYMBOL\nEMIT CHANGES;","sinks":["BAR_15M_LIVE"],"sinkKafkaTopics":["bar_15m_live"],"id":"CTAS_BAR_15M_LIVE_109","statusCount":{"RUNNING":1},"queryType":"PERSISTENT","state":"RUNNING"},{"queryString":"CREATE TABLE BAR_1S_FINAL WITH (CLEANUP_POLICY='compact,delete', KAFKA_TOPIC='bar_1s_final', KEY_FORMAT='AVRO', PARTITIONS=1, REPLICAS=1, RETENTION_MS=604800000, VALUE_FORMAT='AVRO') AS SELECT\n  O.BROKER BROKER,\n  O.SYMBOL SYMBOL,\n  WINDOWSTART BUCKETSTART,\n  EARLIEST_BY_OFFSET(O.BID) OPEN,\n  MAX(O.BID) HIGH,\n  MIN(O.BID) LOW,\n  LATEST_BY_OFFSET(O.BID) KSQLTIMEFRAMECLOSE\nFROM DEDUPRATES O\nWINDOW TUMBLING ( SIZE 1 SECONDS ) \nGROUP BY O.BROKER, O.SYMBOL\nEMIT FINAL;","sinks":["BAR_1S_FINAL"],"sinkKafkaTopics":["bar_1s_final"],"id":"CTAS_BAR_1S_FINAL_97","statusCount":{"RUNNING":1},"queryType":"PERSISTENT","state":"RUNNING"},{"queryString":"CREATE TABLE BAR_60M_LIVE WITH (CLEANUP_POLICY='compact,delete', KAFKA_TOPIC='bar_60m_live', KEY_FORMAT='AVRO', PARTITIONS=1, REPLICAS=1, RETENTION_MS=604800000, VALUE_FORMAT='AVRO') AS SELECT\n  O.BROKER BROKER,\n  O.SYMBOL SYMBOL,\n  WINDOWSTART BUCKETSTART,\n  EARLIEST_BY_OFFSET(O.OPEN) OPEN,\n  MAX(O.HIGH) HIGH,\n  MIN(O.LOW) LOW,\n  LATEST_BY_OFFSET(O.KSQLTIMEFRAMECLOSE) KSQLTIMEFRAMECLOSE\nFROM BAR_1S_FINAL_S O\nWINDOW TUMBLING ( SIZE 60 MINUTES , GRACE PERIOD 5 SECONDS ) \nGROUP BY O.BROKER, O.SYMBOL\nEMIT CHANGES;","sinks":["BAR_60M_LIVE"],"sinkKafkaTopics":["bar_60m_live"],"id":"CTAS_BAR_60M_LIVE_111","statusCount":{"RUNNING":1},"queryType":"PERSISTENT","state":"RUNNING"},{"queryString":"CREATE TABLE BAR_TBIMP_1M_LIVE WITH (CLEANUP_POLICY='compact,delete', KAFKA_TOPIC='bar_tbimp_1m_live', KEY_FORMAT='AVRO', PARTITIONS=1, REPLICAS=1, RETENTION_MS=604800000, VALUE_FORMAT='AVRO') AS SELECT\n  O.BROKER BROKER,\n  O.SYMBOL SYMBOL,\n  WINDOWSTART BUCKETSTART,\n  EARLIEST_BY_OFFSET(O.OPEN) OPEN,\n  MAX(O.HIGH) HIGH,\n  MIN(O.LOW) LOW,\n  LATEST_BY_OFFSET(O.CLOSE) CLOSE\nFROM BAR_TBIMP_1S_FINAL_S O\nWINDOW TUMBLING ( SIZE 1 MINUTES , GRACE PERIOD 2 SECONDS ) \nGROUP BY O.BROKER, O.SYMBOL\nEMIT CHANGES;","sinks":["BAR_TBIMP_1M_LIVE"],"sinkKafkaTopics":["bar_tbimp_1m_live"],"id":"CTAS_BAR_TBIMP_1M_LIVE_89","statusCount":{"RUNNING":1},"queryType":"PERSISTENT","state":"RUNNING"},{"queryString":"CREATE TABLE BAR_5M_LIVE WITH (CLEANUP_POLICY='compact,delete', KAFKA_TOPIC='bar_5m_live', KEY_FORMAT='AVRO', PARTITIONS=1, REPLICAS=1, RETENTION_MS=604800000, VALUE_FORMAT='AVRO') AS SELECT\n  O.BROKER BROKER,\n  O.SYMBOL SYMBOL,\n  WINDOWSTART BUCKETSTART,\n  EARLIEST_BY_OFFSET(O.OPEN) OPEN,\n  MAX(O.HIGH) HIGH,\n  MIN(O.LOW) LOW,\n  LATEST_BY_OFFSET(O.KSQLTIMEFRAMECLOSE) KSQLTIMEFRAMECLOSE\nFROM BAR_1S_FINAL_S O\nWINDOW TUMBLING ( SIZE 5 MINUTES , GRACE PERIOD 3 SECONDS ) \nGROUP BY O.BROKER, O.SYMBOL\nEMIT CHANGES;","sinks":["BAR_5M_LIVE"],"sinkKafkaTopics":["bar_5m_live"],"id":"CTAS_BAR_5M_LIVE_103","statusCount":{"RUNNING":1},"queryType":"PERSISTENT","state":"RUNNING"},{"queryString":"CREATE TABLE BAR_TBIMP_5M_LIVE WITH (CLEANUP_POLICY='compact,delete', KAFKA_TOPIC='bar_tbimp_5m_live', KEY_FORMAT='AVRO', PARTITIONS=1, REPLICAS=1, RETENTION_MS=604800000, VALUE_FORMAT='AVRO') AS SELECT\n  O.BROKER BROKER,\n  O.SYMBOL SYMBOL,\n  WINDOWSTART BUCKETSTART,\n  EARLIEST_BY_OFFSET(O.OPEN) OPEN,\n  MAX(O.HIGH) HIGH,\n  MIN(O.LOW) LOW,\n  LATEST_BY_OFFSET(O.CLOSE) CLOSE\nFROM BAR_TBIMP_1S_FINAL_S O\nWINDOW TUMBLING ( SIZE 5 MINUTES , GRACE PERIOD 3 SECONDS ) \nGROUP BY O.BROKER, O.SYMBOL\nEMIT CHANGES;","sinks":["BAR_TBIMP_5M_LIVE"],"sinkKafkaTopics":["bar_tbimp_5m_live"],"id":"CTAS_BAR_TBIMP_5M_LIVE_91","statusCount":{"RUNNING":1},"queryType":"PERSISTENT","state":"RUNNING"},{"queryString":"CREATE TABLE BAR_1M_LIVE WITH (CLEANUP_POLICY='compact,delete', KAFKA_TOPIC='bar_1m_live', KEY_FORMAT='AVRO', PARTITIONS=1, REPLICAS=1, RETENTION_MS=604800000, VALUE_FORMAT='AVRO') AS SELECT\n  O.BROKER BROKER,\n  O.SYMBOL SYMBOL,\n  WINDOWSTART BUCKETSTART,\n  EARLIEST_BY_OFFSET(O.OPEN) OPEN,\n  MAX(O.HIGH) HIGH,\n  MIN(O.LOW) LOW,\n  LATEST_BY_OFFSET(O.KSQLTIMEFRAMECLOSE) KSQLTIMEFRAMECLOSE\nFROM BAR_1S_FINAL_S O\nWINDOW TUMBLING ( SIZE 1 MINUTES , GRACE PERIOD 2 SECONDS ) \nGROUP BY O.BROKER, O.SYMBOL\nEMIT CHANGES;","sinks":["BAR_1M_LIVE"],"sinkKafkaTopics":["bar_1m_live"],"id":"CTAS_BAR_1M_LIVE_101","statusCount":{"RUNNING":1},"queryType":"PERSISTENT","state":"RUNNING"},{"queryString":"CREATE TABLE BAR_TBIMP_1S_FINAL WITH (CLEANUP_POLICY='compact,delete', KAFKA_TOPIC='bar_tbimp_1s_final', KEY_FORMAT='AVRO', PARTITIONS=1, REPLICAS=1, RETENTION_MS=604800000, VALUE_FORMAT='AVRO') AS SELECT\n  O.BROKER BROKER,\n  O.SYMBOL SYMBOL,\n  WINDOWSTART BUCKETSTART,\n  EARLIEST_BY_OFFSET(O.BID) OPEN,\n  MAX(O.BID) HIGH,\n  MIN(O.BID) LOW,\n  LATEST_BY_OFFSET(O.BID) CLOSE\nFROM TICKS_TBIMP O\nWINDOW TUMBLING ( SIZE 1 SECONDS ) \nGROUP BY O.BROKER, O.SYMBOL\nEMIT FINAL;","sinks":["BAR_TBIMP_1S_FINAL"],"sinkKafkaTopics":["bar_tbimp_1s_final"],"id":"CTAS_BAR_TBIMP_1S_FINAL_85","statusCount":{"RUNNING":1},"queryType":"PERSISTENT","state":"RUNNING"}],"warnings":[]}]&#xD;
warn: Kafka.Ksql.Linq.KsqlContext[0]&#xD;
      SHOW QUERIES attempt 5 did not contain a matching query for bar_5m_live&#xD;
warn: Kafka.Ksql.Linq.KsqlContext[0]&#xD;
      Unable to locate queryId for bar_5m_live after 5 attempts&#xD;
warn: Kafka.Ksql.Linq.KsqlContext[0]&#xD;
      Could not locate queryId via SHOW QUERIES for derived statement targeting bar_5m_live: CREATE TABLE bar_5m_live  WITH (KAFKA_TOPIC='bar_5m_live', KEY_FORMAT='AVRO', VALUE_FORMAT='AVRO') AS&#xD;
      SELECT BROKER AS Broker, SYMBOL AS Symbol, WINDOWSTART AS BucketStart, EARLIEST_BY_OFFSET(o.OPEN) AS Open, MAX(o.HIGH) AS High, MIN(o.LOW) AS Low, LATEST_BY_OFFSET(o.KSQLTIMEFRAMECLOSE) AS KsqlTimeFrameClose&#xD;
      FROM bar_1s_final_s o WINDOW TUMBLING (SIZE 5 MINUTES, GRACE PERIOD 3 SECONDS)&#xD;
      GROUP BY BROKER, SYMBOL&#xD;
      EMIT CHANGES;&#xD;
info: Kafka.Ksql.Linq.KsqlContext[0]&#xD;
      ksql execute: EXECUTE SQL=SHOW QUERIES;&#xD;
info: Kafka.Ksql.Linq.KsqlContext[0]&#xD;
      SHOW QUERIES output (attempt 1): [{"@type":"queries","statementText":"SHOW QUERIES;","queries":[{"queryString":"CREATE TABLE BAR_15M_LIVE WITH (CLEANUP_POLICY='compact,delete', KAFKA_TOPIC='bar_15m_live', KEY_FORMAT='AVRO', PARTITIONS=1, REPLICAS=1, RETENTION_MS=604800000, VALUE_FORMAT='AVRO') AS SELECT\n  O.BROKER BROKER,\n  O.SYMBOL SYMBOL,\n  WINDOWSTART BUCKETSTART,\n  EARLIEST_BY_OFFSET(O.OPEN) OPEN,\n  MAX(O.HIGH) HIGH,\n  MIN(O.LOW) LOW,\n  LATEST_BY_OFFSET(O.KSQLTIMEFRAMECLOSE) KSQLTIMEFRAMECLOSE\nFROM BAR_1S_FINAL_S O\nWINDOW TUMBLING ( SIZE 15 MINUTES , GRACE PERIOD 4 SECONDS ) \nGROUP BY O.BROKER, O.SYMBOL\nEMIT CHANGES;","sinks":["BAR_15M_LIVE"],"sinkKafkaTopics":["bar_15m_live"],"id":"CTAS_BAR_15M_LIVE_109","statusCount":{"RUNNING":1},"queryType":"PERSISTENT","state":"RUNNING"},{"queryString":"CREATE TABLE BAR_1S_FINAL WITH (CLEANUP_POLICY='compact,delete', KAFKA_TOPIC='bar_1s_final', KEY_FORMAT='AVRO', PARTITIONS=1, REPLICAS=1, RETENTION_MS=604800000, VALUE_FORMAT='AVRO') AS SELECT\n  O.BROKER BROKER,\n  O.SYMBOL SYMBOL,\n  WINDOWSTART BUCKETSTART,\n  EARLIEST_BY_OFFSET(O.BID) OPEN,\n  MAX(O.BID) HIGH,\n  MIN(O.BID) LOW,\n  LATEST_BY_OFFSET(O.BID) KSQLTIMEFRAMECLOSE\nFROM DEDUPRATES O\nWINDOW TUMBLING ( SIZE 1 SECONDS ) \nGROUP BY O.BROKER, O.SYMBOL\nEMIT FINAL;","sinks":["BAR_1S_FINAL"],"sinkKafkaTopics":["bar_1s_final"],"id":"CTAS_BAR_1S_FINAL_97","statusCount":{"RUNNING":1},"queryType":"PERSISTENT","state":"RUNNING"},{"queryString":"CREATE TABLE BAR_60M_LIVE WITH (CLEANUP_POLICY='compact,delete', KAFKA_TOPIC='bar_60m_live', KEY_FORMAT='AVRO', PARTITIONS=1, REPLICAS=1, RETENTION_MS=604800000, VALUE_FORMAT='AVRO') AS SELECT\n  O.BROKER BROKER,\n  O.SYMBOL SYMBOL,\n  WINDOWSTART BUCKETSTART,\n  EARLIEST_BY_OFFSET(O.OPEN) OPEN,\n  MAX(O.HIGH) HIGH,\n  MIN(O.LOW) LOW,\n  LATEST_BY_OFFSET(O.KSQLTIMEFRAMECLOSE) KSQLTIMEFRAMECLOSE\nFROM BAR_1S_FINAL_S O\nWINDOW TUMBLING ( SIZE 60 MINUTES , GRACE PERIOD 5 SECONDS ) \nGROUP BY O.BROKER, O.SYMBOL\nEMIT CHANGES;","sinks":["BAR_60M_LIVE"],"sinkKafkaTopics":["bar_60m_live"],"id":"CTAS_BAR_60M_LIVE_111","statusCount":{"RUNNING":1},"queryType":"PERSISTENT","state":"RUNNING"},{"queryString":"CREATE TABLE BAR_TBIMP_1M_LIVE WITH (CLEANUP_POLICY='compact,delete', KAFKA_TOPIC='bar_tbimp_1m_live', KEY_FORMAT='AVRO', PARTITIONS=1, REPLICAS=1, RETENTION_MS=604800000, VALUE_FORMAT='AVRO') AS SELECT\n  O.BROKER BROKER,\n  O.SYMBOL SYMBOL,\n  WINDOWSTART BUCKETSTART,\n  EARLIEST_BY_OFFSET(O.OPEN) OPEN,\n  MAX(O.HIGH) HIGH,\n  MIN(O.LOW) LOW,\n  LATEST_BY_OFFSET(O.CLOSE) CLOSE\nFROM BAR_TBIMP_1S_FINAL_S O\nWINDOW TUMBLING ( SIZE 1 MINUTES , GRACE PERIOD 2 SECONDS ) \nGROUP BY O.BROKER, O.SYMBOL\nEMIT CHANGES;","sinks":["BAR_TBIMP_1M_LIVE"],"sinkKafkaTopics":["bar_tbimp_1m_live"],"id":"CTAS_BAR_TBIMP_1M_LIVE_89","statusCount":{"RUNNING":1},"queryType":"PERSISTENT","state":"RUNNING"},{"queryString":"CREATE TABLE BAR_5M_LIVE WITH (CLEANUP_POLICY='compact,delete', KAFKA_TOPIC='bar_5m_live', KEY_FORMAT='AVRO', PARTITIONS=1, REPLICAS=1, RETENTION_MS=604800000, VALUE_FORMAT='AVRO') AS SELECT\n  O.BROKER BROKER,\n  O.SYMBOL SYMBOL,\n  WINDOWSTART BUCKETSTART,\n  EARLIEST_BY_OFFSET(O.OPEN) OPEN,\n  MAX(O.HIGH) HIGH,\n  MIN(O.LOW) LOW,\n  LATEST_BY_OFFSET(O.KSQLTIMEFRAMECLOSE) KSQLTIMEFRAMECLOSE\nFROM BAR_1S_FINAL_S O\nWINDOW TUMBLING ( SIZE 5 MINUTES , GRACE PERIOD 3 SECONDS ) \nGROUP BY O.BROKER, O.SYMBOL\nEMIT CHANGES;","sinks":["BAR_5M_LIVE"],"sinkKafkaTopics":["bar_5m_live"],"id":"CTAS_BAR_5M_LIVE_103","statusCount":{"RUNNING":1},"queryType":"PERSISTENT","state":"RUNNING"},{"queryString":"CREATE TABLE BAR_TBIMP_5M_LIVE WITH (CLEANUP_POLICY='compact,delete', KAFKA_TOPIC='bar_tbimp_5m_live', KEY_FORMAT='AVRO', PARTITIONS=1, REPLICAS=1, RETENTION_MS=604800000, VALUE_FORMAT='AVRO') AS SELECT\n  O.BROKER BROKER,\n  O.SYMBOL SYMBOL,\n  WINDOWSTART BUCKETSTART,\n  EARLIEST_BY_OFFSET(O.OPEN) OPEN,\n  MAX(O.HIGH) HIGH,\n  MIN(O.LOW) LOW,\n  LATEST_BY_OFFSET(O.CLOSE) CLOSE\nFROM BAR_TBIMP_1S_FINAL_S O\nWINDOW TUMBLING ( SIZE 5 MINUTES , GRACE PERIOD 3 SECONDS ) \nGROUP BY O.BROKER, O.SYMBOL\nEMIT CHANGES;","sinks":["BAR_TBIMP_5M_LIVE"],"sinkKafkaTopics":["bar_tbimp_5m_live"],"id":"CTAS_BAR_TBIMP_5M_LIVE_91","statusCount":{"RUNNING":1},"queryType":"PERSISTENT","state":"RUNNING"},{"queryString":"CREATE TABLE BAR_1M_LIVE WITH (CLEANUP_POLICY='compact,delete', KAFKA_TOPIC='bar_1m_live', KEY_FORMAT='AVRO', PARTITIONS=1, REPLICAS=1, RETENTION_MS=604800000, VALUE_FORMAT='AVRO') AS SELECT\n  O.BROKER BROKER,\n  O.SYMBOL SYMBOL,\n  WINDOWSTART BUCKETSTART,\n  EARLIEST_BY_OFFSET(O.OPEN) OPEN,\n  MAX(O.HIGH) HIGH,\n  MIN(O.LOW) LOW,\n  LATEST_BY_OFFSET(O.KSQLTIMEFRAMECLOSE) KSQLTIMEFRAMECLOSE\nFROM BAR_1S_FINAL_S O\nWINDOW TUMBLING ( SIZE 1 MINUTES , GRACE PERIOD 2 SECONDS ) \nGROUP BY O.BROKER, O.SYMBOL\nEMIT CHANGES;","sinks":["BAR_1M_LIVE"],"sinkKafkaTopics":["bar_1m_live"],"id":"CTAS_BAR_1M_LIVE_101","statusCount":{"RUNNING":1},"queryType":"PERSISTENT","state":"RUNNING"},{"queryString":"CREATE TABLE BAR_TBIMP_1S_FINAL WITH (CLEANUP_POLICY='compact,delete', KAFKA_TOPIC='bar_tbimp_1s_final', KEY_FORMAT='AVRO', PARTITIONS=1, REPLICAS=1, RETENTION_MS=604800000, VALUE_FORMAT='AVRO') AS SELECT\n  O.BROKER BROKER,\n  O.SYMBOL SYMBOL,\n  WINDOWSTART BUCKETSTART,\n  EARLIEST_BY_OFFSET(O.BID) OPEN,\n  MAX(O.BID) HIGH,\n  MIN(O.BID) LOW,\n  LATEST_BY_OFFSET(O.BID) CLOSE\nFROM TICKS_TBIMP O\nWINDOW TUMBLING ( SIZE 1 SECONDS ) \nGROUP BY O.BROKER, O.SYMBOL\nEMIT FINAL;","sinks":["BAR_TBIMP_1S_FINAL"],"sinkKafkaTopics":["bar_tbimp_1s_final"],"id":"CTAS_BAR_TBIMP_1S_FINAL_85","statusCount":{"RUNNING":1},"queryType":"PERSISTENT","state":"RUNNING"}],"warnings":[]}]&#xD;
warn: Kafka.Ksql.Linq.KsqlContext[0]&#xD;
      SHOW QUERIES attempt 1 did not contain a matching query for bar_15m_live&#xD;
info: Kafka.Ksql.Linq.KsqlContext[0]&#xD;
      ksql execute: EXECUTE SQL=SHOW QUERIES;&#xD;
info: Kafka.Ksql.Linq.KsqlContext[0]&#xD;
      SHOW QUERIES output (attempt 2): [{"@type":"queries","statementText":"SHOW QUERIES;","queries":[{"queryString":"CREATE TABLE BAR_15M_LIVE WITH (CLEANUP_POLICY='compact,delete', KAFKA_TOPIC='bar_15m_live', KEY_FORMAT='AVRO', PARTITIONS=1, REPLICAS=1, RETENTION_MS=604800000, VALUE_FORMAT='AVRO') AS SELECT\n  O.BROKER BROKER,\n  O.SYMBOL SYMBOL,\n  WINDOWSTART BUCKETSTART,\n  EARLIEST_BY_OFFSET(O.OPEN) OPEN,\n  MAX(O.HIGH) HIGH,\n  MIN(O.LOW) LOW,\n  LATEST_BY_OFFSET(O.KSQLTIMEFRAMECLOSE) KSQLTIMEFRAMECLOSE\nFROM BAR_1S_FINAL_S O\nWINDOW TUMBLING ( SIZE 15 MINUTES , GRACE PERIOD 4 SECONDS ) \nGROUP BY O.BROKER, O.SYMBOL\nEMIT CHANGES;","sinks":["BAR_15M_LIVE"],"sinkKafkaTopics":["bar_15m_live"],"id":"CTAS_BAR_15M_LIVE_109","statusCount":{"RUNNING":1},"queryType":"PERSISTENT","state":"RUNNING"},{"queryString":"CREATE TABLE BAR_1S_FINAL WITH (CLEANUP_POLICY='compact,delete', KAFKA_TOPIC='bar_1s_final', KEY_FORMAT='AVRO', PARTITIONS=1, REPLICAS=1, RETENTION_MS=604800000, VALUE_FORMAT='AVRO') AS SELECT\n  O.BROKER BROKER,\n  O.SYMBOL SYMBOL,\n  WINDOWSTART BUCKETSTART,\n  EARLIEST_BY_OFFSET(O.BID) OPEN,\n  MAX(O.BID) HIGH,\n  MIN(O.BID) LOW,\n  LATEST_BY_OFFSET(O.BID) KSQLTIMEFRAMECLOSE\nFROM DEDUPRATES O\nWINDOW TUMBLING ( SIZE 1 SECONDS ) \nGROUP BY O.BROKER, O.SYMBOL\nEMIT FINAL;","sinks":["BAR_1S_FINAL"],"sinkKafkaTopics":["bar_1s_final"],"id":"CTAS_BAR_1S_FINAL_97","statusCount":{"RUNNING":1},"queryType":"PERSISTENT","state":"RUNNING"},{"queryString":"CREATE TABLE BAR_60M_LIVE WITH (CLEANUP_POLICY='compact,delete', KAFKA_TOPIC='bar_60m_live', KEY_FORMAT='AVRO', PARTITIONS=1, REPLICAS=1, RETENTION_MS=604800000, VALUE_FORMAT='AVRO') AS SELECT\n  O.BROKER BROKER,\n  O.SYMBOL SYMBOL,\n  WINDOWSTART BUCKETSTART,\n  EARLIEST_BY_OFFSET(O.OPEN) OPEN,\n  MAX(O.HIGH) HIGH,\n  MIN(O.LOW) LOW,\n  LATEST_BY_OFFSET(O.KSQLTIMEFRAMECLOSE) KSQLTIMEFRAMECLOSE\nFROM BAR_1S_FINAL_S O\nWINDOW TUMBLING ( SIZE 60 MINUTES , GRACE PERIOD 5 SECONDS ) \nGROUP BY O.BROKER, O.SYMBOL\nEMIT CHANGES;","sinks":["BAR_60M_LIVE"],"sinkKafkaTopics":["bar_60m_live"],"id":"CTAS_BAR_60M_LIVE_111","statusCount":{"RUNNING":1},"queryType":"PERSISTENT","state":"RUNNING"},{"queryString":"CREATE TABLE BAR_TBIMP_1M_LIVE WITH (CLEANUP_POLICY='compact,delete', KAFKA_TOPIC='bar_tbimp_1m_live', KEY_FORMAT='AVRO', PARTITIONS=1, REPLICAS=1, RETENTION_MS=604800000, VALUE_FORMAT='AVRO') AS SELECT\n  O.BROKER BROKER,\n  O.SYMBOL SYMBOL,\n  WINDOWSTART BUCKETSTART,\n  EARLIEST_BY_OFFSET(O.OPEN) OPEN,\n  MAX(O.HIGH) HIGH,\n  MIN(O.LOW) LOW,\n  LATEST_BY_OFFSET(O.CLOSE) CLOSE\nFROM BAR_TBIMP_1S_FINAL_S O\nWINDOW TUMBLING ( SIZE 1 MINUTES , GRACE PERIOD 2 SECONDS ) \nGROUP BY O.BROKER, O.SYMBOL\nEMIT CHANGES;","sinks":["BAR_TBIMP_1M_LIVE"],"sinkKafkaTopics":["bar_tbimp_1m_live"],"id":"CTAS_BAR_TBIMP_1M_LIVE_89","statusCount":{"RUNNING":1},"queryType":"PERSISTENT","state":"RUNNING"},{"queryString":"CREATE TABLE BAR_5M_LIVE WITH (CLEANUP_POLICY='compact,delete', KAFKA_TOPIC='bar_5m_live', KEY_FORMAT='AVRO', PARTITIONS=1, REPLICAS=1, RETENTION_MS=604800000, VALUE_FORMAT='AVRO') AS SELECT\n  O.BROKER BROKER,\n  O.SYMBOL SYMBOL,\n  WINDOWSTART BUCKETSTART,\n  EARLIEST_BY_OFFSET(O.OPEN) OPEN,\n  MAX(O.HIGH) HIGH,\n  MIN(O.LOW) LOW,\n  LATEST_BY_OFFSET(O.KSQLTIMEFRAMECLOSE) KSQLTIMEFRAMECLOSE\nFROM BAR_1S_FINAL_S O\nWINDOW TUMBLING ( SIZE 5 MINUTES , GRACE PERIOD 3 SECONDS ) \nGROUP BY O.BROKER, O.SYMBOL\nEMIT CHANGES;","sinks":["BAR_5M_LIVE"],"sinkKafkaTopics":["bar_5m_live"],"id":"CTAS_BAR_5M_LIVE_103","statusCount":{"RUNNING":1},"queryType":"PERSISTENT","state":"RUNNING"},{"queryString":"CREATE TABLE BAR_TBIMP_5M_LIVE WITH (CLEANUP_POLICY='compact,delete', KAFKA_TOPIC='bar_tbimp_5m_live', KEY_FORMAT='AVRO', PARTITIONS=1, REPLICAS=1, RETENTION_MS=604800000, VALUE_FORMAT='AVRO') AS SELECT\n  O.BROKER BROKER,\n  O.SYMBOL SYMBOL,\n  WINDOWSTART BUCKETSTART,\n  EARLIEST_BY_OFFSET(O.OPEN) OPEN,\n  MAX(O.HIGH) HIGH,\n  MIN(O.LOW) LOW,\n  LATEST_BY_OFFSET(O.CLOSE) CLOSE\nFROM BAR_TBIMP_1S_FINAL_S O\nWINDOW TUMBLING ( SIZE 5 MINUTES , GRACE PERIOD 3 SECONDS ) \nGROUP BY O.BROKER, O.SYMBOL\nEMIT CHANGES;","sinks":["BAR_TBIMP_5M_LIVE"],"sinkKafkaTopics":["bar_tbimp_5m_live"],"id":"CTAS_BAR_TBIMP_5M_LIVE_91","statusCount":{"RUNNING":1},"queryType":"PERSISTENT","state":"RUNNING"},{"queryString":"CREATE TABLE BAR_1M_LIVE WITH (CLEANUP_POLICY='compact,delete', KAFKA_TOPIC='bar_1m_live', KEY_FORMAT='AVRO', PARTITIONS=1, REPLICAS=1, RETENTION_MS=604800000, VALUE_FORMAT='AVRO') AS SELECT\n  O.BROKER BROKER,\n  O.SYMBOL SYMBOL,\n  WINDOWSTART BUCKETSTART,\n  EARLIEST_BY_OFFSET(O.OPEN) OPEN,\n  MAX(O.HIGH) HIGH,\n  MIN(O.LOW) LOW,\n  LATEST_BY_OFFSET(O.KSQLTIMEFRAMECLOSE) KSQLTIMEFRAMECLOSE\nFROM BAR_1S_FINAL_S O\nWINDOW TUMBLING ( SIZE 1 MINUTES , GRACE PERIOD 2 SECONDS ) \nGROUP BY O.BROKER, O.SYMBOL\nEMIT CHANGES;","sinks":["BAR_1M_LIVE"],"sinkKafkaTopics":["bar_1m_live"],"id":"CTAS_BAR_1M_LIVE_101","statusCount":{"RUNNING":1},"queryType":"PERSISTENT","state":"RUNNING"},{"queryString":"CREATE TABLE BAR_TBIMP_1S_FINAL WITH (CLEANUP_POLICY='compact,delete', KAFKA_TOPIC='bar_tbimp_1s_final', KEY_FORMAT='AVRO', PARTITIONS=1, REPLICAS=1, RETENTION_MS=604800000, VALUE_FORMAT='AVRO') AS SELECT\n  O.BROKER BROKER,\n  O.SYMBOL SYMBOL,\n  WINDOWSTART BUCKETSTART,\n  EARLIEST_BY_OFFSET(O.BID) OPEN,\n  MAX(O.BID) HIGH,\n  MIN(O.BID) LOW,\n  LATEST_BY_OFFSET(O.BID) CLOSE\nFROM TICKS_TBIMP O\nWINDOW TUMBLING ( SIZE 1 SECONDS ) \nGROUP BY O.BROKER, O.SYMBOL\nEMIT FINAL;","sinks":["BAR_TBIMP_1S_FINAL"],"sinkKafkaTopics":["bar_tbimp_1s_final"],"id":"CTAS_BAR_TBIMP_1S_FINAL_85","statusCount":{"RUNNING":1},"queryType":"PERSISTENT","state":"RUNNING"}],"warnings":[]}]&#xD;
warn: Kafka.Ksql.Linq.KsqlContext[0]&#xD;
      SHOW QUERIES attempt 2 did not contain a matching query for bar_15m_live&#xD;
info: Kafka.Ksql.Linq.KsqlContext[0]&#xD;
      ksql execute: EXECUTE SQL=SHOW QUERIES;&#xD;
info: Kafka.Ksql.Linq.KsqlContext[0]&#xD;
      SHOW QUERIES output (attempt 3): [{"@type":"queries","statementText":"SHOW QUERIES;","queries":[{"queryString":"CREATE TABLE BAR_15M_LIVE WITH (CLEANUP_POLICY='compact,delete', KAFKA_TOPIC='bar_15m_live', KEY_FORMAT='AVRO', PARTITIONS=1, REPLICAS=1, RETENTION_MS=604800000, VALUE_FORMAT='AVRO') AS SELECT\n  O.BROKER BROKER,\n  O.SYMBOL SYMBOL,\n  WINDOWSTART BUCKETSTART,\n  EARLIEST_BY_OFFSET(O.OPEN) OPEN,\n  MAX(O.HIGH) HIGH,\n  MIN(O.LOW) LOW,\n  LATEST_BY_OFFSET(O.KSQLTIMEFRAMECLOSE) KSQLTIMEFRAMECLOSE\nFROM BAR_1S_FINAL_S O\nWINDOW TUMBLING ( SIZE 15 MINUTES , GRACE PERIOD 4 SECONDS ) \nGROUP BY O.BROKER, O.SYMBOL\nEMIT CHANGES;","sinks":["BAR_15M_LIVE"],"sinkKafkaTopics":["bar_15m_live"],"id":"CTAS_BAR_15M_LIVE_109","statusCount":{"RUNNING":1},"queryType":"PERSISTENT","state":"RUNNING"},{"queryString":"CREATE TABLE BAR_1S_FINAL WITH (CLEANUP_POLICY='compact,delete', KAFKA_TOPIC='bar_1s_final', KEY_FORMAT='AVRO', PARTITIONS=1, REPLICAS=1, RETENTION_MS=604800000, VALUE_FORMAT='AVRO') AS SELECT\n  O.BROKER BROKER,\n  O.SYMBOL SYMBOL,\n  WINDOWSTART BUCKETSTART,\n  EARLIEST_BY_OFFSET(O.BID) OPEN,\n  MAX(O.BID) HIGH,\n  MIN(O.BID) LOW,\n  LATEST_BY_OFFSET(O.BID) KSQLTIMEFRAMECLOSE\nFROM DEDUPRATES O\nWINDOW TUMBLING ( SIZE 1 SECONDS ) \nGROUP BY O.BROKER, O.SYMBOL\nEMIT FINAL;","sinks":["BAR_1S_FINAL"],"sinkKafkaTopics":["bar_1s_final"],"id":"CTAS_BAR_1S_FINAL_97","statusCount":{"RUNNING":1},"queryType":"PERSISTENT","state":"RUNNING"},{"queryString":"CREATE TABLE BAR_60M_LIVE WITH (CLEANUP_POLICY='compact,delete', KAFKA_TOPIC='bar_60m_live', KEY_FORMAT='AVRO', PARTITIONS=1, REPLICAS=1, RETENTION_MS=604800000, VALUE_FORMAT='AVRO') AS SELECT\n  O.BROKER BROKER,\n  O.SYMBOL SYMBOL,\n  WINDOWSTART BUCKETSTART,\n  EARLIEST_BY_OFFSET(O.OPEN) OPEN,\n  MAX(O.HIGH) HIGH,\n  MIN(O.LOW) LOW,\n  LATEST_BY_OFFSET(O.KSQLTIMEFRAMECLOSE) KSQLTIMEFRAMECLOSE\nFROM BAR_1S_FINAL_S O\nWINDOW TUMBLING ( SIZE 60 MINUTES , GRACE PERIOD 5 SECONDS ) \nGROUP BY O.BROKER, O.SYMBOL\nEMIT CHANGES;","sinks":["BAR_60M_LIVE"],"sinkKafkaTopics":["bar_60m_live"],"id":"CTAS_BAR_60M_LIVE_111","statusCount":{"RUNNING":1},"queryType":"PERSISTENT","state":"RUNNING"},{"queryString":"CREATE TABLE BAR_TBIMP_1M_LIVE WITH (CLEANUP_POLICY='compact,delete', KAFKA_TOPIC='bar_tbimp_1m_live', KEY_FORMAT='AVRO', PARTITIONS=1, REPLICAS=1, RETENTION_MS=604800000, VALUE_FORMAT='AVRO') AS SELECT\n  O.BROKER BROKER,\n  O.SYMBOL SYMBOL,\n  WINDOWSTART BUCKETSTART,\n  EARLIEST_BY_OFFSET(O.OPEN) OPEN,\n  MAX(O.HIGH) HIGH,\n  MIN(O.LOW) LOW,\n  LATEST_BY_OFFSET(O.CLOSE) CLOSE\nFROM BAR_TBIMP_1S_FINAL_S O\nWINDOW TUMBLING ( SIZE 1 MINUTES , GRACE PERIOD 2 SECONDS ) \nGROUP BY O.BROKER, O.SYMBOL\nEMIT CHANGES;","sinks":["BAR_TBIMP_1M_LIVE"],"sinkKafkaTopics":["bar_tbimp_1m_live"],"id":"CTAS_BAR_TBIMP_1M_LIVE_89","statusCount":{"RUNNING":1},"queryType":"PERSISTENT","state":"RUNNING"},{"queryString":"CREATE TABLE BAR_5M_LIVE WITH (CLEANUP_POLICY='compact,delete', KAFKA_TOPIC='bar_5m_live', KEY_FORMAT='AVRO', PARTITIONS=1, REPLICAS=1, RETENTION_MS=604800000, VALUE_FORMAT='AVRO') AS SELECT\n  O.BROKER BROKER,\n  O.SYMBOL SYMBOL,\n  WINDOWSTART BUCKETSTART,\n  EARLIEST_BY_OFFSET(O.OPEN) OPEN,\n  MAX(O.HIGH) HIGH,\n  MIN(O.LOW) LOW,\n  LATEST_BY_OFFSET(O.KSQLTIMEFRAMECLOSE) KSQLTIMEFRAMECLOSE\nFROM BAR_1S_FINAL_S O\nWINDOW TUMBLING ( SIZE 5 MINUTES , GRACE PERIOD 3 SECONDS ) \nGROUP BY O.BROKER, O.SYMBOL\nEMIT CHANGES;","sinks":["BAR_5M_LIVE"],"sinkKafkaTopics":["bar_5m_live"],"id":"CTAS_BAR_5M_LIVE_103","statusCount":{"RUNNING":1},"queryType":"PERSISTENT","state":"RUNNING"},{"queryString":"CREATE TABLE BAR_TBIMP_5M_LIVE WITH (CLEANUP_POLICY='compact,delete', KAFKA_TOPIC='bar_tbimp_5m_live', KEY_FORMAT='AVRO', PARTITIONS=1, REPLICAS=1, RETENTION_MS=604800000, VALUE_FORMAT='AVRO') AS SELECT\n  O.BROKER BROKER,\n  O.SYMBOL SYMBOL,\n  WINDOWSTART BUCKETSTART,\n  EARLIEST_BY_OFFSET(O.OPEN) OPEN,\n  MAX(O.HIGH) HIGH,\n  MIN(O.LOW) LOW,\n  LATEST_BY_OFFSET(O.CLOSE) CLOSE\nFROM BAR_TBIMP_1S_FINAL_S O\nWINDOW TUMBLING ( SIZE 5 MINUTES , GRACE PERIOD 3 SECONDS ) \nGROUP BY O.BROKER, O.SYMBOL\nEMIT CHANGES;","sinks":["BAR_TBIMP_5M_LIVE"],"sinkKafkaTopics":["bar_tbimp_5m_live"],"id":"CTAS_BAR_TBIMP_5M_LIVE_91","statusCount":{"RUNNING":1},"queryType":"PERSISTENT","state":"RUNNING"},{"queryString":"CREATE TABLE BAR_1M_LIVE WITH (CLEANUP_POLICY='compact,delete', KAFKA_TOPIC='bar_1m_live', KEY_FORMAT='AVRO', PARTITIONS=1, REPLICAS=1, RETENTION_MS=604800000, VALUE_FORMAT='AVRO') AS SELECT\n  O.BROKER BROKER,\n  O.SYMBOL SYMBOL,\n  WINDOWSTART BUCKETSTART,\n  EARLIEST_BY_OFFSET(O.OPEN) OPEN,\n  MAX(O.HIGH) HIGH,\n  MIN(O.LOW) LOW,\n  LATEST_BY_OFFSET(O.KSQLTIMEFRAMECLOSE) KSQLTIMEFRAMECLOSE\nFROM BAR_1S_FINAL_S O\nWINDOW TUMBLING ( SIZE 1 MINUTES , GRACE PERIOD 2 SECONDS ) \nGROUP BY O.BROKER, O.SYMBOL\nEMIT CHANGES;","sinks":["BAR_1M_LIVE"],"sinkKafkaTopics":["bar_1m_live"],"id":"CTAS_BAR_1M_LIVE_101","statusCount":{"RUNNING":1},"queryType":"PERSISTENT","state":"RUNNING"},{"queryString":"CREATE TABLE BAR_TBIMP_1S_FINAL WITH (CLEANUP_POLICY='compact,delete', KAFKA_TOPIC='bar_tbimp_1s_final', KEY_FORMAT='AVRO', PARTITIONS=1, REPLICAS=1, RETENTION_MS=604800000, VALUE_FORMAT='AVRO') AS SELECT\n  O.BROKER BROKER,\n  O.SYMBOL SYMBOL,\n  WINDOWSTART BUCKETSTART,\n  EARLIEST_BY_OFFSET(O.BID) OPEN,\n  MAX(O.BID) HIGH,\n  MIN(O.BID) LOW,\n  LATEST_BY_OFFSET(O.BID) CLOSE\nFROM TICKS_TBIMP O\nWINDOW TUMBLING ( SIZE 1 SECONDS ) \nGROUP BY O.BROKER, O.SYMBOL\nEMIT FINAL;","sinks":["BAR_TBIMP_1S_FINAL"],"sinkKafkaTopics":["bar_tbimp_1s_final"],"id":"CTAS_BAR_TBIMP_1S_FINAL_85","statusCount":{"RUNNING":1},"queryType":"PERSISTENT","state":"RUNNING"}],"warnings":[]}]&#xD;
warn: Kafka.Ksql.Linq.KsqlContext[0]&#xD;
      SHOW QUERIES attempt 3 did not contain a matching query for bar_15m_live&#xD;
info: Kafka.Ksql.Linq.KsqlContext[0]&#xD;
      ksql execute: EXECUTE SQL=SHOW QUERIES;&#xD;
info: Kafka.Ksql.Linq.KsqlContext[0]&#xD;
      SHOW QUERIES output (attempt 4): [{"@type":"queries","statementText":"SHOW QUERIES;","queries":[{"queryString":"CREATE TABLE BAR_15M_LIVE WITH (CLEANUP_POLICY='compact,delete', KAFKA_TOPIC='bar_15m_live', KEY_FORMAT='AVRO', PARTITIONS=1, REPLICAS=1, RETENTION_MS=604800000, VALUE_FORMAT='AVRO') AS SELECT\n  O.BROKER BROKER,\n  O.SYMBOL SYMBOL,\n  WINDOWSTART BUCKETSTART,\n  EARLIEST_BY_OFFSET(O.OPEN) OPEN,\n  MAX(O.HIGH) HIGH,\n  MIN(O.LOW) LOW,\n  LATEST_BY_OFFSET(O.KSQLTIMEFRAMECLOSE) KSQLTIMEFRAMECLOSE\nFROM BAR_1S_FINAL_S O\nWINDOW TUMBLING ( SIZE 15 MINUTES , GRACE PERIOD 4 SECONDS ) \nGROUP BY O.BROKER, O.SYMBOL\nEMIT CHANGES;","sinks":["BAR_15M_LIVE"],"sinkKafkaTopics":["bar_15m_live"],"id":"CTAS_BAR_15M_LIVE_109","statusCount":{"RUNNING":1},"queryType":"PERSISTENT","state":"RUNNING"},{"queryString":"CREATE TABLE BAR_1S_FINAL WITH (CLEANUP_POLICY='compact,delete', KAFKA_TOPIC='bar_1s_final', KEY_FORMAT='AVRO', PARTITIONS=1, REPLICAS=1, RETENTION_MS=604800000, VALUE_FORMAT='AVRO') AS SELECT\n  O.BROKER BROKER,\n  O.SYMBOL SYMBOL,\n  WINDOWSTART BUCKETSTART,\n  EARLIEST_BY_OFFSET(O.BID) OPEN,\n  MAX(O.BID) HIGH,\n  MIN(O.BID) LOW,\n  LATEST_BY_OFFSET(O.BID) KSQLTIMEFRAMECLOSE\nFROM DEDUPRATES O\nWINDOW TUMBLING ( SIZE 1 SECONDS ) \nGROUP BY O.BROKER, O.SYMBOL\nEMIT FINAL;","sinks":["BAR_1S_FINAL"],"sinkKafkaTopics":["bar_1s_final"],"id":"CTAS_BAR_1S_FINAL_97","statusCount":{"RUNNING":1},"queryType":"PERSISTENT","state":"RUNNING"},{"queryString":"CREATE TABLE BAR_60M_LIVE WITH (CLEANUP_POLICY='compact,delete', KAFKA_TOPIC='bar_60m_live', KEY_FORMAT='AVRO', PARTITIONS=1, REPLICAS=1, RETENTION_MS=604800000, VALUE_FORMAT='AVRO') AS SELECT\n  O.BROKER BROKER,\n  O.SYMBOL SYMBOL,\n  WINDOWSTART BUCKETSTART,\n  EARLIEST_BY_OFFSET(O.OPEN) OPEN,\n  MAX(O.HIGH) HIGH,\n  MIN(O.LOW) LOW,\n  LATEST_BY_OFFSET(O.KSQLTIMEFRAMECLOSE) KSQLTIMEFRAMECLOSE\nFROM BAR_1S_FINAL_S O\nWINDOW TUMBLING ( SIZE 60 MINUTES , GRACE PERIOD 5 SECONDS ) \nGROUP BY O.BROKER, O.SYMBOL\nEMIT CHANGES;","sinks":["BAR_60M_LIVE"],"sinkKafkaTopics":["bar_60m_live"],"id":"CTAS_BAR_60M_LIVE_111","statusCount":{"RUNNING":1},"queryType":"PERSISTENT","state":"RUNNING"},{"queryString":"CREATE TABLE BAR_TBIMP_1M_LIVE WITH (CLEANUP_POLICY='compact,delete', KAFKA_TOPIC='bar_tbimp_1m_live', KEY_FORMAT='AVRO', PARTITIONS=1, REPLICAS=1, RETENTION_MS=604800000, VALUE_FORMAT='AVRO') AS SELECT\n  O.BROKER BROKER,\n  O.SYMBOL SYMBOL,\n  WINDOWSTART BUCKETSTART,\n  EARLIEST_BY_OFFSET(O.OPEN) OPEN,\n  MAX(O.HIGH) HIGH,\n  MIN(O.LOW) LOW,\n  LATEST_BY_OFFSET(O.CLOSE) CLOSE\nFROM BAR_TBIMP_1S_FINAL_S O\nWINDOW TUMBLING ( SIZE 1 MINUTES , GRACE PERIOD 2 SECONDS ) \nGROUP BY O.BROKER, O.SYMBOL\nEMIT CHANGES;","sinks":["BAR_TBIMP_1M_LIVE"],"sinkKafkaTopics":["bar_tbimp_1m_live"],"id":"CTAS_BAR_TBIMP_1M_LIVE_89","statusCount":{"RUNNING":1},"queryType":"PERSISTENT","state":"RUNNING"},{"queryString":"CREATE TABLE BAR_5M_LIVE WITH (CLEANUP_POLICY='compact,delete', KAFKA_TOPIC='bar_5m_live', KEY_FORMAT='AVRO', PARTITIONS=1, REPLICAS=1, RETENTION_MS=604800000, VALUE_FORMAT='AVRO') AS SELECT\n  O.BROKER BROKER,\n  O.SYMBOL SYMBOL,\n  WINDOWSTART BUCKETSTART,\n  EARLIEST_BY_OFFSET(O.OPEN) OPEN,\n  MAX(O.HIGH) HIGH,\n  MIN(O.LOW) LOW,\n  LATEST_BY_OFFSET(O.KSQLTIMEFRAMECLOSE) KSQLTIMEFRAMECLOSE\nFROM BAR_1S_FINAL_S O\nWINDOW TUMBLING ( SIZE 5 MINUTES , GRACE PERIOD 3 SECONDS ) \nGROUP BY O.BROKER, O.SYMBOL\nEMIT CHANGES;","sinks":["BAR_5M_LIVE"],"sinkKafkaTopics":["bar_5m_live"],"id":"CTAS_BAR_5M_LIVE_103","statusCount":{"RUNNING":1},"queryType":"PERSISTENT","state":"RUNNING"},{"queryString":"CREATE TABLE BAR_TBIMP_5M_LIVE WITH (CLEANUP_POLICY='compact,delete', KAFKA_TOPIC='bar_tbimp_5m_live', KEY_FORMAT='AVRO', PARTITIONS=1, REPLICAS=1, RETENTION_MS=604800000, VALUE_FORMAT='AVRO') AS SELECT\n  O.BROKER BROKER,\n  O.SYMBOL SYMBOL,\n  WINDOWSTART BUCKETSTART,\n  EARLIEST_BY_OFFSET(O.OPEN) OPEN,\n  MAX(O.HIGH) HIGH,\n  MIN(O.LOW) LOW,\n  LATEST_BY_OFFSET(O.CLOSE) CLOSE\nFROM BAR_TBIMP_1S_FINAL_S O\nWINDOW TUMBLING ( SIZE 5 MINUTES , GRACE PERIOD 3 SECONDS ) \nGROUP BY O.BROKER, O.SYMBOL\nEMIT CHANGES;","sinks":["BAR_TBIMP_5M_LIVE"],"sinkKafkaTopics":["bar_tbimp_5m_live"],"id":"CTAS_BAR_TBIMP_5M_LIVE_91","statusCount":{"RUNNING":1},"queryType":"PERSISTENT","state":"RUNNING"},{"queryString":"CREATE TABLE BAR_1M_LIVE WITH (CLEANUP_POLICY='compact,delete', KAFKA_TOPIC='bar_1m_live', KEY_FORMAT='AVRO', PARTITIONS=1, REPLICAS=1, RETENTION_MS=604800000, VALUE_FORMAT='AVRO') AS SELECT\n  O.BROKER BROKER,\n  O.SYMBOL SYMBOL,\n  WINDOWSTART BUCKETSTART,\n  EARLIEST_BY_OFFSET(O.OPEN) OPEN,\n  MAX(O.HIGH) HIGH,\n  MIN(O.LOW) LOW,\n  LATEST_BY_OFFSET(O.KSQLTIMEFRAMECLOSE) KSQLTIMEFRAMECLOSE\nFROM BAR_1S_FINAL_S O\nWINDOW TUMBLING ( SIZE 1 MINUTES , GRACE PERIOD 2 SECONDS ) \nGROUP BY O.BROKER, O.SYMBOL\nEMIT CHANGES;","sinks":["BAR_1M_LIVE"],"sinkKafkaTopics":["bar_1m_live"],"id":"CTAS_BAR_1M_LIVE_101","statusCount":{"RUNNING":1},"queryType":"PERSISTENT","state":"RUNNING"},{"queryString":"CREATE TABLE BAR_TBIMP_1S_FINAL WITH (CLEANUP_POLICY='compact,delete', KAFKA_TOPIC='bar_tbimp_1s_final', KEY_FORMAT='AVRO', PARTITIONS=1, REPLICAS=1, RETENTION_MS=604800000, VALUE_FORMAT='AVRO') AS SELECT\n  O.BROKER BROKER,\n  O.SYMBOL SYMBOL,\n  WINDOWSTART BUCKETSTART,\n  EARLIEST_BY_OFFSET(O.BID) OPEN,\n  MAX(O.BID) HIGH,\n  MIN(O.BID) LOW,\n  LATEST_BY_OFFSET(O.BID) CLOSE\nFROM TICKS_TBIMP O\nWINDOW TUMBLING ( SIZE 1 SECONDS ) \nGROUP BY O.BROKER, O.SYMBOL\nEMIT FINAL;","sinks":["BAR_TBIMP_1S_FINAL"],"sinkKafkaTopics":["bar_tbimp_1s_final"],"id":"CTAS_BAR_TBIMP_1S_FINAL_85","statusCount":{"RUNNING":1},"queryType":"PERSISTENT","state":"RUNNING"}],"warnings":[]}]&#xD;
warn: Kafka.Ksql.Linq.KsqlContext[0]&#xD;
      SHOW QUERIES attempt 4 did not contain a matching query for bar_15m_live&#xD;
info: Kafka.Ksql.Linq.KsqlContext[0]&#xD;
      ksql execute: EXECUTE SQL=SHOW QUERIES;&#xD;
info: Kafka.Ksql.Linq.KsqlContext[0]&#xD;
      SHOW QUERIES output (attempt 5): [{"@type":"queries","statementText":"SHOW QUERIES;","queries":[{"queryString":"CREATE TABLE BAR_15M_LIVE WITH (CLEANUP_POLICY='compact,delete', KAFKA_TOPIC='bar_15m_live', KEY_FORMAT='AVRO', PARTITIONS=1, REPLICAS=1, RETENTION_MS=604800000, VALUE_FORMAT='AVRO') AS SELECT\n  O.BROKER BROKER,\n  O.SYMBOL SYMBOL,\n  WINDOWSTART BUCKETSTART,\n  EARLIEST_BY_OFFSET(O.OPEN) OPEN,\n  MAX(O.HIGH) HIGH,\n  MIN(O.LOW) LOW,\n  LATEST_BY_OFFSET(O.KSQLTIMEFRAMECLOSE) KSQLTIMEFRAMECLOSE\nFROM BAR_1S_FINAL_S O\nWINDOW TUMBLING ( SIZE 15 MINUTES , GRACE PERIOD 4 SECONDS ) \nGROUP BY O.BROKER, O.SYMBOL\nEMIT CHANGES;","sinks":["BAR_15M_LIVE"],"sinkKafkaTopics":["bar_15m_live"],"id":"CTAS_BAR_15M_LIVE_109","statusCount":{"RUNNING":1},"queryType":"PERSISTENT","state":"RUNNING"},{"queryString":"CREATE TABLE BAR_1S_FINAL WITH (CLEANUP_POLICY='compact,delete', KAFKA_TOPIC='bar_1s_final', KEY_FORMAT='AVRO', PARTITIONS=1, REPLICAS=1, RETENTION_MS=604800000, VALUE_FORMAT='AVRO') AS SELECT\n  O.BROKER BROKER,\n  O.SYMBOL SYMBOL,\n  WINDOWSTART BUCKETSTART,\n  EARLIEST_BY_OFFSET(O.BID) OPEN,\n  MAX(O.BID) HIGH,\n  MIN(O.BID) LOW,\n  LATEST_BY_OFFSET(O.BID) KSQLTIMEFRAMECLOSE\nFROM DEDUPRATES O\nWINDOW TUMBLING ( SIZE 1 SECONDS ) \nGROUP BY O.BROKER, O.SYMBOL\nEMIT FINAL;","sinks":["BAR_1S_FINAL"],"sinkKafkaTopics":["bar_1s_final"],"id":"CTAS_BAR_1S_FINAL_97","statusCount":{"RUNNING":1},"queryType":"PERSISTENT","state":"RUNNING"},{"queryString":"CREATE TABLE BAR_60M_LIVE WITH (CLEANUP_POLICY='compact,delete', KAFKA_TOPIC='bar_60m_live', KEY_FORMAT='AVRO', PARTITIONS=1, REPLICAS=1, RETENTION_MS=604800000, VALUE_FORMAT='AVRO') AS SELECT\n  O.BROKER BROKER,\n  O.SYMBOL SYMBOL,\n  WINDOWSTART BUCKETSTART,\n  EARLIEST_BY_OFFSET(O.OPEN) OPEN,\n  MAX(O.HIGH) HIGH,\n  MIN(O.LOW) LOW,\n  LATEST_BY_OFFSET(O.KSQLTIMEFRAMECLOSE) KSQLTIMEFRAMECLOSE\nFROM BAR_1S_FINAL_S O\nWINDOW TUMBLING ( SIZE 60 MINUTES , GRACE PERIOD 5 SECONDS ) \nGROUP BY O.BROKER, O.SYMBOL\nEMIT CHANGES;","sinks":["BAR_60M_LIVE"],"sinkKafkaTopics":["bar_60m_live"],"id":"CTAS_BAR_60M_LIVE_111","statusCount":{"RUNNING":1},"queryType":"PERSISTENT","state":"RUNNING"},{"queryString":"CREATE TABLE BAR_TBIMP_1M_LIVE WITH (CLEANUP_POLICY='compact,delete', KAFKA_TOPIC='bar_tbimp_1m_live', KEY_FORMAT='AVRO', PARTITIONS=1, REPLICAS=1, RETENTION_MS=604800000, VALUE_FORMAT='AVRO') AS SELECT\n  O.BROKER BROKER,\n  O.SYMBOL SYMBOL,\n  WINDOWSTART BUCKETSTART,\n  EARLIEST_BY_OFFSET(O.OPEN) OPEN,\n  MAX(O.HIGH) HIGH,\n  MIN(O.LOW) LOW,\n  LATEST_BY_OFFSET(O.CLOSE) CLOSE\nFROM BAR_TBIMP_1S_FINAL_S O\nWINDOW TUMBLING ( SIZE 1 MINUTES , GRACE PERIOD 2 SECONDS ) \nGROUP BY O.BROKER, O.SYMBOL\nEMIT CHANGES;","sinks":["BAR_TBIMP_1M_LIVE"],"sinkKafkaTopics":["bar_tbimp_1m_live"],"id":"CTAS_BAR_TBIMP_1M_LIVE_89","statusCount":{"RUNNING":1},"queryType":"PERSISTENT","state":"RUNNING"},{"queryString":"CREATE TABLE BAR_5M_LIVE WITH (CLEANUP_POLICY='compact,delete', KAFKA_TOPIC='bar_5m_live', KEY_FORMAT='AVRO', PARTITIONS=1, REPLICAS=1, RETENTION_MS=604800000, VALUE_FORMAT='AVRO') AS SELECT\n  O.BROKER BROKER,\n  O.SYMBOL SYMBOL,\n  WINDOWSTART BUCKETSTART,\n  EARLIEST_BY_OFFSET(O.OPEN) OPEN,\n  MAX(O.HIGH) HIGH,\n  MIN(O.LOW) LOW,\n  LATEST_BY_OFFSET(O.KSQLTIMEFRAMECLOSE) KSQLTIMEFRAMECLOSE\nFROM BAR_1S_FINAL_S O\nWINDOW TUMBLING ( SIZE 5 MINUTES , GRACE PERIOD 3 SECONDS ) \nGROUP BY O.BROKER, O.SYMBOL\nEMIT CHANGES;","sinks":["BAR_5M_LIVE"],"sinkKafkaTopics":["bar_5m_live"],"id":"CTAS_BAR_5M_LIVE_103","statusCount":{"RUNNING":1},"queryType":"PERSISTENT","state":"RUNNING"},{"queryString":"CREATE TABLE BAR_TBIMP_5M_LIVE WITH (CLEANUP_POLICY='compact,delete', KAFKA_TOPIC='bar_tbimp_5m_live', KEY_FORMAT='AVRO', PARTITIONS=1, REPLICAS=1, RETENTION_MS=604800000, VALUE_FORMAT='AVRO') AS SELECT\n  O.BROKER BROKER,\n  O.SYMBOL SYMBOL,\n  WINDOWSTART BUCKETSTART,\n  EARLIEST_BY_OFFSET(O.OPEN) OPEN,\n  MAX(O.HIGH) HIGH,\n  MIN(O.LOW) LOW,\n  LATEST_BY_OFFSET(O.CLOSE) CLOSE\nFROM BAR_TBIMP_1S_FINAL_S O\nWINDOW TUMBLING ( SIZE 5 MINUTES , GRACE PERIOD 3 SECONDS ) \nGROUP BY O.BROKER, O.SYMBOL\nEMIT CHANGES;","sinks":["BAR_TBIMP_5M_LIVE"],"sinkKafkaTopics":["bar_tbimp_5m_live"],"id":"CTAS_BAR_TBIMP_5M_LIVE_91","statusCount":{"RUNNING":1},"queryType":"PERSISTENT","state":"RUNNING"},{"queryString":"CREATE TABLE BAR_1M_LIVE WITH (CLEANUP_POLICY='compact,delete', KAFKA_TOPIC='bar_1m_live', KEY_FORMAT='AVRO', PARTITIONS=1, REPLICAS=1, RETENTION_MS=604800000, VALUE_FORMAT='AVRO') AS SELECT\n  O.BROKER BROKER,\n  O.SYMBOL SYMBOL,\n  WINDOWSTART BUCKETSTART,\n  EARLIEST_BY_OFFSET(O.OPEN) OPEN,\n  MAX(O.HIGH) HIGH,\n  MIN(O.LOW) LOW,\n  LATEST_BY_OFFSET(O.KSQLTIMEFRAMECLOSE) KSQLTIMEFRAMECLOSE\nFROM BAR_1S_FINAL_S O\nWINDOW TUMBLING ( SIZE 1 MINUTES , GRACE PERIOD 2 SECONDS ) \nGROUP BY O.BROKER, O.SYMBOL\nEMIT CHANGES;","sinks":["BAR_1M_LIVE"],"sinkKafkaTopics":["bar_1m_live"],"id":"CTAS_BAR_1M_LIVE_101","statusCount":{"RUNNING":1},"queryType":"PERSISTENT","state":"RUNNING"},{"queryString":"CREATE TABLE BAR_TBIMP_1S_FINAL WITH (CLEANUP_POLICY='compact,delete', KAFKA_TOPIC='bar_tbimp_1s_final', KEY_FORMAT='AVRO', PARTITIONS=1, REPLICAS=1, RETENTION_MS=604800000, VALUE_FORMAT='AVRO') AS SELECT\n  O.BROKER BROKER,\n  O.SYMBOL SYMBOL,\n  WINDOWSTART BUCKETSTART,\n  EARLIEST_BY_OFFSET(O.BID) OPEN,\n  MAX(O.BID) HIGH,\n  MIN(O.BID) LOW,\n  LATEST_BY_OFFSET(O.BID) CLOSE\nFROM TICKS_TBIMP O\nWINDOW TUMBLING ( SIZE 1 SECONDS ) \nGROUP BY O.BROKER, O.SYMBOL\nEMIT FINAL;","sinks":["BAR_TBIMP_1S_FINAL"],"sinkKafkaTopics":["bar_tbimp_1s_final"],"id":"CTAS_BAR_TBIMP_1S_FINAL_85","statusCount":{"RUNNING":1},"queryType":"PERSISTENT","state":"RUNNING"}],"warnings":[]}]&#xD;
warn: Kafka.Ksql.Linq.KsqlContext[0]&#xD;
      SHOW QUERIES attempt 5 did not contain a matching query for bar_15m_live&#xD;
warn: Kafka.Ksql.Linq.KsqlContext[0]&#xD;
      Unable to locate queryId for bar_15m_live after 5 attempts&#xD;
warn: Kafka.Ksql.Linq.KsqlContext[0]&#xD;
      Could not locate queryId via SHOW QUERIES for derived statement targeting bar_15m_live: CREATE TABLE bar_15m_live  WITH (KAFKA_TOPIC='bar_15m_live', KEY_FORMAT='AVRO', VALUE_FORMAT='AVRO') AS&#xD;
      SELECT BROKER AS Broker, SYMBOL AS Symbol, WINDOWSTART AS BucketStart, EARLIEST_BY_OFFSET(o.OPEN) AS Open, MAX(o.HIGH) AS High, MIN(o.LOW) AS Low, LATEST_BY_OFFSET(o.KSQLTIMEFRAMECLOSE) AS KsqlTimeFrameClose&#xD;
      FROM bar_1s_final_s o WINDOW TUMBLING (SIZE 15 MINUTES, GRACE PERIOD 4 SECONDS)&#xD;
      GROUP BY BROKER, SYMBOL&#xD;
      EMIT CHANGES;&#xD;
info: Kafka.Ksql.Linq.KsqlContext[0]&#xD;
      ksql execute: EXECUTE SQL=SHOW QUERIES;&#xD;
info: Kafka.Ksql.Linq.KsqlContext[0]&#xD;
      SHOW QUERIES output (attempt 1): [{"@type":"queries","statementText":"SHOW QUERIES;","queries":[{"queryString":"CREATE TABLE BAR_15M_LIVE WITH (CLEANUP_POLICY='compact,delete', KAFKA_TOPIC='bar_15m_live', KEY_FORMAT='AVRO', PARTITIONS=1, REPLICAS=1, RETENTION_MS=604800000, VALUE_FORMAT='AVRO') AS SELECT\n  O.BROKER BROKER,\n  O.SYMBOL SYMBOL,\n  WINDOWSTART BUCKETSTART,\n  EARLIEST_BY_OFFSET(O.OPEN) OPEN,\n  MAX(O.HIGH) HIGH,\n  MIN(O.LOW) LOW,\n  LATEST_BY_OFFSET(O.KSQLTIMEFRAMECLOSE) KSQLTIMEFRAMECLOSE\nFROM BAR_1S_FINAL_S O\nWINDOW TUMBLING ( SIZE 15 MINUTES , GRACE PERIOD 4 SECONDS ) \nGROUP BY O.BROKER, O.SYMBOL\nEMIT CHANGES;","sinks":["BAR_15M_LIVE"],"sinkKafkaTopics":["bar_15m_live"],"id":"CTAS_BAR_15M_LIVE_109","statusCount":{"RUNNING":1},"queryType":"PERSISTENT","state":"RUNNING"},{"queryString":"CREATE TABLE BAR_1S_FINAL WITH (CLEANUP_POLICY='compact,delete', KAFKA_TOPIC='bar_1s_final', KEY_FORMAT='AVRO', PARTITIONS=1, REPLICAS=1, RETENTION_MS=604800000, VALUE_FORMAT='AVRO') AS SELECT\n  O.BROKER BROKER,\n  O.SYMBOL SYMBOL,\n  WINDOWSTART BUCKETSTART,\n  EARLIEST_BY_OFFSET(O.BID) OPEN,\n  MAX(O.BID) HIGH,\n  MIN(O.BID) LOW,\n  LATEST_BY_OFFSET(O.BID) KSQLTIMEFRAMECLOSE\nFROM DEDUPRATES O\nWINDOW TUMBLING ( SIZE 1 SECONDS ) \nGROUP BY O.BROKER, O.SYMBOL\nEMIT FINAL;","sinks":["BAR_1S_FINAL"],"sinkKafkaTopics":["bar_1s_final"],"id":"CTAS_BAR_1S_FINAL_97","statusCount":{"RUNNING":1},"queryType":"PERSISTENT","state":"RUNNING"},{"queryString":"CREATE TABLE BAR_60M_LIVE WITH (CLEANUP_POLICY='compact,delete', KAFKA_TOPIC='bar_60m_live', KEY_FORMAT='AVRO', PARTITIONS=1, REPLICAS=1, RETENTION_MS=604800000, VALUE_FORMAT='AVRO') AS SELECT\n  O.BROKER BROKER,\n  O.SYMBOL SYMBOL,\n  WINDOWSTART BUCKETSTART,\n  EARLIEST_BY_OFFSET(O.OPEN) OPEN,\n  MAX(O.HIGH) HIGH,\n  MIN(O.LOW) LOW,\n  LATEST_BY_OFFSET(O.KSQLTIMEFRAMECLOSE) KSQLTIMEFRAMECLOSE\nFROM BAR_1S_FINAL_S O\nWINDOW TUMBLING ( SIZE 60 MINUTES , GRACE PERIOD 5 SECONDS ) \nGROUP BY O.BROKER, O.SYMBOL\nEMIT CHANGES;","sinks":["BAR_60M_LIVE"],"sinkKafkaTopics":["bar_60m_live"],"id":"CTAS_BAR_60M_LIVE_111","statusCount":{"RUNNING":1},"queryType":"PERSISTENT","state":"RUNNING"},{"queryString":"CREATE TABLE BAR_TBIMP_1M_LIVE WITH (CLEANUP_POLICY='compact,delete', KAFKA_TOPIC='bar_tbimp_1m_live', KEY_FORMAT='AVRO', PARTITIONS=1, REPLICAS=1, RETENTION_MS=604800000, VALUE_FORMAT='AVRO') AS SELECT\n  O.BROKER BROKER,\n  O.SYMBOL SYMBOL,\n  WINDOWSTART BUCKETSTART,\n  EARLIEST_BY_OFFSET(O.OPEN) OPEN,\n  MAX(O.HIGH) HIGH,\n  MIN(O.LOW) LOW,\n  LATEST_BY_OFFSET(O.CLOSE) CLOSE\nFROM BAR_TBIMP_1S_FINAL_S O\nWINDOW TUMBLING ( SIZE 1 MINUTES , GRACE PERIOD 2 SECONDS ) \nGROUP BY O.BROKER, O.SYMBOL\nEMIT CHANGES;","sinks":["BAR_TBIMP_1M_LIVE"],"sinkKafkaTopics":["bar_tbimp_1m_live"],"id":"CTAS_BAR_TBIMP_1M_LIVE_89","statusCount":{"RUNNING":1},"queryType":"PERSISTENT","state":"RUNNING"},{"queryString":"CREATE TABLE BAR_5M_LIVE WITH (CLEANUP_POLICY='compact,delete', KAFKA_TOPIC='bar_5m_live', KEY_FORMAT='AVRO', PARTITIONS=1, REPLICAS=1, RETENTION_MS=604800000, VALUE_FORMAT='AVRO') AS SELECT\n  O.BROKER BROKER,\n  O.SYMBOL SYMBOL,\n  WINDOWSTART BUCKETSTART,\n  EARLIEST_BY_OFFSET(O.OPEN) OPEN,\n  MAX(O.HIGH) HIGH,\n  MIN(O.LOW) LOW,\n  LATEST_BY_OFFSET(O.KSQLTIMEFRAMECLOSE) KSQLTIMEFRAMECLOSE\nFROM BAR_1S_FINAL_S O\nWINDOW TUMBLING ( SIZE 5 MINUTES , GRACE PERIOD 3 SECONDS ) \nGROUP BY O.BROKER, O.SYMBOL\nEMIT CHANGES;","sinks":["BAR_5M_LIVE"],"sinkKafkaTopics":["bar_5m_live"],"id":"CTAS_BAR_5M_LIVE_103","statusCount":{"RUNNING":1},"queryType":"PERSISTENT","state":"RUNNING"},{"queryString":"CREATE TABLE BAR_TBIMP_5M_LIVE WITH (CLEANUP_POLICY='compact,delete', KAFKA_TOPIC='bar_tbimp_5m_live', KEY_FORMAT='AVRO', PARTITIONS=1, REPLICAS=1, RETENTION_MS=604800000, VALUE_FORMAT='AVRO') AS SELECT\n  O.BROKER BROKER,\n  O.SYMBOL SYMBOL,\n  WINDOWSTART BUCKETSTART,\n  EARLIEST_BY_OFFSET(O.OPEN) OPEN,\n  MAX(O.HIGH) HIGH,\n  MIN(O.LOW) LOW,\n  LATEST_BY_OFFSET(O.CLOSE) CLOSE\nFROM BAR_TBIMP_1S_FINAL_S O\nWINDOW TUMBLING ( SIZE 5 MINUTES , GRACE PERIOD 3 SECONDS ) \nGROUP BY O.BROKER, O.SYMBOL\nEMIT CHANGES;","sinks":["BAR_TBIMP_5M_LIVE"],"sinkKafkaTopics":["bar_tbimp_5m_live"],"id":"CTAS_BAR_TBIMP_5M_LIVE_91","statusCount":{"RUNNING":1},"queryType":"PERSISTENT","state":"RUNNING"},{"queryString":"CREATE TABLE BAR_1M_LIVE WITH (CLEANUP_POLICY='compact,delete', KAFKA_TOPIC='bar_1m_live', KEY_FORMAT='AVRO', PARTITIONS=1, REPLICAS=1, RETENTION_MS=604800000, VALUE_FORMAT='AVRO') AS SELECT\n  O.BROKER BROKER,\n  O.SYMBOL SYMBOL,\n  WINDOWSTART BUCKETSTART,\n  EARLIEST_BY_OFFSET(O.OPEN) OPEN,\n  MAX(O.HIGH) HIGH,\n  MIN(O.LOW) LOW,\n  LATEST_BY_OFFSET(O.KSQLTIMEFRAMECLOSE) KSQLTIMEFRAMECLOSE\nFROM BAR_1S_FINAL_S O\nWINDOW TUMBLING ( SIZE 1 MINUTES , GRACE PERIOD 2 SECONDS ) \nGROUP BY O.BROKER, O.SYMBOL\nEMIT CHANGES;","sinks":["BAR_1M_LIVE"],"sinkKafkaTopics":["bar_1m_live"],"id":"CTAS_BAR_1M_LIVE_101","statusCount":{"RUNNING":1},"queryType":"PERSISTENT","state":"RUNNING"},{"queryString":"CREATE TABLE BAR_TBIMP_1S_FINAL WITH (CLEANUP_POLICY='compact,delete', KAFKA_TOPIC='bar_tbimp_1s_final', KEY_FORMAT='AVRO', PARTITIONS=1, REPLICAS=1, RETENTION_MS=604800000, VALUE_FORMAT='AVRO') AS SELECT\n  O.BROKER BROKER,\n  O.SYMBOL SYMBOL,\n  WINDOWSTART BUCKETSTART,\n  EARLIEST_BY_OFFSET(O.BID) OPEN,\n  MAX(O.BID) HIGH,\n  MIN(O.BID) LOW,\n  LATEST_BY_OFFSET(O.BID) CLOSE\nFROM TICKS_TBIMP O\nWINDOW TUMBLING ( SIZE 1 SECONDS ) \nGROUP BY O.BROKER, O.SYMBOL\nEMIT FINAL;","sinks":["BAR_TBIMP_1S_FINAL"],"sinkKafkaTopics":["bar_tbimp_1s_final"],"id":"CTAS_BAR_TBIMP_1S_FINAL_85","statusCount":{"RUNNING":1},"queryType":"PERSISTENT","state":"RUNNING"}],"warnings":[]}]&#xD;
warn: Kafka.Ksql.Linq.KsqlContext[0]&#xD;
      SHOW QUERIES attempt 1 did not contain a matching query for bar_60m_live&#xD;
info: Kafka.Ksql.Linq.KsqlContext[0]&#xD;
      ksql execute: EXECUTE SQL=SHOW QUERIES;&#xD;
info: Kafka.Ksql.Linq.KsqlContext[0]&#xD;
      SHOW QUERIES output (attempt 2): [{"@type":"queries","statementText":"SHOW QUERIES;","queries":[{"queryString":"CREATE TABLE BAR_15M_LIVE WITH (CLEANUP_POLICY='compact,delete', KAFKA_TOPIC='bar_15m_live', KEY_FORMAT='AVRO', PARTITIONS=1, REPLICAS=1, RETENTION_MS=604800000, VALUE_FORMAT='AVRO') AS SELECT\n  O.BROKER BROKER,\n  O.SYMBOL SYMBOL,\n  WINDOWSTART BUCKETSTART,\n  EARLIEST_BY_OFFSET(O.OPEN) OPEN,\n  MAX(O.HIGH) HIGH,\n  MIN(O.LOW) LOW,\n  LATEST_BY_OFFSET(O.KSQLTIMEFRAMECLOSE) KSQLTIMEFRAMECLOSE\nFROM BAR_1S_FINAL_S O\nWINDOW TUMBLING ( SIZE 15 MINUTES , GRACE PERIOD 4 SECONDS ) \nGROUP BY O.BROKER, O.SYMBOL\nEMIT CHANGES;","sinks":["BAR_15M_LIVE"],"sinkKafkaTopics":["bar_15m_live"],"id":"CTAS_BAR_15M_LIVE_109","statusCount":{"RUNNING":1},"queryType":"PERSISTENT","state":"RUNNING"},{"queryString":"CREATE TABLE BAR_1S_FINAL WITH (CLEANUP_POLICY='compact,delete', KAFKA_TOPIC='bar_1s_final', KEY_FORMAT='AVRO', PARTITIONS=1, REPLICAS=1, RETENTION_MS=604800000, VALUE_FORMAT='AVRO') AS SELECT\n  O.BROKER BROKER,\n  O.SYMBOL SYMBOL,\n  WINDOWSTART BUCKETSTART,\n  EARLIEST_BY_OFFSET(O.BID) OPEN,\n  MAX(O.BID) HIGH,\n  MIN(O.BID) LOW,\n  LATEST_BY_OFFSET(O.BID) KSQLTIMEFRAMECLOSE\nFROM DEDUPRATES O\nWINDOW TUMBLING ( SIZE 1 SECONDS ) \nGROUP BY O.BROKER, O.SYMBOL\nEMIT FINAL;","sinks":["BAR_1S_FINAL"],"sinkKafkaTopics":["bar_1s_final"],"id":"CTAS_BAR_1S_FINAL_97","statusCount":{"RUNNING":1},"queryType":"PERSISTENT","state":"RUNNING"},{"queryString":"CREATE TABLE BAR_60M_LIVE WITH (CLEANUP_POLICY='compact,delete', KAFKA_TOPIC='bar_60m_live', KEY_FORMAT='AVRO', PARTITIONS=1, REPLICAS=1, RETENTION_MS=604800000, VALUE_FORMAT='AVRO') AS SELECT\n  O.BROKER BROKER,\n  O.SYMBOL SYMBOL,\n  WINDOWSTART BUCKETSTART,\n  EARLIEST_BY_OFFSET(O.OPEN) OPEN,\n  MAX(O.HIGH) HIGH,\n  MIN(O.LOW) LOW,\n  LATEST_BY_OFFSET(O.KSQLTIMEFRAMECLOSE) KSQLTIMEFRAMECLOSE\nFROM BAR_1S_FINAL_S O\nWINDOW TUMBLING ( SIZE 60 MINUTES , GRACE PERIOD 5 SECONDS ) \nGROUP BY O.BROKER, O.SYMBOL\nEMIT CHANGES;","sinks":["BAR_60M_LIVE"],"sinkKafkaTopics":["bar_60m_live"],"id":"CTAS_BAR_60M_LIVE_111","statusCount":{"RUNNING":1},"queryType":"PERSISTENT","state":"RUNNING"},{"queryString":"CREATE TABLE BAR_TBIMP_1M_LIVE WITH (CLEANUP_POLICY='compact,delete', KAFKA_TOPIC='bar_tbimp_1m_live', KEY_FORMAT='AVRO', PARTITIONS=1, REPLICAS=1, RETENTION_MS=604800000, VALUE_FORMAT='AVRO') AS SELECT\n  O.BROKER BROKER,\n  O.SYMBOL SYMBOL,\n  WINDOWSTART BUCKETSTART,\n  EARLIEST_BY_OFFSET(O.OPEN) OPEN,\n  MAX(O.HIGH) HIGH,\n  MIN(O.LOW) LOW,\n  LATEST_BY_OFFSET(O.CLOSE) CLOSE\nFROM BAR_TBIMP_1S_FINAL_S O\nWINDOW TUMBLING ( SIZE 1 MINUTES , GRACE PERIOD 2 SECONDS ) \nGROUP BY O.BROKER, O.SYMBOL\nEMIT CHANGES;","sinks":["BAR_TBIMP_1M_LIVE"],"sinkKafkaTopics":["bar_tbimp_1m_live"],"id":"CTAS_BAR_TBIMP_1M_LIVE_89","statusCount":{"RUNNING":1},"queryType":"PERSISTENT","state":"RUNNING"},{"queryString":"CREATE TABLE BAR_5M_LIVE WITH (CLEANUP_POLICY='compact,delete', KAFKA_TOPIC='bar_5m_live', KEY_FORMAT='AVRO', PARTITIONS=1, REPLICAS=1, RETENTION_MS=604800000, VALUE_FORMAT='AVRO') AS SELECT\n  O.BROKER BROKER,\n  O.SYMBOL SYMBOL,\n  WINDOWSTART BUCKETSTART,\n  EARLIEST_BY_OFFSET(O.OPEN) OPEN,\n  MAX(O.HIGH) HIGH,\n  MIN(O.LOW) LOW,\n  LATEST_BY_OFFSET(O.KSQLTIMEFRAMECLOSE) KSQLTIMEFRAMECLOSE\nFROM BAR_1S_FINAL_S O\nWINDOW TUMBLING ( SIZE 5 MINUTES , GRACE PERIOD 3 SECONDS ) \nGROUP BY O.BROKER, O.SYMBOL\nEMIT CHANGES;","sinks":["BAR_5M_LIVE"],"sinkKafkaTopics":["bar_5m_live"],"id":"CTAS_BAR_5M_LIVE_103","statusCount":{"RUNNING":1},"queryType":"PERSISTENT","state":"RUNNING"},{"queryString":"CREATE TABLE BAR_TBIMP_5M_LIVE WITH (CLEANUP_POLICY='compact,delete', KAFKA_TOPIC='bar_tbimp_5m_live', KEY_FORMAT='AVRO', PARTITIONS=1, REPLICAS=1, RETENTION_MS=604800000, VALUE_FORMAT='AVRO') AS SELECT\n  O.BROKER BROKER,\n  O.SYMBOL SYMBOL,\n  WINDOWSTART BUCKETSTART,\n  EARLIEST_BY_OFFSET(O.OPEN) OPEN,\n  MAX(O.HIGH) HIGH,\n  MIN(O.LOW) LOW,\n  LATEST_BY_OFFSET(O.CLOSE) CLOSE\nFROM BAR_TBIMP_1S_FINAL_S O\nWINDOW TUMBLING ( SIZE 5 MINUTES , GRACE PERIOD 3 SECONDS ) \nGROUP BY O.BROKER, O.SYMBOL\nEMIT CHANGES;","sinks":["BAR_TBIMP_5M_LIVE"],"sinkKafkaTopics":["bar_tbimp_5m_live"],"id":"CTAS_BAR_TBIMP_5M_LIVE_91","statusCount":{"RUNNING":1},"queryType":"PERSISTENT","state":"RUNNING"},{"queryString":"CREATE TABLE BAR_1M_LIVE WITH (CLEANUP_POLICY='compact,delete', KAFKA_TOPIC='bar_1m_live', KEY_FORMAT='AVRO', PARTITIONS=1, REPLICAS=1, RETENTION_MS=604800000, VALUE_FORMAT='AVRO') AS SELECT\n  O.BROKER BROKER,\n  O.SYMBOL SYMBOL,\n  WINDOWSTART BUCKETSTART,\n  EARLIEST_BY_OFFSET(O.OPEN) OPEN,\n  MAX(O.HIGH) HIGH,\n  MIN(O.LOW) LOW,\n  LATEST_BY_OFFSET(O.KSQLTIMEFRAMECLOSE) KSQLTIMEFRAMECLOSE\nFROM BAR_1S_FINAL_S O\nWINDOW TUMBLING ( SIZE 1 MINUTES , GRACE PERIOD 2 SECONDS ) \nGROUP BY O.BROKER, O.SYMBOL\nEMIT CHANGES;","sinks":["BAR_1M_LIVE"],"sinkKafkaTopics":["bar_1m_live"],"id":"CTAS_BAR_1M_LIVE_101","statusCount":{"RUNNING":1},"queryType":"PERSISTENT","state":"RUNNING"},{"queryString":"CREATE TABLE BAR_TBIMP_1S_FINAL WITH (CLEANUP_POLICY='compact,delete', KAFKA_TOPIC='bar_tbimp_1s_final', KEY_FORMAT='AVRO', PARTITIONS=1, REPLICAS=1, RETENTION_MS=604800000, VALUE_FORMAT='AVRO') AS SELECT\n  O.BROKER BROKER,\n  O.SYMBOL SYMBOL,\n  WINDOWSTART BUCKETSTART,\n  EARLIEST_BY_OFFSET(O.BID) OPEN,\n  MAX(O.BID) HIGH,\n  MIN(O.BID) LOW,\n  LATEST_BY_OFFSET(O.BID) CLOSE\nFROM TICKS_TBIMP O\nWINDOW TUMBLING ( SIZE 1 SECONDS ) \nGROUP BY O.BROKER, O.SYMBOL\nEMIT FINAL;","sinks":["BAR_TBIMP_1S_FINAL"],"sinkKafkaTopics":["bar_tbimp_1s_final"],"id":"CTAS_BAR_TBIMP_1S_FINAL_85","statusCount":{"RUNNING":1},"queryType":"PERSISTENT","state":"RUNNING"}],"warnings":[]}]&#xD;
warn: Kafka.Ksql.Linq.KsqlContext[0]&#xD;
      SHOW QUERIES attempt 2 did not contain a matching query for bar_60m_live&#xD;
info: Kafka.Ksql.Linq.KsqlContext[0]&#xD;
      ksql execute: EXECUTE SQL=SHOW QUERIES;&#xD;
info: Kafka.Ksql.Linq.KsqlContext[0]&#xD;
      SHOW QUERIES output (attempt 3): [{"@type":"queries","statementText":"SHOW QUERIES;","queries":[{"queryString":"CREATE TABLE BAR_15M_LIVE WITH (CLEANUP_POLICY='compact,delete', KAFKA_TOPIC='bar_15m_live', KEY_FORMAT='AVRO', PARTITIONS=1, REPLICAS=1, RETENTION_MS=604800000, VALUE_FORMAT='AVRO') AS SELECT\n  O.BROKER BROKER,\n  O.SYMBOL SYMBOL,\n  WINDOWSTART BUCKETSTART,\n  EARLIEST_BY_OFFSET(O.OPEN) OPEN,\n  MAX(O.HIGH) HIGH,\n  MIN(O.LOW) LOW,\n  LATEST_BY_OFFSET(O.KSQLTIMEFRAMECLOSE) KSQLTIMEFRAMECLOSE\nFROM BAR_1S_FINAL_S O\nWINDOW TUMBLING ( SIZE 15 MINUTES , GRACE PERIOD 4 SECONDS ) \nGROUP BY O.BROKER, O.SYMBOL\nEMIT CHANGES;","sinks":["BAR_15M_LIVE"],"sinkKafkaTopics":["bar_15m_live"],"id":"CTAS_BAR_15M_LIVE_109","statusCount":{"RUNNING":1},"queryType":"PERSISTENT","state":"RUNNING"},{"queryString":"CREATE TABLE BAR_1S_FINAL WITH (CLEANUP_POLICY='compact,delete', KAFKA_TOPIC='bar_1s_final', KEY_FORMAT='AVRO', PARTITIONS=1, REPLICAS=1, RETENTION_MS=604800000, VALUE_FORMAT='AVRO') AS SELECT\n  O.BROKER BROKER,\n  O.SYMBOL SYMBOL,\n  WINDOWSTART BUCKETSTART,\n  EARLIEST_BY_OFFSET(O.BID) OPEN,\n  MAX(O.BID) HIGH,\n  MIN(O.BID) LOW,\n  LATEST_BY_OFFSET(O.BID) KSQLTIMEFRAMECLOSE\nFROM DEDUPRATES O\nWINDOW TUMBLING ( SIZE 1 SECONDS ) \nGROUP BY O.BROKER, O.SYMBOL\nEMIT FINAL;","sinks":["BAR_1S_FINAL"],"sinkKafkaTopics":["bar_1s_final"],"id":"CTAS_BAR_1S_FINAL_97","statusCount":{"RUNNING":1},"queryType":"PERSISTENT","state":"RUNNING"},{"queryString":"CREATE TABLE BAR_60M_LIVE WITH (CLEANUP_POLICY='compact,delete', KAFKA_TOPIC='bar_60m_live', KEY_FORMAT='AVRO', PARTITIONS=1, REPLICAS=1, RETENTION_MS=604800000, VALUE_FORMAT='AVRO') AS SELECT\n  O.BROKER BROKER,\n  O.SYMBOL SYMBOL,\n  WINDOWSTART BUCKETSTART,\n  EARLIEST_BY_OFFSET(O.OPEN) OPEN,\n  MAX(O.HIGH) HIGH,\n  MIN(O.LOW) LOW,\n  LATEST_BY_OFFSET(O.KSQLTIMEFRAMECLOSE) KSQLTIMEFRAMECLOSE\nFROM BAR_1S_FINAL_S O\nWINDOW TUMBLING ( SIZE 60 MINUTES , GRACE PERIOD 5 SECONDS ) \nGROUP BY O.BROKER, O.SYMBOL\nEMIT CHANGES;","sinks":["BAR_60M_LIVE"],"sinkKafkaTopics":["bar_60m_live"],"id":"CTAS_BAR_60M_LIVE_111","statusCount":{"RUNNING":1},"queryType":"PERSISTENT","state":"RUNNING"},{"queryString":"CREATE TABLE BAR_TBIMP_1M_LIVE WITH (CLEANUP_POLICY='compact,delete', KAFKA_TOPIC='bar_tbimp_1m_live', KEY_FORMAT='AVRO', PARTITIONS=1, REPLICAS=1, RETENTION_MS=604800000, VALUE_FORMAT='AVRO') AS SELECT\n  O.BROKER BROKER,\n  O.SYMBOL SYMBOL,\n  WINDOWSTART BUCKETSTART,\n  EARLIEST_BY_OFFSET(O.OPEN) OPEN,\n  MAX(O.HIGH) HIGH,\n  MIN(O.LOW) LOW,\n  LATEST_BY_OFFSET(O.CLOSE) CLOSE\nFROM BAR_TBIMP_1S_FINAL_S O\nWINDOW TUMBLING ( SIZE 1 MINUTES , GRACE PERIOD 2 SECONDS ) \nGROUP BY O.BROKER, O.SYMBOL\nEMIT CHANGES;","sinks":["BAR_TBIMP_1M_LIVE"],"sinkKafkaTopics":["bar_tbimp_1m_live"],"id":"CTAS_BAR_TBIMP_1M_LIVE_89","statusCount":{"RUNNING":1},"queryType":"PERSISTENT","state":"RUNNING"},{"queryString":"CREATE TABLE BAR_5M_LIVE WITH (CLEANUP_POLICY='compact,delete', KAFKA_TOPIC='bar_5m_live', KEY_FORMAT='AVRO', PARTITIONS=1, REPLICAS=1, RETENTION_MS=604800000, VALUE_FORMAT='AVRO') AS SELECT\n  O.BROKER BROKER,\n  O.SYMBOL SYMBOL,\n  WINDOWSTART BUCKETSTART,\n  EARLIEST_BY_OFFSET(O.OPEN) OPEN,\n  MAX(O.HIGH) HIGH,\n  MIN(O.LOW) LOW,\n  LATEST_BY_OFFSET(O.KSQLTIMEFRAMECLOSE) KSQLTIMEFRAMECLOSE\nFROM BAR_1S_FINAL_S O\nWINDOW TUMBLING ( SIZE 5 MINUTES , GRACE PERIOD 3 SECONDS ) \nGROUP BY O.BROKER, O.SYMBOL\nEMIT CHANGES;","sinks":["BAR_5M_LIVE"],"sinkKafkaTopics":["bar_5m_live"],"id":"CTAS_BAR_5M_LIVE_103","statusCount":{"RUNNING":1},"queryType":"PERSISTENT","state":"RUNNING"},{"queryString":"CREATE TABLE BAR_TBIMP_5M_LIVE WITH (CLEANUP_POLICY='compact,delete', KAFKA_TOPIC='bar_tbimp_5m_live', KEY_FORMAT='AVRO', PARTITIONS=1, REPLICAS=1, RETENTION_MS=604800000, VALUE_FORMAT='AVRO') AS SELECT\n  O.BROKER BROKER,\n  O.SYMBOL SYMBOL,\n  WINDOWSTART BUCKETSTART,\n  EARLIEST_BY_OFFSET(O.OPEN) OPEN,\n  MAX(O.HIGH) HIGH,\n  MIN(O.LOW) LOW,\n  LATEST_BY_OFFSET(O.CLOSE) CLOSE\nFROM BAR_TBIMP_1S_FINAL_S O\nWINDOW TUMBLING ( SIZE 5 MINUTES , GRACE PERIOD 3 SECONDS ) \nGROUP BY O.BROKER, O.SYMBOL\nEMIT CHANGES;","sinks":["BAR_TBIMP_5M_LIVE"],"sinkKafkaTopics":["bar_tbimp_5m_live"],"id":"CTAS_BAR_TBIMP_5M_LIVE_91","statusCount":{"RUNNING":1},"queryType":"PERSISTENT","state":"RUNNING"},{"queryString":"CREATE TABLE BAR_1M_LIVE WITH (CLEANUP_POLICY='compact,delete', KAFKA_TOPIC='bar_1m_live', KEY_FORMAT='AVRO', PARTITIONS=1, REPLICAS=1, RETENTION_MS=604800000, VALUE_FORMAT='AVRO') AS SELECT\n  O.BROKER BROKER,\n  O.SYMBOL SYMBOL,\n  WINDOWSTART BUCKETSTART,\n  EARLIEST_BY_OFFSET(O.OPEN) OPEN,\n  MAX(O.HIGH) HIGH,\n  MIN(O.LOW) LOW,\n  LATEST_BY_OFFSET(O.KSQLTIMEFRAMECLOSE) KSQLTIMEFRAMECLOSE\nFROM BAR_1S_FINAL_S O\nWINDOW TUMBLING ( SIZE 1 MINUTES , GRACE PERIOD 2 SECONDS ) \nGROUP BY O.BROKER, O.SYMBOL\nEMIT CHANGES;","sinks":["BAR_1M_LIVE"],"sinkKafkaTopics":["bar_1m_live"],"id":"CTAS_BAR_1M_LIVE_101","statusCount":{"RUNNING":1},"queryType":"PERSISTENT","state":"RUNNING"},{"queryString":"CREATE TABLE BAR_TBIMP_1S_FINAL WITH (CLEANUP_POLICY='compact,delete', KAFKA_TOPIC='bar_tbimp_1s_final', KEY_FORMAT='AVRO', PARTITIONS=1, REPLICAS=1, RETENTION_MS=604800000, VALUE_FORMAT='AVRO') AS SELECT\n  O.BROKER BROKER,\n  O.SYMBOL SYMBOL,\n  WINDOWSTART BUCKETSTART,\n  EARLIEST_BY_OFFSET(O.BID) OPEN,\n  MAX(O.BID) HIGH,\n  MIN(O.BID) LOW,\n  LATEST_BY_OFFSET(O.BID) CLOSE\nFROM TICKS_TBIMP O\nWINDOW TUMBLING ( SIZE 1 SECONDS ) \nGROUP BY O.BROKER, O.SYMBOL\nEMIT FINAL;","sinks":["BAR_TBIMP_1S_FINAL"],"sinkKafkaTopics":["bar_tbimp_1s_final"],"id":"CTAS_BAR_TBIMP_1S_FINAL_85","statusCount":{"RUNNING":1},"queryType":"PERSISTENT","state":"RUNNING"}],"warnings":[]}]&#xD;
warn: Kafka.Ksql.Linq.KsqlContext[0]&#xD;
      SHOW QUERIES attempt 3 did not contain a matching query for bar_60m_live&#xD;
info: Kafka.Ksql.Linq.KsqlContext[0]&#xD;
      ksql execute: EXECUTE SQL=SHOW QUERIES;&#xD;
info: Kafka.Ksql.Linq.KsqlContext[0]&#xD;
      SHOW QUERIES output (attempt 4): [{"@type":"queries","statementText":"SHOW QUERIES;","queries":[{"queryString":"CREATE TABLE BAR_15M_LIVE WITH (CLEANUP_POLICY='compact,delete', KAFKA_TOPIC='bar_15m_live', KEY_FORMAT='AVRO', PARTITIONS=1, REPLICAS=1, RETENTION_MS=604800000, VALUE_FORMAT='AVRO') AS SELECT\n  O.BROKER BROKER,\n  O.SYMBOL SYMBOL,\n  WINDOWSTART BUCKETSTART,\n  EARLIEST_BY_OFFSET(O.OPEN) OPEN,\n  MAX(O.HIGH) HIGH,\n  MIN(O.LOW) LOW,\n  LATEST_BY_OFFSET(O.KSQLTIMEFRAMECLOSE) KSQLTIMEFRAMECLOSE\nFROM BAR_1S_FINAL_S O\nWINDOW TUMBLING ( SIZE 15 MINUTES , GRACE PERIOD 4 SECONDS ) \nGROUP BY O.BROKER, O.SYMBOL\nEMIT CHANGES;","sinks":["BAR_15M_LIVE"],"sinkKafkaTopics":["bar_15m_live"],"id":"CTAS_BAR_15M_LIVE_109","statusCount":{"RUNNING":1},"queryType":"PERSISTENT","state":"RUNNING"},{"queryString":"CREATE TABLE BAR_1S_FINAL WITH (CLEANUP_POLICY='compact,delete', KAFKA_TOPIC='bar_1s_final', KEY_FORMAT='AVRO', PARTITIONS=1, REPLICAS=1, RETENTION_MS=604800000, VALUE_FORMAT='AVRO') AS SELECT\n  O.BROKER BROKER,\n  O.SYMBOL SYMBOL,\n  WINDOWSTART BUCKETSTART,\n  EARLIEST_BY_OFFSET(O.BID) OPEN,\n  MAX(O.BID) HIGH,\n  MIN(O.BID) LOW,\n  LATEST_BY_OFFSET(O.BID) KSQLTIMEFRAMECLOSE\nFROM DEDUPRATES O\nWINDOW TUMBLING ( SIZE 1 SECONDS ) \nGROUP BY O.BROKER, O.SYMBOL\nEMIT FINAL;","sinks":["BAR_1S_FINAL"],"sinkKafkaTopics":["bar_1s_final"],"id":"CTAS_BAR_1S_FINAL_97","statusCount":{"RUNNING":1},"queryType":"PERSISTENT","state":"RUNNING"},{"queryString":"CREATE TABLE BAR_60M_LIVE WITH (CLEANUP_POLICY='compact,delete', KAFKA_TOPIC='bar_60m_live', KEY_FORMAT='AVRO', PARTITIONS=1, REPLICAS=1, RETENTION_MS=604800000, VALUE_FORMAT='AVRO') AS SELECT\n  O.BROKER BROKER,\n  O.SYMBOL SYMBOL,\n  WINDOWSTART BUCKETSTART,\n  EARLIEST_BY_OFFSET(O.OPEN) OPEN,\n  MAX(O.HIGH) HIGH,\n  MIN(O.LOW) LOW,\n  LATEST_BY_OFFSET(O.KSQLTIMEFRAMECLOSE) KSQLTIMEFRAMECLOSE\nFROM BAR_1S_FINAL_S O\nWINDOW TUMBLING ( SIZE 60 MINUTES , GRACE PERIOD 5 SECONDS ) \nGROUP BY O.BROKER, O.SYMBOL\nEMIT CHANGES;","sinks":["BAR_60M_LIVE"],"sinkKafkaTopics":["bar_60m_live"],"id":"CTAS_BAR_60M_LIVE_111","statusCount":{"RUNNING":1},"queryType":"PERSISTENT","state":"RUNNING"},{"queryString":"CREATE TABLE BAR_TBIMP_1M_LIVE WITH (CLEANUP_POLICY='compact,delete', KAFKA_TOPIC='bar_tbimp_1m_live', KEY_FORMAT='AVRO', PARTITIONS=1, REPLICAS=1, RETENTION_MS=604800000, VALUE_FORMAT='AVRO') AS SELECT\n  O.BROKER BROKER,\n  O.SYMBOL SYMBOL,\n  WINDOWSTART BUCKETSTART,\n  EARLIEST_BY_OFFSET(O.OPEN) OPEN,\n  MAX(O.HIGH) HIGH,\n  MIN(O.LOW) LOW,\n  LATEST_BY_OFFSET(O.CLOSE) CLOSE\nFROM BAR_TBIMP_1S_FINAL_S O\nWINDOW TUMBLING ( SIZE 1 MINUTES , GRACE PERIOD 2 SECONDS ) \nGROUP BY O.BROKER, O.SYMBOL\nEMIT CHANGES;","sinks":["BAR_TBIMP_1M_LIVE"],"sinkKafkaTopics":["bar_tbimp_1m_live"],"id":"CTAS_BAR_TBIMP_1M_LIVE_89","statusCount":{"RUNNING":1},"queryType":"PERSISTENT","state":"RUNNING"},{"queryString":"CREATE TABLE BAR_5M_LIVE WITH (CLEANUP_POLICY='compact,delete', KAFKA_TOPIC='bar_5m_live', KEY_FORMAT='AVRO', PARTITIONS=1, REPLICAS=1, RETENTION_MS=604800000, VALUE_FORMAT='AVRO') AS SELECT\n  O.BROKER BROKER,\n  O.SYMBOL SYMBOL,\n  WINDOWSTART BUCKETSTART,\n  EARLIEST_BY_OFFSET(O.OPEN) OPEN,\n  MAX(O.HIGH) HIGH,\n  MIN(O.LOW) LOW,\n  LATEST_BY_OFFSET(O.KSQLTIMEFRAMECLOSE) KSQLTIMEFRAMECLOSE\nFROM BAR_1S_FINAL_S O\nWINDOW TUMBLING ( SIZE 5 MINUTES , GRACE PERIOD 3 SECONDS ) \nGROUP BY O.BROKER, O.SYMBOL\nEMIT CHANGES;","sinks":["BAR_5M_LIVE"],"sinkKafkaTopics":["bar_5m_live"],"id":"CTAS_BAR_5M_LIVE_103","statusCount":{"RUNNING":1},"queryType":"PERSISTENT","state":"RUNNING"},{"queryString":"CREATE TABLE BAR_TBIMP_5M_LIVE WITH (CLEANUP_POLICY='compact,delete', KAFKA_TOPIC='bar_tbimp_5m_live', KEY_FORMAT='AVRO', PARTITIONS=1, REPLICAS=1, RETENTION_MS=604800000, VALUE_FORMAT='AVRO') AS SELECT\n  O.BROKER BROKER,\n  O.SYMBOL SYMBOL,\n  WINDOWSTART BUCKETSTART,\n  EARLIEST_BY_OFFSET(O.OPEN) OPEN,\n  MAX(O.HIGH) HIGH,\n  MIN(O.LOW) LOW,\n  LATEST_BY_OFFSET(O.CLOSE) CLOSE\nFROM BAR_TBIMP_1S_FINAL_S O\nWINDOW TUMBLING ( SIZE 5 MINUTES , GRACE PERIOD 3 SECONDS ) \nGROUP BY O.BROKER, O.SYMBOL\nEMIT CHANGES;","sinks":["BAR_TBIMP_5M_LIVE"],"sinkKafkaTopics":["bar_tbimp_5m_live"],"id":"CTAS_BAR_TBIMP_5M_LIVE_91","statusCount":{"RUNNING":1},"queryType":"PERSISTENT","state":"RUNNING"},{"queryString":"CREATE TABLE BAR_1M_LIVE WITH (CLEANUP_POLICY='compact,delete', KAFKA_TOPIC='bar_1m_live', KEY_FORMAT='AVRO', PARTITIONS=1, REPLICAS=1, RETENTION_MS=604800000, VALUE_FORMAT='AVRO') AS SELECT\n  O.BROKER BROKER,\n  O.SYMBOL SYMBOL,\n  WINDOWSTART BUCKETSTART,\n  EARLIEST_BY_OFFSET(O.OPEN) OPEN,\n  MAX(O.HIGH) HIGH,\n  MIN(O.LOW) LOW,\n  LATEST_BY_OFFSET(O.KSQLTIMEFRAMECLOSE) KSQLTIMEFRAMECLOSE\nFROM BAR_1S_FINAL_S O\nWINDOW TUMBLING ( SIZE 1 MINUTES , GRACE PERIOD 2 SECONDS ) \nGROUP BY O.BROKER, O.SYMBOL\nEMIT CHANGES;","sinks":["BAR_1M_LIVE"],"sinkKafkaTopics":["bar_1m_live"],"id":"CTAS_BAR_1M_LIVE_101","statusCount":{"RUNNING":1},"queryType":"PERSISTENT","state":"RUNNING"},{"queryString":"CREATE TABLE BAR_TBIMP_1S_FINAL WITH (CLEANUP_POLICY='compact,delete', KAFKA_TOPIC='bar_tbimp_1s_final', KEY_FORMAT='AVRO', PARTITIONS=1, REPLICAS=1, RETENTION_MS=604800000, VALUE_FORMAT='AVRO') AS SELECT\n  O.BROKER BROKER,\n  O.SYMBOL SYMBOL,\n  WINDOWSTART BUCKETSTART,\n  EARLIEST_BY_OFFSET(O.BID) OPEN,\n  MAX(O.BID) HIGH,\n  MIN(O.BID) LOW,\n  LATEST_BY_OFFSET(O.BID) CLOSE\nFROM TICKS_TBIMP O\nWINDOW TUMBLING ( SIZE 1 SECONDS ) \nGROUP BY O.BROKER, O.SYMBOL\nEMIT FINAL;","sinks":["BAR_TBIMP_1S_FINAL"],"sinkKafkaTopics":["bar_tbimp_1s_final"],"id":"CTAS_BAR_TBIMP_1S_FINAL_85","statusCount":{"RUNNING":1},"queryType":"PERSISTENT","state":"RUNNING"}],"warnings":[]}]&#xD;
warn: Kafka.Ksql.Linq.KsqlContext[0]&#xD;
      SHOW QUERIES attempt 4 did not contain a matching query for bar_60m_live&#xD;
info: Kafka.Ksql.Linq.KsqlContext[0]&#xD;
      ksql execute: EXECUTE SQL=SHOW QUERIES;&#xD;
info: Kafka.Ksql.Linq.KsqlContext[0]&#xD;
      SHOW QUERIES output (attempt 5): [{"@type":"queries","statementText":"SHOW QUERIES;","queries":[{"queryString":"CREATE TABLE BAR_15M_LIVE WITH (CLEANUP_POLICY='compact,delete', KAFKA_TOPIC='bar_15m_live', KEY_FORMAT='AVRO', PARTITIONS=1, REPLICAS=1, RETENTION_MS=604800000, VALUE_FORMAT='AVRO') AS SELECT\n  O.BROKER BROKER,\n  O.SYMBOL SYMBOL,\n  WINDOWSTART BUCKETSTART,\n  EARLIEST_BY_OFFSET(O.OPEN) OPEN,\n  MAX(O.HIGH) HIGH,\n  MIN(O.LOW) LOW,\n  LATEST_BY_OFFSET(O.KSQLTIMEFRAMECLOSE) KSQLTIMEFRAMECLOSE\nFROM BAR_1S_FINAL_S O\nWINDOW TUMBLING ( SIZE 15 MINUTES , GRACE PERIOD 4 SECONDS ) \nGROUP BY O.BROKER, O.SYMBOL\nEMIT CHANGES;","sinks":["BAR_15M_LIVE"],"sinkKafkaTopics":["bar_15m_live"],"id":"CTAS_BAR_15M_LIVE_109","statusCount":{"RUNNING":1},"queryType":"PERSISTENT","state":"RUNNING"},{"queryString":"CREATE TABLE BAR_1S_FINAL WITH (CLEANUP_POLICY='compact,delete', KAFKA_TOPIC='bar_1s_final', KEY_FORMAT='AVRO', PARTITIONS=1, REPLICAS=1, RETENTION_MS=604800000, VALUE_FORMAT='AVRO') AS SELECT\n  O.BROKER BROKER,\n  O.SYMBOL SYMBOL,\n  WINDOWSTART BUCKETSTART,\n  EARLIEST_BY_OFFSET(O.BID) OPEN,\n  MAX(O.BID) HIGH,\n  MIN(O.BID) LOW,\n  LATEST_BY_OFFSET(O.BID) KSQLTIMEFRAMECLOSE\nFROM DEDUPRATES O\nWINDOW TUMBLING ( SIZE 1 SECONDS ) \nGROUP BY O.BROKER, O.SYMBOL\nEMIT FINAL;","sinks":["BAR_1S_FINAL"],"sinkKafkaTopics":["bar_1s_final"],"id":"CTAS_BAR_1S_FINAL_97","statusCount":{"RUNNING":1},"queryType":"PERSISTENT","state":"RUNNING"},{"queryString":"CREATE TABLE BAR_60M_LIVE WITH (CLEANUP_POLICY='compact,delete', KAFKA_TOPIC='bar_60m_live', KEY_FORMAT='AVRO', PARTITIONS=1, REPLICAS=1, RETENTION_MS=604800000, VALUE_FORMAT='AVRO') AS SELECT\n  O.BROKER BROKER,\n  O.SYMBOL SYMBOL,\n  WINDOWSTART BUCKETSTART,\n  EARLIEST_BY_OFFSET(O.OPEN) OPEN,\n  MAX(O.HIGH) HIGH,\n  MIN(O.LOW) LOW,\n  LATEST_BY_OFFSET(O.KSQLTIMEFRAMECLOSE) KSQLTIMEFRAMECLOSE\nFROM BAR_1S_FINAL_S O\nWINDOW TUMBLING ( SIZE 60 MINUTES , GRACE PERIOD 5 SECONDS ) \nGROUP BY O.BROKER, O.SYMBOL\nEMIT CHANGES;","sinks":["BAR_60M_LIVE"],"sinkKafkaTopics":["bar_60m_live"],"id":"CTAS_BAR_60M_LIVE_111","statusCount":{"RUNNING":1},"queryType":"PERSISTENT","state":"RUNNING"},{"queryString":"CREATE TABLE BAR_TBIMP_1M_LIVE WITH (CLEANUP_POLICY='compact,delete', KAFKA_TOPIC='bar_tbimp_1m_live', KEY_FORMAT='AVRO', PARTITIONS=1, REPLICAS=1, RETENTION_MS=604800000, VALUE_FORMAT='AVRO') AS SELECT\n  O.BROKER BROKER,\n  O.SYMBOL SYMBOL,\n  WINDOWSTART BUCKETSTART,\n  EARLIEST_BY_OFFSET(O.OPEN) OPEN,\n  MAX(O.HIGH) HIGH,\n  MIN(O.LOW) LOW,\n  LATEST_BY_OFFSET(O.CLOSE) CLOSE\nFROM BAR_TBIMP_1S_FINAL_S O\nWINDOW TUMBLING ( SIZE 1 MINUTES , GRACE PERIOD 2 SECONDS ) \nGROUP BY O.BROKER, O.SYMBOL\nEMIT CHANGES;","sinks":["BAR_TBIMP_1M_LIVE"],"sinkKafkaTopics":["bar_tbimp_1m_live"],"id":"CTAS_BAR_TBIMP_1M_LIVE_89","statusCount":{"RUNNING":1},"queryType":"PERSISTENT","state":"RUNNING"},{"queryString":"CREATE TABLE BAR_5M_LIVE WITH (CLEANUP_POLICY='compact,delete', KAFKA_TOPIC='bar_5m_live', KEY_FORMAT='AVRO', PARTITIONS=1, REPLICAS=1, RETENTION_MS=604800000, VALUE_FORMAT='AVRO') AS SELECT\n  O.BROKER BROKER,\n  O.SYMBOL SYMBOL,\n  WINDOWSTART BUCKETSTART,\n  EARLIEST_BY_OFFSET(O.OPEN) OPEN,\n  MAX(O.HIGH) HIGH,\n  MIN(O.LOW) LOW,\n  LATEST_BY_OFFSET(O.KSQLTIMEFRAMECLOSE) KSQLTIMEFRAMECLOSE\nFROM BAR_1S_FINAL_S O\nWINDOW TUMBLING ( SIZE 5 MINUTES , GRACE PERIOD 3 SECONDS ) \nGROUP BY O.BROKER, O.SYMBOL\nEMIT CHANGES;","sinks":["BAR_5M_LIVE"],"sinkKafkaTopics":["bar_5m_live"],"id":"CTAS_BAR_5M_LIVE_103","statusCount":{"RUNNING":1},"queryType":"PERSISTENT","state":"RUNNING"},{"queryString":"CREATE TABLE BAR_TBIMP_5M_LIVE WITH (CLEANUP_POLICY='compact,delete', KAFKA_TOPIC='bar_tbimp_5m_live', KEY_FORMAT='AVRO', PARTITIONS=1, REPLICAS=1, RETENTION_MS=604800000, VALUE_FORMAT='AVRO') AS SELECT\n  O.BROKER BROKER,\n  O.SYMBOL SYMBOL,\n  WINDOWSTART BUCKETSTART,\n  EARLIEST_BY_OFFSET(O.OPEN) OPEN,\n  MAX(O.HIGH) HIGH,\n  MIN(O.LOW) LOW,\n  LATEST_BY_OFFSET(O.CLOSE) CLOSE\nFROM BAR_TBIMP_1S_FINAL_S O\nWINDOW TUMBLING ( SIZE 5 MINUTES , GRACE PERIOD 3 SECONDS ) \nGROUP BY O.BROKER, O.SYMBOL\nEMIT CHANGES;","sinks":["BAR_TBIMP_5M_LIVE"],"sinkKafkaTopics":["bar_tbimp_5m_live"],"id":"CTAS_BAR_TBIMP_5M_LIVE_91","statusCount":{"RUNNING":1},"queryType":"PERSISTENT","state":"RUNNING"},{"queryString":"CREATE TABLE BAR_1M_LIVE WITH (CLEANUP_POLICY='compact,delete', KAFKA_TOPIC='bar_1m_live', KEY_FORMAT='AVRO', PARTITIONS=1, REPLICAS=1, RETENTION_MS=604800000, VALUE_FORMAT='AVRO') AS SELECT\n  O.BROKER BROKER,\n  O.SYMBOL SYMBOL,\n  WINDOWSTART BUCKETSTART,\n  EARLIEST_BY_OFFSET(O.OPEN) OPEN,\n  MAX(O.HIGH) HIGH,\n  MIN(O.LOW) LOW,\n  LATEST_BY_OFFSET(O.KSQLTIMEFRAMECLOSE) KSQLTIMEFRAMECLOSE\nFROM BAR_1S_FINAL_S O\nWINDOW TUMBLING ( SIZE 1 MINUTES , GRACE PERIOD 2 SECONDS ) \nGROUP BY O.BROKER, O.SYMBOL\nEMIT CHANGES;","sinks":["BAR_1M_LIVE"],"sinkKafkaTopics":["bar_1m_live"],"id":"CTAS_BAR_1M_LIVE_101","statusCount":{"RUNNING":1},"queryType":"PERSISTENT","state":"RUNNING"},{"queryString":"CREATE TABLE BAR_TBIMP_1S_FINAL WITH (CLEANUP_POLICY='compact,delete', KAFKA_TOPIC='bar_tbimp_1s_final', KEY_FORMAT='AVRO', PARTITIONS=1, REPLICAS=1, RETENTION_MS=604800000, VALUE_FORMAT='AVRO') AS SELECT\n  O.BROKER BROKER,\n  O.SYMBOL SYMBOL,\n  WINDOWSTART BUCKETSTART,\n  EARLIEST_BY_OFFSET(O.BID) OPEN,\n  MAX(O.BID) HIGH,\n  MIN(O.BID) LOW,\n  LATEST_BY_OFFSET(O.BID) CLOSE\nFROM TICKS_TBIMP O\nWINDOW TUMBLING ( SIZE 1 SECONDS ) \nGROUP BY O.BROKER, O.SYMBOL\nEMIT FINAL;","sinks":["BAR_TBIMP_1S_FINAL"],"sinkKafkaTopics":["bar_tbimp_1s_final"],"id":"CTAS_BAR_TBIMP_1S_FINAL_85","statusCount":{"RUNNING":1},"queryType":"PERSISTENT","state":"RUNNING"}],"warnings":[]}]&#xD;
warn: Kafka.Ksql.Linq.KsqlContext[0]&#xD;
      SHOW QUERIES attempt 5 did not contain a matching query for bar_60m_live&#xD;
warn: Kafka.Ksql.Linq.KsqlContext[0]&#xD;
      Unable to locate queryId for bar_60m_live after 5 attempts&#xD;
warn: Kafka.Ksql.Linq.KsqlContext[0]&#xD;
      Could not locate queryId via SHOW QUERIES for derived statement targeting bar_60m_live: CREATE TABLE bar_60m_live  WITH (KAFKA_TOPIC='bar_60m_live', KEY_FORMAT='AVRO', VALUE_FORMAT='AVRO') AS&#xD;
      SELECT BROKER AS Broker, SYMBOL AS Symbol, WINDOWSTART AS BucketStart, EARLIEST_BY_OFFSET(o.OPEN) AS Open, MAX(o.HIGH) AS High, MIN(o.LOW) AS Low, LATEST_BY_OFFSET(o.KSQLTIMEFRAMECLOSE) AS KsqlTimeFrameClose&#xD;
      FROM bar_1s_final_s o WINDOW TUMBLING (SIZE 60 MINUTES, GRACE PERIOD 5 SECONDS)&#xD;
      GROUP BY BROKER, SYMBOL&#xD;
      EMIT CHANGES;&#xD;
info: Kafka.Ksql.Linq.KsqlContext[0]&#xD;
      ksql execute: EXECUTE SQL=SHOW QUERIES;&#xD;
info: Kafka.Ksql.Linq.KsqlContext[0]&#xD;
      ksql execute: EXECUTE SQL=SHOW QUERIES;&#xD;
info: Kafka.Ksql.Linq.KsqlContext[0]&#xD;
      ksql execute: EXECUTE SQL=SHOW QUERIES;&#xD;
info: Kafka.Ksql.Linq.KsqlContext[0]&#xD;
      ksql execute: EXECUTE SQL=SHOW QUERIES;&#xD;
info: Kafka.Ksql.Linq.KsqlContext[0]&#xD;
      ksql execute: EXECUTE SQL=SHOW QUERIES;&#xD;
info: Kafka.Ksql.Linq.KsqlContext[0]&#xD;
      ksql execute: EXECUTE SQL=SHOW QUERIES;&#xD;
info: Kafka.Ksql.Linq.KsqlContext[0]&#xD;
      ksql execute: EXECUTE SQL=SHOW QUERIES;&#xD;
info: Kafka.Ksql.Linq.KsqlContext[0]&#xD;
      ksql execute: EXECUTE SQL=SHOW QUERIES;&#xD;
info: Kafka.Ksql.Linq.KsqlContext[0]&#xD;
      ksql execute: EXECUTE SQL=SHOW QUERIES;&#xD;
info: Kafka.Ksql.Linq.KsqlContext[0]&#xD;
      ksql execute: EXECUTE SQL=SHOW QUERIES;&#xD;
info: Kafka.Ksql.Linq.KsqlContext[0]&#xD;
      ksql execute: EXECUTE SQL=SHOW QUERIES;&#xD;
info: Streamiz.Kafka.Net.Processors.StreamThread[0]&#xD;
      Processed 0 total records, ran 0 punctuators and committed 0 total tasks since the last update&#xD;
info: Kafka.Ksql.Linq.KsqlContext[0]&#xD;
      ksql execute: EXECUTE SQL=SHOW QUERIES;&#xD;
info: Kafka.Ksql.Linq.KsqlContext[0]&#xD;
      ksql execute: EXECUTE SQL=SHOW QUERIES;&#xD;
info: Kafka.Ksql.Linq.KsqlContext[0]&#xD;
      ksql execute: EXECUTE SQL=SHOW QUERIES;&#xD;
info: Kafka.Ksql.Linq.KsqlContext[0]&#xD;
      ksql execute: EXECUTE SQL=SHOW QUERIES;&#xD;
info: Kafka.Ksql.Linq.KsqlContext[0]&#xD;
      ksql execute: EXECUTE SQL=SHOW QUERIES;&#xD;
info: Kafka.Ksql.Linq.KsqlContext[0]&#xD;
      ksql execute: EXECUTE SQL=SHOW QUERIES;&#xD;
info: Kafka.Ksql.Linq.KsqlContext[0]&#xD;
      ksql execute: EXECUTE SQL=SHOW QUERIES;&#xD;
info: Kafka.Ksql.Linq.KsqlContext[0]&#xD;
      ksql execute: EXECUTE SQL=SHOW QUERIES;&#xD;
info: Kafka.Ksql.Linq.KsqlContext[0]&#xD;
      ksql execute: EXECUTE SQL=SHOW QUERIES;&#xD;
info: Kafka.Ksql.Linq.KsqlContext[0]&#xD;
      ksql execute: EXECUTE SQL=SHOW QUERIES;&#xD;
info: Kafka.Ksql.Linq.KsqlContext[0]&#xD;
      ksql execute: EXECUTE SQL=SHOW QUERIES;&#xD;
info: Kafka.Ksql.Linq.KsqlContext[0]&#xD;
      ksql execute: EXECUTE SQL=SHOW QUERIES;&#xD;
info: Kafka.Ksql.Linq.KsqlContext[0]&#xD;
      ksql execute: EXECUTE SQL=SHOW QUERIES;&#xD;
info: Kafka.Ksql.Linq.KsqlContext[0]&#xD;
      ksql execute: EXECUTE SQL=SHOW QUERIES;&#xD;
info: Kafka.Ksql.Linq.KsqlContext[0]&#xD;
      ksql execute: EXECUTE SQL=SHOW QUERIES;&#xD;
info: Kafka.Ksql.Linq.KsqlContext[0]&#xD;
      ksql execute: EXECUTE SQL=SHOW QUERIES;&#xD;
info: Kafka.Ksql.Linq.KsqlContext[0]&#xD;
      ksql execute: EXECUTE SQL=SHOW QUERIES;&#xD;
info: Kafka.Ksql.Linq.KsqlContext[0]&#xD;
      ksql execute: EXECUTE SQL=SHOW QUERIES;&#xD;
info: Kafka.Ksql.Linq.KsqlContext[0]&#xD;
      ksql execute: EXECUTE SQL=SHOW QUERIES;&#xD;
info: Kafka.Ksql.Linq.KsqlContext[0]&#xD;
      ksql execute: EXECUTE SQL=SHOW QUERIES;&#xD;
info: Kafka.Ksql.Linq.KsqlContext[0]&#xD;
      ksql execute: EXECUTE SQL=SHOW QUERIES;&#xD;
info: Kafka.Ksql.Linq.KsqlContext[0]&#xD;
      ksql execute: EXECUTE SQL=SHOW QUERIES;&#xD;
info: Kafka.Ksql.Linq.KsqlContext[0]&#xD;
      ksql execute: EXECUTE SQL=SHOW QUERIES;&#xD;
info: Kafka.Ksql.Linq.KsqlContext[0]&#xD;
      ksql execute: EXECUTE SQL=SHOW QUERIES;&#xD;
info: Kafka.Ksql.Linq.KsqlContext[0]&#xD;
      ksql execute: EXECUTE SQL=SHOW QUERIES;&#xD;
info: Kafka.Ksql.Linq.KsqlContext[0]&#xD;
      ksql execute: EXECUTE SQL=SHOW QUERIES;&#xD;
info: Kafka.Ksql.Linq.KsqlContext[0]&#xD;
      ksql execute: EXECUTE SQL=SHOW QUERIES;&#xD;
info: Kafka.Ksql.Linq.KsqlContext[0]&#xD;
      ksql execute: EXECUTE SQL=SHOW QUERIES;&#xD;
info: Kafka.Ksql.Linq.KsqlContext[0]&#xD;
      ksql execute: EXECUTE SQL=SHOW QUERIES;&#xD;
info: Kafka.Ksql.Linq.KsqlContext[0]&#xD;
      ksql execute: EXECUTE SQL=SHOW QUERIES;&#xD;
info: Streamiz.Kafka.Net.Processors.StreamThread[0]&#xD;
      Processed 0 total records, ran 0 punctuators and committed 0 total tasks since the last update&#xD;
info: Kafka.Ksql.Linq.KsqlContext[0]&#xD;
      ksql execute: EXECUTE SQL=SHOW QUERIES;&#xD;
info: Kafka.Ksql.Linq.KsqlContext[0]&#xD;
      ksql execute: EXECUTE SQL=SHOW QUERIES;&#xD;
info: Kafka.Ksql.Linq.KsqlContext[0]&#xD;
      ksql execute: EXECUTE SQL=SHOW QUERIES;&#xD;
info: Kafka.Ksql.Linq.KsqlContext[0]&#xD;
      ksql execute: EXECUTE SQL=SHOW QUERIES;&#xD;
info: Kafka.Ksql.Linq.KsqlContext[0]&#xD;
      ksql execute: EXECUTE SQL=SHOW QUERIES;&#xD;
info: Kafka.Ksql.Linq.KsqlContext[0]&#xD;
      ksql execute: EXECUTE SQL=SHOW QUERIES;&#xD;
info: Kafka.Ksql.Linq.KsqlContext[0]&#xD;
      ksql execute: EXECUTE SQL=SHOW QUERIES;&#xD;
info: Kafka.Ksql.Linq.KsqlContext[0]&#xD;
      ksql execute: EXECUTE SQL=SHOW QUERIES;&#xD;
info: Kafka.Ksql.Linq.KsqlContext[0]&#xD;
      ksql execute: EXECUTE SQL=SHOW QUERIES;&#xD;
info: Kafka.Ksql.Linq.KsqlContext[0]&#xD;
      ksql execute: EXECUTE SQL=SHOW QUERIES;&#xD;
info: Kafka.Ksql.Linq.KsqlContext[0]&#xD;
      ksql execute: EXECUTE SQL=SHOW QUERIES;&#xD;
info: Kafka.Ksql.Linq.KsqlContext[0]&#xD;
      ksql execute: EXECUTE SQL=SHOW QUERIES;&#xD;
info: Kafka.Ksql.Linq.KsqlContext[0]&#xD;
      ksql execute: EXECUTE SQL=SHOW QUERIES;&#xD;
info: Kafka.Ksql.Linq.KsqlContext[0]&#xD;
      ksql execute: EXECUTE SQL=SHOW QUERIES;&#xD;
info: Kafka.Ksql.Linq.KsqlContext[0]&#xD;
      ksql execute: EXECUTE SQL=SHOW QUERIES;&#xD;
info: Kafka.Ksql.Linq.KsqlContext[0]&#xD;
      ksql execute: EXECUTE SQL=SHOW QUERIES;&#xD;
info: Kafka.Ksql.Linq.KsqlContext[0]&#xD;
      ksql execute: EXECUTE SQL=SHOW QUERIES;&#xD;
info: Kafka.Ksql.Linq.KsqlContext[0]&#xD;
      ksql execute: EXECUTE SQL=SHOW QUERIES;&#xD;
info: Kafka.Ksql.Linq.KsqlContext[0]&#xD;
      ksql execute: EXECUTE SQL=SHOW QUERIES;&#xD;
info: Kafka.Ksql.Linq.KsqlContext[0]&#xD;
      ksql execute: EXECUTE SQL=SHOW QUERIES;&#xD;
info: Kafka.Ksql.Linq.KsqlContext[0]&#xD;
      ksql execute: EXECUTE SQL=SHOW QUERIES;&#xD;
info: Kafka.Ksql.Linq.KsqlContext[0]&#xD;
      ksql execute: EXECUTE SQL=SHOW QUERIES;&#xD;
info: Kafka.Ksql.Linq.KsqlContext[0]&#xD;
      ksql execute: EXECUTE SQL=SHOW QUERIES;&#xD;
info: Kafka.Ksql.Linq.KsqlContext[0]&#xD;
      ksql execute: EXECUTE SQL=SHOW QUERIES;&#xD;
info: Kafka.Ksql.Linq.KsqlContext[0]&#xD;
      ksql execute: EXECUTE SQL=SHOW QUERIES;&#xD;
info: Kafka.Ksql.Linq.KsqlContext[0]&#xD;
      ksql execute: EXECUTE SQL=SHOW QUERIES;&#xD;
info: Kafka.Ksql.Linq.KsqlContext[0]&#xD;
      ksql execute: EXECUTE SQL=SHOW QUERIES;&#xD;
info: Kafka.Ksql.Linq.KsqlContext[0]&#xD;
      ksql execute: EXECUTE SQL=SHOW QUERIES;&#xD;
info: Kafka.Ksql.Linq.KsqlContext[0]&#xD;
      ksql execute: EXECUTE SQL=SHOW QUERIES;&#xD;
info: Kafka.Ksql.Linq.KsqlContext[0]&#xD;
      ksql execute: EXECUTE SQL=SHOW QUERIES;&#xD;
info: Streamiz.Kafka.Net.Processors.StreamThread[0]&#xD;
      Processed 0 total records, ran 0 punctuators and committed 0 total tasks since the last update&#xD;
info: Kafka.Ksql.Linq.KsqlContext[0]&#xD;
      ksql execute: EXECUTE SQL=SHOW QUERIES;&#xD;
info: Kafka.Ksql.Linq.KsqlContext[0]&#xD;
      ksql execute: EXECUTE SQL=SHOW QUERIES;&#xD;
info: Kafka.Ksql.Linq.KsqlContext[0]&#xD;
      ksql execute: EXECUTE SQL=SHOW QUERIES;&#xD;
info: Kafka.Ksql.Linq.KsqlContext[0]&#xD;
      ksql execute: EXECUTE SQL=SHOW QUERIES;&#xD;
info: Kafka.Ksql.Linq.KsqlContext[0]&#xD;
      ksql execute: EXECUTE SQL=SHOW QUERIES;&#xD;
info: Kafka.Ksql.Linq.KsqlContext[0]&#xD;
      ksql execute: EXECUTE SQL=SHOW QUERIES;&#xD;
info: Kafka.Ksql.Linq.KsqlContext[0]&#xD;
      ksql execute: EXECUTE SQL=SHOW QUERIES;&#xD;
info: Kafka.Ksql.Linq.KsqlContext[0]&#xD;
      ksql execute: EXECUTE SQL=SHOW QUERIES;&#xD;
info: Kafka.Ksql.Linq.KsqlContext[0]&#xD;
      ksql execute: EXECUTE SQL=SHOW QUERIES;&#xD;
info: Kafka.Ksql.Linq.KsqlContext[0]&#xD;
      ksql execute: EXECUTE SQL=SHOW QUERIES;&#xD;
info: Kafka.Ksql.Linq.KsqlContext[0]&#xD;
      ksql execute: EXECUTE SQL=SHOW QUERIES;&#xD;
info: Kafka.Ksql.Linq.KsqlContext[0]&#xD;
      ksql execute: EXECUTE SQL=SHOW QUERIES;&#xD;
info: Kafka.Ksql.Linq.KsqlContext[0]&#xD;
      ksql execute: EXECUTE SQL=SHOW QUERIES;&#xD;
info: Kafka.Ksql.Linq.KsqlContext[0]&#xD;
      ksql execute: EXECUTE SQL=SHOW QUERIES;&#xD;
info: Kafka.Ksql.Linq.KsqlContext[0]&#xD;
      ksql execute: EXECUTE SQL=SHOW QUERIES;&#xD;
info: Kafka.Ksql.Linq.KsqlContext[0]&#xD;
      ksql execute: EXECUTE SQL=SHOW QUERIES;&#xD;
info: Kafka.Ksql.Linq.KsqlContext[0]&#xD;
      ksql execute: EXECUTE SQL=SHOW QUERIES;&#xD;
info: Kafka.Ksql.Linq.KsqlContext[0]&#xD;
      ksql execute: EXECUTE SQL=SHOW QUERIES;&#xD;
info: Kafka.Ksql.Linq.KsqlContext[0]&#xD;
      ksql execute: EXECUTE SQL=SHOW QUERIES;&#xD;
warn: Kafka.Ksql.Linq.KsqlContext[0]&#xD;
      Derived query stabilization failed for Bar (attempt 1/3)&#xD;
      System.TimeoutException: CTAS/CSAS query for bar_15m_live did not reach RUNNING within 180s&#xD;
         at Kafka.Ksql.Linq.KsqlContext.WaitForQueryRunningAsync(String targetEntityName, TimeSpan timeout)&#xD;
         at Kafka.Ksql.Linq.KsqlContext.WaitForDerivedQueriesRunningAsync(TimeSpan timeout)&#xD;
         at Kafka.Ksql.Linq.KsqlContext.&lt;&gt;c__DisplayClass95_0.&lt;&lt;EnsureQueryEntityDdlAsync&gt;g__EnsureDerivedQueryEntityDdlAsync|0&gt;d.MoveNext()&#xD;
info: Kafka.Ksql.Linq.KsqlContext[0]&#xD;
      KSQL DDL (derived bar_1s_final): CREATE TABLE bar_1s_final  WITH (KAFKA_TOPIC='bar_1s_final', KEY_FORMAT='AVRO', VALUE_FORMAT='AVRO') AS&#xD;
      SELECT BROKER AS Broker, SYMBOL AS Symbol, WINDOWSTART AS BucketStart, EARLIEST_BY_OFFSET(Bid) AS Open, MAX(Bid) AS High, MIN(Bid) AS Low, LATEST_BY_OFFSET(Bid) AS KsqlTimeFrameClose&#xD;
      FROM DEDUPRATES o WINDOW TUMBLING (SIZE 1 SECONDS)&#xD;
      GROUP BY BROKER, SYMBOL&#xD;
      EMIT FINAL;&#xD;
info: Kafka.Ksql.Linq.KsqlContext[0]&#xD;
      ksql execute: EXECUTE SQL=CREATE TABLE bar_1s_final  WITH (KAFKA_TOPIC='bar_1s_final', KEY_FORMAT='AVRO', VALUE_FORMAT='AVRO') AS  SELECT BROKER A...&#xD;
info: Kafka.Ksql.Linq.KsqlContext[0]&#xD;
      KSQL DDL (derived bar_1s_final_s): CREATE STREAM bar_1s_final_s (BROKER VARCHAR KEY, SYMBOL VARCHAR KEY, BUCKETSTART TIMESTAMP KEY, OPEN DOUBLE, HIGH DOUBLE, LOW DOUBLE, KSQLTIMEFRAMECLOSE DOUBLE) WITH (KAFKA_TOPIC='bar_1s_final', KEY_FORMAT='AVRO', VALUE_FORMAT='AVRO', VALUE_AVRO_SCHEMA_FULL_NAME='bar_ksql.bar_1s_final_s_valueAvro', PARTITIONS=1, REPLICAS=1, RETENTION_MS=604800000);&#xD;
info: Kafka.Ksql.Linq.KsqlContext[0]&#xD;
      ksql execute: EXECUTE SQL=CREATE STREAM bar_1s_final_s (BROKER VARCHAR KEY, SYMBOL VARCHAR KEY, BUCKETSTART TIMESTAMP KEY, OPEN DOUBLE, HIGH DOUBL...&#xD;
info: Kafka.Ksql.Linq.KsqlContext[0]&#xD;
      KSQL DDL (derived bar_1m_live): CREATE TABLE bar_1m_live  WITH (KAFKA_TOPIC='bar_1m_live', KEY_FORMAT='AVRO', VALUE_FORMAT='AVRO') AS&#xD;
      SELECT BROKER AS Broker, SYMBOL AS Symbol, WINDOWSTART AS BucketStart, EARLIEST_BY_OFFSET(o.OPEN) AS Open, MAX(o.HIGH) AS High, MIN(o.LOW) AS Low, LATEST_BY_OFFSET(o.KSQLTIMEFRAMECLOSE) AS KsqlTimeFrameClose&#xD;
      FROM bar_1s_final_s o WINDOW TUMBLING (SIZE 1 MINUTES, GRACE PERIOD 2 SECONDS)&#xD;
      GROUP BY BROKER, SYMBOL&#xD;
      EMIT CHANGES;&#xD;
info: Kafka.Ksql.Linq.KsqlContext[0]&#xD;
      ksql execute: EXECUTE SQL=CREATE TABLE bar_1m_live  WITH (KAFKA_TOPIC='bar_1m_live', KEY_FORMAT='AVRO', VALUE_FORMAT='AVRO') AS  SELECT BROKER AS ...&#xD;
info: Kafka.Ksql.Linq.KsqlContext[0]&#xD;
      KSQL DDL (derived bar_5m_live): CREATE TABLE bar_5m_live  WITH (KAFKA_TOPIC='bar_5m_live', KEY_FORMAT='AVRO', VALUE_FORMAT='AVRO') AS&#xD;
      SELECT BROKER AS Broker, SYMBOL AS Symbol, WINDOWSTART AS BucketStart, EARLIEST_BY_OFFSET(o.OPEN) AS Open, MAX(o.HIGH) AS High, MIN(o.LOW) AS Low, LATEST_BY_OFFSET(o.KSQLTIMEFRAMECLOSE) AS KsqlTimeFrameClose&#xD;
      FROM bar_1s_final_s o WINDOW TUMBLING (SIZE 5 MINUTES, GRACE PERIOD 3 SECONDS)&#xD;
      GROUP BY BROKER, SYMBOL&#xD;
      EMIT CHANGES;&#xD;
info: Kafka.Ksql.Linq.KsqlContext[0]&#xD;
      ksql execute: EXECUTE SQL=CREATE TABLE bar_5m_live  WITH (KAFKA_TOPIC='bar_5m_live', KEY_FORMAT='AVRO', VALUE_FORMAT='AVRO') AS  SELECT BROKER AS ...&#xD;
info: Kafka.Ksql.Linq.KsqlContext[0]&#xD;
      KSQL DDL (derived bar_15m_live): CREATE TABLE bar_15m_live  WITH (KAFKA_TOPIC='bar_15m_live', KEY_FORMAT='AVRO', VALUE_FORMAT='AVRO') AS&#xD;
      SELECT BROKER AS Broker, SYMBOL AS Symbol, WINDOWSTART AS BucketStart, EARLIEST_BY_OFFSET(o.OPEN) AS Open, MAX(o.HIGH) AS High, MIN(o.LOW) AS Low, LATEST_BY_OFFSET(o.KSQLTIMEFRAMECLOSE) AS KsqlTimeFrameClose&#xD;
      FROM bar_1s_final_s o WINDOW TUMBLING (SIZE 15 MINUTES, GRACE PERIOD 4 SECONDS)&#xD;
      GROUP BY BROKER, SYMBOL&#xD;
      EMIT CHANGES;&#xD;
info: Kafka.Ksql.Linq.KsqlContext[0]&#xD;
      ksql execute: EXECUTE SQL=CREATE TABLE bar_15m_live  WITH (KAFKA_TOPIC='bar_15m_live', KEY_FORMAT='AVRO', VALUE_FORMAT='AVRO') AS  SELECT BROKER A...&#xD;
info: Kafka.Ksql.Linq.KsqlContext[0]&#xD;
      KSQL DDL (derived bar_60m_live): CREATE TABLE bar_60m_live  WITH (KAFKA_TOPIC='bar_60m_live', KEY_FORMAT='AVRO', VALUE_FORMAT='AVRO') AS&#xD;
      SELECT BROKER AS Broker, SYMBOL AS Symbol, WINDOWSTART AS BucketStart, EARLIEST_BY_OFFSET(o.OPEN) AS Open, MAX(o.HIGH) AS High, MIN(o.LOW) AS Low, LATEST_BY_OFFSET(o.KSQLTIMEFRAMECLOSE) AS KsqlTimeFrameClose&#xD;
      FROM bar_1s_final_s o WINDOW TUMBLING (SIZE 60 MINUTES, GRACE PERIOD 5 SECONDS)&#xD;
      GROUP BY BROKER, SYMBOL&#xD;
      EMIT CHANGES;&#xD;
info: Kafka.Ksql.Linq.KsqlContext[0]&#xD;
      ksql execute: EXECUTE SQL=CREATE TABLE bar_60m_live  WITH (KAFKA_TOPIC='bar_60m_live', KEY_FORMAT='AVRO', VALUE_FORMAT='AVRO') AS  SELECT BROKER A...&#xD;
info: Kafka.Ksql.Linq.KsqlContext[0]&#xD;
      ksql execute: EXECUTE SQL=SHOW QUERIES;&#xD;
info: Kafka.Ksql.Linq.KsqlContext[0]&#xD;
      SHOW QUERIES output (attempt 1): [{"@type":"queries","statementText":"SHOW QUERIES;","queries":[{"queryString":"CREATE TABLE BAR_15M_LIVE WITH (CLEANUP_POLICY='compact,delete', KAFKA_TOPIC='bar_15m_live', KEY_FORMAT='AVRO', PARTITIONS=1, REPLICAS=1, RETENTION_MS=604800000, VALUE_FORMAT='AVRO') AS SELECT\n  O.BROKER BROKER,\n  O.SYMBOL SYMBOL,\n  WINDOWSTART BUCKETSTART,\n  EARLIEST_BY_OFFSET(O.OPEN) OPEN,\n  MAX(O.HIGH) HIGH,\n  MIN(O.LOW) LOW,\n  LATEST_BY_OFFSET(O.KSQLTIMEFRAMECLOSE) KSQLTIMEFRAMECLOSE\nFROM BAR_1S_FINAL_S O\nWINDOW TUMBLING ( SIZE 15 MINUTES , GRACE PERIOD 4 SECONDS ) \nGROUP BY O.BROKER, O.SYMBOL\nEMIT CHANGES;","sinks":["BAR_15M_LIVE"],"sinkKafkaTopics":["bar_15m_live"],"id":"CTAS_BAR_15M_LIVE_109","statusCount":{"RUNNING":1},"queryType":"PERSISTENT","state":"RUNNING"},{"queryString":"CREATE TABLE BAR_1S_FINAL WITH (CLEANUP_POLICY='compact,delete', KAFKA_TOPIC='bar_1s_final', KEY_FORMAT='AVRO', PARTITIONS=1, REPLICAS=1, RETENTION_MS=604800000, VALUE_FORMAT='AVRO') AS SELECT\n  O.BROKER BROKER,\n  O.SYMBOL SYMBOL,\n  WINDOWSTART BUCKETSTART,\n  EARLIEST_BY_OFFSET(O.BID) OPEN,\n  MAX(O.BID) HIGH,\n  MIN(O.BID) LOW,\n  LATEST_BY_OFFSET(O.BID) KSQLTIMEFRAMECLOSE\nFROM DEDUPRATES O\nWINDOW TUMBLING ( SIZE 1 SECONDS ) \nGROUP BY O.BROKER, O.SYMBOL\nEMIT FINAL;","sinks":["BAR_1S_FINAL"],"sinkKafkaTopics":["bar_1s_final"],"id":"CTAS_BAR_1S_FINAL_97","statusCount":{"RUNNING":1},"queryType":"PERSISTENT","state":"RUNNING"},{"queryString":"CREATE TABLE BAR_60M_LIVE WITH (CLEANUP_POLICY='compact,delete', KAFKA_TOPIC='bar_60m_live', KEY_FORMAT='AVRO', PARTITIONS=1, REPLICAS=1, RETENTION_MS=604800000, VALUE_FORMAT='AVRO') AS SELECT\n  O.BROKER BROKER,\n  O.SYMBOL SYMBOL,\n  WINDOWSTART BUCKETSTART,\n  EARLIEST_BY_OFFSET(O.OPEN) OPEN,\n  MAX(O.HIGH) HIGH,\n  MIN(O.LOW) LOW,\n  LATEST_BY_OFFSET(O.KSQLTIMEFRAMECLOSE) KSQLTIMEFRAMECLOSE\nFROM BAR_1S_FINAL_S O\nWINDOW TUMBLING ( SIZE 60 MINUTES , GRACE PERIOD 5 SECONDS ) \nGROUP BY O.BROKER, O.SYMBOL\nEMIT CHANGES;","sinks":["BAR_60M_LIVE"],"sinkKafkaTopics":["bar_60m_live"],"id":"CTAS_BAR_60M_LIVE_111","statusCount":{"RUNNING":1},"queryType":"PERSISTENT","state":"RUNNING"},{"queryString":"CREATE TABLE BAR_TBIMP_1M_LIVE WITH (CLEANUP_POLICY='compact,delete', KAFKA_TOPIC='bar_tbimp_1m_live', KEY_FORMAT='AVRO', PARTITIONS=1, REPLICAS=1, RETENTION_MS=604800000, VALUE_FORMAT='AVRO') AS SELECT\n  O.BROKER BROKER,\n  O.SYMBOL SYMBOL,\n  WINDOWSTART BUCKETSTART,\n  EARLIEST_BY_OFFSET(O.OPEN) OPEN,\n  MAX(O.HIGH) HIGH,\n  MIN(O.LOW) LOW,\n  LATEST_BY_OFFSET(O.CLOSE) CLOSE\nFROM BAR_TBIMP_1S_FINAL_S O\nWINDOW TUMBLING ( SIZE 1 MINUTES , GRACE PERIOD 2 SECONDS ) \nGROUP BY O.BROKER, O.SYMBOL\nEMIT CHANGES;","sinks":["BAR_TBIMP_1M_LIVE"],"sinkKafkaTopics":["bar_tbimp_1m_live"],"id":"CTAS_BAR_TBIMP_1M_LIVE_89","statusCount":{"RUNNING":1},"queryType":"PERSISTENT","state":"RUNNING"},{"queryString":"CREATE TABLE BAR_5M_LIVE WITH (CLEANUP_POLICY='compact,delete', KAFKA_TOPIC='bar_5m_live', KEY_FORMAT='AVRO', PARTITIONS=1, REPLICAS=1, RETENTION_MS=604800000, VALUE_FORMAT='AVRO') AS SELECT\n  O.BROKER BROKER,\n  O.SYMBOL SYMBOL,\n  WINDOWSTART BUCKETSTART,\n  EARLIEST_BY_OFFSET(O.OPEN) OPEN,\n  MAX(O.HIGH) HIGH,\n  MIN(O.LOW) LOW,\n  LATEST_BY_OFFSET(O.KSQLTIMEFRAMECLOSE) KSQLTIMEFRAMECLOSE\nFROM BAR_1S_FINAL_S O\nWINDOW TUMBLING ( SIZE 5 MINUTES , GRACE PERIOD 3 SECONDS ) \nGROUP BY O.BROKER, O.SYMBOL\nEMIT CHANGES;","sinks":["BAR_5M_LIVE"],"sinkKafkaTopics":["bar_5m_live"],"id":"CTAS_BAR_5M_LIVE_103","statusCount":{"RUNNING":1},"queryType":"PERSISTENT","state":"RUNNING"},{"queryString":"CREATE TABLE BAR_TBIMP_5M_LIVE WITH (CLEANUP_POLICY='compact,delete', KAFKA_TOPIC='bar_tbimp_5m_live', KEY_FORMAT='AVRO', PARTITIONS=1, REPLICAS=1, RETENTION_MS=604800000, VALUE_FORMAT='AVRO') AS SELECT\n  O.BROKER BROKER,\n  O.SYMBOL SYMBOL,\n  WINDOWSTART BUCKETSTART,\n  EARLIEST_BY_OFFSET(O.OPEN) OPEN,\n  MAX(O.HIGH) HIGH,\n  MIN(O.LOW) LOW,\n  LATEST_BY_OFFSET(O.CLOSE) CLOSE\nFROM BAR_TBIMP_1S_FINAL_S O\nWINDOW TUMBLING ( SIZE 5 MINUTES , GRACE PERIOD 3 SECONDS ) \nGROUP BY O.BROKER, O.SYMBOL\nEMIT CHANGES;","sinks":["BAR_TBIMP_5M_LIVE"],"sinkKafkaTopics":["bar_tbimp_5m_live"],"id":"CTAS_BAR_TBIMP_5M_LIVE_91","statusCount":{"RUNNING":1},"queryType":"PERSISTENT","state":"RUNNING"},{"queryString":"CREATE TABLE BAR_1M_LIVE WITH (CLEANUP_POLICY='compact,delete', KAFKA_TOPIC='bar_1m_live', KEY_FORMAT='AVRO', PARTITIONS=1, REPLICAS=1, RETENTION_MS=604800000, VALUE_FORMAT='AVRO') AS SELECT\n  O.BROKER BROKER,\n  O.SYMBOL SYMBOL,\n  WINDOWSTART BUCKETSTART,\n  EARLIEST_BY_OFFSET(O.OPEN) OPEN,\n  MAX(O.HIGH) HIGH,\n  MIN(O.LOW) LOW,\n  LATEST_BY_OFFSET(O.KSQLTIMEFRAMECLOSE) KSQLTIMEFRAMECLOSE\nFROM BAR_1S_FINAL_S O\nWINDOW TUMBLING ( SIZE 1 MINUTES , GRACE PERIOD 2 SECONDS ) \nGROUP BY O.BROKER, O.SYMBOL\nEMIT CHANGES;","sinks":["BAR_1M_LIVE"],"sinkKafkaTopics":["bar_1m_live"],"id":"CTAS_BAR_1M_LIVE_101","statusCount":{"RUNNING":1},"queryType":"PERSISTENT","state":"RUNNING"},{"queryString":"CREATE TABLE BAR_TBIMP_1S_FINAL WITH (CLEANUP_POLICY='compact,delete', KAFKA_TOPIC='bar_tbimp_1s_final', KEY_FORMAT='AVRO', PARTITIONS=1, REPLICAS=1, RETENTION_MS=604800000, VALUE_FORMAT='AVRO') AS SELECT\n  O.BROKER BROKER,\n  O.SYMBOL SYMBOL,\n  WINDOWSTART BUCKETSTART,\n  EARLIEST_BY_OFFSET(O.BID) OPEN,\n  MAX(O.BID) HIGH,\n  MIN(O.BID) LOW,\n  LATEST_BY_OFFSET(O.BID) CLOSE\nFROM TICKS_TBIMP O\nWINDOW TUMBLING ( SIZE 1 SECONDS ) \nGROUP BY O.BROKER, O.SYMBOL\nEMIT FINAL;","sinks":["BAR_TBIMP_1S_FINAL"],"sinkKafkaTopics":["bar_tbimp_1s_final"],"id":"CTAS_BAR_TBIMP_1S_FINAL_85","statusCount":{"RUNNING":1},"queryType":"PERSISTENT","state":"RUNNING"}],"warnings":[]}]&#xD;
warn: Kafka.Ksql.Linq.KsqlContext[0]&#xD;
      SHOW QUERIES attempt 1 did not contain a matching query for bar_1s_final&#xD;
info: Kafka.Ksql.Linq.KsqlContext[0]&#xD;
      ksql execute: EXECUTE SQL=SHOW QUERIES;&#xD;
info: Kafka.Ksql.Linq.KsqlContext[0]&#xD;
      SHOW QUERIES output (attempt 2): [{"@type":"queries","statementText":"SHOW QUERIES;","queries":[{"queryString":"CREATE TABLE BAR_15M_LIVE WITH (CLEANUP_POLICY='compact,delete', KAFKA_TOPIC='bar_15m_live', KEY_FORMAT='AVRO', PARTITIONS=1, REPLICAS=1, RETENTION_MS=604800000, VALUE_FORMAT='AVRO') AS SELECT\n  O.BROKER BROKER,\n  O.SYMBOL SYMBOL,\n  WINDOWSTART BUCKETSTART,\n  EARLIEST_BY_OFFSET(O.OPEN) OPEN,\n  MAX(O.HIGH) HIGH,\n  MIN(O.LOW) LOW,\n  LATEST_BY_OFFSET(O.KSQLTIMEFRAMECLOSE) KSQLTIMEFRAMECLOSE\nFROM BAR_1S_FINAL_S O\nWINDOW TUMBLING ( SIZE 15 MINUTES , GRACE PERIOD 4 SECONDS ) \nGROUP BY O.BROKER, O.SYMBOL\nEMIT CHANGES;","sinks":["BAR_15M_LIVE"],"sinkKafkaTopics":["bar_15m_live"],"id":"CTAS_BAR_15M_LIVE_109","statusCount":{"RUNNING":1},"queryType":"PERSISTENT","state":"RUNNING"},{"queryString":"CREATE TABLE BAR_1S_FINAL WITH (CLEANUP_POLICY='compact,delete', KAFKA_TOPIC='bar_1s_final', KEY_FORMAT='AVRO', PARTITIONS=1, REPLICAS=1, RETENTION_MS=604800000, VALUE_FORMAT='AVRO') AS SELECT\n  O.BROKER BROKER,\n  O.SYMBOL SYMBOL,\n  WINDOWSTART BUCKETSTART,\n  EARLIEST_BY_OFFSET(O.BID) OPEN,\n  MAX(O.BID) HIGH,\n  MIN(O.BID) LOW,\n  LATEST_BY_OFFSET(O.BID) KSQLTIMEFRAMECLOSE\nFROM DEDUPRATES O\nWINDOW TUMBLING ( SIZE 1 SECONDS ) \nGROUP BY O.BROKER, O.SYMBOL\nEMIT FINAL;","sinks":["BAR_1S_FINAL"],"sinkKafkaTopics":["bar_1s_final"],"id":"CTAS_BAR_1S_FINAL_97","statusCount":{"RUNNING":1},"queryType":"PERSISTENT","state":"RUNNING"},{"queryString":"CREATE TABLE BAR_60M_LIVE WITH (CLEANUP_POLICY='compact,delete', KAFKA_TOPIC='bar_60m_live', KEY_FORMAT='AVRO', PARTITIONS=1, REPLICAS=1, RETENTION_MS=604800000, VALUE_FORMAT='AVRO') AS SELECT\n  O.BROKER BROKER,\n  O.SYMBOL SYMBOL,\n  WINDOWSTART BUCKETSTART,\n  EARLIEST_BY_OFFSET(O.OPEN) OPEN,\n  MAX(O.HIGH) HIGH,\n  MIN(O.LOW) LOW,\n  LATEST_BY_OFFSET(O.KSQLTIMEFRAMECLOSE) KSQLTIMEFRAMECLOSE\nFROM BAR_1S_FINAL_S O\nWINDOW TUMBLING ( SIZE 60 MINUTES , GRACE PERIOD 5 SECONDS ) \nGROUP BY O.BROKER, O.SYMBOL\nEMIT CHANGES;","sinks":["BAR_60M_LIVE"],"sinkKafkaTopics":["bar_60m_live"],"id":"CTAS_BAR_60M_LIVE_111","statusCount":{"RUNNING":1},"queryType":"PERSISTENT","state":"RUNNING"},{"queryString":"CREATE TABLE BAR_TBIMP_1M_LIVE WITH (CLEANUP_POLICY='compact,delete', KAFKA_TOPIC='bar_tbimp_1m_live', KEY_FORMAT='AVRO', PARTITIONS=1, REPLICAS=1, RETENTION_MS=604800000, VALUE_FORMAT='AVRO') AS SELECT\n  O.BROKER BROKER,\n  O.SYMBOL SYMBOL,\n  WINDOWSTART BUCKETSTART,\n  EARLIEST_BY_OFFSET(O.OPEN) OPEN,\n  MAX(O.HIGH) HIGH,\n  MIN(O.LOW) LOW,\n  LATEST_BY_OFFSET(O.CLOSE) CLOSE\nFROM BAR_TBIMP_1S_FINAL_S O\nWINDOW TUMBLING ( SIZE 1 MINUTES , GRACE PERIOD 2 SECONDS ) \nGROUP BY O.BROKER, O.SYMBOL\nEMIT CHANGES;","sinks":["BAR_TBIMP_1M_LIVE"],"sinkKafkaTopics":["bar_tbimp_1m_live"],"id":"CTAS_BAR_TBIMP_1M_LIVE_89","statusCount":{"RUNNING":1},"queryType":"PERSISTENT","state":"RUNNING"},{"queryString":"CREATE TABLE BAR_5M_LIVE WITH (CLEANUP_POLICY='compact,delete', KAFKA_TOPIC='bar_5m_live', KEY_FORMAT='AVRO', PARTITIONS=1, REPLICAS=1, RETENTION_MS=604800000, VALUE_FORMAT='AVRO') AS SELECT\n  O.BROKER BROKER,\n  O.SYMBOL SYMBOL,\n  WINDOWSTART BUCKETSTART,\n  EARLIEST_BY_OFFSET(O.OPEN) OPEN,\n  MAX(O.HIGH) HIGH,\n  MIN(O.LOW) LOW,\n  LATEST_BY_OFFSET(O.KSQLTIMEFRAMECLOSE) KSQLTIMEFRAMECLOSE\nFROM BAR_1S_FINAL_S O\nWINDOW TUMBLING ( SIZE 5 MINUTES , GRACE PERIOD 3 SECONDS ) \nGROUP BY O.BROKER, O.SYMBOL\nEMIT CHANGES;","sinks":["BAR_5M_LIVE"],"sinkKafkaTopics":["bar_5m_live"],"id":"CTAS_BAR_5M_LIVE_103","statusCount":{"RUNNING":1},"queryType":"PERSISTENT","state":"RUNNING"},{"queryString":"CREATE TABLE BAR_TBIMP_5M_LIVE WITH (CLEANUP_POLICY='compact,delete', KAFKA_TOPIC='bar_tbimp_5m_live', KEY_FORMAT='AVRO', PARTITIONS=1, REPLICAS=1, RETENTION_MS=604800000, VALUE_FORMAT='AVRO') AS SELECT\n  O.BROKER BROKER,\n  O.SYMBOL SYMBOL,\n  WINDOWSTART BUCKETSTART,\n  EARLIEST_BY_OFFSET(O.OPEN) OPEN,\n  MAX(O.HIGH) HIGH,\n  MIN(O.LOW) LOW,\n  LATEST_BY_OFFSET(O.CLOSE) CLOSE\nFROM BAR_TBIMP_1S_FINAL_S O\nWINDOW TUMBLING ( SIZE 5 MINUTES , GRACE PERIOD 3 SECONDS ) \nGROUP BY O.BROKER, O.SYMBOL\nEMIT CHANGES;","sinks":["BAR_TBIMP_5M_LIVE"],"sinkKafkaTopics":["bar_tbimp_5m_live"],"id":"CTAS_BAR_TBIMP_5M_LIVE_91","statusCount":{"RUNNING":1},"queryType":"PERSISTENT","state":"RUNNING"},{"queryString":"CREATE TABLE BAR_1M_LIVE WITH (CLEANUP_POLICY='compact,delete', KAFKA_TOPIC='bar_1m_live', KEY_FORMAT='AVRO', PARTITIONS=1, REPLICAS=1, RETENTION_MS=604800000, VALUE_FORMAT='AVRO') AS SELECT\n  O.BROKER BROKER,\n  O.SYMBOL SYMBOL,\n  WINDOWSTART BUCKETSTART,\n  EARLIEST_BY_OFFSET(O.OPEN) OPEN,\n  MAX(O.HIGH) HIGH,\n  MIN(O.LOW) LOW,\n  LATEST_BY_OFFSET(O.KSQLTIMEFRAMECLOSE) KSQLTIMEFRAMECLOSE\nFROM BAR_1S_FINAL_S O\nWINDOW TUMBLING ( SIZE 1 MINUTES , GRACE PERIOD 2 SECONDS ) \nGROUP BY O.BROKER, O.SYMBOL\nEMIT CHANGES;","sinks":["BAR_1M_LIVE"],"sinkKafkaTopics":["bar_1m_live"],"id":"CTAS_BAR_1M_LIVE_101","statusCount":{"RUNNING":1},"queryType":"PERSISTENT","state":"RUNNING"},{"queryString":"CREATE TABLE BAR_TBIMP_1S_FINAL WITH (CLEANUP_POLICY='compact,delete', KAFKA_TOPIC='bar_tbimp_1s_final', KEY_FORMAT='AVRO', PARTITIONS=1, REPLICAS=1, RETENTION_MS=604800000, VALUE_FORMAT='AVRO') AS SELECT\n  O.BROKER BROKER,\n  O.SYMBOL SYMBOL,\n  WINDOWSTART BUCKETSTART,\n  EARLIEST_BY_OFFSET(O.BID) OPEN,\n  MAX(O.BID) HIGH,\n  MIN(O.BID) LOW,\n  LATEST_BY_OFFSET(O.BID) CLOSE\nFROM TICKS_TBIMP O\nWINDOW TUMBLING ( SIZE 1 SECONDS ) \nGROUP BY O.BROKER, O.SYMBOL\nEMIT FINAL;","sinks":["BAR_TBIMP_1S_FINAL"],"sinkKafkaTopics":["bar_tbimp_1s_final"],"id":"CTAS_BAR_TBIMP_1S_FINAL_85","statusCount":{"RUNNING":1},"queryType":"PERSISTENT","state":"RUNNING"}],"warnings":[]}]&#xD;
warn: Kafka.Ksql.Linq.KsqlContext[0]&#xD;
      SHOW QUERIES attempt 2 did not contain a matching query for bar_1s_final&#xD;
info: Kafka.Ksql.Linq.KsqlContext[0]&#xD;
      ksql execute: EXECUTE SQL=SHOW QUERIES;&#xD;
info: Kafka.Ksql.Linq.KsqlContext[0]&#xD;
      SHOW QUERIES output (attempt 3): [{"@type":"queries","statementText":"SHOW QUERIES;","queries":[{"queryString":"CREATE TABLE BAR_15M_LIVE WITH (CLEANUP_POLICY='compact,delete', KAFKA_TOPIC='bar_15m_live', KEY_FORMAT='AVRO', PARTITIONS=1, REPLICAS=1, RETENTION_MS=604800000, VALUE_FORMAT='AVRO') AS SELECT\n  O.BROKER BROKER,\n  O.SYMBOL SYMBOL,\n  WINDOWSTART BUCKETSTART,\n  EARLIEST_BY_OFFSET(O.OPEN) OPEN,\n  MAX(O.HIGH) HIGH,\n  MIN(O.LOW) LOW,\n  LATEST_BY_OFFSET(O.KSQLTIMEFRAMECLOSE) KSQLTIMEFRAMECLOSE\nFROM BAR_1S_FINAL_S O\nWINDOW TUMBLING ( SIZE 15 MINUTES , GRACE PERIOD 4 SECONDS ) \nGROUP BY O.BROKER, O.SYMBOL\nEMIT CHANGES;","sinks":["BAR_15M_LIVE"],"sinkKafkaTopics":["bar_15m_live"],"id":"CTAS_BAR_15M_LIVE_109","statusCount":{"RUNNING":1},"queryType":"PERSISTENT","state":"RUNNING"},{"queryString":"CREATE TABLE BAR_1S_FINAL WITH (CLEANUP_POLICY='compact,delete', KAFKA_TOPIC='bar_1s_final', KEY_FORMAT='AVRO', PARTITIONS=1, REPLICAS=1, RETENTION_MS=604800000, VALUE_FORMAT='AVRO') AS SELECT\n  O.BROKER BROKER,\n  O.SYMBOL SYMBOL,\n  WINDOWSTART BUCKETSTART,\n  EARLIEST_BY_OFFSET(O.BID) OPEN,\n  MAX(O.BID) HIGH,\n  MIN(O.BID) LOW,\n  LATEST_BY_OFFSET(O.BID) KSQLTIMEFRAMECLOSE\nFROM DEDUPRATES O\nWINDOW TUMBLING ( SIZE 1 SECONDS ) \nGROUP BY O.BROKER, O.SYMBOL\nEMIT FINAL;","sinks":["BAR_1S_FINAL"],"sinkKafkaTopics":["bar_1s_final"],"id":"CTAS_BAR_1S_FINAL_97","statusCount":{"RUNNING":1},"queryType":"PERSISTENT","state":"RUNNING"},{"queryString":"CREATE TABLE BAR_60M_LIVE WITH (CLEANUP_POLICY='compact,delete', KAFKA_TOPIC='bar_60m_live', KEY_FORMAT='AVRO', PARTITIONS=1, REPLICAS=1, RETENTION_MS=604800000, VALUE_FORMAT='AVRO') AS SELECT\n  O.BROKER BROKER,\n  O.SYMBOL SYMBOL,\n  WINDOWSTART BUCKETSTART,\n  EARLIEST_BY_OFFSET(O.OPEN) OPEN,\n  MAX(O.HIGH) HIGH,\n  MIN(O.LOW) LOW,\n  LATEST_BY_OFFSET(O.KSQLTIMEFRAMECLOSE) KSQLTIMEFRAMECLOSE\nFROM BAR_1S_FINAL_S O\nWINDOW TUMBLING ( SIZE 60 MINUTES , GRACE PERIOD 5 SECONDS ) \nGROUP BY O.BROKER, O.SYMBOL\nEMIT CHANGES;","sinks":["BAR_60M_LIVE"],"sinkKafkaTopics":["bar_60m_live"],"id":"CTAS_BAR_60M_LIVE_111","statusCount":{"RUNNING":1},"queryType":"PERSISTENT","state":"RUNNING"},{"queryString":"CREATE TABLE BAR_TBIMP_1M_LIVE WITH (CLEANUP_POLICY='compact,delete', KAFKA_TOPIC='bar_tbimp_1m_live', KEY_FORMAT='AVRO', PARTITIONS=1, REPLICAS=1, RETENTION_MS=604800000, VALUE_FORMAT='AVRO') AS SELECT\n  O.BROKER BROKER,\n  O.SYMBOL SYMBOL,\n  WINDOWSTART BUCKETSTART,\n  EARLIEST_BY_OFFSET(O.OPEN) OPEN,\n  MAX(O.HIGH) HIGH,\n  MIN(O.LOW) LOW,\n  LATEST_BY_OFFSET(O.CLOSE) CLOSE\nFROM BAR_TBIMP_1S_FINAL_S O\nWINDOW TUMBLING ( SIZE 1 MINUTES , GRACE PERIOD 2 SECONDS ) \nGROUP BY O.BROKER, O.SYMBOL\nEMIT CHANGES;","sinks":["BAR_TBIMP_1M_LIVE"],"sinkKafkaTopics":["bar_tbimp_1m_live"],"id":"CTAS_BAR_TBIMP_1M_LIVE_89","statusCount":{"RUNNING":1},"queryType":"PERSISTENT","state":"RUNNING"},{"queryString":"CREATE TABLE BAR_5M_LIVE WITH (CLEANUP_POLICY='compact,delete', KAFKA_TOPIC='bar_5m_live', KEY_FORMAT='AVRO', PARTITIONS=1, REPLICAS=1, RETENTION_MS=604800000, VALUE_FORMAT='AVRO') AS SELECT\n  O.BROKER BROKER,\n  O.SYMBOL SYMBOL,\n  WINDOWSTART BUCKETSTART,\n  EARLIEST_BY_OFFSET(O.OPEN) OPEN,\n  MAX(O.HIGH) HIGH,\n  MIN(O.LOW) LOW,\n  LATEST_BY_OFFSET(O.KSQLTIMEFRAMECLOSE) KSQLTIMEFRAMECLOSE\nFROM BAR_1S_FINAL_S O\nWINDOW TUMBLING ( SIZE 5 MINUTES , GRACE PERIOD 3 SECONDS ) \nGROUP BY O.BROKER, O.SYMBOL\nEMIT CHANGES;","sinks":["BAR_5M_LIVE"],"sinkKafkaTopics":["bar_5m_live"],"id":"CTAS_BAR_5M_LIVE_103","statusCount":{"RUNNING":1},"queryType":"PERSISTENT","state":"RUNNING"},{"queryString":"CREATE TABLE BAR_TBIMP_5M_LIVE WITH (CLEANUP_POLICY='compact,delete', KAFKA_TOPIC='bar_tbimp_5m_live', KEY_FORMAT='AVRO', PARTITIONS=1, REPLICAS=1, RETENTION_MS=604800000, VALUE_FORMAT='AVRO') AS SELECT\n  O.BROKER BROKER,\n  O.SYMBOL SYMBOL,\n  WINDOWSTART BUCKETSTART,\n  EARLIEST_BY_OFFSET(O.OPEN) OPEN,\n  MAX(O.HIGH) HIGH,\n  MIN(O.LOW) LOW,\n  LATEST_BY_OFFSET(O.CLOSE) CLOSE\nFROM BAR_TBIMP_1S_FINAL_S O\nWINDOW TUMBLING ( SIZE 5 MINUTES , GRACE PERIOD 3 SECONDS ) \nGROUP BY O.BROKER, O.SYMBOL\nEMIT CHANGES;","sinks":["BAR_TBIMP_5M_LIVE"],"sinkKafkaTopics":["bar_tbimp_5m_live"],"id":"CTAS_BAR_TBIMP_5M_LIVE_91","statusCount":{"RUNNING":1},"queryType":"PERSISTENT","state":"RUNNING"},{"queryString":"CREATE TABLE BAR_1M_LIVE WITH (CLEANUP_POLICY='compact,delete', KAFKA_TOPIC='bar_1m_live', KEY_FORMAT='AVRO', PARTITIONS=1, REPLICAS=1, RETENTION_MS=604800000, VALUE_FORMAT='AVRO') AS SELECT\n  O.BROKER BROKER,\n  O.SYMBOL SYMBOL,\n  WINDOWSTART BUCKETSTART,\n  EARLIEST_BY_OFFSET(O.OPEN) OPEN,\n  MAX(O.HIGH) HIGH,\n  MIN(O.LOW) LOW,\n  LATEST_BY_OFFSET(O.KSQLTIMEFRAMECLOSE) KSQLTIMEFRAMECLOSE\nFROM BAR_1S_FINAL_S O\nWINDOW TUMBLING ( SIZE 1 MINUTES , GRACE PERIOD 2 SECONDS ) \nGROUP BY O.BROKER, O.SYMBOL\nEMIT CHANGES;","sinks":["BAR_1M_LIVE"],"sinkKafkaTopics":["bar_1m_live"],"id":"CTAS_BAR_1M_LIVE_101","statusCount":{"RUNNING":1},"queryType":"PERSISTENT","state":"RUNNING"},{"queryString":"CREATE TABLE BAR_TBIMP_1S_FINAL WITH (CLEANUP_POLICY='compact,delete', KAFKA_TOPIC='bar_tbimp_1s_final', KEY_FORMAT='AVRO', PARTITIONS=1, REPLICAS=1, RETENTION_MS=604800000, VALUE_FORMAT='AVRO') AS SELECT\n  O.BROKER BROKER,\n  O.SYMBOL SYMBOL,\n  WINDOWSTART BUCKETSTART,\n  EARLIEST_BY_OFFSET(O.BID) OPEN,\n  MAX(O.BID) HIGH,\n  MIN(O.BID) LOW,\n  LATEST_BY_OFFSET(O.BID) CLOSE\nFROM TICKS_TBIMP O\nWINDOW TUMBLING ( SIZE 1 SECONDS ) \nGROUP BY O.BROKER, O.SYMBOL\nEMIT FINAL;","sinks":["BAR_TBIMP_1S_FINAL"],"sinkKafkaTopics":["bar_tbimp_1s_final"],"id":"CTAS_BAR_TBIMP_1S_FINAL_85","statusCount":{"RUNNING":1},"queryType":"PERSISTENT","state":"RUNNING"}],"warnings":[]}]&#xD;
warn: Kafka.Ksql.Linq.KsqlContext[0]&#xD;
      SHOW QUERIES attempt 3 did not contain a matching query for bar_1s_final&#xD;
info: Kafka.Ksql.Linq.KsqlContext[0]&#xD;
      ksql execute: EXECUTE SQL=SHOW QUERIES;&#xD;
info: Kafka.Ksql.Linq.KsqlContext[0]&#xD;
      SHOW QUERIES output (attempt 4): [{"@type":"queries","statementText":"SHOW QUERIES;","queries":[{"queryString":"CREATE TABLE BAR_15M_LIVE WITH (CLEANUP_POLICY='compact,delete', KAFKA_TOPIC='bar_15m_live', KEY_FORMAT='AVRO', PARTITIONS=1, REPLICAS=1, RETENTION_MS=604800000, VALUE_FORMAT='AVRO') AS SELECT\n  O.BROKER BROKER,\n  O.SYMBOL SYMBOL,\n  WINDOWSTART BUCKETSTART,\n  EARLIEST_BY_OFFSET(O.OPEN) OPEN,\n  MAX(O.HIGH) HIGH,\n  MIN(O.LOW) LOW,\n  LATEST_BY_OFFSET(O.KSQLTIMEFRAMECLOSE) KSQLTIMEFRAMECLOSE\nFROM BAR_1S_FINAL_S O\nWINDOW TUMBLING ( SIZE 15 MINUTES , GRACE PERIOD 4 SECONDS ) \nGROUP BY O.BROKER, O.SYMBOL\nEMIT CHANGES;","sinks":["BAR_15M_LIVE"],"sinkKafkaTopics":["bar_15m_live"],"id":"CTAS_BAR_15M_LIVE_109","statusCount":{"RUNNING":1},"queryType":"PERSISTENT","state":"RUNNING"},{"queryString":"CREATE TABLE BAR_1S_FINAL WITH (CLEANUP_POLICY='compact,delete', KAFKA_TOPIC='bar_1s_final', KEY_FORMAT='AVRO', PARTITIONS=1, REPLICAS=1, RETENTION_MS=604800000, VALUE_FORMAT='AVRO') AS SELECT\n  O.BROKER BROKER,\n  O.SYMBOL SYMBOL,\n  WINDOWSTART BUCKETSTART,\n  EARLIEST_BY_OFFSET(O.BID) OPEN,\n  MAX(O.BID) HIGH,\n  MIN(O.BID) LOW,\n  LATEST_BY_OFFSET(O.BID) KSQLTIMEFRAMECLOSE\nFROM DEDUPRATES O\nWINDOW TUMBLING ( SIZE 1 SECONDS ) \nGROUP BY O.BROKER, O.SYMBOL\nEMIT FINAL;","sinks":["BAR_1S_FINAL"],"sinkKafkaTopics":["bar_1s_final"],"id":"CTAS_BAR_1S_FINAL_97","statusCount":{"RUNNING":1},"queryType":"PERSISTENT","state":"RUNNING"},{"queryString":"CREATE TABLE BAR_60M_LIVE WITH (CLEANUP_POLICY='compact,delete', KAFKA_TOPIC='bar_60m_live', KEY_FORMAT='AVRO', PARTITIONS=1, REPLICAS=1, RETENTION_MS=604800000, VALUE_FORMAT='AVRO') AS SELECT\n  O.BROKER BROKER,\n  O.SYMBOL SYMBOL,\n  WINDOWSTART BUCKETSTART,\n  EARLIEST_BY_OFFSET(O.OPEN) OPEN,\n  MAX(O.HIGH) HIGH,\n  MIN(O.LOW) LOW,\n  LATEST_BY_OFFSET(O.KSQLTIMEFRAMECLOSE) KSQLTIMEFRAMECLOSE\nFROM BAR_1S_FINAL_S O\nWINDOW TUMBLING ( SIZE 60 MINUTES , GRACE PERIOD 5 SECONDS ) \nGROUP BY O.BROKER, O.SYMBOL\nEMIT CHANGES;","sinks":["BAR_60M_LIVE"],"sinkKafkaTopics":["bar_60m_live"],"id":"CTAS_BAR_60M_LIVE_111","statusCount":{"RUNNING":1},"queryType":"PERSISTENT","state":"RUNNING"},{"queryString":"CREATE TABLE BAR_TBIMP_1M_LIVE WITH (CLEANUP_POLICY='compact,delete', KAFKA_TOPIC='bar_tbimp_1m_live', KEY_FORMAT='AVRO', PARTITIONS=1, REPLICAS=1, RETENTION_MS=604800000, VALUE_FORMAT='AVRO') AS SELECT\n  O.BROKER BROKER,\n  O.SYMBOL SYMBOL,\n  WINDOWSTART BUCKETSTART,\n  EARLIEST_BY_OFFSET(O.OPEN) OPEN,\n  MAX(O.HIGH) HIGH,\n  MIN(O.LOW) LOW,\n  LATEST_BY_OFFSET(O.CLOSE) CLOSE\nFROM BAR_TBIMP_1S_FINAL_S O\nWINDOW TUMBLING ( SIZE 1 MINUTES , GRACE PERIOD 2 SECONDS ) \nGROUP BY O.BROKER, O.SYMBOL\nEMIT CHANGES;","sinks":["BAR_TBIMP_1M_LIVE"],"sinkKafkaTopics":["bar_tbimp_1m_live"],"id":"CTAS_BAR_TBIMP_1M_LIVE_89","statusCount":{"RUNNING":1},"queryType":"PERSISTENT","state":"RUNNING"},{"queryString":"CREATE TABLE BAR_5M_LIVE WITH (CLEANUP_POLICY='compact,delete', KAFKA_TOPIC='bar_5m_live', KEY_FORMAT='AVRO', PARTITIONS=1, REPLICAS=1, RETENTION_MS=604800000, VALUE_FORMAT='AVRO') AS SELECT\n  O.BROKER BROKER,\n  O.SYMBOL SYMBOL,\n  WINDOWSTART BUCKETSTART,\n  EARLIEST_BY_OFFSET(O.OPEN) OPEN,\n  MAX(O.HIGH) HIGH,\n  MIN(O.LOW) LOW,\n  LATEST_BY_OFFSET(O.KSQLTIMEFRAMECLOSE) KSQLTIMEFRAMECLOSE\nFROM BAR_1S_FINAL_S O\nWINDOW TUMBLING ( SIZE 5 MINUTES , GRACE PERIOD 3 SECONDS ) \nGROUP BY O.BROKER, O.SYMBOL\nEMIT CHANGES;","sinks":["BAR_5M_LIVE"],"sinkKafkaTopics":["bar_5m_live"],"id":"CTAS_BAR_5M_LIVE_103","statusCount":{"RUNNING":1},"queryType":"PERSISTENT","state":"RUNNING"},{"queryString":"CREATE TABLE BAR_TBIMP_5M_LIVE WITH (CLEANUP_POLICY='compact,delete', KAFKA_TOPIC='bar_tbimp_5m_live', KEY_FORMAT='AVRO', PARTITIONS=1, REPLICAS=1, RETENTION_MS=604800000, VALUE_FORMAT='AVRO') AS SELECT\n  O.BROKER BROKER,\n  O.SYMBOL SYMBOL,\n  WINDOWSTART BUCKETSTART,\n  EARLIEST_BY_OFFSET(O.OPEN) OPEN,\n  MAX(O.HIGH) HIGH,\n  MIN(O.LOW) LOW,\n  LATEST_BY_OFFSET(O.CLOSE) CLOSE\nFROM BAR_TBIMP_1S_FINAL_S O\nWINDOW TUMBLING ( SIZE 5 MINUTES , GRACE PERIOD 3 SECONDS ) \nGROUP BY O.BROKER, O.SYMBOL\nEMIT CHANGES;","sinks":["BAR_TBIMP_5M_LIVE"],"sinkKafkaTopics":["bar_tbimp_5m_live"],"id":"CTAS_BAR_TBIMP_5M_LIVE_91","statusCount":{"RUNNING":1},"queryType":"PERSISTENT","state":"RUNNING"},{"queryString":"CREATE TABLE BAR_1M_LIVE WITH (CLEANUP_POLICY='compact,delete', KAFKA_TOPIC='bar_1m_live', KEY_FORMAT='AVRO', PARTITIONS=1, REPLICAS=1, RETENTION_MS=604800000, VALUE_FORMAT='AVRO') AS SELECT\n  O.BROKER BROKER,\n  O.SYMBOL SYMBOL,\n  WINDOWSTART BUCKETSTART,\n  EARLIEST_BY_OFFSET(O.OPEN) OPEN,\n  MAX(O.HIGH) HIGH,\n  MIN(O.LOW) LOW,\n  LATEST_BY_OFFSET(O.KSQLTIMEFRAMECLOSE) KSQLTIMEFRAMECLOSE\nFROM BAR_1S_FINAL_S O\nWINDOW TUMBLING ( SIZE 1 MINUTES , GRACE PERIOD 2 SECONDS ) \nGROUP BY O.BROKER, O.SYMBOL\nEMIT CHANGES;","sinks":["BAR_1M_LIVE"],"sinkKafkaTopics":["bar_1m_live"],"id":"CTAS_BAR_1M_LIVE_101","statusCount":{"RUNNING":1},"queryType":"PERSISTENT","state":"RUNNING"},{"queryString":"CREATE TABLE BAR_TBIMP_1S_FINAL WITH (CLEANUP_POLICY='compact,delete', KAFKA_TOPIC='bar_tbimp_1s_final', KEY_FORMAT='AVRO', PARTITIONS=1, REPLICAS=1, RETENTION_MS=604800000, VALUE_FORMAT='AVRO') AS SELECT\n  O.BROKER BROKER,\n  O.SYMBOL SYMBOL,\n  WINDOWSTART BUCKETSTART,\n  EARLIEST_BY_OFFSET(O.BID) OPEN,\n  MAX(O.BID) HIGH,\n  MIN(O.BID) LOW,\n  LATEST_BY_OFFSET(O.BID) CLOSE\nFROM TICKS_TBIMP O\nWINDOW TUMBLING ( SIZE 1 SECONDS ) \nGROUP BY O.BROKER, O.SYMBOL\nEMIT FINAL;","sinks":["BAR_TBIMP_1S_FINAL"],"sinkKafkaTopics":["bar_tbimp_1s_final"],"id":"CTAS_BAR_TBIMP_1S_FINAL_85","statusCount":{"RUNNING":1},"queryType":"PERSISTENT","state":"RUNNING"}],"warnings":[]}]&#xD;
warn: Kafka.Ksql.Linq.KsqlContext[0]&#xD;
      SHOW QUERIES attempt 4 did not contain a matching query for bar_1s_final&#xD;
info: Kafka.Ksql.Linq.KsqlContext[0]&#xD;
      ksql execute: EXECUTE SQL=SHOW QUERIES;&#xD;
info: Kafka.Ksql.Linq.KsqlContext[0]&#xD;
      SHOW QUERIES output (attempt 5): [{"@type":"queries","statementText":"SHOW QUERIES;","queries":[{"queryString":"CREATE TABLE BAR_15M_LIVE WITH (CLEANUP_POLICY='compact,delete', KAFKA_TOPIC='bar_15m_live', KEY_FORMAT='AVRO', PARTITIONS=1, REPLICAS=1, RETENTION_MS=604800000, VALUE_FORMAT='AVRO') AS SELECT\n  O.BROKER BROKER,\n  O.SYMBOL SYMBOL,\n  WINDOWSTART BUCKETSTART,\n  EARLIEST_BY_OFFSET(O.OPEN) OPEN,\n  MAX(O.HIGH) HIGH,\n  MIN(O.LOW) LOW,\n  LATEST_BY_OFFSET(O.KSQLTIMEFRAMECLOSE) KSQLTIMEFRAMECLOSE\nFROM BAR_1S_FINAL_S O\nWINDOW TUMBLING ( SIZE 15 MINUTES , GRACE PERIOD 4 SECONDS ) \nGROUP BY O.BROKER, O.SYMBOL\nEMIT CHANGES;","sinks":["BAR_15M_LIVE"],"sinkKafkaTopics":["bar_15m_live"],"id":"CTAS_BAR_15M_LIVE_109","statusCount":{"RUNNING":1},"queryType":"PERSISTENT","state":"RUNNING"},{"queryString":"CREATE TABLE BAR_1S_FINAL WITH (CLEANUP_POLICY='compact,delete', KAFKA_TOPIC='bar_1s_final', KEY_FORMAT='AVRO', PARTITIONS=1, REPLICAS=1, RETENTION_MS=604800000, VALUE_FORMAT='AVRO') AS SELECT\n  O.BROKER BROKER,\n  O.SYMBOL SYMBOL,\n  WINDOWSTART BUCKETSTART,\n  EARLIEST_BY_OFFSET(O.BID) OPEN,\n  MAX(O.BID) HIGH,\n  MIN(O.BID) LOW,\n  LATEST_BY_OFFSET(O.BID) KSQLTIMEFRAMECLOSE\nFROM DEDUPRATES O\nWINDOW TUMBLING ( SIZE 1 SECONDS ) \nGROUP BY O.BROKER, O.SYMBOL\nEMIT FINAL;","sinks":["BAR_1S_FINAL"],"sinkKafkaTopics":["bar_1s_final"],"id":"CTAS_BAR_1S_FINAL_97","statusCount":{"RUNNING":1},"queryType":"PERSISTENT","state":"RUNNING"},{"queryString":"CREATE TABLE BAR_60M_LIVE WITH (CLEANUP_POLICY='compact,delete', KAFKA_TOPIC='bar_60m_live', KEY_FORMAT='AVRO', PARTITIONS=1, REPLICAS=1, RETENTION_MS=604800000, VALUE_FORMAT='AVRO') AS SELECT\n  O.BROKER BROKER,\n  O.SYMBOL SYMBOL,\n  WINDOWSTART BUCKETSTART,\n  EARLIEST_BY_OFFSET(O.OPEN) OPEN,\n  MAX(O.HIGH) HIGH,\n  MIN(O.LOW) LOW,\n  LATEST_BY_OFFSET(O.KSQLTIMEFRAMECLOSE) KSQLTIMEFRAMECLOSE\nFROM BAR_1S_FINAL_S O\nWINDOW TUMBLING ( SIZE 60 MINUTES , GRACE PERIOD 5 SECONDS ) \nGROUP BY O.BROKER, O.SYMBOL\nEMIT CHANGES;","sinks":["BAR_60M_LIVE"],"sinkKafkaTopics":["bar_60m_live"],"id":"CTAS_BAR_60M_LIVE_111","statusCount":{"RUNNING":1},"queryType":"PERSISTENT","state":"RUNNING"},{"queryString":"CREATE TABLE BAR_TBIMP_1M_LIVE WITH (CLEANUP_POLICY='compact,delete', KAFKA_TOPIC='bar_tbimp_1m_live', KEY_FORMAT='AVRO', PARTITIONS=1, REPLICAS=1, RETENTION_MS=604800000, VALUE_FORMAT='AVRO') AS SELECT\n  O.BROKER BROKER,\n  O.SYMBOL SYMBOL,\n  WINDOWSTART BUCKETSTART,\n  EARLIEST_BY_OFFSET(O.OPEN) OPEN,\n  MAX(O.HIGH) HIGH,\n  MIN(O.LOW) LOW,\n  LATEST_BY_OFFSET(O.CLOSE) CLOSE\nFROM BAR_TBIMP_1S_FINAL_S O\nWINDOW TUMBLING ( SIZE 1 MINUTES , GRACE PERIOD 2 SECONDS ) \nGROUP BY O.BROKER, O.SYMBOL\nEMIT CHANGES;","sinks":["BAR_TBIMP_1M_LIVE"],"sinkKafkaTopics":["bar_tbimp_1m_live"],"id":"CTAS_BAR_TBIMP_1M_LIVE_89","statusCount":{"RUNNING":1},"queryType":"PERSISTENT","state":"RUNNING"},{"queryString":"CREATE TABLE BAR_5M_LIVE WITH (CLEANUP_POLICY='compact,delete', KAFKA_TOPIC='bar_5m_live', KEY_FORMAT='AVRO', PARTITIONS=1, REPLICAS=1, RETENTION_MS=604800000, VALUE_FORMAT='AVRO') AS SELECT\n  O.BROKER BROKER,\n  O.SYMBOL SYMBOL,\n  WINDOWSTART BUCKETSTART,\n  EARLIEST_BY_OFFSET(O.OPEN) OPEN,\n  MAX(O.HIGH) HIGH,\n  MIN(O.LOW) LOW,\n  LATEST_BY_OFFSET(O.KSQLTIMEFRAMECLOSE) KSQLTIMEFRAMECLOSE\nFROM BAR_1S_FINAL_S O\nWINDOW TUMBLING ( SIZE 5 MINUTES , GRACE PERIOD 3 SECONDS ) \nGROUP BY O.BROKER, O.SYMBOL\nEMIT CHANGES;","sinks":["BAR_5M_LIVE"],"sinkKafkaTopics":["bar_5m_live"],"id":"CTAS_BAR_5M_LIVE_103","statusCount":{"RUNNING":1},"queryType":"PERSISTENT","state":"RUNNING"},{"queryString":"CREATE TABLE BAR_TBIMP_5M_LIVE WITH (CLEANUP_POLICY='compact,delete', KAFKA_TOPIC='bar_tbimp_5m_live', KEY_FORMAT='AVRO', PARTITIONS=1, REPLICAS=1, RETENTION_MS=604800000, VALUE_FORMAT='AVRO') AS SELECT\n  O.BROKER BROKER,\n  O.SYMBOL SYMBOL,\n  WINDOWSTART BUCKETSTART,\n  EARLIEST_BY_OFFSET(O.OPEN) OPEN,\n  MAX(O.HIGH) HIGH,\n  MIN(O.LOW) LOW,\n  LATEST_BY_OFFSET(O.CLOSE) CLOSE\nFROM BAR_TBIMP_1S_FINAL_S O\nWINDOW TUMBLING ( SIZE 5 MINUTES , GRACE PERIOD 3 SECONDS ) \nGROUP BY O.BROKER, O.SYMBOL\nEMIT CHANGES;","sinks":["BAR_TBIMP_5M_LIVE"],"sinkKafkaTopics":["bar_tbimp_5m_live"],"id":"CTAS_BAR_TBIMP_5M_LIVE_91","statusCount":{"RUNNING":1},"queryType":"PERSISTENT","state":"RUNNING"},{"queryString":"CREATE TABLE BAR_1M_LIVE WITH (CLEANUP_POLICY='compact,delete', KAFKA_TOPIC='bar_1m_live', KEY_FORMAT='AVRO', PARTITIONS=1, REPLICAS=1, RETENTION_MS=604800000, VALUE_FORMAT='AVRO') AS SELECT\n  O.BROKER BROKER,\n  O.SYMBOL SYMBOL,\n  WINDOWSTART BUCKETSTART,\n  EARLIEST_BY_OFFSET(O.OPEN) OPEN,\n  MAX(O.HIGH) HIGH,\n  MIN(O.LOW) LOW,\n  LATEST_BY_OFFSET(O.KSQLTIMEFRAMECLOSE) KSQLTIMEFRAMECLOSE\nFROM BAR_1S_FINAL_S O\nWINDOW TUMBLING ( SIZE 1 MINUTES , GRACE PERIOD 2 SECONDS ) \nGROUP BY O.BROKER, O.SYMBOL\nEMIT CHANGES;","sinks":["BAR_1M_LIVE"],"sinkKafkaTopics":["bar_1m_live"],"id":"CTAS_BAR_1M_LIVE_101","statusCount":{"RUNNING":1},"queryType":"PERSISTENT","state":"RUNNING"},{"queryString":"CREATE TABLE BAR_TBIMP_1S_FINAL WITH (CLEANUP_POLICY='compact,delete', KAFKA_TOPIC='bar_tbimp_1s_final', KEY_FORMAT='AVRO', PARTITIONS=1, REPLICAS=1, RETENTION_MS=604800000, VALUE_FORMAT='AVRO') AS SELECT\n  O.BROKER BROKER,\n  O.SYMBOL SYMBOL,\n  WINDOWSTART BUCKETSTART,\n  EARLIEST_BY_OFFSET(O.BID) OPEN,\n  MAX(O.BID) HIGH,\n  MIN(O.BID) LOW,\n  LATEST_BY_OFFSET(O.BID) CLOSE\nFROM TICKS_TBIMP O\nWINDOW TUMBLING ( SIZE 1 SECONDS ) \nGROUP BY O.BROKER, O.SYMBOL\nEMIT FINAL;","sinks":["BAR_TBIMP_1S_FINAL"],"sinkKafkaTopics":["bar_tbimp_1s_final"],"id":"CTAS_BAR_TBIMP_1S_FINAL_85","statusCount":{"RUNNING":1},"queryType":"PERSISTENT","state":"RUNNING"}],"warnings":[]}]&#xD;
warn: Kafka.Ksql.Linq.KsqlContext[0]&#xD;
      SHOW QUERIES attempt 5 did not contain a matching query for bar_1s_final&#xD;
warn: Kafka.Ksql.Linq.KsqlContext[0]&#xD;
      Unable to locate queryId for bar_1s_final after 5 attempts&#xD;
warn: Kafka.Ksql.Linq.KsqlContext[0]&#xD;
      Could not locate queryId via SHOW QUERIES for derived statement targeting bar_1s_final: CREATE TABLE bar_1s_final  WITH (KAFKA_TOPIC='bar_1s_final', KEY_FORMAT='AVRO', VALUE_FORMAT='AVRO') AS&#xD;
      SELECT BROKER AS Broker, SYMBOL AS Symbol, WINDOWSTART AS BucketStart, EARLIEST_BY_OFFSET(Bid) AS Open, MAX(Bid) AS High, MIN(Bid) AS Low, LATEST_BY_OFFSET(Bid) AS KsqlTimeFrameClose&#xD;
      FROM DEDUPRATES o WINDOW TUMBLING (SIZE 1 SECONDS)&#xD;
      GROUP BY BROKER, SYMBOL&#xD;
      EMIT FINAL;&#xD;
info: Kafka.Ksql.Linq.KsqlContext[0]&#xD;
      ksql execute: EXECUTE SQL=SHOW QUERIES;&#xD;
info: Kafka.Ksql.Linq.KsqlContext[0]&#xD;
      SHOW QUERIES output (attempt 1): [{"@type":"queries","statementText":"SHOW QUERIES;","queries":[{"queryString":"CREATE TABLE BAR_15M_LIVE WITH (CLEANUP_POLICY='compact,delete', KAFKA_TOPIC='bar_15m_live', KEY_FORMAT='AVRO', PARTITIONS=1, REPLICAS=1, RETENTION_MS=604800000, VALUE_FORMAT='AVRO') AS SELECT\n  O.BROKER BROKER,\n  O.SYMBOL SYMBOL,\n  WINDOWSTART BUCKETSTART,\n  EARLIEST_BY_OFFSET(O.OPEN) OPEN,\n  MAX(O.HIGH) HIGH,\n  MIN(O.LOW) LOW,\n  LATEST_BY_OFFSET(O.KSQLTIMEFRAMECLOSE) KSQLTIMEFRAMECLOSE\nFROM BAR_1S_FINAL_S O\nWINDOW TUMBLING ( SIZE 15 MINUTES , GRACE PERIOD 4 SECONDS ) \nGROUP BY O.BROKER, O.SYMBOL\nEMIT CHANGES;","sinks":["BAR_15M_LIVE"],"sinkKafkaTopics":["bar_15m_live"],"id":"CTAS_BAR_15M_LIVE_109","statusCount":{"RUNNING":1},"queryType":"PERSISTENT","state":"RUNNING"},{"queryString":"CREATE TABLE BAR_1S_FINAL WITH (CLEANUP_POLICY='compact,delete', KAFKA_TOPIC='bar_1s_final', KEY_FORMAT='AVRO', PARTITIONS=1, REPLICAS=1, RETENTION_MS=604800000, VALUE_FORMAT='AVRO') AS SELECT\n  O.BROKER BROKER,\n  O.SYMBOL SYMBOL,\n  WINDOWSTART BUCKETSTART,\n  EARLIEST_BY_OFFSET(O.BID) OPEN,\n  MAX(O.BID) HIGH,\n  MIN(O.BID) LOW,\n  LATEST_BY_OFFSET(O.BID) KSQLTIMEFRAMECLOSE\nFROM DEDUPRATES O\nWINDOW TUMBLING ( SIZE 1 SECONDS ) \nGROUP BY O.BROKER, O.SYMBOL\nEMIT FINAL;","sinks":["BAR_1S_FINAL"],"sinkKafkaTopics":["bar_1s_final"],"id":"CTAS_BAR_1S_FINAL_97","statusCount":{"RUNNING":1},"queryType":"PERSISTENT","state":"RUNNING"},{"queryString":"CREATE TABLE BAR_60M_LIVE WITH (CLEANUP_POLICY='compact,delete', KAFKA_TOPIC='bar_60m_live', KEY_FORMAT='AVRO', PARTITIONS=1, REPLICAS=1, RETENTION_MS=604800000, VALUE_FORMAT='AVRO') AS SELECT\n  O.BROKER BROKER,\n  O.SYMBOL SYMBOL,\n  WINDOWSTART BUCKETSTART,\n  EARLIEST_BY_OFFSET(O.OPEN) OPEN,\n  MAX(O.HIGH) HIGH,\n  MIN(O.LOW) LOW,\n  LATEST_BY_OFFSET(O.KSQLTIMEFRAMECLOSE) KSQLTIMEFRAMECLOSE\nFROM BAR_1S_FINAL_S O\nWINDOW TUMBLING ( SIZE 60 MINUTES , GRACE PERIOD 5 SECONDS ) \nGROUP BY O.BROKER, O.SYMBOL\nEMIT CHANGES;","sinks":["BAR_60M_LIVE"],"sinkKafkaTopics":["bar_60m_live"],"id":"CTAS_BAR_60M_LIVE_111","statusCount":{"RUNNING":1},"queryType":"PERSISTENT","state":"RUNNING"},{"queryString":"CREATE TABLE BAR_TBIMP_1M_LIVE WITH (CLEANUP_POLICY='compact,delete', KAFKA_TOPIC='bar_tbimp_1m_live', KEY_FORMAT='AVRO', PARTITIONS=1, REPLICAS=1, RETENTION_MS=604800000, VALUE_FORMAT='AVRO') AS SELECT\n  O.BROKER BROKER,\n  O.SYMBOL SYMBOL,\n  WINDOWSTART BUCKETSTART,\n  EARLIEST_BY_OFFSET(O.OPEN) OPEN,\n  MAX(O.HIGH) HIGH,\n  MIN(O.LOW) LOW,\n  LATEST_BY_OFFSET(O.CLOSE) CLOSE\nFROM BAR_TBIMP_1S_FINAL_S O\nWINDOW TUMBLING ( SIZE 1 MINUTES , GRACE PERIOD 2 SECONDS ) \nGROUP BY O.BROKER, O.SYMBOL\nEMIT CHANGES;","sinks":["BAR_TBIMP_1M_LIVE"],"sinkKafkaTopics":["bar_tbimp_1m_live"],"id":"CTAS_BAR_TBIMP_1M_LIVE_89","statusCount":{"RUNNING":1},"queryType":"PERSISTENT","state":"RUNNING"},{"queryString":"CREATE TABLE BAR_5M_LIVE WITH (CLEANUP_POLICY='compact,delete', KAFKA_TOPIC='bar_5m_live', KEY_FORMAT='AVRO', PARTITIONS=1, REPLICAS=1, RETENTION_MS=604800000, VALUE_FORMAT='AVRO') AS SELECT\n  O.BROKER BROKER,\n  O.SYMBOL SYMBOL,\n  WINDOWSTART BUCKETSTART,\n  EARLIEST_BY_OFFSET(O.OPEN) OPEN,\n  MAX(O.HIGH) HIGH,\n  MIN(O.LOW) LOW,\n  LATEST_BY_OFFSET(O.KSQLTIMEFRAMECLOSE) KSQLTIMEFRAMECLOSE\nFROM BAR_1S_FINAL_S O\nWINDOW TUMBLING ( SIZE 5 MINUTES , GRACE PERIOD 3 SECONDS ) \nGROUP BY O.BROKER, O.SYMBOL\nEMIT CHANGES;","sinks":["BAR_5M_LIVE"],"sinkKafkaTopics":["bar_5m_live"],"id":"CTAS_BAR_5M_LIVE_103","statusCount":{"RUNNING":1},"queryType":"PERSISTENT","state":"RUNNING"},{"queryString":"CREATE TABLE BAR_TBIMP_5M_LIVE WITH (CLEANUP_POLICY='compact,delete', KAFKA_TOPIC='bar_tbimp_5m_live', KEY_FORMAT='AVRO', PARTITIONS=1, REPLICAS=1, RETENTION_MS=604800000, VALUE_FORMAT='AVRO') AS SELECT\n  O.BROKER BROKER,\n  O.SYMBOL SYMBOL,\n  WINDOWSTART BUCKETSTART,\n  EARLIEST_BY_OFFSET(O.OPEN) OPEN,\n  MAX(O.HIGH) HIGH,\n  MIN(O.LOW) LOW,\n  LATEST_BY_OFFSET(O.CLOSE) CLOSE\nFROM BAR_TBIMP_1S_FINAL_S O\nWINDOW TUMBLING ( SIZE 5 MINUTES , GRACE PERIOD 3 SECONDS ) \nGROUP BY O.BROKER, O.SYMBOL\nEMIT CHANGES;","sinks":["BAR_TBIMP_5M_LIVE"],"sinkKafkaTopics":["bar_tbimp_5m_live"],"id":"CTAS_BAR_TBIMP_5M_LIVE_91","statusCount":{"RUNNING":1},"queryType":"PERSISTENT","state":"RUNNING"},{"queryString":"CREATE TABLE BAR_1M_LIVE WITH (CLEANUP_POLICY='compact,delete', KAFKA_TOPIC='bar_1m_live', KEY_FORMAT='AVRO', PARTITIONS=1, REPLICAS=1, RETENTION_MS=604800000, VALUE_FORMAT='AVRO') AS SELECT\n  O.BROKER BROKER,\n  O.SYMBOL SYMBOL,\n  WINDOWSTART BUCKETSTART,\n  EARLIEST_BY_OFFSET(O.OPEN) OPEN,\n  MAX(O.HIGH) HIGH,\n  MIN(O.LOW) LOW,\n  LATEST_BY_OFFSET(O.KSQLTIMEFRAMECLOSE) KSQLTIMEFRAMECLOSE\nFROM BAR_1S_FINAL_S O\nWINDOW TUMBLING ( SIZE 1 MINUTES , GRACE PERIOD 2 SECONDS ) \nGROUP BY O.BROKER, O.SYMBOL\nEMIT CHANGES;","sinks":["BAR_1M_LIVE"],"sinkKafkaTopics":["bar_1m_live"],"id":"CTAS_BAR_1M_LIVE_101","statusCount":{"RUNNING":1},"queryType":"PERSISTENT","state":"RUNNING"},{"queryString":"CREATE TABLE BAR_TBIMP_1S_FINAL WITH (CLEANUP_POLICY='compact,delete', KAFKA_TOPIC='bar_tbimp_1s_final', KEY_FORMAT='AVRO', PARTITIONS=1, REPLICAS=1, RETENTION_MS=604800000, VALUE_FORMAT='AVRO') AS SELECT\n  O.BROKER BROKER,\n  O.SYMBOL SYMBOL,\n  WINDOWSTART BUCKETSTART,\n  EARLIEST_BY_OFFSET(O.BID) OPEN,\n  MAX(O.BID) HIGH,\n  MIN(O.BID) LOW,\n  LATEST_BY_OFFSET(O.BID) CLOSE\nFROM TICKS_TBIMP O\nWINDOW TUMBLING ( SIZE 1 SECONDS ) \nGROUP BY O.BROKER, O.SYMBOL\nEMIT FINAL;","sinks":["BAR_TBIMP_1S_FINAL"],"sinkKafkaTopics":["bar_tbimp_1s_final"],"id":"CTAS_BAR_TBIMP_1S_FINAL_85","statusCount":{"RUNNING":1},"queryType":"PERSISTENT","state":"RUNNING"}],"warnings":[]}]&#xD;
warn: Kafka.Ksql.Linq.KsqlContext[0]&#xD;
      SHOW QUERIES attempt 1 did not contain a matching query for bar_1m_live&#xD;
info: Kafka.Ksql.Linq.KsqlContext[0]&#xD;
      ksql execute: EXECUTE SQL=SHOW QUERIES;&#xD;
info: Kafka.Ksql.Linq.KsqlContext[0]&#xD;
      SHOW QUERIES output (attempt 2): [{"@type":"queries","statementText":"SHOW QUERIES;","queries":[{"queryString":"CREATE TABLE BAR_15M_LIVE WITH (CLEANUP_POLICY='compact,delete', KAFKA_TOPIC='bar_15m_live', KEY_FORMAT='AVRO', PARTITIONS=1, REPLICAS=1, RETENTION_MS=604800000, VALUE_FORMAT='AVRO') AS SELECT\n  O.BROKER BROKER,\n  O.SYMBOL SYMBOL,\n  WINDOWSTART BUCKETSTART,\n  EARLIEST_BY_OFFSET(O.OPEN) OPEN,\n  MAX(O.HIGH) HIGH,\n  MIN(O.LOW) LOW,\n  LATEST_BY_OFFSET(O.KSQLTIMEFRAMECLOSE) KSQLTIMEFRAMECLOSE\nFROM BAR_1S_FINAL_S O\nWINDOW TUMBLING ( SIZE 15 MINUTES , GRACE PERIOD 4 SECONDS ) \nGROUP BY O.BROKER, O.SYMBOL\nEMIT CHANGES;","sinks":["BAR_15M_LIVE"],"sinkKafkaTopics":["bar_15m_live"],"id":"CTAS_BAR_15M_LIVE_109","statusCount":{"RUNNING":1},"queryType":"PERSISTENT","state":"RUNNING"},{"queryString":"CREATE TABLE BAR_1S_FINAL WITH (CLEANUP_POLICY='compact,delete', KAFKA_TOPIC='bar_1s_final', KEY_FORMAT='AVRO', PARTITIONS=1, REPLICAS=1, RETENTION_MS=604800000, VALUE_FORMAT='AVRO') AS SELECT\n  O.BROKER BROKER,\n  O.SYMBOL SYMBOL,\n  WINDOWSTART BUCKETSTART,\n  EARLIEST_BY_OFFSET(O.BID) OPEN,\n  MAX(O.BID) HIGH,\n  MIN(O.BID) LOW,\n  LATEST_BY_OFFSET(O.BID) KSQLTIMEFRAMECLOSE\nFROM DEDUPRATES O\nWINDOW TUMBLING ( SIZE 1 SECONDS ) \nGROUP BY O.BROKER, O.SYMBOL\nEMIT FINAL;","sinks":["BAR_1S_FINAL"],"sinkKafkaTopics":["bar_1s_final"],"id":"CTAS_BAR_1S_FINAL_97","statusCount":{"RUNNING":1},"queryType":"PERSISTENT","state":"RUNNING"},{"queryString":"CREATE TABLE BAR_60M_LIVE WITH (CLEANUP_POLICY='compact,delete', KAFKA_TOPIC='bar_60m_live', KEY_FORMAT='AVRO', PARTITIONS=1, REPLICAS=1, RETENTION_MS=604800000, VALUE_FORMAT='AVRO') AS SELECT\n  O.BROKER BROKER,\n  O.SYMBOL SYMBOL,\n  WINDOWSTART BUCKETSTART,\n  EARLIEST_BY_OFFSET(O.OPEN) OPEN,\n  MAX(O.HIGH) HIGH,\n  MIN(O.LOW) LOW,\n  LATEST_BY_OFFSET(O.KSQLTIMEFRAMECLOSE) KSQLTIMEFRAMECLOSE\nFROM BAR_1S_FINAL_S O\nWINDOW TUMBLING ( SIZE 60 MINUTES , GRACE PERIOD 5 SECONDS ) \nGROUP BY O.BROKER, O.SYMBOL\nEMIT CHANGES;","sinks":["BAR_60M_LIVE"],"sinkKafkaTopics":["bar_60m_live"],"id":"CTAS_BAR_60M_LIVE_111","statusCount":{"RUNNING":1},"queryType":"PERSISTENT","state":"RUNNING"},{"queryString":"CREATE TABLE BAR_TBIMP_1M_LIVE WITH (CLEANUP_POLICY='compact,delete', KAFKA_TOPIC='bar_tbimp_1m_live', KEY_FORMAT='AVRO', PARTITIONS=1, REPLICAS=1, RETENTION_MS=604800000, VALUE_FORMAT='AVRO') AS SELECT\n  O.BROKER BROKER,\n  O.SYMBOL SYMBOL,\n  WINDOWSTART BUCKETSTART,\n  EARLIEST_BY_OFFSET(O.OPEN) OPEN,\n  MAX(O.HIGH) HIGH,\n  MIN(O.LOW) LOW,\n  LATEST_BY_OFFSET(O.CLOSE) CLOSE\nFROM BAR_TBIMP_1S_FINAL_S O\nWINDOW TUMBLING ( SIZE 1 MINUTES , GRACE PERIOD 2 SECONDS ) \nGROUP BY O.BROKER, O.SYMBOL\nEMIT CHANGES;","sinks":["BAR_TBIMP_1M_LIVE"],"sinkKafkaTopics":["bar_tbimp_1m_live"],"id":"CTAS_BAR_TBIMP_1M_LIVE_89","statusCount":{"RUNNING":1},"queryType":"PERSISTENT","state":"RUNNING"},{"queryString":"CREATE TABLE BAR_5M_LIVE WITH (CLEANUP_POLICY='compact,delete', KAFKA_TOPIC='bar_5m_live', KEY_FORMAT='AVRO', PARTITIONS=1, REPLICAS=1, RETENTION_MS=604800000, VALUE_FORMAT='AVRO') AS SELECT\n  O.BROKER BROKER,\n  O.SYMBOL SYMBOL,\n  WINDOWSTART BUCKETSTART,\n  EARLIEST_BY_OFFSET(O.OPEN) OPEN,\n  MAX(O.HIGH) HIGH,\n  MIN(O.LOW) LOW,\n  LATEST_BY_OFFSET(O.KSQLTIMEFRAMECLOSE) KSQLTIMEFRAMECLOSE\nFROM BAR_1S_FINAL_S O\nWINDOW TUMBLING ( SIZE 5 MINUTES , GRACE PERIOD 3 SECONDS ) \nGROUP BY O.BROKER, O.SYMBOL\nEMIT CHANGES;","sinks":["BAR_5M_LIVE"],"sinkKafkaTopics":["bar_5m_live"],"id":"CTAS_BAR_5M_LIVE_103","statusCount":{"RUNNING":1},"queryType":"PERSISTENT","state":"RUNNING"},{"queryString":"CREATE TABLE BAR_TBIMP_5M_LIVE WITH (CLEANUP_POLICY='compact,delete', KAFKA_TOPIC='bar_tbimp_5m_live', KEY_FORMAT='AVRO', PARTITIONS=1, REPLICAS=1, RETENTION_MS=604800000, VALUE_FORMAT='AVRO') AS SELECT\n  O.BROKER BROKER,\n  O.SYMBOL SYMBOL,\n  WINDOWSTART BUCKETSTART,\n  EARLIEST_BY_OFFSET(O.OPEN) OPEN,\n  MAX(O.HIGH) HIGH,\n  MIN(O.LOW) LOW,\n  LATEST_BY_OFFSET(O.CLOSE) CLOSE\nFROM BAR_TBIMP_1S_FINAL_S O\nWINDOW TUMBLING ( SIZE 5 MINUTES , GRACE PERIOD 3 SECONDS ) \nGROUP BY O.BROKER, O.SYMBOL\nEMIT CHANGES;","sinks":["BAR_TBIMP_5M_LIVE"],"sinkKafkaTopics":["bar_tbimp_5m_live"],"id":"CTAS_BAR_TBIMP_5M_LIVE_91","statusCount":{"RUNNING":1},"queryType":"PERSISTENT","state":"RUNNING"},{"queryString":"CREATE TABLE BAR_1M_LIVE WITH (CLEANUP_POLICY='compact,delete', KAFKA_TOPIC='bar_1m_live', KEY_FORMAT='AVRO', PARTITIONS=1, REPLICAS=1, RETENTION_MS=604800000, VALUE_FORMAT='AVRO') AS SELECT\n  O.BROKER BROKER,\n  O.SYMBOL SYMBOL,\n  WINDOWSTART BUCKETSTART,\n  EARLIEST_BY_OFFSET(O.OPEN) OPEN,\n  MAX(O.HIGH) HIGH,\n  MIN(O.LOW) LOW,\n  LATEST_BY_OFFSET(O.KSQLTIMEFRAMECLOSE) KSQLTIMEFRAMECLOSE\nFROM BAR_1S_FINAL_S O\nWINDOW TUMBLING ( SIZE 1 MINUTES , GRACE PERIOD 2 SECONDS ) \nGROUP BY O.BROKER, O.SYMBOL\nEMIT CHANGES;","sinks":["BAR_1M_LIVE"],"sinkKafkaTopics":["bar_1m_live"],"id":"CTAS_BAR_1M_LIVE_101","statusCount":{"RUNNING":1},"queryType":"PERSISTENT","state":"RUNNING"},{"queryString":"CREATE TABLE BAR_TBIMP_1S_FINAL WITH (CLEANUP_POLICY='compact,delete', KAFKA_TOPIC='bar_tbimp_1s_final', KEY_FORMAT='AVRO', PARTITIONS=1, REPLICAS=1, RETENTION_MS=604800000, VALUE_FORMAT='AVRO') AS SELECT\n  O.BROKER BROKER,\n  O.SYMBOL SYMBOL,\n  WINDOWSTART BUCKETSTART,\n  EARLIEST_BY_OFFSET(O.BID) OPEN,\n  MAX(O.BID) HIGH,\n  MIN(O.BID) LOW,\n  LATEST_BY_OFFSET(O.BID) CLOSE\nFROM TICKS_TBIMP O\nWINDOW TUMBLING ( SIZE 1 SECONDS ) \nGROUP BY O.BROKER, O.SYMBOL\nEMIT FINAL;","sinks":["BAR_TBIMP_1S_FINAL"],"sinkKafkaTopics":["bar_tbimp_1s_final"],"id":"CTAS_BAR_TBIMP_1S_FINAL_85","statusCount":{"RUNNING":1},"queryType":"PERSISTENT","state":"RUNNING"}],"warnings":[]}]&#xD;
warn: Kafka.Ksql.Linq.KsqlContext[0]&#xD;
      SHOW QUERIES attempt 2 did not contain a matching query for bar_1m_live&#xD;
info: Kafka.Ksql.Linq.KsqlContext[0]&#xD;
      ksql execute: EXECUTE SQL=SHOW QUERIES;&#xD;
info: Kafka.Ksql.Linq.KsqlContext[0]&#xD;
      SHOW QUERIES output (attempt 3): [{"@type":"queries","statementText":"SHOW QUERIES;","queries":[{"queryString":"CREATE TABLE BAR_15M_LIVE WITH (CLEANUP_POLICY='compact,delete', KAFKA_TOPIC='bar_15m_live', KEY_FORMAT='AVRO', PARTITIONS=1, REPLICAS=1, RETENTION_MS=604800000, VALUE_FORMAT='AVRO') AS SELECT\n  O.BROKER BROKER,\n  O.SYMBOL SYMBOL,\n  WINDOWSTART BUCKETSTART,\n  EARLIEST_BY_OFFSET(O.OPEN) OPEN,\n  MAX(O.HIGH) HIGH,\n  MIN(O.LOW) LOW,\n  LATEST_BY_OFFSET(O.KSQLTIMEFRAMECLOSE) KSQLTIMEFRAMECLOSE\nFROM BAR_1S_FINAL_S O\nWINDOW TUMBLING ( SIZE 15 MINUTES , GRACE PERIOD 4 SECONDS ) \nGROUP BY O.BROKER, O.SYMBOL\nEMIT CHANGES;","sinks":["BAR_15M_LIVE"],"sinkKafkaTopics":["bar_15m_live"],"id":"CTAS_BAR_15M_LIVE_109","statusCount":{"RUNNING":1},"queryType":"PERSISTENT","state":"RUNNING"},{"queryString":"CREATE TABLE BAR_1S_FINAL WITH (CLEANUP_POLICY='compact,delete', KAFKA_TOPIC='bar_1s_final', KEY_FORMAT='AVRO', PARTITIONS=1, REPLICAS=1, RETENTION_MS=604800000, VALUE_FORMAT='AVRO') AS SELECT\n  O.BROKER BROKER,\n  O.SYMBOL SYMBOL,\n  WINDOWSTART BUCKETSTART,\n  EARLIEST_BY_OFFSET(O.BID) OPEN,\n  MAX(O.BID) HIGH,\n  MIN(O.BID) LOW,\n  LATEST_BY_OFFSET(O.BID) KSQLTIMEFRAMECLOSE\nFROM DEDUPRATES O\nWINDOW TUMBLING ( SIZE 1 SECONDS ) \nGROUP BY O.BROKER, O.SYMBOL\nEMIT FINAL;","sinks":["BAR_1S_FINAL"],"sinkKafkaTopics":["bar_1s_final"],"id":"CTAS_BAR_1S_FINAL_97","statusCount":{"RUNNING":1},"queryType":"PERSISTENT","state":"RUNNING"},{"queryString":"CREATE TABLE BAR_60M_LIVE WITH (CLEANUP_POLICY='compact,delete', KAFKA_TOPIC='bar_60m_live', KEY_FORMAT='AVRO', PARTITIONS=1, REPLICAS=1, RETENTION_MS=604800000, VALUE_FORMAT='AVRO') AS SELECT\n  O.BROKER BROKER,\n  O.SYMBOL SYMBOL,\n  WINDOWSTART BUCKETSTART,\n  EARLIEST_BY_OFFSET(O.OPEN) OPEN,\n  MAX(O.HIGH) HIGH,\n  MIN(O.LOW) LOW,\n  LATEST_BY_OFFSET(O.KSQLTIMEFRAMECLOSE) KSQLTIMEFRAMECLOSE\nFROM BAR_1S_FINAL_S O\nWINDOW TUMBLING ( SIZE 60 MINUTES , GRACE PERIOD 5 SECONDS ) \nGROUP BY O.BROKER, O.SYMBOL\nEMIT CHANGES;","sinks":["BAR_60M_LIVE"],"sinkKafkaTopics":["bar_60m_live"],"id":"CTAS_BAR_60M_LIVE_111","statusCount":{"RUNNING":1},"queryType":"PERSISTENT","state":"RUNNING"},{"queryString":"CREATE TABLE BAR_TBIMP_1M_LIVE WITH (CLEANUP_POLICY='compact,delete', KAFKA_TOPIC='bar_tbimp_1m_live', KEY_FORMAT='AVRO', PARTITIONS=1, REPLICAS=1, RETENTION_MS=604800000, VALUE_FORMAT='AVRO') AS SELECT\n  O.BROKER BROKER,\n  O.SYMBOL SYMBOL,\n  WINDOWSTART BUCKETSTART,\n  EARLIEST_BY_OFFSET(O.OPEN) OPEN,\n  MAX(O.HIGH) HIGH,\n  MIN(O.LOW) LOW,\n  LATEST_BY_OFFSET(O.CLOSE) CLOSE\nFROM BAR_TBIMP_1S_FINAL_S O\nWINDOW TUMBLING ( SIZE 1 MINUTES , GRACE PERIOD 2 SECONDS ) \nGROUP BY O.BROKER, O.SYMBOL\nEMIT CHANGES;","sinks":["BAR_TBIMP_1M_LIVE"],"sinkKafkaTopics":["bar_tbimp_1m_live"],"id":"CTAS_BAR_TBIMP_1M_LIVE_89","statusCount":{"RUNNING":1},"queryType":"PERSISTENT","state":"RUNNING"},{"queryString":"CREATE TABLE BAR_5M_LIVE WITH (CLEANUP_POLICY='compact,delete', KAFKA_TOPIC='bar_5m_live', KEY_FORMAT='AVRO', PARTITIONS=1, REPLICAS=1, RETENTION_MS=604800000, VALUE_FORMAT='AVRO') AS SELECT\n  O.BROKER BROKER,\n  O.SYMBOL SYMBOL,\n  WINDOWSTART BUCKETSTART,\n  EARLIEST_BY_OFFSET(O.OPEN) OPEN,\n  MAX(O.HIGH) HIGH,\n  MIN(O.LOW) LOW,\n  LATEST_BY_OFFSET(O.KSQLTIMEFRAMECLOSE) KSQLTIMEFRAMECLOSE\nFROM BAR_1S_FINAL_S O\nWINDOW TUMBLING ( SIZE 5 MINUTES , GRACE PERIOD 3 SECONDS ) \nGROUP BY O.BROKER, O.SYMBOL\nEMIT CHANGES;","sinks":["BAR_5M_LIVE"],"sinkKafkaTopics":["bar_5m_live"],"id":"CTAS_BAR_5M_LIVE_103","statusCount":{"RUNNING":1},"queryType":"PERSISTENT","state":"RUNNING"},{"queryString":"CREATE TABLE BAR_TBIMP_5M_LIVE WITH (CLEANUP_POLICY='compact,delete', KAFKA_TOPIC='bar_tbimp_5m_live', KEY_FORMAT='AVRO', PARTITIONS=1, REPLICAS=1, RETENTION_MS=604800000, VALUE_FORMAT='AVRO') AS SELECT\n  O.BROKER BROKER,\n  O.SYMBOL SYMBOL,\n  WINDOWSTART BUCKETSTART,\n  EARLIEST_BY_OFFSET(O.OPEN) OPEN,\n  MAX(O.HIGH) HIGH,\n  MIN(O.LOW) LOW,\n  LATEST_BY_OFFSET(O.CLOSE) CLOSE\nFROM BAR_TBIMP_1S_FINAL_S O\nWINDOW TUMBLING ( SIZE 5 MINUTES , GRACE PERIOD 3 SECONDS ) \nGROUP BY O.BROKER, O.SYMBOL\nEMIT CHANGES;","sinks":["BAR_TBIMP_5M_LIVE"],"sinkKafkaTopics":["bar_tbimp_5m_live"],"id":"CTAS_BAR_TBIMP_5M_LIVE_91","statusCount":{"RUNNING":1},"queryType":"PERSISTENT","state":"RUNNING"},{"queryString":"CREATE TABLE BAR_1M_LIVE WITH (CLEANUP_POLICY='compact,delete', KAFKA_TOPIC='bar_1m_live', KEY_FORMAT='AVRO', PARTITIONS=1, REPLICAS=1, RETENTION_MS=604800000, VALUE_FORMAT='AVRO') AS SELECT\n  O.BROKER BROKER,\n  O.SYMBOL SYMBOL,\n  WINDOWSTART BUCKETSTART,\n  EARLIEST_BY_OFFSET(O.OPEN) OPEN,\n  MAX(O.HIGH) HIGH,\n  MIN(O.LOW) LOW,\n  LATEST_BY_OFFSET(O.KSQLTIMEFRAMECLOSE) KSQLTIMEFRAMECLOSE\nFROM BAR_1S_FINAL_S O\nWINDOW TUMBLING ( SIZE 1 MINUTES , GRACE PERIOD 2 SECONDS ) \nGROUP BY O.BROKER, O.SYMBOL\nEMIT CHANGES;","sinks":["BAR_1M_LIVE"],"sinkKafkaTopics":["bar_1m_live"],"id":"CTAS_BAR_1M_LIVE_101","statusCount":{"RUNNING":1},"queryType":"PERSISTENT","state":"RUNNING"},{"queryString":"CREATE TABLE BAR_TBIMP_1S_FINAL WITH (CLEANUP_POLICY='compact,delete', KAFKA_TOPIC='bar_tbimp_1s_final', KEY_FORMAT='AVRO', PARTITIONS=1, REPLICAS=1, RETENTION_MS=604800000, VALUE_FORMAT='AVRO') AS SELECT\n  O.BROKER BROKER,\n  O.SYMBOL SYMBOL,\n  WINDOWSTART BUCKETSTART,\n  EARLIEST_BY_OFFSET(O.BID) OPEN,\n  MAX(O.BID) HIGH,\n  MIN(O.BID) LOW,\n  LATEST_BY_OFFSET(O.BID) CLOSE\nFROM TICKS_TBIMP O\nWINDOW TUMBLING ( SIZE 1 SECONDS ) \nGROUP BY O.BROKER, O.SYMBOL\nEMIT FINAL;","sinks":["BAR_TBIMP_1S_FINAL"],"sinkKafkaTopics":["bar_tbimp_1s_final"],"id":"CTAS_BAR_TBIMP_1S_FINAL_85","statusCount":{"RUNNING":1},"queryType":"PERSISTENT","state":"RUNNING"}],"warnings":[]}]&#xD;
warn: Kafka.Ksql.Linq.KsqlContext[0]&#xD;
      SHOW QUERIES attempt 3 did not contain a matching query for bar_1m_live&#xD;
info: Kafka.Ksql.Linq.KsqlContext[0]&#xD;
      ksql execute: EXECUTE SQL=SHOW QUERIES;&#xD;
info: Kafka.Ksql.Linq.KsqlContext[0]&#xD;
      SHOW QUERIES output (attempt 4): [{"@type":"queries","statementText":"SHOW QUERIES;","queries":[{"queryString":"CREATE TABLE BAR_15M_LIVE WITH (CLEANUP_POLICY='compact,delete', KAFKA_TOPIC='bar_15m_live', KEY_FORMAT='AVRO', PARTITIONS=1, REPLICAS=1, RETENTION_MS=604800000, VALUE_FORMAT='AVRO') AS SELECT\n  O.BROKER BROKER,\n  O.SYMBOL SYMBOL,\n  WINDOWSTART BUCKETSTART,\n  EARLIEST_BY_OFFSET(O.OPEN) OPEN,\n  MAX(O.HIGH) HIGH,\n  MIN(O.LOW) LOW,\n  LATEST_BY_OFFSET(O.KSQLTIMEFRAMECLOSE) KSQLTIMEFRAMECLOSE\nFROM BAR_1S_FINAL_S O\nWINDOW TUMBLING ( SIZE 15 MINUTES , GRACE PERIOD 4 SECONDS ) \nGROUP BY O.BROKER, O.SYMBOL\nEMIT CHANGES;","sinks":["BAR_15M_LIVE"],"sinkKafkaTopics":["bar_15m_live"],"id":"CTAS_BAR_15M_LIVE_109","statusCount":{"RUNNING":1},"queryType":"PERSISTENT","state":"RUNNING"},{"queryString":"CREATE TABLE BAR_1S_FINAL WITH (CLEANUP_POLICY='compact,delete', KAFKA_TOPIC='bar_1s_final', KEY_FORMAT='AVRO', PARTITIONS=1, REPLICAS=1, RETENTION_MS=604800000, VALUE_FORMAT='AVRO') AS SELECT\n  O.BROKER BROKER,\n  O.SYMBOL SYMBOL,\n  WINDOWSTART BUCKETSTART,\n  EARLIEST_BY_OFFSET(O.BID) OPEN,\n  MAX(O.BID) HIGH,\n  MIN(O.BID) LOW,\n  LATEST_BY_OFFSET(O.BID) KSQLTIMEFRAMECLOSE\nFROM DEDUPRATES O\nWINDOW TUMBLING ( SIZE 1 SECONDS ) \nGROUP BY O.BROKER, O.SYMBOL\nEMIT FINAL;","sinks":["BAR_1S_FINAL"],"sinkKafkaTopics":["bar_1s_final"],"id":"CTAS_BAR_1S_FINAL_97","statusCount":{"RUNNING":1},"queryType":"PERSISTENT","state":"RUNNING"},{"queryString":"CREATE TABLE BAR_60M_LIVE WITH (CLEANUP_POLICY='compact,delete', KAFKA_TOPIC='bar_60m_live', KEY_FORMAT='AVRO', PARTITIONS=1, REPLICAS=1, RETENTION_MS=604800000, VALUE_FORMAT='AVRO') AS SELECT\n  O.BROKER BROKER,\n  O.SYMBOL SYMBOL,\n  WINDOWSTART BUCKETSTART,\n  EARLIEST_BY_OFFSET(O.OPEN) OPEN,\n  MAX(O.HIGH) HIGH,\n  MIN(O.LOW) LOW,\n  LATEST_BY_OFFSET(O.KSQLTIMEFRAMECLOSE) KSQLTIMEFRAMECLOSE\nFROM BAR_1S_FINAL_S O\nWINDOW TUMBLING ( SIZE 60 MINUTES , GRACE PERIOD 5 SECONDS ) \nGROUP BY O.BROKER, O.SYMBOL\nEMIT CHANGES;","sinks":["BAR_60M_LIVE"],"sinkKafkaTopics":["bar_60m_live"],"id":"CTAS_BAR_60M_LIVE_111","statusCount":{"RUNNING":1},"queryType":"PERSISTENT","state":"RUNNING"},{"queryString":"CREATE TABLE BAR_TBIMP_1M_LIVE WITH (CLEANUP_POLICY='compact,delete', KAFKA_TOPIC='bar_tbimp_1m_live', KEY_FORMAT='AVRO', PARTITIONS=1, REPLICAS=1, RETENTION_MS=604800000, VALUE_FORMAT='AVRO') AS SELECT\n  O.BROKER BROKER,\n  O.SYMBOL SYMBOL,\n  WINDOWSTART BUCKETSTART,\n  EARLIEST_BY_OFFSET(O.OPEN) OPEN,\n  MAX(O.HIGH) HIGH,\n  MIN(O.LOW) LOW,\n  LATEST_BY_OFFSET(O.CLOSE) CLOSE\nFROM BAR_TBIMP_1S_FINAL_S O\nWINDOW TUMBLING ( SIZE 1 MINUTES , GRACE PERIOD 2 SECONDS ) \nGROUP BY O.BROKER, O.SYMBOL\nEMIT CHANGES;","sinks":["BAR_TBIMP_1M_LIVE"],"sinkKafkaTopics":["bar_tbimp_1m_live"],"id":"CTAS_BAR_TBIMP_1M_LIVE_89","statusCount":{"RUNNING":1},"queryType":"PERSISTENT","state":"RUNNING"},{"queryString":"CREATE TABLE BAR_5M_LIVE WITH (CLEANUP_POLICY='compact,delete', KAFKA_TOPIC='bar_5m_live', KEY_FORMAT='AVRO', PARTITIONS=1, REPLICAS=1, RETENTION_MS=604800000, VALUE_FORMAT='AVRO') AS SELECT\n  O.BROKER BROKER,\n  O.SYMBOL SYMBOL,\n  WINDOWSTART BUCKETSTART,\n  EARLIEST_BY_OFFSET(O.OPEN) OPEN,\n  MAX(O.HIGH) HIGH,\n  MIN(O.LOW) LOW,\n  LATEST_BY_OFFSET(O.KSQLTIMEFRAMECLOSE) KSQLTIMEFRAMECLOSE\nFROM BAR_1S_FINAL_S O\nWINDOW TUMBLING ( SIZE 5 MINUTES , GRACE PERIOD 3 SECONDS ) \nGROUP BY O.BROKER, O.SYMBOL\nEMIT CHANGES;","sinks":["BAR_5M_LIVE"],"sinkKafkaTopics":["bar_5m_live"],"id":"CTAS_BAR_5M_LIVE_103","statusCount":{"RUNNING":1},"queryType":"PERSISTENT","state":"RUNNING"},{"queryString":"CREATE TABLE BAR_TBIMP_5M_LIVE WITH (CLEANUP_POLICY='compact,delete', KAFKA_TOPIC='bar_tbimp_5m_live', KEY_FORMAT='AVRO', PARTITIONS=1, REPLICAS=1, RETENTION_MS=604800000, VALUE_FORMAT='AVRO') AS SELECT\n  O.BROKER BROKER,\n  O.SYMBOL SYMBOL,\n  WINDOWSTART BUCKETSTART,\n  EARLIEST_BY_OFFSET(O.OPEN) OPEN,\n  MAX(O.HIGH) HIGH,\n  MIN(O.LOW) LOW,\n  LATEST_BY_OFFSET(O.CLOSE) CLOSE\nFROM BAR_TBIMP_1S_FINAL_S O\nWINDOW TUMBLING ( SIZE 5 MINUTES , GRACE PERIOD 3 SECONDS ) \nGROUP BY O.BROKER, O.SYMBOL\nEMIT CHANGES;","sinks":["BAR_TBIMP_5M_LIVE"],"sinkKafkaTopics":["bar_tbimp_5m_live"],"id":"CTAS_BAR_TBIMP_5M_LIVE_91","statusCount":{"RUNNING":1},"queryType":"PERSISTENT","state":"RUNNING"},{"queryString":"CREATE TABLE BAR_1M_LIVE WITH (CLEANUP_POLICY='compact,delete', KAFKA_TOPIC='bar_1m_live', KEY_FORMAT='AVRO', PARTITIONS=1, REPLICAS=1, RETENTION_MS=604800000, VALUE_FORMAT='AVRO') AS SELECT\n  O.BROKER BROKER,\n  O.SYMBOL SYMBOL,\n  WINDOWSTART BUCKETSTART,\n  EARLIEST_BY_OFFSET(O.OPEN) OPEN,\n  MAX(O.HIGH) HIGH,\n  MIN(O.LOW) LOW,\n  LATEST_BY_OFFSET(O.KSQLTIMEFRAMECLOSE) KSQLTIMEFRAMECLOSE\nFROM BAR_1S_FINAL_S O\nWINDOW TUMBLING ( SIZE 1 MINUTES , GRACE PERIOD 2 SECONDS ) \nGROUP BY O.BROKER, O.SYMBOL\nEMIT CHANGES;","sinks":["BAR_1M_LIVE"],"sinkKafkaTopics":["bar_1m_live"],"id":"CTAS_BAR_1M_LIVE_101","statusCount":{"RUNNING":1},"queryType":"PERSISTENT","state":"RUNNING"},{"queryString":"CREATE TABLE BAR_TBIMP_1S_FINAL WITH (CLEANUP_POLICY='compact,delete', KAFKA_TOPIC='bar_tbimp_1s_final', KEY_FORMAT='AVRO', PARTITIONS=1, REPLICAS=1, RETENTION_MS=604800000, VALUE_FORMAT='AVRO') AS SELECT\n  O.BROKER BROKER,\n  O.SYMBOL SYMBOL,\n  WINDOWSTART BUCKETSTART,\n  EARLIEST_BY_OFFSET(O.BID) OPEN,\n  MAX(O.BID) HIGH,\n  MIN(O.BID) LOW,\n  LATEST_BY_OFFSET(O.BID) CLOSE\nFROM TICKS_TBIMP O\nWINDOW TUMBLING ( SIZE 1 SECONDS ) \nGROUP BY O.BROKER, O.SYMBOL\nEMIT FINAL;","sinks":["BAR_TBIMP_1S_FINAL"],"sinkKafkaTopics":["bar_tbimp_1s_final"],"id":"CTAS_BAR_TBIMP_1S_FINAL_85","statusCount":{"RUNNING":1},"queryType":"PERSISTENT","state":"RUNNING"}],"warnings":[]}]&#xD;
warn: Kafka.Ksql.Linq.KsqlContext[0]&#xD;
      SHOW QUERIES attempt 4 did not contain a matching query for bar_1m_live&#xD;
info: Kafka.Ksql.Linq.KsqlContext[0]&#xD;
      ksql execute: EXECUTE SQL=SHOW QUERIES;&#xD;
info: Kafka.Ksql.Linq.KsqlContext[0]&#xD;
      SHOW QUERIES output (attempt 5): [{"@type":"queries","statementText":"SHOW QUERIES;","queries":[{"queryString":"CREATE TABLE BAR_15M_LIVE WITH (CLEANUP_POLICY='compact,delete', KAFKA_TOPIC='bar_15m_live', KEY_FORMAT='AVRO', PARTITIONS=1, REPLICAS=1, RETENTION_MS=604800000, VALUE_FORMAT='AVRO') AS SELECT\n  O.BROKER BROKER,\n  O.SYMBOL SYMBOL,\n  WINDOWSTART BUCKETSTART,\n  EARLIEST_BY_OFFSET(O.OPEN) OPEN,\n  MAX(O.HIGH) HIGH,\n  MIN(O.LOW) LOW,\n  LATEST_BY_OFFSET(O.KSQLTIMEFRAMECLOSE) KSQLTIMEFRAMECLOSE\nFROM BAR_1S_FINAL_S O\nWINDOW TUMBLING ( SIZE 15 MINUTES , GRACE PERIOD 4 SECONDS ) \nGROUP BY O.BROKER, O.SYMBOL\nEMIT CHANGES;","sinks":["BAR_15M_LIVE"],"sinkKafkaTopics":["bar_15m_live"],"id":"CTAS_BAR_15M_LIVE_109","statusCount":{"RUNNING":1},"queryType":"PERSISTENT","state":"RUNNING"},{"queryString":"CREATE TABLE BAR_1S_FINAL WITH (CLEANUP_POLICY='compact,delete', KAFKA_TOPIC='bar_1s_final', KEY_FORMAT='AVRO', PARTITIONS=1, REPLICAS=1, RETENTION_MS=604800000, VALUE_FORMAT='AVRO') AS SELECT\n  O.BROKER BROKER,\n  O.SYMBOL SYMBOL,\n  WINDOWSTART BUCKETSTART,\n  EARLIEST_BY_OFFSET(O.BID) OPEN,\n  MAX(O.BID) HIGH,\n  MIN(O.BID) LOW,\n  LATEST_BY_OFFSET(O.BID) KSQLTIMEFRAMECLOSE\nFROM DEDUPRATES O\nWINDOW TUMBLING ( SIZE 1 SECONDS ) \nGROUP BY O.BROKER, O.SYMBOL\nEMIT FINAL;","sinks":["BAR_1S_FINAL"],"sinkKafkaTopics":["bar_1s_final"],"id":"CTAS_BAR_1S_FINAL_97","statusCount":{"RUNNING":1},"queryType":"PERSISTENT","state":"RUNNING"},{"queryString":"CREATE TABLE BAR_60M_LIVE WITH (CLEANUP_POLICY='compact,delete', KAFKA_TOPIC='bar_60m_live', KEY_FORMAT='AVRO', PARTITIONS=1, REPLICAS=1, RETENTION_MS=604800000, VALUE_FORMAT='AVRO') AS SELECT\n  O.BROKER BROKER,\n  O.SYMBOL SYMBOL,\n  WINDOWSTART BUCKETSTART,\n  EARLIEST_BY_OFFSET(O.OPEN) OPEN,\n  MAX(O.HIGH) HIGH,\n  MIN(O.LOW) LOW,\n  LATEST_BY_OFFSET(O.KSQLTIMEFRAMECLOSE) KSQLTIMEFRAMECLOSE\nFROM BAR_1S_FINAL_S O\nWINDOW TUMBLING ( SIZE 60 MINUTES , GRACE PERIOD 5 SECONDS ) \nGROUP BY O.BROKER, O.SYMBOL\nEMIT CHANGES;","sinks":["BAR_60M_LIVE"],"sinkKafkaTopics":["bar_60m_live"],"id":"CTAS_BAR_60M_LIVE_111","statusCount":{"RUNNING":1},"queryType":"PERSISTENT","state":"RUNNING"},{"queryString":"CREATE TABLE BAR_TBIMP_1M_LIVE WITH (CLEANUP_POLICY='compact,delete', KAFKA_TOPIC='bar_tbimp_1m_live', KEY_FORMAT='AVRO', PARTITIONS=1, REPLICAS=1, RETENTION_MS=604800000, VALUE_FORMAT='AVRO') AS SELECT\n  O.BROKER BROKER,\n  O.SYMBOL SYMBOL,\n  WINDOWSTART BUCKETSTART,\n  EARLIEST_BY_OFFSET(O.OPEN) OPEN,\n  MAX(O.HIGH) HIGH,\n  MIN(O.LOW) LOW,\n  LATEST_BY_OFFSET(O.CLOSE) CLOSE\nFROM BAR_TBIMP_1S_FINAL_S O\nWINDOW TUMBLING ( SIZE 1 MINUTES , GRACE PERIOD 2 SECONDS ) \nGROUP BY O.BROKER, O.SYMBOL\nEMIT CHANGES;","sinks":["BAR_TBIMP_1M_LIVE"],"sinkKafkaTopics":["bar_tbimp_1m_live"],"id":"CTAS_BAR_TBIMP_1M_LIVE_89","statusCount":{"RUNNING":1},"queryType":"PERSISTENT","state":"RUNNING"},{"queryString":"CREATE TABLE BAR_5M_LIVE WITH (CLEANUP_POLICY='compact,delete', KAFKA_TOPIC='bar_5m_live', KEY_FORMAT='AVRO', PARTITIONS=1, REPLICAS=1, RETENTION_MS=604800000, VALUE_FORMAT='AVRO') AS SELECT\n  O.BROKER BROKER,\n  O.SYMBOL SYMBOL,\n  WINDOWSTART BUCKETSTART,\n  EARLIEST_BY_OFFSET(O.OPEN) OPEN,\n  MAX(O.HIGH) HIGH,\n  MIN(O.LOW) LOW,\n  LATEST_BY_OFFSET(O.KSQLTIMEFRAMECLOSE) KSQLTIMEFRAMECLOSE\nFROM BAR_1S_FINAL_S O\nWINDOW TUMBLING ( SIZE 5 MINUTES , GRACE PERIOD 3 SECONDS ) \nGROUP BY O.BROKER, O.SYMBOL\nEMIT CHANGES;","sinks":["BAR_5M_LIVE"],"sinkKafkaTopics":["bar_5m_live"],"id":"CTAS_BAR_5M_LIVE_103","statusCount":{"RUNNING":1},"queryType":"PERSISTENT","state":"RUNNING"},{"queryString":"CREATE TABLE BAR_TBIMP_5M_LIVE WITH (CLEANUP_POLICY='compact,delete', KAFKA_TOPIC='bar_tbimp_5m_live', KEY_FORMAT='AVRO', PARTITIONS=1, REPLICAS=1, RETENTION_MS=604800000, VALUE_FORMAT='AVRO') AS SELECT\n  O.BROKER BROKER,\n  O.SYMBOL SYMBOL,\n  WINDOWSTART BUCKETSTART,\n  EARLIEST_BY_OFFSET(O.OPEN) OPEN,\n  MAX(O.HIGH) HIGH,\n  MIN(O.LOW) LOW,\n  LATEST_BY_OFFSET(O.CLOSE) CLOSE\nFROM BAR_TBIMP_1S_FINAL_S O\nWINDOW TUMBLING ( SIZE 5 MINUTES , GRACE PERIOD 3 SECONDS ) \nGROUP BY O.BROKER, O.SYMBOL\nEMIT CHANGES;","sinks":["BAR_TBIMP_5M_LIVE"],"sinkKafkaTopics":["bar_tbimp_5m_live"],"id":"CTAS_BAR_TBIMP_5M_LIVE_91","statusCount":{"RUNNING":1},"queryType":"PERSISTENT","state":"RUNNING"},{"queryString":"CREATE TABLE BAR_1M_LIVE WITH (CLEANUP_POLICY='compact,delete', KAFKA_TOPIC='bar_1m_live', KEY_FORMAT='AVRO', PARTITIONS=1, REPLICAS=1, RETENTION_MS=604800000, VALUE_FORMAT='AVRO') AS SELECT\n  O.BROKER BROKER,\n  O.SYMBOL SYMBOL,\n  WINDOWSTART BUCKETSTART,\n  EARLIEST_BY_OFFSET(O.OPEN) OPEN,\n  MAX(O.HIGH) HIGH,\n  MIN(O.LOW) LOW,\n  LATEST_BY_OFFSET(O.KSQLTIMEFRAMECLOSE) KSQLTIMEFRAMECLOSE\nFROM BAR_1S_FINAL_S O\nWINDOW TUMBLING ( SIZE 1 MINUTES , GRACE PERIOD 2 SECONDS ) \nGROUP BY O.BROKER, O.SYMBOL\nEMIT CHANGES;","sinks":["BAR_1M_LIVE"],"sinkKafkaTopics":["bar_1m_live"],"id":"CTAS_BAR_1M_LIVE_101","statusCount":{"RUNNING":1},"queryType":"PERSISTENT","state":"RUNNING"},{"queryString":"CREATE TABLE BAR_TBIMP_1S_FINAL WITH (CLEANUP_POLICY='compact,delete', KAFKA_TOPIC='bar_tbimp_1s_final', KEY_FORMAT='AVRO', PARTITIONS=1, REPLICAS=1, RETENTION_MS=604800000, VALUE_FORMAT='AVRO') AS SELECT\n  O.BROKER BROKER,\n  O.SYMBOL SYMBOL,\n  WINDOWSTART BUCKETSTART,\n  EARLIEST_BY_OFFSET(O.BID) OPEN,\n  MAX(O.BID) HIGH,\n  MIN(O.BID) LOW,\n  LATEST_BY_OFFSET(O.BID) CLOSE\nFROM TICKS_TBIMP O\nWINDOW TUMBLING ( SIZE 1 SECONDS ) \nGROUP BY O.BROKER, O.SYMBOL\nEMIT FINAL;","sinks":["BAR_TBIMP_1S_FINAL"],"sinkKafkaTopics":["bar_tbimp_1s_final"],"id":"CTAS_BAR_TBIMP_1S_FINAL_85","statusCount":{"RUNNING":1},"queryType":"PERSISTENT","state":"RUNNING"}],"warnings":[]}]&#xD;
warn: Kafka.Ksql.Linq.KsqlContext[0]&#xD;
      SHOW QUERIES attempt 5 did not contain a matching query for bar_1m_live&#xD;
warn: Kafka.Ksql.Linq.KsqlContext[0]&#xD;
      Unable to locate queryId for bar_1m_live after 5 attempts&#xD;
warn: Kafka.Ksql.Linq.KsqlContext[0]&#xD;
      Could not locate queryId via SHOW QUERIES for derived statement targeting bar_1m_live: CREATE TABLE bar_1m_live  WITH (KAFKA_TOPIC='bar_1m_live', KEY_FORMAT='AVRO', VALUE_FORMAT='AVRO') AS&#xD;
      SELECT BROKER AS Broker, SYMBOL AS Symbol, WINDOWSTART AS BucketStart, EARLIEST_BY_OFFSET(o.OPEN) AS Open, MAX(o.HIGH) AS High, MIN(o.LOW) AS Low, LATEST_BY_OFFSET(o.KSQLTIMEFRAMECLOSE) AS KsqlTimeFrameClose&#xD;
      FROM bar_1s_final_s o WINDOW TUMBLING (SIZE 1 MINUTES, GRACE PERIOD 2 SECONDS)&#xD;
      GROUP BY BROKER, SYMBOL&#xD;
      EMIT CHANGES;&#xD;
info: Kafka.Ksql.Linq.KsqlContext[0]&#xD;
      ksql execute: EXECUTE SQL=SHOW QUERIES;&#xD;
info: Kafka.Ksql.Linq.KsqlContext[0]&#xD;
      SHOW QUERIES output (attempt 1): [{"@type":"queries","statementText":"SHOW QUERIES;","queries":[{"queryString":"CREATE TABLE BAR_15M_LIVE WITH (CLEANUP_POLICY='compact,delete', KAFKA_TOPIC='bar_15m_live', KEY_FORMAT='AVRO', PARTITIONS=1, REPLICAS=1, RETENTION_MS=604800000, VALUE_FORMAT='AVRO') AS SELECT\n  O.BROKER BROKER,\n  O.SYMBOL SYMBOL,\n  WINDOWSTART BUCKETSTART,\n  EARLIEST_BY_OFFSET(O.OPEN) OPEN,\n  MAX(O.HIGH) HIGH,\n  MIN(O.LOW) LOW,\n  LATEST_BY_OFFSET(O.KSQLTIMEFRAMECLOSE) KSQLTIMEFRAMECLOSE\nFROM BAR_1S_FINAL_S O\nWINDOW TUMBLING ( SIZE 15 MINUTES , GRACE PERIOD 4 SECONDS ) \nGROUP BY O.BROKER, O.SYMBOL\nEMIT CHANGES;","sinks":["BAR_15M_LIVE"],"sinkKafkaTopics":["bar_15m_live"],"id":"CTAS_BAR_15M_LIVE_109","statusCount":{"RUNNING":1},"queryType":"PERSISTENT","state":"RUNNING"},{"queryString":"CREATE TABLE BAR_1S_FINAL WITH (CLEANUP_POLICY='compact,delete', KAFKA_TOPIC='bar_1s_final', KEY_FORMAT='AVRO', PARTITIONS=1, REPLICAS=1, RETENTION_MS=604800000, VALUE_FORMAT='AVRO') AS SELECT\n  O.BROKER BROKER,\n  O.SYMBOL SYMBOL,\n  WINDOWSTART BUCKETSTART,\n  EARLIEST_BY_OFFSET(O.BID) OPEN,\n  MAX(O.BID) HIGH,\n  MIN(O.BID) LOW,\n  LATEST_BY_OFFSET(O.BID) KSQLTIMEFRAMECLOSE\nFROM DEDUPRATES O\nWINDOW TUMBLING ( SIZE 1 SECONDS ) \nGROUP BY O.BROKER, O.SYMBOL\nEMIT FINAL;","sinks":["BAR_1S_FINAL"],"sinkKafkaTopics":["bar_1s_final"],"id":"CTAS_BAR_1S_FINAL_97","statusCount":{"RUNNING":1},"queryType":"PERSISTENT","state":"RUNNING"},{"queryString":"CREATE TABLE BAR_60M_LIVE WITH (CLEANUP_POLICY='compact,delete', KAFKA_TOPIC='bar_60m_live', KEY_FORMAT='AVRO', PARTITIONS=1, REPLICAS=1, RETENTION_MS=604800000, VALUE_FORMAT='AVRO') AS SELECT\n  O.BROKER BROKER,\n  O.SYMBOL SYMBOL,\n  WINDOWSTART BUCKETSTART,\n  EARLIEST_BY_OFFSET(O.OPEN) OPEN,\n  MAX(O.HIGH) HIGH,\n  MIN(O.LOW) LOW,\n  LATEST_BY_OFFSET(O.KSQLTIMEFRAMECLOSE) KSQLTIMEFRAMECLOSE\nFROM BAR_1S_FINAL_S O\nWINDOW TUMBLING ( SIZE 60 MINUTES , GRACE PERIOD 5 SECONDS ) \nGROUP BY O.BROKER, O.SYMBOL\nEMIT CHANGES;","sinks":["BAR_60M_LIVE"],"sinkKafkaTopics":["bar_60m_live"],"id":"CTAS_BAR_60M_LIVE_111","statusCount":{"RUNNING":1},"queryType":"PERSISTENT","state":"RUNNING"},{"queryString":"CREATE TABLE BAR_TBIMP_1M_LIVE WITH (CLEANUP_POLICY='compact,delete', KAFKA_TOPIC='bar_tbimp_1m_live', KEY_FORMAT='AVRO', PARTITIONS=1, REPLICAS=1, RETENTION_MS=604800000, VALUE_FORMAT='AVRO') AS SELECT\n  O.BROKER BROKER,\n  O.SYMBOL SYMBOL,\n  WINDOWSTART BUCKETSTART,\n  EARLIEST_BY_OFFSET(O.OPEN) OPEN,\n  MAX(O.HIGH) HIGH,\n  MIN(O.LOW) LOW,\n  LATEST_BY_OFFSET(O.CLOSE) CLOSE\nFROM BAR_TBIMP_1S_FINAL_S O\nWINDOW TUMBLING ( SIZE 1 MINUTES , GRACE PERIOD 2 SECONDS ) \nGROUP BY O.BROKER, O.SYMBOL\nEMIT CHANGES;","sinks":["BAR_TBIMP_1M_LIVE"],"sinkKafkaTopics":["bar_tbimp_1m_live"],"id":"CTAS_BAR_TBIMP_1M_LIVE_89","statusCount":{"RUNNING":1},"queryType":"PERSISTENT","state":"RUNNING"},{"queryString":"CREATE TABLE BAR_5M_LIVE WITH (CLEANUP_POLICY='compact,delete', KAFKA_TOPIC='bar_5m_live', KEY_FORMAT='AVRO', PARTITIONS=1, REPLICAS=1, RETENTION_MS=604800000, VALUE_FORMAT='AVRO') AS SELECT\n  O.BROKER BROKER,\n  O.SYMBOL SYMBOL,\n  WINDOWSTART BUCKETSTART,\n  EARLIEST_BY_OFFSET(O.OPEN) OPEN,\n  MAX(O.HIGH) HIGH,\n  MIN(O.LOW) LOW,\n  LATEST_BY_OFFSET(O.KSQLTIMEFRAMECLOSE) KSQLTIMEFRAMECLOSE\nFROM BAR_1S_FINAL_S O\nWINDOW TUMBLING ( SIZE 5 MINUTES , GRACE PERIOD 3 SECONDS ) \nGROUP BY O.BROKER, O.SYMBOL\nEMIT CHANGES;","sinks":["BAR_5M_LIVE"],"sinkKafkaTopics":["bar_5m_live"],"id":"CTAS_BAR_5M_LIVE_103","statusCount":{"RUNNING":1},"queryType":"PERSISTENT","state":"RUNNING"},{"queryString":"CREATE TABLE BAR_TBIMP_5M_LIVE WITH (CLEANUP_POLICY='compact,delete', KAFKA_TOPIC='bar_tbimp_5m_live', KEY_FORMAT='AVRO', PARTITIONS=1, REPLICAS=1, RETENTION_MS=604800000, VALUE_FORMAT='AVRO') AS SELECT\n  O.BROKER BROKER,\n  O.SYMBOL SYMBOL,\n  WINDOWSTART BUCKETSTART,\n  EARLIEST_BY_OFFSET(O.OPEN) OPEN,\n  MAX(O.HIGH) HIGH,\n  MIN(O.LOW) LOW,\n  LATEST_BY_OFFSET(O.CLOSE) CLOSE\nFROM BAR_TBIMP_1S_FINAL_S O\nWINDOW TUMBLING ( SIZE 5 MINUTES , GRACE PERIOD 3 SECONDS ) \nGROUP BY O.BROKER, O.SYMBOL\nEMIT CHANGES;","sinks":["BAR_TBIMP_5M_LIVE"],"sinkKafkaTopics":["bar_tbimp_5m_live"],"id":"CTAS_BAR_TBIMP_5M_LIVE_91","statusCount":{"RUNNING":1},"queryType":"PERSISTENT","state":"RUNNING"},{"queryString":"CREATE TABLE BAR_1M_LIVE WITH (CLEANUP_POLICY='compact,delete', KAFKA_TOPIC='bar_1m_live', KEY_FORMAT='AVRO', PARTITIONS=1, REPLICAS=1, RETENTION_MS=604800000, VALUE_FORMAT='AVRO') AS SELECT\n  O.BROKER BROKER,\n  O.SYMBOL SYMBOL,\n  WINDOWSTART BUCKETSTART,\n  EARLIEST_BY_OFFSET(O.OPEN) OPEN,\n  MAX(O.HIGH) HIGH,\n  MIN(O.LOW) LOW,\n  LATEST_BY_OFFSET(O.KSQLTIMEFRAMECLOSE) KSQLTIMEFRAMECLOSE\nFROM BAR_1S_FINAL_S O\nWINDOW TUMBLING ( SIZE 1 MINUTES , GRACE PERIOD 2 SECONDS ) \nGROUP BY O.BROKER, O.SYMBOL\nEMIT CHANGES;","sinks":["BAR_1M_LIVE"],"sinkKafkaTopics":["bar_1m_live"],"id":"CTAS_BAR_1M_LIVE_101","statusCount":{"RUNNING":1},"queryType":"PERSISTENT","state":"RUNNING"},{"queryString":"CREATE TABLE BAR_TBIMP_1S_FINAL WITH (CLEANUP_POLICY='compact,delete', KAFKA_TOPIC='bar_tbimp_1s_final', KEY_FORMAT='AVRO', PARTITIONS=1, REPLICAS=1, RETENTION_MS=604800000, VALUE_FORMAT='AVRO') AS SELECT\n  O.BROKER BROKER,\n  O.SYMBOL SYMBOL,\n  WINDOWSTART BUCKETSTART,\n  EARLIEST_BY_OFFSET(O.BID) OPEN,\n  MAX(O.BID) HIGH,\n  MIN(O.BID) LOW,\n  LATEST_BY_OFFSET(O.BID) CLOSE\nFROM TICKS_TBIMP O\nWINDOW TUMBLING ( SIZE 1 SECONDS ) \nGROUP BY O.BROKER, O.SYMBOL\nEMIT FINAL;","sinks":["BAR_TBIMP_1S_FINAL"],"sinkKafkaTopics":["bar_tbimp_1s_final"],"id":"CTAS_BAR_TBIMP_1S_FINAL_85","statusCount":{"RUNNING":1},"queryType":"PERSISTENT","state":"RUNNING"}],"warnings":[]}]&#xD;
warn: Kafka.Ksql.Linq.KsqlContext[0]&#xD;
      SHOW QUERIES attempt 1 did not contain a matching query for bar_5m_live&#xD;
info: Kafka.Ksql.Linq.KsqlContext[0]&#xD;
      ksql execute: EXECUTE SQL=SHOW QUERIES;&#xD;
info: Kafka.Ksql.Linq.KsqlContext[0]&#xD;
      SHOW QUERIES output (attempt 2): [{"@type":"queries","statementText":"SHOW QUERIES;","queries":[{"queryString":"CREATE TABLE BAR_15M_LIVE WITH (CLEANUP_POLICY='compact,delete', KAFKA_TOPIC='bar_15m_live', KEY_FORMAT='AVRO', PARTITIONS=1, REPLICAS=1, RETENTION_MS=604800000, VALUE_FORMAT='AVRO') AS SELECT\n  O.BROKER BROKER,\n  O.SYMBOL SYMBOL,\n  WINDOWSTART BUCKETSTART,\n  EARLIEST_BY_OFFSET(O.OPEN) OPEN,\n  MAX(O.HIGH) HIGH,\n  MIN(O.LOW) LOW,\n  LATEST_BY_OFFSET(O.KSQLTIMEFRAMECLOSE) KSQLTIMEFRAMECLOSE\nFROM BAR_1S_FINAL_S O\nWINDOW TUMBLING ( SIZE 15 MINUTES , GRACE PERIOD 4 SECONDS ) \nGROUP BY O.BROKER, O.SYMBOL\nEMIT CHANGES;","sinks":["BAR_15M_LIVE"],"sinkKafkaTopics":["bar_15m_live"],"id":"CTAS_BAR_15M_LIVE_109","statusCount":{"RUNNING":1},"queryType":"PERSISTENT","state":"RUNNING"},{"queryString":"CREATE TABLE BAR_1S_FINAL WITH (CLEANUP_POLICY='compact,delete', KAFKA_TOPIC='bar_1s_final', KEY_FORMAT='AVRO', PARTITIONS=1, REPLICAS=1, RETENTION_MS=604800000, VALUE_FORMAT='AVRO') AS SELECT\n  O.BROKER BROKER,\n  O.SYMBOL SYMBOL,\n  WINDOWSTART BUCKETSTART,\n  EARLIEST_BY_OFFSET(O.BID) OPEN,\n  MAX(O.BID) HIGH,\n  MIN(O.BID) LOW,\n  LATEST_BY_OFFSET(O.BID) KSQLTIMEFRAMECLOSE\nFROM DEDUPRATES O\nWINDOW TUMBLING ( SIZE 1 SECONDS ) \nGROUP BY O.BROKER, O.SYMBOL\nEMIT FINAL;","sinks":["BAR_1S_FINAL"],"sinkKafkaTopics":["bar_1s_final"],"id":"CTAS_BAR_1S_FINAL_97","statusCount":{"RUNNING":1},"queryType":"PERSISTENT","state":"RUNNING"},{"queryString":"CREATE TABLE BAR_60M_LIVE WITH (CLEANUP_POLICY='compact,delete', KAFKA_TOPIC='bar_60m_live', KEY_FORMAT='AVRO', PARTITIONS=1, REPLICAS=1, RETENTION_MS=604800000, VALUE_FORMAT='AVRO') AS SELECT\n  O.BROKER BROKER,\n  O.SYMBOL SYMBOL,\n  WINDOWSTART BUCKETSTART,\n  EARLIEST_BY_OFFSET(O.OPEN) OPEN,\n  MAX(O.HIGH) HIGH,\n  MIN(O.LOW) LOW,\n  LATEST_BY_OFFSET(O.KSQLTIMEFRAMECLOSE) KSQLTIMEFRAMECLOSE\nFROM BAR_1S_FINAL_S O\nWINDOW TUMBLING ( SIZE 60 MINUTES , GRACE PERIOD 5 SECONDS ) \nGROUP BY O.BROKER, O.SYMBOL\nEMIT CHANGES;","sinks":["BAR_60M_LIVE"],"sinkKafkaTopics":["bar_60m_live"],"id":"CTAS_BAR_60M_LIVE_111","statusCount":{"RUNNING":1},"queryType":"PERSISTENT","state":"RUNNING"},{"queryString":"CREATE TABLE BAR_TBIMP_1M_LIVE WITH (CLEANUP_POLICY='compact,delete', KAFKA_TOPIC='bar_tbimp_1m_live', KEY_FORMAT='AVRO', PARTITIONS=1, REPLICAS=1, RETENTION_MS=604800000, VALUE_FORMAT='AVRO') AS SELECT\n  O.BROKER BROKER,\n  O.SYMBOL SYMBOL,\n  WINDOWSTART BUCKETSTART,\n  EARLIEST_BY_OFFSET(O.OPEN) OPEN,\n  MAX(O.HIGH) HIGH,\n  MIN(O.LOW) LOW,\n  LATEST_BY_OFFSET(O.CLOSE) CLOSE\nFROM BAR_TBIMP_1S_FINAL_S O\nWINDOW TUMBLING ( SIZE 1 MINUTES , GRACE PERIOD 2 SECONDS ) \nGROUP BY O.BROKER, O.SYMBOL\nEMIT CHANGES;","sinks":["BAR_TBIMP_1M_LIVE"],"sinkKafkaTopics":["bar_tbimp_1m_live"],"id":"CTAS_BAR_TBIMP_1M_LIVE_89","statusCount":{"RUNNING":1},"queryType":"PERSISTENT","state":"RUNNING"},{"queryString":"CREATE TABLE BAR_5M_LIVE WITH (CLEANUP_POLICY='compact,delete', KAFKA_TOPIC='bar_5m_live', KEY_FORMAT='AVRO', PARTITIONS=1, REPLICAS=1, RETENTION_MS=604800000, VALUE_FORMAT='AVRO') AS SELECT\n  O.BROKER BROKER,\n  O.SYMBOL SYMBOL,\n  WINDOWSTART BUCKETSTART,\n  EARLIEST_BY_OFFSET(O.OPEN) OPEN,\n  MAX(O.HIGH) HIGH,\n  MIN(O.LOW) LOW,\n  LATEST_BY_OFFSET(O.KSQLTIMEFRAMECLOSE) KSQLTIMEFRAMECLOSE\nFROM BAR_1S_FINAL_S O\nWINDOW TUMBLING ( SIZE 5 MINUTES , GRACE PERIOD 3 SECONDS ) \nGROUP BY O.BROKER, O.SYMBOL\nEMIT CHANGES;","sinks":["BAR_5M_LIVE"],"sinkKafkaTopics":["bar_5m_live"],"id":"CTAS_BAR_5M_LIVE_103","statusCount":{"RUNNING":1},"queryType":"PERSISTENT","state":"RUNNING"},{"queryString":"CREATE TABLE BAR_TBIMP_5M_LIVE WITH (CLEANUP_POLICY='compact,delete', KAFKA_TOPIC='bar_tbimp_5m_live', KEY_FORMAT='AVRO', PARTITIONS=1, REPLICAS=1, RETENTION_MS=604800000, VALUE_FORMAT='AVRO') AS SELECT\n  O.BROKER BROKER,\n  O.SYMBOL SYMBOL,\n  WINDOWSTART BUCKETSTART,\n  EARLIEST_BY_OFFSET(O.OPEN) OPEN,\n  MAX(O.HIGH) HIGH,\n  MIN(O.LOW) LOW,\n  LATEST_BY_OFFSET(O.CLOSE) CLOSE\nFROM BAR_TBIMP_1S_FINAL_S O\nWINDOW TUMBLING ( SIZE 5 MINUTES , GRACE PERIOD 3 SECONDS ) \nGROUP BY O.BROKER, O.SYMBOL\nEMIT CHANGES;","sinks":["BAR_TBIMP_5M_LIVE"],"sinkKafkaTopics":["bar_tbimp_5m_live"],"id":"CTAS_BAR_TBIMP_5M_LIVE_91","statusCount":{"RUNNING":1},"queryType":"PERSISTENT","state":"RUNNING"},{"queryString":"CREATE TABLE BAR_1M_LIVE WITH (CLEANUP_POLICY='compact,delete', KAFKA_TOPIC='bar_1m_live', KEY_FORMAT='AVRO', PARTITIONS=1, REPLICAS=1, RETENTION_MS=604800000, VALUE_FORMAT='AVRO') AS SELECT\n  O.BROKER BROKER,\n  O.SYMBOL SYMBOL,\n  WINDOWSTART BUCKETSTART,\n  EARLIEST_BY_OFFSET(O.OPEN) OPEN,\n  MAX(O.HIGH) HIGH,\n  MIN(O.LOW) LOW,\n  LATEST_BY_OFFSET(O.KSQLTIMEFRAMECLOSE) KSQLTIMEFRAMECLOSE\nFROM BAR_1S_FINAL_S O\nWINDOW TUMBLING ( SIZE 1 MINUTES , GRACE PERIOD 2 SECONDS ) \nGROUP BY O.BROKER, O.SYMBOL\nEMIT CHANGES;","sinks":["BAR_1M_LIVE"],"sinkKafkaTopics":["bar_1m_live"],"id":"CTAS_BAR_1M_LIVE_101","statusCount":{"RUNNING":1},"queryType":"PERSISTENT","state":"RUNNING"},{"queryString":"CREATE TABLE BAR_TBIMP_1S_FINAL WITH (CLEANUP_POLICY='compact,delete', KAFKA_TOPIC='bar_tbimp_1s_final', KEY_FORMAT='AVRO', PARTITIONS=1, REPLICAS=1, RETENTION_MS=604800000, VALUE_FORMAT='AVRO') AS SELECT\n  O.BROKER BROKER,\n  O.SYMBOL SYMBOL,\n  WINDOWSTART BUCKETSTART,\n  EARLIEST_BY_OFFSET(O.BID) OPEN,\n  MAX(O.BID) HIGH,\n  MIN(O.BID) LOW,\n  LATEST_BY_OFFSET(O.BID) CLOSE\nFROM TICKS_TBIMP O\nWINDOW TUMBLING ( SIZE 1 SECONDS ) \nGROUP BY O.BROKER, O.SYMBOL\nEMIT FINAL;","sinks":["BAR_TBIMP_1S_FINAL"],"sinkKafkaTopics":["bar_tbimp_1s_final"],"id":"CTAS_BAR_TBIMP_1S_FINAL_85","statusCount":{"RUNNING":1},"queryType":"PERSISTENT","state":"RUNNING"}],"warnings":[]}]&#xD;
warn: Kafka.Ksql.Linq.KsqlContext[0]&#xD;
      SHOW QUERIES attempt 2 did not contain a matching query for bar_5m_live&#xD;
info: Kafka.Ksql.Linq.KsqlContext[0]&#xD;
      ksql execute: EXECUTE SQL=SHOW QUERIES;&#xD;
info: Kafka.Ksql.Linq.KsqlContext[0]&#xD;
      SHOW QUERIES output (attempt 3): [{"@type":"queries","statementText":"SHOW QUERIES;","queries":[{"queryString":"CREATE TABLE BAR_15M_LIVE WITH (CLEANUP_POLICY='compact,delete', KAFKA_TOPIC='bar_15m_live', KEY_FORMAT='AVRO', PARTITIONS=1, REPLICAS=1, RETENTION_MS=604800000, VALUE_FORMAT='AVRO') AS SELECT\n  O.BROKER BROKER,\n  O.SYMBOL SYMBOL,\n  WINDOWSTART BUCKETSTART,\n  EARLIEST_BY_OFFSET(O.OPEN) OPEN,\n  MAX(O.HIGH) HIGH,\n  MIN(O.LOW) LOW,\n  LATEST_BY_OFFSET(O.KSQLTIMEFRAMECLOSE) KSQLTIMEFRAMECLOSE\nFROM BAR_1S_FINAL_S O\nWINDOW TUMBLING ( SIZE 15 MINUTES , GRACE PERIOD 4 SECONDS ) \nGROUP BY O.BROKER, O.SYMBOL\nEMIT CHANGES;","sinks":["BAR_15M_LIVE"],"sinkKafkaTopics":["bar_15m_live"],"id":"CTAS_BAR_15M_LIVE_109","statusCount":{"RUNNING":1},"queryType":"PERSISTENT","state":"RUNNING"},{"queryString":"CREATE TABLE BAR_1S_FINAL WITH (CLEANUP_POLICY='compact,delete', KAFKA_TOPIC='bar_1s_final', KEY_FORMAT='AVRO', PARTITIONS=1, REPLICAS=1, RETENTION_MS=604800000, VALUE_FORMAT='AVRO') AS SELECT\n  O.BROKER BROKER,\n  O.SYMBOL SYMBOL,\n  WINDOWSTART BUCKETSTART,\n  EARLIEST_BY_OFFSET(O.BID) OPEN,\n  MAX(O.BID) HIGH,\n  MIN(O.BID) LOW,\n  LATEST_BY_OFFSET(O.BID) KSQLTIMEFRAMECLOSE\nFROM DEDUPRATES O\nWINDOW TUMBLING ( SIZE 1 SECONDS ) \nGROUP BY O.BROKER, O.SYMBOL\nEMIT FINAL;","sinks":["BAR_1S_FINAL"],"sinkKafkaTopics":["bar_1s_final"],"id":"CTAS_BAR_1S_FINAL_97","statusCount":{"RUNNING":1},"queryType":"PERSISTENT","state":"RUNNING"},{"queryString":"CREATE TABLE BAR_60M_LIVE WITH (CLEANUP_POLICY='compact,delete', KAFKA_TOPIC='bar_60m_live', KEY_FORMAT='AVRO', PARTITIONS=1, REPLICAS=1, RETENTION_MS=604800000, VALUE_FORMAT='AVRO') AS SELECT\n  O.BROKER BROKER,\n  O.SYMBOL SYMBOL,\n  WINDOWSTART BUCKETSTART,\n  EARLIEST_BY_OFFSET(O.OPEN) OPEN,\n  MAX(O.HIGH) HIGH,\n  MIN(O.LOW) LOW,\n  LATEST_BY_OFFSET(O.KSQLTIMEFRAMECLOSE) KSQLTIMEFRAMECLOSE\nFROM BAR_1S_FINAL_S O\nWINDOW TUMBLING ( SIZE 60 MINUTES , GRACE PERIOD 5 SECONDS ) \nGROUP BY O.BROKER, O.SYMBOL\nEMIT CHANGES;","sinks":["BAR_60M_LIVE"],"sinkKafkaTopics":["bar_60m_live"],"id":"CTAS_BAR_60M_LIVE_111","statusCount":{"RUNNING":1},"queryType":"PERSISTENT","state":"RUNNING"},{"queryString":"CREATE TABLE BAR_TBIMP_1M_LIVE WITH (CLEANUP_POLICY='compact,delete', KAFKA_TOPIC='bar_tbimp_1m_live', KEY_FORMAT='AVRO', PARTITIONS=1, REPLICAS=1, RETENTION_MS=604800000, VALUE_FORMAT='AVRO') AS SELECT\n  O.BROKER BROKER,\n  O.SYMBOL SYMBOL,\n  WINDOWSTART BUCKETSTART,\n  EARLIEST_BY_OFFSET(O.OPEN) OPEN,\n  MAX(O.HIGH) HIGH,\n  MIN(O.LOW) LOW,\n  LATEST_BY_OFFSET(O.CLOSE) CLOSE\nFROM BAR_TBIMP_1S_FINAL_S O\nWINDOW TUMBLING ( SIZE 1 MINUTES , GRACE PERIOD 2 SECONDS ) \nGROUP BY O.BROKER, O.SYMBOL\nEMIT CHANGES;","sinks":["BAR_TBIMP_1M_LIVE"],"sinkKafkaTopics":["bar_tbimp_1m_live"],"id":"CTAS_BAR_TBIMP_1M_LIVE_89","statusCount":{"RUNNING":1},"queryType":"PERSISTENT","state":"RUNNING"},{"queryString":"CREATE TABLE BAR_5M_LIVE WITH (CLEANUP_POLICY='compact,delete', KAFKA_TOPIC='bar_5m_live', KEY_FORMAT='AVRO', PARTITIONS=1, REPLICAS=1, RETENTION_MS=604800000, VALUE_FORMAT='AVRO') AS SELECT\n  O.BROKER BROKER,\n  O.SYMBOL SYMBOL,\n  WINDOWSTART BUCKETSTART,\n  EARLIEST_BY_OFFSET(O.OPEN) OPEN,\n  MAX(O.HIGH) HIGH,\n  MIN(O.LOW) LOW,\n  LATEST_BY_OFFSET(O.KSQLTIMEFRAMECLOSE) KSQLTIMEFRAMECLOSE\nFROM BAR_1S_FINAL_S O\nWINDOW TUMBLING ( SIZE 5 MINUTES , GRACE PERIOD 3 SECONDS ) \nGROUP BY O.BROKER, O.SYMBOL\nEMIT CHANGES;","sinks":["BAR_5M_LIVE"],"sinkKafkaTopics":["bar_5m_live"],"id":"CTAS_BAR_5M_LIVE_103","statusCount":{"RUNNING":1},"queryType":"PERSISTENT","state":"RUNNING"},{"queryString":"CREATE TABLE BAR_TBIMP_5M_LIVE WITH (CLEANUP_POLICY='compact,delete', KAFKA_TOPIC='bar_tbimp_5m_live', KEY_FORMAT='AVRO', PARTITIONS=1, REPLICAS=1, RETENTION_MS=604800000, VALUE_FORMAT='AVRO') AS SELECT\n  O.BROKER BROKER,\n  O.SYMBOL SYMBOL,\n  WINDOWSTART BUCKETSTART,\n  EARLIEST_BY_OFFSET(O.OPEN) OPEN,\n  MAX(O.HIGH) HIGH,\n  MIN(O.LOW) LOW,\n  LATEST_BY_OFFSET(O.CLOSE) CLOSE\nFROM BAR_TBIMP_1S_FINAL_S O\nWINDOW TUMBLING ( SIZE 5 MINUTES , GRACE PERIOD 3 SECONDS ) \nGROUP BY O.BROKER, O.SYMBOL\nEMIT CHANGES;","sinks":["BAR_TBIMP_5M_LIVE"],"sinkKafkaTopics":["bar_tbimp_5m_live"],"id":"CTAS_BAR_TBIMP_5M_LIVE_91","statusCount":{"RUNNING":1},"queryType":"PERSISTENT","state":"RUNNING"},{"queryString":"CREATE TABLE BAR_1M_LIVE WITH (CLEANUP_POLICY='compact,delete', KAFKA_TOPIC='bar_1m_live', KEY_FORMAT='AVRO', PARTITIONS=1, REPLICAS=1, RETENTION_MS=604800000, VALUE_FORMAT='AVRO') AS SELECT\n  O.BROKER BROKER,\n  O.SYMBOL SYMBOL,\n  WINDOWSTART BUCKETSTART,\n  EARLIEST_BY_OFFSET(O.OPEN) OPEN,\n  MAX(O.HIGH) HIGH,\n  MIN(O.LOW) LOW,\n  LATEST_BY_OFFSET(O.KSQLTIMEFRAMECLOSE) KSQLTIMEFRAMECLOSE\nFROM BAR_1S_FINAL_S O\nWINDOW TUMBLING ( SIZE 1 MINUTES , GRACE PERIOD 2 SECONDS ) \nGROUP BY O.BROKER, O.SYMBOL\nEMIT CHANGES;","sinks":["BAR_1M_LIVE"],"sinkKafkaTopics":["bar_1m_live"],"id":"CTAS_BAR_1M_LIVE_101","statusCount":{"RUNNING":1},"queryType":"PERSISTENT","state":"RUNNING"},{"queryString":"CREATE TABLE BAR_TBIMP_1S_FINAL WITH (CLEANUP_POLICY='compact,delete', KAFKA_TOPIC='bar_tbimp_1s_final', KEY_FORMAT='AVRO', PARTITIONS=1, REPLICAS=1, RETENTION_MS=604800000, VALUE_FORMAT='AVRO') AS SELECT\n  O.BROKER BROKER,\n  O.SYMBOL SYMBOL,\n  WINDOWSTART BUCKETSTART,\n  EARLIEST_BY_OFFSET(O.BID) OPEN,\n  MAX(O.BID) HIGH,\n  MIN(O.BID) LOW,\n  LATEST_BY_OFFSET(O.BID) CLOSE\nFROM TICKS_TBIMP O\nWINDOW TUMBLING ( SIZE 1 SECONDS ) \nGROUP BY O.BROKER, O.SYMBOL\nEMIT FINAL;","sinks":["BAR_TBIMP_1S_FINAL"],"sinkKafkaTopics":["bar_tbimp_1s_final"],"id":"CTAS_BAR_TBIMP_1S_FINAL_85","statusCount":{"RUNNING":1},"queryType":"PERSISTENT","state":"RUNNING"}],"warnings":[]}]&#xD;
warn: Kafka.Ksql.Linq.KsqlContext[0]&#xD;
      SHOW QUERIES attempt 3 did not contain a matching query for bar_5m_live&#xD;
info: Kafka.Ksql.Linq.KsqlContext[0]&#xD;
      ksql execute: EXECUTE SQL=SHOW QUERIES;&#xD;
info: Kafka.Ksql.Linq.KsqlContext[0]&#xD;
      SHOW QUERIES output (attempt 4): [{"@type":"queries","statementText":"SHOW QUERIES;","queries":[{"queryString":"CREATE TABLE BAR_15M_LIVE WITH (CLEANUP_POLICY='compact,delete', KAFKA_TOPIC='bar_15m_live', KEY_FORMAT='AVRO', PARTITIONS=1, REPLICAS=1, RETENTION_MS=604800000, VALUE_FORMAT='AVRO') AS SELECT\n  O.BROKER BROKER,\n  O.SYMBOL SYMBOL,\n  WINDOWSTART BUCKETSTART,\n  EARLIEST_BY_OFFSET(O.OPEN) OPEN,\n  MAX(O.HIGH) HIGH,\n  MIN(O.LOW) LOW,\n  LATEST_BY_OFFSET(O.KSQLTIMEFRAMECLOSE) KSQLTIMEFRAMECLOSE\nFROM BAR_1S_FINAL_S O\nWINDOW TUMBLING ( SIZE 15 MINUTES , GRACE PERIOD 4 SECONDS ) \nGROUP BY O.BROKER, O.SYMBOL\nEMIT CHANGES;","sinks":["BAR_15M_LIVE"],"sinkKafkaTopics":["bar_15m_live"],"id":"CTAS_BAR_15M_LIVE_109","statusCount":{"RUNNING":1},"queryType":"PERSISTENT","state":"RUNNING"},{"queryString":"CREATE TABLE BAR_1S_FINAL WITH (CLEANUP_POLICY='compact,delete', KAFKA_TOPIC='bar_1s_final', KEY_FORMAT='AVRO', PARTITIONS=1, REPLICAS=1, RETENTION_MS=604800000, VALUE_FORMAT='AVRO') AS SELECT\n  O.BROKER BROKER,\n  O.SYMBOL SYMBOL,\n  WINDOWSTART BUCKETSTART,\n  EARLIEST_BY_OFFSET(O.BID) OPEN,\n  MAX(O.BID) HIGH,\n  MIN(O.BID) LOW,\n  LATEST_BY_OFFSET(O.BID) KSQLTIMEFRAMECLOSE\nFROM DEDUPRATES O\nWINDOW TUMBLING ( SIZE 1 SECONDS ) \nGROUP BY O.BROKER, O.SYMBOL\nEMIT FINAL;","sinks":["BAR_1S_FINAL"],"sinkKafkaTopics":["bar_1s_final"],"id":"CTAS_BAR_1S_FINAL_97","statusCount":{"RUNNING":1},"queryType":"PERSISTENT","state":"RUNNING"},{"queryString":"CREATE TABLE BAR_60M_LIVE WITH (CLEANUP_POLICY='compact,delete', KAFKA_TOPIC='bar_60m_live', KEY_FORMAT='AVRO', PARTITIONS=1, REPLICAS=1, RETENTION_MS=604800000, VALUE_FORMAT='AVRO') AS SELECT\n  O.BROKER BROKER,\n  O.SYMBOL SYMBOL,\n  WINDOWSTART BUCKETSTART,\n  EARLIEST_BY_OFFSET(O.OPEN) OPEN,\n  MAX(O.HIGH) HIGH,\n  MIN(O.LOW) LOW,\n  LATEST_BY_OFFSET(O.KSQLTIMEFRAMECLOSE) KSQLTIMEFRAMECLOSE\nFROM BAR_1S_FINAL_S O\nWINDOW TUMBLING ( SIZE 60 MINUTES , GRACE PERIOD 5 SECONDS ) \nGROUP BY O.BROKER, O.SYMBOL\nEMIT CHANGES;","sinks":["BAR_60M_LIVE"],"sinkKafkaTopics":["bar_60m_live"],"id":"CTAS_BAR_60M_LIVE_111","statusCount":{"RUNNING":1},"queryType":"PERSISTENT","state":"RUNNING"},{"queryString":"CREATE TABLE BAR_TBIMP_1M_LIVE WITH (CLEANUP_POLICY='compact,delete', KAFKA_TOPIC='bar_tbimp_1m_live', KEY_FORMAT='AVRO', PARTITIONS=1, REPLICAS=1, RETENTION_MS=604800000, VALUE_FORMAT='AVRO') AS SELECT\n  O.BROKER BROKER,\n  O.SYMBOL SYMBOL,\n  WINDOWSTART BUCKETSTART,\n  EARLIEST_BY_OFFSET(O.OPEN) OPEN,\n  MAX(O.HIGH) HIGH,\n  MIN(O.LOW) LOW,\n  LATEST_BY_OFFSET(O.CLOSE) CLOSE\nFROM BAR_TBIMP_1S_FINAL_S O\nWINDOW TUMBLING ( SIZE 1 MINUTES , GRACE PERIOD 2 SECONDS ) \nGROUP BY O.BROKER, O.SYMBOL\nEMIT CHANGES;","sinks":["BAR_TBIMP_1M_LIVE"],"sinkKafkaTopics":["bar_tbimp_1m_live"],"id":"CTAS_BAR_TBIMP_1M_LIVE_89","statusCount":{"RUNNING":1},"queryType":"PERSISTENT","state":"RUNNING"},{"queryString":"CREATE TABLE BAR_5M_LIVE WITH (CLEANUP_POLICY='compact,delete', KAFKA_TOPIC='bar_5m_live', KEY_FORMAT='AVRO', PARTITIONS=1, REPLICAS=1, RETENTION_MS=604800000, VALUE_FORMAT='AVRO') AS SELECT\n  O.BROKER BROKER,\n  O.SYMBOL SYMBOL,\n  WINDOWSTART BUCKETSTART,\n  EARLIEST_BY_OFFSET(O.OPEN) OPEN,\n  MAX(O.HIGH) HIGH,\n  MIN(O.LOW) LOW,\n  LATEST_BY_OFFSET(O.KSQLTIMEFRAMECLOSE) KSQLTIMEFRAMECLOSE\nFROM BAR_1S_FINAL_S O\nWINDOW TUMBLING ( SIZE 5 MINUTES , GRACE PERIOD 3 SECONDS ) \nGROUP BY O.BROKER, O.SYMBOL\nEMIT CHANGES;","sinks":["BAR_5M_LIVE"],"sinkKafkaTopics":["bar_5m_live"],"id":"CTAS_BAR_5M_LIVE_103","statusCount":{"RUNNING":1},"queryType":"PERSISTENT","state":"RUNNING"},{"queryString":"CREATE TABLE BAR_TBIMP_5M_LIVE WITH (CLEANUP_POLICY='compact,delete', KAFKA_TOPIC='bar_tbimp_5m_live', KEY_FORMAT='AVRO', PARTITIONS=1, REPLICAS=1, RETENTION_MS=604800000, VALUE_FORMAT='AVRO') AS SELECT\n  O.BROKER BROKER,\n  O.SYMBOL SYMBOL,\n  WINDOWSTART BUCKETSTART,\n  EARLIEST_BY_OFFSET(O.OPEN) OPEN,\n  MAX(O.HIGH) HIGH,\n  MIN(O.LOW) LOW,\n  LATEST_BY_OFFSET(O.CLOSE) CLOSE\nFROM BAR_TBIMP_1S_FINAL_S O\nWINDOW TUMBLING ( SIZE 5 MINUTES , GRACE PERIOD 3 SECONDS ) \nGROUP BY O.BROKER, O.SYMBOL\nEMIT CHANGES;","sinks":["BAR_TBIMP_5M_LIVE"],"sinkKafkaTopics":["bar_tbimp_5m_live"],"id":"CTAS_BAR_TBIMP_5M_LIVE_91","statusCount":{"RUNNING":1},"queryType":"PERSISTENT","state":"RUNNING"},{"queryString":"CREATE TABLE BAR_1M_LIVE WITH (CLEANUP_POLICY='compact,delete', KAFKA_TOPIC='bar_1m_live', KEY_FORMAT='AVRO', PARTITIONS=1, REPLICAS=1, RETENTION_MS=604800000, VALUE_FORMAT='AVRO') AS SELECT\n  O.BROKER BROKER,\n  O.SYMBOL SYMBOL,\n  WINDOWSTART BUCKETSTART,\n  EARLIEST_BY_OFFSET(O.OPEN) OPEN,\n  MAX(O.HIGH) HIGH,\n  MIN(O.LOW) LOW,\n  LATEST_BY_OFFSET(O.KSQLTIMEFRAMECLOSE) KSQLTIMEFRAMECLOSE\nFROM BAR_1S_FINAL_S O\nWINDOW TUMBLING ( SIZE 1 MINUTES , GRACE PERIOD 2 SECONDS ) \nGROUP BY O.BROKER, O.SYMBOL\nEMIT CHANGES;","sinks":["BAR_1M_LIVE"],"sinkKafkaTopics":["bar_1m_live"],"id":"CTAS_BAR_1M_LIVE_101","statusCount":{"RUNNING":1},"queryType":"PERSISTENT","state":"RUNNING"},{"queryString":"CREATE TABLE BAR_TBIMP_1S_FINAL WITH (CLEANUP_POLICY='compact,delete', KAFKA_TOPIC='bar_tbimp_1s_final', KEY_FORMAT='AVRO', PARTITIONS=1, REPLICAS=1, RETENTION_MS=604800000, VALUE_FORMAT='AVRO') AS SELECT\n  O.BROKER BROKER,\n  O.SYMBOL SYMBOL,\n  WINDOWSTART BUCKETSTART,\n  EARLIEST_BY_OFFSET(O.BID) OPEN,\n  MAX(O.BID) HIGH,\n  MIN(O.BID) LOW,\n  LATEST_BY_OFFSET(O.BID) CLOSE\nFROM TICKS_TBIMP O\nWINDOW TUMBLING ( SIZE 1 SECONDS ) \nGROUP BY O.BROKER, O.SYMBOL\nEMIT FINAL;","sinks":["BAR_TBIMP_1S_FINAL"],"sinkKafkaTopics":["bar_tbimp_1s_final"],"id":"CTAS_BAR_TBIMP_1S_FINAL_85","statusCount":{"RUNNING":1},"queryType":"PERSISTENT","state":"RUNNING"}],"warnings":[]}]&#xD;
warn: Kafka.Ksql.Linq.KsqlContext[0]&#xD;
      SHOW QUERIES attempt 4 did not contain a matching query for bar_5m_live&#xD;
info: Kafka.Ksql.Linq.KsqlContext[0]&#xD;
      ksql execute: EXECUTE SQL=SHOW QUERIES;&#xD;
info: Kafka.Ksql.Linq.KsqlContext[0]&#xD;
      SHOW QUERIES output (attempt 5): [{"@type":"queries","statementText":"SHOW QUERIES;","queries":[{"queryString":"CREATE TABLE BAR_15M_LIVE WITH (CLEANUP_POLICY='compact,delete', KAFKA_TOPIC='bar_15m_live', KEY_FORMAT='AVRO', PARTITIONS=1, REPLICAS=1, RETENTION_MS=604800000, VALUE_FORMAT='AVRO') AS SELECT\n  O.BROKER BROKER,\n  O.SYMBOL SYMBOL,\n  WINDOWSTART BUCKETSTART,\n  EARLIEST_BY_OFFSET(O.OPEN) OPEN,\n  MAX(O.HIGH) HIGH,\n  MIN(O.LOW) LOW,\n  LATEST_BY_OFFSET(O.KSQLTIMEFRAMECLOSE) KSQLTIMEFRAMECLOSE\nFROM BAR_1S_FINAL_S O\nWINDOW TUMBLING ( SIZE 15 MINUTES , GRACE PERIOD 4 SECONDS ) \nGROUP BY O.BROKER, O.SYMBOL\nEMIT CHANGES;","sinks":["BAR_15M_LIVE"],"sinkKafkaTopics":["bar_15m_live"],"id":"CTAS_BAR_15M_LIVE_109","statusCount":{"RUNNING":1},"queryType":"PERSISTENT","state":"RUNNING"},{"queryString":"CREATE TABLE BAR_1S_FINAL WITH (CLEANUP_POLICY='compact,delete', KAFKA_TOPIC='bar_1s_final', KEY_FORMAT='AVRO', PARTITIONS=1, REPLICAS=1, RETENTION_MS=604800000, VALUE_FORMAT='AVRO') AS SELECT\n  O.BROKER BROKER,\n  O.SYMBOL SYMBOL,\n  WINDOWSTART BUCKETSTART,\n  EARLIEST_BY_OFFSET(O.BID) OPEN,\n  MAX(O.BID) HIGH,\n  MIN(O.BID) LOW,\n  LATEST_BY_OFFSET(O.BID) KSQLTIMEFRAMECLOSE\nFROM DEDUPRATES O\nWINDOW TUMBLING ( SIZE 1 SECONDS ) \nGROUP BY O.BROKER, O.SYMBOL\nEMIT FINAL;","sinks":["BAR_1S_FINAL"],"sinkKafkaTopics":["bar_1s_final"],"id":"CTAS_BAR_1S_FINAL_97","statusCount":{"RUNNING":1},"queryType":"PERSISTENT","state":"RUNNING"},{"queryString":"CREATE TABLE BAR_60M_LIVE WITH (CLEANUP_POLICY='compact,delete', KAFKA_TOPIC='bar_60m_live', KEY_FORMAT='AVRO', PARTITIONS=1, REPLICAS=1, RETENTION_MS=604800000, VALUE_FORMAT='AVRO') AS SELECT\n  O.BROKER BROKER,\n  O.SYMBOL SYMBOL,\n  WINDOWSTART BUCKETSTART,\n  EARLIEST_BY_OFFSET(O.OPEN) OPEN,\n  MAX(O.HIGH) HIGH,\n  MIN(O.LOW) LOW,\n  LATEST_BY_OFFSET(O.KSQLTIMEFRAMECLOSE) KSQLTIMEFRAMECLOSE\nFROM BAR_1S_FINAL_S O\nWINDOW TUMBLING ( SIZE 60 MINUTES , GRACE PERIOD 5 SECONDS ) \nGROUP BY O.BROKER, O.SYMBOL\nEMIT CHANGES;","sinks":["BAR_60M_LIVE"],"sinkKafkaTopics":["bar_60m_live"],"id":"CTAS_BAR_60M_LIVE_111","statusCount":{"RUNNING":1},"queryType":"PERSISTENT","state":"RUNNING"},{"queryString":"CREATE TABLE BAR_TBIMP_1M_LIVE WITH (CLEANUP_POLICY='compact,delete', KAFKA_TOPIC='bar_tbimp_1m_live', KEY_FORMAT='AVRO', PARTITIONS=1, REPLICAS=1, RETENTION_MS=604800000, VALUE_FORMAT='AVRO') AS SELECT\n  O.BROKER BROKER,\n  O.SYMBOL SYMBOL,\n  WINDOWSTART BUCKETSTART,\n  EARLIEST_BY_OFFSET(O.OPEN) OPEN,\n  MAX(O.HIGH) HIGH,\n  MIN(O.LOW) LOW,\n  LATEST_BY_OFFSET(O.CLOSE) CLOSE\nFROM BAR_TBIMP_1S_FINAL_S O\nWINDOW TUMBLING ( SIZE 1 MINUTES , GRACE PERIOD 2 SECONDS ) \nGROUP BY O.BROKER, O.SYMBOL\nEMIT CHANGES;","sinks":["BAR_TBIMP_1M_LIVE"],"sinkKafkaTopics":["bar_tbimp_1m_live"],"id":"CTAS_BAR_TBIMP_1M_LIVE_89","statusCount":{"RUNNING":1},"queryType":"PERSISTENT","state":"RUNNING"},{"queryString":"CREATE TABLE BAR_5M_LIVE WITH (CLEANUP_POLICY='compact,delete', KAFKA_TOPIC='bar_5m_live', KEY_FORMAT='AVRO', PARTITIONS=1, REPLICAS=1, RETENTION_MS=604800000, VALUE_FORMAT='AVRO') AS SELECT\n  O.BROKER BROKER,\n  O.SYMBOL SYMBOL,\n  WINDOWSTART BUCKETSTART,\n  EARLIEST_BY_OFFSET(O.OPEN) OPEN,\n  MAX(O.HIGH) HIGH,\n  MIN(O.LOW) LOW,\n  LATEST_BY_OFFSET(O.KSQLTIMEFRAMECLOSE) KSQLTIMEFRAMECLOSE\nFROM BAR_1S_FINAL_S O\nWINDOW TUMBLING ( SIZE 5 MINUTES , GRACE PERIOD 3 SECONDS ) \nGROUP BY O.BROKER, O.SYMBOL\nEMIT CHANGES;","sinks":["BAR_5M_LIVE"],"sinkKafkaTopics":["bar_5m_live"],"id":"CTAS_BAR_5M_LIVE_103","statusCount":{"RUNNING":1},"queryType":"PERSISTENT","state":"RUNNING"},{"queryString":"CREATE TABLE BAR_TBIMP_5M_LIVE WITH (CLEANUP_POLICY='compact,delete', KAFKA_TOPIC='bar_tbimp_5m_live', KEY_FORMAT='AVRO', PARTITIONS=1, REPLICAS=1, RETENTION_MS=604800000, VALUE_FORMAT='AVRO') AS SELECT\n  O.BROKER BROKER,\n  O.SYMBOL SYMBOL,\n  WINDOWSTART BUCKETSTART,\n  EARLIEST_BY_OFFSET(O.OPEN) OPEN,\n  MAX(O.HIGH) HIGH,\n  MIN(O.LOW) LOW,\n  LATEST_BY_OFFSET(O.CLOSE) CLOSE\nFROM BAR_TBIMP_1S_FINAL_S O\nWINDOW TUMBLING ( SIZE 5 MINUTES , GRACE PERIOD 3 SECONDS ) \nGROUP BY O.BROKER, O.SYMBOL\nEMIT CHANGES;","sinks":["BAR_TBIMP_5M_LIVE"],"sinkKafkaTopics":["bar_tbimp_5m_live"],"id":"CTAS_BAR_TBIMP_5M_LIVE_91","statusCount":{"RUNNING":1},"queryType":"PERSISTENT","state":"RUNNING"},{"queryString":"CREATE TABLE BAR_1M_LIVE WITH (CLEANUP_POLICY='compact,delete', KAFKA_TOPIC='bar_1m_live', KEY_FORMAT='AVRO', PARTITIONS=1, REPLICAS=1, RETENTION_MS=604800000, VALUE_FORMAT='AVRO') AS SELECT\n  O.BROKER BROKER,\n  O.SYMBOL SYMBOL,\n  WINDOWSTART BUCKETSTART,\n  EARLIEST_BY_OFFSET(O.OPEN) OPEN,\n  MAX(O.HIGH) HIGH,\n  MIN(O.LOW) LOW,\n  LATEST_BY_OFFSET(O.KSQLTIMEFRAMECLOSE) KSQLTIMEFRAMECLOSE\nFROM BAR_1S_FINAL_S O\nWINDOW TUMBLING ( SIZE 1 MINUTES , GRACE PERIOD 2 SECONDS ) \nGROUP BY O.BROKER, O.SYMBOL\nEMIT CHANGES;","sinks":["BAR_1M_LIVE"],"sinkKafkaTopics":["bar_1m_live"],"id":"CTAS_BAR_1M_LIVE_101","statusCount":{"RUNNING":1},"queryType":"PERSISTENT","state":"RUNNING"},{"queryString":"CREATE TABLE BAR_TBIMP_1S_FINAL WITH (CLEANUP_POLICY='compact,delete', KAFKA_TOPIC='bar_tbimp_1s_final', KEY_FORMAT='AVRO', PARTITIONS=1, REPLICAS=1, RETENTION_MS=604800000, VALUE_FORMAT='AVRO') AS SELECT\n  O.BROKER BROKER,\n  O.SYMBOL SYMBOL,\n  WINDOWSTART BUCKETSTART,\n  EARLIEST_BY_OFFSET(O.BID) OPEN,\n  MAX(O.BID) HIGH,\n  MIN(O.BID) LOW,\n  LATEST_BY_OFFSET(O.BID) CLOSE\nFROM TICKS_TBIMP O\nWINDOW TUMBLING ( SIZE 1 SECONDS ) \nGROUP BY O.BROKER, O.SYMBOL\nEMIT FINAL;","sinks":["BAR_TBIMP_1S_FINAL"],"sinkKafkaTopics":["bar_tbimp_1s_final"],"id":"CTAS_BAR_TBIMP_1S_FINAL_85","statusCount":{"RUNNING":1},"queryType":"PERSISTENT","state":"RUNNING"}],"warnings":[]}]&#xD;
warn: Kafka.Ksql.Linq.KsqlContext[0]&#xD;
      SHOW QUERIES attempt 5 did not contain a matching query for bar_5m_live&#xD;
info: Streamiz.Kafka.Net.Processors.StreamThread[0]&#xD;
      Processed 0 total records, ran 0 punctuators and committed 0 total tasks since the last update&#xD;
warn: Kafka.Ksql.Linq.KsqlContext[0]&#xD;
      Unable to locate queryId for bar_5m_live after 5 attempts&#xD;
warn: Kafka.Ksql.Linq.KsqlContext[0]&#xD;
      Could not locate queryId via SHOW QUERIES for derived statement targeting bar_5m_live: CREATE TABLE bar_5m_live  WITH (KAFKA_TOPIC='bar_5m_live', KEY_FORMAT='AVRO', VALUE_FORMAT='AVRO') AS&#xD;
      SELECT BROKER AS Broker, SYMBOL AS Symbol, WINDOWSTART AS BucketStart, EARLIEST_BY_OFFSET(o.OPEN) AS Open, MAX(o.HIGH) AS High, MIN(o.LOW) AS Low, LATEST_BY_OFFSET(o.KSQLTIMEFRAMECLOSE) AS KsqlTimeFrameClose&#xD;
      FROM bar_1s_final_s o WINDOW TUMBLING (SIZE 5 MINUTES, GRACE PERIOD 3 SECONDS)&#xD;
      GROUP BY BROKER, SYMBOL&#xD;
      EMIT CHANGES;&#xD;
info: Kafka.Ksql.Linq.KsqlContext[0]&#xD;
      ksql execute: EXECUTE SQL=SHOW QUERIES;&#xD;
info: Kafka.Ksql.Linq.KsqlContext[0]&#xD;
      SHOW QUERIES output (attempt 1): [{"@type":"queries","statementText":"SHOW QUERIES;","queries":[{"queryString":"CREATE TABLE BAR_15M_LIVE WITH (CLEANUP_POLICY='compact,delete', KAFKA_TOPIC='bar_15m_live', KEY_FORMAT='AVRO', PARTITIONS=1, REPLICAS=1, RETENTION_MS=604800000, VALUE_FORMAT='AVRO') AS SELECT\n  O.BROKER BROKER,\n  O.SYMBOL SYMBOL,\n  WINDOWSTART BUCKETSTART,\n  EARLIEST_BY_OFFSET(O.OPEN) OPEN,\n  MAX(O.HIGH) HIGH,\n  MIN(O.LOW) LOW,\n  LATEST_BY_OFFSET(O.KSQLTIMEFRAMECLOSE) KSQLTIMEFRAMECLOSE\nFROM BAR_1S_FINAL_S O\nWINDOW TUMBLING ( SIZE 15 MINUTES , GRACE PERIOD 4 SECONDS ) \nGROUP BY O.BROKER, O.SYMBOL\nEMIT CHANGES;","sinks":["BAR_15M_LIVE"],"sinkKafkaTopics":["bar_15m_live"],"id":"CTAS_BAR_15M_LIVE_109","statusCount":{"RUNNING":1},"queryType":"PERSISTENT","state":"RUNNING"},{"queryString":"CREATE TABLE BAR_1S_FINAL WITH (CLEANUP_POLICY='compact,delete', KAFKA_TOPIC='bar_1s_final', KEY_FORMAT='AVRO', PARTITIONS=1, REPLICAS=1, RETENTION_MS=604800000, VALUE_FORMAT='AVRO') AS SELECT\n  O.BROKER BROKER,\n  O.SYMBOL SYMBOL,\n  WINDOWSTART BUCKETSTART,\n  EARLIEST_BY_OFFSET(O.BID) OPEN,\n  MAX(O.BID) HIGH,\n  MIN(O.BID) LOW,\n  LATEST_BY_OFFSET(O.BID) KSQLTIMEFRAMECLOSE\nFROM DEDUPRATES O\nWINDOW TUMBLING ( SIZE 1 SECONDS ) \nGROUP BY O.BROKER, O.SYMBOL\nEMIT FINAL;","sinks":["BAR_1S_FINAL"],"sinkKafkaTopics":["bar_1s_final"],"id":"CTAS_BAR_1S_FINAL_97","statusCount":{"RUNNING":1},"queryType":"PERSISTENT","state":"RUNNING"},{"queryString":"CREATE TABLE BAR_60M_LIVE WITH (CLEANUP_POLICY='compact,delete', KAFKA_TOPIC='bar_60m_live', KEY_FORMAT='AVRO', PARTITIONS=1, REPLICAS=1, RETENTION_MS=604800000, VALUE_FORMAT='AVRO') AS SELECT\n  O.BROKER BROKER,\n  O.SYMBOL SYMBOL,\n  WINDOWSTART BUCKETSTART,\n  EARLIEST_BY_OFFSET(O.OPEN) OPEN,\n  MAX(O.HIGH) HIGH,\n  MIN(O.LOW) LOW,\n  LATEST_BY_OFFSET(O.KSQLTIMEFRAMECLOSE) KSQLTIMEFRAMECLOSE\nFROM BAR_1S_FINAL_S O\nWINDOW TUMBLING ( SIZE 60 MINUTES , GRACE PERIOD 5 SECONDS ) \nGROUP BY O.BROKER, O.SYMBOL\nEMIT CHANGES;","sinks":["BAR_60M_LIVE"],"sinkKafkaTopics":["bar_60m_live"],"id":"CTAS_BAR_60M_LIVE_111","statusCount":{"RUNNING":1},"queryType":"PERSISTENT","state":"RUNNING"},{"queryString":"CREATE TABLE BAR_TBIMP_1M_LIVE WITH (CLEANUP_POLICY='compact,delete', KAFKA_TOPIC='bar_tbimp_1m_live', KEY_FORMAT='AVRO', PARTITIONS=1, REPLICAS=1, RETENTION_MS=604800000, VALUE_FORMAT='AVRO') AS SELECT\n  O.BROKER BROKER,\n  O.SYMBOL SYMBOL,\n  WINDOWSTART BUCKETSTART,\n  EARLIEST_BY_OFFSET(O.OPEN) OPEN,\n  MAX(O.HIGH) HIGH,\n  MIN(O.LOW) LOW,\n  LATEST_BY_OFFSET(O.CLOSE) CLOSE\nFROM BAR_TBIMP_1S_FINAL_S O\nWINDOW TUMBLING ( SIZE 1 MINUTES , GRACE PERIOD 2 SECONDS ) \nGROUP BY O.BROKER, O.SYMBOL\nEMIT CHANGES;","sinks":["BAR_TBIMP_1M_LIVE"],"sinkKafkaTopics":["bar_tbimp_1m_live"],"id":"CTAS_BAR_TBIMP_1M_LIVE_89","statusCount":{"RUNNING":1},"queryType":"PERSISTENT","state":"RUNNING"},{"queryString":"CREATE TABLE BAR_5M_LIVE WITH (CLEANUP_POLICY='compact,delete', KAFKA_TOPIC='bar_5m_live', KEY_FORMAT='AVRO', PARTITIONS=1, REPLICAS=1, RETENTION_MS=604800000, VALUE_FORMAT='AVRO') AS SELECT\n  O.BROKER BROKER,\n  O.SYMBOL SYMBOL,\n  WINDOWSTART BUCKETSTART,\n  EARLIEST_BY_OFFSET(O.OPEN) OPEN,\n  MAX(O.HIGH) HIGH,\n  MIN(O.LOW) LOW,\n  LATEST_BY_OFFSET(O.KSQLTIMEFRAMECLOSE) KSQLTIMEFRAMECLOSE\nFROM BAR_1S_FINAL_S O\nWINDOW TUMBLING ( SIZE 5 MINUTES , GRACE PERIOD 3 SECONDS ) \nGROUP BY O.BROKER, O.SYMBOL\nEMIT CHANGES;","sinks":["BAR_5M_LIVE"],"sinkKafkaTopics":["bar_5m_live"],"id":"CTAS_BAR_5M_LIVE_103","statusCount":{"RUNNING":1},"queryType":"PERSISTENT","state":"RUNNING"},{"queryString":"CREATE TABLE BAR_TBIMP_5M_LIVE WITH (CLEANUP_POLICY='compact,delete', KAFKA_TOPIC='bar_tbimp_5m_live', KEY_FORMAT='AVRO', PARTITIONS=1, REPLICAS=1, RETENTION_MS=604800000, VALUE_FORMAT='AVRO') AS SELECT\n  O.BROKER BROKER,\n  O.SYMBOL SYMBOL,\n  WINDOWSTART BUCKETSTART,\n  EARLIEST_BY_OFFSET(O.OPEN) OPEN,\n  MAX(O.HIGH) HIGH,\n  MIN(O.LOW) LOW,\n  LATEST_BY_OFFSET(O.CLOSE) CLOSE\nFROM BAR_TBIMP_1S_FINAL_S O\nWINDOW TUMBLING ( SIZE 5 MINUTES , GRACE PERIOD 3 SECONDS ) \nGROUP BY O.BROKER, O.SYMBOL\nEMIT CHANGES;","sinks":["BAR_TBIMP_5M_LIVE"],"sinkKafkaTopics":["bar_tbimp_5m_live"],"id":"CTAS_BAR_TBIMP_5M_LIVE_91","statusCount":{"RUNNING":1},"queryType":"PERSISTENT","state":"RUNNING"},{"queryString":"CREATE TABLE BAR_1M_LIVE WITH (CLEANUP_POLICY='compact,delete', KAFKA_TOPIC='bar_1m_live', KEY_FORMAT='AVRO', PARTITIONS=1, REPLICAS=1, RETENTION_MS=604800000, VALUE_FORMAT='AVRO') AS SELECT\n  O.BROKER BROKER,\n  O.SYMBOL SYMBOL,\n  WINDOWSTART BUCKETSTART,\n  EARLIEST_BY_OFFSET(O.OPEN) OPEN,\n  MAX(O.HIGH) HIGH,\n  MIN(O.LOW) LOW,\n  LATEST_BY_OFFSET(O.KSQLTIMEFRAMECLOSE) KSQLTIMEFRAMECLOSE\nFROM BAR_1S_FINAL_S O\nWINDOW TUMBLING ( SIZE 1 MINUTES , GRACE PERIOD 2 SECONDS ) \nGROUP BY O.BROKER, O.SYMBOL\nEMIT CHANGES;","sinks":["BAR_1M_LIVE"],"sinkKafkaTopics":["bar_1m_live"],"id":"CTAS_BAR_1M_LIVE_101","statusCount":{"RUNNING":1},"queryType":"PERSISTENT","state":"RUNNING"},{"queryString":"CREATE TABLE BAR_TBIMP_1S_FINAL WITH (CLEANUP_POLICY='compact,delete', KAFKA_TOPIC='bar_tbimp_1s_final', KEY_FORMAT='AVRO', PARTITIONS=1, REPLICAS=1, RETENTION_MS=604800000, VALUE_FORMAT='AVRO') AS SELECT\n  O.BROKER BROKER,\n  O.SYMBOL SYMBOL,\n  WINDOWSTART BUCKETSTART,\n  EARLIEST_BY_OFFSET(O.BID) OPEN,\n  MAX(O.BID) HIGH,\n  MIN(O.BID) LOW,\n  LATEST_BY_OFFSET(O.BID) CLOSE\nFROM TICKS_TBIMP O\nWINDOW TUMBLING ( SIZE 1 SECONDS ) \nGROUP BY O.BROKER, O.SYMBOL\nEMIT FINAL;","sinks":["BAR_TBIMP_1S_FINAL"],"sinkKafkaTopics":["bar_tbimp_1s_final"],"id":"CTAS_BAR_TBIMP_1S_FINAL_85","statusCount":{"RUNNING":1},"queryType":"PERSISTENT","state":"RUNNING"}],"warnings":[]}]&#xD;
warn: Kafka.Ksql.Linq.KsqlContext[0]&#xD;
      SHOW QUERIES attempt 1 did not contain a matching query for bar_15m_live&#xD;
info: Kafka.Ksql.Linq.KsqlContext[0]&#xD;
      ksql execute: EXECUTE SQL=SHOW QUERIES;&#xD;
info: Kafka.Ksql.Linq.KsqlContext[0]&#xD;
      SHOW QUERIES output (attempt 2): [{"@type":"queries","statementText":"SHOW QUERIES;","queries":[{"queryString":"CREATE TABLE BAR_15M_LIVE WITH (CLEANUP_POLICY='compact,delete', KAFKA_TOPIC='bar_15m_live', KEY_FORMAT='AVRO', PARTITIONS=1, REPLICAS=1, RETENTION_MS=604800000, VALUE_FORMAT='AVRO') AS SELECT\n  O.BROKER BROKER,\n  O.SYMBOL SYMBOL,\n  WINDOWSTART BUCKETSTART,\n  EARLIEST_BY_OFFSET(O.OPEN) OPEN,\n  MAX(O.HIGH) HIGH,\n  MIN(O.LOW) LOW,\n  LATEST_BY_OFFSET(O.KSQLTIMEFRAMECLOSE) KSQLTIMEFRAMECLOSE\nFROM BAR_1S_FINAL_S O\nWINDOW TUMBLING ( SIZE 15 MINUTES , GRACE PERIOD 4 SECONDS ) \nGROUP BY O.BROKER, O.SYMBOL\nEMIT CHANGES;","sinks":["BAR_15M_LIVE"],"sinkKafkaTopics":["bar_15m_live"],"id":"CTAS_BAR_15M_LIVE_109","statusCount":{"RUNNING":1},"queryType":"PERSISTENT","state":"RUNNING"},{"queryString":"CREATE TABLE BAR_1S_FINAL WITH (CLEANUP_POLICY='compact,delete', KAFKA_TOPIC='bar_1s_final', KEY_FORMAT='AVRO', PARTITIONS=1, REPLICAS=1, RETENTION_MS=604800000, VALUE_FORMAT='AVRO') AS SELECT\n  O.BROKER BROKER,\n  O.SYMBOL SYMBOL,\n  WINDOWSTART BUCKETSTART,\n  EARLIEST_BY_OFFSET(O.BID) OPEN,\n  MAX(O.BID) HIGH,\n  MIN(O.BID) LOW,\n  LATEST_BY_OFFSET(O.BID) KSQLTIMEFRAMECLOSE\nFROM DEDUPRATES O\nWINDOW TUMBLING ( SIZE 1 SECONDS ) \nGROUP BY O.BROKER, O.SYMBOL\nEMIT FINAL;","sinks":["BAR_1S_FINAL"],"sinkKafkaTopics":["bar_1s_final"],"id":"CTAS_BAR_1S_FINAL_97","statusCount":{"RUNNING":1},"queryType":"PERSISTENT","state":"RUNNING"},{"queryString":"CREATE TABLE BAR_60M_LIVE WITH (CLEANUP_POLICY='compact,delete', KAFKA_TOPIC='bar_60m_live', KEY_FORMAT='AVRO', PARTITIONS=1, REPLICAS=1, RETENTION_MS=604800000, VALUE_FORMAT='AVRO') AS SELECT\n  O.BROKER BROKER,\n  O.SYMBOL SYMBOL,\n  WINDOWSTART BUCKETSTART,\n  EARLIEST_BY_OFFSET(O.OPEN) OPEN,\n  MAX(O.HIGH) HIGH,\n  MIN(O.LOW) LOW,\n  LATEST_BY_OFFSET(O.KSQLTIMEFRAMECLOSE) KSQLTIMEFRAMECLOSE\nFROM BAR_1S_FINAL_S O\nWINDOW TUMBLING ( SIZE 60 MINUTES , GRACE PERIOD 5 SECONDS ) \nGROUP BY O.BROKER, O.SYMBOL\nEMIT CHANGES;","sinks":["BAR_60M_LIVE"],"sinkKafkaTopics":["bar_60m_live"],"id":"CTAS_BAR_60M_LIVE_111","statusCount":{"RUNNING":1},"queryType":"PERSISTENT","state":"RUNNING"},{"queryString":"CREATE TABLE BAR_TBIMP_1M_LIVE WITH (CLEANUP_POLICY='compact,delete', KAFKA_TOPIC='bar_tbimp_1m_live', KEY_FORMAT='AVRO', PARTITIONS=1, REPLICAS=1, RETENTION_MS=604800000, VALUE_FORMAT='AVRO') AS SELECT\n  O.BROKER BROKER,\n  O.SYMBOL SYMBOL,\n  WINDOWSTART BUCKETSTART,\n  EARLIEST_BY_OFFSET(O.OPEN) OPEN,\n  MAX(O.HIGH) HIGH,\n  MIN(O.LOW) LOW,\n  LATEST_BY_OFFSET(O.CLOSE) CLOSE\nFROM BAR_TBIMP_1S_FINAL_S O\nWINDOW TUMBLING ( SIZE 1 MINUTES , GRACE PERIOD 2 SECONDS ) \nGROUP BY O.BROKER, O.SYMBOL\nEMIT CHANGES;","sinks":["BAR_TBIMP_1M_LIVE"],"sinkKafkaTopics":["bar_tbimp_1m_live"],"id":"CTAS_BAR_TBIMP_1M_LIVE_89","statusCount":{"RUNNING":1},"queryType":"PERSISTENT","state":"RUNNING"},{"queryString":"CREATE TABLE BAR_5M_LIVE WITH (CLEANUP_POLICY='compact,delete', KAFKA_TOPIC='bar_5m_live', KEY_FORMAT='AVRO', PARTITIONS=1, REPLICAS=1, RETENTION_MS=604800000, VALUE_FORMAT='AVRO') AS SELECT\n  O.BROKER BROKER,\n  O.SYMBOL SYMBOL,\n  WINDOWSTART BUCKETSTART,\n  EARLIEST_BY_OFFSET(O.OPEN) OPEN,\n  MAX(O.HIGH) HIGH,\n  MIN(O.LOW) LOW,\n  LATEST_BY_OFFSET(O.KSQLTIMEFRAMECLOSE) KSQLTIMEFRAMECLOSE\nFROM BAR_1S_FINAL_S O\nWINDOW TUMBLING ( SIZE 5 MINUTES , GRACE PERIOD 3 SECONDS ) \nGROUP BY O.BROKER, O.SYMBOL\nEMIT CHANGES;","sinks":["BAR_5M_LIVE"],"sinkKafkaTopics":["bar_5m_live"],"id":"CTAS_BAR_5M_LIVE_103","statusCount":{"RUNNING":1},"queryType":"PERSISTENT","state":"RUNNING"},{"queryString":"CREATE TABLE BAR_TBIMP_5M_LIVE WITH (CLEANUP_POLICY='compact,delete', KAFKA_TOPIC='bar_tbimp_5m_live', KEY_FORMAT='AVRO', PARTITIONS=1, REPLICAS=1, RETENTION_MS=604800000, VALUE_FORMAT='AVRO') AS SELECT\n  O.BROKER BROKER,\n  O.SYMBOL SYMBOL,\n  WINDOWSTART BUCKETSTART,\n  EARLIEST_BY_OFFSET(O.OPEN) OPEN,\n  MAX(O.HIGH) HIGH,\n  MIN(O.LOW) LOW,\n  LATEST_BY_OFFSET(O.CLOSE) CLOSE\nFROM BAR_TBIMP_1S_FINAL_S O\nWINDOW TUMBLING ( SIZE 5 MINUTES , GRACE PERIOD 3 SECONDS ) \nGROUP BY O.BROKER, O.SYMBOL\nEMIT CHANGES;","sinks":["BAR_TBIMP_5M_LIVE"],"sinkKafkaTopics":["bar_tbimp_5m_live"],"id":"CTAS_BAR_TBIMP_5M_LIVE_91","statusCount":{"RUNNING":1},"queryType":"PERSISTENT","state":"RUNNING"},{"queryString":"CREATE TABLE BAR_1M_LIVE WITH (CLEANUP_POLICY='compact,delete', KAFKA_TOPIC='bar_1m_live', KEY_FORMAT='AVRO', PARTITIONS=1, REPLICAS=1, RETENTION_MS=604800000, VALUE_FORMAT='AVRO') AS SELECT\n  O.BROKER BROKER,\n  O.SYMBOL SYMBOL,\n  WINDOWSTART BUCKETSTART,\n  EARLIEST_BY_OFFSET(O.OPEN) OPEN,\n  MAX(O.HIGH) HIGH,\n  MIN(O.LOW) LOW,\n  LATEST_BY_OFFSET(O.KSQLTIMEFRAMECLOSE) KSQLTIMEFRAMECLOSE\nFROM BAR_1S_FINAL_S O\nWINDOW TUMBLING ( SIZE 1 MINUTES , GRACE PERIOD 2 SECONDS ) \nGROUP BY O.BROKER, O.SYMBOL\nEMIT CHANGES;","sinks":["BAR_1M_LIVE"],"sinkKafkaTopics":["bar_1m_live"],"id":"CTAS_BAR_1M_LIVE_101","statusCount":{"RUNNING":1},"queryType":"PERSISTENT","state":"RUNNING"},{"queryString":"CREATE TABLE BAR_TBIMP_1S_FINAL WITH (CLEANUP_POLICY='compact,delete', KAFKA_TOPIC='bar_tbimp_1s_final', KEY_FORMAT='AVRO', PARTITIONS=1, REPLICAS=1, RETENTION_MS=604800000, VALUE_FORMAT='AVRO') AS SELECT\n  O.BROKER BROKER,\n  O.SYMBOL SYMBOL,\n  WINDOWSTART BUCKETSTART,\n  EARLIEST_BY_OFFSET(O.BID) OPEN,\n  MAX(O.BID) HIGH,\n  MIN(O.BID) LOW,\n  LATEST_BY_OFFSET(O.BID) CLOSE\nFROM TICKS_TBIMP O\nWINDOW TUMBLING ( SIZE 1 SECONDS ) \nGROUP BY O.BROKER, O.SYMBOL\nEMIT FINAL;","sinks":["BAR_TBIMP_1S_FINAL"],"sinkKafkaTopics":["bar_tbimp_1s_final"],"id":"CTAS_BAR_TBIMP_1S_FINAL_85","statusCount":{"RUNNING":1},"queryType":"PERSISTENT","state":"RUNNING"}],"warnings":[]}]&#xD;
warn: Kafka.Ksql.Linq.KsqlContext[0]&#xD;
      SHOW QUERIES attempt 2 did not contain a matching query for bar_15m_live&#xD;
info: Kafka.Ksql.Linq.KsqlContext[0]&#xD;
      ksql execute: EXECUTE SQL=SHOW QUERIES;&#xD;
info: Kafka.Ksql.Linq.KsqlContext[0]&#xD;
      SHOW QUERIES output (attempt 3): [{"@type":"queries","statementText":"SHOW QUERIES;","queries":[{"queryString":"CREATE TABLE BAR_15M_LIVE WITH (CLEANUP_POLICY='compact,delete', KAFKA_TOPIC='bar_15m_live', KEY_FORMAT='AVRO', PARTITIONS=1, REPLICAS=1, RETENTION_MS=604800000, VALUE_FORMAT='AVRO') AS SELECT\n  O.BROKER BROKER,\n  O.SYMBOL SYMBOL,\n  WINDOWSTART BUCKETSTART,\n  EARLIEST_BY_OFFSET(O.OPEN) OPEN,\n  MAX(O.HIGH) HIGH,\n  MIN(O.LOW) LOW,\n  LATEST_BY_OFFSET(O.KSQLTIMEFRAMECLOSE) KSQLTIMEFRAMECLOSE\nFROM BAR_1S_FINAL_S O\nWINDOW TUMBLING ( SIZE 15 MINUTES , GRACE PERIOD 4 SECONDS ) \nGROUP BY O.BROKER, O.SYMBOL\nEMIT CHANGES;","sinks":["BAR_15M_LIVE"],"sinkKafkaTopics":["bar_15m_live"],"id":"CTAS_BAR_15M_LIVE_109","statusCount":{"RUNNING":1},"queryType":"PERSISTENT","state":"RUNNING"},{"queryString":"CREATE TABLE BAR_1S_FINAL WITH (CLEANUP_POLICY='compact,delete', KAFKA_TOPIC='bar_1s_final', KEY_FORMAT='AVRO', PARTITIONS=1, REPLICAS=1, RETENTION_MS=604800000, VALUE_FORMAT='AVRO') AS SELECT\n  O.BROKER BROKER,\n  O.SYMBOL SYMBOL,\n  WINDOWSTART BUCKETSTART,\n  EARLIEST_BY_OFFSET(O.BID) OPEN,\n  MAX(O.BID) HIGH,\n  MIN(O.BID) LOW,\n  LATEST_BY_OFFSET(O.BID) KSQLTIMEFRAMECLOSE\nFROM DEDUPRATES O\nWINDOW TUMBLING ( SIZE 1 SECONDS ) \nGROUP BY O.BROKER, O.SYMBOL\nEMIT FINAL;","sinks":["BAR_1S_FINAL"],"sinkKafkaTopics":["bar_1s_final"],"id":"CTAS_BAR_1S_FINAL_97","statusCount":{"RUNNING":1},"queryType":"PERSISTENT","state":"RUNNING"},{"queryString":"CREATE TABLE BAR_60M_LIVE WITH (CLEANUP_POLICY='compact,delete', KAFKA_TOPIC='bar_60m_live', KEY_FORMAT='AVRO', PARTITIONS=1, REPLICAS=1, RETENTION_MS=604800000, VALUE_FORMAT='AVRO') AS SELECT\n  O.BROKER BROKER,\n  O.SYMBOL SYMBOL,\n  WINDOWSTART BUCKETSTART,\n  EARLIEST_BY_OFFSET(O.OPEN) OPEN,\n  MAX(O.HIGH) HIGH,\n  MIN(O.LOW) LOW,\n  LATEST_BY_OFFSET(O.KSQLTIMEFRAMECLOSE) KSQLTIMEFRAMECLOSE\nFROM BAR_1S_FINAL_S O\nWINDOW TUMBLING ( SIZE 60 MINUTES , GRACE PERIOD 5 SECONDS ) \nGROUP BY O.BROKER, O.SYMBOL\nEMIT CHANGES;","sinks":["BAR_60M_LIVE"],"sinkKafkaTopics":["bar_60m_live"],"id":"CTAS_BAR_60M_LIVE_111","statusCount":{"RUNNING":1},"queryType":"PERSISTENT","state":"RUNNING"},{"queryString":"CREATE TABLE BAR_TBIMP_1M_LIVE WITH (CLEANUP_POLICY='compact,delete', KAFKA_TOPIC='bar_tbimp_1m_live', KEY_FORMAT='AVRO', PARTITIONS=1, REPLICAS=1, RETENTION_MS=604800000, VALUE_FORMAT='AVRO') AS SELECT\n  O.BROKER BROKER,\n  O.SYMBOL SYMBOL,\n  WINDOWSTART BUCKETSTART,\n  EARLIEST_BY_OFFSET(O.OPEN) OPEN,\n  MAX(O.HIGH) HIGH,\n  MIN(O.LOW) LOW,\n  LATEST_BY_OFFSET(O.CLOSE) CLOSE\nFROM BAR_TBIMP_1S_FINAL_S O\nWINDOW TUMBLING ( SIZE 1 MINUTES , GRACE PERIOD 2 SECONDS ) \nGROUP BY O.BROKER, O.SYMBOL\nEMIT CHANGES;","sinks":["BAR_TBIMP_1M_LIVE"],"sinkKafkaTopics":["bar_tbimp_1m_live"],"id":"CTAS_BAR_TBIMP_1M_LIVE_89","statusCount":{"RUNNING":1},"queryType":"PERSISTENT","state":"RUNNING"},{"queryString":"CREATE TABLE BAR_5M_LIVE WITH (CLEANUP_POLICY='compact,delete', KAFKA_TOPIC='bar_5m_live', KEY_FORMAT='AVRO', PARTITIONS=1, REPLICAS=1, RETENTION_MS=604800000, VALUE_FORMAT='AVRO') AS SELECT\n  O.BROKER BROKER,\n  O.SYMBOL SYMBOL,\n  WINDOWSTART BUCKETSTART,\n  EARLIEST_BY_OFFSET(O.OPEN) OPEN,\n  MAX(O.HIGH) HIGH,\n  MIN(O.LOW) LOW,\n  LATEST_BY_OFFSET(O.KSQLTIMEFRAMECLOSE) KSQLTIMEFRAMECLOSE\nFROM BAR_1S_FINAL_S O\nWINDOW TUMBLING ( SIZE 5 MINUTES , GRACE PERIOD 3 SECONDS ) \nGROUP BY O.BROKER, O.SYMBOL\nEMIT CHANGES;","sinks":["BAR_5M_LIVE"],"sinkKafkaTopics":["bar_5m_live"],"id":"CTAS_BAR_5M_LIVE_103","statusCount":{"RUNNING":1},"queryType":"PERSISTENT","state":"RUNNING"},{"queryString":"CREATE TABLE BAR_TBIMP_5M_LIVE WITH (CLEANUP_POLICY='compact,delete', KAFKA_TOPIC='bar_tbimp_5m_live', KEY_FORMAT='AVRO', PARTITIONS=1, REPLICAS=1, RETENTION_MS=604800000, VALUE_FORMAT='AVRO') AS SELECT\n  O.BROKER BROKER,\n  O.SYMBOL SYMBOL,\n  WINDOWSTART BUCKETSTART,\n  EARLIEST_BY_OFFSET(O.OPEN) OPEN,\n  MAX(O.HIGH) HIGH,\n  MIN(O.LOW) LOW,\n  LATEST_BY_OFFSET(O.CLOSE) CLOSE\nFROM BAR_TBIMP_1S_FINAL_S O\nWINDOW TUMBLING ( SIZE 5 MINUTES , GRACE PERIOD 3 SECONDS ) \nGROUP BY O.BROKER, O.SYMBOL\nEMIT CHANGES;","sinks":["BAR_TBIMP_5M_LIVE"],"sinkKafkaTopics":["bar_tbimp_5m_live"],"id":"CTAS_BAR_TBIMP_5M_LIVE_91","statusCount":{"RUNNING":1},"queryType":"PERSISTENT","state":"RUNNING"},{"queryString":"CREATE TABLE BAR_1M_LIVE WITH (CLEANUP_POLICY='compact,delete', KAFKA_TOPIC='bar_1m_live', KEY_FORMAT='AVRO', PARTITIONS=1, REPLICAS=1, RETENTION_MS=604800000, VALUE_FORMAT='AVRO') AS SELECT\n  O.BROKER BROKER,\n  O.SYMBOL SYMBOL,\n  WINDOWSTART BUCKETSTART,\n  EARLIEST_BY_OFFSET(O.OPEN) OPEN,\n  MAX(O.HIGH) HIGH,\n  MIN(O.LOW) LOW,\n  LATEST_BY_OFFSET(O.KSQLTIMEFRAMECLOSE) KSQLTIMEFRAMECLOSE\nFROM BAR_1S_FINAL_S O\nWINDOW TUMBLING ( SIZE 1 MINUTES , GRACE PERIOD 2 SECONDS ) \nGROUP BY O.BROKER, O.SYMBOL\nEMIT CHANGES;","sinks":["BAR_1M_LIVE"],"sinkKafkaTopics":["bar_1m_live"],"id":"CTAS_BAR_1M_LIVE_101","statusCount":{"RUNNING":1},"queryType":"PERSISTENT","state":"RUNNING"},{"queryString":"CREATE TABLE BAR_TBIMP_1S_FINAL WITH (CLEANUP_POLICY='compact,delete', KAFKA_TOPIC='bar_tbimp_1s_final', KEY_FORMAT='AVRO', PARTITIONS=1, REPLICAS=1, RETENTION_MS=604800000, VALUE_FORMAT='AVRO') AS SELECT\n  O.BROKER BROKER,\n  O.SYMBOL SYMBOL,\n  WINDOWSTART BUCKETSTART,\n  EARLIEST_BY_OFFSET(O.BID) OPEN,\n  MAX(O.BID) HIGH,\n  MIN(O.BID) LOW,\n  LATEST_BY_OFFSET(O.BID) CLOSE\nFROM TICKS_TBIMP O\nWINDOW TUMBLING ( SIZE 1 SECONDS ) \nGROUP BY O.BROKER, O.SYMBOL\nEMIT FINAL;","sinks":["BAR_TBIMP_1S_FINAL"],"sinkKafkaTopics":["bar_tbimp_1s_final"],"id":"CTAS_BAR_TBIMP_1S_FINAL_85","statusCount":{"RUNNING":1},"queryType":"PERSISTENT","state":"RUNNING"}],"warnings":[]}]&#xD;
warn: Kafka.Ksql.Linq.KsqlContext[0]&#xD;
      SHOW QUERIES attempt 3 did not contain a matching query for bar_15m_live&#xD;
info: Kafka.Ksql.Linq.KsqlContext[0]&#xD;
      ksql execute: EXECUTE SQL=SHOW QUERIES;&#xD;
info: Kafka.Ksql.Linq.KsqlContext[0]&#xD;
      SHOW QUERIES output (attempt 4): [{"@type":"queries","statementText":"SHOW QUERIES;","queries":[{"queryString":"CREATE TABLE BAR_15M_LIVE WITH (CLEANUP_POLICY='compact,delete', KAFKA_TOPIC='bar_15m_live', KEY_FORMAT='AVRO', PARTITIONS=1, REPLICAS=1, RETENTION_MS=604800000, VALUE_FORMAT='AVRO') AS SELECT\n  O.BROKER BROKER,\n  O.SYMBOL SYMBOL,\n  WINDOWSTART BUCKETSTART,\n  EARLIEST_BY_OFFSET(O.OPEN) OPEN,\n  MAX(O.HIGH) HIGH,\n  MIN(O.LOW) LOW,\n  LATEST_BY_OFFSET(O.KSQLTIMEFRAMECLOSE) KSQLTIMEFRAMECLOSE\nFROM BAR_1S_FINAL_S O\nWINDOW TUMBLING ( SIZE 15 MINUTES , GRACE PERIOD 4 SECONDS ) \nGROUP BY O.BROKER, O.SYMBOL\nEMIT CHANGES;","sinks":["BAR_15M_LIVE"],"sinkKafkaTopics":["bar_15m_live"],"id":"CTAS_BAR_15M_LIVE_109","statusCount":{"RUNNING":1},"queryType":"PERSISTENT","state":"RUNNING"},{"queryString":"CREATE TABLE BAR_1S_FINAL WITH (CLEANUP_POLICY='compact,delete', KAFKA_TOPIC='bar_1s_final', KEY_FORMAT='AVRO', PARTITIONS=1, REPLICAS=1, RETENTION_MS=604800000, VALUE_FORMAT='AVRO') AS SELECT\n  O.BROKER BROKER,\n  O.SYMBOL SYMBOL,\n  WINDOWSTART BUCKETSTART,\n  EARLIEST_BY_OFFSET(O.BID) OPEN,\n  MAX(O.BID) HIGH,\n  MIN(O.BID) LOW,\n  LATEST_BY_OFFSET(O.BID) KSQLTIMEFRAMECLOSE\nFROM DEDUPRATES O\nWINDOW TUMBLING ( SIZE 1 SECONDS ) \nGROUP BY O.BROKER, O.SYMBOL\nEMIT FINAL;","sinks":["BAR_1S_FINAL"],"sinkKafkaTopics":["bar_1s_final"],"id":"CTAS_BAR_1S_FINAL_97","statusCount":{"RUNNING":1},"queryType":"PERSISTENT","state":"RUNNING"},{"queryString":"CREATE TABLE BAR_60M_LIVE WITH (CLEANUP_POLICY='compact,delete', KAFKA_TOPIC='bar_60m_live', KEY_FORMAT='AVRO', PARTITIONS=1, REPLICAS=1, RETENTION_MS=604800000, VALUE_FORMAT='AVRO') AS SELECT\n  O.BROKER BROKER,\n  O.SYMBOL SYMBOL,\n  WINDOWSTART BUCKETSTART,\n  EARLIEST_BY_OFFSET(O.OPEN) OPEN,\n  MAX(O.HIGH) HIGH,\n  MIN(O.LOW) LOW,\n  LATEST_BY_OFFSET(O.KSQLTIMEFRAMECLOSE) KSQLTIMEFRAMECLOSE\nFROM BAR_1S_FINAL_S O\nWINDOW TUMBLING ( SIZE 60 MINUTES , GRACE PERIOD 5 SECONDS ) \nGROUP BY O.BROKER, O.SYMBOL\nEMIT CHANGES;","sinks":["BAR_60M_LIVE"],"sinkKafkaTopics":["bar_60m_live"],"id":"CTAS_BAR_60M_LIVE_111","statusCount":{"RUNNING":1},"queryType":"PERSISTENT","state":"RUNNING"},{"queryString":"CREATE TABLE BAR_TBIMP_1M_LIVE WITH (CLEANUP_POLICY='compact,delete', KAFKA_TOPIC='bar_tbimp_1m_live', KEY_FORMAT='AVRO', PARTITIONS=1, REPLICAS=1, RETENTION_MS=604800000, VALUE_FORMAT='AVRO') AS SELECT\n  O.BROKER BROKER,\n  O.SYMBOL SYMBOL,\n  WINDOWSTART BUCKETSTART,\n  EARLIEST_BY_OFFSET(O.OPEN) OPEN,\n  MAX(O.HIGH) HIGH,\n  MIN(O.LOW) LOW,\n  LATEST_BY_OFFSET(O.CLOSE) CLOSE\nFROM BAR_TBIMP_1S_FINAL_S O\nWINDOW TUMBLING ( SIZE 1 MINUTES , GRACE PERIOD 2 SECONDS ) \nGROUP BY O.BROKER, O.SYMBOL\nEMIT CHANGES;","sinks":["BAR_TBIMP_1M_LIVE"],"sinkKafkaTopics":["bar_tbimp_1m_live"],"id":"CTAS_BAR_TBIMP_1M_LIVE_89","statusCount":{"RUNNING":1},"queryType":"PERSISTENT","state":"RUNNING"},{"queryString":"CREATE TABLE BAR_5M_LIVE WITH (CLEANUP_POLICY='compact,delete', KAFKA_TOPIC='bar_5m_live', KEY_FORMAT='AVRO', PARTITIONS=1, REPLICAS=1, RETENTION_MS=604800000, VALUE_FORMAT='AVRO') AS SELECT\n  O.BROKER BROKER,\n  O.SYMBOL SYMBOL,\n  WINDOWSTART BUCKETSTART,\n  EARLIEST_BY_OFFSET(O.OPEN) OPEN,\n  MAX(O.HIGH) HIGH,\n  MIN(O.LOW) LOW,\n  LATEST_BY_OFFSET(O.KSQLTIMEFRAMECLOSE) KSQLTIMEFRAMECLOSE\nFROM BAR_1S_FINAL_S O\nWINDOW TUMBLING ( SIZE 5 MINUTES , GRACE PERIOD 3 SECONDS ) \nGROUP BY O.BROKER, O.SYMBOL\nEMIT CHANGES;","sinks":["BAR_5M_LIVE"],"sinkKafkaTopics":["bar_5m_live"],"id":"CTAS_BAR_5M_LIVE_103","statusCount":{"RUNNING":1},"queryType":"PERSISTENT","state":"RUNNING"},{"queryString":"CREATE TABLE BAR_TBIMP_5M_LIVE WITH (CLEANUP_POLICY='compact,delete', KAFKA_TOPIC='bar_tbimp_5m_live', KEY_FORMAT='AVRO', PARTITIONS=1, REPLICAS=1, RETENTION_MS=604800000, VALUE_FORMAT='AVRO') AS SELECT\n  O.BROKER BROKER,\n  O.SYMBOL SYMBOL,\n  WINDOWSTART BUCKETSTART,\n  EARLIEST_BY_OFFSET(O.OPEN) OPEN,\n  MAX(O.HIGH) HIGH,\n  MIN(O.LOW) LOW,\n  LATEST_BY_OFFSET(O.CLOSE) CLOSE\nFROM BAR_TBIMP_1S_FINAL_S O\nWINDOW TUMBLING ( SIZE 5 MINUTES , GRACE PERIOD 3 SECONDS ) \nGROUP BY O.BROKER, O.SYMBOL\nEMIT CHANGES;","sinks":["BAR_TBIMP_5M_LIVE"],"sinkKafkaTopics":["bar_tbimp_5m_live"],"id":"CTAS_BAR_TBIMP_5M_LIVE_91","statusCount":{"RUNNING":1},"queryType":"PERSISTENT","state":"RUNNING"},{"queryString":"CREATE TABLE BAR_1M_LIVE WITH (CLEANUP_POLICY='compact,delete', KAFKA_TOPIC='bar_1m_live', KEY_FORMAT='AVRO', PARTITIONS=1, REPLICAS=1, RETENTION_MS=604800000, VALUE_FORMAT='AVRO') AS SELECT\n  O.BROKER BROKER,\n  O.SYMBOL SYMBOL,\n  WINDOWSTART BUCKETSTART,\n  EARLIEST_BY_OFFSET(O.OPEN) OPEN,\n  MAX(O.HIGH) HIGH,\n  MIN(O.LOW) LOW,\n  LATEST_BY_OFFSET(O.KSQLTIMEFRAMECLOSE) KSQLTIMEFRAMECLOSE\nFROM BAR_1S_FINAL_S O\nWINDOW TUMBLING ( SIZE 1 MINUTES , GRACE PERIOD 2 SECONDS ) \nGROUP BY O.BROKER, O.SYMBOL\nEMIT CHANGES;","sinks":["BAR_1M_LIVE"],"sinkKafkaTopics":["bar_1m_live"],"id":"CTAS_BAR_1M_LIVE_101","statusCount":{"RUNNING":1},"queryType":"PERSISTENT","state":"RUNNING"},{"queryString":"CREATE TABLE BAR_TBIMP_1S_FINAL WITH (CLEANUP_POLICY='compact,delete', KAFKA_TOPIC='bar_tbimp_1s_final', KEY_FORMAT='AVRO', PARTITIONS=1, REPLICAS=1, RETENTION_MS=604800000, VALUE_FORMAT='AVRO') AS SELECT\n  O.BROKER BROKER,\n  O.SYMBOL SYMBOL,\n  WINDOWSTART BUCKETSTART,\n  EARLIEST_BY_OFFSET(O.BID) OPEN,\n  MAX(O.BID) HIGH,\n  MIN(O.BID) LOW,\n  LATEST_BY_OFFSET(O.BID) CLOSE\nFROM TICKS_TBIMP O\nWINDOW TUMBLING ( SIZE 1 SECONDS ) \nGROUP BY O.BROKER, O.SYMBOL\nEMIT FINAL;","sinks":["BAR_TBIMP_1S_FINAL"],"sinkKafkaTopics":["bar_tbimp_1s_final"],"id":"CTAS_BAR_TBIMP_1S_FINAL_85","statusCount":{"RUNNING":1},"queryType":"PERSISTENT","state":"RUNNING"}],"warnings":[]}]&#xD;
warn: Kafka.Ksql.Linq.KsqlContext[0]&#xD;
      SHOW QUERIES attempt 4 did not contain a matching query for bar_15m_live&#xD;
info: Kafka.Ksql.Linq.KsqlContext[0]&#xD;
      ksql execute: EXECUTE SQL=SHOW QUERIES;&#xD;
info: Kafka.Ksql.Linq.KsqlContext[0]&#xD;
      SHOW QUERIES output (attempt 5): [{"@type":"queries","statementText":"SHOW QUERIES;","queries":[{"queryString":"CREATE TABLE BAR_15M_LIVE WITH (CLEANUP_POLICY='compact,delete', KAFKA_TOPIC='bar_15m_live', KEY_FORMAT='AVRO', PARTITIONS=1, REPLICAS=1, RETENTION_MS=604800000, VALUE_FORMAT='AVRO') AS SELECT\n  O.BROKER BROKER,\n  O.SYMBOL SYMBOL,\n  WINDOWSTART BUCKETSTART,\n  EARLIEST_BY_OFFSET(O.OPEN) OPEN,\n  MAX(O.HIGH) HIGH,\n  MIN(O.LOW) LOW,\n  LATEST_BY_OFFSET(O.KSQLTIMEFRAMECLOSE) KSQLTIMEFRAMECLOSE\nFROM BAR_1S_FINAL_S O\nWINDOW TUMBLING ( SIZE 15 MINUTES , GRACE PERIOD 4 SECONDS ) \nGROUP BY O.BROKER, O.SYMBOL\nEMIT CHANGES;","sinks":["BAR_15M_LIVE"],"sinkKafkaTopics":["bar_15m_live"],"id":"CTAS_BAR_15M_LIVE_109","statusCount":{"RUNNING":1},"queryType":"PERSISTENT","state":"RUNNING"},{"queryString":"CREATE TABLE BAR_1S_FINAL WITH (CLEANUP_POLICY='compact,delete', KAFKA_TOPIC='bar_1s_final', KEY_FORMAT='AVRO', PARTITIONS=1, REPLICAS=1, RETENTION_MS=604800000, VALUE_FORMAT='AVRO') AS SELECT\n  O.BROKER BROKER,\n  O.SYMBOL SYMBOL,\n  WINDOWSTART BUCKETSTART,\n  EARLIEST_BY_OFFSET(O.BID) OPEN,\n  MAX(O.BID) HIGH,\n  MIN(O.BID) LOW,\n  LATEST_BY_OFFSET(O.BID) KSQLTIMEFRAMECLOSE\nFROM DEDUPRATES O\nWINDOW TUMBLING ( SIZE 1 SECONDS ) \nGROUP BY O.BROKER, O.SYMBOL\nEMIT FINAL;","sinks":["BAR_1S_FINAL"],"sinkKafkaTopics":["bar_1s_final"],"id":"CTAS_BAR_1S_FINAL_97","statusCount":{"RUNNING":1},"queryType":"PERSISTENT","state":"RUNNING"},{"queryString":"CREATE TABLE BAR_60M_LIVE WITH (CLEANUP_POLICY='compact,delete', KAFKA_TOPIC='bar_60m_live', KEY_FORMAT='AVRO', PARTITIONS=1, REPLICAS=1, RETENTION_MS=604800000, VALUE_FORMAT='AVRO') AS SELECT\n  O.BROKER BROKER,\n  O.SYMBOL SYMBOL,\n  WINDOWSTART BUCKETSTART,\n  EARLIEST_BY_OFFSET(O.OPEN) OPEN,\n  MAX(O.HIGH) HIGH,\n  MIN(O.LOW) LOW,\n  LATEST_BY_OFFSET(O.KSQLTIMEFRAMECLOSE) KSQLTIMEFRAMECLOSE\nFROM BAR_1S_FINAL_S O\nWINDOW TUMBLING ( SIZE 60 MINUTES , GRACE PERIOD 5 SECONDS ) \nGROUP BY O.BROKER, O.SYMBOL\nEMIT CHANGES;","sinks":["BAR_60M_LIVE"],"sinkKafkaTopics":["bar_60m_live"],"id":"CTAS_BAR_60M_LIVE_111","statusCount":{"RUNNING":1},"queryType":"PERSISTENT","state":"RUNNING"},{"queryString":"CREATE TABLE BAR_TBIMP_1M_LIVE WITH (CLEANUP_POLICY='compact,delete', KAFKA_TOPIC='bar_tbimp_1m_live', KEY_FORMAT='AVRO', PARTITIONS=1, REPLICAS=1, RETENTION_MS=604800000, VALUE_FORMAT='AVRO') AS SELECT\n  O.BROKER BROKER,\n  O.SYMBOL SYMBOL,\n  WINDOWSTART BUCKETSTART,\n  EARLIEST_BY_OFFSET(O.OPEN) OPEN,\n  MAX(O.HIGH) HIGH,\n  MIN(O.LOW) LOW,\n  LATEST_BY_OFFSET(O.CLOSE) CLOSE\nFROM BAR_TBIMP_1S_FINAL_S O\nWINDOW TUMBLING ( SIZE 1 MINUTES , GRACE PERIOD 2 SECONDS ) \nGROUP BY O.BROKER, O.SYMBOL\nEMIT CHANGES;","sinks":["BAR_TBIMP_1M_LIVE"],"sinkKafkaTopics":["bar_tbimp_1m_live"],"id":"CTAS_BAR_TBIMP_1M_LIVE_89","statusCount":{"RUNNING":1},"queryType":"PERSISTENT","state":"RUNNING"},{"queryString":"CREATE TABLE BAR_5M_LIVE WITH (CLEANUP_POLICY='compact,delete', KAFKA_TOPIC='bar_5m_live', KEY_FORMAT='AVRO', PARTITIONS=1, REPLICAS=1, RETENTION_MS=604800000, VALUE_FORMAT='AVRO') AS SELECT\n  O.BROKER BROKER,\n  O.SYMBOL SYMBOL,\n  WINDOWSTART BUCKETSTART,\n  EARLIEST_BY_OFFSET(O.OPEN) OPEN,\n  MAX(O.HIGH) HIGH,\n  MIN(O.LOW) LOW,\n  LATEST_BY_OFFSET(O.KSQLTIMEFRAMECLOSE) KSQLTIMEFRAMECLOSE\nFROM BAR_1S_FINAL_S O\nWINDOW TUMBLING ( SIZE 5 MINUTES , GRACE PERIOD 3 SECONDS ) \nGROUP BY O.BROKER, O.SYMBOL\nEMIT CHANGES;","sinks":["BAR_5M_LIVE"],"sinkKafkaTopics":["bar_5m_live"],"id":"CTAS_BAR_5M_LIVE_103","statusCount":{"RUNNING":1},"queryType":"PERSISTENT","state":"RUNNING"},{"queryString":"CREATE TABLE BAR_TBIMP_5M_LIVE WITH (CLEANUP_POLICY='compact,delete', KAFKA_TOPIC='bar_tbimp_5m_live', KEY_FORMAT='AVRO', PARTITIONS=1, REPLICAS=1, RETENTION_MS=604800000, VALUE_FORMAT='AVRO') AS SELECT\n  O.BROKER BROKER,\n  O.SYMBOL SYMBOL,\n  WINDOWSTART BUCKETSTART,\n  EARLIEST_BY_OFFSET(O.OPEN) OPEN,\n  MAX(O.HIGH) HIGH,\n  MIN(O.LOW) LOW,\n  LATEST_BY_OFFSET(O.CLOSE) CLOSE\nFROM BAR_TBIMP_1S_FINAL_S O\nWINDOW TUMBLING ( SIZE 5 MINUTES , GRACE PERIOD 3 SECONDS ) \nGROUP BY O.BROKER, O.SYMBOL\nEMIT CHANGES;","sinks":["BAR_TBIMP_5M_LIVE"],"sinkKafkaTopics":["bar_tbimp_5m_live"],"id":"CTAS_BAR_TBIMP_5M_LIVE_91","statusCount":{"RUNNING":1},"queryType":"PERSISTENT","state":"RUNNING"},{"queryString":"CREATE TABLE BAR_1M_LIVE WITH (CLEANUP_POLICY='compact,delete', KAFKA_TOPIC='bar_1m_live', KEY_FORMAT='AVRO', PARTITIONS=1, REPLICAS=1, RETENTION_MS=604800000, VALUE_FORMAT='AVRO') AS SELECT\n  O.BROKER BROKER,\n  O.SYMBOL SYMBOL,\n  WINDOWSTART BUCKETSTART,\n  EARLIEST_BY_OFFSET(O.OPEN) OPEN,\n  MAX(O.HIGH) HIGH,\n  MIN(O.LOW) LOW,\n  LATEST_BY_OFFSET(O.KSQLTIMEFRAMECLOSE) KSQLTIMEFRAMECLOSE\nFROM BAR_1S_FINAL_S O\nWINDOW TUMBLING ( SIZE 1 MINUTES , GRACE PERIOD 2 SECONDS ) \nGROUP BY O.BROKER, O.SYMBOL\nEMIT CHANGES;","sinks":["BAR_1M_LIVE"],"sinkKafkaTopics":["bar_1m_live"],"id":"CTAS_BAR_1M_LIVE_101","statusCount":{"RUNNING":1},"queryType":"PERSISTENT","state":"RUNNING"},{"queryString":"CREATE TABLE BAR_TBIMP_1S_FINAL WITH (CLEANUP_POLICY='compact,delete', KAFKA_TOPIC='bar_tbimp_1s_final', KEY_FORMAT='AVRO', PARTITIONS=1, REPLICAS=1, RETENTION_MS=604800000, VALUE_FORMAT='AVRO') AS SELECT\n  O.BROKER BROKER,\n  O.SYMBOL SYMBOL,\n  WINDOWSTART BUCKETSTART,\n  EARLIEST_BY_OFFSET(O.BID) OPEN,\n  MAX(O.BID) HIGH,\n  MIN(O.BID) LOW,\n  LATEST_BY_OFFSET(O.BID) CLOSE\nFROM TICKS_TBIMP O\nWINDOW TUMBLING ( SIZE 1 SECONDS ) \nGROUP BY O.BROKER, O.SYMBOL\nEMIT FINAL;","sinks":["BAR_TBIMP_1S_FINAL"],"sinkKafkaTopics":["bar_tbimp_1s_final"],"id":"CTAS_BAR_TBIMP_1S_FINAL_85","statusCount":{"RUNNING":1},"queryType":"PERSISTENT","state":"RUNNING"}],"warnings":[]}]&#xD;
warn: Kafka.Ksql.Linq.KsqlContext[0]&#xD;
      SHOW QUERIES attempt 5 did not contain a matching query for bar_15m_live&#xD;
warn: Kafka.Ksql.Linq.KsqlContext[0]&#xD;
      Unable to locate queryId for bar_15m_live after 5 attempts&#xD;
warn: Kafka.Ksql.Linq.KsqlContext[0]&#xD;
      Could not locate queryId via SHOW QUERIES for derived statement targeting bar_15m_live: CREATE TABLE bar_15m_live  WITH (KAFKA_TOPIC='bar_15m_live', KEY_FORMAT='AVRO', VALUE_FORMAT='AVRO') AS&#xD;
      SELECT BROKER AS Broker, SYMBOL AS Symbol, WINDOWSTART AS BucketStart, EARLIEST_BY_OFFSET(o.OPEN) AS Open, MAX(o.HIGH) AS High, MIN(o.LOW) AS Low, LATEST_BY_OFFSET(o.KSQLTIMEFRAMECLOSE) AS KsqlTimeFrameClose&#xD;
      FROM bar_1s_final_s o WINDOW TUMBLING (SIZE 15 MINUTES, GRACE PERIOD 4 SECONDS)&#xD;
      GROUP BY BROKER, SYMBOL&#xD;
      EMIT CHANGES;&#xD;
info: Kafka.Ksql.Linq.KsqlContext[0]&#xD;
      ksql execute: EXECUTE SQL=SHOW QUERIES;&#xD;
info: Kafka.Ksql.Linq.KsqlContext[0]&#xD;
      SHOW QUERIES output (attempt 1): [{"@type":"queries","statementText":"SHOW QUERIES;","queries":[{"queryString":"CREATE TABLE BAR_15M_LIVE WITH (CLEANUP_POLICY='compact,delete', KAFKA_TOPIC='bar_15m_live', KEY_FORMAT='AVRO', PARTITIONS=1, REPLICAS=1, RETENTION_MS=604800000, VALUE_FORMAT='AVRO') AS SELECT\n  O.BROKER BROKER,\n  O.SYMBOL SYMBOL,\n  WINDOWSTART BUCKETSTART,\n  EARLIEST_BY_OFFSET(O.OPEN) OPEN,\n  MAX(O.HIGH) HIGH,\n  MIN(O.LOW) LOW,\n  LATEST_BY_OFFSET(O.KSQLTIMEFRAMECLOSE) KSQLTIMEFRAMECLOSE\nFROM BAR_1S_FINAL_S O\nWINDOW TUMBLING ( SIZE 15 MINUTES , GRACE PERIOD 4 SECONDS ) \nGROUP BY O.BROKER, O.SYMBOL\nEMIT CHANGES;","sinks":["BAR_15M_LIVE"],"sinkKafkaTopics":["bar_15m_live"],"id":"CTAS_BAR_15M_LIVE_109","statusCount":{"RUNNING":1},"queryType":"PERSISTENT","state":"RUNNING"},{"queryString":"CREATE TABLE BAR_1S_FINAL WITH (CLEANUP_POLICY='compact,delete', KAFKA_TOPIC='bar_1s_final', KEY_FORMAT='AVRO', PARTITIONS=1, REPLICAS=1, RETENTION_MS=604800000, VALUE_FORMAT='AVRO') AS SELECT\n  O.BROKER BROKER,\n  O.SYMBOL SYMBOL,\n  WINDOWSTART BUCKETSTART,\n  EARLIEST_BY_OFFSET(O.BID) OPEN,\n  MAX(O.BID) HIGH,\n  MIN(O.BID) LOW,\n  LATEST_BY_OFFSET(O.BID) KSQLTIMEFRAMECLOSE\nFROM DEDUPRATES O\nWINDOW TUMBLING ( SIZE 1 SECONDS ) \nGROUP BY O.BROKER, O.SYMBOL\nEMIT FINAL;","sinks":["BAR_1S_FINAL"],"sinkKafkaTopics":["bar_1s_final"],"id":"CTAS_BAR_1S_FINAL_97","statusCount":{"RUNNING":1},"queryType":"PERSISTENT","state":"RUNNING"},{"queryString":"CREATE TABLE BAR_60M_LIVE WITH (CLEANUP_POLICY='compact,delete', KAFKA_TOPIC='bar_60m_live', KEY_FORMAT='AVRO', PARTITIONS=1, REPLICAS=1, RETENTION_MS=604800000, VALUE_FORMAT='AVRO') AS SELECT\n  O.BROKER BROKER,\n  O.SYMBOL SYMBOL,\n  WINDOWSTART BUCKETSTART,\n  EARLIEST_BY_OFFSET(O.OPEN) OPEN,\n  MAX(O.HIGH) HIGH,\n  MIN(O.LOW) LOW,\n  LATEST_BY_OFFSET(O.KSQLTIMEFRAMECLOSE) KSQLTIMEFRAMECLOSE\nFROM BAR_1S_FINAL_S O\nWINDOW TUMBLING ( SIZE 60 MINUTES , GRACE PERIOD 5 SECONDS ) \nGROUP BY O.BROKER, O.SYMBOL\nEMIT CHANGES;","sinks":["BAR_60M_LIVE"],"sinkKafkaTopics":["bar_60m_live"],"id":"CTAS_BAR_60M_LIVE_111","statusCount":{"RUNNING":1},"queryType":"PERSISTENT","state":"RUNNING"},{"queryString":"CREATE TABLE BAR_TBIMP_1M_LIVE WITH (CLEANUP_POLICY='compact,delete', KAFKA_TOPIC='bar_tbimp_1m_live', KEY_FORMAT='AVRO', PARTITIONS=1, REPLICAS=1, RETENTION_MS=604800000, VALUE_FORMAT='AVRO') AS SELECT\n  O.BROKER BROKER,\n  O.SYMBOL SYMBOL,\n  WINDOWSTART BUCKETSTART,\n  EARLIEST_BY_OFFSET(O.OPEN) OPEN,\n  MAX(O.HIGH) HIGH,\n  MIN(O.LOW) LOW,\n  LATEST_BY_OFFSET(O.CLOSE) CLOSE\nFROM BAR_TBIMP_1S_FINAL_S O\nWINDOW TUMBLING ( SIZE 1 MINUTES , GRACE PERIOD 2 SECONDS ) \nGROUP BY O.BROKER, O.SYMBOL\nEMIT CHANGES;","sinks":["BAR_TBIMP_1M_LIVE"],"sinkKafkaTopics":["bar_tbimp_1m_live"],"id":"CTAS_BAR_TBIMP_1M_LIVE_89","statusCount":{"RUNNING":1},"queryType":"PERSISTENT","state":"RUNNING"},{"queryString":"CREATE TABLE BAR_5M_LIVE WITH (CLEANUP_POLICY='compact,delete', KAFKA_TOPIC='bar_5m_live', KEY_FORMAT='AVRO', PARTITIONS=1, REPLICAS=1, RETENTION_MS=604800000, VALUE_FORMAT='AVRO') AS SELECT\n  O.BROKER BROKER,\n  O.SYMBOL SYMBOL,\n  WINDOWSTART BUCKETSTART,\n  EARLIEST_BY_OFFSET(O.OPEN) OPEN,\n  MAX(O.HIGH) HIGH,\n  MIN(O.LOW) LOW,\n  LATEST_BY_OFFSET(O.KSQLTIMEFRAMECLOSE) KSQLTIMEFRAMECLOSE\nFROM BAR_1S_FINAL_S O\nWINDOW TUMBLING ( SIZE 5 MINUTES , GRACE PERIOD 3 SECONDS ) \nGROUP BY O.BROKER, O.SYMBOL\nEMIT CHANGES;","sinks":["BAR_5M_LIVE"],"sinkKafkaTopics":["bar_5m_live"],"id":"CTAS_BAR_5M_LIVE_103","statusCount":{"RUNNING":1},"queryType":"PERSISTENT","state":"RUNNING"},{"queryString":"CREATE TABLE BAR_TBIMP_5M_LIVE WITH (CLEANUP_POLICY='compact,delete', KAFKA_TOPIC='bar_tbimp_5m_live', KEY_FORMAT='AVRO', PARTITIONS=1, REPLICAS=1, RETENTION_MS=604800000, VALUE_FORMAT='AVRO') AS SELECT\n  O.BROKER BROKER,\n  O.SYMBOL SYMBOL,\n  WINDOWSTART BUCKETSTART,\n  EARLIEST_BY_OFFSET(O.OPEN) OPEN,\n  MAX(O.HIGH) HIGH,\n  MIN(O.LOW) LOW,\n  LATEST_BY_OFFSET(O.CLOSE) CLOSE\nFROM BAR_TBIMP_1S_FINAL_S O\nWINDOW TUMBLING ( SIZE 5 MINUTES , GRACE PERIOD 3 SECONDS ) \nGROUP BY O.BROKER, O.SYMBOL\nEMIT CHANGES;","sinks":["BAR_TBIMP_5M_LIVE"],"sinkKafkaTopics":["bar_tbimp_5m_live"],"id":"CTAS_BAR_TBIMP_5M_LIVE_91","statusCount":{"RUNNING":1},"queryType":"PERSISTENT","state":"RUNNING"},{"queryString":"CREATE TABLE BAR_1M_LIVE WITH (CLEANUP_POLICY='compact,delete', KAFKA_TOPIC='bar_1m_live', KEY_FORMAT='AVRO', PARTITIONS=1, REPLICAS=1, RETENTION_MS=604800000, VALUE_FORMAT='AVRO') AS SELECT\n  O.BROKER BROKER,\n  O.SYMBOL SYMBOL,\n  WINDOWSTART BUCKETSTART,\n  EARLIEST_BY_OFFSET(O.OPEN) OPEN,\n  MAX(O.HIGH) HIGH,\n  MIN(O.LOW) LOW,\n  LATEST_BY_OFFSET(O.KSQLTIMEFRAMECLOSE) KSQLTIMEFRAMECLOSE\nFROM BAR_1S_FINAL_S O\nWINDOW TUMBLING ( SIZE 1 MINUTES , GRACE PERIOD 2 SECONDS ) \nGROUP BY O.BROKER, O.SYMBOL\nEMIT CHANGES;","sinks":["BAR_1M_LIVE"],"sinkKafkaTopics":["bar_1m_live"],"id":"CTAS_BAR_1M_LIVE_101","statusCount":{"RUNNING":1},"queryType":"PERSISTENT","state":"RUNNING"},{"queryString":"CREATE TABLE BAR_TBIMP_1S_FINAL WITH (CLEANUP_POLICY='compact,delete', KAFKA_TOPIC='bar_tbimp_1s_final', KEY_FORMAT='AVRO', PARTITIONS=1, REPLICAS=1, RETENTION_MS=604800000, VALUE_FORMAT='AVRO') AS SELECT\n  O.BROKER BROKER,\n  O.SYMBOL SYMBOL,\n  WINDOWSTART BUCKETSTART,\n  EARLIEST_BY_OFFSET(O.BID) OPEN,\n  MAX(O.BID) HIGH,\n  MIN(O.BID) LOW,\n  LATEST_BY_OFFSET(O.BID) CLOSE\nFROM TICKS_TBIMP O\nWINDOW TUMBLING ( SIZE 1 SECONDS ) \nGROUP BY O.BROKER, O.SYMBOL\nEMIT FINAL;","sinks":["BAR_TBIMP_1S_FINAL"],"sinkKafkaTopics":["bar_tbimp_1s_final"],"id":"CTAS_BAR_TBIMP_1S_FINAL_85","statusCount":{"RUNNING":1},"queryType":"PERSISTENT","state":"RUNNING"}],"warnings":[]}]&#xD;
warn: Kafka.Ksql.Linq.KsqlContext[0]&#xD;
      SHOW QUERIES attempt 1 did not contain a matching query for bar_60m_live&#xD;
info: Kafka.Ksql.Linq.KsqlContext[0]&#xD;
      ksql execute: EXECUTE SQL=SHOW QUERIES;&#xD;
info: Kafka.Ksql.Linq.KsqlContext[0]&#xD;
      SHOW QUERIES output (attempt 2): [{"@type":"queries","statementText":"SHOW QUERIES;","queries":[{"queryString":"CREATE TABLE BAR_15M_LIVE WITH (CLEANUP_POLICY='compact,delete', KAFKA_TOPIC='bar_15m_live', KEY_FORMAT='AVRO', PARTITIONS=1, REPLICAS=1, RETENTION_MS=604800000, VALUE_FORMAT='AVRO') AS SELECT\n  O.BROKER BROKER,\n  O.SYMBOL SYMBOL,\n  WINDOWSTART BUCKETSTART,\n  EARLIEST_BY_OFFSET(O.OPEN) OPEN,\n  MAX(O.HIGH) HIGH,\n  MIN(O.LOW) LOW,\n  LATEST_BY_OFFSET(O.KSQLTIMEFRAMECLOSE) KSQLTIMEFRAMECLOSE\nFROM BAR_1S_FINAL_S O\nWINDOW TUMBLING ( SIZE 15 MINUTES , GRACE PERIOD 4 SECONDS ) \nGROUP BY O.BROKER, O.SYMBOL\nEMIT CHANGES;","sinks":["BAR_15M_LIVE"],"sinkKafkaTopics":["bar_15m_live"],"id":"CTAS_BAR_15M_LIVE_109","statusCount":{"RUNNING":1},"queryType":"PERSISTENT","state":"RUNNING"},{"queryString":"CREATE TABLE BAR_1S_FINAL WITH (CLEANUP_POLICY='compact,delete', KAFKA_TOPIC='bar_1s_final', KEY_FORMAT='AVRO', PARTITIONS=1, REPLICAS=1, RETENTION_MS=604800000, VALUE_FORMAT='AVRO') AS SELECT\n  O.BROKER BROKER,\n  O.SYMBOL SYMBOL,\n  WINDOWSTART BUCKETSTART,\n  EARLIEST_BY_OFFSET(O.BID) OPEN,\n  MAX(O.BID) HIGH,\n  MIN(O.BID) LOW,\n  LATEST_BY_OFFSET(O.BID) KSQLTIMEFRAMECLOSE\nFROM DEDUPRATES O\nWINDOW TUMBLING ( SIZE 1 SECONDS ) \nGROUP BY O.BROKER, O.SYMBOL\nEMIT FINAL;","sinks":["BAR_1S_FINAL"],"sinkKafkaTopics":["bar_1s_final"],"id":"CTAS_BAR_1S_FINAL_97","statusCount":{"RUNNING":1},"queryType":"PERSISTENT","state":"RUNNING"},{"queryString":"CREATE TABLE BAR_60M_LIVE WITH (CLEANUP_POLICY='compact,delete', KAFKA_TOPIC='bar_60m_live', KEY_FORMAT='AVRO', PARTITIONS=1, REPLICAS=1, RETENTION_MS=604800000, VALUE_FORMAT='AVRO') AS SELECT\n  O.BROKER BROKER,\n  O.SYMBOL SYMBOL,\n  WINDOWSTART BUCKETSTART,\n  EARLIEST_BY_OFFSET(O.OPEN) OPEN,\n  MAX(O.HIGH) HIGH,\n  MIN(O.LOW) LOW,\n  LATEST_BY_OFFSET(O.KSQLTIMEFRAMECLOSE) KSQLTIMEFRAMECLOSE\nFROM BAR_1S_FINAL_S O\nWINDOW TUMBLING ( SIZE 60 MINUTES , GRACE PERIOD 5 SECONDS ) \nGROUP BY O.BROKER, O.SYMBOL\nEMIT CHANGES;","sinks":["BAR_60M_LIVE"],"sinkKafkaTopics":["bar_60m_live"],"id":"CTAS_BAR_60M_LIVE_111","statusCount":{"RUNNING":1},"queryType":"PERSISTENT","state":"RUNNING"},{"queryString":"CREATE TABLE BAR_TBIMP_1M_LIVE WITH (CLEANUP_POLICY='compact,delete', KAFKA_TOPIC='bar_tbimp_1m_live', KEY_FORMAT='AVRO', PARTITIONS=1, REPLICAS=1, RETENTION_MS=604800000, VALUE_FORMAT='AVRO') AS SELECT\n  O.BROKER BROKER,\n  O.SYMBOL SYMBOL,\n  WINDOWSTART BUCKETSTART,\n  EARLIEST_BY_OFFSET(O.OPEN) OPEN,\n  MAX(O.HIGH) HIGH,\n  MIN(O.LOW) LOW,\n  LATEST_BY_OFFSET(O.CLOSE) CLOSE\nFROM BAR_TBIMP_1S_FINAL_S O\nWINDOW TUMBLING ( SIZE 1 MINUTES , GRACE PERIOD 2 SECONDS ) \nGROUP BY O.BROKER, O.SYMBOL\nEMIT CHANGES;","sinks":["BAR_TBIMP_1M_LIVE"],"sinkKafkaTopics":["bar_tbimp_1m_live"],"id":"CTAS_BAR_TBIMP_1M_LIVE_89","statusCount":{"RUNNING":1},"queryType":"PERSISTENT","state":"RUNNING"},{"queryString":"CREATE TABLE BAR_5M_LIVE WITH (CLEANUP_POLICY='compact,delete', KAFKA_TOPIC='bar_5m_live', KEY_FORMAT='AVRO', PARTITIONS=1, REPLICAS=1, RETENTION_MS=604800000, VALUE_FORMAT='AVRO') AS SELECT\n  O.BROKER BROKER,\n  O.SYMBOL SYMBOL,\n  WINDOWSTART BUCKETSTART,\n  EARLIEST_BY_OFFSET(O.OPEN) OPEN,\n  MAX(O.HIGH) HIGH,\n  MIN(O.LOW) LOW,\n  LATEST_BY_OFFSET(O.KSQLTIMEFRAMECLOSE) KSQLTIMEFRAMECLOSE\nFROM BAR_1S_FINAL_S O\nWINDOW TUMBLING ( SIZE 5 MINUTES , GRACE PERIOD 3 SECONDS ) \nGROUP BY O.BROKER, O.SYMBOL\nEMIT CHANGES;","sinks":["BAR_5M_LIVE"],"sinkKafkaTopics":["bar_5m_live"],"id":"CTAS_BAR_5M_LIVE_103","statusCount":{"RUNNING":1},"queryType":"PERSISTENT","state":"RUNNING"},{"queryString":"CREATE TABLE BAR_TBIMP_5M_LIVE WITH (CLEANUP_POLICY='compact,delete', KAFKA_TOPIC='bar_tbimp_5m_live', KEY_FORMAT='AVRO', PARTITIONS=1, REPLICAS=1, RETENTION_MS=604800000, VALUE_FORMAT='AVRO') AS SELECT\n  O.BROKER BROKER,\n  O.SYMBOL SYMBOL,\n  WINDOWSTART BUCKETSTART,\n  EARLIEST_BY_OFFSET(O.OPEN) OPEN,\n  MAX(O.HIGH) HIGH,\n  MIN(O.LOW) LOW,\n  LATEST_BY_OFFSET(O.CLOSE) CLOSE\nFROM BAR_TBIMP_1S_FINAL_S O\nWINDOW TUMBLING ( SIZE 5 MINUTES , GRACE PERIOD 3 SECONDS ) \nGROUP BY O.BROKER, O.SYMBOL\nEMIT CHANGES;","sinks":["BAR_TBIMP_5M_LIVE"],"sinkKafkaTopics":["bar_tbimp_5m_live"],"id":"CTAS_BAR_TBIMP_5M_LIVE_91","statusCount":{"RUNNING":1},"queryType":"PERSISTENT","state":"RUNNING"},{"queryString":"CREATE TABLE BAR_1M_LIVE WITH (CLEANUP_POLICY='compact,delete', KAFKA_TOPIC='bar_1m_live', KEY_FORMAT='AVRO', PARTITIONS=1, REPLICAS=1, RETENTION_MS=604800000, VALUE_FORMAT='AVRO') AS SELECT\n  O.BROKER BROKER,\n  O.SYMBOL SYMBOL,\n  WINDOWSTART BUCKETSTART,\n  EARLIEST_BY_OFFSET(O.OPEN) OPEN,\n  MAX(O.HIGH) HIGH,\n  MIN(O.LOW) LOW,\n  LATEST_BY_OFFSET(O.KSQLTIMEFRAMECLOSE) KSQLTIMEFRAMECLOSE\nFROM BAR_1S_FINAL_S O\nWINDOW TUMBLING ( SIZE 1 MINUTES , GRACE PERIOD 2 SECONDS ) \nGROUP BY O.BROKER, O.SYMBOL\nEMIT CHANGES;","sinks":["BAR_1M_LIVE"],"sinkKafkaTopics":["bar_1m_live"],"id":"CTAS_BAR_1M_LIVE_101","statusCount":{"RUNNING":1},"queryType":"PERSISTENT","state":"RUNNING"},{"queryString":"CREATE TABLE BAR_TBIMP_1S_FINAL WITH (CLEANUP_POLICY='compact,delete', KAFKA_TOPIC='bar_tbimp_1s_final', KEY_FORMAT='AVRO', PARTITIONS=1, REPLICAS=1, RETENTION_MS=604800000, VALUE_FORMAT='AVRO') AS SELECT\n  O.BROKER BROKER,\n  O.SYMBOL SYMBOL,\n  WINDOWSTART BUCKETSTART,\n  EARLIEST_BY_OFFSET(O.BID) OPEN,\n  MAX(O.BID) HIGH,\n  MIN(O.BID) LOW,\n  LATEST_BY_OFFSET(O.BID) CLOSE\nFROM TICKS_TBIMP O\nWINDOW TUMBLING ( SIZE 1 SECONDS ) \nGROUP BY O.BROKER, O.SYMBOL\nEMIT FINAL;","sinks":["BAR_TBIMP_1S_FINAL"],"sinkKafkaTopics":["bar_tbimp_1s_final"],"id":"CTAS_BAR_TBIMP_1S_FINAL_85","statusCount":{"RUNNING":1},"queryType":"PERSISTENT","state":"RUNNING"}],"warnings":[]}]&#xD;
warn: Kafka.Ksql.Linq.KsqlContext[0]&#xD;
      SHOW QUERIES attempt 2 did not contain a matching query for bar_60m_live&#xD;
info: Kafka.Ksql.Linq.KsqlContext[0]&#xD;
      ksql execute: EXECUTE SQL=SHOW QUERIES;&#xD;
info: Kafka.Ksql.Linq.KsqlContext[0]&#xD;
      SHOW QUERIES output (attempt 3): [{"@type":"queries","statementText":"SHOW QUERIES;","queries":[{"queryString":"CREATE TABLE BAR_15M_LIVE WITH (CLEANUP_POLICY='compact,delete', KAFKA_TOPIC='bar_15m_live', KEY_FORMAT='AVRO', PARTITIONS=1, REPLICAS=1, RETENTION_MS=604800000, VALUE_FORMAT='AVRO') AS SELECT\n  O.BROKER BROKER,\n  O.SYMBOL SYMBOL,\n  WINDOWSTART BUCKETSTART,\n  EARLIEST_BY_OFFSET(O.OPEN) OPEN,\n  MAX(O.HIGH) HIGH,\n  MIN(O.LOW) LOW,\n  LATEST_BY_OFFSET(O.KSQLTIMEFRAMECLOSE) KSQLTIMEFRAMECLOSE\nFROM BAR_1S_FINAL_S O\nWINDOW TUMBLING ( SIZE 15 MINUTES , GRACE PERIOD 4 SECONDS ) \nGROUP BY O.BROKER, O.SYMBOL\nEMIT CHANGES;","sinks":["BAR_15M_LIVE"],"sinkKafkaTopics":["bar_15m_live"],"id":"CTAS_BAR_15M_LIVE_109","statusCount":{"RUNNING":1},"queryType":"PERSISTENT","state":"RUNNING"},{"queryString":"CREATE TABLE BAR_1S_FINAL WITH (CLEANUP_POLICY='compact,delete', KAFKA_TOPIC='bar_1s_final', KEY_FORMAT='AVRO', PARTITIONS=1, REPLICAS=1, RETENTION_MS=604800000, VALUE_FORMAT='AVRO') AS SELECT\n  O.BROKER BROKER,\n  O.SYMBOL SYMBOL,\n  WINDOWSTART BUCKETSTART,\n  EARLIEST_BY_OFFSET(O.BID) OPEN,\n  MAX(O.BID) HIGH,\n  MIN(O.BID) LOW,\n  LATEST_BY_OFFSET(O.BID) KSQLTIMEFRAMECLOSE\nFROM DEDUPRATES O\nWINDOW TUMBLING ( SIZE 1 SECONDS ) \nGROUP BY O.BROKER, O.SYMBOL\nEMIT FINAL;","sinks":["BAR_1S_FINAL"],"sinkKafkaTopics":["bar_1s_final"],"id":"CTAS_BAR_1S_FINAL_97","statusCount":{"RUNNING":1},"queryType":"PERSISTENT","state":"RUNNING"},{"queryString":"CREATE TABLE BAR_60M_LIVE WITH (CLEANUP_POLICY='compact,delete', KAFKA_TOPIC='bar_60m_live', KEY_FORMAT='AVRO', PARTITIONS=1, REPLICAS=1, RETENTION_MS=604800000, VALUE_FORMAT='AVRO') AS SELECT\n  O.BROKER BROKER,\n  O.SYMBOL SYMBOL,\n  WINDOWSTART BUCKETSTART,\n  EARLIEST_BY_OFFSET(O.OPEN) OPEN,\n  MAX(O.HIGH) HIGH,\n  MIN(O.LOW) LOW,\n  LATEST_BY_OFFSET(O.KSQLTIMEFRAMECLOSE) KSQLTIMEFRAMECLOSE\nFROM BAR_1S_FINAL_S O\nWINDOW TUMBLING ( SIZE 60 MINUTES , GRACE PERIOD 5 SECONDS ) \nGROUP BY O.BROKER, O.SYMBOL\nEMIT CHANGES;","sinks":["BAR_60M_LIVE"],"sinkKafkaTopics":["bar_60m_live"],"id":"CTAS_BAR_60M_LIVE_111","statusCount":{"RUNNING":1},"queryType":"PERSISTENT","state":"RUNNING"},{"queryString":"CREATE TABLE BAR_TBIMP_1M_LIVE WITH (CLEANUP_POLICY='compact,delete', KAFKA_TOPIC='bar_tbimp_1m_live', KEY_FORMAT='AVRO', PARTITIONS=1, REPLICAS=1, RETENTION_MS=604800000, VALUE_FORMAT='AVRO') AS SELECT\n  O.BROKER BROKER,\n  O.SYMBOL SYMBOL,\n  WINDOWSTART BUCKETSTART,\n  EARLIEST_BY_OFFSET(O.OPEN) OPEN,\n  MAX(O.HIGH) HIGH,\n  MIN(O.LOW) LOW,\n  LATEST_BY_OFFSET(O.CLOSE) CLOSE\nFROM BAR_TBIMP_1S_FINAL_S O\nWINDOW TUMBLING ( SIZE 1 MINUTES , GRACE PERIOD 2 SECONDS ) \nGROUP BY O.BROKER, O.SYMBOL\nEMIT CHANGES;","sinks":["BAR_TBIMP_1M_LIVE"],"sinkKafkaTopics":["bar_tbimp_1m_live"],"id":"CTAS_BAR_TBIMP_1M_LIVE_89","statusCount":{"RUNNING":1},"queryType":"PERSISTENT","state":"RUNNING"},{"queryString":"CREATE TABLE BAR_5M_LIVE WITH (CLEANUP_POLICY='compact,delete', KAFKA_TOPIC='bar_5m_live', KEY_FORMAT='AVRO', PARTITIONS=1, REPLICAS=1, RETENTION_MS=604800000, VALUE_FORMAT='AVRO') AS SELECT\n  O.BROKER BROKER,\n  O.SYMBOL SYMBOL,\n  WINDOWSTART BUCKETSTART,\n  EARLIEST_BY_OFFSET(O.OPEN) OPEN,\n  MAX(O.HIGH) HIGH,\n  MIN(O.LOW) LOW,\n  LATEST_BY_OFFSET(O.KSQLTIMEFRAMECLOSE) KSQLTIMEFRAMECLOSE\nFROM BAR_1S_FINAL_S O\nWINDOW TUMBLING ( SIZE 5 MINUTES , GRACE PERIOD 3 SECONDS ) \nGROUP BY O.BROKER, O.SYMBOL\nEMIT CHANGES;","sinks":["BAR_5M_LIVE"],"sinkKafkaTopics":["bar_5m_live"],"id":"CTAS_BAR_5M_LIVE_103","statusCount":{"RUNNING":1},"queryType":"PERSISTENT","state":"RUNNING"},{"queryString":"CREATE TABLE BAR_TBIMP_5M_LIVE WITH (CLEANUP_POLICY='compact,delete', KAFKA_TOPIC='bar_tbimp_5m_live', KEY_FORMAT='AVRO', PARTITIONS=1, REPLICAS=1, RETENTION_MS=604800000, VALUE_FORMAT='AVRO') AS SELECT\n  O.BROKER BROKER,\n  O.SYMBOL SYMBOL,\n  WINDOWSTART BUCKETSTART,\n  EARLIEST_BY_OFFSET(O.OPEN) OPEN,\n  MAX(O.HIGH) HIGH,\n  MIN(O.LOW) LOW,\n  LATEST_BY_OFFSET(O.CLOSE) CLOSE\nFROM BAR_TBIMP_1S_FINAL_S O\nWINDOW TUMBLING ( SIZE 5 MINUTES , GRACE PERIOD 3 SECONDS ) \nGROUP BY O.BROKER, O.SYMBOL\nEMIT CHANGES;","sinks":["BAR_TBIMP_5M_LIVE"],"sinkKafkaTopics":["bar_tbimp_5m_live"],"id":"CTAS_BAR_TBIMP_5M_LIVE_91","statusCount":{"RUNNING":1},"queryType":"PERSISTENT","state":"RUNNING"},{"queryString":"CREATE TABLE BAR_1M_LIVE WITH (CLEANUP_POLICY='compact,delete', KAFKA_TOPIC='bar_1m_live', KEY_FORMAT='AVRO', PARTITIONS=1, REPLICAS=1, RETENTION_MS=604800000, VALUE_FORMAT='AVRO') AS SELECT\n  O.BROKER BROKER,\n  O.SYMBOL SYMBOL,\n  WINDOWSTART BUCKETSTART,\n  EARLIEST_BY_OFFSET(O.OPEN) OPEN,\n  MAX(O.HIGH) HIGH,\n  MIN(O.LOW) LOW,\n  LATEST_BY_OFFSET(O.KSQLTIMEFRAMECLOSE) KSQLTIMEFRAMECLOSE\nFROM BAR_1S_FINAL_S O\nWINDOW TUMBLING ( SIZE 1 MINUTES , GRACE PERIOD 2 SECONDS ) \nGROUP BY O.BROKER, O.SYMBOL\nEMIT CHANGES;","sinks":["BAR_1M_LIVE"],"sinkKafkaTopics":["bar_1m_live"],"id":"CTAS_BAR_1M_LIVE_101","statusCount":{"RUNNING":1},"queryType":"PERSISTENT","state":"RUNNING"},{"queryString":"CREATE TABLE BAR_TBIMP_1S_FINAL WITH (CLEANUP_POLICY='compact,delete', KAFKA_TOPIC='bar_tbimp_1s_final', KEY_FORMAT='AVRO', PARTITIONS=1, REPLICAS=1, RETENTION_MS=604800000, VALUE_FORMAT='AVRO') AS SELECT\n  O.BROKER BROKER,\n  O.SYMBOL SYMBOL,\n  WINDOWSTART BUCKETSTART,\n  EARLIEST_BY_OFFSET(O.BID) OPEN,\n  MAX(O.BID) HIGH,\n  MIN(O.BID) LOW,\n  LATEST_BY_OFFSET(O.BID) CLOSE\nFROM TICKS_TBIMP O\nWINDOW TUMBLING ( SIZE 1 SECONDS ) \nGROUP BY O.BROKER, O.SYMBOL\nEMIT FINAL;","sinks":["BAR_TBIMP_1S_FINAL"],"sinkKafkaTopics":["bar_tbimp_1s_final"],"id":"CTAS_BAR_TBIMP_1S_FINAL_85","statusCount":{"RUNNING":1},"queryType":"PERSISTENT","state":"RUNNING"}],"warnings":[]}]&#xD;
warn: Kafka.Ksql.Linq.KsqlContext[0]&#xD;
      SHOW QUERIES attempt 3 did not contain a matching query for bar_60m_live&#xD;
info: Kafka.Ksql.Linq.KsqlContext[0]&#xD;
      ksql execute: EXECUTE SQL=SHOW QUERIES;&#xD;
info: Kafka.Ksql.Linq.KsqlContext[0]&#xD;
      SHOW QUERIES output (attempt 4): [{"@type":"queries","statementText":"SHOW QUERIES;","queries":[{"queryString":"CREATE TABLE BAR_15M_LIVE WITH (CLEANUP_POLICY='compact,delete', KAFKA_TOPIC='bar_15m_live', KEY_FORMAT='AVRO', PARTITIONS=1, REPLICAS=1, RETENTION_MS=604800000, VALUE_FORMAT='AVRO') AS SELECT\n  O.BROKER BROKER,\n  O.SYMBOL SYMBOL,\n  WINDOWSTART BUCKETSTART,\n  EARLIEST_BY_OFFSET(O.OPEN) OPEN,\n  MAX(O.HIGH) HIGH,\n  MIN(O.LOW) LOW,\n  LATEST_BY_OFFSET(O.KSQLTIMEFRAMECLOSE) KSQLTIMEFRAMECLOSE\nFROM BAR_1S_FINAL_S O\nWINDOW TUMBLING ( SIZE 15 MINUTES , GRACE PERIOD 4 SECONDS ) \nGROUP BY O.BROKER, O.SYMBOL\nEMIT CHANGES;","sinks":["BAR_15M_LIVE"],"sinkKafkaTopics":["bar_15m_live"],"id":"CTAS_BAR_15M_LIVE_109","statusCount":{"RUNNING":1},"queryType":"PERSISTENT","state":"RUNNING"},{"queryString":"CREATE TABLE BAR_1S_FINAL WITH (CLEANUP_POLICY='compact,delete', KAFKA_TOPIC='bar_1s_final', KEY_FORMAT='AVRO', PARTITIONS=1, REPLICAS=1, RETENTION_MS=604800000, VALUE_FORMAT='AVRO') AS SELECT\n  O.BROKER BROKER,\n  O.SYMBOL SYMBOL,\n  WINDOWSTART BUCKETSTART,\n  EARLIEST_BY_OFFSET(O.BID) OPEN,\n  MAX(O.BID) HIGH,\n  MIN(O.BID) LOW,\n  LATEST_BY_OFFSET(O.BID) KSQLTIMEFRAMECLOSE\nFROM DEDUPRATES O\nWINDOW TUMBLING ( SIZE 1 SECONDS ) \nGROUP BY O.BROKER, O.SYMBOL\nEMIT FINAL;","sinks":["BAR_1S_FINAL"],"sinkKafkaTopics":["bar_1s_final"],"id":"CTAS_BAR_1S_FINAL_97","statusCount":{"RUNNING":1},"queryType":"PERSISTENT","state":"RUNNING"},{"queryString":"CREATE TABLE BAR_60M_LIVE WITH (CLEANUP_POLICY='compact,delete', KAFKA_TOPIC='bar_60m_live', KEY_FORMAT='AVRO', PARTITIONS=1, REPLICAS=1, RETENTION_MS=604800000, VALUE_FORMAT='AVRO') AS SELECT\n  O.BROKER BROKER,\n  O.SYMBOL SYMBOL,\n  WINDOWSTART BUCKETSTART,\n  EARLIEST_BY_OFFSET(O.OPEN) OPEN,\n  MAX(O.HIGH) HIGH,\n  MIN(O.LOW) LOW,\n  LATEST_BY_OFFSET(O.KSQLTIMEFRAMECLOSE) KSQLTIMEFRAMECLOSE\nFROM BAR_1S_FINAL_S O\nWINDOW TUMBLING ( SIZE 60 MINUTES , GRACE PERIOD 5 SECONDS ) \nGROUP BY O.BROKER, O.SYMBOL\nEMIT CHANGES;","sinks":["BAR_60M_LIVE"],"sinkKafkaTopics":["bar_60m_live"],"id":"CTAS_BAR_60M_LIVE_111","statusCount":{"RUNNING":1},"queryType":"PERSISTENT","state":"RUNNING"},{"queryString":"CREATE TABLE BAR_TBIMP_1M_LIVE WITH (CLEANUP_POLICY='compact,delete', KAFKA_TOPIC='bar_tbimp_1m_live', KEY_FORMAT='AVRO', PARTITIONS=1, REPLICAS=1, RETENTION_MS=604800000, VALUE_FORMAT='AVRO') AS SELECT\n  O.BROKER BROKER,\n  O.SYMBOL SYMBOL,\n  WINDOWSTART BUCKETSTART,\n  EARLIEST_BY_OFFSET(O.OPEN) OPEN,\n  MAX(O.HIGH) HIGH,\n  MIN(O.LOW) LOW,\n  LATEST_BY_OFFSET(O.CLOSE) CLOSE\nFROM BAR_TBIMP_1S_FINAL_S O\nWINDOW TUMBLING ( SIZE 1 MINUTES , GRACE PERIOD 2 SECONDS ) \nGROUP BY O.BROKER, O.SYMBOL\nEMIT CHANGES;","sinks":["BAR_TBIMP_1M_LIVE"],"sinkKafkaTopics":["bar_tbimp_1m_live"],"id":"CTAS_BAR_TBIMP_1M_LIVE_89","statusCount":{"RUNNING":1},"queryType":"PERSISTENT","state":"RUNNING"},{"queryString":"CREATE TABLE BAR_5M_LIVE WITH (CLEANUP_POLICY='compact,delete', KAFKA_TOPIC='bar_5m_live', KEY_FORMAT='AVRO', PARTITIONS=1, REPLICAS=1, RETENTION_MS=604800000, VALUE_FORMAT='AVRO') AS SELECT\n  O.BROKER BROKER,\n  O.SYMBOL SYMBOL,\n  WINDOWSTART BUCKETSTART,\n  EARLIEST_BY_OFFSET(O.OPEN) OPEN,\n  MAX(O.HIGH) HIGH,\n  MIN(O.LOW) LOW,\n  LATEST_BY_OFFSET(O.KSQLTIMEFRAMECLOSE) KSQLTIMEFRAMECLOSE\nFROM BAR_1S_FINAL_S O\nWINDOW TUMBLING ( SIZE 5 MINUTES , GRACE PERIOD 3 SECONDS ) \nGROUP BY O.BROKER, O.SYMBOL\nEMIT CHANGES;","sinks":["BAR_5M_LIVE"],"sinkKafkaTopics":["bar_5m_live"],"id":"CTAS_BAR_5M_LIVE_103","statusCount":{"RUNNING":1},"queryType":"PERSISTENT","state":"RUNNING"},{"queryString":"CREATE TABLE BAR_TBIMP_5M_LIVE WITH (CLEANUP_POLICY='compact,delete', KAFKA_TOPIC='bar_tbimp_5m_live', KEY_FORMAT='AVRO', PARTITIONS=1, REPLICAS=1, RETENTION_MS=604800000, VALUE_FORMAT='AVRO') AS SELECT\n  O.BROKER BROKER,\n  O.SYMBOL SYMBOL,\n  WINDOWSTART BUCKETSTART,\n  EARLIEST_BY_OFFSET(O.OPEN) OPEN,\n  MAX(O.HIGH) HIGH,\n  MIN(O.LOW) LOW,\n  LATEST_BY_OFFSET(O.CLOSE) CLOSE\nFROM BAR_TBIMP_1S_FINAL_S O\nWINDOW TUMBLING ( SIZE 5 MINUTES , GRACE PERIOD 3 SECONDS ) \nGROUP BY O.BROKER, O.SYMBOL\nEMIT CHANGES;","sinks":["BAR_TBIMP_5M_LIVE"],"sinkKafkaTopics":["bar_tbimp_5m_live"],"id":"CTAS_BAR_TBIMP_5M_LIVE_91","statusCount":{"RUNNING":1},"queryType":"PERSISTENT","state":"RUNNING"},{"queryString":"CREATE TABLE BAR_1M_LIVE WITH (CLEANUP_POLICY='compact,delete', KAFKA_TOPIC='bar_1m_live', KEY_FORMAT='AVRO', PARTITIONS=1, REPLICAS=1, RETENTION_MS=604800000, VALUE_FORMAT='AVRO') AS SELECT\n  O.BROKER BROKER,\n  O.SYMBOL SYMBOL,\n  WINDOWSTART BUCKETSTART,\n  EARLIEST_BY_OFFSET(O.OPEN) OPEN,\n  MAX(O.HIGH) HIGH,\n  MIN(O.LOW) LOW,\n  LATEST_BY_OFFSET(O.KSQLTIMEFRAMECLOSE) KSQLTIMEFRAMECLOSE\nFROM BAR_1S_FINAL_S O\nWINDOW TUMBLING ( SIZE 1 MINUTES , GRACE PERIOD 2 SECONDS ) \nGROUP BY O.BROKER, O.SYMBOL\nEMIT CHANGES;","sinks":["BAR_1M_LIVE"],"sinkKafkaTopics":["bar_1m_live"],"id":"CTAS_BAR_1M_LIVE_101","statusCount":{"RUNNING":1},"queryType":"PERSISTENT","state":"RUNNING"},{"queryString":"CREATE TABLE BAR_TBIMP_1S_FINAL WITH (CLEANUP_POLICY='compact,delete', KAFKA_TOPIC='bar_tbimp_1s_final', KEY_FORMAT='AVRO', PARTITIONS=1, REPLICAS=1, RETENTION_MS=604800000, VALUE_FORMAT='AVRO') AS SELECT\n  O.BROKER BROKER,\n  O.SYMBOL SYMBOL,\n  WINDOWSTART BUCKETSTART,\n  EARLIEST_BY_OFFSET(O.BID) OPEN,\n  MAX(O.BID) HIGH,\n  MIN(O.BID) LOW,\n  LATEST_BY_OFFSET(O.BID) CLOSE\nFROM TICKS_TBIMP O\nWINDOW TUMBLING ( SIZE 1 SECONDS ) \nGROUP BY O.BROKER, O.SYMBOL\nEMIT FINAL;","sinks":["BAR_TBIMP_1S_FINAL"],"sinkKafkaTopics":["bar_tbimp_1s_final"],"id":"CTAS_BAR_TBIMP_1S_FINAL_85","statusCount":{"RUNNING":1},"queryType":"PERSISTENT","state":"RUNNING"}],"warnings":[]}]&#xD;
warn: Kafka.Ksql.Linq.KsqlContext[0]&#xD;
      SHOW QUERIES attempt 4 did not contain a matching query for bar_60m_live&#xD;
info: Kafka.Ksql.Linq.KsqlContext[0]&#xD;
      ksql execute: EXECUTE SQL=SHOW QUERIES;&#xD;
info: Kafka.Ksql.Linq.KsqlContext[0]&#xD;
      SHOW QUERIES output (attempt 5): [{"@type":"queries","statementText":"SHOW QUERIES;","queries":[{"queryString":"CREATE TABLE BAR_15M_LIVE WITH (CLEANUP_POLICY='compact,delete', KAFKA_TOPIC='bar_15m_live', KEY_FORMAT='AVRO', PARTITIONS=1, REPLICAS=1, RETENTION_MS=604800000, VALUE_FORMAT='AVRO') AS SELECT\n  O.BROKER BROKER,\n  O.SYMBOL SYMBOL,\n  WINDOWSTART BUCKETSTART,\n  EARLIEST_BY_OFFSET(O.OPEN) OPEN,\n  MAX(O.HIGH) HIGH,\n  MIN(O.LOW) LOW,\n  LATEST_BY_OFFSET(O.KSQLTIMEFRAMECLOSE) KSQLTIMEFRAMECLOSE\nFROM BAR_1S_FINAL_S O\nWINDOW TUMBLING ( SIZE 15 MINUTES , GRACE PERIOD 4 SECONDS ) \nGROUP BY O.BROKER, O.SYMBOL\nEMIT CHANGES;","sinks":["BAR_15M_LIVE"],"sinkKafkaTopics":["bar_15m_live"],"id":"CTAS_BAR_15M_LIVE_109","statusCount":{"RUNNING":1},"queryType":"PERSISTENT","state":"RUNNING"},{"queryString":"CREATE TABLE BAR_1S_FINAL WITH (CLEANUP_POLICY='compact,delete', KAFKA_TOPIC='bar_1s_final', KEY_FORMAT='AVRO', PARTITIONS=1, REPLICAS=1, RETENTION_MS=604800000, VALUE_FORMAT='AVRO') AS SELECT\n  O.BROKER BROKER,\n  O.SYMBOL SYMBOL,\n  WINDOWSTART BUCKETSTART,\n  EARLIEST_BY_OFFSET(O.BID) OPEN,\n  MAX(O.BID) HIGH,\n  MIN(O.BID) LOW,\n  LATEST_BY_OFFSET(O.BID) KSQLTIMEFRAMECLOSE\nFROM DEDUPRATES O\nWINDOW TUMBLING ( SIZE 1 SECONDS ) \nGROUP BY O.BROKER, O.SYMBOL\nEMIT FINAL;","sinks":["BAR_1S_FINAL"],"sinkKafkaTopics":["bar_1s_final"],"id":"CTAS_BAR_1S_FINAL_97","statusCount":{"RUNNING":1},"queryType":"PERSISTENT","state":"RUNNING"},{"queryString":"CREATE TABLE BAR_60M_LIVE WITH (CLEANUP_POLICY='compact,delete', KAFKA_TOPIC='bar_60m_live', KEY_FORMAT='AVRO', PARTITIONS=1, REPLICAS=1, RETENTION_MS=604800000, VALUE_FORMAT='AVRO') AS SELECT\n  O.BROKER BROKER,\n  O.SYMBOL SYMBOL,\n  WINDOWSTART BUCKETSTART,\n  EARLIEST_BY_OFFSET(O.OPEN) OPEN,\n  MAX(O.HIGH) HIGH,\n  MIN(O.LOW) LOW,\n  LATEST_BY_OFFSET(O.KSQLTIMEFRAMECLOSE) KSQLTIMEFRAMECLOSE\nFROM BAR_1S_FINAL_S O\nWINDOW TUMBLING ( SIZE 60 MINUTES , GRACE PERIOD 5 SECONDS ) \nGROUP BY O.BROKER, O.SYMBOL\nEMIT CHANGES;","sinks":["BAR_60M_LIVE"],"sinkKafkaTopics":["bar_60m_live"],"id":"CTAS_BAR_60M_LIVE_111","statusCount":{"RUNNING":1},"queryType":"PERSISTENT","state":"RUNNING"},{"queryString":"CREATE TABLE BAR_TBIMP_1M_LIVE WITH (CLEANUP_POLICY='compact,delete', KAFKA_TOPIC='bar_tbimp_1m_live', KEY_FORMAT='AVRO', PARTITIONS=1, REPLICAS=1, RETENTION_MS=604800000, VALUE_FORMAT='AVRO') AS SELECT\n  O.BROKER BROKER,\n  O.SYMBOL SYMBOL,\n  WINDOWSTART BUCKETSTART,\n  EARLIEST_BY_OFFSET(O.OPEN) OPEN,\n  MAX(O.HIGH) HIGH,\n  MIN(O.LOW) LOW,\n  LATEST_BY_OFFSET(O.CLOSE) CLOSE\nFROM BAR_TBIMP_1S_FINAL_S O\nWINDOW TUMBLING ( SIZE 1 MINUTES , GRACE PERIOD 2 SECONDS ) \nGROUP BY O.BROKER, O.SYMBOL\nEMIT CHANGES;","sinks":["BAR_TBIMP_1M_LIVE"],"sinkKafkaTopics":["bar_tbimp_1m_live"],"id":"CTAS_BAR_TBIMP_1M_LIVE_89","statusCount":{"RUNNING":1},"queryType":"PERSISTENT","state":"RUNNING"},{"queryString":"CREATE TABLE BAR_5M_LIVE WITH (CLEANUP_POLICY='compact,delete', KAFKA_TOPIC='bar_5m_live', KEY_FORMAT='AVRO', PARTITIONS=1, REPLICAS=1, RETENTION_MS=604800000, VALUE_FORMAT='AVRO') AS SELECT\n  O.BROKER BROKER,\n  O.SYMBOL SYMBOL,\n  WINDOWSTART BUCKETSTART,\n  EARLIEST_BY_OFFSET(O.OPEN) OPEN,\n  MAX(O.HIGH) HIGH,\n  MIN(O.LOW) LOW,\n  LATEST_BY_OFFSET(O.KSQLTIMEFRAMECLOSE) KSQLTIMEFRAMECLOSE\nFROM BAR_1S_FINAL_S O\nWINDOW TUMBLING ( SIZE 5 MINUTES , GRACE PERIOD 3 SECONDS ) \nGROUP BY O.BROKER, O.SYMBOL\nEMIT CHANGES;","sinks":["BAR_5M_LIVE"],"sinkKafkaTopics":["bar_5m_live"],"id":"CTAS_BAR_5M_LIVE_103","statusCount":{"RUNNING":1},"queryType":"PERSISTENT","state":"RUNNING"},{"queryString":"CREATE TABLE BAR_TBIMP_5M_LIVE WITH (CLEANUP_POLICY='compact,delete', KAFKA_TOPIC='bar_tbimp_5m_live', KEY_FORMAT='AVRO', PARTITIONS=1, REPLICAS=1, RETENTION_MS=604800000, VALUE_FORMAT='AVRO') AS SELECT\n  O.BROKER BROKER,\n  O.SYMBOL SYMBOL,\n  WINDOWSTART BUCKETSTART,\n  EARLIEST_BY_OFFSET(O.OPEN) OPEN,\n  MAX(O.HIGH) HIGH,\n  MIN(O.LOW) LOW,\n  LATEST_BY_OFFSET(O.CLOSE) CLOSE\nFROM BAR_TBIMP_1S_FINAL_S O\nWINDOW TUMBLING ( SIZE 5 MINUTES , GRACE PERIOD 3 SECONDS ) \nGROUP BY O.BROKER, O.SYMBOL\nEMIT CHANGES;","sinks":["BAR_TBIMP_5M_LIVE"],"sinkKafkaTopics":["bar_tbimp_5m_live"],"id":"CTAS_BAR_TBIMP_5M_LIVE_91","statusCount":{"RUNNING":1},"queryType":"PERSISTENT","state":"RUNNING"},{"queryString":"CREATE TABLE BAR_1M_LIVE WITH (CLEANUP_POLICY='compact,delete', KAFKA_TOPIC='bar_1m_live', KEY_FORMAT='AVRO', PARTITIONS=1, REPLICAS=1, RETENTION_MS=604800000, VALUE_FORMAT='AVRO') AS SELECT\n  O.BROKER BROKER,\n  O.SYMBOL SYMBOL,\n  WINDOWSTART BUCKETSTART,\n  EARLIEST_BY_OFFSET(O.OPEN) OPEN,\n  MAX(O.HIGH) HIGH,\n  MIN(O.LOW) LOW,\n  LATEST_BY_OFFSET(O.KSQLTIMEFRAMECLOSE) KSQLTIMEFRAMECLOSE\nFROM BAR_1S_FINAL_S O\nWINDOW TUMBLING ( SIZE 1 MINUTES , GRACE PERIOD 2 SECONDS ) \nGROUP BY O.BROKER, O.SYMBOL\nEMIT CHANGES;","sinks":["BAR_1M_LIVE"],"sinkKafkaTopics":["bar_1m_live"],"id":"CTAS_BAR_1M_LIVE_101","statusCount":{"RUNNING":1},"queryType":"PERSISTENT","state":"RUNNING"},{"queryString":"CREATE TABLE BAR_TBIMP_1S_FINAL WITH (CLEANUP_POLICY='compact,delete', KAFKA_TOPIC='bar_tbimp_1s_final', KEY_FORMAT='AVRO', PARTITIONS=1, REPLICAS=1, RETENTION_MS=604800000, VALUE_FORMAT='AVRO') AS SELECT\n  O.BROKER BROKER,\n  O.SYMBOL SYMBOL,\n  WINDOWSTART BUCKETSTART,\n  EARLIEST_BY_OFFSET(O.BID) OPEN,\n  MAX(O.BID) HIGH,\n  MIN(O.BID) LOW,\n  LATEST_BY_OFFSET(O.BID) CLOSE\nFROM TICKS_TBIMP O\nWINDOW TUMBLING ( SIZE 1 SECONDS ) \nGROUP BY O.BROKER, O.SYMBOL\nEMIT FINAL;","sinks":["BAR_TBIMP_1S_FINAL"],"sinkKafkaTopics":["bar_tbimp_1s_final"],"id":"CTAS_BAR_TBIMP_1S_FINAL_85","statusCount":{"RUNNING":1},"queryType":"PERSISTENT","state":"RUNNING"}],"warnings":[]}]&#xD;
warn: Kafka.Ksql.Linq.KsqlContext[0]&#xD;
      SHOW QUERIES attempt 5 did not contain a matching query for bar_60m_live&#xD;
warn: Kafka.Ksql.Linq.KsqlContext[0]&#xD;
      Unable to locate queryId for bar_60m_live after 5 attempts&#xD;
warn: Kafka.Ksql.Linq.KsqlContext[0]&#xD;
      Could not locate queryId via SHOW QUERIES for derived statement targeting bar_60m_live: CREATE TABLE bar_60m_live  WITH (KAFKA_TOPIC='bar_60m_live', KEY_FORMAT='AVRO', VALUE_FORMAT='AVRO') AS&#xD;
      SELECT BROKER AS Broker, SYMBOL AS Symbol, WINDOWSTART AS BucketStart, EARLIEST_BY_OFFSET(o.OPEN) AS Open, MAX(o.HIGH) AS High, MIN(o.LOW) AS Low, LATEST_BY_OFFSET(o.KSQLTIMEFRAMECLOSE) AS KsqlTimeFrameClose&#xD;
      FROM bar_1s_final_s o WINDOW TUMBLING (SIZE 60 MINUTES, GRACE PERIOD 5 SECONDS)&#xD;
      GROUP BY BROKER, SYMBOL&#xD;
      EMIT CHANGES;&#xD;
info: Kafka.Ksql.Linq.KsqlContext[0]&#xD;
      ksql execute: EXECUTE SQL=SHOW QUERIES;&#xD;
info: Kafka.Ksql.Linq.KsqlContext[0]&#xD;
      ksql execute: EXECUTE SQL=SHOW QUERIES;&#xD;
info: Kafka.Ksql.Linq.KsqlContext[0]&#xD;
      ksql execute: EXECUTE SQL=SHOW QUERIES;&#xD;
info: Kafka.Ksql.Linq.KsqlContext[0]&#xD;
      ksql execute: EXECUTE SQL=SHOW QUERIES;&#xD;
info: Kafka.Ksql.Linq.KsqlContext[0]&#xD;
      ksql execute: EXECUTE SQL=SHOW QUERIES;&#xD;
info: Kafka.Ksql.Linq.KsqlContext[0]&#xD;
      ksql execute: EXECUTE SQL=SHOW QUERIES;&#xD;
info: Kafka.Ksql.Linq.KsqlContext[0]&#xD;
      ksql execute: EXECUTE SQL=SHOW QUERIES;&#xD;
info: Kafka.Ksql.Linq.KsqlContext[0]&#xD;
      ksql execute: EXECUTE SQL=SHOW QUERIES;&#xD;
info: Kafka.Ksql.Linq.KsqlContext[0]&#xD;
      ksql execute: EXECUTE SQL=SHOW QUERIES;&#xD;
info: Kafka.Ksql.Linq.KsqlContext[0]&#xD;
      ksql execute: EXECUTE SQL=SHOW QUERIES;&#xD;
info: Kafka.Ksql.Linq.KsqlContext[0]&#xD;
      ksql execute: EXECUTE SQL=SHOW QUERIES;&#xD;
info: Kafka.Ksql.Linq.KsqlContext[0]&#xD;
      ksql execute: EXECUTE SQL=SHOW QUERIES;&#xD;
info: Kafka.Ksql.Linq.KsqlContext[0]&#xD;
      ksql execute: EXECUTE SQL=SHOW QUERIES;&#xD;
info: Kafka.Ksql.Linq.KsqlContext[0]&#xD;
      ksql execute: EXECUTE SQL=SHOW QUERIES;&#xD;
info: Kafka.Ksql.Linq.KsqlContext[0]&#xD;
      ksql execute: EXECUTE SQL=SHOW QUERIES;&#xD;
info: Kafka.Ksql.Linq.KsqlContext[0]&#xD;
      ksql execute: EXECUTE SQL=SHOW QUERIES;&#xD;
info: Kafka.Ksql.Linq.KsqlContext[0]&#xD;
      ksql execute: EXECUTE SQL=SHOW QUERIES;&#xD;
info: Kafka.Ksql.Linq.KsqlContext[0]&#xD;
      ksql execute: EXECUTE SQL=SHOW QUERIES;&#xD;
info: Kafka.Ksql.Linq.KsqlContext[0]&#xD;
      ksql execute: EXECUTE SQL=SHOW QUERIES;&#xD;
info: Kafka.Ksql.Linq.KsqlContext[0]&#xD;
      ksql execute: EXECUTE SQL=SHOW QUERIES;&#xD;
info: Kafka.Ksql.Linq.KsqlContext[0]&#xD;
      ksql execute: EXECUTE SQL=SHOW QUERIES;&#xD;
info: Kafka.Ksql.Linq.KsqlContext[0]&#xD;
      ksql execute: EXECUTE SQL=SHOW QUERIES;&#xD;
info: Kafka.Ksql.Linq.KsqlContext[0]&#xD;
      ksql execute: EXECUTE SQL=SHOW QUERIES;&#xD;
info: Kafka.Ksql.Linq.KsqlContext[0]&#xD;
      ksql execute: EXECUTE SQL=SHOW QUERIES;&#xD;
info: Kafka.Ksql.Linq.KsqlContext[0]&#xD;
      ksql execute: EXECUTE SQL=SHOW QUERIES;&#xD;
info: Streamiz.Kafka.Net.Processors.StreamThread[0]&#xD;
      Processed 0 total records, ran 0 punctuators and committed 0 total tasks since the last update&#xD;
info: Kafka.Ksql.Linq.KsqlContext[0]&#xD;
      ksql execute: EXECUTE SQL=SHOW QUERIES;&#xD;
info: Kafka.Ksql.Linq.KsqlContext[0]&#xD;
      ksql execute: EXECUTE SQL=SHOW QUERIES;&#xD;
info: Kafka.Ksql.Linq.KsqlContext[0]&#xD;
      ksql execute: EXECUTE SQL=SHOW QUERIES;&#xD;
info: Kafka.Ksql.Linq.KsqlContext[0]&#xD;
      ksql execute: EXECUTE SQL=SHOW QUERIES;&#xD;
info: Kafka.Ksql.Linq.KsqlContext[0]&#xD;
      ksql execute: EXECUTE SQL=SHOW QUERIES;&#xD;
info: Kafka.Ksql.Linq.KsqlContext[0]&#xD;
      ksql execute: EXECUTE SQL=SHOW QUERIES;&#xD;
info: Kafka.Ksql.Linq.KsqlContext[0]&#xD;
      ksql execute: EXECUTE SQL=SHOW QUERIES;&#xD;
info: Kafka.Ksql.Linq.KsqlContext[0]&#xD;
      ksql execute: EXECUTE SQL=SHOW QUERIES;&#xD;
info: Kafka.Ksql.Linq.KsqlContext[0]&#xD;
      ksql execute: EXECUTE SQL=SHOW QUERIES;&#xD;
info: Kafka.Ksql.Linq.KsqlContext[0]&#xD;
      ksql execute: EXECUTE SQL=SHOW QUERIES;&#xD;
info: Kafka.Ksql.Linq.KsqlContext[0]&#xD;
      ksql execute: EXECUTE SQL=SHOW QUERIES;&#xD;
info: Kafka.Ksql.Linq.KsqlContext[0]&#xD;
      ksql execute: EXECUTE SQL=SHOW QUERIES;&#xD;
info: Kafka.Ksql.Linq.KsqlContext[0]&#xD;
      ksql execute: EXECUTE SQL=SHOW QUERIES;&#xD;
info: Kafka.Ksql.Linq.KsqlContext[0]&#xD;
      ksql execute: EXECUTE SQL=SHOW QUERIES;&#xD;
info: Kafka.Ksql.Linq.KsqlContext[0]&#xD;
      ksql execute: EXECUTE SQL=SHOW QUERIES;&#xD;
info: Kafka.Ksql.Linq.KsqlContext[0]&#xD;
      ksql execute: EXECUTE SQL=SHOW QUERIES;&#xD;
info: Kafka.Ksql.Linq.KsqlContext[0]&#xD;
      ksql execute: EXECUTE SQL=SHOW QUERIES;&#xD;
info: Kafka.Ksql.Linq.KsqlContext[0]&#xD;
      ksql execute: EXECUTE SQL=SHOW QUERIES;&#xD;
info: Kafka.Ksql.Linq.KsqlContext[0]&#xD;
      ksql execute: EXECUTE SQL=SHOW QUERIES;&#xD;
info: Kafka.Ksql.Linq.KsqlContext[0]&#xD;
      ksql execute: EXECUTE SQL=SHOW QUERIES;&#xD;
info: Kafka.Ksql.Linq.KsqlContext[0]&#xD;
      ksql execute: EXECUTE SQL=SHOW QUERIES;&#xD;
info: Kafka.Ksql.Linq.KsqlContext[0]&#xD;
      ksql execute: EXECUTE SQL=SHOW QUERIES;&#xD;
info: Kafka.Ksql.Linq.KsqlContext[0]&#xD;
      ksql execute: EXECUTE SQL=SHOW QUERIES;&#xD;
info: Kafka.Ksql.Linq.KsqlContext[0]&#xD;
      ksql execute: EXECUTE SQL=SHOW QUERIES;&#xD;
info: Kafka.Ksql.Linq.KsqlContext[0]&#xD;
      ksql execute: EXECUTE SQL=SHOW QUERIES;&#xD;
info: Kafka.Ksql.Linq.KsqlContext[0]&#xD;
      ksql execute: EXECUTE SQL=SHOW QUERIES;&#xD;
info: Kafka.Ksql.Linq.KsqlContext[0]&#xD;
      ksql execute: EXECUTE SQL=SHOW QUERIES;&#xD;
info: Kafka.Ksql.Linq.KsqlContext[0]&#xD;
      ksql execute: EXECUTE SQL=SHOW QUERIES;&#xD;
info: Kafka.Ksql.Linq.KsqlContext[0]&#xD;
      ksql execute: EXECUTE SQL=SHOW QUERIES;&#xD;
info: Kafka.Ksql.Linq.KsqlContext[0]&#xD;
      ksql execute: EXECUTE SQL=SHOW QUERIES;&#xD;
info: Streamiz.Kafka.Net.Processors.StreamThread[0]&#xD;
      Processed 0 total records, ran 0 punctuators and committed 0 total tasks since the last update&#xD;
info: Kafka.Ksql.Linq.KsqlContext[0]&#xD;
      ksql execute: EXECUTE SQL=SHOW QUERIES;&#xD;
info: Kafka.Ksql.Linq.KsqlContext[0]&#xD;
      ksql execute: EXECUTE SQL=SHOW QUERIES;&#xD;
info: Kafka.Ksql.Linq.KsqlContext[0]&#xD;
      ksql execute: EXECUTE SQL=SHOW QUERIES;&#xD;
info: Kafka.Ksql.Linq.KsqlContext[0]&#xD;
      ksql execute: EXECUTE SQL=SHOW QUERIES;&#xD;
info: Kafka.Ksql.Linq.KsqlContext[0]&#xD;
      ksql execute: EXECUTE SQL=SHOW QUERIES;&#xD;
info: Kafka.Ksql.Linq.KsqlContext[0]&#xD;
      ksql execute: EXECUTE SQL=SHOW QUERIES;&#xD;
info: Kafka.Ksql.Linq.KsqlContext[0]&#xD;
      ksql execute: EXECUTE SQL=SHOW QUERIES;&#xD;
info: Kafka.Ksql.Linq.KsqlContext[0]&#xD;
      ksql execute: EXECUTE SQL=SHOW QUERIES;&#xD;
info: Kafka.Ksql.Linq.KsqlContext[0]&#xD;
      ksql execute: EXECUTE SQL=SHOW QUERIES;&#xD;
info: Kafka.Ksql.Linq.KsqlContext[0]&#xD;
      ksql execute: EXECUTE SQL=SHOW QUERIES;&#xD;
info: Kafka.Ksql.Linq.KsqlContext[0]&#xD;
      ksql execute: EXECUTE SQL=SHOW QUERIES;&#xD;
info: Kafka.Ksql.Linq.KsqlContext[0]&#xD;
      ksql execute: EXECUTE SQL=SHOW QUERIES;&#xD;
info: Kafka.Ksql.Linq.KsqlContext[0]&#xD;
      ksql execute: EXECUTE SQL=SHOW QUERIES;&#xD;
info: Kafka.Ksql.Linq.KsqlContext[0]&#xD;
      ksql execute: EXECUTE SQL=SHOW QUERIES;&#xD;
info: Kafka.Ksql.Linq.KsqlContext[0]&#xD;
      ksql execute: EXECUTE SQL=SHOW QUERIES;&#xD;
info: Kafka.Ksql.Linq.KsqlContext[0]&#xD;
      ksql execute: EXECUTE SQL=SHOW QUERIES;&#xD;
info: Kafka.Ksql.Linq.KsqlContext[0]&#xD;
      ksql execute: EXECUTE SQL=SHOW QUERIES;&#xD;
info: Kafka.Ksql.Linq.KsqlContext[0]&#xD;
      ksql execute: EXECUTE SQL=SHOW QUERIES;&#xD;
info: Kafka.Ksql.Linq.KsqlContext[0]&#xD;
      ksql execute: EXECUTE SQL=SHOW QUERIES;&#xD;
info: Kafka.Ksql.Linq.KsqlContext[0]&#xD;
      ksql execute: EXECUTE SQL=SHOW QUERIES;&#xD;
info: Kafka.Ksql.Linq.KsqlContext[0]&#xD;
      ksql execute: EXECUTE SQL=SHOW QUERIES;&#xD;
info: Kafka.Ksql.Linq.KsqlContext[0]&#xD;
      ksql execute: EXECUTE SQL=SHOW QUERIES;&#xD;
info: Kafka.Ksql.Linq.KsqlContext[0]&#xD;
      ksql execute: EXECUTE SQL=SHOW QUERIES;&#xD;
info: Kafka.Ksql.Linq.KsqlContext[0]&#xD;
      ksql execute: EXECUTE SQL=SHOW QUERIES;&#xD;
info: Kafka.Ksql.Linq.KsqlContext[0]&#xD;
      ksql execute: EXECUTE SQL=SHOW QUERIES;&#xD;
info: Kafka.Ksql.Linq.KsqlContext[0]&#xD;
      ksql execute: EXECUTE SQL=SHOW QUERIES;&#xD;
info: Kafka.Ksql.Linq.KsqlContext[0]&#xD;
      ksql execute: EXECUTE SQL=SHOW QUERIES;&#xD;
info: Kafka.Ksql.Linq.KsqlContext[0]&#xD;
      ksql execute: EXECUTE SQL=SHOW QUERIES;&#xD;
info: Kafka.Ksql.Linq.KsqlContext[0]&#xD;
      ksql execute: EXECUTE SQL=SHOW QUERIES;&#xD;
info: Kafka.Ksql.Linq.KsqlContext[0]&#xD;
      ksql execute: EXECUTE SQL=SHOW QUERIES;&#xD;
info: Streamiz.Kafka.Net.Processors.StreamThread[0]&#xD;
      Processed 0 total records, ran 0 punctuators and committed 0 total tasks since the last update&#xD;
info: Kafka.Ksql.Linq.KsqlContext[0]&#xD;
      ksql execute: EXECUTE SQL=SHOW QUERIES;&#xD;
info: Kafka.Ksql.Linq.KsqlContext[0]&#xD;
      ksql execute: EXECUTE SQL=SHOW QUERIES;&#xD;
info: Kafka.Ksql.Linq.KsqlContext[0]&#xD;
      ksql execute: EXECUTE SQL=SHOW QUERIES;&#xD;
info: Kafka.Ksql.Linq.KsqlContext[0]&#xD;
      ksql execute: EXECUTE SQL=SHOW QUERIES;&#xD;
info: Kafka.Ksql.Linq.KsqlContext[0]&#xD;
      ksql execute: EXECUTE SQL=SHOW QUERIES;&#xD;
warn: Kafka.Ksql.Linq.KsqlContext[0]&#xD;
      Derived query stabilization failed for Bar (attempt 2/3)&#xD;
      System.TimeoutException: CTAS/CSAS query for bar_15m_live did not reach RUNNING within 180s&#xD;
         at Kafka.Ksql.Linq.KsqlContext.WaitForQueryRunningAsync(String targetEntityName, TimeSpan timeout)&#xD;
         at Kafka.Ksql.Linq.KsqlContext.WaitForDerivedQueriesRunningAsync(TimeSpan timeout)&#xD;
         at Kafka.Ksql.Linq.KsqlContext.&lt;&gt;c__DisplayClass95_0.&lt;&lt;EnsureQueryEntityDdlAsync&gt;g__EnsureDerivedQueryEntityDdlAsync|0&gt;d.MoveNext()&#xD;
info: Kafka.Ksql.Linq.KsqlContext[0]&#xD;
      KSQL DDL (derived bar_1s_final): CREATE TABLE bar_1s_final  WITH (KAFKA_TOPIC='bar_1s_final', KEY_FORMAT='AVRO', VALUE_FORMAT='AVRO') AS&#xD;
      SELECT BROKER AS Broker, SYMBOL AS Symbol, WINDOWSTART AS BucketStart, EARLIEST_BY_OFFSET(Bid) AS Open, MAX(Bid) AS High, MIN(Bid) AS Low, LATEST_BY_OFFSET(Bid) AS KsqlTimeFrameClose&#xD;
      FROM DEDUPRATES o WINDOW TUMBLING (SIZE 1 SECONDS)&#xD;
      GROUP BY BROKER, SYMBOL&#xD;
      EMIT FINAL;&#xD;
info: Kafka.Ksql.Linq.KsqlContext[0]&#xD;
      ksql execute: EXECUTE SQL=CREATE TABLE bar_1s_final  WITH (KAFKA_TOPIC='bar_1s_final', KEY_FORMAT='AVRO', VALUE_FORMAT='AVRO') AS  SELECT BROKER A...&#xD;
info: Kafka.Ksql.Linq.KsqlContext[0]&#xD;
      KSQL DDL (derived bar_1s_final_s): CREATE STREAM bar_1s_final_s (BROKER VARCHAR KEY, SYMBOL VARCHAR KEY, BUCKETSTART TIMESTAMP KEY, OPEN DOUBLE, HIGH DOUBLE, LOW DOUBLE, KSQLTIMEFRAMECLOSE DOUBLE) WITH (KAFKA_TOPIC='bar_1s_final', KEY_FORMAT='AVRO', VALUE_FORMAT='AVRO', VALUE_AVRO_SCHEMA_FULL_NAME='bar_ksql.bar_1s_final_s_valueAvro', PARTITIONS=1, REPLICAS=1, RETENTION_MS=604800000);&#xD;
info: Kafka.Ksql.Linq.KsqlContext[0]&#xD;
      ksql execute: EXECUTE SQL=CREATE STREAM bar_1s_final_s (BROKER VARCHAR KEY, SYMBOL VARCHAR KEY, BUCKETSTART TIMESTAMP KEY, OPEN DOUBLE, HIGH DOUBL...&#xD;
info: Kafka.Ksql.Linq.KsqlContext[0]&#xD;
      KSQL DDL (derived bar_1m_live): CREATE TABLE bar_1m_live  WITH (KAFKA_TOPIC='bar_1m_live', KEY_FORMAT='AVRO', VALUE_FORMAT='AVRO') AS&#xD;
      SELECT BROKER AS Broker, SYMBOL AS Symbol, WINDOWSTART AS BucketStart, EARLIEST_BY_OFFSET(o.OPEN) AS Open, MAX(o.HIGH) AS High, MIN(o.LOW) AS Low, LATEST_BY_OFFSET(o.KSQLTIMEFRAMECLOSE) AS KsqlTimeFrameClose&#xD;
      FROM bar_1s_final_s o WINDOW TUMBLING (SIZE 1 MINUTES, GRACE PERIOD 2 SECONDS)&#xD;
      GROUP BY BROKER, SYMBOL&#xD;
      EMIT CHANGES;&#xD;
info: Kafka.Ksql.Linq.KsqlContext[0]&#xD;
      ksql execute: EXECUTE SQL=CREATE TABLE bar_1m_live  WITH (KAFKA_TOPIC='bar_1m_live', KEY_FORMAT='AVRO', VALUE_FORMAT='AVRO') AS  SELECT BROKER AS ...&#xD;
info: Kafka.Ksql.Linq.KsqlContext[0]&#xD;
      KSQL DDL (derived bar_5m_live): CREATE TABLE bar_5m_live  WITH (KAFKA_TOPIC='bar_5m_live', KEY_FORMAT='AVRO', VALUE_FORMAT='AVRO') AS&#xD;
      SELECT BROKER AS Broker, SYMBOL AS Symbol, WINDOWSTART AS BucketStart, EARLIEST_BY_OFFSET(o.OPEN) AS Open, MAX(o.HIGH) AS High, MIN(o.LOW) AS Low, LATEST_BY_OFFSET(o.KSQLTIMEFRAMECLOSE) AS KsqlTimeFrameClose&#xD;
      FROM bar_1s_final_s o WINDOW TUMBLING (SIZE 5 MINUTES, GRACE PERIOD 3 SECONDS)&#xD;
      GROUP BY BROKER, SYMBOL&#xD;
      EMIT CHANGES;&#xD;
info: Kafka.Ksql.Linq.KsqlContext[0]&#xD;
      ksql execute: EXECUTE SQL=CREATE TABLE bar_5m_live  WITH (KAFKA_TOPIC='bar_5m_live', KEY_FORMAT='AVRO', VALUE_FORMAT='AVRO') AS  SELECT BROKER AS ...&#xD;
info: Kafka.Ksql.Linq.KsqlContext[0]&#xD;
      KSQL DDL (derived bar_15m_live): CREATE TABLE bar_15m_live  WITH (KAFKA_TOPIC='bar_15m_live', KEY_FORMAT='AVRO', VALUE_FORMAT='AVRO') AS&#xD;
      SELECT BROKER AS Broker, SYMBOL AS Symbol, WINDOWSTART AS BucketStart, EARLIEST_BY_OFFSET(o.OPEN) AS Open, MAX(o.HIGH) AS High, MIN(o.LOW) AS Low, LATEST_BY_OFFSET(o.KSQLTIMEFRAMECLOSE) AS KsqlTimeFrameClose&#xD;
      FROM bar_1s_final_s o WINDOW TUMBLING (SIZE 15 MINUTES, GRACE PERIOD 4 SECONDS)&#xD;
      GROUP BY BROKER, SYMBOL&#xD;
      EMIT CHANGES;&#xD;
info: Kafka.Ksql.Linq.KsqlContext[0]&#xD;
      ksql execute: EXECUTE SQL=CREATE TABLE bar_15m_live  WITH (KAFKA_TOPIC='bar_15m_live', KEY_FORMAT='AVRO', VALUE_FORMAT='AVRO') AS  SELECT BROKER A...&#xD;
info: Kafka.Ksql.Linq.KsqlContext[0]&#xD;
      KSQL DDL (derived bar_60m_live): CREATE TABLE bar_60m_live  WITH (KAFKA_TOPIC='bar_60m_live', KEY_FORMAT='AVRO', VALUE_FORMAT='AVRO') AS&#xD;
      SELECT BROKER AS Broker, SYMBOL AS Symbol, WINDOWSTART AS BucketStart, EARLIEST_BY_OFFSET(o.OPEN) AS Open, MAX(o.HIGH) AS High, MIN(o.LOW) AS Low, LATEST_BY_OFFSET(o.KSQLTIMEFRAMECLOSE) AS KsqlTimeFrameClose&#xD;
      FROM bar_1s_final_s o WINDOW TUMBLING (SIZE 60 MINUTES, GRACE PERIOD 5 SECONDS)&#xD;
      GROUP BY BROKER, SYMBOL&#xD;
      EMIT CHANGES;&#xD;
info: Kafka.Ksql.Linq.KsqlContext[0]&#xD;
      ksql execute: EXECUTE SQL=CREATE TABLE bar_60m_live  WITH (KAFKA_TOPIC='bar_60m_live', KEY_FORMAT='AVRO', VALUE_FORMAT='AVRO') AS  SELECT BROKER A...&#xD;
info: Kafka.Ksql.Linq.KsqlContext[0]&#xD;
      ksql execute: EXECUTE SQL=SHOW QUERIES;&#xD;
info: Kafka.Ksql.Linq.KsqlContext[0]&#xD;
      SHOW QUERIES output (attempt 1): [{"@type":"queries","statementText":"SHOW QUERIES;","queries":[{"queryString":"CREATE TABLE BAR_15M_LIVE WITH (CLEANUP_POLICY='compact,delete', KAFKA_TOPIC='bar_15m_live', KEY_FORMAT='AVRO', PARTITIONS=1, REPLICAS=1, RETENTION_MS=604800000, VALUE_FORMAT='AVRO') AS SELECT\n  O.BROKER BROKER,\n  O.SYMBOL SYMBOL,\n  WINDOWSTART BUCKETSTART,\n  EARLIEST_BY_OFFSET(O.OPEN) OPEN,\n  MAX(O.HIGH) HIGH,\n  MIN(O.LOW) LOW,\n  LATEST_BY_OFFSET(O.KSQLTIMEFRAMECLOSE) KSQLTIMEFRAMECLOSE\nFROM BAR_1S_FINAL_S O\nWINDOW TUMBLING ( SIZE 15 MINUTES , GRACE PERIOD 4 SECONDS ) \nGROUP BY O.BROKER, O.SYMBOL\nEMIT CHANGES;","sinks":["BAR_15M_LIVE"],"sinkKafkaTopics":["bar_15m_live"],"id":"CTAS_BAR_15M_LIVE_109","statusCount":{"RUNNING":1},"queryType":"PERSISTENT","state":"RUNNING"},{"queryString":"CREATE TABLE BAR_1S_FINAL WITH (CLEANUP_POLICY='compact,delete', KAFKA_TOPIC='bar_1s_final', KEY_FORMAT='AVRO', PARTITIONS=1, REPLICAS=1, RETENTION_MS=604800000, VALUE_FORMAT='AVRO') AS SELECT\n  O.BROKER BROKER,\n  O.SYMBOL SYMBOL,\n  WINDOWSTART BUCKETSTART,\n  EARLIEST_BY_OFFSET(O.BID) OPEN,\n  MAX(O.BID) HIGH,\n  MIN(O.BID) LOW,\n  LATEST_BY_OFFSET(O.BID) KSQLTIMEFRAMECLOSE\nFROM DEDUPRATES O\nWINDOW TUMBLING ( SIZE 1 SECONDS ) \nGROUP BY O.BROKER, O.SYMBOL\nEMIT FINAL;","sinks":["BAR_1S_FINAL"],"sinkKafkaTopics":["bar_1s_final"],"id":"CTAS_BAR_1S_FINAL_97","statusCount":{"RUNNING":1},"queryType":"PERSISTENT","state":"RUNNING"},{"queryString":"CREATE TABLE BAR_60M_LIVE WITH (CLEANUP_POLICY='compact,delete', KAFKA_TOPIC='bar_60m_live', KEY_FORMAT='AVRO', PARTITIONS=1, REPLICAS=1, RETENTION_MS=604800000, VALUE_FORMAT='AVRO') AS SELECT\n  O.BROKER BROKER,\n  O.SYMBOL SYMBOL,\n  WINDOWSTART BUCKETSTART,\n  EARLIEST_BY_OFFSET(O.OPEN) OPEN,\n  MAX(O.HIGH) HIGH,\n  MIN(O.LOW) LOW,\n  LATEST_BY_OFFSET(O.KSQLTIMEFRAMECLOSE) KSQLTIMEFRAMECLOSE\nFROM BAR_1S_FINAL_S O\nWINDOW TUMBLING ( SIZE 60 MINUTES , GRACE PERIOD 5 SECONDS ) \nGROUP BY O.BROKER, O.SYMBOL\nEMIT CHANGES;","sinks":["BAR_60M_LIVE"],"sinkKafkaTopics":["bar_60m_live"],"id":"CTAS_BAR_60M_LIVE_111","statusCount":{"RUNNING":1},"queryType":"PERSISTENT","state":"RUNNING"},{"queryString":"CREATE TABLE BAR_TBIMP_1M_LIVE WITH (CLEANUP_POLICY='compact,delete', KAFKA_TOPIC='bar_tbimp_1m_live', KEY_FORMAT='AVRO', PARTITIONS=1, REPLICAS=1, RETENTION_MS=604800000, VALUE_FORMAT='AVRO') AS SELECT\n  O.BROKER BROKER,\n  O.SYMBOL SYMBOL,\n  WINDOWSTART BUCKETSTART,\n  EARLIEST_BY_OFFSET(O.OPEN) OPEN,\n  MAX(O.HIGH) HIGH,\n  MIN(O.LOW) LOW,\n  LATEST_BY_OFFSET(O.CLOSE) CLOSE\nFROM BAR_TBIMP_1S_FINAL_S O\nWINDOW TUMBLING ( SIZE 1 MINUTES , GRACE PERIOD 2 SECONDS ) \nGROUP BY O.BROKER, O.SYMBOL\nEMIT CHANGES;","sinks":["BAR_TBIMP_1M_LIVE"],"sinkKafkaTopics":["bar_tbimp_1m_live"],"id":"CTAS_BAR_TBIMP_1M_LIVE_89","statusCount":{"RUNNING":1},"queryType":"PERSISTENT","state":"RUNNING"},{"queryString":"CREATE TABLE BAR_5M_LIVE WITH (CLEANUP_POLICY='compact,delete', KAFKA_TOPIC='bar_5m_live', KEY_FORMAT='AVRO', PARTITIONS=1, REPLICAS=1, RETENTION_MS=604800000, VALUE_FORMAT='AVRO') AS SELECT\n  O.BROKER BROKER,\n  O.SYMBOL SYMBOL,\n  WINDOWSTART BUCKETSTART,\n  EARLIEST_BY_OFFSET(O.OPEN) OPEN,\n  MAX(O.HIGH) HIGH,\n  MIN(O.LOW) LOW,\n  LATEST_BY_OFFSET(O.KSQLTIMEFRAMECLOSE) KSQLTIMEFRAMECLOSE\nFROM BAR_1S_FINAL_S O\nWINDOW TUMBLING ( SIZE 5 MINUTES , GRACE PERIOD 3 SECONDS ) \nGROUP BY O.BROKER, O.SYMBOL\nEMIT CHANGES;","sinks":["BAR_5M_LIVE"],"sinkKafkaTopics":["bar_5m_live"],"id":"CTAS_BAR_5M_LIVE_103","statusCount":{"RUNNING":1},"queryType":"PERSISTENT","state":"RUNNING"},{"queryString":"CREATE TABLE BAR_TBIMP_5M_LIVE WITH (CLEANUP_POLICY='compact,delete', KAFKA_TOPIC='bar_tbimp_5m_live', KEY_FORMAT='AVRO', PARTITIONS=1, REPLICAS=1, RETENTION_MS=604800000, VALUE_FORMAT='AVRO') AS SELECT\n  O.BROKER BROKER,\n  O.SYMBOL SYMBOL,\n  WINDOWSTART BUCKETSTART,\n  EARLIEST_BY_OFFSET(O.OPEN) OPEN,\n  MAX(O.HIGH) HIGH,\n  MIN(O.LOW) LOW,\n  LATEST_BY_OFFSET(O.CLOSE) CLOSE\nFROM BAR_TBIMP_1S_FINAL_S O\nWINDOW TUMBLING ( SIZE 5 MINUTES , GRACE PERIOD 3 SECONDS ) \nGROUP BY O.BROKER, O.SYMBOL\nEMIT CHANGES;","sinks":["BAR_TBIMP_5M_LIVE"],"sinkKafkaTopics":["bar_tbimp_5m_live"],"id":"CTAS_BAR_TBIMP_5M_LIVE_91","statusCount":{"RUNNING":1},"queryType":"PERSISTENT","state":"RUNNING"},{"queryString":"CREATE TABLE BAR_1M_LIVE WITH (CLEANUP_POLICY='compact,delete', KAFKA_TOPIC='bar_1m_live', KEY_FORMAT='AVRO', PARTITIONS=1, REPLICAS=1, RETENTION_MS=604800000, VALUE_FORMAT='AVRO') AS SELECT\n  O.BROKER BROKER,\n  O.SYMBOL SYMBOL,\n  WINDOWSTART BUCKETSTART,\n  EARLIEST_BY_OFFSET(O.OPEN) OPEN,\n  MAX(O.HIGH) HIGH,\n  MIN(O.LOW) LOW,\n  LATEST_BY_OFFSET(O.KSQLTIMEFRAMECLOSE) KSQLTIMEFRAMECLOSE\nFROM BAR_1S_FINAL_S O\nWINDOW TUMBLING ( SIZE 1 MINUTES , GRACE PERIOD 2 SECONDS ) \nGROUP BY O.BROKER, O.SYMBOL\nEMIT CHANGES;","sinks":["BAR_1M_LIVE"],"sinkKafkaTopics":["bar_1m_live"],"id":"CTAS_BAR_1M_LIVE_101","statusCount":{"RUNNING":1},"queryType":"PERSISTENT","state":"RUNNING"},{"queryString":"CREATE TABLE BAR_TBIMP_1S_FINAL WITH (CLEANUP_POLICY='compact,delete', KAFKA_TOPIC='bar_tbimp_1s_final', KEY_FORMAT='AVRO', PARTITIONS=1, REPLICAS=1, RETENTION_MS=604800000, VALUE_FORMAT='AVRO') AS SELECT\n  O.BROKER BROKER,\n  O.SYMBOL SYMBOL,\n  WINDOWSTART BUCKETSTART,\n  EARLIEST_BY_OFFSET(O.BID) OPEN,\n  MAX(O.BID) HIGH,\n  MIN(O.BID) LOW,\n  LATEST_BY_OFFSET(O.BID) CLOSE\nFROM TICKS_TBIMP O\nWINDOW TUMBLING ( SIZE 1 SECONDS ) \nGROUP BY O.BROKER, O.SYMBOL\nEMIT FINAL;","sinks":["BAR_TBIMP_1S_FINAL"],"sinkKafkaTopics":["bar_tbimp_1s_final"],"id":"CTAS_BAR_TBIMP_1S_FINAL_85","statusCount":{"RUNNING":1},"queryType":"PERSISTENT","state":"RUNNING"}],"warnings":[]}]&#xD;
warn: Kafka.Ksql.Linq.KsqlContext[0]&#xD;
      SHOW QUERIES attempt 1 did not contain a matching query for bar_1s_final&#xD;
info: Kafka.Ksql.Linq.KsqlContext[0]&#xD;
      ksql execute: EXECUTE SQL=SHOW QUERIES;&#xD;
info: Kafka.Ksql.Linq.KsqlContext[0]&#xD;
      SHOW QUERIES output (attempt 2): [{"@type":"queries","statementText":"SHOW QUERIES;","queries":[{"queryString":"CREATE TABLE BAR_15M_LIVE WITH (CLEANUP_POLICY='compact,delete', KAFKA_TOPIC='bar_15m_live', KEY_FORMAT='AVRO', PARTITIONS=1, REPLICAS=1, RETENTION_MS=604800000, VALUE_FORMAT='AVRO') AS SELECT\n  O.BROKER BROKER,\n  O.SYMBOL SYMBOL,\n  WINDOWSTART BUCKETSTART,\n  EARLIEST_BY_OFFSET(O.OPEN) OPEN,\n  MAX(O.HIGH) HIGH,\n  MIN(O.LOW) LOW,\n  LATEST_BY_OFFSET(O.KSQLTIMEFRAMECLOSE) KSQLTIMEFRAMECLOSE\nFROM BAR_1S_FINAL_S O\nWINDOW TUMBLING ( SIZE 15 MINUTES , GRACE PERIOD 4 SECONDS ) \nGROUP BY O.BROKER, O.SYMBOL\nEMIT CHANGES;","sinks":["BAR_15M_LIVE"],"sinkKafkaTopics":["bar_15m_live"],"id":"CTAS_BAR_15M_LIVE_109","statusCount":{"RUNNING":1},"queryType":"PERSISTENT","state":"RUNNING"},{"queryString":"CREATE TABLE BAR_1S_FINAL WITH (CLEANUP_POLICY='compact,delete', KAFKA_TOPIC='bar_1s_final', KEY_FORMAT='AVRO', PARTITIONS=1, REPLICAS=1, RETENTION_MS=604800000, VALUE_FORMAT='AVRO') AS SELECT\n  O.BROKER BROKER,\n  O.SYMBOL SYMBOL,\n  WINDOWSTART BUCKETSTART,\n  EARLIEST_BY_OFFSET(O.BID) OPEN,\n  MAX(O.BID) HIGH,\n  MIN(O.BID) LOW,\n  LATEST_BY_OFFSET(O.BID) KSQLTIMEFRAMECLOSE\nFROM DEDUPRATES O\nWINDOW TUMBLING ( SIZE 1 SECONDS ) \nGROUP BY O.BROKER, O.SYMBOL\nEMIT FINAL;","sinks":["BAR_1S_FINAL"],"sinkKafkaTopics":["bar_1s_final"],"id":"CTAS_BAR_1S_FINAL_97","statusCount":{"RUNNING":1},"queryType":"PERSISTENT","state":"RUNNING"},{"queryString":"CREATE TABLE BAR_60M_LIVE WITH (CLEANUP_POLICY='compact,delete', KAFKA_TOPIC='bar_60m_live', KEY_FORMAT='AVRO', PARTITIONS=1, REPLICAS=1, RETENTION_MS=604800000, VALUE_FORMAT='AVRO') AS SELECT\n  O.BROKER BROKER,\n  O.SYMBOL SYMBOL,\n  WINDOWSTART BUCKETSTART,\n  EARLIEST_BY_OFFSET(O.OPEN) OPEN,\n  MAX(O.HIGH) HIGH,\n  MIN(O.LOW) LOW,\n  LATEST_BY_OFFSET(O.KSQLTIMEFRAMECLOSE) KSQLTIMEFRAMECLOSE\nFROM BAR_1S_FINAL_S O\nWINDOW TUMBLING ( SIZE 60 MINUTES , GRACE PERIOD 5 SECONDS ) \nGROUP BY O.BROKER, O.SYMBOL\nEMIT CHANGES;","sinks":["BAR_60M_LIVE"],"sinkKafkaTopics":["bar_60m_live"],"id":"CTAS_BAR_60M_LIVE_111","statusCount":{"RUNNING":1},"queryType":"PERSISTENT","state":"RUNNING"},{"queryString":"CREATE TABLE BAR_TBIMP_1M_LIVE WITH (CLEANUP_POLICY='compact,delete', KAFKA_TOPIC='bar_tbimp_1m_live', KEY_FORMAT='AVRO', PARTITIONS=1, REPLICAS=1, RETENTION_MS=604800000, VALUE_FORMAT='AVRO') AS SELECT\n  O.BROKER BROKER,\n  O.SYMBOL SYMBOL,\n  WINDOWSTART BUCKETSTART,\n  EARLIEST_BY_OFFSET(O.OPEN) OPEN,\n  MAX(O.HIGH) HIGH,\n  MIN(O.LOW) LOW,\n  LATEST_BY_OFFSET(O.CLOSE) CLOSE\nFROM BAR_TBIMP_1S_FINAL_S O\nWINDOW TUMBLING ( SIZE 1 MINUTES , GRACE PERIOD 2 SECONDS ) \nGROUP BY O.BROKER, O.SYMBOL\nEMIT CHANGES;","sinks":["BAR_TBIMP_1M_LIVE"],"sinkKafkaTopics":["bar_tbimp_1m_live"],"id":"CTAS_BAR_TBIMP_1M_LIVE_89","statusCount":{"RUNNING":1},"queryType":"PERSISTENT","state":"RUNNING"},{"queryString":"CREATE TABLE BAR_5M_LIVE WITH (CLEANUP_POLICY='compact,delete', KAFKA_TOPIC='bar_5m_live', KEY_FORMAT='AVRO', PARTITIONS=1, REPLICAS=1, RETENTION_MS=604800000, VALUE_FORMAT='AVRO') AS SELECT\n  O.BROKER BROKER,\n  O.SYMBOL SYMBOL,\n  WINDOWSTART BUCKETSTART,\n  EARLIEST_BY_OFFSET(O.OPEN) OPEN,\n  MAX(O.HIGH) HIGH,\n  MIN(O.LOW) LOW,\n  LATEST_BY_OFFSET(O.KSQLTIMEFRAMECLOSE) KSQLTIMEFRAMECLOSE\nFROM BAR_1S_FINAL_S O\nWINDOW TUMBLING ( SIZE 5 MINUTES , GRACE PERIOD 3 SECONDS ) \nGROUP BY O.BROKER, O.SYMBOL\nEMIT CHANGES;","sinks":["BAR_5M_LIVE"],"sinkKafkaTopics":["bar_5m_live"],"id":"CTAS_BAR_5M_LIVE_103","statusCount":{"RUNNING":1},"queryType":"PERSISTENT","state":"RUNNING"},{"queryString":"CREATE TABLE BAR_TBIMP_5M_LIVE WITH (CLEANUP_POLICY='compact,delete', KAFKA_TOPIC='bar_tbimp_5m_live', KEY_FORMAT='AVRO', PARTITIONS=1, REPLICAS=1, RETENTION_MS=604800000, VALUE_FORMAT='AVRO') AS SELECT\n  O.BROKER BROKER,\n  O.SYMBOL SYMBOL,\n  WINDOWSTART BUCKETSTART,\n  EARLIEST_BY_OFFSET(O.OPEN) OPEN,\n  MAX(O.HIGH) HIGH,\n  MIN(O.LOW) LOW,\n  LATEST_BY_OFFSET(O.CLOSE) CLOSE\nFROM BAR_TBIMP_1S_FINAL_S O\nWINDOW TUMBLING ( SIZE 5 MINUTES , GRACE PERIOD 3 SECONDS ) \nGROUP BY O.BROKER, O.SYMBOL\nEMIT CHANGES;","sinks":["BAR_TBIMP_5M_LIVE"],"sinkKafkaTopics":["bar_tbimp_5m_live"],"id":"CTAS_BAR_TBIMP_5M_LIVE_91","statusCount":{"RUNNING":1},"queryType":"PERSISTENT","state":"RUNNING"},{"queryString":"CREATE TABLE BAR_1M_LIVE WITH (CLEANUP_POLICY='compact,delete', KAFKA_TOPIC='bar_1m_live', KEY_FORMAT='AVRO', PARTITIONS=1, REPLICAS=1, RETENTION_MS=604800000, VALUE_FORMAT='AVRO') AS SELECT\n  O.BROKER BROKER,\n  O.SYMBOL SYMBOL,\n  WINDOWSTART BUCKETSTART,\n  EARLIEST_BY_OFFSET(O.OPEN) OPEN,\n  MAX(O.HIGH) HIGH,\n  MIN(O.LOW) LOW,\n  LATEST_BY_OFFSET(O.KSQLTIMEFRAMECLOSE) KSQLTIMEFRAMECLOSE\nFROM BAR_1S_FINAL_S O\nWINDOW TUMBLING ( SIZE 1 MINUTES , GRACE PERIOD 2 SECONDS ) \nGROUP BY O.BROKER, O.SYMBOL\nEMIT CHANGES;","sinks":["BAR_1M_LIVE"],"sinkKafkaTopics":["bar_1m_live"],"id":"CTAS_BAR_1M_LIVE_101","statusCount":{"RUNNING":1},"queryType":"PERSISTENT","state":"RUNNING"},{"queryString":"CREATE TABLE BAR_TBIMP_1S_FINAL WITH (CLEANUP_POLICY='compact,delete', KAFKA_TOPIC='bar_tbimp_1s_final', KEY_FORMAT='AVRO', PARTITIONS=1, REPLICAS=1, RETENTION_MS=604800000, VALUE_FORMAT='AVRO') AS SELECT\n  O.BROKER BROKER,\n  O.SYMBOL SYMBOL,\n  WINDOWSTART BUCKETSTART,\n  EARLIEST_BY_OFFSET(O.BID) OPEN,\n  MAX(O.BID) HIGH,\n  MIN(O.BID) LOW,\n  LATEST_BY_OFFSET(O.BID) CLOSE\nFROM TICKS_TBIMP O\nWINDOW TUMBLING ( SIZE 1 SECONDS ) \nGROUP BY O.BROKER, O.SYMBOL\nEMIT FINAL;","sinks":["BAR_TBIMP_1S_FINAL"],"sinkKafkaTopics":["bar_tbimp_1s_final"],"id":"CTAS_BAR_TBIMP_1S_FINAL_85","statusCount":{"RUNNING":1},"queryType":"PERSISTENT","state":"RUNNING"}],"warnings":[]}]&#xD;
warn: Kafka.Ksql.Linq.KsqlContext[0]&#xD;
      SHOW QUERIES attempt 2 did not contain a matching query for bar_1s_final&#xD;
info: Kafka.Ksql.Linq.KsqlContext[0]&#xD;
      ksql execute: EXECUTE SQL=SHOW QUERIES;&#xD;
info: Kafka.Ksql.Linq.KsqlContext[0]&#xD;
      SHOW QUERIES output (attempt 3): [{"@type":"queries","statementText":"SHOW QUERIES;","queries":[{"queryString":"CREATE TABLE BAR_15M_LIVE WITH (CLEANUP_POLICY='compact,delete', KAFKA_TOPIC='bar_15m_live', KEY_FORMAT='AVRO', PARTITIONS=1, REPLICAS=1, RETENTION_MS=604800000, VALUE_FORMAT='AVRO') AS SELECT\n  O.BROKER BROKER,\n  O.SYMBOL SYMBOL,\n  WINDOWSTART BUCKETSTART,\n  EARLIEST_BY_OFFSET(O.OPEN) OPEN,\n  MAX(O.HIGH) HIGH,\n  MIN(O.LOW) LOW,\n  LATEST_BY_OFFSET(O.KSQLTIMEFRAMECLOSE) KSQLTIMEFRAMECLOSE\nFROM BAR_1S_FINAL_S O\nWINDOW TUMBLING ( SIZE 15 MINUTES , GRACE PERIOD 4 SECONDS ) \nGROUP BY O.BROKER, O.SYMBOL\nEMIT CHANGES;","sinks":["BAR_15M_LIVE"],"sinkKafkaTopics":["bar_15m_live"],"id":"CTAS_BAR_15M_LIVE_109","statusCount":{"RUNNING":1},"queryType":"PERSISTENT","state":"RUNNING"},{"queryString":"CREATE TABLE BAR_1S_FINAL WITH (CLEANUP_POLICY='compact,delete', KAFKA_TOPIC='bar_1s_final', KEY_FORMAT='AVRO', PARTITIONS=1, REPLICAS=1, RETENTION_MS=604800000, VALUE_FORMAT='AVRO') AS SELECT\n  O.BROKER BROKER,\n  O.SYMBOL SYMBOL,\n  WINDOWSTART BUCKETSTART,\n  EARLIEST_BY_OFFSET(O.BID) OPEN,\n  MAX(O.BID) HIGH,\n  MIN(O.BID) LOW,\n  LATEST_BY_OFFSET(O.BID) KSQLTIMEFRAMECLOSE\nFROM DEDUPRATES O\nWINDOW TUMBLING ( SIZE 1 SECONDS ) \nGROUP BY O.BROKER, O.SYMBOL\nEMIT FINAL;","sinks":["BAR_1S_FINAL"],"sinkKafkaTopics":["bar_1s_final"],"id":"CTAS_BAR_1S_FINAL_97","statusCount":{"RUNNING":1},"queryType":"PERSISTENT","state":"RUNNING"},{"queryString":"CREATE TABLE BAR_60M_LIVE WITH (CLEANUP_POLICY='compact,delete', KAFKA_TOPIC='bar_60m_live', KEY_FORMAT='AVRO', PARTITIONS=1, REPLICAS=1, RETENTION_MS=604800000, VALUE_FORMAT='AVRO') AS SELECT\n  O.BROKER BROKER,\n  O.SYMBOL SYMBOL,\n  WINDOWSTART BUCKETSTART,\n  EARLIEST_BY_OFFSET(O.OPEN) OPEN,\n  MAX(O.HIGH) HIGH,\n  MIN(O.LOW) LOW,\n  LATEST_BY_OFFSET(O.KSQLTIMEFRAMECLOSE) KSQLTIMEFRAMECLOSE\nFROM BAR_1S_FINAL_S O\nWINDOW TUMBLING ( SIZE 60 MINUTES , GRACE PERIOD 5 SECONDS ) \nGROUP BY O.BROKER, O.SYMBOL\nEMIT CHANGES;","sinks":["BAR_60M_LIVE"],"sinkKafkaTopics":["bar_60m_live"],"id":"CTAS_BAR_60M_LIVE_111","statusCount":{"RUNNING":1},"queryType":"PERSISTENT","state":"RUNNING"},{"queryString":"CREATE TABLE BAR_TBIMP_1M_LIVE WITH (CLEANUP_POLICY='compact,delete', KAFKA_TOPIC='bar_tbimp_1m_live', KEY_FORMAT='AVRO', PARTITIONS=1, REPLICAS=1, RETENTION_MS=604800000, VALUE_FORMAT='AVRO') AS SELECT\n  O.BROKER BROKER,\n  O.SYMBOL SYMBOL,\n  WINDOWSTART BUCKETSTART,\n  EARLIEST_BY_OFFSET(O.OPEN) OPEN,\n  MAX(O.HIGH) HIGH,\n  MIN(O.LOW) LOW,\n  LATEST_BY_OFFSET(O.CLOSE) CLOSE\nFROM BAR_TBIMP_1S_FINAL_S O\nWINDOW TUMBLING ( SIZE 1 MINUTES , GRACE PERIOD 2 SECONDS ) \nGROUP BY O.BROKER, O.SYMBOL\nEMIT CHANGES;","sinks":["BAR_TBIMP_1M_LIVE"],"sinkKafkaTopics":["bar_tbimp_1m_live"],"id":"CTAS_BAR_TBIMP_1M_LIVE_89","statusCount":{"RUNNING":1},"queryType":"PERSISTENT","state":"RUNNING"},{"queryString":"CREATE TABLE BAR_5M_LIVE WITH (CLEANUP_POLICY='compact,delete', KAFKA_TOPIC='bar_5m_live', KEY_FORMAT='AVRO', PARTITIONS=1, REPLICAS=1, RETENTION_MS=604800000, VALUE_FORMAT='AVRO') AS SELECT\n  O.BROKER BROKER,\n  O.SYMBOL SYMBOL,\n  WINDOWSTART BUCKETSTART,\n  EARLIEST_BY_OFFSET(O.OPEN) OPEN,\n  MAX(O.HIGH) HIGH,\n  MIN(O.LOW) LOW,\n  LATEST_BY_OFFSET(O.KSQLTIMEFRAMECLOSE) KSQLTIMEFRAMECLOSE\nFROM BAR_1S_FINAL_S O\nWINDOW TUMBLING ( SIZE 5 MINUTES , GRACE PERIOD 3 SECONDS ) \nGROUP BY O.BROKER, O.SYMBOL\nEMIT CHANGES;","sinks":["BAR_5M_LIVE"],"sinkKafkaTopics":["bar_5m_live"],"id":"CTAS_BAR_5M_LIVE_103","statusCount":{"RUNNING":1},"queryType":"PERSISTENT","state":"RUNNING"},{"queryString":"CREATE TABLE BAR_TBIMP_5M_LIVE WITH (CLEANUP_POLICY='compact,delete', KAFKA_TOPIC='bar_tbimp_5m_live', KEY_FORMAT='AVRO', PARTITIONS=1, REPLICAS=1, RETENTION_MS=604800000, VALUE_FORMAT='AVRO') AS SELECT\n  O.BROKER BROKER,\n  O.SYMBOL SYMBOL,\n  WINDOWSTART BUCKETSTART,\n  EARLIEST_BY_OFFSET(O.OPEN) OPEN,\n  MAX(O.HIGH) HIGH,\n  MIN(O.LOW) LOW,\n  LATEST_BY_OFFSET(O.CLOSE) CLOSE\nFROM BAR_TBIMP_1S_FINAL_S O\nWINDOW TUMBLING ( SIZE 5 MINUTES , GRACE PERIOD 3 SECONDS ) \nGROUP BY O.BROKER, O.SYMBOL\nEMIT CHANGES;","sinks":["BAR_TBIMP_5M_LIVE"],"sinkKafkaTopics":["bar_tbimp_5m_live"],"id":"CTAS_BAR_TBIMP_5M_LIVE_91","statusCount":{"RUNNING":1},"queryType":"PERSISTENT","state":"RUNNING"},{"queryString":"CREATE TABLE BAR_1M_LIVE WITH (CLEANUP_POLICY='compact,delete', KAFKA_TOPIC='bar_1m_live', KEY_FORMAT='AVRO', PARTITIONS=1, REPLICAS=1, RETENTION_MS=604800000, VALUE_FORMAT='AVRO') AS SELECT\n  O.BROKER BROKER,\n  O.SYMBOL SYMBOL,\n  WINDOWSTART BUCKETSTART,\n  EARLIEST_BY_OFFSET(O.OPEN) OPEN,\n  MAX(O.HIGH) HIGH,\n  MIN(O.LOW) LOW,\n  LATEST_BY_OFFSET(O.KSQLTIMEFRAMECLOSE) KSQLTIMEFRAMECLOSE\nFROM BAR_1S_FINAL_S O\nWINDOW TUMBLING ( SIZE 1 MINUTES , GRACE PERIOD 2 SECONDS ) \nGROUP BY O.BROKER, O.SYMBOL\nEMIT CHANGES;","sinks":["BAR_1M_LIVE"],"sinkKafkaTopics":["bar_1m_live"],"id":"CTAS_BAR_1M_LIVE_101","statusCount":{"RUNNING":1},"queryType":"PERSISTENT","state":"RUNNING"},{"queryString":"CREATE TABLE BAR_TBIMP_1S_FINAL WITH (CLEANUP_POLICY='compact,delete', KAFKA_TOPIC='bar_tbimp_1s_final', KEY_FORMAT='AVRO', PARTITIONS=1, REPLICAS=1, RETENTION_MS=604800000, VALUE_FORMAT='AVRO') AS SELECT\n  O.BROKER BROKER,\n  O.SYMBOL SYMBOL,\n  WINDOWSTART BUCKETSTART,\n  EARLIEST_BY_OFFSET(O.BID) OPEN,\n  MAX(O.BID) HIGH,\n  MIN(O.BID) LOW,\n  LATEST_BY_OFFSET(O.BID) CLOSE\nFROM TICKS_TBIMP O\nWINDOW TUMBLING ( SIZE 1 SECONDS ) \nGROUP BY O.BROKER, O.SYMBOL\nEMIT FINAL;","sinks":["BAR_TBIMP_1S_FINAL"],"sinkKafkaTopics":["bar_tbimp_1s_final"],"id":"CTAS_BAR_TBIMP_1S_FINAL_85","statusCount":{"RUNNING":1},"queryType":"PERSISTENT","state":"RUNNING"}],"warnings":[]}]&#xD;
warn: Kafka.Ksql.Linq.KsqlContext[0]&#xD;
      SHOW QUERIES attempt 3 did not contain a matching query for bar_1s_final&#xD;
info: Kafka.Ksql.Linq.KsqlContext[0]&#xD;
      ksql execute: EXECUTE SQL=SHOW QUERIES;&#xD;
info: Kafka.Ksql.Linq.KsqlContext[0]&#xD;
      SHOW QUERIES output (attempt 4): [{"@type":"queries","statementText":"SHOW QUERIES;","queries":[{"queryString":"CREATE TABLE BAR_15M_LIVE WITH (CLEANUP_POLICY='compact,delete', KAFKA_TOPIC='bar_15m_live', KEY_FORMAT='AVRO', PARTITIONS=1, REPLICAS=1, RETENTION_MS=604800000, VALUE_FORMAT='AVRO') AS SELECT\n  O.BROKER BROKER,\n  O.SYMBOL SYMBOL,\n  WINDOWSTART BUCKETSTART,\n  EARLIEST_BY_OFFSET(O.OPEN) OPEN,\n  MAX(O.HIGH) HIGH,\n  MIN(O.LOW) LOW,\n  LATEST_BY_OFFSET(O.KSQLTIMEFRAMECLOSE) KSQLTIMEFRAMECLOSE\nFROM BAR_1S_FINAL_S O\nWINDOW TUMBLING ( SIZE 15 MINUTES , GRACE PERIOD 4 SECONDS ) \nGROUP BY O.BROKER, O.SYMBOL\nEMIT CHANGES;","sinks":["BAR_15M_LIVE"],"sinkKafkaTopics":["bar_15m_live"],"id":"CTAS_BAR_15M_LIVE_109","statusCount":{"RUNNING":1},"queryType":"PERSISTENT","state":"RUNNING"},{"queryString":"CREATE TABLE BAR_1S_FINAL WITH (CLEANUP_POLICY='compact,delete', KAFKA_TOPIC='bar_1s_final', KEY_FORMAT='AVRO', PARTITIONS=1, REPLICAS=1, RETENTION_MS=604800000, VALUE_FORMAT='AVRO') AS SELECT\n  O.BROKER BROKER,\n  O.SYMBOL SYMBOL,\n  WINDOWSTART BUCKETSTART,\n  EARLIEST_BY_OFFSET(O.BID) OPEN,\n  MAX(O.BID) HIGH,\n  MIN(O.BID) LOW,\n  LATEST_BY_OFFSET(O.BID) KSQLTIMEFRAMECLOSE\nFROM DEDUPRATES O\nWINDOW TUMBLING ( SIZE 1 SECONDS ) \nGROUP BY O.BROKER, O.SYMBOL\nEMIT FINAL;","sinks":["BAR_1S_FINAL"],"sinkKafkaTopics":["bar_1s_final"],"id":"CTAS_BAR_1S_FINAL_97","statusCount":{"RUNNING":1},"queryType":"PERSISTENT","state":"RUNNING"},{"queryString":"CREATE TABLE BAR_60M_LIVE WITH (CLEANUP_POLICY='compact,delete', KAFKA_TOPIC='bar_60m_live', KEY_FORMAT='AVRO', PARTITIONS=1, REPLICAS=1, RETENTION_MS=604800000, VALUE_FORMAT='AVRO') AS SELECT\n  O.BROKER BROKER,\n  O.SYMBOL SYMBOL,\n  WINDOWSTART BUCKETSTART,\n  EARLIEST_BY_OFFSET(O.OPEN) OPEN,\n  MAX(O.HIGH) HIGH,\n  MIN(O.LOW) LOW,\n  LATEST_BY_OFFSET(O.KSQLTIMEFRAMECLOSE) KSQLTIMEFRAMECLOSE\nFROM BAR_1S_FINAL_S O\nWINDOW TUMBLING ( SIZE 60 MINUTES , GRACE PERIOD 5 SECONDS ) \nGROUP BY O.BROKER, O.SYMBOL\nEMIT CHANGES;","sinks":["BAR_60M_LIVE"],"sinkKafkaTopics":["bar_60m_live"],"id":"CTAS_BAR_60M_LIVE_111","statusCount":{"RUNNING":1},"queryType":"PERSISTENT","state":"RUNNING"},{"queryString":"CREATE TABLE BAR_TBIMP_1M_LIVE WITH (CLEANUP_POLICY='compact,delete', KAFKA_TOPIC='bar_tbimp_1m_live', KEY_FORMAT='AVRO', PARTITIONS=1, REPLICAS=1, RETENTION_MS=604800000, VALUE_FORMAT='AVRO') AS SELECT\n  O.BROKER BROKER,\n  O.SYMBOL SYMBOL,\n  WINDOWSTART BUCKETSTART,\n  EARLIEST_BY_OFFSET(O.OPEN) OPEN,\n  MAX(O.HIGH) HIGH,\n  MIN(O.LOW) LOW,\n  LATEST_BY_OFFSET(O.CLOSE) CLOSE\nFROM BAR_TBIMP_1S_FINAL_S O\nWINDOW TUMBLING ( SIZE 1 MINUTES , GRACE PERIOD 2 SECONDS ) \nGROUP BY O.BROKER, O.SYMBOL\nEMIT CHANGES;","sinks":["BAR_TBIMP_1M_LIVE"],"sinkKafkaTopics":["bar_tbimp_1m_live"],"id":"CTAS_BAR_TBIMP_1M_LIVE_89","statusCount":{"RUNNING":1},"queryType":"PERSISTENT","state":"RUNNING"},{"queryString":"CREATE TABLE BAR_5M_LIVE WITH (CLEANUP_POLICY='compact,delete', KAFKA_TOPIC='bar_5m_live', KEY_FORMAT='AVRO', PARTITIONS=1, REPLICAS=1, RETENTION_MS=604800000, VALUE_FORMAT='AVRO') AS SELECT\n  O.BROKER BROKER,\n  O.SYMBOL SYMBOL,\n  WINDOWSTART BUCKETSTART,\n  EARLIEST_BY_OFFSET(O.OPEN) OPEN,\n  MAX(O.HIGH) HIGH,\n  MIN(O.LOW) LOW,\n  LATEST_BY_OFFSET(O.KSQLTIMEFRAMECLOSE) KSQLTIMEFRAMECLOSE\nFROM BAR_1S_FINAL_S O\nWINDOW TUMBLING ( SIZE 5 MINUTES , GRACE PERIOD 3 SECONDS ) \nGROUP BY O.BROKER, O.SYMBOL\nEMIT CHANGES;","sinks":["BAR_5M_LIVE"],"sinkKafkaTopics":["bar_5m_live"],"id":"CTAS_BAR_5M_LIVE_103","statusCount":{"RUNNING":1},"queryType":"PERSISTENT","state":"RUNNING"},{"queryString":"CREATE TABLE BAR_TBIMP_5M_LIVE WITH (CLEANUP_POLICY='compact,delete', KAFKA_TOPIC='bar_tbimp_5m_live', KEY_FORMAT='AVRO', PARTITIONS=1, REPLICAS=1, RETENTION_MS=604800000, VALUE_FORMAT='AVRO') AS SELECT\n  O.BROKER BROKER,\n  O.SYMBOL SYMBOL,\n  WINDOWSTART BUCKETSTART,\n  EARLIEST_BY_OFFSET(O.OPEN) OPEN,\n  MAX(O.HIGH) HIGH,\n  MIN(O.LOW) LOW,\n  LATEST_BY_OFFSET(O.CLOSE) CLOSE\nFROM BAR_TBIMP_1S_FINAL_S O\nWINDOW TUMBLING ( SIZE 5 MINUTES , GRACE PERIOD 3 SECONDS ) \nGROUP BY O.BROKER, O.SYMBOL\nEMIT CHANGES;","sinks":["BAR_TBIMP_5M_LIVE"],"sinkKafkaTopics":["bar_tbimp_5m_live"],"id":"CTAS_BAR_TBIMP_5M_LIVE_91","statusCount":{"RUNNING":1},"queryType":"PERSISTENT","state":"RUNNING"},{"queryString":"CREATE TABLE BAR_1M_LIVE WITH (CLEANUP_POLICY='compact,delete', KAFKA_TOPIC='bar_1m_live', KEY_FORMAT='AVRO', PARTITIONS=1, REPLICAS=1, RETENTION_MS=604800000, VALUE_FORMAT='AVRO') AS SELECT\n  O.BROKER BROKER,\n  O.SYMBOL SYMBOL,\n  WINDOWSTART BUCKETSTART,\n  EARLIEST_BY_OFFSET(O.OPEN) OPEN,\n  MAX(O.HIGH) HIGH,\n  MIN(O.LOW) LOW,\n  LATEST_BY_OFFSET(O.KSQLTIMEFRAMECLOSE) KSQLTIMEFRAMECLOSE\nFROM BAR_1S_FINAL_S O\nWINDOW TUMBLING ( SIZE 1 MINUTES , GRACE PERIOD 2 SECONDS ) \nGROUP BY O.BROKER, O.SYMBOL\nEMIT CHANGES;","sinks":["BAR_1M_LIVE"],"sinkKafkaTopics":["bar_1m_live"],"id":"CTAS_BAR_1M_LIVE_101","statusCount":{"RUNNING":1},"queryType":"PERSISTENT","state":"RUNNING"},{"queryString":"CREATE TABLE BAR_TBIMP_1S_FINAL WITH (CLEANUP_POLICY='compact,delete', KAFKA_TOPIC='bar_tbimp_1s_final', KEY_FORMAT='AVRO', PARTITIONS=1, REPLICAS=1, RETENTION_MS=604800000, VALUE_FORMAT='AVRO') AS SELECT\n  O.BROKER BROKER,\n  O.SYMBOL SYMBOL,\n  WINDOWSTART BUCKETSTART,\n  EARLIEST_BY_OFFSET(O.BID) OPEN,\n  MAX(O.BID) HIGH,\n  MIN(O.BID) LOW,\n  LATEST_BY_OFFSET(O.BID) CLOSE\nFROM TICKS_TBIMP O\nWINDOW TUMBLING ( SIZE 1 SECONDS ) \nGROUP BY O.BROKER, O.SYMBOL\nEMIT FINAL;","sinks":["BAR_TBIMP_1S_FINAL"],"sinkKafkaTopics":["bar_tbimp_1s_final"],"id":"CTAS_BAR_TBIMP_1S_FINAL_85","statusCount":{"RUNNING":1},"queryType":"PERSISTENT","state":"RUNNING"}],"warnings":[]}]&#xD;
warn: Kafka.Ksql.Linq.KsqlContext[0]&#xD;
      SHOW QUERIES attempt 4 did not contain a matching query for bar_1s_final&#xD;
info: Kafka.Ksql.Linq.KsqlContext[0]&#xD;
      ksql execute: EXECUTE SQL=SHOW QUERIES;&#xD;
info: Kafka.Ksql.Linq.KsqlContext[0]&#xD;
      SHOW QUERIES output (attempt 5): [{"@type":"queries","statementText":"SHOW QUERIES;","queries":[{"queryString":"CREATE TABLE BAR_15M_LIVE WITH (CLEANUP_POLICY='compact,delete', KAFKA_TOPIC='bar_15m_live', KEY_FORMAT='AVRO', PARTITIONS=1, REPLICAS=1, RETENTION_MS=604800000, VALUE_FORMAT='AVRO') AS SELECT\n  O.BROKER BROKER,\n  O.SYMBOL SYMBOL,\n  WINDOWSTART BUCKETSTART,\n  EARLIEST_BY_OFFSET(O.OPEN) OPEN,\n  MAX(O.HIGH) HIGH,\n  MIN(O.LOW) LOW,\n  LATEST_BY_OFFSET(O.KSQLTIMEFRAMECLOSE) KSQLTIMEFRAMECLOSE\nFROM BAR_1S_FINAL_S O\nWINDOW TUMBLING ( SIZE 15 MINUTES , GRACE PERIOD 4 SECONDS ) \nGROUP BY O.BROKER, O.SYMBOL\nEMIT CHANGES;","sinks":["BAR_15M_LIVE"],"sinkKafkaTopics":["bar_15m_live"],"id":"CTAS_BAR_15M_LIVE_109","statusCount":{"RUNNING":1},"queryType":"PERSISTENT","state":"RUNNING"},{"queryString":"CREATE TABLE BAR_1S_FINAL WITH (CLEANUP_POLICY='compact,delete', KAFKA_TOPIC='bar_1s_final', KEY_FORMAT='AVRO', PARTITIONS=1, REPLICAS=1, RETENTION_MS=604800000, VALUE_FORMAT='AVRO') AS SELECT\n  O.BROKER BROKER,\n  O.SYMBOL SYMBOL,\n  WINDOWSTART BUCKETSTART,\n  EARLIEST_BY_OFFSET(O.BID) OPEN,\n  MAX(O.BID) HIGH,\n  MIN(O.BID) LOW,\n  LATEST_BY_OFFSET(O.BID) KSQLTIMEFRAMECLOSE\nFROM DEDUPRATES O\nWINDOW TUMBLING ( SIZE 1 SECONDS ) \nGROUP BY O.BROKER, O.SYMBOL\nEMIT FINAL;","sinks":["BAR_1S_FINAL"],"sinkKafkaTopics":["bar_1s_final"],"id":"CTAS_BAR_1S_FINAL_97","statusCount":{"RUNNING":1},"queryType":"PERSISTENT","state":"RUNNING"},{"queryString":"CREATE TABLE BAR_60M_LIVE WITH (CLEANUP_POLICY='compact,delete', KAFKA_TOPIC='bar_60m_live', KEY_FORMAT='AVRO', PARTITIONS=1, REPLICAS=1, RETENTION_MS=604800000, VALUE_FORMAT='AVRO') AS SELECT\n  O.BROKER BROKER,\n  O.SYMBOL SYMBOL,\n  WINDOWSTART BUCKETSTART,\n  EARLIEST_BY_OFFSET(O.OPEN) OPEN,\n  MAX(O.HIGH) HIGH,\n  MIN(O.LOW) LOW,\n  LATEST_BY_OFFSET(O.KSQLTIMEFRAMECLOSE) KSQLTIMEFRAMECLOSE\nFROM BAR_1S_FINAL_S O\nWINDOW TUMBLING ( SIZE 60 MINUTES , GRACE PERIOD 5 SECONDS ) \nGROUP BY O.BROKER, O.SYMBOL\nEMIT CHANGES;","sinks":["BAR_60M_LIVE"],"sinkKafkaTopics":["bar_60m_live"],"id":"CTAS_BAR_60M_LIVE_111","statusCount":{"RUNNING":1},"queryType":"PERSISTENT","state":"RUNNING"},{"queryString":"CREATE TABLE BAR_TBIMP_1M_LIVE WITH (CLEANUP_POLICY='compact,delete', KAFKA_TOPIC='bar_tbimp_1m_live', KEY_FORMAT='AVRO', PARTITIONS=1, REPLICAS=1, RETENTION_MS=604800000, VALUE_FORMAT='AVRO') AS SELECT\n  O.BROKER BROKER,\n  O.SYMBOL SYMBOL,\n  WINDOWSTART BUCKETSTART,\n  EARLIEST_BY_OFFSET(O.OPEN) OPEN,\n  MAX(O.HIGH) HIGH,\n  MIN(O.LOW) LOW,\n  LATEST_BY_OFFSET(O.CLOSE) CLOSE\nFROM BAR_TBIMP_1S_FINAL_S O\nWINDOW TUMBLING ( SIZE 1 MINUTES , GRACE PERIOD 2 SECONDS ) \nGROUP BY O.BROKER, O.SYMBOL\nEMIT CHANGES;","sinks":["BAR_TBIMP_1M_LIVE"],"sinkKafkaTopics":["bar_tbimp_1m_live"],"id":"CTAS_BAR_TBIMP_1M_LIVE_89","statusCount":{"RUNNING":1},"queryType":"PERSISTENT","state":"RUNNING"},{"queryString":"CREATE TABLE BAR_5M_LIVE WITH (CLEANUP_POLICY='compact,delete', KAFKA_TOPIC='bar_5m_live', KEY_FORMAT='AVRO', PARTITIONS=1, REPLICAS=1, RETENTION_MS=604800000, VALUE_FORMAT='AVRO') AS SELECT\n  O.BROKER BROKER,\n  O.SYMBOL SYMBOL,\n  WINDOWSTART BUCKETSTART,\n  EARLIEST_BY_OFFSET(O.OPEN) OPEN,\n  MAX(O.HIGH) HIGH,\n  MIN(O.LOW) LOW,\n  LATEST_BY_OFFSET(O.KSQLTIMEFRAMECLOSE) KSQLTIMEFRAMECLOSE\nFROM BAR_1S_FINAL_S O\nWINDOW TUMBLING ( SIZE 5 MINUTES , GRACE PERIOD 3 SECONDS ) \nGROUP BY O.BROKER, O.SYMBOL\nEMIT CHANGES;","sinks":["BAR_5M_LIVE"],"sinkKafkaTopics":["bar_5m_live"],"id":"CTAS_BAR_5M_LIVE_103","statusCount":{"RUNNING":1},"queryType":"PERSISTENT","state":"RUNNING"},{"queryString":"CREATE TABLE BAR_TBIMP_5M_LIVE WITH (CLEANUP_POLICY='compact,delete', KAFKA_TOPIC='bar_tbimp_5m_live', KEY_FORMAT='AVRO', PARTITIONS=1, REPLICAS=1, RETENTION_MS=604800000, VALUE_FORMAT='AVRO') AS SELECT\n  O.BROKER BROKER,\n  O.SYMBOL SYMBOL,\n  WINDOWSTART BUCKETSTART,\n  EARLIEST_BY_OFFSET(O.OPEN) OPEN,\n  MAX(O.HIGH) HIGH,\n  MIN(O.LOW) LOW,\n  LATEST_BY_OFFSET(O.CLOSE) CLOSE\nFROM BAR_TBIMP_1S_FINAL_S O\nWINDOW TUMBLING ( SIZE 5 MINUTES , GRACE PERIOD 3 SECONDS ) \nGROUP BY O.BROKER, O.SYMBOL\nEMIT CHANGES;","sinks":["BAR_TBIMP_5M_LIVE"],"sinkKafkaTopics":["bar_tbimp_5m_live"],"id":"CTAS_BAR_TBIMP_5M_LIVE_91","statusCount":{"RUNNING":1},"queryType":"PERSISTENT","state":"RUNNING"},{"queryString":"CREATE TABLE BAR_1M_LIVE WITH (CLEANUP_POLICY='compact,delete', KAFKA_TOPIC='bar_1m_live', KEY_FORMAT='AVRO', PARTITIONS=1, REPLICAS=1, RETENTION_MS=604800000, VALUE_FORMAT='AVRO') AS SELECT\n  O.BROKER BROKER,\n  O.SYMBOL SYMBOL,\n  WINDOWSTART BUCKETSTART,\n  EARLIEST_BY_OFFSET(O.OPEN) OPEN,\n  MAX(O.HIGH) HIGH,\n  MIN(O.LOW) LOW,\n  LATEST_BY_OFFSET(O.KSQLTIMEFRAMECLOSE) KSQLTIMEFRAMECLOSE\nFROM BAR_1S_FINAL_S O\nWINDOW TUMBLING ( SIZE 1 MINUTES , GRACE PERIOD 2 SECONDS ) \nGROUP BY O.BROKER, O.SYMBOL\nEMIT CHANGES;","sinks":["BAR_1M_LIVE"],"sinkKafkaTopics":["bar_1m_live"],"id":"CTAS_BAR_1M_LIVE_101","statusCount":{"RUNNING":1},"queryType":"PERSISTENT","state":"RUNNING"},{"queryString":"CREATE TABLE BAR_TBIMP_1S_FINAL WITH (CLEANUP_POLICY='compact,delete', KAFKA_TOPIC='bar_tbimp_1s_final', KEY_FORMAT='AVRO', PARTITIONS=1, REPLICAS=1, RETENTION_MS=604800000, VALUE_FORMAT='AVRO') AS SELECT\n  O.BROKER BROKER,\n  O.SYMBOL SYMBOL,\n  WINDOWSTART BUCKETSTART,\n  EARLIEST_BY_OFFSET(O.BID) OPEN,\n  MAX(O.BID) HIGH,\n  MIN(O.BID) LOW,\n  LATEST_BY_OFFSET(O.BID) CLOSE\nFROM TICKS_TBIMP O\nWINDOW TUMBLING ( SIZE 1 SECONDS ) \nGROUP BY O.BROKER, O.SYMBOL\nEMIT FINAL;","sinks":["BAR_TBIMP_1S_FINAL"],"sinkKafkaTopics":["bar_tbimp_1s_final"],"id":"CTAS_BAR_TBIMP_1S_FINAL_85","statusCount":{"RUNNING":1},"queryType":"PERSISTENT","state":"RUNNING"}],"warnings":[]}]&#xD;
warn: Kafka.Ksql.Linq.KsqlContext[0]&#xD;
      SHOW QUERIES attempt 5 did not contain a matching query for bar_1s_final&#xD;
warn: Kafka.Ksql.Linq.KsqlContext[0]&#xD;
      Unable to locate queryId for bar_1s_final after 5 attempts&#xD;
warn: Kafka.Ksql.Linq.KsqlContext[0]&#xD;
      Could not locate queryId via SHOW QUERIES for derived statement targeting bar_1s_final: CREATE TABLE bar_1s_final  WITH (KAFKA_TOPIC='bar_1s_final', KEY_FORMAT='AVRO', VALUE_FORMAT='AVRO') AS&#xD;
      SELECT BROKER AS Broker, SYMBOL AS Symbol, WINDOWSTART AS BucketStart, EARLIEST_BY_OFFSET(Bid) AS Open, MAX(Bid) AS High, MIN(Bid) AS Low, LATEST_BY_OFFSET(Bid) AS KsqlTimeFrameClose&#xD;
      FROM DEDUPRATES o WINDOW TUMBLING (SIZE 1 SECONDS)&#xD;
      GROUP BY BROKER, SYMBOL&#xD;
      EMIT FINAL;&#xD;
info: Kafka.Ksql.Linq.KsqlContext[0]&#xD;
      ksql execute: EXECUTE SQL=SHOW QUERIES;&#xD;
info: Kafka.Ksql.Linq.KsqlContext[0]&#xD;
      SHOW QUERIES output (attempt 1): [{"@type":"queries","statementText":"SHOW QUERIES;","queries":[{"queryString":"CREATE TABLE BAR_15M_LIVE WITH (CLEANUP_POLICY='compact,delete', KAFKA_TOPIC='bar_15m_live', KEY_FORMAT='AVRO', PARTITIONS=1, REPLICAS=1, RETENTION_MS=604800000, VALUE_FORMAT='AVRO') AS SELECT\n  O.BROKER BROKER,\n  O.SYMBOL SYMBOL,\n  WINDOWSTART BUCKETSTART,\n  EARLIEST_BY_OFFSET(O.OPEN) OPEN,\n  MAX(O.HIGH) HIGH,\n  MIN(O.LOW) LOW,\n  LATEST_BY_OFFSET(O.KSQLTIMEFRAMECLOSE) KSQLTIMEFRAMECLOSE\nFROM BAR_1S_FINAL_S O\nWINDOW TUMBLING ( SIZE 15 MINUTES , GRACE PERIOD 4 SECONDS ) \nGROUP BY O.BROKER, O.SYMBOL\nEMIT CHANGES;","sinks":["BAR_15M_LIVE"],"sinkKafkaTopics":["bar_15m_live"],"id":"CTAS_BAR_15M_LIVE_109","statusCount":{"RUNNING":1},"queryType":"PERSISTENT","state":"RUNNING"},{"queryString":"CREATE TABLE BAR_1S_FINAL WITH (CLEANUP_POLICY='compact,delete', KAFKA_TOPIC='bar_1s_final', KEY_FORMAT='AVRO', PARTITIONS=1, REPLICAS=1, RETENTION_MS=604800000, VALUE_FORMAT='AVRO') AS SELECT\n  O.BROKER BROKER,\n  O.SYMBOL SYMBOL,\n  WINDOWSTART BUCKETSTART,\n  EARLIEST_BY_OFFSET(O.BID) OPEN,\n  MAX(O.BID) HIGH,\n  MIN(O.BID) LOW,\n  LATEST_BY_OFFSET(O.BID) KSQLTIMEFRAMECLOSE\nFROM DEDUPRATES O\nWINDOW TUMBLING ( SIZE 1 SECONDS ) \nGROUP BY O.BROKER, O.SYMBOL\nEMIT FINAL;","sinks":["BAR_1S_FINAL"],"sinkKafkaTopics":["bar_1s_final"],"id":"CTAS_BAR_1S_FINAL_97","statusCount":{"RUNNING":1},"queryType":"PERSISTENT","state":"RUNNING"},{"queryString":"CREATE TABLE BAR_60M_LIVE WITH (CLEANUP_POLICY='compact,delete', KAFKA_TOPIC='bar_60m_live', KEY_FORMAT='AVRO', PARTITIONS=1, REPLICAS=1, RETENTION_MS=604800000, VALUE_FORMAT='AVRO') AS SELECT\n  O.BROKER BROKER,\n  O.SYMBOL SYMBOL,\n  WINDOWSTART BUCKETSTART,\n  EARLIEST_BY_OFFSET(O.OPEN) OPEN,\n  MAX(O.HIGH) HIGH,\n  MIN(O.LOW) LOW,\n  LATEST_BY_OFFSET(O.KSQLTIMEFRAMECLOSE) KSQLTIMEFRAMECLOSE\nFROM BAR_1S_FINAL_S O\nWINDOW TUMBLING ( SIZE 60 MINUTES , GRACE PERIOD 5 SECONDS ) \nGROUP BY O.BROKER, O.SYMBOL\nEMIT CHANGES;","sinks":["BAR_60M_LIVE"],"sinkKafkaTopics":["bar_60m_live"],"id":"CTAS_BAR_60M_LIVE_111","statusCount":{"RUNNING":1},"queryType":"PERSISTENT","state":"RUNNING"},{"queryString":"CREATE TABLE BAR_TBIMP_1M_LIVE WITH (CLEANUP_POLICY='compact,delete', KAFKA_TOPIC='bar_tbimp_1m_live', KEY_FORMAT='AVRO', PARTITIONS=1, REPLICAS=1, RETENTION_MS=604800000, VALUE_FORMAT='AVRO') AS SELECT\n  O.BROKER BROKER,\n  O.SYMBOL SYMBOL,\n  WINDOWSTART BUCKETSTART,\n  EARLIEST_BY_OFFSET(O.OPEN) OPEN,\n  MAX(O.HIGH) HIGH,\n  MIN(O.LOW) LOW,\n  LATEST_BY_OFFSET(O.CLOSE) CLOSE\nFROM BAR_TBIMP_1S_FINAL_S O\nWINDOW TUMBLING ( SIZE 1 MINUTES , GRACE PERIOD 2 SECONDS ) \nGROUP BY O.BROKER, O.SYMBOL\nEMIT CHANGES;","sinks":["BAR_TBIMP_1M_LIVE"],"sinkKafkaTopics":["bar_tbimp_1m_live"],"id":"CTAS_BAR_TBIMP_1M_LIVE_89","statusCount":{"RUNNING":1},"queryType":"PERSISTENT","state":"RUNNING"},{"queryString":"CREATE TABLE BAR_5M_LIVE WITH (CLEANUP_POLICY='compact,delete', KAFKA_TOPIC='bar_5m_live', KEY_FORMAT='AVRO', PARTITIONS=1, REPLICAS=1, RETENTION_MS=604800000, VALUE_FORMAT='AVRO') AS SELECT\n  O.BROKER BROKER,\n  O.SYMBOL SYMBOL,\n  WINDOWSTART BUCKETSTART,\n  EARLIEST_BY_OFFSET(O.OPEN) OPEN,\n  MAX(O.HIGH) HIGH,\n  MIN(O.LOW) LOW,\n  LATEST_BY_OFFSET(O.KSQLTIMEFRAMECLOSE) KSQLTIMEFRAMECLOSE\nFROM BAR_1S_FINAL_S O\nWINDOW TUMBLING ( SIZE 5 MINUTES , GRACE PERIOD 3 SECONDS ) \nGROUP BY O.BROKER, O.SYMBOL\nEMIT CHANGES;","sinks":["BAR_5M_LIVE"],"sinkKafkaTopics":["bar_5m_live"],"id":"CTAS_BAR_5M_LIVE_103","statusCount":{"RUNNING":1},"queryType":"PERSISTENT","state":"RUNNING"},{"queryString":"CREATE TABLE BAR_TBIMP_5M_LIVE WITH (CLEANUP_POLICY='compact,delete', KAFKA_TOPIC='bar_tbimp_5m_live', KEY_FORMAT='AVRO', PARTITIONS=1, REPLICAS=1, RETENTION_MS=604800000, VALUE_FORMAT='AVRO') AS SELECT\n  O.BROKER BROKER,\n  O.SYMBOL SYMBOL,\n  WINDOWSTART BUCKETSTART,\n  EARLIEST_BY_OFFSET(O.OPEN) OPEN,\n  MAX(O.HIGH) HIGH,\n  MIN(O.LOW) LOW,\n  LATEST_BY_OFFSET(O.CLOSE) CLOSE\nFROM BAR_TBIMP_1S_FINAL_S O\nWINDOW TUMBLING ( SIZE 5 MINUTES , GRACE PERIOD 3 SECONDS ) \nGROUP BY O.BROKER, O.SYMBOL\nEMIT CHANGES;","sinks":["BAR_TBIMP_5M_LIVE"],"sinkKafkaTopics":["bar_tbimp_5m_live"],"id":"CTAS_BAR_TBIMP_5M_LIVE_91","statusCount":{"RUNNING":1},"queryType":"PERSISTENT","state":"RUNNING"},{"queryString":"CREATE TABLE BAR_1M_LIVE WITH (CLEANUP_POLICY='compact,delete', KAFKA_TOPIC='bar_1m_live', KEY_FORMAT='AVRO', PARTITIONS=1, REPLICAS=1, RETENTION_MS=604800000, VALUE_FORMAT='AVRO') AS SELECT\n  O.BROKER BROKER,\n  O.SYMBOL SYMBOL,\n  WINDOWSTART BUCKETSTART,\n  EARLIEST_BY_OFFSET(O.OPEN) OPEN,\n  MAX(O.HIGH) HIGH,\n  MIN(O.LOW) LOW,\n  LATEST_BY_OFFSET(O.KSQLTIMEFRAMECLOSE) KSQLTIMEFRAMECLOSE\nFROM BAR_1S_FINAL_S O\nWINDOW TUMBLING ( SIZE 1 MINUTES , GRACE PERIOD 2 SECONDS ) \nGROUP BY O.BROKER, O.SYMBOL\nEMIT CHANGES;","sinks":["BAR_1M_LIVE"],"sinkKafkaTopics":["bar_1m_live"],"id":"CTAS_BAR_1M_LIVE_101","statusCount":{"RUNNING":1},"queryType":"PERSISTENT","state":"RUNNING"},{"queryString":"CREATE TABLE BAR_TBIMP_1S_FINAL WITH (CLEANUP_POLICY='compact,delete', KAFKA_TOPIC='bar_tbimp_1s_final', KEY_FORMAT='AVRO', PARTITIONS=1, REPLICAS=1, RETENTION_MS=604800000, VALUE_FORMAT='AVRO') AS SELECT\n  O.BROKER BROKER,\n  O.SYMBOL SYMBOL,\n  WINDOWSTART BUCKETSTART,\n  EARLIEST_BY_OFFSET(O.BID) OPEN,\n  MAX(O.BID) HIGH,\n  MIN(O.BID) LOW,\n  LATEST_BY_OFFSET(O.BID) CLOSE\nFROM TICKS_TBIMP O\nWINDOW TUMBLING ( SIZE 1 SECONDS ) \nGROUP BY O.BROKER, O.SYMBOL\nEMIT FINAL;","sinks":["BAR_TBIMP_1S_FINAL"],"sinkKafkaTopics":["bar_tbimp_1s_final"],"id":"CTAS_BAR_TBIMP_1S_FINAL_85","statusCount":{"RUNNING":1},"queryType":"PERSISTENT","state":"RUNNING"}],"warnings":[]}]&#xD;
warn: Kafka.Ksql.Linq.KsqlContext[0]&#xD;
      SHOW QUERIES attempt 1 did not contain a matching query for bar_1m_live&#xD;
info: Kafka.Ksql.Linq.KsqlContext[0]&#xD;
      ksql execute: EXECUTE SQL=SHOW QUERIES;&#xD;
info: Kafka.Ksql.Linq.KsqlContext[0]&#xD;
      SHOW QUERIES output (attempt 2): [{"@type":"queries","statementText":"SHOW QUERIES;","queries":[{"queryString":"CREATE TABLE BAR_15M_LIVE WITH (CLEANUP_POLICY='compact,delete', KAFKA_TOPIC='bar_15m_live', KEY_FORMAT='AVRO', PARTITIONS=1, REPLICAS=1, RETENTION_MS=604800000, VALUE_FORMAT='AVRO') AS SELECT\n  O.BROKER BROKER,\n  O.SYMBOL SYMBOL,\n  WINDOWSTART BUCKETSTART,\n  EARLIEST_BY_OFFSET(O.OPEN) OPEN,\n  MAX(O.HIGH) HIGH,\n  MIN(O.LOW) LOW,\n  LATEST_BY_OFFSET(O.KSQLTIMEFRAMECLOSE) KSQLTIMEFRAMECLOSE\nFROM BAR_1S_FINAL_S O\nWINDOW TUMBLING ( SIZE 15 MINUTES , GRACE PERIOD 4 SECONDS ) \nGROUP BY O.BROKER, O.SYMBOL\nEMIT CHANGES;","sinks":["BAR_15M_LIVE"],"sinkKafkaTopics":["bar_15m_live"],"id":"CTAS_BAR_15M_LIVE_109","statusCount":{"RUNNING":1},"queryType":"PERSISTENT","state":"RUNNING"},{"queryString":"CREATE TABLE BAR_1S_FINAL WITH (CLEANUP_POLICY='compact,delete', KAFKA_TOPIC='bar_1s_final', KEY_FORMAT='AVRO', PARTITIONS=1, REPLICAS=1, RETENTION_MS=604800000, VALUE_FORMAT='AVRO') AS SELECT\n  O.BROKER BROKER,\n  O.SYMBOL SYMBOL,\n  WINDOWSTART BUCKETSTART,\n  EARLIEST_BY_OFFSET(O.BID) OPEN,\n  MAX(O.BID) HIGH,\n  MIN(O.BID) LOW,\n  LATEST_BY_OFFSET(O.BID) KSQLTIMEFRAMECLOSE\nFROM DEDUPRATES O\nWINDOW TUMBLING ( SIZE 1 SECONDS ) \nGROUP BY O.BROKER, O.SYMBOL\nEMIT FINAL;","sinks":["BAR_1S_FINAL"],"sinkKafkaTopics":["bar_1s_final"],"id":"CTAS_BAR_1S_FINAL_97","statusCount":{"RUNNING":1},"queryType":"PERSISTENT","state":"RUNNING"},{"queryString":"CREATE TABLE BAR_60M_LIVE WITH (CLEANUP_POLICY='compact,delete', KAFKA_TOPIC='bar_60m_live', KEY_FORMAT='AVRO', PARTITIONS=1, REPLICAS=1, RETENTION_MS=604800000, VALUE_FORMAT='AVRO') AS SELECT\n  O.BROKER BROKER,\n  O.SYMBOL SYMBOL,\n  WINDOWSTART BUCKETSTART,\n  EARLIEST_BY_OFFSET(O.OPEN) OPEN,\n  MAX(O.HIGH) HIGH,\n  MIN(O.LOW) LOW,\n  LATEST_BY_OFFSET(O.KSQLTIMEFRAMECLOSE) KSQLTIMEFRAMECLOSE\nFROM BAR_1S_FINAL_S O\nWINDOW TUMBLING ( SIZE 60 MINUTES , GRACE PERIOD 5 SECONDS ) \nGROUP BY O.BROKER, O.SYMBOL\nEMIT CHANGES;","sinks":["BAR_60M_LIVE"],"sinkKafkaTopics":["bar_60m_live"],"id":"CTAS_BAR_60M_LIVE_111","statusCount":{"RUNNING":1},"queryType":"PERSISTENT","state":"RUNNING"},{"queryString":"CREATE TABLE BAR_TBIMP_1M_LIVE WITH (CLEANUP_POLICY='compact,delete', KAFKA_TOPIC='bar_tbimp_1m_live', KEY_FORMAT='AVRO', PARTITIONS=1, REPLICAS=1, RETENTION_MS=604800000, VALUE_FORMAT='AVRO') AS SELECT\n  O.BROKER BROKER,\n  O.SYMBOL SYMBOL,\n  WINDOWSTART BUCKETSTART,\n  EARLIEST_BY_OFFSET(O.OPEN) OPEN,\n  MAX(O.HIGH) HIGH,\n  MIN(O.LOW) LOW,\n  LATEST_BY_OFFSET(O.CLOSE) CLOSE\nFROM BAR_TBIMP_1S_FINAL_S O\nWINDOW TUMBLING ( SIZE 1 MINUTES , GRACE PERIOD 2 SECONDS ) \nGROUP BY O.BROKER, O.SYMBOL\nEMIT CHANGES;","sinks":["BAR_TBIMP_1M_LIVE"],"sinkKafkaTopics":["bar_tbimp_1m_live"],"id":"CTAS_BAR_TBIMP_1M_LIVE_89","statusCount":{"RUNNING":1},"queryType":"PERSISTENT","state":"RUNNING"},{"queryString":"CREATE TABLE BAR_5M_LIVE WITH (CLEANUP_POLICY='compact,delete', KAFKA_TOPIC='bar_5m_live', KEY_FORMAT='AVRO', PARTITIONS=1, REPLICAS=1, RETENTION_MS=604800000, VALUE_FORMAT='AVRO') AS SELECT\n  O.BROKER BROKER,\n  O.SYMBOL SYMBOL,\n  WINDOWSTART BUCKETSTART,\n  EARLIEST_BY_OFFSET(O.OPEN) OPEN,\n  MAX(O.HIGH) HIGH,\n  MIN(O.LOW) LOW,\n  LATEST_BY_OFFSET(O.KSQLTIMEFRAMECLOSE) KSQLTIMEFRAMECLOSE\nFROM BAR_1S_FINAL_S O\nWINDOW TUMBLING ( SIZE 5 MINUTES , GRACE PERIOD 3 SECONDS ) \nGROUP BY O.BROKER, O.SYMBOL\nEMIT CHANGES;","sinks":["BAR_5M_LIVE"],"sinkKafkaTopics":["bar_5m_live"],"id":"CTAS_BAR_5M_LIVE_103","statusCount":{"RUNNING":1},"queryType":"PERSISTENT","state":"RUNNING"},{"queryString":"CREATE TABLE BAR_TBIMP_5M_LIVE WITH (CLEANUP_POLICY='compact,delete', KAFKA_TOPIC='bar_tbimp_5m_live', KEY_FORMAT='AVRO', PARTITIONS=1, REPLICAS=1, RETENTION_MS=604800000, VALUE_FORMAT='AVRO') AS SELECT\n  O.BROKER BROKER,\n  O.SYMBOL SYMBOL,\n  WINDOWSTART BUCKETSTART,\n  EARLIEST_BY_OFFSET(O.OPEN) OPEN,\n  MAX(O.HIGH) HIGH,\n  MIN(O.LOW) LOW,\n  LATEST_BY_OFFSET(O.CLOSE) CLOSE\nFROM BAR_TBIMP_1S_FINAL_S O\nWINDOW TUMBLING ( SIZE 5 MINUTES , GRACE PERIOD 3 SECONDS ) \nGROUP BY O.BROKER, O.SYMBOL\nEMIT CHANGES;","sinks":["BAR_TBIMP_5M_LIVE"],"sinkKafkaTopics":["bar_tbimp_5m_live"],"id":"CTAS_BAR_TBIMP_5M_LIVE_91","statusCount":{"RUNNING":1},"queryType":"PERSISTENT","state":"RUNNING"},{"queryString":"CREATE TABLE BAR_1M_LIVE WITH (CLEANUP_POLICY='compact,delete', KAFKA_TOPIC='bar_1m_live', KEY_FORMAT='AVRO', PARTITIONS=1, REPLICAS=1, RETENTION_MS=604800000, VALUE_FORMAT='AVRO') AS SELECT\n  O.BROKER BROKER,\n  O.SYMBOL SYMBOL,\n  WINDOWSTART BUCKETSTART,\n  EARLIEST_BY_OFFSET(O.OPEN) OPEN,\n  MAX(O.HIGH) HIGH,\n  MIN(O.LOW) LOW,\n  LATEST_BY_OFFSET(O.KSQLTIMEFRAMECLOSE) KSQLTIMEFRAMECLOSE\nFROM BAR_1S_FINAL_S O\nWINDOW TUMBLING ( SIZE 1 MINUTES , GRACE PERIOD 2 SECONDS ) \nGROUP BY O.BROKER, O.SYMBOL\nEMIT CHANGES;","sinks":["BAR_1M_LIVE"],"sinkKafkaTopics":["bar_1m_live"],"id":"CTAS_BAR_1M_LIVE_101","statusCount":{"RUNNING":1},"queryType":"PERSISTENT","state":"RUNNING"},{"queryString":"CREATE TABLE BAR_TBIMP_1S_FINAL WITH (CLEANUP_POLICY='compact,delete', KAFKA_TOPIC='bar_tbimp_1s_final', KEY_FORMAT='AVRO', PARTITIONS=1, REPLICAS=1, RETENTION_MS=604800000, VALUE_FORMAT='AVRO') AS SELECT\n  O.BROKER BROKER,\n  O.SYMBOL SYMBOL,\n  WINDOWSTART BUCKETSTART,\n  EARLIEST_BY_OFFSET(O.BID) OPEN,\n  MAX(O.BID) HIGH,\n  MIN(O.BID) LOW,\n  LATEST_BY_OFFSET(O.BID) CLOSE\nFROM TICKS_TBIMP O\nWINDOW TUMBLING ( SIZE 1 SECONDS ) \nGROUP BY O.BROKER, O.SYMBOL\nEMIT FINAL;","sinks":["BAR_TBIMP_1S_FINAL"],"sinkKafkaTopics":["bar_tbimp_1s_final"],"id":"CTAS_BAR_TBIMP_1S_FINAL_85","statusCount":{"RUNNING":1},"queryType":"PERSISTENT","state":"RUNNING"}],"warnings":[]}]&#xD;
warn: Kafka.Ksql.Linq.KsqlContext[0]&#xD;
      SHOW QUERIES attempt 2 did not contain a matching query for bar_1m_live&#xD;
info: Kafka.Ksql.Linq.KsqlContext[0]&#xD;
      ksql execute: EXECUTE SQL=SHOW QUERIES;&#xD;
info: Kafka.Ksql.Linq.KsqlContext[0]&#xD;
      SHOW QUERIES output (attempt 3): [{"@type":"queries","statementText":"SHOW QUERIES;","queries":[{"queryString":"CREATE TABLE BAR_15M_LIVE WITH (CLEANUP_POLICY='compact,delete', KAFKA_TOPIC='bar_15m_live', KEY_FORMAT='AVRO', PARTITIONS=1, REPLICAS=1, RETENTION_MS=604800000, VALUE_FORMAT='AVRO') AS SELECT\n  O.BROKER BROKER,\n  O.SYMBOL SYMBOL,\n  WINDOWSTART BUCKETSTART,\n  EARLIEST_BY_OFFSET(O.OPEN) OPEN,\n  MAX(O.HIGH) HIGH,\n  MIN(O.LOW) LOW,\n  LATEST_BY_OFFSET(O.KSQLTIMEFRAMECLOSE) KSQLTIMEFRAMECLOSE\nFROM BAR_1S_FINAL_S O\nWINDOW TUMBLING ( SIZE 15 MINUTES , GRACE PERIOD 4 SECONDS ) \nGROUP BY O.BROKER, O.SYMBOL\nEMIT CHANGES;","sinks":["BAR_15M_LIVE"],"sinkKafkaTopics":["bar_15m_live"],"id":"CTAS_BAR_15M_LIVE_109","statusCount":{"RUNNING":1},"queryType":"PERSISTENT","state":"RUNNING"},{"queryString":"CREATE TABLE BAR_1S_FINAL WITH (CLEANUP_POLICY='compact,delete', KAFKA_TOPIC='bar_1s_final', KEY_FORMAT='AVRO', PARTITIONS=1, REPLICAS=1, RETENTION_MS=604800000, VALUE_FORMAT='AVRO') AS SELECT\n  O.BROKER BROKER,\n  O.SYMBOL SYMBOL,\n  WINDOWSTART BUCKETSTART,\n  EARLIEST_BY_OFFSET(O.BID) OPEN,\n  MAX(O.BID) HIGH,\n  MIN(O.BID) LOW,\n  LATEST_BY_OFFSET(O.BID) KSQLTIMEFRAMECLOSE\nFROM DEDUPRATES O\nWINDOW TUMBLING ( SIZE 1 SECONDS ) \nGROUP BY O.BROKER, O.SYMBOL\nEMIT FINAL;","sinks":["BAR_1S_FINAL"],"sinkKafkaTopics":["bar_1s_final"],"id":"CTAS_BAR_1S_FINAL_97","statusCount":{"RUNNING":1},"queryType":"PERSISTENT","state":"RUNNING"},{"queryString":"CREATE TABLE BAR_60M_LIVE WITH (CLEANUP_POLICY='compact,delete', KAFKA_TOPIC='bar_60m_live', KEY_FORMAT='AVRO', PARTITIONS=1, REPLICAS=1, RETENTION_MS=604800000, VALUE_FORMAT='AVRO') AS SELECT\n  O.BROKER BROKER,\n  O.SYMBOL SYMBOL,\n  WINDOWSTART BUCKETSTART,\n  EARLIEST_BY_OFFSET(O.OPEN) OPEN,\n  MAX(O.HIGH) HIGH,\n  MIN(O.LOW) LOW,\n  LATEST_BY_OFFSET(O.KSQLTIMEFRAMECLOSE) KSQLTIMEFRAMECLOSE\nFROM BAR_1S_FINAL_S O\nWINDOW TUMBLING ( SIZE 60 MINUTES , GRACE PERIOD 5 SECONDS ) \nGROUP BY O.BROKER, O.SYMBOL\nEMIT CHANGES;","sinks":["BAR_60M_LIVE"],"sinkKafkaTopics":["bar_60m_live"],"id":"CTAS_BAR_60M_LIVE_111","statusCount":{"RUNNING":1},"queryType":"PERSISTENT","state":"RUNNING"},{"queryString":"CREATE TABLE BAR_TBIMP_1M_LIVE WITH (CLEANUP_POLICY='compact,delete', KAFKA_TOPIC='bar_tbimp_1m_live', KEY_FORMAT='AVRO', PARTITIONS=1, REPLICAS=1, RETENTION_MS=604800000, VALUE_FORMAT='AVRO') AS SELECT\n  O.BROKER BROKER,\n  O.SYMBOL SYMBOL,\n  WINDOWSTART BUCKETSTART,\n  EARLIEST_BY_OFFSET(O.OPEN) OPEN,\n  MAX(O.HIGH) HIGH,\n  MIN(O.LOW) LOW,\n  LATEST_BY_OFFSET(O.CLOSE) CLOSE\nFROM BAR_TBIMP_1S_FINAL_S O\nWINDOW TUMBLING ( SIZE 1 MINUTES , GRACE PERIOD 2 SECONDS ) \nGROUP BY O.BROKER, O.SYMBOL\nEMIT CHANGES;","sinks":["BAR_TBIMP_1M_LIVE"],"sinkKafkaTopics":["bar_tbimp_1m_live"],"id":"CTAS_BAR_TBIMP_1M_LIVE_89","statusCount":{"RUNNING":1},"queryType":"PERSISTENT","state":"RUNNING"},{"queryString":"CREATE TABLE BAR_5M_LIVE WITH (CLEANUP_POLICY='compact,delete', KAFKA_TOPIC='bar_5m_live', KEY_FORMAT='AVRO', PARTITIONS=1, REPLICAS=1, RETENTION_MS=604800000, VALUE_FORMAT='AVRO') AS SELECT\n  O.BROKER BROKER,\n  O.SYMBOL SYMBOL,\n  WINDOWSTART BUCKETSTART,\n  EARLIEST_BY_OFFSET(O.OPEN) OPEN,\n  MAX(O.HIGH) HIGH,\n  MIN(O.LOW) LOW,\n  LATEST_BY_OFFSET(O.KSQLTIMEFRAMECLOSE) KSQLTIMEFRAMECLOSE\nFROM BAR_1S_FINAL_S O\nWINDOW TUMBLING ( SIZE 5 MINUTES , GRACE PERIOD 3 SECONDS ) \nGROUP BY O.BROKER, O.SYMBOL\nEMIT CHANGES;","sinks":["BAR_5M_LIVE"],"sinkKafkaTopics":["bar_5m_live"],"id":"CTAS_BAR_5M_LIVE_103","statusCount":{"RUNNING":1},"queryType":"PERSISTENT","state":"RUNNING"},{"queryString":"CREATE TABLE BAR_TBIMP_5M_LIVE WITH (CLEANUP_POLICY='compact,delete', KAFKA_TOPIC='bar_tbimp_5m_live', KEY_FORMAT='AVRO', PARTITIONS=1, REPLICAS=1, RETENTION_MS=604800000, VALUE_FORMAT='AVRO') AS SELECT\n  O.BROKER BROKER,\n  O.SYMBOL SYMBOL,\n  WINDOWSTART BUCKETSTART,\n  EARLIEST_BY_OFFSET(O.OPEN) OPEN,\n  MAX(O.HIGH) HIGH,\n  MIN(O.LOW) LOW,\n  LATEST_BY_OFFSET(O.CLOSE) CLOSE\nFROM BAR_TBIMP_1S_FINAL_S O\nWINDOW TUMBLING ( SIZE 5 MINUTES , GRACE PERIOD 3 SECONDS ) \nGROUP BY O.BROKER, O.SYMBOL\nEMIT CHANGES;","sinks":["BAR_TBIMP_5M_LIVE"],"sinkKafkaTopics":["bar_tbimp_5m_live"],"id":"CTAS_BAR_TBIMP_5M_LIVE_91","statusCount":{"RUNNING":1},"queryType":"PERSISTENT","state":"RUNNING"},{"queryString":"CREATE TABLE BAR_1M_LIVE WITH (CLEANUP_POLICY='compact,delete', KAFKA_TOPIC='bar_1m_live', KEY_FORMAT='AVRO', PARTITIONS=1, REPLICAS=1, RETENTION_MS=604800000, VALUE_FORMAT='AVRO') AS SELECT\n  O.BROKER BROKER,\n  O.SYMBOL SYMBOL,\n  WINDOWSTART BUCKETSTART,\n  EARLIEST_BY_OFFSET(O.OPEN) OPEN,\n  MAX(O.HIGH) HIGH,\n  MIN(O.LOW) LOW,\n  LATEST_BY_OFFSET(O.KSQLTIMEFRAMECLOSE) KSQLTIMEFRAMECLOSE\nFROM BAR_1S_FINAL_S O\nWINDOW TUMBLING ( SIZE 1 MINUTES , GRACE PERIOD 2 SECONDS ) \nGROUP BY O.BROKER, O.SYMBOL\nEMIT CHANGES;","sinks":["BAR_1M_LIVE"],"sinkKafkaTopics":["bar_1m_live"],"id":"CTAS_BAR_1M_LIVE_101","statusCount":{"RUNNING":1},"queryType":"PERSISTENT","state":"RUNNING"},{"queryString":"CREATE TABLE BAR_TBIMP_1S_FINAL WITH (CLEANUP_POLICY='compact,delete', KAFKA_TOPIC='bar_tbimp_1s_final', KEY_FORMAT='AVRO', PARTITIONS=1, REPLICAS=1, RETENTION_MS=604800000, VALUE_FORMAT='AVRO') AS SELECT\n  O.BROKER BROKER,\n  O.SYMBOL SYMBOL,\n  WINDOWSTART BUCKETSTART,\n  EARLIEST_BY_OFFSET(O.BID) OPEN,\n  MAX(O.BID) HIGH,\n  MIN(O.BID) LOW,\n  LATEST_BY_OFFSET(O.BID) CLOSE\nFROM TICKS_TBIMP O\nWINDOW TUMBLING ( SIZE 1 SECONDS ) \nGROUP BY O.BROKER, O.SYMBOL\nEMIT FINAL;","sinks":["BAR_TBIMP_1S_FINAL"],"sinkKafkaTopics":["bar_tbimp_1s_final"],"id":"CTAS_BAR_TBIMP_1S_FINAL_85","statusCount":{"RUNNING":1},"queryType":"PERSISTENT","state":"RUNNING"}],"warnings":[]}]&#xD;
warn: Kafka.Ksql.Linq.KsqlContext[0]&#xD;
      SHOW QUERIES attempt 3 did not contain a matching query for bar_1m_live&#xD;
info: Kafka.Ksql.Linq.KsqlContext[0]&#xD;
      ksql execute: EXECUTE SQL=SHOW QUERIES;&#xD;
info: Kafka.Ksql.Linq.KsqlContext[0]&#xD;
      SHOW QUERIES output (attempt 4): [{"@type":"queries","statementText":"SHOW QUERIES;","queries":[{"queryString":"CREATE TABLE BAR_15M_LIVE WITH (CLEANUP_POLICY='compact,delete', KAFKA_TOPIC='bar_15m_live', KEY_FORMAT='AVRO', PARTITIONS=1, REPLICAS=1, RETENTION_MS=604800000, VALUE_FORMAT='AVRO') AS SELECT\n  O.BROKER BROKER,\n  O.SYMBOL SYMBOL,\n  WINDOWSTART BUCKETSTART,\n  EARLIEST_BY_OFFSET(O.OPEN) OPEN,\n  MAX(O.HIGH) HIGH,\n  MIN(O.LOW) LOW,\n  LATEST_BY_OFFSET(O.KSQLTIMEFRAMECLOSE) KSQLTIMEFRAMECLOSE\nFROM BAR_1S_FINAL_S O\nWINDOW TUMBLING ( SIZE 15 MINUTES , GRACE PERIOD 4 SECONDS ) \nGROUP BY O.BROKER, O.SYMBOL\nEMIT CHANGES;","sinks":["BAR_15M_LIVE"],"sinkKafkaTopics":["bar_15m_live"],"id":"CTAS_BAR_15M_LIVE_109","statusCount":{"RUNNING":1},"queryType":"PERSISTENT","state":"RUNNING"},{"queryString":"CREATE TABLE BAR_1S_FINAL WITH (CLEANUP_POLICY='compact,delete', KAFKA_TOPIC='bar_1s_final', KEY_FORMAT='AVRO', PARTITIONS=1, REPLICAS=1, RETENTION_MS=604800000, VALUE_FORMAT='AVRO') AS SELECT\n  O.BROKER BROKER,\n  O.SYMBOL SYMBOL,\n  WINDOWSTART BUCKETSTART,\n  EARLIEST_BY_OFFSET(O.BID) OPEN,\n  MAX(O.BID) HIGH,\n  MIN(O.BID) LOW,\n  LATEST_BY_OFFSET(O.BID) KSQLTIMEFRAMECLOSE\nFROM DEDUPRATES O\nWINDOW TUMBLING ( SIZE 1 SECONDS ) \nGROUP BY O.BROKER, O.SYMBOL\nEMIT FINAL;","sinks":["BAR_1S_FINAL"],"sinkKafkaTopics":["bar_1s_final"],"id":"CTAS_BAR_1S_FINAL_97","statusCount":{"RUNNING":1},"queryType":"PERSISTENT","state":"RUNNING"},{"queryString":"CREATE TABLE BAR_60M_LIVE WITH (CLEANUP_POLICY='compact,delete', KAFKA_TOPIC='bar_60m_live', KEY_FORMAT='AVRO', PARTITIONS=1, REPLICAS=1, RETENTION_MS=604800000, VALUE_FORMAT='AVRO') AS SELECT\n  O.BROKER BROKER,\n  O.SYMBOL SYMBOL,\n  WINDOWSTART BUCKETSTART,\n  EARLIEST_BY_OFFSET(O.OPEN) OPEN,\n  MAX(O.HIGH) HIGH,\n  MIN(O.LOW) LOW,\n  LATEST_BY_OFFSET(O.KSQLTIMEFRAMECLOSE) KSQLTIMEFRAMECLOSE\nFROM BAR_1S_FINAL_S O\nWINDOW TUMBLING ( SIZE 60 MINUTES , GRACE PERIOD 5 SECONDS ) \nGROUP BY O.BROKER, O.SYMBOL\nEMIT CHANGES;","sinks":["BAR_60M_LIVE"],"sinkKafkaTopics":["bar_60m_live"],"id":"CTAS_BAR_60M_LIVE_111","statusCount":{"RUNNING":1},"queryType":"PERSISTENT","state":"RUNNING"},{"queryString":"CREATE TABLE BAR_TBIMP_1M_LIVE WITH (CLEANUP_POLICY='compact,delete', KAFKA_TOPIC='bar_tbimp_1m_live', KEY_FORMAT='AVRO', PARTITIONS=1, REPLICAS=1, RETENTION_MS=604800000, VALUE_FORMAT='AVRO') AS SELECT\n  O.BROKER BROKER,\n  O.SYMBOL SYMBOL,\n  WINDOWSTART BUCKETSTART,\n  EARLIEST_BY_OFFSET(O.OPEN) OPEN,\n  MAX(O.HIGH) HIGH,\n  MIN(O.LOW) LOW,\n  LATEST_BY_OFFSET(O.CLOSE) CLOSE\nFROM BAR_TBIMP_1S_FINAL_S O\nWINDOW TUMBLING ( SIZE 1 MINUTES , GRACE PERIOD 2 SECONDS ) \nGROUP BY O.BROKER, O.SYMBOL\nEMIT CHANGES;","sinks":["BAR_TBIMP_1M_LIVE"],"sinkKafkaTopics":["bar_tbimp_1m_live"],"id":"CTAS_BAR_TBIMP_1M_LIVE_89","statusCount":{"RUNNING":1},"queryType":"PERSISTENT","state":"RUNNING"},{"queryString":"CREATE TABLE BAR_5M_LIVE WITH (CLEANUP_POLICY='compact,delete', KAFKA_TOPIC='bar_5m_live', KEY_FORMAT='AVRO', PARTITIONS=1, REPLICAS=1, RETENTION_MS=604800000, VALUE_FORMAT='AVRO') AS SELECT\n  O.BROKER BROKER,\n  O.SYMBOL SYMBOL,\n  WINDOWSTART BUCKETSTART,\n  EARLIEST_BY_OFFSET(O.OPEN) OPEN,\n  MAX(O.HIGH) HIGH,\n  MIN(O.LOW) LOW,\n  LATEST_BY_OFFSET(O.KSQLTIMEFRAMECLOSE) KSQLTIMEFRAMECLOSE\nFROM BAR_1S_FINAL_S O\nWINDOW TUMBLING ( SIZE 5 MINUTES , GRACE PERIOD 3 SECONDS ) \nGROUP BY O.BROKER, O.SYMBOL\nEMIT CHANGES;","sinks":["BAR_5M_LIVE"],"sinkKafkaTopics":["bar_5m_live"],"id":"CTAS_BAR_5M_LIVE_103","statusCount":{"RUNNING":1},"queryType":"PERSISTENT","state":"RUNNING"},{"queryString":"CREATE TABLE BAR_TBIMP_5M_LIVE WITH (CLEANUP_POLICY='compact,delete', KAFKA_TOPIC='bar_tbimp_5m_live', KEY_FORMAT='AVRO', PARTITIONS=1, REPLICAS=1, RETENTION_MS=604800000, VALUE_FORMAT='AVRO') AS SELECT\n  O.BROKER BROKER,\n  O.SYMBOL SYMBOL,\n  WINDOWSTART BUCKETSTART,\n  EARLIEST_BY_OFFSET(O.OPEN) OPEN,\n  MAX(O.HIGH) HIGH,\n  MIN(O.LOW) LOW,\n  LATEST_BY_OFFSET(O.CLOSE) CLOSE\nFROM BAR_TBIMP_1S_FINAL_S O\nWINDOW TUMBLING ( SIZE 5 MINUTES , GRACE PERIOD 3 SECONDS ) \nGROUP BY O.BROKER, O.SYMBOL\nEMIT CHANGES;","sinks":["BAR_TBIMP_5M_LIVE"],"sinkKafkaTopics":["bar_tbimp_5m_live"],"id":"CTAS_BAR_TBIMP_5M_LIVE_91","statusCount":{"RUNNING":1},"queryType":"PERSISTENT","state":"RUNNING"},{"queryString":"CREATE TABLE BAR_1M_LIVE WITH (CLEANUP_POLICY='compact,delete', KAFKA_TOPIC='bar_1m_live', KEY_FORMAT='AVRO', PARTITIONS=1, REPLICAS=1, RETENTION_MS=604800000, VALUE_FORMAT='AVRO') AS SELECT\n  O.BROKER BROKER,\n  O.SYMBOL SYMBOL,\n  WINDOWSTART BUCKETSTART,\n  EARLIEST_BY_OFFSET(O.OPEN) OPEN,\n  MAX(O.HIGH) HIGH,\n  MIN(O.LOW) LOW,\n  LATEST_BY_OFFSET(O.KSQLTIMEFRAMECLOSE) KSQLTIMEFRAMECLOSE\nFROM BAR_1S_FINAL_S O\nWINDOW TUMBLING ( SIZE 1 MINUTES , GRACE PERIOD 2 SECONDS ) \nGROUP BY O.BROKER, O.SYMBOL\nEMIT CHANGES;","sinks":["BAR_1M_LIVE"],"sinkKafkaTopics":["bar_1m_live"],"id":"CTAS_BAR_1M_LIVE_101","statusCount":{"RUNNING":1},"queryType":"PERSISTENT","state":"RUNNING"},{"queryString":"CREATE TABLE BAR_TBIMP_1S_FINAL WITH (CLEANUP_POLICY='compact,delete', KAFKA_TOPIC='bar_tbimp_1s_final', KEY_FORMAT='AVRO', PARTITIONS=1, REPLICAS=1, RETENTION_MS=604800000, VALUE_FORMAT='AVRO') AS SELECT\n  O.BROKER BROKER,\n  O.SYMBOL SYMBOL,\n  WINDOWSTART BUCKETSTART,\n  EARLIEST_BY_OFFSET(O.BID) OPEN,\n  MAX(O.BID) HIGH,\n  MIN(O.BID) LOW,\n  LATEST_BY_OFFSET(O.BID) CLOSE\nFROM TICKS_TBIMP O\nWINDOW TUMBLING ( SIZE 1 SECONDS ) \nGROUP BY O.BROKER, O.SYMBOL\nEMIT FINAL;","sinks":["BAR_TBIMP_1S_FINAL"],"sinkKafkaTopics":["bar_tbimp_1s_final"],"id":"CTAS_BAR_TBIMP_1S_FINAL_85","statusCount":{"RUNNING":1},"queryType":"PERSISTENT","state":"RUNNING"}],"warnings":[]}]&#xD;
warn: Kafka.Ksql.Linq.KsqlContext[0]&#xD;
      SHOW QUERIES attempt 4 did not contain a matching query for bar_1m_live&#xD;
info: Kafka.Ksql.Linq.KsqlContext[0]&#xD;
      ksql execute: EXECUTE SQL=SHOW QUERIES;&#xD;
info: Kafka.Ksql.Linq.KsqlContext[0]&#xD;
      SHOW QUERIES output (attempt 5): [{"@type":"queries","statementText":"SHOW QUERIES;","queries":[{"queryString":"CREATE TABLE BAR_15M_LIVE WITH (CLEANUP_POLICY='compact,delete', KAFKA_TOPIC='bar_15m_live', KEY_FORMAT='AVRO', PARTITIONS=1, REPLICAS=1, RETENTION_MS=604800000, VALUE_FORMAT='AVRO') AS SELECT\n  O.BROKER BROKER,\n  O.SYMBOL SYMBOL,\n  WINDOWSTART BUCKETSTART,\n  EARLIEST_BY_OFFSET(O.OPEN) OPEN,\n  MAX(O.HIGH) HIGH,\n  MIN(O.LOW) LOW,\n  LATEST_BY_OFFSET(O.KSQLTIMEFRAMECLOSE) KSQLTIMEFRAMECLOSE\nFROM BAR_1S_FINAL_S O\nWINDOW TUMBLING ( SIZE 15 MINUTES , GRACE PERIOD 4 SECONDS ) \nGROUP BY O.BROKER, O.SYMBOL\nEMIT CHANGES;","sinks":["BAR_15M_LIVE"],"sinkKafkaTopics":["bar_15m_live"],"id":"CTAS_BAR_15M_LIVE_109","statusCount":{"RUNNING":1},"queryType":"PERSISTENT","state":"RUNNING"},{"queryString":"CREATE TABLE BAR_1S_FINAL WITH (CLEANUP_POLICY='compact,delete', KAFKA_TOPIC='bar_1s_final', KEY_FORMAT='AVRO', PARTITIONS=1, REPLICAS=1, RETENTION_MS=604800000, VALUE_FORMAT='AVRO') AS SELECT\n  O.BROKER BROKER,\n  O.SYMBOL SYMBOL,\n  WINDOWSTART BUCKETSTART,\n  EARLIEST_BY_OFFSET(O.BID) OPEN,\n  MAX(O.BID) HIGH,\n  MIN(O.BID) LOW,\n  LATEST_BY_OFFSET(O.BID) KSQLTIMEFRAMECLOSE\nFROM DEDUPRATES O\nWINDOW TUMBLING ( SIZE 1 SECONDS ) \nGROUP BY O.BROKER, O.SYMBOL\nEMIT FINAL;","sinks":["BAR_1S_FINAL"],"sinkKafkaTopics":["bar_1s_final"],"id":"CTAS_BAR_1S_FINAL_97","statusCount":{"RUNNING":1},"queryType":"PERSISTENT","state":"RUNNING"},{"queryString":"CREATE TABLE BAR_60M_LIVE WITH (CLEANUP_POLICY='compact,delete', KAFKA_TOPIC='bar_60m_live', KEY_FORMAT='AVRO', PARTITIONS=1, REPLICAS=1, RETENTION_MS=604800000, VALUE_FORMAT='AVRO') AS SELECT\n  O.BROKER BROKER,\n  O.SYMBOL SYMBOL,\n  WINDOWSTART BUCKETSTART,\n  EARLIEST_BY_OFFSET(O.OPEN) OPEN,\n  MAX(O.HIGH) HIGH,\n  MIN(O.LOW) LOW,\n  LATEST_BY_OFFSET(O.KSQLTIMEFRAMECLOSE) KSQLTIMEFRAMECLOSE\nFROM BAR_1S_FINAL_S O\nWINDOW TUMBLING ( SIZE 60 MINUTES , GRACE PERIOD 5 SECONDS ) \nGROUP BY O.BROKER, O.SYMBOL\nEMIT CHANGES;","sinks":["BAR_60M_LIVE"],"sinkKafkaTopics":["bar_60m_live"],"id":"CTAS_BAR_60M_LIVE_111","statusCount":{"RUNNING":1},"queryType":"PERSISTENT","state":"RUNNING"},{"queryString":"CREATE TABLE BAR_TBIMP_1M_LIVE WITH (CLEANUP_POLICY='compact,delete', KAFKA_TOPIC='bar_tbimp_1m_live', KEY_FORMAT='AVRO', PARTITIONS=1, REPLICAS=1, RETENTION_MS=604800000, VALUE_FORMAT='AVRO') AS SELECT\n  O.BROKER BROKER,\n  O.SYMBOL SYMBOL,\n  WINDOWSTART BUCKETSTART,\n  EARLIEST_BY_OFFSET(O.OPEN) OPEN,\n  MAX(O.HIGH) HIGH,\n  MIN(O.LOW) LOW,\n  LATEST_BY_OFFSET(O.CLOSE) CLOSE\nFROM BAR_TBIMP_1S_FINAL_S O\nWINDOW TUMBLING ( SIZE 1 MINUTES , GRACE PERIOD 2 SECONDS ) \nGROUP BY O.BROKER, O.SYMBOL\nEMIT CHANGES;","sinks":["BAR_TBIMP_1M_LIVE"],"sinkKafkaTopics":["bar_tbimp_1m_live"],"id":"CTAS_BAR_TBIMP_1M_LIVE_89","statusCount":{"RUNNING":1},"queryType":"PERSISTENT","state":"RUNNING"},{"queryString":"CREATE TABLE BAR_5M_LIVE WITH (CLEANUP_POLICY='compact,delete', KAFKA_TOPIC='bar_5m_live', KEY_FORMAT='AVRO', PARTITIONS=1, REPLICAS=1, RETENTION_MS=604800000, VALUE_FORMAT='AVRO') AS SELECT\n  O.BROKER BROKER,\n  O.SYMBOL SYMBOL,\n  WINDOWSTART BUCKETSTART,\n  EARLIEST_BY_OFFSET(O.OPEN) OPEN,\n  MAX(O.HIGH) HIGH,\n  MIN(O.LOW) LOW,\n  LATEST_BY_OFFSET(O.KSQLTIMEFRAMECLOSE) KSQLTIMEFRAMECLOSE\nFROM BAR_1S_FINAL_S O\nWINDOW TUMBLING ( SIZE 5 MINUTES , GRACE PERIOD 3 SECONDS ) \nGROUP BY O.BROKER, O.SYMBOL\nEMIT CHANGES;","sinks":["BAR_5M_LIVE"],"sinkKafkaTopics":["bar_5m_live"],"id":"CTAS_BAR_5M_LIVE_103","statusCount":{"RUNNING":1},"queryType":"PERSISTENT","state":"RUNNING"},{"queryString":"CREATE TABLE BAR_TBIMP_5M_LIVE WITH (CLEANUP_POLICY='compact,delete', KAFKA_TOPIC='bar_tbimp_5m_live', KEY_FORMAT='AVRO', PARTITIONS=1, REPLICAS=1, RETENTION_MS=604800000, VALUE_FORMAT='AVRO') AS SELECT\n  O.BROKER BROKER,\n  O.SYMBOL SYMBOL,\n  WINDOWSTART BUCKETSTART,\n  EARLIEST_BY_OFFSET(O.OPEN) OPEN,\n  MAX(O.HIGH) HIGH,\n  MIN(O.LOW) LOW,\n  LATEST_BY_OFFSET(O.CLOSE) CLOSE\nFROM BAR_TBIMP_1S_FINAL_S O\nWINDOW TUMBLING ( SIZE 5 MINUTES , GRACE PERIOD 3 SECONDS ) \nGROUP BY O.BROKER, O.SYMBOL\nEMIT CHANGES;","sinks":["BAR_TBIMP_5M_LIVE"],"sinkKafkaTopics":["bar_tbimp_5m_live"],"id":"CTAS_BAR_TBIMP_5M_LIVE_91","statusCount":{"RUNNING":1},"queryType":"PERSISTENT","state":"RUNNING"},{"queryString":"CREATE TABLE BAR_1M_LIVE WITH (CLEANUP_POLICY='compact,delete', KAFKA_TOPIC='bar_1m_live', KEY_FORMAT='AVRO', PARTITIONS=1, REPLICAS=1, RETENTION_MS=604800000, VALUE_FORMAT='AVRO') AS SELECT\n  O.BROKER BROKER,\n  O.SYMBOL SYMBOL,\n  WINDOWSTART BUCKETSTART,\n  EARLIEST_BY_OFFSET(O.OPEN) OPEN,\n  MAX(O.HIGH) HIGH,\n  MIN(O.LOW) LOW,\n  LATEST_BY_OFFSET(O.KSQLTIMEFRAMECLOSE) KSQLTIMEFRAMECLOSE\nFROM BAR_1S_FINAL_S O\nWINDOW TUMBLING ( SIZE 1 MINUTES , GRACE PERIOD 2 SECONDS ) \nGROUP BY O.BROKER, O.SYMBOL\nEMIT CHANGES;","sinks":["BAR_1M_LIVE"],"sinkKafkaTopics":["bar_1m_live"],"id":"CTAS_BAR_1M_LIVE_101","statusCount":{"RUNNING":1},"queryType":"PERSISTENT","state":"RUNNING"},{"queryString":"CREATE TABLE BAR_TBIMP_1S_FINAL WITH (CLEANUP_POLICY='compact,delete', KAFKA_TOPIC='bar_tbimp_1s_final', KEY_FORMAT='AVRO', PARTITIONS=1, REPLICAS=1, RETENTION_MS=604800000, VALUE_FORMAT='AVRO') AS SELECT\n  O.BROKER BROKER,\n  O.SYMBOL SYMBOL,\n  WINDOWSTART BUCKETSTART,\n  EARLIEST_BY_OFFSET(O.BID) OPEN,\n  MAX(O.BID) HIGH,\n  MIN(O.BID) LOW,\n  LATEST_BY_OFFSET(O.BID) CLOSE\nFROM TICKS_TBIMP O\nWINDOW TUMBLING ( SIZE 1 SECONDS ) \nGROUP BY O.BROKER, O.SYMBOL\nEMIT FINAL;","sinks":["BAR_TBIMP_1S_FINAL"],"sinkKafkaTopics":["bar_tbimp_1s_final"],"id":"CTAS_BAR_TBIMP_1S_FINAL_85","statusCount":{"RUNNING":1},"queryType":"PERSISTENT","state":"RUNNING"}],"warnings":[]}]&#xD;
warn: Kafka.Ksql.Linq.KsqlContext[0]&#xD;
      SHOW QUERIES attempt 5 did not contain a matching query for bar_1m_live&#xD;
warn: Kafka.Ksql.Linq.KsqlContext[0]&#xD;
      Unable to locate queryId for bar_1m_live after 5 attempts&#xD;
warn: Kafka.Ksql.Linq.KsqlContext[0]&#xD;
      Could not locate queryId via SHOW QUERIES for derived statement targeting bar_1m_live: CREATE TABLE bar_1m_live  WITH (KAFKA_TOPIC='bar_1m_live', KEY_FORMAT='AVRO', VALUE_FORMAT='AVRO') AS&#xD;
      SELECT BROKER AS Broker, SYMBOL AS Symbol, WINDOWSTART AS BucketStart, EARLIEST_BY_OFFSET(o.OPEN) AS Open, MAX(o.HIGH) AS High, MIN(o.LOW) AS Low, LATEST_BY_OFFSET(o.KSQLTIMEFRAMECLOSE) AS KsqlTimeFrameClose&#xD;
      FROM bar_1s_final_s o WINDOW TUMBLING (SIZE 1 MINUTES, GRACE PERIOD 2 SECONDS)&#xD;
      GROUP BY BROKER, SYMBOL&#xD;
      EMIT CHANGES;&#xD;
info: Kafka.Ksql.Linq.KsqlContext[0]&#xD;
      ksql execute: EXECUTE SQL=SHOW QUERIES;&#xD;
info: Kafka.Ksql.Linq.KsqlContext[0]&#xD;
      SHOW QUERIES output (attempt 1): [{"@type":"queries","statementText":"SHOW QUERIES;","queries":[{"queryString":"CREATE TABLE BAR_15M_LIVE WITH (CLEANUP_POLICY='compact,delete', KAFKA_TOPIC='bar_15m_live', KEY_FORMAT='AVRO', PARTITIONS=1, REPLICAS=1, RETENTION_MS=604800000, VALUE_FORMAT='AVRO') AS SELECT\n  O.BROKER BROKER,\n  O.SYMBOL SYMBOL,\n  WINDOWSTART BUCKETSTART,\n  EARLIEST_BY_OFFSET(O.OPEN) OPEN,\n  MAX(O.HIGH) HIGH,\n  MIN(O.LOW) LOW,\n  LATEST_BY_OFFSET(O.KSQLTIMEFRAMECLOSE) KSQLTIMEFRAMECLOSE\nFROM BAR_1S_FINAL_S O\nWINDOW TUMBLING ( SIZE 15 MINUTES , GRACE PERIOD 4 SECONDS ) \nGROUP BY O.BROKER, O.SYMBOL\nEMIT CHANGES;","sinks":["BAR_15M_LIVE"],"sinkKafkaTopics":["bar_15m_live"],"id":"CTAS_BAR_15M_LIVE_109","statusCount":{"RUNNING":1},"queryType":"PERSISTENT","state":"RUNNING"},{"queryString":"CREATE TABLE BAR_1S_FINAL WITH (CLEANUP_POLICY='compact,delete', KAFKA_TOPIC='bar_1s_final', KEY_FORMAT='AVRO', PARTITIONS=1, REPLICAS=1, RETENTION_MS=604800000, VALUE_FORMAT='AVRO') AS SELECT\n  O.BROKER BROKER,\n  O.SYMBOL SYMBOL,\n  WINDOWSTART BUCKETSTART,\n  EARLIEST_BY_OFFSET(O.BID) OPEN,\n  MAX(O.BID) HIGH,\n  MIN(O.BID) LOW,\n  LATEST_BY_OFFSET(O.BID) KSQLTIMEFRAMECLOSE\nFROM DEDUPRATES O\nWINDOW TUMBLING ( SIZE 1 SECONDS ) \nGROUP BY O.BROKER, O.SYMBOL\nEMIT FINAL;","sinks":["BAR_1S_FINAL"],"sinkKafkaTopics":["bar_1s_final"],"id":"CTAS_BAR_1S_FINAL_97","statusCount":{"RUNNING":1},"queryType":"PERSISTENT","state":"RUNNING"},{"queryString":"CREATE TABLE BAR_60M_LIVE WITH (CLEANUP_POLICY='compact,delete', KAFKA_TOPIC='bar_60m_live', KEY_FORMAT='AVRO', PARTITIONS=1, REPLICAS=1, RETENTION_MS=604800000, VALUE_FORMAT='AVRO') AS SELECT\n  O.BROKER BROKER,\n  O.SYMBOL SYMBOL,\n  WINDOWSTART BUCKETSTART,\n  EARLIEST_BY_OFFSET(O.OPEN) OPEN,\n  MAX(O.HIGH) HIGH,\n  MIN(O.LOW) LOW,\n  LATEST_BY_OFFSET(O.KSQLTIMEFRAMECLOSE) KSQLTIMEFRAMECLOSE\nFROM BAR_1S_FINAL_S O\nWINDOW TUMBLING ( SIZE 60 MINUTES , GRACE PERIOD 5 SECONDS ) \nGROUP BY O.BROKER, O.SYMBOL\nEMIT CHANGES;","sinks":["BAR_60M_LIVE"],"sinkKafkaTopics":["bar_60m_live"],"id":"CTAS_BAR_60M_LIVE_111","statusCount":{"RUNNING":1},"queryType":"PERSISTENT","state":"RUNNING"},{"queryString":"CREATE TABLE BAR_TBIMP_1M_LIVE WITH (CLEANUP_POLICY='compact,delete', KAFKA_TOPIC='bar_tbimp_1m_live', KEY_FORMAT='AVRO', PARTITIONS=1, REPLICAS=1, RETENTION_MS=604800000, VALUE_FORMAT='AVRO') AS SELECT\n  O.BROKER BROKER,\n  O.SYMBOL SYMBOL,\n  WINDOWSTART BUCKETSTART,\n  EARLIEST_BY_OFFSET(O.OPEN) OPEN,\n  MAX(O.HIGH) HIGH,\n  MIN(O.LOW) LOW,\n  LATEST_BY_OFFSET(O.CLOSE) CLOSE\nFROM BAR_TBIMP_1S_FINAL_S O\nWINDOW TUMBLING ( SIZE 1 MINUTES , GRACE PERIOD 2 SECONDS ) \nGROUP BY O.BROKER, O.SYMBOL\nEMIT CHANGES;","sinks":["BAR_TBIMP_1M_LIVE"],"sinkKafkaTopics":["bar_tbimp_1m_live"],"id":"CTAS_BAR_TBIMP_1M_LIVE_89","statusCount":{"RUNNING":1},"queryType":"PERSISTENT","state":"RUNNING"},{"queryString":"CREATE TABLE BAR_5M_LIVE WITH (CLEANUP_POLICY='compact,delete', KAFKA_TOPIC='bar_5m_live', KEY_FORMAT='AVRO', PARTITIONS=1, REPLICAS=1, RETENTION_MS=604800000, VALUE_FORMAT='AVRO') AS SELECT\n  O.BROKER BROKER,\n  O.SYMBOL SYMBOL,\n  WINDOWSTART BUCKETSTART,\n  EARLIEST_BY_OFFSET(O.OPEN) OPEN,\n  MAX(O.HIGH) HIGH,\n  MIN(O.LOW) LOW,\n  LATEST_BY_OFFSET(O.KSQLTIMEFRAMECLOSE) KSQLTIMEFRAMECLOSE\nFROM BAR_1S_FINAL_S O\nWINDOW TUMBLING ( SIZE 5 MINUTES , GRACE PERIOD 3 SECONDS ) \nGROUP BY O.BROKER, O.SYMBOL\nEMIT CHANGES;","sinks":["BAR_5M_LIVE"],"sinkKafkaTopics":["bar_5m_live"],"id":"CTAS_BAR_5M_LIVE_103","statusCount":{"RUNNING":1},"queryType":"PERSISTENT","state":"RUNNING"},{"queryString":"CREATE TABLE BAR_TBIMP_5M_LIVE WITH (CLEANUP_POLICY='compact,delete', KAFKA_TOPIC='bar_tbimp_5m_live', KEY_FORMAT='AVRO', PARTITIONS=1, REPLICAS=1, RETENTION_MS=604800000, VALUE_FORMAT='AVRO') AS SELECT\n  O.BROKER BROKER,\n  O.SYMBOL SYMBOL,\n  WINDOWSTART BUCKETSTART,\n  EARLIEST_BY_OFFSET(O.OPEN) OPEN,\n  MAX(O.HIGH) HIGH,\n  MIN(O.LOW) LOW,\n  LATEST_BY_OFFSET(O.CLOSE) CLOSE\nFROM BAR_TBIMP_1S_FINAL_S O\nWINDOW TUMBLING ( SIZE 5 MINUTES , GRACE PERIOD 3 SECONDS ) \nGROUP BY O.BROKER, O.SYMBOL\nEMIT CHANGES;","sinks":["BAR_TBIMP_5M_LIVE"],"sinkKafkaTopics":["bar_tbimp_5m_live"],"id":"CTAS_BAR_TBIMP_5M_LIVE_91","statusCount":{"RUNNING":1},"queryType":"PERSISTENT","state":"RUNNING"},{"queryString":"CREATE TABLE BAR_1M_LIVE WITH (CLEANUP_POLICY='compact,delete', KAFKA_TOPIC='bar_1m_live', KEY_FORMAT='AVRO', PARTITIONS=1, REPLICAS=1, RETENTION_MS=604800000, VALUE_FORMAT='AVRO') AS SELECT\n  O.BROKER BROKER,\n  O.SYMBOL SYMBOL,\n  WINDOWSTART BUCKETSTART,\n  EARLIEST_BY_OFFSET(O.OPEN) OPEN,\n  MAX(O.HIGH) HIGH,\n  MIN(O.LOW) LOW,\n  LATEST_BY_OFFSET(O.KSQLTIMEFRAMECLOSE) KSQLTIMEFRAMECLOSE\nFROM BAR_1S_FINAL_S O\nWINDOW TUMBLING ( SIZE 1 MINUTES , GRACE PERIOD 2 SECONDS ) \nGROUP BY O.BROKER, O.SYMBOL\nEMIT CHANGES;","sinks":["BAR_1M_LIVE"],"sinkKafkaTopics":["bar_1m_live"],"id":"CTAS_BAR_1M_LIVE_101","statusCount":{"RUNNING":1},"queryType":"PERSISTENT","state":"RUNNING"},{"queryString":"CREATE TABLE BAR_TBIMP_1S_FINAL WITH (CLEANUP_POLICY='compact,delete', KAFKA_TOPIC='bar_tbimp_1s_final', KEY_FORMAT='AVRO', PARTITIONS=1, REPLICAS=1, RETENTION_MS=604800000, VALUE_FORMAT='AVRO') AS SELECT\n  O.BROKER BROKER,\n  O.SYMBOL SYMBOL,\n  WINDOWSTART BUCKETSTART,\n  EARLIEST_BY_OFFSET(O.BID) OPEN,\n  MAX(O.BID) HIGH,\n  MIN(O.BID) LOW,\n  LATEST_BY_OFFSET(O.BID) CLOSE\nFROM TICKS_TBIMP O\nWINDOW TUMBLING ( SIZE 1 SECONDS ) \nGROUP BY O.BROKER, O.SYMBOL\nEMIT FINAL;","sinks":["BAR_TBIMP_1S_FINAL"],"sinkKafkaTopics":["bar_tbimp_1s_final"],"id":"CTAS_BAR_TBIMP_1S_FINAL_85","statusCount":{"RUNNING":1},"queryType":"PERSISTENT","state":"RUNNING"}],"warnings":[]}]&#xD;
warn: Kafka.Ksql.Linq.KsqlContext[0]&#xD;
      SHOW QUERIES attempt 1 did not contain a matching query for bar_5m_live&#xD;
info: Kafka.Ksql.Linq.KsqlContext[0]&#xD;
      ksql execute: EXECUTE SQL=SHOW QUERIES;&#xD;
info: Kafka.Ksql.Linq.KsqlContext[0]&#xD;
      SHOW QUERIES output (attempt 2): [{"@type":"queries","statementText":"SHOW QUERIES;","queries":[{"queryString":"CREATE TABLE BAR_15M_LIVE WITH (CLEANUP_POLICY='compact,delete', KAFKA_TOPIC='bar_15m_live', KEY_FORMAT='AVRO', PARTITIONS=1, REPLICAS=1, RETENTION_MS=604800000, VALUE_FORMAT='AVRO') AS SELECT\n  O.BROKER BROKER,\n  O.SYMBOL SYMBOL,\n  WINDOWSTART BUCKETSTART,\n  EARLIEST_BY_OFFSET(O.OPEN) OPEN,\n  MAX(O.HIGH) HIGH,\n  MIN(O.LOW) LOW,\n  LATEST_BY_OFFSET(O.KSQLTIMEFRAMECLOSE) KSQLTIMEFRAMECLOSE\nFROM BAR_1S_FINAL_S O\nWINDOW TUMBLING ( SIZE 15 MINUTES , GRACE PERIOD 4 SECONDS ) \nGROUP BY O.BROKER, O.SYMBOL\nEMIT CHANGES;","sinks":["BAR_15M_LIVE"],"sinkKafkaTopics":["bar_15m_live"],"id":"CTAS_BAR_15M_LIVE_109","statusCount":{"RUNNING":1},"queryType":"PERSISTENT","state":"RUNNING"},{"queryString":"CREATE TABLE BAR_1S_FINAL WITH (CLEANUP_POLICY='compact,delete', KAFKA_TOPIC='bar_1s_final', KEY_FORMAT='AVRO', PARTITIONS=1, REPLICAS=1, RETENTION_MS=604800000, VALUE_FORMAT='AVRO') AS SELECT\n  O.BROKER BROKER,\n  O.SYMBOL SYMBOL,\n  WINDOWSTART BUCKETSTART,\n  EARLIEST_BY_OFFSET(O.BID) OPEN,\n  MAX(O.BID) HIGH,\n  MIN(O.BID) LOW,\n  LATEST_BY_OFFSET(O.BID) KSQLTIMEFRAMECLOSE\nFROM DEDUPRATES O\nWINDOW TUMBLING ( SIZE 1 SECONDS ) \nGROUP BY O.BROKER, O.SYMBOL\nEMIT FINAL;","sinks":["BAR_1S_FINAL"],"sinkKafkaTopics":["bar_1s_final"],"id":"CTAS_BAR_1S_FINAL_97","statusCount":{"RUNNING":1},"queryType":"PERSISTENT","state":"RUNNING"},{"queryString":"CREATE TABLE BAR_60M_LIVE WITH (CLEANUP_POLICY='compact,delete', KAFKA_TOPIC='bar_60m_live', KEY_FORMAT='AVRO', PARTITIONS=1, REPLICAS=1, RETENTION_MS=604800000, VALUE_FORMAT='AVRO') AS SELECT\n  O.BROKER BROKER,\n  O.SYMBOL SYMBOL,\n  WINDOWSTART BUCKETSTART,\n  EARLIEST_BY_OFFSET(O.OPEN) OPEN,\n  MAX(O.HIGH) HIGH,\n  MIN(O.LOW) LOW,\n  LATEST_BY_OFFSET(O.KSQLTIMEFRAMECLOSE) KSQLTIMEFRAMECLOSE\nFROM BAR_1S_FINAL_S O\nWINDOW TUMBLING ( SIZE 60 MINUTES , GRACE PERIOD 5 SECONDS ) \nGROUP BY O.BROKER, O.SYMBOL\nEMIT CHANGES;","sinks":["BAR_60M_LIVE"],"sinkKafkaTopics":["bar_60m_live"],"id":"CTAS_BAR_60M_LIVE_111","statusCount":{"RUNNING":1},"queryType":"PERSISTENT","state":"RUNNING"},{"queryString":"CREATE TABLE BAR_TBIMP_1M_LIVE WITH (CLEANUP_POLICY='compact,delete', KAFKA_TOPIC='bar_tbimp_1m_live', KEY_FORMAT='AVRO', PARTITIONS=1, REPLICAS=1, RETENTION_MS=604800000, VALUE_FORMAT='AVRO') AS SELECT\n  O.BROKER BROKER,\n  O.SYMBOL SYMBOL,\n  WINDOWSTART BUCKETSTART,\n  EARLIEST_BY_OFFSET(O.OPEN) OPEN,\n  MAX(O.HIGH) HIGH,\n  MIN(O.LOW) LOW,\n  LATEST_BY_OFFSET(O.CLOSE) CLOSE\nFROM BAR_TBIMP_1S_FINAL_S O\nWINDOW TUMBLING ( SIZE 1 MINUTES , GRACE PERIOD 2 SECONDS ) \nGROUP BY O.BROKER, O.SYMBOL\nEMIT CHANGES;","sinks":["BAR_TBIMP_1M_LIVE"],"sinkKafkaTopics":["bar_tbimp_1m_live"],"id":"CTAS_BAR_TBIMP_1M_LIVE_89","statusCount":{"RUNNING":1},"queryType":"PERSISTENT","state":"RUNNING"},{"queryString":"CREATE TABLE BAR_5M_LIVE WITH (CLEANUP_POLICY='compact,delete', KAFKA_TOPIC='bar_5m_live', KEY_FORMAT='AVRO', PARTITIONS=1, REPLICAS=1, RETENTION_MS=604800000, VALUE_FORMAT='AVRO') AS SELECT\n  O.BROKER BROKER,\n  O.SYMBOL SYMBOL,\n  WINDOWSTART BUCKETSTART,\n  EARLIEST_BY_OFFSET(O.OPEN) OPEN,\n  MAX(O.HIGH) HIGH,\n  MIN(O.LOW) LOW,\n  LATEST_BY_OFFSET(O.KSQLTIMEFRAMECLOSE) KSQLTIMEFRAMECLOSE\nFROM BAR_1S_FINAL_S O\nWINDOW TUMBLING ( SIZE 5 MINUTES , GRACE PERIOD 3 SECONDS ) \nGROUP BY O.BROKER, O.SYMBOL\nEMIT CHANGES;","sinks":["BAR_5M_LIVE"],"sinkKafkaTopics":["bar_5m_live"],"id":"CTAS_BAR_5M_LIVE_103","statusCount":{"RUNNING":1},"queryType":"PERSISTENT","state":"RUNNING"},{"queryString":"CREATE TABLE BAR_TBIMP_5M_LIVE WITH (CLEANUP_POLICY='compact,delete', KAFKA_TOPIC='bar_tbimp_5m_live', KEY_FORMAT='AVRO', PARTITIONS=1, REPLICAS=1, RETENTION_MS=604800000, VALUE_FORMAT='AVRO') AS SELECT\n  O.BROKER BROKER,\n  O.SYMBOL SYMBOL,\n  WINDOWSTART BUCKETSTART,\n  EARLIEST_BY_OFFSET(O.OPEN) OPEN,\n  MAX(O.HIGH) HIGH,\n  MIN(O.LOW) LOW,\n  LATEST_BY_OFFSET(O.CLOSE) CLOSE\nFROM BAR_TBIMP_1S_FINAL_S O\nWINDOW TUMBLING ( SIZE 5 MINUTES , GRACE PERIOD 3 SECONDS ) \nGROUP BY O.BROKER, O.SYMBOL\nEMIT CHANGES;","sinks":["BAR_TBIMP_5M_LIVE"],"sinkKafkaTopics":["bar_tbimp_5m_live"],"id":"CTAS_BAR_TBIMP_5M_LIVE_91","statusCount":{"RUNNING":1},"queryType":"PERSISTENT","state":"RUNNING"},{"queryString":"CREATE TABLE BAR_1M_LIVE WITH (CLEANUP_POLICY='compact,delete', KAFKA_TOPIC='bar_1m_live', KEY_FORMAT='AVRO', PARTITIONS=1, REPLICAS=1, RETENTION_MS=604800000, VALUE_FORMAT='AVRO') AS SELECT\n  O.BROKER BROKER,\n  O.SYMBOL SYMBOL,\n  WINDOWSTART BUCKETSTART,\n  EARLIEST_BY_OFFSET(O.OPEN) OPEN,\n  MAX(O.HIGH) HIGH,\n  MIN(O.LOW) LOW,\n  LATEST_BY_OFFSET(O.KSQLTIMEFRAMECLOSE) KSQLTIMEFRAMECLOSE\nFROM BAR_1S_FINAL_S O\nWINDOW TUMBLING ( SIZE 1 MINUTES , GRACE PERIOD 2 SECONDS ) \nGROUP BY O.BROKER, O.SYMBOL\nEMIT CHANGES;","sinks":["BAR_1M_LIVE"],"sinkKafkaTopics":["bar_1m_live"],"id":"CTAS_BAR_1M_LIVE_101","statusCount":{"RUNNING":1},"queryType":"PERSISTENT","state":"RUNNING"},{"queryString":"CREATE TABLE BAR_TBIMP_1S_FINAL WITH (CLEANUP_POLICY='compact,delete', KAFKA_TOPIC='bar_tbimp_1s_final', KEY_FORMAT='AVRO', PARTITIONS=1, REPLICAS=1, RETENTION_MS=604800000, VALUE_FORMAT='AVRO') AS SELECT\n  O.BROKER BROKER,\n  O.SYMBOL SYMBOL,\n  WINDOWSTART BUCKETSTART,\n  EARLIEST_BY_OFFSET(O.BID) OPEN,\n  MAX(O.BID) HIGH,\n  MIN(O.BID) LOW,\n  LATEST_BY_OFFSET(O.BID) CLOSE\nFROM TICKS_TBIMP O\nWINDOW TUMBLING ( SIZE 1 SECONDS ) \nGROUP BY O.BROKER, O.SYMBOL\nEMIT FINAL;","sinks":["BAR_TBIMP_1S_FINAL"],"sinkKafkaTopics":["bar_tbimp_1s_final"],"id":"CTAS_BAR_TBIMP_1S_FINAL_85","statusCount":{"RUNNING":1},"queryType":"PERSISTENT","state":"RUNNING"}],"warnings":[]}]&#xD;
warn: Kafka.Ksql.Linq.KsqlContext[0]&#xD;
      SHOW QUERIES attempt 2 did not contain a matching query for bar_5m_live&#xD;
info: Kafka.Ksql.Linq.KsqlContext[0]&#xD;
      ksql execute: EXECUTE SQL=SHOW QUERIES;&#xD;
info: Kafka.Ksql.Linq.KsqlContext[0]&#xD;
      SHOW QUERIES output (attempt 3): [{"@type":"queries","statementText":"SHOW QUERIES;","queries":[{"queryString":"CREATE TABLE BAR_15M_LIVE WITH (CLEANUP_POLICY='compact,delete', KAFKA_TOPIC='bar_15m_live', KEY_FORMAT='AVRO', PARTITIONS=1, REPLICAS=1, RETENTION_MS=604800000, VALUE_FORMAT='AVRO') AS SELECT\n  O.BROKER BROKER,\n  O.SYMBOL SYMBOL,\n  WINDOWSTART BUCKETSTART,\n  EARLIEST_BY_OFFSET(O.OPEN) OPEN,\n  MAX(O.HIGH) HIGH,\n  MIN(O.LOW) LOW,\n  LATEST_BY_OFFSET(O.KSQLTIMEFRAMECLOSE) KSQLTIMEFRAMECLOSE\nFROM BAR_1S_FINAL_S O\nWINDOW TUMBLING ( SIZE 15 MINUTES , GRACE PERIOD 4 SECONDS ) \nGROUP BY O.BROKER, O.SYMBOL\nEMIT CHANGES;","sinks":["BAR_15M_LIVE"],"sinkKafkaTopics":["bar_15m_live"],"id":"CTAS_BAR_15M_LIVE_109","statusCount":{"RUNNING":1},"queryType":"PERSISTENT","state":"RUNNING"},{"queryString":"CREATE TABLE BAR_1S_FINAL WITH (CLEANUP_POLICY='compact,delete', KAFKA_TOPIC='bar_1s_final', KEY_FORMAT='AVRO', PARTITIONS=1, REPLICAS=1, RETENTION_MS=604800000, VALUE_FORMAT='AVRO') AS SELECT\n  O.BROKER BROKER,\n  O.SYMBOL SYMBOL,\n  WINDOWSTART BUCKETSTART,\n  EARLIEST_BY_OFFSET(O.BID) OPEN,\n  MAX(O.BID) HIGH,\n  MIN(O.BID) LOW,\n  LATEST_BY_OFFSET(O.BID) KSQLTIMEFRAMECLOSE\nFROM DEDUPRATES O\nWINDOW TUMBLING ( SIZE 1 SECONDS ) \nGROUP BY O.BROKER, O.SYMBOL\nEMIT FINAL;","sinks":["BAR_1S_FINAL"],"sinkKafkaTopics":["bar_1s_final"],"id":"CTAS_BAR_1S_FINAL_97","statusCount":{"RUNNING":1},"queryType":"PERSISTENT","state":"RUNNING"},{"queryString":"CREATE TABLE BAR_60M_LIVE WITH (CLEANUP_POLICY='compact,delete', KAFKA_TOPIC='bar_60m_live', KEY_FORMAT='AVRO', PARTITIONS=1, REPLICAS=1, RETENTION_MS=604800000, VALUE_FORMAT='AVRO') AS SELECT\n  O.BROKER BROKER,\n  O.SYMBOL SYMBOL,\n  WINDOWSTART BUCKETSTART,\n  EARLIEST_BY_OFFSET(O.OPEN) OPEN,\n  MAX(O.HIGH) HIGH,\n  MIN(O.LOW) LOW,\n  LATEST_BY_OFFSET(O.KSQLTIMEFRAMECLOSE) KSQLTIMEFRAMECLOSE\nFROM BAR_1S_FINAL_S O\nWINDOW TUMBLING ( SIZE 60 MINUTES , GRACE PERIOD 5 SECONDS ) \nGROUP BY O.BROKER, O.SYMBOL\nEMIT CHANGES;","sinks":["BAR_60M_LIVE"],"sinkKafkaTopics":["bar_60m_live"],"id":"CTAS_BAR_60M_LIVE_111","statusCount":{"RUNNING":1},"queryType":"PERSISTENT","state":"RUNNING"},{"queryString":"CREATE TABLE BAR_TBIMP_1M_LIVE WITH (CLEANUP_POLICY='compact,delete', KAFKA_TOPIC='bar_tbimp_1m_live', KEY_FORMAT='AVRO', PARTITIONS=1, REPLICAS=1, RETENTION_MS=604800000, VALUE_FORMAT='AVRO') AS SELECT\n  O.BROKER BROKER,\n  O.SYMBOL SYMBOL,\n  WINDOWSTART BUCKETSTART,\n  EARLIEST_BY_OFFSET(O.OPEN) OPEN,\n  MAX(O.HIGH) HIGH,\n  MIN(O.LOW) LOW,\n  LATEST_BY_OFFSET(O.CLOSE) CLOSE\nFROM BAR_TBIMP_1S_FINAL_S O\nWINDOW TUMBLING ( SIZE 1 MINUTES , GRACE PERIOD 2 SECONDS ) \nGROUP BY O.BROKER, O.SYMBOL\nEMIT CHANGES;","sinks":["BAR_TBIMP_1M_LIVE"],"sinkKafkaTopics":["bar_tbimp_1m_live"],"id":"CTAS_BAR_TBIMP_1M_LIVE_89","statusCount":{"RUNNING":1},"queryType":"PERSISTENT","state":"RUNNING"},{"queryString":"CREATE TABLE BAR_5M_LIVE WITH (CLEANUP_POLICY='compact,delete', KAFKA_TOPIC='bar_5m_live', KEY_FORMAT='AVRO', PARTITIONS=1, REPLICAS=1, RETENTION_MS=604800000, VALUE_FORMAT='AVRO') AS SELECT\n  O.BROKER BROKER,\n  O.SYMBOL SYMBOL,\n  WINDOWSTART BUCKETSTART,\n  EARLIEST_BY_OFFSET(O.OPEN) OPEN,\n  MAX(O.HIGH) HIGH,\n  MIN(O.LOW) LOW,\n  LATEST_BY_OFFSET(O.KSQLTIMEFRAMECLOSE) KSQLTIMEFRAMECLOSE\nFROM BAR_1S_FINAL_S O\nWINDOW TUMBLING ( SIZE 5 MINUTES , GRACE PERIOD 3 SECONDS ) \nGROUP BY O.BROKER, O.SYMBOL\nEMIT CHANGES;","sinks":["BAR_5M_LIVE"],"sinkKafkaTopics":["bar_5m_live"],"id":"CTAS_BAR_5M_LIVE_103","statusCount":{"RUNNING":1},"queryType":"PERSISTENT","state":"RUNNING"},{"queryString":"CREATE TABLE BAR_TBIMP_5M_LIVE WITH (CLEANUP_POLICY='compact,delete', KAFKA_TOPIC='bar_tbimp_5m_live', KEY_FORMAT='AVRO', PARTITIONS=1, REPLICAS=1, RETENTION_MS=604800000, VALUE_FORMAT='AVRO') AS SELECT\n  O.BROKER BROKER,\n  O.SYMBOL SYMBOL,\n  WINDOWSTART BUCKETSTART,\n  EARLIEST_BY_OFFSET(O.OPEN) OPEN,\n  MAX(O.HIGH) HIGH,\n  MIN(O.LOW) LOW,\n  LATEST_BY_OFFSET(O.CLOSE) CLOSE\nFROM BAR_TBIMP_1S_FINAL_S O\nWINDOW TUMBLING ( SIZE 5 MINUTES , GRACE PERIOD 3 SECONDS ) \nGROUP BY O.BROKER, O.SYMBOL\nEMIT CHANGES;","sinks":["BAR_TBIMP_5M_LIVE"],"sinkKafkaTopics":["bar_tbimp_5m_live"],"id":"CTAS_BAR_TBIMP_5M_LIVE_91","statusCount":{"RUNNING":1},"queryType":"PERSISTENT","state":"RUNNING"},{"queryString":"CREATE TABLE BAR_1M_LIVE WITH (CLEANUP_POLICY='compact,delete', KAFKA_TOPIC='bar_1m_live', KEY_FORMAT='AVRO', PARTITIONS=1, REPLICAS=1, RETENTION_MS=604800000, VALUE_FORMAT='AVRO') AS SELECT\n  O.BROKER BROKER,\n  O.SYMBOL SYMBOL,\n  WINDOWSTART BUCKETSTART,\n  EARLIEST_BY_OFFSET(O.OPEN) OPEN,\n  MAX(O.HIGH) HIGH,\n  MIN(O.LOW) LOW,\n  LATEST_BY_OFFSET(O.KSQLTIMEFRAMECLOSE) KSQLTIMEFRAMECLOSE\nFROM BAR_1S_FINAL_S O\nWINDOW TUMBLING ( SIZE 1 MINUTES , GRACE PERIOD 2 SECONDS ) \nGROUP BY O.BROKER, O.SYMBOL\nEMIT CHANGES;","sinks":["BAR_1M_LIVE"],"sinkKafkaTopics":["bar_1m_live"],"id":"CTAS_BAR_1M_LIVE_101","statusCount":{"RUNNING":1},"queryType":"PERSISTENT","state":"RUNNING"},{"queryString":"CREATE TABLE BAR_TBIMP_1S_FINAL WITH (CLEANUP_POLICY='compact,delete', KAFKA_TOPIC='bar_tbimp_1s_final', KEY_FORMAT='AVRO', PARTITIONS=1, REPLICAS=1, RETENTION_MS=604800000, VALUE_FORMAT='AVRO') AS SELECT\n  O.BROKER BROKER,\n  O.SYMBOL SYMBOL,\n  WINDOWSTART BUCKETSTART,\n  EARLIEST_BY_OFFSET(O.BID) OPEN,\n  MAX(O.BID) HIGH,\n  MIN(O.BID) LOW,\n  LATEST_BY_OFFSET(O.BID) CLOSE\nFROM TICKS_TBIMP O\nWINDOW TUMBLING ( SIZE 1 SECONDS ) \nGROUP BY O.BROKER, O.SYMBOL\nEMIT FINAL;","sinks":["BAR_TBIMP_1S_FINAL"],"sinkKafkaTopics":["bar_tbimp_1s_final"],"id":"CTAS_BAR_TBIMP_1S_FINAL_85","statusCount":{"RUNNING":1},"queryType":"PERSISTENT","state":"RUNNING"}],"warnings":[]}]&#xD;
warn: Kafka.Ksql.Linq.KsqlContext[0]&#xD;
      SHOW QUERIES attempt 3 did not contain a matching query for bar_5m_live&#xD;
info: Kafka.Ksql.Linq.KsqlContext[0]&#xD;
      ksql execute: EXECUTE SQL=SHOW QUERIES;&#xD;
info: Kafka.Ksql.Linq.KsqlContext[0]&#xD;
      SHOW QUERIES output (attempt 4): [{"@type":"queries","statementText":"SHOW QUERIES;","queries":[{"queryString":"CREATE TABLE BAR_15M_LIVE WITH (CLEANUP_POLICY='compact,delete', KAFKA_TOPIC='bar_15m_live', KEY_FORMAT='AVRO', PARTITIONS=1, REPLICAS=1, RETENTION_MS=604800000, VALUE_FORMAT='AVRO') AS SELECT\n  O.BROKER BROKER,\n  O.SYMBOL SYMBOL,\n  WINDOWSTART BUCKETSTART,\n  EARLIEST_BY_OFFSET(O.OPEN) OPEN,\n  MAX(O.HIGH) HIGH,\n  MIN(O.LOW) LOW,\n  LATEST_BY_OFFSET(O.KSQLTIMEFRAMECLOSE) KSQLTIMEFRAMECLOSE\nFROM BAR_1S_FINAL_S O\nWINDOW TUMBLING ( SIZE 15 MINUTES , GRACE PERIOD 4 SECONDS ) \nGROUP BY O.BROKER, O.SYMBOL\nEMIT CHANGES;","sinks":["BAR_15M_LIVE"],"sinkKafkaTopics":["bar_15m_live"],"id":"CTAS_BAR_15M_LIVE_109","statusCount":{"RUNNING":1},"queryType":"PERSISTENT","state":"RUNNING"},{"queryString":"CREATE TABLE BAR_1S_FINAL WITH (CLEANUP_POLICY='compact,delete', KAFKA_TOPIC='bar_1s_final', KEY_FORMAT='AVRO', PARTITIONS=1, REPLICAS=1, RETENTION_MS=604800000, VALUE_FORMAT='AVRO') AS SELECT\n  O.BROKER BROKER,\n  O.SYMBOL SYMBOL,\n  WINDOWSTART BUCKETSTART,\n  EARLIEST_BY_OFFSET(O.BID) OPEN,\n  MAX(O.BID) HIGH,\n  MIN(O.BID) LOW,\n  LATEST_BY_OFFSET(O.BID) KSQLTIMEFRAMECLOSE\nFROM DEDUPRATES O\nWINDOW TUMBLING ( SIZE 1 SECONDS ) \nGROUP BY O.BROKER, O.SYMBOL\nEMIT FINAL;","sinks":["BAR_1S_FINAL"],"sinkKafkaTopics":["bar_1s_final"],"id":"CTAS_BAR_1S_FINAL_97","statusCount":{"RUNNING":1},"queryType":"PERSISTENT","state":"RUNNING"},{"queryString":"CREATE TABLE BAR_60M_LIVE WITH (CLEANUP_POLICY='compact,delete', KAFKA_TOPIC='bar_60m_live', KEY_FORMAT='AVRO', PARTITIONS=1, REPLICAS=1, RETENTION_MS=604800000, VALUE_FORMAT='AVRO') AS SELECT\n  O.BROKER BROKER,\n  O.SYMBOL SYMBOL,\n  WINDOWSTART BUCKETSTART,\n  EARLIEST_BY_OFFSET(O.OPEN) OPEN,\n  MAX(O.HIGH) HIGH,\n  MIN(O.LOW) LOW,\n  LATEST_BY_OFFSET(O.KSQLTIMEFRAMECLOSE) KSQLTIMEFRAMECLOSE\nFROM BAR_1S_FINAL_S O\nWINDOW TUMBLING ( SIZE 60 MINUTES , GRACE PERIOD 5 SECONDS ) \nGROUP BY O.BROKER, O.SYMBOL\nEMIT CHANGES;","sinks":["BAR_60M_LIVE"],"sinkKafkaTopics":["bar_60m_live"],"id":"CTAS_BAR_60M_LIVE_111","statusCount":{"RUNNING":1},"queryType":"PERSISTENT","state":"RUNNING"},{"queryString":"CREATE TABLE BAR_TBIMP_1M_LIVE WITH (CLEANUP_POLICY='compact,delete', KAFKA_TOPIC='bar_tbimp_1m_live', KEY_FORMAT='AVRO', PARTITIONS=1, REPLICAS=1, RETENTION_MS=604800000, VALUE_FORMAT='AVRO') AS SELECT\n  O.BROKER BROKER,\n  O.SYMBOL SYMBOL,\n  WINDOWSTART BUCKETSTART,\n  EARLIEST_BY_OFFSET(O.OPEN) OPEN,\n  MAX(O.HIGH) HIGH,\n  MIN(O.LOW) LOW,\n  LATEST_BY_OFFSET(O.CLOSE) CLOSE\nFROM BAR_TBIMP_1S_FINAL_S O\nWINDOW TUMBLING ( SIZE 1 MINUTES , GRACE PERIOD 2 SECONDS ) \nGROUP BY O.BROKER, O.SYMBOL\nEMIT CHANGES;","sinks":["BAR_TBIMP_1M_LIVE"],"sinkKafkaTopics":["bar_tbimp_1m_live"],"id":"CTAS_BAR_TBIMP_1M_LIVE_89","statusCount":{"RUNNING":1},"queryType":"PERSISTENT","state":"RUNNING"},{"queryString":"CREATE TABLE BAR_5M_LIVE WITH (CLEANUP_POLICY='compact,delete', KAFKA_TOPIC='bar_5m_live', KEY_FORMAT='AVRO', PARTITIONS=1, REPLICAS=1, RETENTION_MS=604800000, VALUE_FORMAT='AVRO') AS SELECT\n  O.BROKER BROKER,\n  O.SYMBOL SYMBOL,\n  WINDOWSTART BUCKETSTART,\n  EARLIEST_BY_OFFSET(O.OPEN) OPEN,\n  MAX(O.HIGH) HIGH,\n  MIN(O.LOW) LOW,\n  LATEST_BY_OFFSET(O.KSQLTIMEFRAMECLOSE) KSQLTIMEFRAMECLOSE\nFROM BAR_1S_FINAL_S O\nWINDOW TUMBLING ( SIZE 5 MINUTES , GRACE PERIOD 3 SECONDS ) \nGROUP BY O.BROKER, O.SYMBOL\nEMIT CHANGES;","sinks":["BAR_5M_LIVE"],"sinkKafkaTopics":["bar_5m_live"],"id":"CTAS_BAR_5M_LIVE_103","statusCount":{"RUNNING":1},"queryType":"PERSISTENT","state":"RUNNING"},{"queryString":"CREATE TABLE BAR_TBIMP_5M_LIVE WITH (CLEANUP_POLICY='compact,delete', KAFKA_TOPIC='bar_tbimp_5m_live', KEY_FORMAT='AVRO', PARTITIONS=1, REPLICAS=1, RETENTION_MS=604800000, VALUE_FORMAT='AVRO') AS SELECT\n  O.BROKER BROKER,\n  O.SYMBOL SYMBOL,\n  WINDOWSTART BUCKETSTART,\n  EARLIEST_BY_OFFSET(O.OPEN) OPEN,\n  MAX(O.HIGH) HIGH,\n  MIN(O.LOW) LOW,\n  LATEST_BY_OFFSET(O.CLOSE) CLOSE\nFROM BAR_TBIMP_1S_FINAL_S O\nWINDOW TUMBLING ( SIZE 5 MINUTES , GRACE PERIOD 3 SECONDS ) \nGROUP BY O.BROKER, O.SYMBOL\nEMIT CHANGES;","sinks":["BAR_TBIMP_5M_LIVE"],"sinkKafkaTopics":["bar_tbimp_5m_live"],"id":"CTAS_BAR_TBIMP_5M_LIVE_91","statusCount":{"RUNNING":1},"queryType":"PERSISTENT","state":"RUNNING"},{"queryString":"CREATE TABLE BAR_1M_LIVE WITH (CLEANUP_POLICY='compact,delete', KAFKA_TOPIC='bar_1m_live', KEY_FORMAT='AVRO', PARTITIONS=1, REPLICAS=1, RETENTION_MS=604800000, VALUE_FORMAT='AVRO') AS SELECT\n  O.BROKER BROKER,\n  O.SYMBOL SYMBOL,\n  WINDOWSTART BUCKETSTART,\n  EARLIEST_BY_OFFSET(O.OPEN) OPEN,\n  MAX(O.HIGH) HIGH,\n  MIN(O.LOW) LOW,\n  LATEST_BY_OFFSET(O.KSQLTIMEFRAMECLOSE) KSQLTIMEFRAMECLOSE\nFROM BAR_1S_FINAL_S O\nWINDOW TUMBLING ( SIZE 1 MINUTES , GRACE PERIOD 2 SECONDS ) \nGROUP BY O.BROKER, O.SYMBOL\nEMIT CHANGES;","sinks":["BAR_1M_LIVE"],"sinkKafkaTopics":["bar_1m_live"],"id":"CTAS_BAR_1M_LIVE_101","statusCount":{"RUNNING":1},"queryType":"PERSISTENT","state":"RUNNING"},{"queryString":"CREATE TABLE BAR_TBIMP_1S_FINAL WITH (CLEANUP_POLICY='compact,delete', KAFKA_TOPIC='bar_tbimp_1s_final', KEY_FORMAT='AVRO', PARTITIONS=1, REPLICAS=1, RETENTION_MS=604800000, VALUE_FORMAT='AVRO') AS SELECT\n  O.BROKER BROKER,\n  O.SYMBOL SYMBOL,\n  WINDOWSTART BUCKETSTART,\n  EARLIEST_BY_OFFSET(O.BID) OPEN,\n  MAX(O.BID) HIGH,\n  MIN(O.BID) LOW,\n  LATEST_BY_OFFSET(O.BID) CLOSE\nFROM TICKS_TBIMP O\nWINDOW TUMBLING ( SIZE 1 SECONDS ) \nGROUP BY O.BROKER, O.SYMBOL\nEMIT FINAL;","sinks":["BAR_TBIMP_1S_FINAL"],"sinkKafkaTopics":["bar_tbimp_1s_final"],"id":"CTAS_BAR_TBIMP_1S_FINAL_85","statusCount":{"RUNNING":1},"queryType":"PERSISTENT","state":"RUNNING"}],"warnings":[]}]&#xD;
warn: Kafka.Ksql.Linq.KsqlContext[0]&#xD;
      SHOW QUERIES attempt 4 did not contain a matching query for bar_5m_live&#xD;
info: Kafka.Ksql.Linq.KsqlContext[0]&#xD;
      ksql execute: EXECUTE SQL=SHOW QUERIES;&#xD;
info: Kafka.Ksql.Linq.KsqlContext[0]&#xD;
      SHOW QUERIES output (attempt 5): [{"@type":"queries","statementText":"SHOW QUERIES;","queries":[{"queryString":"CREATE TABLE BAR_15M_LIVE WITH (CLEANUP_POLICY='compact,delete', KAFKA_TOPIC='bar_15m_live', KEY_FORMAT='AVRO', PARTITIONS=1, REPLICAS=1, RETENTION_MS=604800000, VALUE_FORMAT='AVRO') AS SELECT\n  O.BROKER BROKER,\n  O.SYMBOL SYMBOL,\n  WINDOWSTART BUCKETSTART,\n  EARLIEST_BY_OFFSET(O.OPEN) OPEN,\n  MAX(O.HIGH) HIGH,\n  MIN(O.LOW) LOW,\n  LATEST_BY_OFFSET(O.KSQLTIMEFRAMECLOSE) KSQLTIMEFRAMECLOSE\nFROM BAR_1S_FINAL_S O\nWINDOW TUMBLING ( SIZE 15 MINUTES , GRACE PERIOD 4 SECONDS ) \nGROUP BY O.BROKER, O.SYMBOL\nEMIT CHANGES;","sinks":["BAR_15M_LIVE"],"sinkKafkaTopics":["bar_15m_live"],"id":"CTAS_BAR_15M_LIVE_109","statusCount":{"RUNNING":1},"queryType":"PERSISTENT","state":"RUNNING"},{"queryString":"CREATE TABLE BAR_1S_FINAL WITH (CLEANUP_POLICY='compact,delete', KAFKA_TOPIC='bar_1s_final', KEY_FORMAT='AVRO', PARTITIONS=1, REPLICAS=1, RETENTION_MS=604800000, VALUE_FORMAT='AVRO') AS SELECT\n  O.BROKER BROKER,\n  O.SYMBOL SYMBOL,\n  WINDOWSTART BUCKETSTART,\n  EARLIEST_BY_OFFSET(O.BID) OPEN,\n  MAX(O.BID) HIGH,\n  MIN(O.BID) LOW,\n  LATEST_BY_OFFSET(O.BID) KSQLTIMEFRAMECLOSE\nFROM DEDUPRATES O\nWINDOW TUMBLING ( SIZE 1 SECONDS ) \nGROUP BY O.BROKER, O.SYMBOL\nEMIT FINAL;","sinks":["BAR_1S_FINAL"],"sinkKafkaTopics":["bar_1s_final"],"id":"CTAS_BAR_1S_FINAL_97","statusCount":{"RUNNING":1},"queryType":"PERSISTENT","state":"RUNNING"},{"queryString":"CREATE TABLE BAR_60M_LIVE WITH (CLEANUP_POLICY='compact,delete', KAFKA_TOPIC='bar_60m_live', KEY_FORMAT='AVRO', PARTITIONS=1, REPLICAS=1, RETENTION_MS=604800000, VALUE_FORMAT='AVRO') AS SELECT\n  O.BROKER BROKER,\n  O.SYMBOL SYMBOL,\n  WINDOWSTART BUCKETSTART,\n  EARLIEST_BY_OFFSET(O.OPEN) OPEN,\n  MAX(O.HIGH) HIGH,\n  MIN(O.LOW) LOW,\n  LATEST_BY_OFFSET(O.KSQLTIMEFRAMECLOSE) KSQLTIMEFRAMECLOSE\nFROM BAR_1S_FINAL_S O\nWINDOW TUMBLING ( SIZE 60 MINUTES , GRACE PERIOD 5 SECONDS ) \nGROUP BY O.BROKER, O.SYMBOL\nEMIT CHANGES;","sinks":["BAR_60M_LIVE"],"sinkKafkaTopics":["bar_60m_live"],"id":"CTAS_BAR_60M_LIVE_111","statusCount":{"RUNNING":1},"queryType":"PERSISTENT","state":"RUNNING"},{"queryString":"CREATE TABLE BAR_TBIMP_1M_LIVE WITH (CLEANUP_POLICY='compact,delete', KAFKA_TOPIC='bar_tbimp_1m_live', KEY_FORMAT='AVRO', PARTITIONS=1, REPLICAS=1, RETENTION_MS=604800000, VALUE_FORMAT='AVRO') AS SELECT\n  O.BROKER BROKER,\n  O.SYMBOL SYMBOL,\n  WINDOWSTART BUCKETSTART,\n  EARLIEST_BY_OFFSET(O.OPEN) OPEN,\n  MAX(O.HIGH) HIGH,\n  MIN(O.LOW) LOW,\n  LATEST_BY_OFFSET(O.CLOSE) CLOSE\nFROM BAR_TBIMP_1S_FINAL_S O\nWINDOW TUMBLING ( SIZE 1 MINUTES , GRACE PERIOD 2 SECONDS ) \nGROUP BY O.BROKER, O.SYMBOL\nEMIT CHANGES;","sinks":["BAR_TBIMP_1M_LIVE"],"sinkKafkaTopics":["bar_tbimp_1m_live"],"id":"CTAS_BAR_TBIMP_1M_LIVE_89","statusCount":{"RUNNING":1},"queryType":"PERSISTENT","state":"RUNNING"},{"queryString":"CREATE TABLE BAR_5M_LIVE WITH (CLEANUP_POLICY='compact,delete', KAFKA_TOPIC='bar_5m_live', KEY_FORMAT='AVRO', PARTITIONS=1, REPLICAS=1, RETENTION_MS=604800000, VALUE_FORMAT='AVRO') AS SELECT\n  O.BROKER BROKER,\n  O.SYMBOL SYMBOL,\n  WINDOWSTART BUCKETSTART,\n  EARLIEST_BY_OFFSET(O.OPEN) OPEN,\n  MAX(O.HIGH) HIGH,\n  MIN(O.LOW) LOW,\n  LATEST_BY_OFFSET(O.KSQLTIMEFRAMECLOSE) KSQLTIMEFRAMECLOSE\nFROM BAR_1S_FINAL_S O\nWINDOW TUMBLING ( SIZE 5 MINUTES , GRACE PERIOD 3 SECONDS ) \nGROUP BY O.BROKER, O.SYMBOL\nEMIT CHANGES;","sinks":["BAR_5M_LIVE"],"sinkKafkaTopics":["bar_5m_live"],"id":"CTAS_BAR_5M_LIVE_103","statusCount":{"RUNNING":1},"queryType":"PERSISTENT","state":"RUNNING"},{"queryString":"CREATE TABLE BAR_TBIMP_5M_LIVE WITH (CLEANUP_POLICY='compact,delete', KAFKA_TOPIC='bar_tbimp_5m_live', KEY_FORMAT='AVRO', PARTITIONS=1, REPLICAS=1, RETENTION_MS=604800000, VALUE_FORMAT='AVRO') AS SELECT\n  O.BROKER BROKER,\n  O.SYMBOL SYMBOL,\n  WINDOWSTART BUCKETSTART,\n  EARLIEST_BY_OFFSET(O.OPEN) OPEN,\n  MAX(O.HIGH) HIGH,\n  MIN(O.LOW) LOW,\n  LATEST_BY_OFFSET(O.CLOSE) CLOSE\nFROM BAR_TBIMP_1S_FINAL_S O\nWINDOW TUMBLING ( SIZE 5 MINUTES , GRACE PERIOD 3 SECONDS ) \nGROUP BY O.BROKER, O.SYMBOL\nEMIT CHANGES;","sinks":["BAR_TBIMP_5M_LIVE"],"sinkKafkaTopics":["bar_tbimp_5m_live"],"id":"CTAS_BAR_TBIMP_5M_LIVE_91","statusCount":{"RUNNING":1},"queryType":"PERSISTENT","state":"RUNNING"},{"queryString":"CREATE TABLE BAR_1M_LIVE WITH (CLEANUP_POLICY='compact,delete', KAFKA_TOPIC='bar_1m_live', KEY_FORMAT='AVRO', PARTITIONS=1, REPLICAS=1, RETENTION_MS=604800000, VALUE_FORMAT='AVRO') AS SELECT\n  O.BROKER BROKER,\n  O.SYMBOL SYMBOL,\n  WINDOWSTART BUCKETSTART,\n  EARLIEST_BY_OFFSET(O.OPEN) OPEN,\n  MAX(O.HIGH) HIGH,\n  MIN(O.LOW) LOW,\n  LATEST_BY_OFFSET(O.KSQLTIMEFRAMECLOSE) KSQLTIMEFRAMECLOSE\nFROM BAR_1S_FINAL_S O\nWINDOW TUMBLING ( SIZE 1 MINUTES , GRACE PERIOD 2 SECONDS ) \nGROUP BY O.BROKER, O.SYMBOL\nEMIT CHANGES;","sinks":["BAR_1M_LIVE"],"sinkKafkaTopics":["bar_1m_live"],"id":"CTAS_BAR_1M_LIVE_101","statusCount":{"RUNNING":1},"queryType":"PERSISTENT","state":"RUNNING"},{"queryString":"CREATE TABLE BAR_TBIMP_1S_FINAL WITH (CLEANUP_POLICY='compact,delete', KAFKA_TOPIC='bar_tbimp_1s_final', KEY_FORMAT='AVRO', PARTITIONS=1, REPLICAS=1, RETENTION_MS=604800000, VALUE_FORMAT='AVRO') AS SELECT\n  O.BROKER BROKER,\n  O.SYMBOL SYMBOL,\n  WINDOWSTART BUCKETSTART,\n  EARLIEST_BY_OFFSET(O.BID) OPEN,\n  MAX(O.BID) HIGH,\n  MIN(O.BID) LOW,\n  LATEST_BY_OFFSET(O.BID) CLOSE\nFROM TICKS_TBIMP O\nWINDOW TUMBLING ( SIZE 1 SECONDS ) \nGROUP BY O.BROKER, O.SYMBOL\nEMIT FINAL;","sinks":["BAR_TBIMP_1S_FINAL"],"sinkKafkaTopics":["bar_tbimp_1s_final"],"id":"CTAS_BAR_TBIMP_1S_FINAL_85","statusCount":{"RUNNING":1},"queryType":"PERSISTENT","state":"RUNNING"}],"warnings":[]}]&#xD;
warn: Kafka.Ksql.Linq.KsqlContext[0]&#xD;
      SHOW QUERIES attempt 5 did not contain a matching query for bar_5m_live&#xD;
warn: Kafka.Ksql.Linq.KsqlContext[0]&#xD;
      Unable to locate queryId for bar_5m_live after 5 attempts&#xD;
warn: Kafka.Ksql.Linq.KsqlContext[0]&#xD;
      Could not locate queryId via SHOW QUERIES for derived statement targeting bar_5m_live: CREATE TABLE bar_5m_live  WITH (KAFKA_TOPIC='bar_5m_live', KEY_FORMAT='AVRO', VALUE_FORMAT='AVRO') AS&#xD;
      SELECT BROKER AS Broker, SYMBOL AS Symbol, WINDOWSTART AS BucketStart, EARLIEST_BY_OFFSET(o.OPEN) AS Open, MAX(o.HIGH) AS High, MIN(o.LOW) AS Low, LATEST_BY_OFFSET(o.KSQLTIMEFRAMECLOSE) AS KsqlTimeFrameClose&#xD;
      FROM bar_1s_final_s o WINDOW TUMBLING (SIZE 5 MINUTES, GRACE PERIOD 3 SECONDS)&#xD;
      GROUP BY BROKER, SYMBOL&#xD;
      EMIT CHANGES;&#xD;
info: Kafka.Ksql.Linq.KsqlContext[0]&#xD;
      ksql execute: EXECUTE SQL=SHOW QUERIES;&#xD;
info: Kafka.Ksql.Linq.KsqlContext[0]&#xD;
      SHOW QUERIES output (attempt 1): [{"@type":"queries","statementText":"SHOW QUERIES;","queries":[{"queryString":"CREATE TABLE BAR_15M_LIVE WITH (CLEANUP_POLICY='compact,delete', KAFKA_TOPIC='bar_15m_live', KEY_FORMAT='AVRO', PARTITIONS=1, REPLICAS=1, RETENTION_MS=604800000, VALUE_FORMAT='AVRO') AS SELECT\n  O.BROKER BROKER,\n  O.SYMBOL SYMBOL,\n  WINDOWSTART BUCKETSTART,\n  EARLIEST_BY_OFFSET(O.OPEN) OPEN,\n  MAX(O.HIGH) HIGH,\n  MIN(O.LOW) LOW,\n  LATEST_BY_OFFSET(O.KSQLTIMEFRAMECLOSE) KSQLTIMEFRAMECLOSE\nFROM BAR_1S_FINAL_S O\nWINDOW TUMBLING ( SIZE 15 MINUTES , GRACE PERIOD 4 SECONDS ) \nGROUP BY O.BROKER, O.SYMBOL\nEMIT CHANGES;","sinks":["BAR_15M_LIVE"],"sinkKafkaTopics":["bar_15m_live"],"id":"CTAS_BAR_15M_LIVE_109","statusCount":{"RUNNING":1},"queryType":"PERSISTENT","state":"RUNNING"},{"queryString":"CREATE TABLE BAR_1S_FINAL WITH (CLEANUP_POLICY='compact,delete', KAFKA_TOPIC='bar_1s_final', KEY_FORMAT='AVRO', PARTITIONS=1, REPLICAS=1, RETENTION_MS=604800000, VALUE_FORMAT='AVRO') AS SELECT\n  O.BROKER BROKER,\n  O.SYMBOL SYMBOL,\n  WINDOWSTART BUCKETSTART,\n  EARLIEST_BY_OFFSET(O.BID) OPEN,\n  MAX(O.BID) HIGH,\n  MIN(O.BID) LOW,\n  LATEST_BY_OFFSET(O.BID) KSQLTIMEFRAMECLOSE\nFROM DEDUPRATES O\nWINDOW TUMBLING ( SIZE 1 SECONDS ) \nGROUP BY O.BROKER, O.SYMBOL\nEMIT FINAL;","sinks":["BAR_1S_FINAL"],"sinkKafkaTopics":["bar_1s_final"],"id":"CTAS_BAR_1S_FINAL_97","statusCount":{"RUNNING":1},"queryType":"PERSISTENT","state":"RUNNING"},{"queryString":"CREATE TABLE BAR_60M_LIVE WITH (CLEANUP_POLICY='compact,delete', KAFKA_TOPIC='bar_60m_live', KEY_FORMAT='AVRO', PARTITIONS=1, REPLICAS=1, RETENTION_MS=604800000, VALUE_FORMAT='AVRO') AS SELECT\n  O.BROKER BROKER,\n  O.SYMBOL SYMBOL,\n  WINDOWSTART BUCKETSTART,\n  EARLIEST_BY_OFFSET(O.OPEN) OPEN,\n  MAX(O.HIGH) HIGH,\n  MIN(O.LOW) LOW,\n  LATEST_BY_OFFSET(O.KSQLTIMEFRAMECLOSE) KSQLTIMEFRAMECLOSE\nFROM BAR_1S_FINAL_S O\nWINDOW TUMBLING ( SIZE 60 MINUTES , GRACE PERIOD 5 SECONDS ) \nGROUP BY O.BROKER, O.SYMBOL\nEMIT CHANGES;","sinks":["BAR_60M_LIVE"],"sinkKafkaTopics":["bar_60m_live"],"id":"CTAS_BAR_60M_LIVE_111","statusCount":{"RUNNING":1},"queryType":"PERSISTENT","state":"RUNNING"},{"queryString":"CREATE TABLE BAR_TBIMP_1M_LIVE WITH (CLEANUP_POLICY='compact,delete', KAFKA_TOPIC='bar_tbimp_1m_live', KEY_FORMAT='AVRO', PARTITIONS=1, REPLICAS=1, RETENTION_MS=604800000, VALUE_FORMAT='AVRO') AS SELECT\n  O.BROKER BROKER,\n  O.SYMBOL SYMBOL,\n  WINDOWSTART BUCKETSTART,\n  EARLIEST_BY_OFFSET(O.OPEN) OPEN,\n  MAX(O.HIGH) HIGH,\n  MIN(O.LOW) LOW,\n  LATEST_BY_OFFSET(O.CLOSE) CLOSE\nFROM BAR_TBIMP_1S_FINAL_S O\nWINDOW TUMBLING ( SIZE 1 MINUTES , GRACE PERIOD 2 SECONDS ) \nGROUP BY O.BROKER, O.SYMBOL\nEMIT CHANGES;","sinks":["BAR_TBIMP_1M_LIVE"],"sinkKafkaTopics":["bar_tbimp_1m_live"],"id":"CTAS_BAR_TBIMP_1M_LIVE_89","statusCount":{"RUNNING":1},"queryType":"PERSISTENT","state":"RUNNING"},{"queryString":"CREATE TABLE BAR_5M_LIVE WITH (CLEANUP_POLICY='compact,delete', KAFKA_TOPIC='bar_5m_live', KEY_FORMAT='AVRO', PARTITIONS=1, REPLICAS=1, RETENTION_MS=604800000, VALUE_FORMAT='AVRO') AS SELECT\n  O.BROKER BROKER,\n  O.SYMBOL SYMBOL,\n  WINDOWSTART BUCKETSTART,\n  EARLIEST_BY_OFFSET(O.OPEN) OPEN,\n  MAX(O.HIGH) HIGH,\n  MIN(O.LOW) LOW,\n  LATEST_BY_OFFSET(O.KSQLTIMEFRAMECLOSE) KSQLTIMEFRAMECLOSE\nFROM BAR_1S_FINAL_S O\nWINDOW TUMBLING ( SIZE 5 MINUTES , GRACE PERIOD 3 SECONDS ) \nGROUP BY O.BROKER, O.SYMBOL\nEMIT CHANGES;","sinks":["BAR_5M_LIVE"],"sinkKafkaTopics":["bar_5m_live"],"id":"CTAS_BAR_5M_LIVE_103","statusCount":{"RUNNING":1},"queryType":"PERSISTENT","state":"RUNNING"},{"queryString":"CREATE TABLE BAR_TBIMP_5M_LIVE WITH (CLEANUP_POLICY='compact,delete', KAFKA_TOPIC='bar_tbimp_5m_live', KEY_FORMAT='AVRO', PARTITIONS=1, REPLICAS=1, RETENTION_MS=604800000, VALUE_FORMAT='AVRO') AS SELECT\n  O.BROKER BROKER,\n  O.SYMBOL SYMBOL,\n  WINDOWSTART BUCKETSTART,\n  EARLIEST_BY_OFFSET(O.OPEN) OPEN,\n  MAX(O.HIGH) HIGH,\n  MIN(O.LOW) LOW,\n  LATEST_BY_OFFSET(O.CLOSE) CLOSE\nFROM BAR_TBIMP_1S_FINAL_S O\nWINDOW TUMBLING ( SIZE 5 MINUTES , GRACE PERIOD 3 SECONDS ) \nGROUP BY O.BROKER, O.SYMBOL\nEMIT CHANGES;","sinks":["BAR_TBIMP_5M_LIVE"],"sinkKafkaTopics":["bar_tbimp_5m_live"],"id":"CTAS_BAR_TBIMP_5M_LIVE_91","statusCount":{"RUNNING":1},"queryType":"PERSISTENT","state":"RUNNING"},{"queryString":"CREATE TABLE BAR_1M_LIVE WITH (CLEANUP_POLICY='compact,delete', KAFKA_TOPIC='bar_1m_live', KEY_FORMAT='AVRO', PARTITIONS=1, REPLICAS=1, RETENTION_MS=604800000, VALUE_FORMAT='AVRO') AS SELECT\n  O.BROKER BROKER,\n  O.SYMBOL SYMBOL,\n  WINDOWSTART BUCKETSTART,\n  EARLIEST_BY_OFFSET(O.OPEN) OPEN,\n  MAX(O.HIGH) HIGH,\n  MIN(O.LOW) LOW,\n  LATEST_BY_OFFSET(O.KSQLTIMEFRAMECLOSE) KSQLTIMEFRAMECLOSE\nFROM BAR_1S_FINAL_S O\nWINDOW TUMBLING ( SIZE 1 MINUTES , GRACE PERIOD 2 SECONDS ) \nGROUP BY O.BROKER, O.SYMBOL\nEMIT CHANGES;","sinks":["BAR_1M_LIVE"],"sinkKafkaTopics":["bar_1m_live"],"id":"CTAS_BAR_1M_LIVE_101","statusCount":{"RUNNING":1},"queryType":"PERSISTENT","state":"RUNNING"},{"queryString":"CREATE TABLE BAR_TBIMP_1S_FINAL WITH (CLEANUP_POLICY='compact,delete', KAFKA_TOPIC='bar_tbimp_1s_final', KEY_FORMAT='AVRO', PARTITIONS=1, REPLICAS=1, RETENTION_MS=604800000, VALUE_FORMAT='AVRO') AS SELECT\n  O.BROKER BROKER,\n  O.SYMBOL SYMBOL,\n  WINDOWSTART BUCKETSTART,\n  EARLIEST_BY_OFFSET(O.BID) OPEN,\n  MAX(O.BID) HIGH,\n  MIN(O.BID) LOW,\n  LATEST_BY_OFFSET(O.BID) CLOSE\nFROM TICKS_TBIMP O\nWINDOW TUMBLING ( SIZE 1 SECONDS ) \nGROUP BY O.BROKER, O.SYMBOL\nEMIT FINAL;","sinks":["BAR_TBIMP_1S_FINAL"],"sinkKafkaTopics":["bar_tbimp_1s_final"],"id":"CTAS_BAR_TBIMP_1S_FINAL_85","statusCount":{"RUNNING":1},"queryType":"PERSISTENT","state":"RUNNING"}],"warnings":[]}]&#xD;
warn: Kafka.Ksql.Linq.KsqlContext[0]&#xD;
      SHOW QUERIES attempt 1 did not contain a matching query for bar_15m_live&#xD;
info: Kafka.Ksql.Linq.KsqlContext[0]&#xD;
      ksql execute: EXECUTE SQL=SHOW QUERIES;&#xD;
info: Kafka.Ksql.Linq.KsqlContext[0]&#xD;
      SHOW QUERIES output (attempt 2): [{"@type":"queries","statementText":"SHOW QUERIES;","queries":[{"queryString":"CREATE TABLE BAR_15M_LIVE WITH (CLEANUP_POLICY='compact,delete', KAFKA_TOPIC='bar_15m_live', KEY_FORMAT='AVRO', PARTITIONS=1, REPLICAS=1, RETENTION_MS=604800000, VALUE_FORMAT='AVRO') AS SELECT\n  O.BROKER BROKER,\n  O.SYMBOL SYMBOL,\n  WINDOWSTART BUCKETSTART,\n  EARLIEST_BY_OFFSET(O.OPEN) OPEN,\n  MAX(O.HIGH) HIGH,\n  MIN(O.LOW) LOW,\n  LATEST_BY_OFFSET(O.KSQLTIMEFRAMECLOSE) KSQLTIMEFRAMECLOSE\nFROM BAR_1S_FINAL_S O\nWINDOW TUMBLING ( SIZE 15 MINUTES , GRACE PERIOD 4 SECONDS ) \nGROUP BY O.BROKER, O.SYMBOL\nEMIT CHANGES;","sinks":["BAR_15M_LIVE"],"sinkKafkaTopics":["bar_15m_live"],"id":"CTAS_BAR_15M_LIVE_109","statusCount":{"RUNNING":1},"queryType":"PERSISTENT","state":"RUNNING"},{"queryString":"CREATE TABLE BAR_1S_FINAL WITH (CLEANUP_POLICY='compact,delete', KAFKA_TOPIC='bar_1s_final', KEY_FORMAT='AVRO', PARTITIONS=1, REPLICAS=1, RETENTION_MS=604800000, VALUE_FORMAT='AVRO') AS SELECT\n  O.BROKER BROKER,\n  O.SYMBOL SYMBOL,\n  WINDOWSTART BUCKETSTART,\n  EARLIEST_BY_OFFSET(O.BID) OPEN,\n  MAX(O.BID) HIGH,\n  MIN(O.BID) LOW,\n  LATEST_BY_OFFSET(O.BID) KSQLTIMEFRAMECLOSE\nFROM DEDUPRATES O\nWINDOW TUMBLING ( SIZE 1 SECONDS ) \nGROUP BY O.BROKER, O.SYMBOL\nEMIT FINAL;","sinks":["BAR_1S_FINAL"],"sinkKafkaTopics":["bar_1s_final"],"id":"CTAS_BAR_1S_FINAL_97","statusCount":{"RUNNING":1},"queryType":"PERSISTENT","state":"RUNNING"},{"queryString":"CREATE TABLE BAR_60M_LIVE WITH (CLEANUP_POLICY='compact,delete', KAFKA_TOPIC='bar_60m_live', KEY_FORMAT='AVRO', PARTITIONS=1, REPLICAS=1, RETENTION_MS=604800000, VALUE_FORMAT='AVRO') AS SELECT\n  O.BROKER BROKER,\n  O.SYMBOL SYMBOL,\n  WINDOWSTART BUCKETSTART,\n  EARLIEST_BY_OFFSET(O.OPEN) OPEN,\n  MAX(O.HIGH) HIGH,\n  MIN(O.LOW) LOW,\n  LATEST_BY_OFFSET(O.KSQLTIMEFRAMECLOSE) KSQLTIMEFRAMECLOSE\nFROM BAR_1S_FINAL_S O\nWINDOW TUMBLING ( SIZE 60 MINUTES , GRACE PERIOD 5 SECONDS ) \nGROUP BY O.BROKER, O.SYMBOL\nEMIT CHANGES;","sinks":["BAR_60M_LIVE"],"sinkKafkaTopics":["bar_60m_live"],"id":"CTAS_BAR_60M_LIVE_111","statusCount":{"RUNNING":1},"queryType":"PERSISTENT","state":"RUNNING"},{"queryString":"CREATE TABLE BAR_TBIMP_1M_LIVE WITH (CLEANUP_POLICY='compact,delete', KAFKA_TOPIC='bar_tbimp_1m_live', KEY_FORMAT='AVRO', PARTITIONS=1, REPLICAS=1, RETENTION_MS=604800000, VALUE_FORMAT='AVRO') AS SELECT\n  O.BROKER BROKER,\n  O.SYMBOL SYMBOL,\n  WINDOWSTART BUCKETSTART,\n  EARLIEST_BY_OFFSET(O.OPEN) OPEN,\n  MAX(O.HIGH) HIGH,\n  MIN(O.LOW) LOW,\n  LATEST_BY_OFFSET(O.CLOSE) CLOSE\nFROM BAR_TBIMP_1S_FINAL_S O\nWINDOW TUMBLING ( SIZE 1 MINUTES , GRACE PERIOD 2 SECONDS ) \nGROUP BY O.BROKER, O.SYMBOL\nEMIT CHANGES;","sinks":["BAR_TBIMP_1M_LIVE"],"sinkKafkaTopics":["bar_tbimp_1m_live"],"id":"CTAS_BAR_TBIMP_1M_LIVE_89","statusCount":{"RUNNING":1},"queryType":"PERSISTENT","state":"RUNNING"},{"queryString":"CREATE TABLE BAR_5M_LIVE WITH (CLEANUP_POLICY='compact,delete', KAFKA_TOPIC='bar_5m_live', KEY_FORMAT='AVRO', PARTITIONS=1, REPLICAS=1, RETENTION_MS=604800000, VALUE_FORMAT='AVRO') AS SELECT\n  O.BROKER BROKER,\n  O.SYMBOL SYMBOL,\n  WINDOWSTART BUCKETSTART,\n  EARLIEST_BY_OFFSET(O.OPEN) OPEN,\n  MAX(O.HIGH) HIGH,\n  MIN(O.LOW) LOW,\n  LATEST_BY_OFFSET(O.KSQLTIMEFRAMECLOSE) KSQLTIMEFRAMECLOSE\nFROM BAR_1S_FINAL_S O\nWINDOW TUMBLING ( SIZE 5 MINUTES , GRACE PERIOD 3 SECONDS ) \nGROUP BY O.BROKER, O.SYMBOL\nEMIT CHANGES;","sinks":["BAR_5M_LIVE"],"sinkKafkaTopics":["bar_5m_live"],"id":"CTAS_BAR_5M_LIVE_103","statusCount":{"RUNNING":1},"queryType":"PERSISTENT","state":"RUNNING"},{"queryString":"CREATE TABLE BAR_TBIMP_5M_LIVE WITH (CLEANUP_POLICY='compact,delete', KAFKA_TOPIC='bar_tbimp_5m_live', KEY_FORMAT='AVRO', PARTITIONS=1, REPLICAS=1, RETENTION_MS=604800000, VALUE_FORMAT='AVRO') AS SELECT\n  O.BROKER BROKER,\n  O.SYMBOL SYMBOL,\n  WINDOWSTART BUCKETSTART,\n  EARLIEST_BY_OFFSET(O.OPEN) OPEN,\n  MAX(O.HIGH) HIGH,\n  MIN(O.LOW) LOW,\n  LATEST_BY_OFFSET(O.CLOSE) CLOSE\nFROM BAR_TBIMP_1S_FINAL_S O\nWINDOW TUMBLING ( SIZE 5 MINUTES , GRACE PERIOD 3 SECONDS ) \nGROUP BY O.BROKER, O.SYMBOL\nEMIT CHANGES;","sinks":["BAR_TBIMP_5M_LIVE"],"sinkKafkaTopics":["bar_tbimp_5m_live"],"id":"CTAS_BAR_TBIMP_5M_LIVE_91","statusCount":{"RUNNING":1},"queryType":"PERSISTENT","state":"RUNNING"},{"queryString":"CREATE TABLE BAR_1M_LIVE WITH (CLEANUP_POLICY='compact,delete', KAFKA_TOPIC='bar_1m_live', KEY_FORMAT='AVRO', PARTITIONS=1, REPLICAS=1, RETENTION_MS=604800000, VALUE_FORMAT='AVRO') AS SELECT\n  O.BROKER BROKER,\n  O.SYMBOL SYMBOL,\n  WINDOWSTART BUCKETSTART,\n  EARLIEST_BY_OFFSET(O.OPEN) OPEN,\n  MAX(O.HIGH) HIGH,\n  MIN(O.LOW) LOW,\n  LATEST_BY_OFFSET(O.KSQLTIMEFRAMECLOSE) KSQLTIMEFRAMECLOSE\nFROM BAR_1S_FINAL_S O\nWINDOW TUMBLING ( SIZE 1 MINUTES , GRACE PERIOD 2 SECONDS ) \nGROUP BY O.BROKER, O.SYMBOL\nEMIT CHANGES;","sinks":["BAR_1M_LIVE"],"sinkKafkaTopics":["bar_1m_live"],"id":"CTAS_BAR_1M_LIVE_101","statusCount":{"RUNNING":1},"queryType":"PERSISTENT","state":"RUNNING"},{"queryString":"CREATE TABLE BAR_TBIMP_1S_FINAL WITH (CLEANUP_POLICY='compact,delete', KAFKA_TOPIC='bar_tbimp_1s_final', KEY_FORMAT='AVRO', PARTITIONS=1, REPLICAS=1, RETENTION_MS=604800000, VALUE_FORMAT='AVRO') AS SELECT\n  O.BROKER BROKER,\n  O.SYMBOL SYMBOL,\n  WINDOWSTART BUCKETSTART,\n  EARLIEST_BY_OFFSET(O.BID) OPEN,\n  MAX(O.BID) HIGH,\n  MIN(O.BID) LOW,\n  LATEST_BY_OFFSET(O.BID) CLOSE\nFROM TICKS_TBIMP O\nWINDOW TUMBLING ( SIZE 1 SECONDS ) \nGROUP BY O.BROKER, O.SYMBOL\nEMIT FINAL;","sinks":["BAR_TBIMP_1S_FINAL"],"sinkKafkaTopics":["bar_tbimp_1s_final"],"id":"CTAS_BAR_TBIMP_1S_FINAL_85","statusCount":{"RUNNING":1},"queryType":"PERSISTENT","state":"RUNNING"}],"warnings":[]}]&#xD;
warn: Kafka.Ksql.Linq.KsqlContext[0]&#xD;
      SHOW QUERIES attempt 2 did not contain a matching query for bar_15m_live&#xD;
info: Kafka.Ksql.Linq.KsqlContext[0]&#xD;
      ksql execute: EXECUTE SQL=SHOW QUERIES;&#xD;
info: Kafka.Ksql.Linq.KsqlContext[0]&#xD;
      SHOW QUERIES output (attempt 3): [{"@type":"queries","statementText":"SHOW QUERIES;","queries":[{"queryString":"CREATE TABLE BAR_15M_LIVE WITH (CLEANUP_POLICY='compact,delete', KAFKA_TOPIC='bar_15m_live', KEY_FORMAT='AVRO', PARTITIONS=1, REPLICAS=1, RETENTION_MS=604800000, VALUE_FORMAT='AVRO') AS SELECT\n  O.BROKER BROKER,\n  O.SYMBOL SYMBOL,\n  WINDOWSTART BUCKETSTART,\n  EARLIEST_BY_OFFSET(O.OPEN) OPEN,\n  MAX(O.HIGH) HIGH,\n  MIN(O.LOW) LOW,\n  LATEST_BY_OFFSET(O.KSQLTIMEFRAMECLOSE) KSQLTIMEFRAMECLOSE\nFROM BAR_1S_FINAL_S O\nWINDOW TUMBLING ( SIZE 15 MINUTES , GRACE PERIOD 4 SECONDS ) \nGROUP BY O.BROKER, O.SYMBOL\nEMIT CHANGES;","sinks":["BAR_15M_LIVE"],"sinkKafkaTopics":["bar_15m_live"],"id":"CTAS_BAR_15M_LIVE_109","statusCount":{"RUNNING":1},"queryType":"PERSISTENT","state":"RUNNING"},{"queryString":"CREATE TABLE BAR_1S_FINAL WITH (CLEANUP_POLICY='compact,delete', KAFKA_TOPIC='bar_1s_final', KEY_FORMAT='AVRO', PARTITIONS=1, REPLICAS=1, RETENTION_MS=604800000, VALUE_FORMAT='AVRO') AS SELECT\n  O.BROKER BROKER,\n  O.SYMBOL SYMBOL,\n  WINDOWSTART BUCKETSTART,\n  EARLIEST_BY_OFFSET(O.BID) OPEN,\n  MAX(O.BID) HIGH,\n  MIN(O.BID) LOW,\n  LATEST_BY_OFFSET(O.BID) KSQLTIMEFRAMECLOSE\nFROM DEDUPRATES O\nWINDOW TUMBLING ( SIZE 1 SECONDS ) \nGROUP BY O.BROKER, O.SYMBOL\nEMIT FINAL;","sinks":["BAR_1S_FINAL"],"sinkKafkaTopics":["bar_1s_final"],"id":"CTAS_BAR_1S_FINAL_97","statusCount":{"RUNNING":1},"queryType":"PERSISTENT","state":"RUNNING"},{"queryString":"CREATE TABLE BAR_60M_LIVE WITH (CLEANUP_POLICY='compact,delete', KAFKA_TOPIC='bar_60m_live', KEY_FORMAT='AVRO', PARTITIONS=1, REPLICAS=1, RETENTION_MS=604800000, VALUE_FORMAT='AVRO') AS SELECT\n  O.BROKER BROKER,\n  O.SYMBOL SYMBOL,\n  WINDOWSTART BUCKETSTART,\n  EARLIEST_BY_OFFSET(O.OPEN) OPEN,\n  MAX(O.HIGH) HIGH,\n  MIN(O.LOW) LOW,\n  LATEST_BY_OFFSET(O.KSQLTIMEFRAMECLOSE) KSQLTIMEFRAMECLOSE\nFROM BAR_1S_FINAL_S O\nWINDOW TUMBLING ( SIZE 60 MINUTES , GRACE PERIOD 5 SECONDS ) \nGROUP BY O.BROKER, O.SYMBOL\nEMIT CHANGES;","sinks":["BAR_60M_LIVE"],"sinkKafkaTopics":["bar_60m_live"],"id":"CTAS_BAR_60M_LIVE_111","statusCount":{"RUNNING":1},"queryType":"PERSISTENT","state":"RUNNING"},{"queryString":"CREATE TABLE BAR_TBIMP_1M_LIVE WITH (CLEANUP_POLICY='compact,delete', KAFKA_TOPIC='bar_tbimp_1m_live', KEY_FORMAT='AVRO', PARTITIONS=1, REPLICAS=1, RETENTION_MS=604800000, VALUE_FORMAT='AVRO') AS SELECT\n  O.BROKER BROKER,\n  O.SYMBOL SYMBOL,\n  WINDOWSTART BUCKETSTART,\n  EARLIEST_BY_OFFSET(O.OPEN) OPEN,\n  MAX(O.HIGH) HIGH,\n  MIN(O.LOW) LOW,\n  LATEST_BY_OFFSET(O.CLOSE) CLOSE\nFROM BAR_TBIMP_1S_FINAL_S O\nWINDOW TUMBLING ( SIZE 1 MINUTES , GRACE PERIOD 2 SECONDS ) \nGROUP BY O.BROKER, O.SYMBOL\nEMIT CHANGES;","sinks":["BAR_TBIMP_1M_LIVE"],"sinkKafkaTopics":["bar_tbimp_1m_live"],"id":"CTAS_BAR_TBIMP_1M_LIVE_89","statusCount":{"RUNNING":1},"queryType":"PERSISTENT","state":"RUNNING"},{"queryString":"CREATE TABLE BAR_5M_LIVE WITH (CLEANUP_POLICY='compact,delete', KAFKA_TOPIC='bar_5m_live', KEY_FORMAT='AVRO', PARTITIONS=1, REPLICAS=1, RETENTION_MS=604800000, VALUE_FORMAT='AVRO') AS SELECT\n  O.BROKER BROKER,\n  O.SYMBOL SYMBOL,\n  WINDOWSTART BUCKETSTART,\n  EARLIEST_BY_OFFSET(O.OPEN) OPEN,\n  MAX(O.HIGH) HIGH,\n  MIN(O.LOW) LOW,\n  LATEST_BY_OFFSET(O.KSQLTIMEFRAMECLOSE) KSQLTIMEFRAMECLOSE\nFROM BAR_1S_FINAL_S O\nWINDOW TUMBLING ( SIZE 5 MINUTES , GRACE PERIOD 3 SECONDS ) \nGROUP BY O.BROKER, O.SYMBOL\nEMIT CHANGES;","sinks":["BAR_5M_LIVE"],"sinkKafkaTopics":["bar_5m_live"],"id":"CTAS_BAR_5M_LIVE_103","statusCount":{"RUNNING":1},"queryType":"PERSISTENT","state":"RUNNING"},{"queryString":"CREATE TABLE BAR_TBIMP_5M_LIVE WITH (CLEANUP_POLICY='compact,delete', KAFKA_TOPIC='bar_tbimp_5m_live', KEY_FORMAT='AVRO', PARTITIONS=1, REPLICAS=1, RETENTION_MS=604800000, VALUE_FORMAT='AVRO') AS SELECT\n  O.BROKER BROKER,\n  O.SYMBOL SYMBOL,\n  WINDOWSTART BUCKETSTART,\n  EARLIEST_BY_OFFSET(O.OPEN) OPEN,\n  MAX(O.HIGH) HIGH,\n  MIN(O.LOW) LOW,\n  LATEST_BY_OFFSET(O.CLOSE) CLOSE\nFROM BAR_TBIMP_1S_FINAL_S O\nWINDOW TUMBLING ( SIZE 5 MINUTES , GRACE PERIOD 3 SECONDS ) \nGROUP BY O.BROKER, O.SYMBOL\nEMIT CHANGES;","sinks":["BAR_TBIMP_5M_LIVE"],"sinkKafkaTopics":["bar_tbimp_5m_live"],"id":"CTAS_BAR_TBIMP_5M_LIVE_91","statusCount":{"RUNNING":1},"queryType":"PERSISTENT","state":"RUNNING"},{"queryString":"CREATE TABLE BAR_1M_LIVE WITH (CLEANUP_POLICY='compact,delete', KAFKA_TOPIC='bar_1m_live', KEY_FORMAT='AVRO', PARTITIONS=1, REPLICAS=1, RETENTION_MS=604800000, VALUE_FORMAT='AVRO') AS SELECT\n  O.BROKER BROKER,\n  O.SYMBOL SYMBOL,\n  WINDOWSTART BUCKETSTART,\n  EARLIEST_BY_OFFSET(O.OPEN) OPEN,\n  MAX(O.HIGH) HIGH,\n  MIN(O.LOW) LOW,\n  LATEST_BY_OFFSET(O.KSQLTIMEFRAMECLOSE) KSQLTIMEFRAMECLOSE\nFROM BAR_1S_FINAL_S O\nWINDOW TUMBLING ( SIZE 1 MINUTES , GRACE PERIOD 2 SECONDS ) \nGROUP BY O.BROKER, O.SYMBOL\nEMIT CHANGES;","sinks":["BAR_1M_LIVE"],"sinkKafkaTopics":["bar_1m_live"],"id":"CTAS_BAR_1M_LIVE_101","statusCount":{"RUNNING":1},"queryType":"PERSISTENT","state":"RUNNING"},{"queryString":"CREATE TABLE BAR_TBIMP_1S_FINAL WITH (CLEANUP_POLICY='compact,delete', KAFKA_TOPIC='bar_tbimp_1s_final', KEY_FORMAT='AVRO', PARTITIONS=1, REPLICAS=1, RETENTION_MS=604800000, VALUE_FORMAT='AVRO') AS SELECT\n  O.BROKER BROKER,\n  O.SYMBOL SYMBOL,\n  WINDOWSTART BUCKETSTART,\n  EARLIEST_BY_OFFSET(O.BID) OPEN,\n  MAX(O.BID) HIGH,\n  MIN(O.BID) LOW,\n  LATEST_BY_OFFSET(O.BID) CLOSE\nFROM TICKS_TBIMP O\nWINDOW TUMBLING ( SIZE 1 SECONDS ) \nGROUP BY O.BROKER, O.SYMBOL\nEMIT FINAL;","sinks":["BAR_TBIMP_1S_FINAL"],"sinkKafkaTopics":["bar_tbimp_1s_final"],"id":"CTAS_BAR_TBIMP_1S_FINAL_85","statusCount":{"RUNNING":1},"queryType":"PERSISTENT","state":"RUNNING"}],"warnings":[]}]&#xD;
warn: Kafka.Ksql.Linq.KsqlContext[0]&#xD;
      SHOW QUERIES attempt 3 did not contain a matching query for bar_15m_live&#xD;
info: Kafka.Ksql.Linq.KsqlContext[0]&#xD;
      ksql execute: EXECUTE SQL=SHOW QUERIES;&#xD;
info: Kafka.Ksql.Linq.KsqlContext[0]&#xD;
      SHOW QUERIES output (attempt 4): [{"@type":"queries","statementText":"SHOW QUERIES;","queries":[{"queryString":"CREATE TABLE BAR_15M_LIVE WITH (CLEANUP_POLICY='compact,delete', KAFKA_TOPIC='bar_15m_live', KEY_FORMAT='AVRO', PARTITIONS=1, REPLICAS=1, RETENTION_MS=604800000, VALUE_FORMAT='AVRO') AS SELECT\n  O.BROKER BROKER,\n  O.SYMBOL SYMBOL,\n  WINDOWSTART BUCKETSTART,\n  EARLIEST_BY_OFFSET(O.OPEN) OPEN,\n  MAX(O.HIGH) HIGH,\n  MIN(O.LOW) LOW,\n  LATEST_BY_OFFSET(O.KSQLTIMEFRAMECLOSE) KSQLTIMEFRAMECLOSE\nFROM BAR_1S_FINAL_S O\nWINDOW TUMBLING ( SIZE 15 MINUTES , GRACE PERIOD 4 SECONDS ) \nGROUP BY O.BROKER, O.SYMBOL\nEMIT CHANGES;","sinks":["BAR_15M_LIVE"],"sinkKafkaTopics":["bar_15m_live"],"id":"CTAS_BAR_15M_LIVE_109","statusCount":{"RUNNING":1},"queryType":"PERSISTENT","state":"RUNNING"},{"queryString":"CREATE TABLE BAR_1S_FINAL WITH (CLEANUP_POLICY='compact,delete', KAFKA_TOPIC='bar_1s_final', KEY_FORMAT='AVRO', PARTITIONS=1, REPLICAS=1, RETENTION_MS=604800000, VALUE_FORMAT='AVRO') AS SELECT\n  O.BROKER BROKER,\n  O.SYMBOL SYMBOL,\n  WINDOWSTART BUCKETSTART,\n  EARLIEST_BY_OFFSET(O.BID) OPEN,\n  MAX(O.BID) HIGH,\n  MIN(O.BID) LOW,\n  LATEST_BY_OFFSET(O.BID) KSQLTIMEFRAMECLOSE\nFROM DEDUPRATES O\nWINDOW TUMBLING ( SIZE 1 SECONDS ) \nGROUP BY O.BROKER, O.SYMBOL\nEMIT FINAL;","sinks":["BAR_1S_FINAL"],"sinkKafkaTopics":["bar_1s_final"],"id":"CTAS_BAR_1S_FINAL_97","statusCount":{"RUNNING":1},"queryType":"PERSISTENT","state":"RUNNING"},{"queryString":"CREATE TABLE BAR_60M_LIVE WITH (CLEANUP_POLICY='compact,delete', KAFKA_TOPIC='bar_60m_live', KEY_FORMAT='AVRO', PARTITIONS=1, REPLICAS=1, RETENTION_MS=604800000, VALUE_FORMAT='AVRO') AS SELECT\n  O.BROKER BROKER,\n  O.SYMBOL SYMBOL,\n  WINDOWSTART BUCKETSTART,\n  EARLIEST_BY_OFFSET(O.OPEN) OPEN,\n  MAX(O.HIGH) HIGH,\n  MIN(O.LOW) LOW,\n  LATEST_BY_OFFSET(O.KSQLTIMEFRAMECLOSE) KSQLTIMEFRAMECLOSE\nFROM BAR_1S_FINAL_S O\nWINDOW TUMBLING ( SIZE 60 MINUTES , GRACE PERIOD 5 SECONDS ) \nGROUP BY O.BROKER, O.SYMBOL\nEMIT CHANGES;","sinks":["BAR_60M_LIVE"],"sinkKafkaTopics":["bar_60m_live"],"id":"CTAS_BAR_60M_LIVE_111","statusCount":{"RUNNING":1},"queryType":"PERSISTENT","state":"RUNNING"},{"queryString":"CREATE TABLE BAR_TBIMP_1M_LIVE WITH (CLEANUP_POLICY='compact,delete', KAFKA_TOPIC='bar_tbimp_1m_live', KEY_FORMAT='AVRO', PARTITIONS=1, REPLICAS=1, RETENTION_MS=604800000, VALUE_FORMAT='AVRO') AS SELECT\n  O.BROKER BROKER,\n  O.SYMBOL SYMBOL,\n  WINDOWSTART BUCKETSTART,\n  EARLIEST_BY_OFFSET(O.OPEN) OPEN,\n  MAX(O.HIGH) HIGH,\n  MIN(O.LOW) LOW,\n  LATEST_BY_OFFSET(O.CLOSE) CLOSE\nFROM BAR_TBIMP_1S_FINAL_S O\nWINDOW TUMBLING ( SIZE 1 MINUTES , GRACE PERIOD 2 SECONDS ) \nGROUP BY O.BROKER, O.SYMBOL\nEMIT CHANGES;","sinks":["BAR_TBIMP_1M_LIVE"],"sinkKafkaTopics":["bar_tbimp_1m_live"],"id":"CTAS_BAR_TBIMP_1M_LIVE_89","statusCount":{"RUNNING":1},"queryType":"PERSISTENT","state":"RUNNING"},{"queryString":"CREATE TABLE BAR_5M_LIVE WITH (CLEANUP_POLICY='compact,delete', KAFKA_TOPIC='bar_5m_live', KEY_FORMAT='AVRO', PARTITIONS=1, REPLICAS=1, RETENTION_MS=604800000, VALUE_FORMAT='AVRO') AS SELECT\n  O.BROKER BROKER,\n  O.SYMBOL SYMBOL,\n  WINDOWSTART BUCKETSTART,\n  EARLIEST_BY_OFFSET(O.OPEN) OPEN,\n  MAX(O.HIGH) HIGH,\n  MIN(O.LOW) LOW,\n  LATEST_BY_OFFSET(O.KSQLTIMEFRAMECLOSE) KSQLTIMEFRAMECLOSE\nFROM BAR_1S_FINAL_S O\nWINDOW TUMBLING ( SIZE 5 MINUTES , GRACE PERIOD 3 SECONDS ) \nGROUP BY O.BROKER, O.SYMBOL\nEMIT CHANGES;","sinks":["BAR_5M_LIVE"],"sinkKafkaTopics":["bar_5m_live"],"id":"CTAS_BAR_5M_LIVE_103","statusCount":{"RUNNING":1},"queryType":"PERSISTENT","state":"RUNNING"},{"queryString":"CREATE TABLE BAR_TBIMP_5M_LIVE WITH (CLEANUP_POLICY='compact,delete', KAFKA_TOPIC='bar_tbimp_5m_live', KEY_FORMAT='AVRO', PARTITIONS=1, REPLICAS=1, RETENTION_MS=604800000, VALUE_FORMAT='AVRO') AS SELECT\n  O.BROKER BROKER,\n  O.SYMBOL SYMBOL,\n  WINDOWSTART BUCKETSTART,\n  EARLIEST_BY_OFFSET(O.OPEN) OPEN,\n  MAX(O.HIGH) HIGH,\n  MIN(O.LOW) LOW,\n  LATEST_BY_OFFSET(O.CLOSE) CLOSE\nFROM BAR_TBIMP_1S_FINAL_S O\nWINDOW TUMBLING ( SIZE 5 MINUTES , GRACE PERIOD 3 SECONDS ) \nGROUP BY O.BROKER, O.SYMBOL\nEMIT CHANGES;","sinks":["BAR_TBIMP_5M_LIVE"],"sinkKafkaTopics":["bar_tbimp_5m_live"],"id":"CTAS_BAR_TBIMP_5M_LIVE_91","statusCount":{"RUNNING":1},"queryType":"PERSISTENT","state":"RUNNING"},{"queryString":"CREATE TABLE BAR_1M_LIVE WITH (CLEANUP_POLICY='compact,delete', KAFKA_TOPIC='bar_1m_live', KEY_FORMAT='AVRO', PARTITIONS=1, REPLICAS=1, RETENTION_MS=604800000, VALUE_FORMAT='AVRO') AS SELECT\n  O.BROKER BROKER,\n  O.SYMBOL SYMBOL,\n  WINDOWSTART BUCKETSTART,\n  EARLIEST_BY_OFFSET(O.OPEN) OPEN,\n  MAX(O.HIGH) HIGH,\n  MIN(O.LOW) LOW,\n  LATEST_BY_OFFSET(O.KSQLTIMEFRAMECLOSE) KSQLTIMEFRAMECLOSE\nFROM BAR_1S_FINAL_S O\nWINDOW TUMBLING ( SIZE 1 MINUTES , GRACE PERIOD 2 SECONDS ) \nGROUP BY O.BROKER, O.SYMBOL\nEMIT CHANGES;","sinks":["BAR_1M_LIVE"],"sinkKafkaTopics":["bar_1m_live"],"id":"CTAS_BAR_1M_LIVE_101","statusCount":{"RUNNING":1},"queryType":"PERSISTENT","state":"RUNNING"},{"queryString":"CREATE TABLE BAR_TBIMP_1S_FINAL WITH (CLEANUP_POLICY='compact,delete', KAFKA_TOPIC='bar_tbimp_1s_final', KEY_FORMAT='AVRO', PARTITIONS=1, REPLICAS=1, RETENTION_MS=604800000, VALUE_FORMAT='AVRO') AS SELECT\n  O.BROKER BROKER,\n  O.SYMBOL SYMBOL,\n  WINDOWSTART BUCKETSTART,\n  EARLIEST_BY_OFFSET(O.BID) OPEN,\n  MAX(O.BID) HIGH,\n  MIN(O.BID) LOW,\n  LATEST_BY_OFFSET(O.BID) CLOSE\nFROM TICKS_TBIMP O\nWINDOW TUMBLING ( SIZE 1 SECONDS ) \nGROUP BY O.BROKER, O.SYMBOL\nEMIT FINAL;","sinks":["BAR_TBIMP_1S_FINAL"],"sinkKafkaTopics":["bar_tbimp_1s_final"],"id":"CTAS_BAR_TBIMP_1S_FINAL_85","statusCount":{"RUNNING":1},"queryType":"PERSISTENT","state":"RUNNING"}],"warnings":[]}]&#xD;
warn: Kafka.Ksql.Linq.KsqlContext[0]&#xD;
      SHOW QUERIES attempt 4 did not contain a matching query for bar_15m_live&#xD;
info: Kafka.Ksql.Linq.KsqlContext[0]&#xD;
      ksql execute: EXECUTE SQL=SHOW QUERIES;&#xD;
info: Kafka.Ksql.Linq.KsqlContext[0]&#xD;
      SHOW QUERIES output (attempt 5): [{"@type":"queries","statementText":"SHOW QUERIES;","queries":[{"queryString":"CREATE TABLE BAR_15M_LIVE WITH (CLEANUP_POLICY='compact,delete', KAFKA_TOPIC='bar_15m_live', KEY_FORMAT='AVRO', PARTITIONS=1, REPLICAS=1, RETENTION_MS=604800000, VALUE_FORMAT='AVRO') AS SELECT\n  O.BROKER BROKER,\n  O.SYMBOL SYMBOL,\n  WINDOWSTART BUCKETSTART,\n  EARLIEST_BY_OFFSET(O.OPEN) OPEN,\n  MAX(O.HIGH) HIGH,\n  MIN(O.LOW) LOW,\n  LATEST_BY_OFFSET(O.KSQLTIMEFRAMECLOSE) KSQLTIMEFRAMECLOSE\nFROM BAR_1S_FINAL_S O\nWINDOW TUMBLING ( SIZE 15 MINUTES , GRACE PERIOD 4 SECONDS ) \nGROUP BY O.BROKER, O.SYMBOL\nEMIT CHANGES;","sinks":["BAR_15M_LIVE"],"sinkKafkaTopics":["bar_15m_live"],"id":"CTAS_BAR_15M_LIVE_109","statusCount":{"RUNNING":1},"queryType":"PERSISTENT","state":"RUNNING"},{"queryString":"CREATE TABLE BAR_1S_FINAL WITH (CLEANUP_POLICY='compact,delete', KAFKA_TOPIC='bar_1s_final', KEY_FORMAT='AVRO', PARTITIONS=1, REPLICAS=1, RETENTION_MS=604800000, VALUE_FORMAT='AVRO') AS SELECT\n  O.BROKER BROKER,\n  O.SYMBOL SYMBOL,\n  WINDOWSTART BUCKETSTART,\n  EARLIEST_BY_OFFSET(O.BID) OPEN,\n  MAX(O.BID) HIGH,\n  MIN(O.BID) LOW,\n  LATEST_BY_OFFSET(O.BID) KSQLTIMEFRAMECLOSE\nFROM DEDUPRATES O\nWINDOW TUMBLING ( SIZE 1 SECONDS ) \nGROUP BY O.BROKER, O.SYMBOL\nEMIT FINAL;","sinks":["BAR_1S_FINAL"],"sinkKafkaTopics":["bar_1s_final"],"id":"CTAS_BAR_1S_FINAL_97","statusCount":{"RUNNING":1},"queryType":"PERSISTENT","state":"RUNNING"},{"queryString":"CREATE TABLE BAR_60M_LIVE WITH (CLEANUP_POLICY='compact,delete', KAFKA_TOPIC='bar_60m_live', KEY_FORMAT='AVRO', PARTITIONS=1, REPLICAS=1, RETENTION_MS=604800000, VALUE_FORMAT='AVRO') AS SELECT\n  O.BROKER BROKER,\n  O.SYMBOL SYMBOL,\n  WINDOWSTART BUCKETSTART,\n  EARLIEST_BY_OFFSET(O.OPEN) OPEN,\n  MAX(O.HIGH) HIGH,\n  MIN(O.LOW) LOW,\n  LATEST_BY_OFFSET(O.KSQLTIMEFRAMECLOSE) KSQLTIMEFRAMECLOSE\nFROM BAR_1S_FINAL_S O\nWINDOW TUMBLING ( SIZE 60 MINUTES , GRACE PERIOD 5 SECONDS ) \nGROUP BY O.BROKER, O.SYMBOL\nEMIT CHANGES;","sinks":["BAR_60M_LIVE"],"sinkKafkaTopics":["bar_60m_live"],"id":"CTAS_BAR_60M_LIVE_111","statusCount":{"RUNNING":1},"queryType":"PERSISTENT","state":"RUNNING"},{"queryString":"CREATE TABLE BAR_TBIMP_1M_LIVE WITH (CLEANUP_POLICY='compact,delete', KAFKA_TOPIC='bar_tbimp_1m_live', KEY_FORMAT='AVRO', PARTITIONS=1, REPLICAS=1, RETENTION_MS=604800000, VALUE_FORMAT='AVRO') AS SELECT\n  O.BROKER BROKER,\n  O.SYMBOL SYMBOL,\n  WINDOWSTART BUCKETSTART,\n  EARLIEST_BY_OFFSET(O.OPEN) OPEN,\n  MAX(O.HIGH) HIGH,\n  MIN(O.LOW) LOW,\n  LATEST_BY_OFFSET(O.CLOSE) CLOSE\nFROM BAR_TBIMP_1S_FINAL_S O\nWINDOW TUMBLING ( SIZE 1 MINUTES , GRACE PERIOD 2 SECONDS ) \nGROUP BY O.BROKER, O.SYMBOL\nEMIT CHANGES;","sinks":["BAR_TBIMP_1M_LIVE"],"sinkKafkaTopics":["bar_tbimp_1m_live"],"id":"CTAS_BAR_TBIMP_1M_LIVE_89","statusCount":{"RUNNING":1},"queryType":"PERSISTENT","state":"RUNNING"},{"queryString":"CREATE TABLE BAR_5M_LIVE WITH (CLEANUP_POLICY='compact,delete', KAFKA_TOPIC='bar_5m_live', KEY_FORMAT='AVRO', PARTITIONS=1, REPLICAS=1, RETENTION_MS=604800000, VALUE_FORMAT='AVRO') AS SELECT\n  O.BROKER BROKER,\n  O.SYMBOL SYMBOL,\n  WINDOWSTART BUCKETSTART,\n  EARLIEST_BY_OFFSET(O.OPEN) OPEN,\n  MAX(O.HIGH) HIGH,\n  MIN(O.LOW) LOW,\n  LATEST_BY_OFFSET(O.KSQLTIMEFRAMECLOSE) KSQLTIMEFRAMECLOSE\nFROM BAR_1S_FINAL_S O\nWINDOW TUMBLING ( SIZE 5 MINUTES , GRACE PERIOD 3 SECONDS ) \nGROUP BY O.BROKER, O.SYMBOL\nEMIT CHANGES;","sinks":["BAR_5M_LIVE"],"sinkKafkaTopics":["bar_5m_live"],"id":"CTAS_BAR_5M_LIVE_103","statusCount":{"RUNNING":1},"queryType":"PERSISTENT","state":"RUNNING"},{"queryString":"CREATE TABLE BAR_TBIMP_5M_LIVE WITH (CLEANUP_POLICY='compact,delete', KAFKA_TOPIC='bar_tbimp_5m_live', KEY_FORMAT='AVRO', PARTITIONS=1, REPLICAS=1, RETENTION_MS=604800000, VALUE_FORMAT='AVRO') AS SELECT\n  O.BROKER BROKER,\n  O.SYMBOL SYMBOL,\n  WINDOWSTART BUCKETSTART,\n  EARLIEST_BY_OFFSET(O.OPEN) OPEN,\n  MAX(O.HIGH) HIGH,\n  MIN(O.LOW) LOW,\n  LATEST_BY_OFFSET(O.CLOSE) CLOSE\nFROM BAR_TBIMP_1S_FINAL_S O\nWINDOW TUMBLING ( SIZE 5 MINUTES , GRACE PERIOD 3 SECONDS ) \nGROUP BY O.BROKER, O.SYMBOL\nEMIT CHANGES;","sinks":["BAR_TBIMP_5M_LIVE"],"sinkKafkaTopics":["bar_tbimp_5m_live"],"id":"CTAS_BAR_TBIMP_5M_LIVE_91","statusCount":{"RUNNING":1},"queryType":"PERSISTENT","state":"RUNNING"},{"queryString":"CREATE TABLE BAR_1M_LIVE WITH (CLEANUP_POLICY='compact,delete', KAFKA_TOPIC='bar_1m_live', KEY_FORMAT='AVRO', PARTITIONS=1, REPLICAS=1, RETENTION_MS=604800000, VALUE_FORMAT='AVRO') AS SELECT\n  O.BROKER BROKER,\n  O.SYMBOL SYMBOL,\n  WINDOWSTART BUCKETSTART,\n  EARLIEST_BY_OFFSET(O.OPEN) OPEN,\n  MAX(O.HIGH) HIGH,\n  MIN(O.LOW) LOW,\n  LATEST_BY_OFFSET(O.KSQLTIMEFRAMECLOSE) KSQLTIMEFRAMECLOSE\nFROM BAR_1S_FINAL_S O\nWINDOW TUMBLING ( SIZE 1 MINUTES , GRACE PERIOD 2 SECONDS ) \nGROUP BY O.BROKER, O.SYMBOL\nEMIT CHANGES;","sinks":["BAR_1M_LIVE"],"sinkKafkaTopics":["bar_1m_live"],"id":"CTAS_BAR_1M_LIVE_101","statusCount":{"RUNNING":1},"queryType":"PERSISTENT","state":"RUNNING"},{"queryString":"CREATE TABLE BAR_TBIMP_1S_FINAL WITH (CLEANUP_POLICY='compact,delete', KAFKA_TOPIC='bar_tbimp_1s_final', KEY_FORMAT='AVRO', PARTITIONS=1, REPLICAS=1, RETENTION_MS=604800000, VALUE_FORMAT='AVRO') AS SELECT\n  O.BROKER BROKER,\n  O.SYMBOL SYMBOL,\n  WINDOWSTART BUCKETSTART,\n  EARLIEST_BY_OFFSET(O.BID) OPEN,\n  MAX(O.BID) HIGH,\n  MIN(O.BID) LOW,\n  LATEST_BY_OFFSET(O.BID) CLOSE\nFROM TICKS_TBIMP O\nWINDOW TUMBLING ( SIZE 1 SECONDS ) \nGROUP BY O.BROKER, O.SYMBOL\nEMIT FINAL;","sinks":["BAR_TBIMP_1S_FINAL"],"sinkKafkaTopics":["bar_tbimp_1s_final"],"id":"CTAS_BAR_TBIMP_1S_FINAL_85","statusCount":{"RUNNING":1},"queryType":"PERSISTENT","state":"RUNNING"}],"warnings":[]}]&#xD;
warn: Kafka.Ksql.Linq.KsqlContext[0]&#xD;
      SHOW QUERIES attempt 5 did not contain a matching query for bar_15m_live&#xD;
warn: Kafka.Ksql.Linq.KsqlContext[0]&#xD;
      Unable to locate queryId for bar_15m_live after 5 attempts&#xD;
warn: Kafka.Ksql.Linq.KsqlContext[0]&#xD;
      Could not locate queryId via SHOW QUERIES for derived statement targeting bar_15m_live: CREATE TABLE bar_15m_live  WITH (KAFKA_TOPIC='bar_15m_live', KEY_FORMAT='AVRO', VALUE_FORMAT='AVRO') AS&#xD;
      SELECT BROKER AS Broker, SYMBOL AS Symbol, WINDOWSTART AS BucketStart, EARLIEST_BY_OFFSET(o.OPEN) AS Open, MAX(o.HIGH) AS High, MIN(o.LOW) AS Low, LATEST_BY_OFFSET(o.KSQLTIMEFRAMECLOSE) AS KsqlTimeFrameClose&#xD;
      FROM bar_1s_final_s o WINDOW TUMBLING (SIZE 15 MINUTES, GRACE PERIOD 4 SECONDS)&#xD;
      GROUP BY BROKER, SYMBOL&#xD;
      EMIT CHANGES;&#xD;
info: Kafka.Ksql.Linq.KsqlContext[0]&#xD;
      ksql execute: EXECUTE SQL=SHOW QUERIES;&#xD;
info: Kafka.Ksql.Linq.KsqlContext[0]&#xD;
      SHOW QUERIES output (attempt 1): [{"@type":"queries","statementText":"SHOW QUERIES;","queries":[{"queryString":"CREATE TABLE BAR_15M_LIVE WITH (CLEANUP_POLICY='compact,delete', KAFKA_TOPIC='bar_15m_live', KEY_FORMAT='AVRO', PARTITIONS=1, REPLICAS=1, RETENTION_MS=604800000, VALUE_FORMAT='AVRO') AS SELECT\n  O.BROKER BROKER,\n  O.SYMBOL SYMBOL,\n  WINDOWSTART BUCKETSTART,\n  EARLIEST_BY_OFFSET(O.OPEN) OPEN,\n  MAX(O.HIGH) HIGH,\n  MIN(O.LOW) LOW,\n  LATEST_BY_OFFSET(O.KSQLTIMEFRAMECLOSE) KSQLTIMEFRAMECLOSE\nFROM BAR_1S_FINAL_S O\nWINDOW TUMBLING ( SIZE 15 MINUTES , GRACE PERIOD 4 SECONDS ) \nGROUP BY O.BROKER, O.SYMBOL\nEMIT CHANGES;","sinks":["BAR_15M_LIVE"],"sinkKafkaTopics":["bar_15m_live"],"id":"CTAS_BAR_15M_LIVE_109","statusCount":{"RUNNING":1},"queryType":"PERSISTENT","state":"RUNNING"},{"queryString":"CREATE TABLE BAR_1S_FINAL WITH (CLEANUP_POLICY='compact,delete', KAFKA_TOPIC='bar_1s_final', KEY_FORMAT='AVRO', PARTITIONS=1, REPLICAS=1, RETENTION_MS=604800000, VALUE_FORMAT='AVRO') AS SELECT\n  O.BROKER BROKER,\n  O.SYMBOL SYMBOL,\n  WINDOWSTART BUCKETSTART,\n  EARLIEST_BY_OFFSET(O.BID) OPEN,\n  MAX(O.BID) HIGH,\n  MIN(O.BID) LOW,\n  LATEST_BY_OFFSET(O.BID) KSQLTIMEFRAMECLOSE\nFROM DEDUPRATES O\nWINDOW TUMBLING ( SIZE 1 SECONDS ) \nGROUP BY O.BROKER, O.SYMBOL\nEMIT FINAL;","sinks":["BAR_1S_FINAL"],"sinkKafkaTopics":["bar_1s_final"],"id":"CTAS_BAR_1S_FINAL_97","statusCount":{"RUNNING":1},"queryType":"PERSISTENT","state":"RUNNING"},{"queryString":"CREATE TABLE BAR_60M_LIVE WITH (CLEANUP_POLICY='compact,delete', KAFKA_TOPIC='bar_60m_live', KEY_FORMAT='AVRO', PARTITIONS=1, REPLICAS=1, RETENTION_MS=604800000, VALUE_FORMAT='AVRO') AS SELECT\n  O.BROKER BROKER,\n  O.SYMBOL SYMBOL,\n  WINDOWSTART BUCKETSTART,\n  EARLIEST_BY_OFFSET(O.OPEN) OPEN,\n  MAX(O.HIGH) HIGH,\n  MIN(O.LOW) LOW,\n  LATEST_BY_OFFSET(O.KSQLTIMEFRAMECLOSE) KSQLTIMEFRAMECLOSE\nFROM BAR_1S_FINAL_S O\nWINDOW TUMBLING ( SIZE 60 MINUTES , GRACE PERIOD 5 SECONDS ) \nGROUP BY O.BROKER, O.SYMBOL\nEMIT CHANGES;","sinks":["BAR_60M_LIVE"],"sinkKafkaTopics":["bar_60m_live"],"id":"CTAS_BAR_60M_LIVE_111","statusCount":{"RUNNING":1},"queryType":"PERSISTENT","state":"RUNNING"},{"queryString":"CREATE TABLE BAR_TBIMP_1M_LIVE WITH (CLEANUP_POLICY='compact,delete', KAFKA_TOPIC='bar_tbimp_1m_live', KEY_FORMAT='AVRO', PARTITIONS=1, REPLICAS=1, RETENTION_MS=604800000, VALUE_FORMAT='AVRO') AS SELECT\n  O.BROKER BROKER,\n  O.SYMBOL SYMBOL,\n  WINDOWSTART BUCKETSTART,\n  EARLIEST_BY_OFFSET(O.OPEN) OPEN,\n  MAX(O.HIGH) HIGH,\n  MIN(O.LOW) LOW,\n  LATEST_BY_OFFSET(O.CLOSE) CLOSE\nFROM BAR_TBIMP_1S_FINAL_S O\nWINDOW TUMBLING ( SIZE 1 MINUTES , GRACE PERIOD 2 SECONDS ) \nGROUP BY O.BROKER, O.SYMBOL\nEMIT CHANGES;","sinks":["BAR_TBIMP_1M_LIVE"],"sinkKafkaTopics":["bar_tbimp_1m_live"],"id":"CTAS_BAR_TBIMP_1M_LIVE_89","statusCount":{"RUNNING":1},"queryType":"PERSISTENT","state":"RUNNING"},{"queryString":"CREATE TABLE BAR_5M_LIVE WITH (CLEANUP_POLICY='compact,delete', KAFKA_TOPIC='bar_5m_live', KEY_FORMAT='AVRO', PARTITIONS=1, REPLICAS=1, RETENTION_MS=604800000, VALUE_FORMAT='AVRO') AS SELECT\n  O.BROKER BROKER,\n  O.SYMBOL SYMBOL,\n  WINDOWSTART BUCKETSTART,\n  EARLIEST_BY_OFFSET(O.OPEN) OPEN,\n  MAX(O.HIGH) HIGH,\n  MIN(O.LOW) LOW,\n  LATEST_BY_OFFSET(O.KSQLTIMEFRAMECLOSE) KSQLTIMEFRAMECLOSE\nFROM BAR_1S_FINAL_S O\nWINDOW TUMBLING ( SIZE 5 MINUTES , GRACE PERIOD 3 SECONDS ) \nGROUP BY O.BROKER, O.SYMBOL\nEMIT CHANGES;","sinks":["BAR_5M_LIVE"],"sinkKafkaTopics":["bar_5m_live"],"id":"CTAS_BAR_5M_LIVE_103","statusCount":{"RUNNING":1},"queryType":"PERSISTENT","state":"RUNNING"},{"queryString":"CREATE TABLE BAR_TBIMP_5M_LIVE WITH (CLEANUP_POLICY='compact,delete', KAFKA_TOPIC='bar_tbimp_5m_live', KEY_FORMAT='AVRO', PARTITIONS=1, REPLICAS=1, RETENTION_MS=604800000, VALUE_FORMAT='AVRO') AS SELECT\n  O.BROKER BROKER,\n  O.SYMBOL SYMBOL,\n  WINDOWSTART BUCKETSTART,\n  EARLIEST_BY_OFFSET(O.OPEN) OPEN,\n  MAX(O.HIGH) HIGH,\n  MIN(O.LOW) LOW,\n  LATEST_BY_OFFSET(O.CLOSE) CLOSE\nFROM BAR_TBIMP_1S_FINAL_S O\nWINDOW TUMBLING ( SIZE 5 MINUTES , GRACE PERIOD 3 SECONDS ) \nGROUP BY O.BROKER, O.SYMBOL\nEMIT CHANGES;","sinks":["BAR_TBIMP_5M_LIVE"],"sinkKafkaTopics":["bar_tbimp_5m_live"],"id":"CTAS_BAR_TBIMP_5M_LIVE_91","statusCount":{"RUNNING":1},"queryType":"PERSISTENT","state":"RUNNING"},{"queryString":"CREATE TABLE BAR_1M_LIVE WITH (CLEANUP_POLICY='compact,delete', KAFKA_TOPIC='bar_1m_live', KEY_FORMAT='AVRO', PARTITIONS=1, REPLICAS=1, RETENTION_MS=604800000, VALUE_FORMAT='AVRO') AS SELECT\n  O.BROKER BROKER,\n  O.SYMBOL SYMBOL,\n  WINDOWSTART BUCKETSTART,\n  EARLIEST_BY_OFFSET(O.OPEN) OPEN,\n  MAX(O.HIGH) HIGH,\n  MIN(O.LOW) LOW,\n  LATEST_BY_OFFSET(O.KSQLTIMEFRAMECLOSE) KSQLTIMEFRAMECLOSE\nFROM BAR_1S_FINAL_S O\nWINDOW TUMBLING ( SIZE 1 MINUTES , GRACE PERIOD 2 SECONDS ) \nGROUP BY O.BROKER, O.SYMBOL\nEMIT CHANGES;","sinks":["BAR_1M_LIVE"],"sinkKafkaTopics":["bar_1m_live"],"id":"CTAS_BAR_1M_LIVE_101","statusCount":{"RUNNING":1},"queryType":"PERSISTENT","state":"RUNNING"},{"queryString":"CREATE TABLE BAR_TBIMP_1S_FINAL WITH (CLEANUP_POLICY='compact,delete', KAFKA_TOPIC='bar_tbimp_1s_final', KEY_FORMAT='AVRO', PARTITIONS=1, REPLICAS=1, RETENTION_MS=604800000, VALUE_FORMAT='AVRO') AS SELECT\n  O.BROKER BROKER,\n  O.SYMBOL SYMBOL,\n  WINDOWSTART BUCKETSTART,\n  EARLIEST_BY_OFFSET(O.BID) OPEN,\n  MAX(O.BID) HIGH,\n  MIN(O.BID) LOW,\n  LATEST_BY_OFFSET(O.BID) CLOSE\nFROM TICKS_TBIMP O\nWINDOW TUMBLING ( SIZE 1 SECONDS ) \nGROUP BY O.BROKER, O.SYMBOL\nEMIT FINAL;","sinks":["BAR_TBIMP_1S_FINAL"],"sinkKafkaTopics":["bar_tbimp_1s_final"],"id":"CTAS_BAR_TBIMP_1S_FINAL_85","statusCount":{"RUNNING":1},"queryType":"PERSISTENT","state":"RUNNING"}],"warnings":[]}]&#xD;
warn: Kafka.Ksql.Linq.KsqlContext[0]&#xD;
      SHOW QUERIES attempt 1 did not contain a matching query for bar_60m_live&#xD;
info: Kafka.Ksql.Linq.KsqlContext[0]&#xD;
      ksql execute: EXECUTE SQL=SHOW QUERIES;&#xD;
info: Kafka.Ksql.Linq.KsqlContext[0]&#xD;
      SHOW QUERIES output (attempt 2): [{"@type":"queries","statementText":"SHOW QUERIES;","queries":[{"queryString":"CREATE TABLE BAR_15M_LIVE WITH (CLEANUP_POLICY='compact,delete', KAFKA_TOPIC='bar_15m_live', KEY_FORMAT='AVRO', PARTITIONS=1, REPLICAS=1, RETENTION_MS=604800000, VALUE_FORMAT='AVRO') AS SELECT\n  O.BROKER BROKER,\n  O.SYMBOL SYMBOL,\n  WINDOWSTART BUCKETSTART,\n  EARLIEST_BY_OFFSET(O.OPEN) OPEN,\n  MAX(O.HIGH) HIGH,\n  MIN(O.LOW) LOW,\n  LATEST_BY_OFFSET(O.KSQLTIMEFRAMECLOSE) KSQLTIMEFRAMECLOSE\nFROM BAR_1S_FINAL_S O\nWINDOW TUMBLING ( SIZE 15 MINUTES , GRACE PERIOD 4 SECONDS ) \nGROUP BY O.BROKER, O.SYMBOL\nEMIT CHANGES;","sinks":["BAR_15M_LIVE"],"sinkKafkaTopics":["bar_15m_live"],"id":"CTAS_BAR_15M_LIVE_109","statusCount":{"RUNNING":1},"queryType":"PERSISTENT","state":"RUNNING"},{"queryString":"CREATE TABLE BAR_1S_FINAL WITH (CLEANUP_POLICY='compact,delete', KAFKA_TOPIC='bar_1s_final', KEY_FORMAT='AVRO', PARTITIONS=1, REPLICAS=1, RETENTION_MS=604800000, VALUE_FORMAT='AVRO') AS SELECT\n  O.BROKER BROKER,\n  O.SYMBOL SYMBOL,\n  WINDOWSTART BUCKETSTART,\n  EARLIEST_BY_OFFSET(O.BID) OPEN,\n  MAX(O.BID) HIGH,\n  MIN(O.BID) LOW,\n  LATEST_BY_OFFSET(O.BID) KSQLTIMEFRAMECLOSE\nFROM DEDUPRATES O\nWINDOW TUMBLING ( SIZE 1 SECONDS ) \nGROUP BY O.BROKER, O.SYMBOL\nEMIT FINAL;","sinks":["BAR_1S_FINAL"],"sinkKafkaTopics":["bar_1s_final"],"id":"CTAS_BAR_1S_FINAL_97","statusCount":{"RUNNING":1},"queryType":"PERSISTENT","state":"RUNNING"},{"queryString":"CREATE TABLE BAR_60M_LIVE WITH (CLEANUP_POLICY='compact,delete', KAFKA_TOPIC='bar_60m_live', KEY_FORMAT='AVRO', PARTITIONS=1, REPLICAS=1, RETENTION_MS=604800000, VALUE_FORMAT='AVRO') AS SELECT\n  O.BROKER BROKER,\n  O.SYMBOL SYMBOL,\n  WINDOWSTART BUCKETSTART,\n  EARLIEST_BY_OFFSET(O.OPEN) OPEN,\n  MAX(O.HIGH) HIGH,\n  MIN(O.LOW) LOW,\n  LATEST_BY_OFFSET(O.KSQLTIMEFRAMECLOSE) KSQLTIMEFRAMECLOSE\nFROM BAR_1S_FINAL_S O\nWINDOW TUMBLING ( SIZE 60 MINUTES , GRACE PERIOD 5 SECONDS ) \nGROUP BY O.BROKER, O.SYMBOL\nEMIT CHANGES;","sinks":["BAR_60M_LIVE"],"sinkKafkaTopics":["bar_60m_live"],"id":"CTAS_BAR_60M_LIVE_111","statusCount":{"RUNNING":1},"queryType":"PERSISTENT","state":"RUNNING"},{"queryString":"CREATE TABLE BAR_TBIMP_1M_LIVE WITH (CLEANUP_POLICY='compact,delete', KAFKA_TOPIC='bar_tbimp_1m_live', KEY_FORMAT='AVRO', PARTITIONS=1, REPLICAS=1, RETENTION_MS=604800000, VALUE_FORMAT='AVRO') AS SELECT\n  O.BROKER BROKER,\n  O.SYMBOL SYMBOL,\n  WINDOWSTART BUCKETSTART,\n  EARLIEST_BY_OFFSET(O.OPEN) OPEN,\n  MAX(O.HIGH) HIGH,\n  MIN(O.LOW) LOW,\n  LATEST_BY_OFFSET(O.CLOSE) CLOSE\nFROM BAR_TBIMP_1S_FINAL_S O\nWINDOW TUMBLING ( SIZE 1 MINUTES , GRACE PERIOD 2 SECONDS ) \nGROUP BY O.BROKER, O.SYMBOL\nEMIT CHANGES;","sinks":["BAR_TBIMP_1M_LIVE"],"sinkKafkaTopics":["bar_tbimp_1m_live"],"id":"CTAS_BAR_TBIMP_1M_LIVE_89","statusCount":{"RUNNING":1},"queryType":"PERSISTENT","state":"RUNNING"},{"queryString":"CREATE TABLE BAR_5M_LIVE WITH (CLEANUP_POLICY='compact,delete', KAFKA_TOPIC='bar_5m_live', KEY_FORMAT='AVRO', PARTITIONS=1, REPLICAS=1, RETENTION_MS=604800000, VALUE_FORMAT='AVRO') AS SELECT\n  O.BROKER BROKER,\n  O.SYMBOL SYMBOL,\n  WINDOWSTART BUCKETSTART,\n  EARLIEST_BY_OFFSET(O.OPEN) OPEN,\n  MAX(O.HIGH) HIGH,\n  MIN(O.LOW) LOW,\n  LATEST_BY_OFFSET(O.KSQLTIMEFRAMECLOSE) KSQLTIMEFRAMECLOSE\nFROM BAR_1S_FINAL_S O\nWINDOW TUMBLING ( SIZE 5 MINUTES , GRACE PERIOD 3 SECONDS ) \nGROUP BY O.BROKER, O.SYMBOL\nEMIT CHANGES;","sinks":["BAR_5M_LIVE"],"sinkKafkaTopics":["bar_5m_live"],"id":"CTAS_BAR_5M_LIVE_103","statusCount":{"RUNNING":1},"queryType":"PERSISTENT","state":"RUNNING"},{"queryString":"CREATE TABLE BAR_TBIMP_5M_LIVE WITH (CLEANUP_POLICY='compact,delete', KAFKA_TOPIC='bar_tbimp_5m_live', KEY_FORMAT='AVRO', PARTITIONS=1, REPLICAS=1, RETENTION_MS=604800000, VALUE_FORMAT='AVRO') AS SELECT\n  O.BROKER BROKER,\n  O.SYMBOL SYMBOL,\n  WINDOWSTART BUCKETSTART,\n  EARLIEST_BY_OFFSET(O.OPEN) OPEN,\n  MAX(O.HIGH) HIGH,\n  MIN(O.LOW) LOW,\n  LATEST_BY_OFFSET(O.CLOSE) CLOSE\nFROM BAR_TBIMP_1S_FINAL_S O\nWINDOW TUMBLING ( SIZE 5 MINUTES , GRACE PERIOD 3 SECONDS ) \nGROUP BY O.BROKER, O.SYMBOL\nEMIT CHANGES;","sinks":["BAR_TBIMP_5M_LIVE"],"sinkKafkaTopics":["bar_tbimp_5m_live"],"id":"CTAS_BAR_TBIMP_5M_LIVE_91","statusCount":{"RUNNING":1},"queryType":"PERSISTENT","state":"RUNNING"},{"queryString":"CREATE TABLE BAR_1M_LIVE WITH (CLEANUP_POLICY='compact,delete', KAFKA_TOPIC='bar_1m_live', KEY_FORMAT='AVRO', PARTITIONS=1, REPLICAS=1, RETENTION_MS=604800000, VALUE_FORMAT='AVRO') AS SELECT\n  O.BROKER BROKER,\n  O.SYMBOL SYMBOL,\n  WINDOWSTART BUCKETSTART,\n  EARLIEST_BY_OFFSET(O.OPEN) OPEN,\n  MAX(O.HIGH) HIGH,\n  MIN(O.LOW) LOW,\n  LATEST_BY_OFFSET(O.KSQLTIMEFRAMECLOSE) KSQLTIMEFRAMECLOSE\nFROM BAR_1S_FINAL_S O\nWINDOW TUMBLING ( SIZE 1 MINUTES , GRACE PERIOD 2 SECONDS ) \nGROUP BY O.BROKER, O.SYMBOL\nEMIT CHANGES;","sinks":["BAR_1M_LIVE"],"sinkKafkaTopics":["bar_1m_live"],"id":"CTAS_BAR_1M_LIVE_101","statusCount":{"RUNNING":1},"queryType":"PERSISTENT","state":"RUNNING"},{"queryString":"CREATE TABLE BAR_TBIMP_1S_FINAL WITH (CLEANUP_POLICY='compact,delete', KAFKA_TOPIC='bar_tbimp_1s_final', KEY_FORMAT='AVRO', PARTITIONS=1, REPLICAS=1, RETENTION_MS=604800000, VALUE_FORMAT='AVRO') AS SELECT\n  O.BROKER BROKER,\n  O.SYMBOL SYMBOL,\n  WINDOWSTART BUCKETSTART,\n  EARLIEST_BY_OFFSET(O.BID) OPEN,\n  MAX(O.BID) HIGH,\n  MIN(O.BID) LOW,\n  LATEST_BY_OFFSET(O.BID) CLOSE\nFROM TICKS_TBIMP O\nWINDOW TUMBLING ( SIZE 1 SECONDS ) \nGROUP BY O.BROKER, O.SYMBOL\nEMIT FINAL;","sinks":["BAR_TBIMP_1S_FINAL"],"sinkKafkaTopics":["bar_tbimp_1s_final"],"id":"CTAS_BAR_TBIMP_1S_FINAL_85","statusCount":{"RUNNING":1},"queryType":"PERSISTENT","state":"RUNNING"}],"warnings":[]}]&#xD;
warn: Kafka.Ksql.Linq.KsqlContext[0]&#xD;
      SHOW QUERIES attempt 2 did not contain a matching query for bar_60m_live&#xD;
info: Kafka.Ksql.Linq.KsqlContext[0]&#xD;
      ksql execute: EXECUTE SQL=SHOW QUERIES;&#xD;
info: Kafka.Ksql.Linq.KsqlContext[0]&#xD;
      SHOW QUERIES output (attempt 3): [{"@type":"queries","statementText":"SHOW QUERIES;","queries":[{"queryString":"CREATE TABLE BAR_15M_LIVE WITH (CLEANUP_POLICY='compact,delete', KAFKA_TOPIC='bar_15m_live', KEY_FORMAT='AVRO', PARTITIONS=1, REPLICAS=1, RETENTION_MS=604800000, VALUE_FORMAT='AVRO') AS SELECT\n  O.BROKER BROKER,\n  O.SYMBOL SYMBOL,\n  WINDOWSTART BUCKETSTART,\n  EARLIEST_BY_OFFSET(O.OPEN) OPEN,\n  MAX(O.HIGH) HIGH,\n  MIN(O.LOW) LOW,\n  LATEST_BY_OFFSET(O.KSQLTIMEFRAMECLOSE) KSQLTIMEFRAMECLOSE\nFROM BAR_1S_FINAL_S O\nWINDOW TUMBLING ( SIZE 15 MINUTES , GRACE PERIOD 4 SECONDS ) \nGROUP BY O.BROKER, O.SYMBOL\nEMIT CHANGES;","sinks":["BAR_15M_LIVE"],"sinkKafkaTopics":["bar_15m_live"],"id":"CTAS_BAR_15M_LIVE_109","statusCount":{"RUNNING":1},"queryType":"PERSISTENT","state":"RUNNING"},{"queryString":"CREATE TABLE BAR_1S_FINAL WITH (CLEANUP_POLICY='compact,delete', KAFKA_TOPIC='bar_1s_final', KEY_FORMAT='AVRO', PARTITIONS=1, REPLICAS=1, RETENTION_MS=604800000, VALUE_FORMAT='AVRO') AS SELECT\n  O.BROKER BROKER,\n  O.SYMBOL SYMBOL,\n  WINDOWSTART BUCKETSTART,\n  EARLIEST_BY_OFFSET(O.BID) OPEN,\n  MAX(O.BID) HIGH,\n  MIN(O.BID) LOW,\n  LATEST_BY_OFFSET(O.BID) KSQLTIMEFRAMECLOSE\nFROM DEDUPRATES O\nWINDOW TUMBLING ( SIZE 1 SECONDS ) \nGROUP BY O.BROKER, O.SYMBOL\nEMIT FINAL;","sinks":["BAR_1S_FINAL"],"sinkKafkaTopics":["bar_1s_final"],"id":"CTAS_BAR_1S_FINAL_97","statusCount":{"RUNNING":1},"queryType":"PERSISTENT","state":"RUNNING"},{"queryString":"CREATE TABLE BAR_60M_LIVE WITH (CLEANUP_POLICY='compact,delete', KAFKA_TOPIC='bar_60m_live', KEY_FORMAT='AVRO', PARTITIONS=1, REPLICAS=1, RETENTION_MS=604800000, VALUE_FORMAT='AVRO') AS SELECT\n  O.BROKER BROKER,\n  O.SYMBOL SYMBOL,\n  WINDOWSTART BUCKETSTART,\n  EARLIEST_BY_OFFSET(O.OPEN) OPEN,\n  MAX(O.HIGH) HIGH,\n  MIN(O.LOW) LOW,\n  LATEST_BY_OFFSET(O.KSQLTIMEFRAMECLOSE) KSQLTIMEFRAMECLOSE\nFROM BAR_1S_FINAL_S O\nWINDOW TUMBLING ( SIZE 60 MINUTES , GRACE PERIOD 5 SECONDS ) \nGROUP BY O.BROKER, O.SYMBOL\nEMIT CHANGES;","sinks":["BAR_60M_LIVE"],"sinkKafkaTopics":["bar_60m_live"],"id":"CTAS_BAR_60M_LIVE_111","statusCount":{"RUNNING":1},"queryType":"PERSISTENT","state":"RUNNING"},{"queryString":"CREATE TABLE BAR_TBIMP_1M_LIVE WITH (CLEANUP_POLICY='compact,delete', KAFKA_TOPIC='bar_tbimp_1m_live', KEY_FORMAT='AVRO', PARTITIONS=1, REPLICAS=1, RETENTION_MS=604800000, VALUE_FORMAT='AVRO') AS SELECT\n  O.BROKER BROKER,\n  O.SYMBOL SYMBOL,\n  WINDOWSTART BUCKETSTART,\n  EARLIEST_BY_OFFSET(O.OPEN) OPEN,\n  MAX(O.HIGH) HIGH,\n  MIN(O.LOW) LOW,\n  LATEST_BY_OFFSET(O.CLOSE) CLOSE\nFROM BAR_TBIMP_1S_FINAL_S O\nWINDOW TUMBLING ( SIZE 1 MINUTES , GRACE PERIOD 2 SECONDS ) \nGROUP BY O.BROKER, O.SYMBOL\nEMIT CHANGES;","sinks":["BAR_TBIMP_1M_LIVE"],"sinkKafkaTopics":["bar_tbimp_1m_live"],"id":"CTAS_BAR_TBIMP_1M_LIVE_89","statusCount":{"RUNNING":1},"queryType":"PERSISTENT","state":"RUNNING"},{"queryString":"CREATE TABLE BAR_5M_LIVE WITH (CLEANUP_POLICY='compact,delete', KAFKA_TOPIC='bar_5m_live', KEY_FORMAT='AVRO', PARTITIONS=1, REPLICAS=1, RETENTION_MS=604800000, VALUE_FORMAT='AVRO') AS SELECT\n  O.BROKER BROKER,\n  O.SYMBOL SYMBOL,\n  WINDOWSTART BUCKETSTART,\n  EARLIEST_BY_OFFSET(O.OPEN) OPEN,\n  MAX(O.HIGH) HIGH,\n  MIN(O.LOW) LOW,\n  LATEST_BY_OFFSET(O.KSQLTIMEFRAMECLOSE) KSQLTIMEFRAMECLOSE\nFROM BAR_1S_FINAL_S O\nWINDOW TUMBLING ( SIZE 5 MINUTES , GRACE PERIOD 3 SECONDS ) \nGROUP BY O.BROKER, O.SYMBOL\nEMIT CHANGES;","sinks":["BAR_5M_LIVE"],"sinkKafkaTopics":["bar_5m_live"],"id":"CTAS_BAR_5M_LIVE_103","statusCount":{"RUNNING":1},"queryType":"PERSISTENT","state":"RUNNING"},{"queryString":"CREATE TABLE BAR_TBIMP_5M_LIVE WITH (CLEANUP_POLICY='compact,delete', KAFKA_TOPIC='bar_tbimp_5m_live', KEY_FORMAT='AVRO', PARTITIONS=1, REPLICAS=1, RETENTION_MS=604800000, VALUE_FORMAT='AVRO') AS SELECT\n  O.BROKER BROKER,\n  O.SYMBOL SYMBOL,\n  WINDOWSTART BUCKETSTART,\n  EARLIEST_BY_OFFSET(O.OPEN) OPEN,\n  MAX(O.HIGH) HIGH,\n  MIN(O.LOW) LOW,\n  LATEST_BY_OFFSET(O.CLOSE) CLOSE\nFROM BAR_TBIMP_1S_FINAL_S O\nWINDOW TUMBLING ( SIZE 5 MINUTES , GRACE PERIOD 3 SECONDS ) \nGROUP BY O.BROKER, O.SYMBOL\nEMIT CHANGES;","sinks":["BAR_TBIMP_5M_LIVE"],"sinkKafkaTopics":["bar_tbimp_5m_live"],"id":"CTAS_BAR_TBIMP_5M_LIVE_91","statusCount":{"RUNNING":1},"queryType":"PERSISTENT","state":"RUNNING"},{"queryString":"CREATE TABLE BAR_1M_LIVE WITH (CLEANUP_POLICY='compact,delete', KAFKA_TOPIC='bar_1m_live', KEY_FORMAT='AVRO', PARTITIONS=1, REPLICAS=1, RETENTION_MS=604800000, VALUE_FORMAT='AVRO') AS SELECT\n  O.BROKER BROKER,\n  O.SYMBOL SYMBOL,\n  WINDOWSTART BUCKETSTART,\n  EARLIEST_BY_OFFSET(O.OPEN) OPEN,\n  MAX(O.HIGH) HIGH,\n  MIN(O.LOW) LOW,\n  LATEST_BY_OFFSET(O.KSQLTIMEFRAMECLOSE) KSQLTIMEFRAMECLOSE\nFROM BAR_1S_FINAL_S O\nWINDOW TUMBLING ( SIZE 1 MINUTES , GRACE PERIOD 2 SECONDS ) \nGROUP BY O.BROKER, O.SYMBOL\nEMIT CHANGES;","sinks":["BAR_1M_LIVE"],"sinkKafkaTopics":["bar_1m_live"],"id":"CTAS_BAR_1M_LIVE_101","statusCount":{"RUNNING":1},"queryType":"PERSISTENT","state":"RUNNING"},{"queryString":"CREATE TABLE BAR_TBIMP_1S_FINAL WITH (CLEANUP_POLICY='compact,delete', KAFKA_TOPIC='bar_tbimp_1s_final', KEY_FORMAT='AVRO', PARTITIONS=1, REPLICAS=1, RETENTION_MS=604800000, VALUE_FORMAT='AVRO') AS SELECT\n  O.BROKER BROKER,\n  O.SYMBOL SYMBOL,\n  WINDOWSTART BUCKETSTART,\n  EARLIEST_BY_OFFSET(O.BID) OPEN,\n  MAX(O.BID) HIGH,\n  MIN(O.BID) LOW,\n  LATEST_BY_OFFSET(O.BID) CLOSE\nFROM TICKS_TBIMP O\nWINDOW TUMBLING ( SIZE 1 SECONDS ) \nGROUP BY O.BROKER, O.SYMBOL\nEMIT FINAL;","sinks":["BAR_TBIMP_1S_FINAL"],"sinkKafkaTopics":["bar_tbimp_1s_final"],"id":"CTAS_BAR_TBIMP_1S_FINAL_85","statusCount":{"RUNNING":1},"queryType":"PERSISTENT","state":"RUNNING"}],"warnings":[]}]&#xD;
warn: Kafka.Ksql.Linq.KsqlContext[0]&#xD;
      SHOW QUERIES attempt 3 did not contain a matching query for bar_60m_live&#xD;
info: Kafka.Ksql.Linq.KsqlContext[0]&#xD;
      ksql execute: EXECUTE SQL=SHOW QUERIES;&#xD;
info: Kafka.Ksql.Linq.KsqlContext[0]&#xD;
      SHOW QUERIES output (attempt 4): [{"@type":"queries","statementText":"SHOW QUERIES;","queries":[{"queryString":"CREATE TABLE BAR_15M_LIVE WITH (CLEANUP_POLICY='compact,delete', KAFKA_TOPIC='bar_15m_live', KEY_FORMAT='AVRO', PARTITIONS=1, REPLICAS=1, RETENTION_MS=604800000, VALUE_FORMAT='AVRO') AS SELECT\n  O.BROKER BROKER,\n  O.SYMBOL SYMBOL,\n  WINDOWSTART BUCKETSTART,\n  EARLIEST_BY_OFFSET(O.OPEN) OPEN,\n  MAX(O.HIGH) HIGH,\n  MIN(O.LOW) LOW,\n  LATEST_BY_OFFSET(O.KSQLTIMEFRAMECLOSE) KSQLTIMEFRAMECLOSE\nFROM BAR_1S_FINAL_S O\nWINDOW TUMBLING ( SIZE 15 MINUTES , GRACE PERIOD 4 SECONDS ) \nGROUP BY O.BROKER, O.SYMBOL\nEMIT CHANGES;","sinks":["BAR_15M_LIVE"],"sinkKafkaTopics":["bar_15m_live"],"id":"CTAS_BAR_15M_LIVE_109","statusCount":{"RUNNING":1},"queryType":"PERSISTENT","state":"RUNNING"},{"queryString":"CREATE TABLE BAR_1S_FINAL WITH (CLEANUP_POLICY='compact,delete', KAFKA_TOPIC='bar_1s_final', KEY_FORMAT='AVRO', PARTITIONS=1, REPLICAS=1, RETENTION_MS=604800000, VALUE_FORMAT='AVRO') AS SELECT\n  O.BROKER BROKER,\n  O.SYMBOL SYMBOL,\n  WINDOWSTART BUCKETSTART,\n  EARLIEST_BY_OFFSET(O.BID) OPEN,\n  MAX(O.BID) HIGH,\n  MIN(O.BID) LOW,\n  LATEST_BY_OFFSET(O.BID) KSQLTIMEFRAMECLOSE\nFROM DEDUPRATES O\nWINDOW TUMBLING ( SIZE 1 SECONDS ) \nGROUP BY O.BROKER, O.SYMBOL\nEMIT FINAL;","sinks":["BAR_1S_FINAL"],"sinkKafkaTopics":["bar_1s_final"],"id":"CTAS_BAR_1S_FINAL_97","statusCount":{"RUNNING":1},"queryType":"PERSISTENT","state":"RUNNING"},{"queryString":"CREATE TABLE BAR_60M_LIVE WITH (CLEANUP_POLICY='compact,delete', KAFKA_TOPIC='bar_60m_live', KEY_FORMAT='AVRO', PARTITIONS=1, REPLICAS=1, RETENTION_MS=604800000, VALUE_FORMAT='AVRO') AS SELECT\n  O.BROKER BROKER,\n  O.SYMBOL SYMBOL,\n  WINDOWSTART BUCKETSTART,\n  EARLIEST_BY_OFFSET(O.OPEN) OPEN,\n  MAX(O.HIGH) HIGH,\n  MIN(O.LOW) LOW,\n  LATEST_BY_OFFSET(O.KSQLTIMEFRAMECLOSE) KSQLTIMEFRAMECLOSE\nFROM BAR_1S_FINAL_S O\nWINDOW TUMBLING ( SIZE 60 MINUTES , GRACE PERIOD 5 SECONDS ) \nGROUP BY O.BROKER, O.SYMBOL\nEMIT CHANGES;","sinks":["BAR_60M_LIVE"],"sinkKafkaTopics":["bar_60m_live"],"id":"CTAS_BAR_60M_LIVE_111","statusCount":{"RUNNING":1},"queryType":"PERSISTENT","state":"RUNNING"},{"queryString":"CREATE TABLE BAR_TBIMP_1M_LIVE WITH (CLEANUP_POLICY='compact,delete', KAFKA_TOPIC='bar_tbimp_1m_live', KEY_FORMAT='AVRO', PARTITIONS=1, REPLICAS=1, RETENTION_MS=604800000, VALUE_FORMAT='AVRO') AS SELECT\n  O.BROKER BROKER,\n  O.SYMBOL SYMBOL,\n  WINDOWSTART BUCKETSTART,\n  EARLIEST_BY_OFFSET(O.OPEN) OPEN,\n  MAX(O.HIGH) HIGH,\n  MIN(O.LOW) LOW,\n  LATEST_BY_OFFSET(O.CLOSE) CLOSE\nFROM BAR_TBIMP_1S_FINAL_S O\nWINDOW TUMBLING ( SIZE 1 MINUTES , GRACE PERIOD 2 SECONDS ) \nGROUP BY O.BROKER, O.SYMBOL\nEMIT CHANGES;","sinks":["BAR_TBIMP_1M_LIVE"],"sinkKafkaTopics":["bar_tbimp_1m_live"],"id":"CTAS_BAR_TBIMP_1M_LIVE_89","statusCount":{"RUNNING":1},"queryType":"PERSISTENT","state":"RUNNING"},{"queryString":"CREATE TABLE BAR_5M_LIVE WITH (CLEANUP_POLICY='compact,delete', KAFKA_TOPIC='bar_5m_live', KEY_FORMAT='AVRO', PARTITIONS=1, REPLICAS=1, RETENTION_MS=604800000, VALUE_FORMAT='AVRO') AS SELECT\n  O.BROKER BROKER,\n  O.SYMBOL SYMBOL,\n  WINDOWSTART BUCKETSTART,\n  EARLIEST_BY_OFFSET(O.OPEN) OPEN,\n  MAX(O.HIGH) HIGH,\n  MIN(O.LOW) LOW,\n  LATEST_BY_OFFSET(O.KSQLTIMEFRAMECLOSE) KSQLTIMEFRAMECLOSE\nFROM BAR_1S_FINAL_S O\nWINDOW TUMBLING ( SIZE 5 MINUTES , GRACE PERIOD 3 SECONDS ) \nGROUP BY O.BROKER, O.SYMBOL\nEMIT CHANGES;","sinks":["BAR_5M_LIVE"],"sinkKafkaTopics":["bar_5m_live"],"id":"CTAS_BAR_5M_LIVE_103","statusCount":{"RUNNING":1},"queryType":"PERSISTENT","state":"RUNNING"},{"queryString":"CREATE TABLE BAR_TBIMP_5M_LIVE WITH (CLEANUP_POLICY='compact,delete', KAFKA_TOPIC='bar_tbimp_5m_live', KEY_FORMAT='AVRO', PARTITIONS=1, REPLICAS=1, RETENTION_MS=604800000, VALUE_FORMAT='AVRO') AS SELECT\n  O.BROKER BROKER,\n  O.SYMBOL SYMBOL,\n  WINDOWSTART BUCKETSTART,\n  EARLIEST_BY_OFFSET(O.OPEN) OPEN,\n  MAX(O.HIGH) HIGH,\n  MIN(O.LOW) LOW,\n  LATEST_BY_OFFSET(O.CLOSE) CLOSE\nFROM BAR_TBIMP_1S_FINAL_S O\nWINDOW TUMBLING ( SIZE 5 MINUTES , GRACE PERIOD 3 SECONDS ) \nGROUP BY O.BROKER, O.SYMBOL\nEMIT CHANGES;","sinks":["BAR_TBIMP_5M_LIVE"],"sinkKafkaTopics":["bar_tbimp_5m_live"],"id":"CTAS_BAR_TBIMP_5M_LIVE_91","statusCount":{"RUNNING":1},"queryType":"PERSISTENT","state":"RUNNING"},{"queryString":"CREATE TABLE BAR_1M_LIVE WITH (CLEANUP_POLICY='compact,delete', KAFKA_TOPIC='bar_1m_live', KEY_FORMAT='AVRO', PARTITIONS=1, REPLICAS=1, RETENTION_MS=604800000, VALUE_FORMAT='AVRO') AS SELECT\n  O.BROKER BROKER,\n  O.SYMBOL SYMBOL,\n  WINDOWSTART BUCKETSTART,\n  EARLIEST_BY_OFFSET(O.OPEN) OPEN,\n  MAX(O.HIGH) HIGH,\n  MIN(O.LOW) LOW,\n  LATEST_BY_OFFSET(O.KSQLTIMEFRAMECLOSE) KSQLTIMEFRAMECLOSE\nFROM BAR_1S_FINAL_S O\nWINDOW TUMBLING ( SIZE 1 MINUTES , GRACE PERIOD 2 SECONDS ) \nGROUP BY O.BROKER, O.SYMBOL\nEMIT CHANGES;","sinks":["BAR_1M_LIVE"],"sinkKafkaTopics":["bar_1m_live"],"id":"CTAS_BAR_1M_LIVE_101","statusCount":{"RUNNING":1},"queryType":"PERSISTENT","state":"RUNNING"},{"queryString":"CREATE TABLE BAR_TBIMP_1S_FINAL WITH (CLEANUP_POLICY='compact,delete', KAFKA_TOPIC='bar_tbimp_1s_final', KEY_FORMAT='AVRO', PARTITIONS=1, REPLICAS=1, RETENTION_MS=604800000, VALUE_FORMAT='AVRO') AS SELECT\n  O.BROKER BROKER,\n  O.SYMBOL SYMBOL,\n  WINDOWSTART BUCKETSTART,\n  EARLIEST_BY_OFFSET(O.BID) OPEN,\n  MAX(O.BID) HIGH,\n  MIN(O.BID) LOW,\n  LATEST_BY_OFFSET(O.BID) CLOSE\nFROM TICKS_TBIMP O\nWINDOW TUMBLING ( SIZE 1 SECONDS ) \nGROUP BY O.BROKER, O.SYMBOL\nEMIT FINAL;","sinks":["BAR_TBIMP_1S_FINAL"],"sinkKafkaTopics":["bar_tbimp_1s_final"],"id":"CTAS_BAR_TBIMP_1S_FINAL_85","statusCount":{"RUNNING":1},"queryType":"PERSISTENT","state":"RUNNING"}],"warnings":[]}]&#xD;
warn: Kafka.Ksql.Linq.KsqlContext[0]&#xD;
      SHOW QUERIES attempt 4 did not contain a matching query for bar_60m_live&#xD;
info: Kafka.Ksql.Linq.KsqlContext[0]&#xD;
      ksql execute: EXECUTE SQL=SHOW QUERIES;&#xD;
info: Kafka.Ksql.Linq.KsqlContext[0]&#xD;
      SHOW QUERIES output (attempt 5): [{"@type":"queries","statementText":"SHOW QUERIES;","queries":[{"queryString":"CREATE TABLE BAR_15M_LIVE WITH (CLEANUP_POLICY='compact,delete', KAFKA_TOPIC='bar_15m_live', KEY_FORMAT='AVRO', PARTITIONS=1, REPLICAS=1, RETENTION_MS=604800000, VALUE_FORMAT='AVRO') AS SELECT\n  O.BROKER BROKER,\n  O.SYMBOL SYMBOL,\n  WINDOWSTART BUCKETSTART,\n  EARLIEST_BY_OFFSET(O.OPEN) OPEN,\n  MAX(O.HIGH) HIGH,\n  MIN(O.LOW) LOW,\n  LATEST_BY_OFFSET(O.KSQLTIMEFRAMECLOSE) KSQLTIMEFRAMECLOSE\nFROM BAR_1S_FINAL_S O\nWINDOW TUMBLING ( SIZE 15 MINUTES , GRACE PERIOD 4 SECONDS ) \nGROUP BY O.BROKER, O.SYMBOL\nEMIT CHANGES;","sinks":["BAR_15M_LIVE"],"sinkKafkaTopics":["bar_15m_live"],"id":"CTAS_BAR_15M_LIVE_109","statusCount":{"RUNNING":1},"queryType":"PERSISTENT","state":"RUNNING"},{"queryString":"CREATE TABLE BAR_1S_FINAL WITH (CLEANUP_POLICY='compact,delete', KAFKA_TOPIC='bar_1s_final', KEY_FORMAT='AVRO', PARTITIONS=1, REPLICAS=1, RETENTION_MS=604800000, VALUE_FORMAT='AVRO') AS SELECT\n  O.BROKER BROKER,\n  O.SYMBOL SYMBOL,\n  WINDOWSTART BUCKETSTART,\n  EARLIEST_BY_OFFSET(O.BID) OPEN,\n  MAX(O.BID) HIGH,\n  MIN(O.BID) LOW,\n  LATEST_BY_OFFSET(O.BID) KSQLTIMEFRAMECLOSE\nFROM DEDUPRATES O\nWINDOW TUMBLING ( SIZE 1 SECONDS ) \nGROUP BY O.BROKER, O.SYMBOL\nEMIT FINAL;","sinks":["BAR_1S_FINAL"],"sinkKafkaTopics":["bar_1s_final"],"id":"CTAS_BAR_1S_FINAL_97","statusCount":{"RUNNING":1},"queryType":"PERSISTENT","state":"RUNNING"},{"queryString":"CREATE TABLE BAR_60M_LIVE WITH (CLEANUP_POLICY='compact,delete', KAFKA_TOPIC='bar_60m_live', KEY_FORMAT='AVRO', PARTITIONS=1, REPLICAS=1, RETENTION_MS=604800000, VALUE_FORMAT='AVRO') AS SELECT\n  O.BROKER BROKER,\n  O.SYMBOL SYMBOL,\n  WINDOWSTART BUCKETSTART,\n  EARLIEST_BY_OFFSET(O.OPEN) OPEN,\n  MAX(O.HIGH) HIGH,\n  MIN(O.LOW) LOW,\n  LATEST_BY_OFFSET(O.KSQLTIMEFRAMECLOSE) KSQLTIMEFRAMECLOSE\nFROM BAR_1S_FINAL_S O\nWINDOW TUMBLING ( SIZE 60 MINUTES , GRACE PERIOD 5 SECONDS ) \nGROUP BY O.BROKER, O.SYMBOL\nEMIT CHANGES;","sinks":["BAR_60M_LIVE"],"sinkKafkaTopics":["bar_60m_live"],"id":"CTAS_BAR_60M_LIVE_111","statusCount":{"RUNNING":1},"queryType":"PERSISTENT","state":"RUNNING"},{"queryString":"CREATE TABLE BAR_TBIMP_1M_LIVE WITH (CLEANUP_POLICY='compact,delete', KAFKA_TOPIC='bar_tbimp_1m_live', KEY_FORMAT='AVRO', PARTITIONS=1, REPLICAS=1, RETENTION_MS=604800000, VALUE_FORMAT='AVRO') AS SELECT\n  O.BROKER BROKER,\n  O.SYMBOL SYMBOL,\n  WINDOWSTART BUCKETSTART,\n  EARLIEST_BY_OFFSET(O.OPEN) OPEN,\n  MAX(O.HIGH) HIGH,\n  MIN(O.LOW) LOW,\n  LATEST_BY_OFFSET(O.CLOSE) CLOSE\nFROM BAR_TBIMP_1S_FINAL_S O\nWINDOW TUMBLING ( SIZE 1 MINUTES , GRACE PERIOD 2 SECONDS ) \nGROUP BY O.BROKER, O.SYMBOL\nEMIT CHANGES;","sinks":["BAR_TBIMP_1M_LIVE"],"sinkKafkaTopics":["bar_tbimp_1m_live"],"id":"CTAS_BAR_TBIMP_1M_LIVE_89","statusCount":{"RUNNING":1},"queryType":"PERSISTENT","state":"RUNNING"},{"queryString":"CREATE TABLE BAR_5M_LIVE WITH (CLEANUP_POLICY='compact,delete', KAFKA_TOPIC='bar_5m_live', KEY_FORMAT='AVRO', PARTITIONS=1, REPLICAS=1, RETENTION_MS=604800000, VALUE_FORMAT='AVRO') AS SELECT\n  O.BROKER BROKER,\n  O.SYMBOL SYMBOL,\n  WINDOWSTART BUCKETSTART,\n  EARLIEST_BY_OFFSET(O.OPEN) OPEN,\n  MAX(O.HIGH) HIGH,\n  MIN(O.LOW) LOW,\n  LATEST_BY_OFFSET(O.KSQLTIMEFRAMECLOSE) KSQLTIMEFRAMECLOSE\nFROM BAR_1S_FINAL_S O\nWINDOW TUMBLING ( SIZE 5 MINUTES , GRACE PERIOD 3 SECONDS ) \nGROUP BY O.BROKER, O.SYMBOL\nEMIT CHANGES;","sinks":["BAR_5M_LIVE"],"sinkKafkaTopics":["bar_5m_live"],"id":"CTAS_BAR_5M_LIVE_103","statusCount":{"RUNNING":1},"queryType":"PERSISTENT","state":"RUNNING"},{"queryString":"CREATE TABLE BAR_TBIMP_5M_LIVE WITH (CLEANUP_POLICY='compact,delete', KAFKA_TOPIC='bar_tbimp_5m_live', KEY_FORMAT='AVRO', PARTITIONS=1, REPLICAS=1, RETENTION_MS=604800000, VALUE_FORMAT='AVRO') AS SELECT\n  O.BROKER BROKER,\n  O.SYMBOL SYMBOL,\n  WINDOWSTART BUCKETSTART,\n  EARLIEST_BY_OFFSET(O.OPEN) OPEN,\n  MAX(O.HIGH) HIGH,\n  MIN(O.LOW) LOW,\n  LATEST_BY_OFFSET(O.CLOSE) CLOSE\nFROM BAR_TBIMP_1S_FINAL_S O\nWINDOW TUMBLING ( SIZE 5 MINUTES , GRACE PERIOD 3 SECONDS ) \nGROUP BY O.BROKER, O.SYMBOL\nEMIT CHANGES;","sinks":["BAR_TBIMP_5M_LIVE"],"sinkKafkaTopics":["bar_tbimp_5m_live"],"id":"CTAS_BAR_TBIMP_5M_LIVE_91","statusCount":{"RUNNING":1},"queryType":"PERSISTENT","state":"RUNNING"},{"queryString":"CREATE TABLE BAR_1M_LIVE WITH (CLEANUP_POLICY='compact,delete', KAFKA_TOPIC='bar_1m_live', KEY_FORMAT='AVRO', PARTITIONS=1, REPLICAS=1, RETENTION_MS=604800000, VALUE_FORMAT='AVRO') AS SELECT\n  O.BROKER BROKER,\n  O.SYMBOL SYMBOL,\n  WINDOWSTART BUCKETSTART,\n  EARLIEST_BY_OFFSET(O.OPEN) OPEN,\n  MAX(O.HIGH) HIGH,\n  MIN(O.LOW) LOW,\n  LATEST_BY_OFFSET(O.KSQLTIMEFRAMECLOSE) KSQLTIMEFRAMECLOSE\nFROM BAR_1S_FINAL_S O\nWINDOW TUMBLING ( SIZE 1 MINUTES , GRACE PERIOD 2 SECONDS ) \nGROUP BY O.BROKER, O.SYMBOL\nEMIT CHANGES;","sinks":["BAR_1M_LIVE"],"sinkKafkaTopics":["bar_1m_live"],"id":"CTAS_BAR_1M_LIVE_101","statusCount":{"RUNNING":1},"queryType":"PERSISTENT","state":"RUNNING"},{"queryString":"CREATE TABLE BAR_TBIMP_1S_FINAL WITH (CLEANUP_POLICY='compact,delete', KAFKA_TOPIC='bar_tbimp_1s_final', KEY_FORMAT='AVRO', PARTITIONS=1, REPLICAS=1, RETENTION_MS=604800000, VALUE_FORMAT='AVRO') AS SELECT\n  O.BROKER BROKER,\n  O.SYMBOL SYMBOL,\n  WINDOWSTART BUCKETSTART,\n  EARLIEST_BY_OFFSET(O.BID) OPEN,\n  MAX(O.BID) HIGH,\n  MIN(O.BID) LOW,\n  LATEST_BY_OFFSET(O.BID) CLOSE\nFROM TICKS_TBIMP O\nWINDOW TUMBLING ( SIZE 1 SECONDS ) \nGROUP BY O.BROKER, O.SYMBOL\nEMIT FINAL;","sinks":["BAR_TBIMP_1S_FINAL"],"sinkKafkaTopics":["bar_tbimp_1s_final"],"id":"CTAS_BAR_TBIMP_1S_FINAL_85","statusCount":{"RUNNING":1},"queryType":"PERSISTENT","state":"RUNNING"}],"warnings":[]}]&#xD;
warn: Kafka.Ksql.Linq.KsqlContext[0]&#xD;
      SHOW QUERIES attempt 5 did not contain a matching query for bar_60m_live&#xD;
warn: Kafka.Ksql.Linq.KsqlContext[0]&#xD;
      Unable to locate queryId for bar_60m_live after 5 attempts&#xD;
warn: Kafka.Ksql.Linq.KsqlContext[0]&#xD;
      Could not locate queryId via SHOW QUERIES for derived statement targeting bar_60m_live: CREATE TABLE bar_60m_live  WITH (KAFKA_TOPIC='bar_60m_live', KEY_FORMAT='AVRO', VALUE_FORMAT='AVRO') AS&#xD;
      SELECT BROKER AS Broker, SYMBOL AS Symbol, WINDOWSTART AS BucketStart, EARLIEST_BY_OFFSET(o.OPEN) AS Open, MAX(o.HIGH) AS High, MIN(o.LOW) AS Low, LATEST_BY_OFFSET(o.KSQLTIMEFRAMECLOSE) AS KsqlTimeFrameClose&#xD;
      FROM bar_1s_final_s o WINDOW TUMBLING (SIZE 60 MINUTES, GRACE PERIOD 5 SECONDS)&#xD;
      GROUP BY BROKER, SYMBOL&#xD;
      EMIT CHANGES;&#xD;
info: Kafka.Ksql.Linq.KsqlContext[0]&#xD;
      ksql execute: EXECUTE SQL=SHOW QUERIES;&#xD;
info: Kafka.Ksql.Linq.KsqlContext[0]&#xD;
      ksql execute: EXECUTE SQL=SHOW QUERIES;&#xD;
info: Kafka.Ksql.Linq.KsqlContext[0]&#xD;
      ksql execute: EXECUTE SQL=SHOW QUERIES;&#xD;
info: Kafka.Ksql.Linq.KsqlContext[0]&#xD;
      ksql execute: EXECUTE SQL=SHOW QUERIES;&#xD;
info: Kafka.Ksql.Linq.KsqlContext[0]&#xD;
      ksql execute: EXECUTE SQL=SHOW QUERIES;&#xD;
info: Kafka.Ksql.Linq.KsqlContext[0]&#xD;
      ksql execute: EXECUTE SQL=SHOW QUERIES;&#xD;
info: Kafka.Ksql.Linq.KsqlContext[0]&#xD;
      ksql execute: EXECUTE SQL=SHOW QUERIES;&#xD;
info: Kafka.Ksql.Linq.KsqlContext[0]&#xD;
      ksql execute: EXECUTE SQL=SHOW QUERIES;&#xD;
info: Kafka.Ksql.Linq.KsqlContext[0]&#xD;
      ksql execute: EXECUTE SQL=SHOW QUERIES;&#xD;
info: Kafka.Ksql.Linq.KsqlContext[0]&#xD;
      ksql execute: EXECUTE SQL=SHOW QUERIES;&#xD;
info: Streamiz.Kafka.Net.Processors.StreamThread[0]&#xD;
      Processed 0 total records, ran 0 punctuators and committed 0 total tasks since the last update&#xD;
info: Kafka.Ksql.Linq.KsqlContext[0]&#xD;
      ksql execute: EXECUTE SQL=SHOW QUERIES;&#xD;
info: Kafka.Ksql.Linq.KsqlContext[0]&#xD;
      ksql execute: EXECUTE SQL=SHOW QUERIES;&#xD;
info: Kafka.Ksql.Linq.KsqlContext[0]&#xD;
      ksql execute: EXECUTE SQL=SHOW QUERIES;&#xD;
info: Kafka.Ksql.Linq.KsqlContext[0]&#xD;
      ksql execute: EXECUTE SQL=SHOW QUERIES;&#xD;
info: Kafka.Ksql.Linq.KsqlContext[0]&#xD;
      ksql execute: EXECUTE SQL=SHOW QUERIES;&#xD;
info: Kafka.Ksql.Linq.KsqlContext[0]&#xD;
      ksql execute: EXECUTE SQL=SHOW QUERIES;&#xD;
info: Kafka.Ksql.Linq.KsqlContext[0]&#xD;
      ksql execute: EXECUTE SQL=SHOW QUERIES;&#xD;
info: Kafka.Ksql.Linq.KsqlContext[0]&#xD;
      ksql execute: EXECUTE SQL=SHOW QUERIES;&#xD;
info: Kafka.Ksql.Linq.KsqlContext[0]&#xD;
      ksql execute: EXECUTE SQL=SHOW QUERIES;&#xD;
info: Kafka.Ksql.Linq.KsqlContext[0]&#xD;
      ksql execute: EXECUTE SQL=SHOW QUERIES;&#xD;
info: Kafka.Ksql.Linq.KsqlContext[0]&#xD;
      ksql execute: EXECUTE SQL=SHOW QUERIES;&#xD;
info: Kafka.Ksql.Linq.KsqlContext[0]&#xD;
      ksql execute: EXECUTE SQL=SHOW QUERIES;&#xD;
info: Kafka.Ksql.Linq.KsqlContext[0]&#xD;
      ksql execute: EXECUTE SQL=SHOW QUERIES;&#xD;
info: Kafka.Ksql.Linq.KsqlContext[0]&#xD;
      ksql execute: EXECUTE SQL=SHOW QUERIES;&#xD;
info: Kafka.Ksql.Linq.KsqlContext[0]&#xD;
      ksql execute: EXECUTE SQL=SHOW QUERIES;&#xD;
info: Kafka.Ksql.Linq.KsqlContext[0]&#xD;
      ksql execute: EXECUTE SQL=SHOW QUERIES;&#xD;
info: Kafka.Ksql.Linq.KsqlContext[0]&#xD;
      ksql execute: EXECUTE SQL=SHOW QUERIES;&#xD;
info: Kafka.Ksql.Linq.KsqlContext[0]&#xD;
      ksql execute: EXECUTE SQL=SHOW QUERIES;&#xD;
info: Kafka.Ksql.Linq.KsqlContext[0]&#xD;
      ksql execute: EXECUTE SQL=SHOW QUERIES;&#xD;
info: Kafka.Ksql.Linq.KsqlContext[0]&#xD;
      ksql execute: EXECUTE SQL=SHOW QUERIES;&#xD;
info: Kafka.Ksql.Linq.KsqlContext[0]&#xD;
      ksql execute: EXECUTE SQL=SHOW QUERIES;&#xD;
info: Kafka.Ksql.Linq.KsqlContext[0]&#xD;
      ksql execute: EXECUTE SQL=SHOW QUERIES;&#xD;
info: Kafka.Ksql.Linq.KsqlContext[0]&#xD;
      ksql execute: EXECUTE SQL=SHOW QUERIES;&#xD;
info: Kafka.Ksql.Linq.KsqlContext[0]&#xD;
      ksql execute: EXECUTE SQL=SHOW QUERIES;&#xD;
info: Kafka.Ksql.Linq.KsqlContext[0]&#xD;
      ksql execute: EXECUTE SQL=SHOW QUERIES;&#xD;
info: Kafka.Ksql.Linq.KsqlContext[0]&#xD;
      ksql execute: EXECUTE SQL=SHOW QUERIES;&#xD;
info: Kafka.Ksql.Linq.KsqlContext[0]&#xD;
      ksql execute: EXECUTE SQL=SHOW QUERIES;&#xD;
info: Kafka.Ksql.Linq.KsqlContext[0]&#xD;
      ksql execute: EXECUTE SQL=SHOW QUERIES;&#xD;
info: Kafka.Ksql.Linq.KsqlContext[0]&#xD;
      ksql execute: EXECUTE SQL=SHOW QUERIES;&#xD;
info: Kafka.Ksql.Linq.KsqlContext[0]&#xD;
      ksql execute: EXECUTE SQL=SHOW QUERIES;&#xD;
info: Streamiz.Kafka.Net.Processors.StreamThread[0]&#xD;
      Processed 0 total records, ran 0 punctuators and committed 0 total tasks since the last update&#xD;
info: Kafka.Ksql.Linq.KsqlContext[0]&#xD;
      ksql execute: EXECUTE SQL=SHOW QUERIES;&#xD;
info: Kafka.Ksql.Linq.KsqlContext[0]&#xD;
      ksql execute: EXECUTE SQL=SHOW QUERIES;&#xD;
info: Kafka.Ksql.Linq.KsqlContext[0]&#xD;
      ksql execute: EXECUTE SQL=SHOW QUERIES;&#xD;
info: Kafka.Ksql.Linq.KsqlContext[0]&#xD;
      ksql execute: EXECUTE SQL=SHOW QUERIES;&#xD;
info: Kafka.Ksql.Linq.KsqlContext[0]&#xD;
      ksql execute: EXECUTE SQL=SHOW QUERIES;&#xD;
info: Kafka.Ksql.Linq.KsqlContext[0]&#xD;
      ksql execute: EXECUTE SQL=SHOW QUERIES;&#xD;
info: Kafka.Ksql.Linq.KsqlContext[0]&#xD;
      ksql execute: EXECUTE SQL=SHOW QUERIES;&#xD;
info: Kafka.Ksql.Linq.KsqlContext[0]&#xD;
      ksql execute: EXECUTE SQL=SHOW QUERIES;&#xD;
info: Kafka.Ksql.Linq.KsqlContext[0]&#xD;
      ksql execute: EXECUTE SQL=SHOW QUERIES;&#xD;
info: Kafka.Ksql.Linq.KsqlContext[0]&#xD;
      ksql execute: EXECUTE SQL=SHOW QUERIES;&#xD;
info: Kafka.Ksql.Linq.KsqlContext[0]&#xD;
      ksql execute: EXECUTE SQL=SHOW QUERIES;&#xD;
info: Kafka.Ksql.Linq.KsqlContext[0]&#xD;
      ksql execute: EXECUTE SQL=SHOW QUERIES;&#xD;
info: Kafka.Ksql.Linq.KsqlContext[0]&#xD;
      ksql execute: EXECUTE SQL=SHOW QUERIES;&#xD;
info: Kafka.Ksql.Linq.KsqlContext[0]&#xD;
      ksql execute: EXECUTE SQL=SHOW QUERIES;&#xD;
info: Kafka.Ksql.Linq.KsqlContext[0]&#xD;
      ksql execute: EXECUTE SQL=SHOW QUERIES;&#xD;
info: Kafka.Ksql.Linq.KsqlContext[0]&#xD;
      ksql execute: EXECUTE SQL=SHOW QUERIES;&#xD;
info: Kafka.Ksql.Linq.KsqlContext[0]&#xD;
      ksql execute: EXECUTE SQL=SHOW QUERIES;&#xD;
info: Kafka.Ksql.Linq.KsqlContext[0]&#xD;
      ksql execute: EXECUTE SQL=SHOW QUERIES;&#xD;
info: Kafka.Ksql.Linq.KsqlContext[0]&#xD;
      ksql execute: EXECUTE SQL=SHOW QUERIES;&#xD;
info: Kafka.Ksql.Linq.KsqlContext[0]&#xD;
      ksql execute: EXECUTE SQL=SHOW QUERIES;&#xD;
info: Kafka.Ksql.Linq.KsqlContext[0]&#xD;
      ksql execute: EXECUTE SQL=SHOW QUERIES;&#xD;
info: Kafka.Ksql.Linq.KsqlContext[0]&#xD;
      ksql execute: EXECUTE SQL=SHOW QUERIES;&#xD;
info: Kafka.Ksql.Linq.KsqlContext[0]&#xD;
      ksql execute: EXECUTE SQL=SHOW QUERIES;&#xD;
info: Kafka.Ksql.Linq.KsqlContext[0]&#xD;
      ksql execute: EXECUTE SQL=SHOW QUERIES;&#xD;
info: Kafka.Ksql.Linq.KsqlContext[0]&#xD;
      ksql execute: EXECUTE SQL=SHOW QUERIES;&#xD;
info: Kafka.Ksql.Linq.KsqlContext[0]&#xD;
      ksql execute: EXECUTE SQL=SHOW QUERIES;&#xD;
info: Kafka.Ksql.Linq.KsqlContext[0]&#xD;
      ksql execute: EXECUTE SQL=SHOW QUERIES;&#xD;
info: Kafka.Ksql.Linq.KsqlContext[0]&#xD;
      ksql execute: EXECUTE SQL=SHOW QUERIES;&#xD;
info: Kafka.Ksql.Linq.KsqlContext[0]&#xD;
      ksql execute: EXECUTE SQL=SHOW QUERIES;&#xD;
info: Streamiz.Kafka.Net.Processors.StreamThread[0]&#xD;
      Processed 0 total records, ran 0 punctuators and committed 0 total tasks since the last update&#xD;
info: Kafka.Ksql.Linq.KsqlContext[0]&#xD;
      ksql execute: EXECUTE SQL=SHOW QUERIES;&#xD;
info: Kafka.Ksql.Linq.KsqlContext[0]&#xD;
      ksql execute: EXECUTE SQL=SHOW QUERIES;&#xD;
info: Kafka.Ksql.Linq.KsqlContext[0]&#xD;
      ksql execute: EXECUTE SQL=SHOW QUERIES;&#xD;
info: Kafka.Ksql.Linq.KsqlContext[0]&#xD;
      ksql execute: EXECUTE SQL=SHOW QUERIES;&#xD;
info: Kafka.Ksql.Linq.KsqlContext[0]&#xD;
      ksql execute: EXECUTE SQL=SHOW QUERIES;&#xD;
info: Kafka.Ksql.Linq.KsqlContext[0]&#xD;
      ksql execute: EXECUTE SQL=SHOW QUERIES;&#xD;
info: Kafka.Ksql.Linq.KsqlContext[0]&#xD;
      ksql execute: EXECUTE SQL=SHOW QUERIES;&#xD;
info: Kafka.Ksql.Linq.KsqlContext[0]&#xD;
      ksql execute: EXECUTE SQL=SHOW QUERIES;&#xD;
info: Kafka.Ksql.Linq.KsqlContext[0]&#xD;
      ksql execute: EXECUTE SQL=SHOW QUERIES;&#xD;
info: Kafka.Ksql.Linq.KsqlContext[0]&#xD;
      ksql execute: EXECUTE SQL=SHOW QUERIES;&#xD;
info: Kafka.Ksql.Linq.KsqlContext[0]&#xD;
      ksql execute: EXECUTE SQL=SHOW QUERIES;&#xD;
info: Kafka.Ksql.Linq.KsqlContext[0]&#xD;
      ksql execute: EXECUTE SQL=SHOW QUERIES;&#xD;
info: Kafka.Ksql.Linq.KsqlContext[0]&#xD;
      ksql execute: EXECUTE SQL=SHOW QUERIES;&#xD;
info: Kafka.Ksql.Linq.KsqlContext[0]&#xD;
      ksql execute: EXECUTE SQL=SHOW QUERIES;&#xD;
info: Kafka.Ksql.Linq.KsqlContext[0]&#xD;
      ksql execute: EXECUTE SQL=SHOW QUERIES;&#xD;
info: Kafka.Ksql.Linq.KsqlContext[0]&#xD;
      ksql execute: EXECUTE SQL=SHOW QUERIES;&#xD;
info: Kafka.Ksql.Linq.KsqlContext[0]&#xD;
      ksql execute: EXECUTE SQL=SHOW QUERIES;&#xD;
info: Kafka.Ksql.Linq.KsqlContext[0]&#xD;
      ksql execute: EXECUTE SQL=SHOW QUERIES;&#xD;
info: Kafka.Ksql.Linq.KsqlContext[0]&#xD;
      ksql execute: EXECUTE SQL=SHOW QUERIES;&#xD;
info: Kafka.Ksql.Linq.KsqlContext[0]&#xD;
      ksql execute: EXECUTE SQL=SHOW QUERIES;&#xD;
info: Kafka.Ksql.Linq.KsqlContext[0]&#xD;
      ksql execute: EXECUTE SQL=SHOW QUERIES;&#xD;
fail: Kafka.Ksql.Linq.KsqlContext[0]&#xD;
      KsqlContext initialization failed: CTAS/CSAS query for bar_15m_live did not reach RUNNING within 180s &#xD;
      System.TimeoutException: CTAS/CSAS query for bar_15m_live did not reach RUNNING within 180s&#xD;
         at Kafka.Ksql.Linq.KsqlContext.&lt;&gt;c__DisplayClass95_0.&lt;&lt;EnsureQueryEntityDdlAsync&gt;g__EnsureDerivedQueryEntityDdlAsync|0&gt;d.MoveNext()&#xD;
      --- End of stack trace from previous location ---&#xD;
         at Kafka.Ksql.Linq.KsqlContext.EnsureQueryEntityDdlAsync(Type type, EntityModel model)&#xD;
         at Kafka.Ksql.Linq.KsqlContext.RegisterSchemasAndMaterializeAsync()&#xD;
         at Kafka.Ksql.Linq.KsqlContext.InitializeWithSchemaRegistration()&#xD;
         at Kafka.Ksql.Linq.KsqlContext.InitializeCore(ILoggerFactory loggerFactory)&#xD;
[xUnit.net 00:38:29.82]       System.TimeoutException : CTAS/CSAS query for bar_15m_live did not reach RUNNING within 180s&#xD;
[xUnit.net 00:38:29.82]       Stack Trace:&#xD;
[xUnit.net 00:38:29.82]            at Kafka.Ksql.Linq.KsqlContext.&lt;&gt;c__DisplayClass95_0.&lt;&lt;EnsureQueryEntityDdlAsync&gt;g__EnsureDerivedQueryEntityDdlAsync|0&gt;d.MoveNext()&#xD;
[xUnit.net 00:38:29.82]         --- End of stack trace from previous location ---&#xD;
[xUnit.net 00:38:29.82]            at Kafka.Ksql.Linq.KsqlContext.EnsureQueryEntityDdlAsync(Type type, EntityModel model)&#xD;
[xUnit.net 00:38:29.82]            at Kafka.Ksql.Linq.KsqlContext.RegisterSchemasAndMaterializeAsync()&#xD;
[xUnit.net 00:38:29.82]            at Kafka.Ksql.Linq.KsqlContext.InitializeWithSchemaRegistration()&#xD;
[xUnit.net 00:38:29.82]            at Kafka.Ksql.Linq.KsqlContext.InitializeCore(ILoggerFactory loggerFactory)&#xD;
[xUnit.net 00:38:29.82]            at Kafka.Ksql.Linq.KsqlContext..ctor(KsqlDslOptions options, ILoggerFactory loggerFactory)&#xD;
[xUnit.net 00:38:29.82]         C:\dev\experimental\physicalTests\OssSamples\BarDslMultiTierTests.cs(41,0): at Kafka.Ksql.Linq.Tests.Integration.BarDslMultiTierTests.TestContext..ctor()&#xD;
[xUnit.net 00:38:29.82]         C:\dev\experimental\physicalTests\OssSamples\BarDslMultiTierTests.cs(153,0): at Kafka.Ksql.Linq.Tests.Integration.BarDslMultiTierTests.MultiTier_1m_5m_15m_60m_Create_And_Ohlc_Sanity()&#xD;
[xUnit.net 00:38:29.82]         --- End of stack trace from previous location ---&#xD;
info: Kafka.Ksql.Linq.KsqlContext[0]&#xD;
      ksql execute: EXECUTE SQL=SHOW TOPICS;&#xD;
info: Kafka.Ksql.Linq.KsqlContext[0]&#xD;
      KSQL DDL (simple Rate): CREATE OR REPLACE STREAM deduprates (Broker VARCHAR KEY, Symbol VARCHAR KEY, Timestamp TIMESTAMP, Bid DOUBLE) WITH (KAFKA_TOPIC='deduprates', KEY_FORMAT='AVRO', VALUE_FORMAT='AVRO', VALUE_AVRO_SCHEMA_FULL_NAME='kafka_ksql_linq_tests_integration.deduprates_valueAvro', TIMESTAMP='Timestamp', PARTITIONS=1, REPLICAS=1);&#xD;
info: Kafka.Ksql.Linq.KsqlContext[0]&#xD;
      ksql execute: EXECUTE SQL=CREATE OR REPLACE STREAM deduprates (Broker VARCHAR KEY, Symbol VARCHAR KEY, Timestamp TIMESTAMP, Bid DOUBLE) WITH (KAFK...&#xD;
info: Kafka.Ksql.Linq.KsqlContext[0]&#xD;
      ksql execute: EXECUTE SQL=DESCRIBE EXTENDED DEDUPRATES;&#xD;
info: Kafka.Ksql.Linq.KsqlContext[0]&#xD;
      ksql execute: EXECUTE SQL=DESCRIBE EXTENDED DEDUPRATES;&#xD;
info: Kafka.Ksql.Linq.KsqlContext[0]&#xD;
      ksql execute: EXECUTE SQL=DESCRIBE EXTENDED DEDUPRATES;&#xD;
info: Kafka.Ksql.Linq.KsqlContext[0]&#xD;
      ksql execute: EXECUTE SQL=DESCRIBE EXTENDED DEDUPRATES;&#xD;
info: Kafka.Ksql.Linq.KsqlContext[0]&#xD;
      ksql execute: EXECUTE SQL=DESCRIBE EXTENDED DEDUPRATES;&#xD;
info: Kafka.Ksql.Linq.KsqlContext[0]&#xD;
      ksql execute: EXECUTE SQL=DESCRIBE EXTENDED DEDUPRATES;&#xD;
info: Kafka.Ksql.Linq.KsqlContext[0]&#xD;
      ksql execute: EXECUTE SQL=DESCRIBE EXTENDED DEDUPRATES;&#xD;
info: Kafka.Ksql.Linq.KsqlContext[0]&#xD;
      ksql execute: EXECUTE SQL=DESCRIBE EXTENDED DEDUPRATES;&#xD;
info: Kafka.Ksql.Linq.KsqlContext[0]&#xD;
      ksql execute: EXECUTE SQL=DESCRIBE EXTENDED DEDUPRATES;&#xD;
info: Kafka.Ksql.Linq.KsqlContext[0]&#xD;
      ksql execute: EXECUTE SQL=DESCRIBE EXTENDED DEDUPRATES;&#xD;
info: Kafka.Ksql.Linq.KsqlContext[0]&#xD;
      ksql execute: EXECUTE SQL=DESCRIBE EXTENDED DEDUPRATES;&#xD;
info: Kafka.Ksql.Linq.KsqlContext[0]&#xD;
      ksql execute: EXECUTE SQL=DESCRIBE EXTENDED DEDUPRATES;&#xD;
info: Kafka.Ksql.Linq.KsqlContext[0]&#xD;
      ksql execute: EXECUTE SQL=DESCRIBE EXTENDED DEDUPRATES;&#xD;
info: Kafka.Ksql.Linq.KsqlContext[0]&#xD;
      ksql execute: EXECUTE SQL=DESCRIBE EXTENDED DEDUPRATES;&#xD;
info: Kafka.Ksql.Linq.KsqlContext[0]&#xD;
      ksql execute: EXECUTE SQL=DESCRIBE EXTENDED DEDUPRATES;&#xD;
info: Streamiz.Kafka.Net.Processors.StreamThread[0]&#xD;
      Processed 0 total records, ran 0 punctuators and committed 0 total tasks since the last update&#xD;
info: Kafka.Ksql.Linq.KsqlContext[0]&#xD;
      ksql execute: EXECUTE SQL=DESCRIBE EXTENDED DEDUPRATES;&#xD;
info: Kafka.Ksql.Linq.KsqlContext[0]&#xD;
      ksql execute: EXECUTE SQL=DESCRIBE EXTENDED DEDUPRATES;&#xD;
info: Kafka.Ksql.Linq.KsqlContext[0]&#xD;
      ksql execute: EXECUTE SQL=DESCRIBE EXTENDED DEDUPRATES;&#xD;
info: Kafka.Ksql.Linq.KsqlContext[0]&#xD;
      ksql execute: EXECUTE SQL=DESCRIBE EXTENDED DEDUPRATES;&#xD;
info: Kafka.Ksql.Linq.KsqlContext[0]&#xD;
      ksql execute: EXECUTE SQL=DESCRIBE EXTENDED DEDUPRATES;&#xD;
info: Kafka.Ksql.Linq.KsqlContext[0]&#xD;
      ksql execute: EXECUTE SQL=DESCRIBE EXTENDED DEDUPRATES;&#xD;
info: Kafka.Ksql.Linq.KsqlContext[0]&#xD;
      ksql execute: EXECUTE SQL=DESCRIBE EXTENDED DEDUPRATES;&#xD;
info: Kafka.Ksql.Linq.KsqlContext[0]&#xD;
      ksql execute: EXECUTE SQL=DESCRIBE EXTENDED DEDUPRATES;&#xD;
info: Kafka.Ksql.Linq.KsqlContext[0]&#xD;
      ksql execute: EXECUTE SQL=DESCRIBE EXTENDED DEDUPRATES;&#xD;
info: Kafka.Ksql.Linq.KsqlContext[0]&#xD;
      ksql execute: EXECUTE SQL=SHOW TOPICS;&#xD;
info: Kafka.Ksql.Linq.KsqlContext[0]&#xD;
      KSQL DDL (simple DlqEnvelope): CREATE OR REPLACE STREAM dead_letter_queue (`Topic` VARCHAR KEY, `Partition` INT KEY, `Offset` BIGINT KEY, TimestampUtc VARCHAR, IngestedAtUtc VARCHAR, PayloadFormatKey VARCHAR, PayloadFormatValue VARCHAR, SchemaIdKey VARCHAR, SchemaIdValue VARCHAR, KeyIsNull BOOLEAN, ErrorType VARCHAR, ErrorMessageShort VARCHAR, StackTraceShort VARCHAR, ErrorFingerprint VARCHAR, ApplicationId VARCHAR, ConsumerGroup VARCHAR, Host VARCHAR, Headers MAP&lt;STRING, STRING&gt;) WITH (KAFKA_TOPIC='dead-letter-queue', KEY_FORMAT='AVRO', VALUE_FORMAT='AVRO', VALUE_AVRO_SCHEMA_FULL_NAME='kafka_ksql_linq_messaging.dead_letter_queue_valueAvro', PARTITIONS=1, REPLICAS=1);&#xD;
info: Kafka.Ksql.Linq.KsqlContext[0]&#xD;
      ksql execute: EXECUTE SQL=CREATE OR REPLACE STREAM dead_letter_queue (`Topic` VARCHAR KEY, `Partition` INT KEY, `Offset` BIGINT KEY, TimestampUtc ...&#xD;
info: Kafka.Ksql.Linq.KsqlContext[0]&#xD;
      ksql execute: EXECUTE SQL=DESCRIBE EXTENDED DEAD-LETTER-QUEUE;&#xD;
info: Kafka.Ksql.Linq.KsqlContext[0]&#xD;
      ksql execute: EXECUTE SQL=DESCRIBE EXTENDED DEAD-LETTER-QUEUE;&#xD;
info: Kafka.Ksql.Linq.KsqlContext[0]&#xD;
      ksql execute: EXECUTE SQL=DESCRIBE EXTENDED DEAD-LETTER-QUEUE;&#xD;
info: Kafka.Ksql.Linq.KsqlContext[0]&#xD;
      ksql execute: EXECUTE SQL=DESCRIBE EXTENDED DEAD-LETTER-QUEUE;&#xD;
info: Kafka.Ksql.Linq.KsqlContext[0]&#xD;
      ksql execute: EXECUTE SQL=DESCRIBE EXTENDED DEAD-LETTER-QUEUE;&#xD;
info: Kafka.Ksql.Linq.KsqlContext[0]&#xD;
      ksql execute: EXECUTE SQL=DESCRIBE EXTENDED DEAD-LETTER-QUEUE;&#xD;
info: Kafka.Ksql.Linq.KsqlContext[0]&#xD;
      ksql execute: EXECUTE SQL=DESCRIBE EXTENDED DEAD-LETTER-QUEUE;&#xD;
info: Kafka.Ksql.Linq.KsqlContext[0]&#xD;
      ksql execute: EXECUTE SQL=DESCRIBE EXTENDED DEAD-LETTER-QUEUE;&#xD;
info: Kafka.Ksql.Linq.KsqlContext[0]&#xD;
      ksql execute: EXECUTE SQL=DESCRIBE EXTENDED DEAD-LETTER-QUEUE;&#xD;
info: Kafka.Ksql.Linq.KsqlContext[0]&#xD;
      ksql execute: EXECUTE SQL=DESCRIBE EXTENDED DEAD-LETTER-QUEUE;&#xD;
info: Kafka.Ksql.Linq.KsqlContext[0]&#xD;
      ksql execute: EXECUTE SQL=DESCRIBE EXTENDED DEAD-LETTER-QUEUE;&#xD;
info: Kafka.Ksql.Linq.KsqlContext[0]&#xD;
      ksql execute: EXECUTE SQL=DESCRIBE EXTENDED DEAD-LETTER-QUEUE;&#xD;
info: Kafka.Ksql.Linq.KsqlContext[0]&#xD;
      ksql execute: EXECUTE SQL=DESCRIBE EXTENDED DEAD-LETTER-QUEUE;&#xD;
info: Kafka.Ksql.Linq.KsqlContext[0]&#xD;
      ksql execute: EXECUTE SQL=DESCRIBE EXTENDED DEAD-LETTER-QUEUE;&#xD;
info: Kafka.Ksql.Linq.KsqlContext[0]&#xD;
      ksql execute: EXECUTE SQL=DESCRIBE EXTENDED DEAD-LETTER-QUEUE;&#xD;
info: Kafka.Ksql.Linq.KsqlContext[0]&#xD;
      ksql execute: EXECUTE SQL=DESCRIBE EXTENDED DEAD-LETTER-QUEUE;&#xD;
info: Kafka.Ksql.Linq.KsqlContext[0]&#xD;
      ksql execute: EXECUTE SQL=DESCRIBE EXTENDED DEAD-LETTER-QUEUE;&#xD;
info: Kafka.Ksql.Linq.KsqlContext[0]&#xD;
      ksql execute: EXECUTE SQL=DESCRIBE EXTENDED DEAD-LETTER-QUEUE;&#xD;
info: Kafka.Ksql.Linq.KsqlContext[0]&#xD;
      ksql execute: EXECUTE SQL=DESCRIBE EXTENDED DEAD-LETTER-QUEUE;&#xD;
info: Kafka.Ksql.Linq.KsqlContext[0]&#xD;
      ksql execute: EXECUTE SQL=DESCRIBE EXTENDED DEAD-LETTER-QUEUE;&#xD;
info: Kafka.Ksql.Linq.KsqlContext[0]&#xD;
      ksql execute: EXECUTE SQL=DESCRIBE EXTENDED DEAD-LETTER-QUEUE;&#xD;
info: Kafka.Ksql.Linq.KsqlContext[0]&#xD;
      ksql execute: EXECUTE SQL=DESCRIBE EXTENDED DEAD-LETTER-QUEUE;&#xD;
info: Kafka.Ksql.Linq.KsqlContext[0]&#xD;
      ksql execute: EXECUTE SQL=DESCRIBE EXTENDED DEAD-LETTER-QUEUE;&#xD;
info: Kafka.Ksql.Linq.KsqlContext[0]&#xD;
      ksql execute: EXECUTE SQL=DESCRIBE EXTENDED DEAD-LETTER-QUEUE;&#xD;
info: Kafka.Ksql.Linq.Infrastructure.Admin.KafkaAdminService[0]&#xD;
      DB topic created: marketschedule&#xD;
info: Kafka.Ksql.Linq.KsqlContext[0]&#xD;
      ksql execute: EXECUTE SQL=SHOW TOPICS;&#xD;
info: Kafka.Ksql.Linq.KsqlContext[0]&#xD;
      KSQL DDL (simple MarketSchedule): CREATE OR REPLACE STREAM marketschedule (Broker VARCHAR KEY, Symbol VARCHAR KEY, Open TIMESTAMP, Close TIMESTAMP, MarketDate TIMESTAMP) WITH (KAFKA_TOPIC='marketschedule', KEY_FORMAT='AVRO', VALUE_FORMAT='AVRO', VALUE_AVRO_SCHEMA_FULL_NAME='kafka_ksql_linq_tests_integration.marketschedule_valueAvro', PARTITIONS=1, REPLICAS=1);&#xD;
info: Kafka.Ksql.Linq.KsqlContext[0]&#xD;
      ksql execute: EXECUTE SQL=CREATE OR REPLACE STREAM marketschedule (Broker VARCHAR KEY, Symbol VARCHAR KEY, Open TIMESTAMP, Close TIMESTAMP, Market...&#xD;
info: Kafka.Ksql.Linq.KsqlContext[0]&#xD;
      ksql execute: EXECUTE SQL=DESCRIBE EXTENDED MARKETSCHEDULE;&#xD;
info: Kafka.Ksql.Linq.KsqlContext[0]&#xD;
      ksql execute: EXECUTE SQL=DESCRIBE EXTENDED MARKETSCHEDULE;&#xD;
info: Kafka.Ksql.Linq.KsqlContext[0]&#xD;
      ksql execute: EXECUTE SQL=DESCRIBE EXTENDED MARKETSCHEDULE;&#xD;
info: Kafka.Ksql.Linq.KsqlContext[0]&#xD;
      ksql execute: EXECUTE SQL=DESCRIBE EXTENDED MARKETSCHEDULE;&#xD;
info: Kafka.Ksql.Linq.KsqlContext[0]&#xD;
      ksql execute: EXECUTE SQL=DESCRIBE EXTENDED MARKETSCHEDULE;&#xD;
info: Kafka.Ksql.Linq.KsqlContext[0]&#xD;
      ksql execute: EXECUTE SQL=DESCRIBE EXTENDED MARKETSCHEDULE;&#xD;
info: Kafka.Ksql.Linq.KsqlContext[0]&#xD;
      ksql execute: EXECUTE SQL=DESCRIBE EXTENDED MARKETSCHEDULE;&#xD;
info: Kafka.Ksql.Linq.KsqlContext[0]&#xD;
      ksql execute: EXECUTE SQL=DESCRIBE EXTENDED MARKETSCHEDULE;&#xD;
info: Kafka.Ksql.Linq.KsqlContext[0]&#xD;
      ksql execute: EXECUTE SQL=DESCRIBE EXTENDED MARKETSCHEDULE;&#xD;
info: Kafka.Ksql.Linq.KsqlContext[0]&#xD;
      ksql execute: EXECUTE SQL=DESCRIBE EXTENDED MARKETSCHEDULE;&#xD;
info: Kafka.Ksql.Linq.KsqlContext[0]&#xD;
      ksql execute: EXECUTE SQL=DESCRIBE EXTENDED MARKETSCHEDULE;&#xD;
info: Kafka.Ksql.Linq.KsqlContext[0]&#xD;
      ksql execute: EXECUTE SQL=DESCRIBE EXTENDED MARKETSCHEDULE;&#xD;
info: Kafka.Ksql.Linq.KsqlContext[0]&#xD;
      ksql execute: EXECUTE SQL=DESCRIBE EXTENDED MARKETSCHEDULE;&#xD;
info: Kafka.Ksql.Linq.KsqlContext[0]&#xD;
      ksql execute: EXECUTE SQL=DESCRIBE EXTENDED MARKETSCHEDULE;&#xD;
info: Kafka.Ksql.Linq.KsqlContext[0]&#xD;
      ksql execute: EXECUTE SQL=DESCRIBE EXTENDED MARKETSCHEDULE;&#xD;
info: Kafka.Ksql.Linq.KsqlContext[0]&#xD;
      ksql execute: EXECUTE SQL=DESCRIBE EXTENDED MARKETSCHEDULE;&#xD;
info: Kafka.Ksql.Linq.KsqlContext[0]&#xD;
      ksql execute: EXECUTE SQL=DESCRIBE EXTENDED MARKETSCHEDULE;&#xD;
info: Kafka.Ksql.Linq.KsqlContext[0]&#xD;
      ksql execute: EXECUTE SQL=DESCRIBE EXTENDED MARKETSCHEDULE;&#xD;
info: Kafka.Ksql.Linq.KsqlContext[0]&#xD;
      ksql execute: EXECUTE SQL=DESCRIBE EXTENDED MARKETSCHEDULE;&#xD;
info: Kafka.Ksql.Linq.KsqlContext[0]&#xD;
      ksql execute: EXECUTE SQL=DESCRIBE EXTENDED MARKETSCHEDULE;&#xD;
info: Kafka.Ksql.Linq.KsqlContext[0]&#xD;
      ksql execute: EXECUTE SQL=DESCRIBE EXTENDED MARKETSCHEDULE;&#xD;
info: Kafka.Ksql.Linq.KsqlContext[0]&#xD;
      ksql execute: EXECUTE SQL=DESCRIBE EXTENDED MARKETSCHEDULE;&#xD;
info: Kafka.Ksql.Linq.KsqlContext[0]&#xD;
      ksql execute: EXECUTE SQL=DESCRIBE EXTENDED MARKETSCHEDULE;&#xD;
info: Kafka.Ksql.Linq.KsqlContext[0]&#xD;
      ksql execute: EXECUTE SQL=DESCRIBE EXTENDED MARKETSCHEDULE;&#xD;
info: Kafka.Ksql.Linq.KsqlContext[0]&#xD;
      KSQL DDL (derived bar1wkfinal_1s_final): CREATE TABLE bar1wkfinal_1s_final  WITH (KAFKA_TOPIC='bar1wkfinal_1s_final', KEY_FORMAT='AVRO', VALUE_FORMAT='AVRO') AS&#xD;
      SELECT BROKER AS Broker, SYMBOL AS Symbol, WINDOWSTART AS BucketStart, EARLIEST_BY_OFFSET(Bid) AS Open, MAX(Bid) AS High, MIN(Bid) AS Low, LATEST_BY_OFFSET(Bid) AS KsqlTimeFrameClose&#xD;
      FROM DEDUPRATES o WINDOW TUMBLING (SIZE 1 SECONDS)&#xD;
      GROUP BY BROKER, SYMBOL&#xD;
      EMIT FINAL;&#xD;
info: Kafka.Ksql.Linq.KsqlContext[0]&#xD;
      ksql execute: EXECUTE SQL=CREATE TABLE bar1wkfinal_1s_final  WITH (KAFKA_TOPIC='bar1wkfinal_1s_final', KEY_FORMAT='AVRO', VALUE_FORMAT='AVRO') AS ...&#xD;
info: Kafka.Ksql.Linq.KsqlContext[0]&#xD;
      KSQL DDL (derived bar1wkfinal_1s_final_s): CREATE STREAM bar1wkfinal_1s_final_s (BROKER VARCHAR KEY, SYMBOL VARCHAR KEY, BUCKETSTART TIMESTAMP KEY, OPEN DOUBLE, HIGH DOUBLE, LOW DOUBLE, KSQLTIMEFRAMECLOSE DOUBLE) WITH (KAFKA_TOPIC='bar1wkfinal_1s_final', KEY_FORMAT='AVRO', VALUE_FORMAT='AVRO', VALUE_AVRO_SCHEMA_FULL_NAME='bar1wkfinal_ksql.bar1wkfinal_1s_final_s_valueAvro', PARTITIONS=1, REPLICAS=1, RETENTION_MS=604800000);&#xD;
info: Kafka.Ksql.Linq.KsqlContext[0]&#xD;
      ksql execute: EXECUTE SQL=CREATE STREAM bar1wkfinal_1s_final_s (BROKER VARCHAR KEY, SYMBOL VARCHAR KEY, BUCKETSTART TIMESTAMP KEY, OPEN DOUBLE, HI...&#xD;
info: Kafka.Ksql.Linq.KsqlContext[0]&#xD;
      KSQL DDL (derived bar1wkfinal_7d_live): CREATE TABLE bar1wkfinal_7d_live  WITH (KAFKA_TOPIC='bar1wkfinal_7d_live', KEY_FORMAT='AVRO', VALUE_FORMAT='AVRO') AS&#xD;
      SELECT BROKER AS Broker, SYMBOL AS Symbol, WINDOWSTART AS BucketStart, EARLIEST_BY_OFFSET(o.OPEN) AS Open, MAX(o.HIGH) AS High, MIN(o.LOW) AS Low, LATEST_BY_OFFSET(o.KSQLTIMEFRAMECLOSE) AS KsqlTimeFrameClose&#xD;
      FROM bar1wkfinal_1s_final_s o WINDOW TUMBLING (SIZE 7 DAYS, GRACE PERIOD 2 SECONDS)&#xD;
      GROUP BY BROKER, SYMBOL&#xD;
      EMIT CHANGES;&#xD;
info: Kafka.Ksql.Linq.KsqlContext[0]&#xD;
      ksql execute: EXECUTE SQL=CREATE TABLE bar1wkfinal_7d_live  WITH (KAFKA_TOPIC='bar1wkfinal_7d_live', KEY_FORMAT='AVRO', VALUE_FORMAT='AVRO') AS  S...&#xD;
info: Kafka.Ksql.Linq.KsqlContext[0]&#xD;
      ksql execute: EXECUTE SQL=SHOW QUERIES;&#xD;
info: Kafka.Ksql.Linq.KsqlContext[0]&#xD;
      SHOW QUERIES output (attempt 1): [{"@type":"queries","statementText":"SHOW QUERIES;","queries":[{"queryString":"CREATE TABLE BAR_15M_LIVE WITH (CLEANUP_POLICY='compact,delete', KAFKA_TOPIC='bar_15m_live', KEY_FORMAT='AVRO', PARTITIONS=1, REPLICAS=1, RETENTION_MS=604800000, VALUE_FORMAT='AVRO') AS SELECT\n  O.BROKER BROKER,\n  O.SYMBOL SYMBOL,\n  WINDOWSTART BUCKETSTART,\n  EARLIEST_BY_OFFSET(O.OPEN) OPEN,\n  MAX(O.HIGH) HIGH,\n  MIN(O.LOW) LOW,\n  LATEST_BY_OFFSET(O.KSQLTIMEFRAMECLOSE) KSQLTIMEFRAMECLOSE\nFROM BAR_1S_FINAL_S O\nWINDOW TUMBLING ( SIZE 15 MINUTES , GRACE PERIOD 4 SECONDS ) \nGROUP BY O.BROKER, O.SYMBOL\nEMIT CHANGES;","sinks":["BAR_15M_LIVE"],"sinkKafkaTopics":["bar_15m_live"],"id":"CTAS_BAR_15M_LIVE_109","statusCount":{"RUNNING":1},"queryType":"PERSISTENT","state":"RUNNING"},{"queryString":"CREATE TABLE BAR_1S_FINAL WITH (CLEANUP_POLICY='compact,delete', KAFKA_TOPIC='bar_1s_final', KEY_FORMAT='AVRO', PARTITIONS=1, REPLICAS=1, RETENTION_MS=604800000, VALUE_FORMAT='AVRO') AS SELECT\n  O.BROKER BROKER,\n  O.SYMBOL SYMBOL,\n  WINDOWSTART BUCKETSTART,\n  EARLIEST_BY_OFFSET(O.BID) OPEN,\n  MAX(O.BID) HIGH,\n  MIN(O.BID) LOW,\n  LATEST_BY_OFFSET(O.BID) KSQLTIMEFRAMECLOSE\nFROM DEDUPRATES O\nWINDOW TUMBLING ( SIZE 1 SECONDS ) \nGROUP BY O.BROKER, O.SYMBOL\nEMIT FINAL;","sinks":["BAR_1S_FINAL"],"sinkKafkaTopics":["bar_1s_final"],"id":"CTAS_BAR_1S_FINAL_97","statusCount":{"RUNNING":1},"queryType":"PERSISTENT","state":"RUNNING"},{"queryString":"CREATE TABLE BAR1WKFINAL_1S_FINAL WITH (CLEANUP_POLICY='compact,delete', KAFKA_TOPIC='bar1wkfinal_1s_final', KEY_FORMAT='AVRO', PARTITIONS=1, REPLICAS=1, RETENTION_MS=604800000, VALUE_FORMAT='AVRO') AS SELECT\n  O.BROKER BROKER,\n  O.SYMBOL SYMBOL,\n  WINDOWSTART BUCKETSTART,\n  EARLIEST_BY_OFFSET(O.BID) OPEN,\n  MAX(O.BID) HIGH,\n  MIN(O.BID) LOW,\n  LATEST_BY_OFFSET(O.BID) KSQLTIMEFRAMECLOSE\nFROM DEDUPRATES O\nWINDOW TUMBLING ( SIZE 1 SECONDS ) \nGROUP BY O.BROKER, O.SYMBOL\nEMIT FINAL;","sinks":["BAR1WKFINAL_1S_FINAL"],"sinkKafkaTopics":["bar1wkfinal_1s_final"],"id":"CTAS_BAR1WKFINAL_1S_FINAL_119","statusCount":{"RUNNING":1},"queryType":"PERSISTENT","state":"RUNNING"},{"queryString":"CREATE TABLE BAR1WKFINAL_7D_LIVE WITH (CLEANUP_POLICY='compact,delete', KAFKA_TOPIC='bar1wkfinal_7d_live', KEY_FORMAT='AVRO', PARTITIONS=1, REPLICAS=1, RETENTION_MS=604800000, VALUE_FORMAT='AVRO') AS SELECT\n  O.BROKER BROKER,\n  O.SYMBOL SYMBOL,\n  WINDOWSTART BUCKETSTART,\n  EARLIEST_BY_OFFSET(O.OPEN) OPEN,\n  MAX(O.HIGH) HIGH,\n  MIN(O.LOW) LOW,\n  LATEST_BY_OFFSET(O.KSQLTIMEFRAMECLOSE) KSQLTIMEFRAMECLOSE\nFROM BAR1WKFINAL_1S_FINAL_S O\nWINDOW TUMBLING ( SIZE 7 DAYS , GRACE PERIOD 2 SECONDS ) \nGROUP BY O.BROKER, O.SYMBOL\nEMIT CHANGES;","sinks":["BAR1WKFINAL_7D_LIVE"],"sinkKafkaTopics":["bar1wkfinal_7d_live"],"id":"CTAS_BAR1WKFINAL_7D_LIVE_123","statusCount":{"RUNNING":1},"queryType":"PERSISTENT","state":"RUNNING"},{"queryString":"CREATE TABLE BAR_60M_LIVE WITH (CLEANUP_POLICY='compact,delete', KAFKA_TOPIC='bar_60m_live', KEY_FORMAT='AVRO', PARTITIONS=1, REPLICAS=1, RETENTION_MS=604800000, VALUE_FORMAT='AVRO') AS SELECT\n  O.BROKER BROKER,\n  O.SYMBOL SYMBOL,\n  WINDOWSTART BUCKETSTART,\n  EARLIEST_BY_OFFSET(O.OPEN) OPEN,\n  MAX(O.HIGH) HIGH,\n  MIN(O.LOW) LOW,\n  LATEST_BY_OFFSET(O.KSQLTIMEFRAMECLOSE) KSQLTIMEFRAMECLOSE\nFROM BAR_1S_FINAL_S O\nWINDOW TUMBLING ( SIZE 60 MINUTES , GRACE PERIOD 5 SECONDS ) \nGROUP BY O.BROKER, O.SYMBOL\nEMIT CHANGES;","sinks":["BAR_60M_LIVE"],"sinkKafkaTopics":["bar_60m_live"],"id":"CTAS_BAR_60M_LIVE_111","statusCount":{"RUNNING":1},"queryType":"PERSISTENT","state":"RUNNING"},{"queryString":"CREATE TABLE BAR_TBIMP_1M_LIVE WITH (CLEANUP_POLICY='compact,delete', KAFKA_TOPIC='bar_tbimp_1m_live', KEY_FORMAT='AVRO', PARTITIONS=1, REPLICAS=1, RETENTION_MS=604800000, VALUE_FORMAT='AVRO') AS SELECT\n  O.BROKER BROKER,\n  O.SYMBOL SYMBOL,\n  WINDOWSTART BUCKETSTART,\n  EARLIEST_BY_OFFSET(O.OPEN) OPEN,\n  MAX(O.HIGH) HIGH,\n  MIN(O.LOW) LOW,\n  LATEST_BY_OFFSET(O.CLOSE) CLOSE\nFROM BAR_TBIMP_1S_FINAL_S O\nWINDOW TUMBLING ( SIZE 1 MINUTES , GRACE PERIOD 2 SECONDS ) \nGROUP BY O.BROKER, O.SYMBOL\nEMIT CHANGES;","sinks":["BAR_TBIMP_1M_LIVE"],"sinkKafkaTopics":["bar_tbimp_1m_live"],"id":"CTAS_BAR_TBIMP_1M_LIVE_89","statusCount":{"RUNNING":1},"queryType":"PERSISTENT","state":"RUNNING"},{"queryString":"CREATE TABLE BAR_5M_LIVE WITH (CLEANUP_POLICY='compact,delete', KAFKA_TOPIC='bar_5m_live', KEY_FORMAT='AVRO', PARTITIONS=1, REPLICAS=1, RETENTION_MS=604800000, VALUE_FORMAT='AVRO') AS SELECT\n  O.BROKER BROKER,\n  O.SYMBOL SYMBOL,\n  WINDOWSTART BUCKETSTART,\n  EARLIEST_BY_OFFSET(O.OPEN) OPEN,\n  MAX(O.HIGH) HIGH,\n  MIN(O.LOW) LOW,\n  LATEST_BY_OFFSET(O.KSQLTIMEFRAMECLOSE) KSQLTIMEFRAMECLOSE\nFROM BAR_1S_FINAL_S O\nWINDOW TUMBLING ( SIZE 5 MINUTES , GRACE PERIOD 3 SECONDS ) \nGROUP BY O.BROKER, O.SYMBOL\nEMIT CHANGES;","sinks":["BAR_5M_LIVE"],"sinkKafkaTopics":["bar_5m_live"],"id":"CTAS_BAR_5M_LIVE_103","statusCount":{"RUNNING":1},"queryType":"PERSISTENT","state":"RUNNING"},{"queryString":"CREATE TABLE BAR_TBIMP_5M_LIVE WITH (CLEANUP_POLICY='compact,delete', KAFKA_TOPIC='bar_tbimp_5m_live', KEY_FORMAT='AVRO', PARTITIONS=1, REPLICAS=1, RETENTION_MS=604800000, VALUE_FORMAT='AVRO') AS SELECT\n  O.BROKER BROKER,\n  O.SYMBOL SYMBOL,\n  WINDOWSTART BUCKETSTART,\n  EARLIEST_BY_OFFSET(O.OPEN) OPEN,\n  MAX(O.HIGH) HIGH,\n  MIN(O.LOW) LOW,\n  LATEST_BY_OFFSET(O.CLOSE) CLOSE\nFROM BAR_TBIMP_1S_FINAL_S O\nWINDOW TUMBLING ( SIZE 5 MINUTES , GRACE PERIOD 3 SECONDS ) \nGROUP BY O.BROKER, O.SYMBOL\nEMIT CHANGES;","sinks":["BAR_TBIMP_5M_LIVE"],"sinkKafkaTopics":["bar_tbimp_5m_live"],"id":"CTAS_BAR_TBIMP_5M_LIVE_91","statusCount":{"RUNNING":1},"queryType":"PERSISTENT","state":"RUNNING"},{"queryString":"CREATE TABLE BAR_1M_LIVE WITH (CLEANUP_POLICY='compact,delete', KAFKA_TOPIC='bar_1m_live', KEY_FORMAT='AVRO', PARTITIONS=1, REPLICAS=1, RETENTION_MS=604800000, VALUE_FORMAT='AVRO') AS SELECT\n  O.BROKER BROKER,\n  O.SYMBOL SYMBOL,\n  WINDOWSTART BUCKETSTART,\n  EARLIEST_BY_OFFSET(O.OPEN) OPEN,\n  MAX(O.HIGH) HIGH,\n  MIN(O.LOW) LOW,\n  LATEST_BY_OFFSET(O.KSQLTIMEFRAMECLOSE) KSQLTIMEFRAMECLOSE\nFROM BAR_1S_FINAL_S O\nWINDOW TUMBLING ( SIZE 1 MINUTES , GRACE PERIOD 2 SECONDS ) \nGROUP BY O.BROKER, O.SYMBOL\nEMIT CHANGES;","sinks":["BAR_1M_LIVE"],"sinkKafkaTopics":["bar_1m_live"],"id":"CTAS_BAR_1M_LIVE_101","statusCount":{"RUNNING":1},"queryType":"PERSISTENT","state":"RUNNING"},{"queryString":"CREATE TABLE BAR_TBIMP_1S_FINAL WITH (CLEANUP_POLICY='compact,delete', KAFKA_TOPIC='bar_tbimp_1s_final', KEY_FORMAT='AVRO', PARTITIONS=1, REPLICAS=1, RETENTION_MS=604800000, VALUE_FORMAT='AVRO') AS SELECT\n  O.BROKER BROKER,\n  O.SYMBOL SYMBOL,\n  WINDOWSTART BUCKETSTART,\n  EARLIEST_BY_OFFSET(O.BID) OPEN,\n  MAX(O.BID) HIGH,\n  MIN(O.BID) LOW,\n  LATEST_BY_OFFSET(O.BID) CLOSE\nFROM TICKS_TBIMP O\nWINDOW TUMBLING ( SIZE 1 SECONDS ) \nGROUP BY O.BROKER, O.SYMBOL\nEMIT FINAL;","sinks":["BAR_TBIMP_1S_FINAL"],"sinkKafkaTopics":["bar_tbimp_1s_final"],"id":"CTAS_BAR_TBIMP_1S_FINAL_85","statusCount":{"RUNNING":1},"queryType":"PERSISTENT","state":"RUNNING"}],"warnings":[]}]&#xD;
warn: Kafka.Ksql.Linq.KsqlContext[0]&#xD;
      SHOW QUERIES attempt 1 did not contain a matching query for bar1wkfinal_1s_final&#xD;
info: Kafka.Ksql.Linq.KsqlContext[0]&#xD;
      ksql execute: EXECUTE SQL=SHOW QUERIES;&#xD;
info: Kafka.Ksql.Linq.KsqlContext[0]&#xD;
      SHOW QUERIES output (attempt 2): [{"@type":"queries","statementText":"SHOW QUERIES;","queries":[{"queryString":"CREATE TABLE BAR_15M_LIVE WITH (CLEANUP_POLICY='compact,delete', KAFKA_TOPIC='bar_15m_live', KEY_FORMAT='AVRO', PARTITIONS=1, REPLICAS=1, RETENTION_MS=604800000, VALUE_FORMAT='AVRO') AS SELECT\n  O.BROKER BROKER,\n  O.SYMBOL SYMBOL,\n  WINDOWSTART BUCKETSTART,\n  EARLIEST_BY_OFFSET(O.OPEN) OPEN,\n  MAX(O.HIGH) HIGH,\n  MIN(O.LOW) LOW,\n  LATEST_BY_OFFSET(O.KSQLTIMEFRAMECLOSE) KSQLTIMEFRAMECLOSE\nFROM BAR_1S_FINAL_S O\nWINDOW TUMBLING ( SIZE 15 MINUTES , GRACE PERIOD 4 SECONDS ) \nGROUP BY O.BROKER, O.SYMBOL\nEMIT CHANGES;","sinks":["BAR_15M_LIVE"],"sinkKafkaTopics":["bar_15m_live"],"id":"CTAS_BAR_15M_LIVE_109","statusCount":{"RUNNING":1},"queryType":"PERSISTENT","state":"RUNNING"},{"queryString":"CREATE TABLE BAR_1S_FINAL WITH (CLEANUP_POLICY='compact,delete', KAFKA_TOPIC='bar_1s_final', KEY_FORMAT='AVRO', PARTITIONS=1, REPLICAS=1, RETENTION_MS=604800000, VALUE_FORMAT='AVRO') AS SELECT\n  O.BROKER BROKER,\n  O.SYMBOL SYMBOL,\n  WINDOWSTART BUCKETSTART,\n  EARLIEST_BY_OFFSET(O.BID) OPEN,\n  MAX(O.BID) HIGH,\n  MIN(O.BID) LOW,\n  LATEST_BY_OFFSET(O.BID) KSQLTIMEFRAMECLOSE\nFROM DEDUPRATES O\nWINDOW TUMBLING ( SIZE 1 SECONDS ) \nGROUP BY O.BROKER, O.SYMBOL\nEMIT FINAL;","sinks":["BAR_1S_FINAL"],"sinkKafkaTopics":["bar_1s_final"],"id":"CTAS_BAR_1S_FINAL_97","statusCount":{"RUNNING":1},"queryType":"PERSISTENT","state":"RUNNING"},{"queryString":"CREATE TABLE BAR1WKFINAL_1S_FINAL WITH (CLEANUP_POLICY='compact,delete', KAFKA_TOPIC='bar1wkfinal_1s_final', KEY_FORMAT='AVRO', PARTITIONS=1, REPLICAS=1, RETENTION_MS=604800000, VALUE_FORMAT='AVRO') AS SELECT\n  O.BROKER BROKER,\n  O.SYMBOL SYMBOL,\n  WINDOWSTART BUCKETSTART,\n  EARLIEST_BY_OFFSET(O.BID) OPEN,\n  MAX(O.BID) HIGH,\n  MIN(O.BID) LOW,\n  LATEST_BY_OFFSET(O.BID) KSQLTIMEFRAMECLOSE\nFROM DEDUPRATES O\nWINDOW TUMBLING ( SIZE 1 SECONDS ) \nGROUP BY O.BROKER, O.SYMBOL\nEMIT FINAL;","sinks":["BAR1WKFINAL_1S_FINAL"],"sinkKafkaTopics":["bar1wkfinal_1s_final"],"id":"CTAS_BAR1WKFINAL_1S_FINAL_119","statusCount":{"RUNNING":1},"queryType":"PERSISTENT","state":"RUNNING"},{"queryString":"CREATE TABLE BAR1WKFINAL_7D_LIVE WITH (CLEANUP_POLICY='compact,delete', KAFKA_TOPIC='bar1wkfinal_7d_live', KEY_FORMAT='AVRO', PARTITIONS=1, REPLICAS=1, RETENTION_MS=604800000, VALUE_FORMAT='AVRO') AS SELECT\n  O.BROKER BROKER,\n  O.SYMBOL SYMBOL,\n  WINDOWSTART BUCKETSTART,\n  EARLIEST_BY_OFFSET(O.OPEN) OPEN,\n  MAX(O.HIGH) HIGH,\n  MIN(O.LOW) LOW,\n  LATEST_BY_OFFSET(O.KSQLTIMEFRAMECLOSE) KSQLTIMEFRAMECLOSE\nFROM BAR1WKFINAL_1S_FINAL_S O\nWINDOW TUMBLING ( SIZE 7 DAYS , GRACE PERIOD 2 SECONDS ) \nGROUP BY O.BROKER, O.SYMBOL\nEMIT CHANGES;","sinks":["BAR1WKFINAL_7D_LIVE"],"sinkKafkaTopics":["bar1wkfinal_7d_live"],"id":"CTAS_BAR1WKFINAL_7D_LIVE_123","statusCount":{"RUNNING":1},"queryType":"PERSISTENT","state":"RUNNING"},{"queryString":"CREATE TABLE BAR_60M_LIVE WITH (CLEANUP_POLICY='compact,delete', KAFKA_TOPIC='bar_60m_live', KEY_FORMAT='AVRO', PARTITIONS=1, REPLICAS=1, RETENTION_MS=604800000, VALUE_FORMAT='AVRO') AS SELECT\n  O.BROKER BROKER,\n  O.SYMBOL SYMBOL,\n  WINDOWSTART BUCKETSTART,\n  EARLIEST_BY_OFFSET(O.OPEN) OPEN,\n  MAX(O.HIGH) HIGH,\n  MIN(O.LOW) LOW,\n  LATEST_BY_OFFSET(O.KSQLTIMEFRAMECLOSE) KSQLTIMEFRAMECLOSE\nFROM BAR_1S_FINAL_S O\nWINDOW TUMBLING ( SIZE 60 MINUTES , GRACE PERIOD 5 SECONDS ) \nGROUP BY O.BROKER, O.SYMBOL\nEMIT CHANGES;","sinks":["BAR_60M_LIVE"],"sinkKafkaTopics":["bar_60m_live"],"id":"CTAS_BAR_60M_LIVE_111","statusCount":{"RUNNING":1},"queryType":"PERSISTENT","state":"RUNNING"},{"queryString":"CREATE TABLE BAR_TBIMP_1M_LIVE WITH (CLEANUP_POLICY='compact,delete', KAFKA_TOPIC='bar_tbimp_1m_live', KEY_FORMAT='AVRO', PARTITIONS=1, REPLICAS=1, RETENTION_MS=604800000, VALUE_FORMAT='AVRO') AS SELECT\n  O.BROKER BROKER,\n  O.SYMBOL SYMBOL,\n  WINDOWSTART BUCKETSTART,\n  EARLIEST_BY_OFFSET(O.OPEN) OPEN,\n  MAX(O.HIGH) HIGH,\n  MIN(O.LOW) LOW,\n  LATEST_BY_OFFSET(O.CLOSE) CLOSE\nFROM BAR_TBIMP_1S_FINAL_S O\nWINDOW TUMBLING ( SIZE 1 MINUTES , GRACE PERIOD 2 SECONDS ) \nGROUP BY O.BROKER, O.SYMBOL\nEMIT CHANGES;","sinks":["BAR_TBIMP_1M_LIVE"],"sinkKafkaTopics":["bar_tbimp_1m_live"],"id":"CTAS_BAR_TBIMP_1M_LIVE_89","statusCount":{"RUNNING":1},"queryType":"PERSISTENT","state":"RUNNING"},{"queryString":"CREATE TABLE BAR_5M_LIVE WITH (CLEANUP_POLICY='compact,delete', KAFKA_TOPIC='bar_5m_live', KEY_FORMAT='AVRO', PARTITIONS=1, REPLICAS=1, RETENTION_MS=604800000, VALUE_FORMAT='AVRO') AS SELECT\n  O.BROKER BROKER,\n  O.SYMBOL SYMBOL,\n  WINDOWSTART BUCKETSTART,\n  EARLIEST_BY_OFFSET(O.OPEN) OPEN,\n  MAX(O.HIGH) HIGH,\n  MIN(O.LOW) LOW,\n  LATEST_BY_OFFSET(O.KSQLTIMEFRAMECLOSE) KSQLTIMEFRAMECLOSE\nFROM BAR_1S_FINAL_S O\nWINDOW TUMBLING ( SIZE 5 MINUTES , GRACE PERIOD 3 SECONDS ) \nGROUP BY O.BROKER, O.SYMBOL\nEMIT CHANGES;","sinks":["BAR_5M_LIVE"],"sinkKafkaTopics":["bar_5m_live"],"id":"CTAS_BAR_5M_LIVE_103","statusCount":{"RUNNING":1},"queryType":"PERSISTENT","state":"RUNNING"},{"queryString":"CREATE TABLE BAR_TBIMP_5M_LIVE WITH (CLEANUP_POLICY='compact,delete', KAFKA_TOPIC='bar_tbimp_5m_live', KEY_FORMAT='AVRO', PARTITIONS=1, REPLICAS=1, RETENTION_MS=604800000, VALUE_FORMAT='AVRO') AS SELECT\n  O.BROKER BROKER,\n  O.SYMBOL SYMBOL,\n  WINDOWSTART BUCKETSTART,\n  EARLIEST_BY_OFFSET(O.OPEN) OPEN,\n  MAX(O.HIGH) HIGH,\n  MIN(O.LOW) LOW,\n  LATEST_BY_OFFSET(O.CLOSE) CLOSE\nFROM BAR_TBIMP_1S_FINAL_S O\nWINDOW TUMBLING ( SIZE 5 MINUTES , GRACE PERIOD 3 SECONDS ) \nGROUP BY O.BROKER, O.SYMBOL\nEMIT CHANGES;","sinks":["BAR_TBIMP_5M_LIVE"],"sinkKafkaTopics":["bar_tbimp_5m_live"],"id":"CTAS_BAR_TBIMP_5M_LIVE_91","statusCount":{"RUNNING":1},"queryType":"PERSISTENT","state":"RUNNING"},{"queryString":"CREATE TABLE BAR_1M_LIVE WITH (CLEANUP_POLICY='compact,delete', KAFKA_TOPIC='bar_1m_live', KEY_FORMAT='AVRO', PARTITIONS=1, REPLICAS=1, RETENTION_MS=604800000, VALUE_FORMAT='AVRO') AS SELECT\n  O.BROKER BROKER,\n  O.SYMBOL SYMBOL,\n  WINDOWSTART BUCKETSTART,\n  EARLIEST_BY_OFFSET(O.OPEN) OPEN,\n  MAX(O.HIGH) HIGH,\n  MIN(O.LOW) LOW,\n  LATEST_BY_OFFSET(O.KSQLTIMEFRAMECLOSE) KSQLTIMEFRAMECLOSE\nFROM BAR_1S_FINAL_S O\nWINDOW TUMBLING ( SIZE 1 MINUTES , GRACE PERIOD 2 SECONDS ) \nGROUP BY O.BROKER, O.SYMBOL\nEMIT CHANGES;","sinks":["BAR_1M_LIVE"],"sinkKafkaTopics":["bar_1m_live"],"id":"CTAS_BAR_1M_LIVE_101","statusCount":{"RUNNING":1},"queryType":"PERSISTENT","state":"RUNNING"},{"queryString":"CREATE TABLE BAR_TBIMP_1S_FINAL WITH (CLEANUP_POLICY='compact,delete', KAFKA_TOPIC='bar_tbimp_1s_final', KEY_FORMAT='AVRO', PARTITIONS=1, REPLICAS=1, RETENTION_MS=604800000, VALUE_FORMAT='AVRO') AS SELECT\n  O.BROKER BROKER,\n  O.SYMBOL SYMBOL,\n  WINDOWSTART BUCKETSTART,\n  EARLIEST_BY_OFFSET(O.BID) OPEN,\n  MAX(O.BID) HIGH,\n  MIN(O.BID) LOW,\n  LATEST_BY_OFFSET(O.BID) CLOSE\nFROM TICKS_TBIMP O\nWINDOW TUMBLING ( SIZE 1 SECONDS ) \nGROUP BY O.BROKER, O.SYMBOL\nEMIT FINAL;","sinks":["BAR_TBIMP_1S_FINAL"],"sinkKafkaTopics":["bar_tbimp_1s_final"],"id":"CTAS_BAR_TBIMP_1S_FINAL_85","statusCount":{"RUNNING":1},"queryType":"PERSISTENT","state":"RUNNING"}],"warnings":[]}]&#xD;
warn: Kafka.Ksql.Linq.KsqlContext[0]&#xD;
      SHOW QUERIES attempt 2 did not contain a matching query for bar1wkfinal_1s_final&#xD;
info: Kafka.Ksql.Linq.KsqlContext[0]&#xD;
      ksql execute: EXECUTE SQL=SHOW QUERIES;&#xD;
info: Kafka.Ksql.Linq.KsqlContext[0]&#xD;
      SHOW QUERIES output (attempt 3): [{"@type":"queries","statementText":"SHOW QUERIES;","queries":[{"queryString":"CREATE TABLE BAR_15M_LIVE WITH (CLEANUP_POLICY='compact,delete', KAFKA_TOPIC='bar_15m_live', KEY_FORMAT='AVRO', PARTITIONS=1, REPLICAS=1, RETENTION_MS=604800000, VALUE_FORMAT='AVRO') AS SELECT\n  O.BROKER BROKER,\n  O.SYMBOL SYMBOL,\n  WINDOWSTART BUCKETSTART,\n  EARLIEST_BY_OFFSET(O.OPEN) OPEN,\n  MAX(O.HIGH) HIGH,\n  MIN(O.LOW) LOW,\n  LATEST_BY_OFFSET(O.KSQLTIMEFRAMECLOSE) KSQLTIMEFRAMECLOSE\nFROM BAR_1S_FINAL_S O\nWINDOW TUMBLING ( SIZE 15 MINUTES , GRACE PERIOD 4 SECONDS ) \nGROUP BY O.BROKER, O.SYMBOL\nEMIT CHANGES;","sinks":["BAR_15M_LIVE"],"sinkKafkaTopics":["bar_15m_live"],"id":"CTAS_BAR_15M_LIVE_109","statusCount":{"RUNNING":1},"queryType":"PERSISTENT","state":"RUNNING"},{"queryString":"CREATE TABLE BAR_1S_FINAL WITH (CLEANUP_POLICY='compact,delete', KAFKA_TOPIC='bar_1s_final', KEY_FORMAT='AVRO', PARTITIONS=1, REPLICAS=1, RETENTION_MS=604800000, VALUE_FORMAT='AVRO') AS SELECT\n  O.BROKER BROKER,\n  O.SYMBOL SYMBOL,\n  WINDOWSTART BUCKETSTART,\n  EARLIEST_BY_OFFSET(O.BID) OPEN,\n  MAX(O.BID) HIGH,\n  MIN(O.BID) LOW,\n  LATEST_BY_OFFSET(O.BID) KSQLTIMEFRAMECLOSE\nFROM DEDUPRATES O\nWINDOW TUMBLING ( SIZE 1 SECONDS ) \nGROUP BY O.BROKER, O.SYMBOL\nEMIT FINAL;","sinks":["BAR_1S_FINAL"],"sinkKafkaTopics":["bar_1s_final"],"id":"CTAS_BAR_1S_FINAL_97","statusCount":{"RUNNING":1},"queryType":"PERSISTENT","state":"RUNNING"},{"queryString":"CREATE TABLE BAR1WKFINAL_1S_FINAL WITH (CLEANUP_POLICY='compact,delete', KAFKA_TOPIC='bar1wkfinal_1s_final', KEY_FORMAT='AVRO', PARTITIONS=1, REPLICAS=1, RETENTION_MS=604800000, VALUE_FORMAT='AVRO') AS SELECT\n  O.BROKER BROKER,\n  O.SYMBOL SYMBOL,\n  WINDOWSTART BUCKETSTART,\n  EARLIEST_BY_OFFSET(O.BID) OPEN,\n  MAX(O.BID) HIGH,\n  MIN(O.BID) LOW,\n  LATEST_BY_OFFSET(O.BID) KSQLTIMEFRAMECLOSE\nFROM DEDUPRATES O\nWINDOW TUMBLING ( SIZE 1 SECONDS ) \nGROUP BY O.BROKER, O.SYMBOL\nEMIT FINAL;","sinks":["BAR1WKFINAL_1S_FINAL"],"sinkKafkaTopics":["bar1wkfinal_1s_final"],"id":"CTAS_BAR1WKFINAL_1S_FINAL_119","statusCount":{"RUNNING":1},"queryType":"PERSISTENT","state":"RUNNING"},{"queryString":"CREATE TABLE BAR1WKFINAL_7D_LIVE WITH (CLEANUP_POLICY='compact,delete', KAFKA_TOPIC='bar1wkfinal_7d_live', KEY_FORMAT='AVRO', PARTITIONS=1, REPLICAS=1, RETENTION_MS=604800000, VALUE_FORMAT='AVRO') AS SELECT\n  O.BROKER BROKER,\n  O.SYMBOL SYMBOL,\n  WINDOWSTART BUCKETSTART,\n  EARLIEST_BY_OFFSET(O.OPEN) OPEN,\n  MAX(O.HIGH) HIGH,\n  MIN(O.LOW) LOW,\n  LATEST_BY_OFFSET(O.KSQLTIMEFRAMECLOSE) KSQLTIMEFRAMECLOSE\nFROM BAR1WKFINAL_1S_FINAL_S O\nWINDOW TUMBLING ( SIZE 7 DAYS , GRACE PERIOD 2 SECONDS ) \nGROUP BY O.BROKER, O.SYMBOL\nEMIT CHANGES;","sinks":["BAR1WKFINAL_7D_LIVE"],"sinkKafkaTopics":["bar1wkfinal_7d_live"],"id":"CTAS_BAR1WKFINAL_7D_LIVE_123","statusCount":{"RUNNING":1},"queryType":"PERSISTENT","state":"RUNNING"},{"queryString":"CREATE TABLE BAR_60M_LIVE WITH (CLEANUP_POLICY='compact,delete', KAFKA_TOPIC='bar_60m_live', KEY_FORMAT='AVRO', PARTITIONS=1, REPLICAS=1, RETENTION_MS=604800000, VALUE_FORMAT='AVRO') AS SELECT\n  O.BROKER BROKER,\n  O.SYMBOL SYMBOL,\n  WINDOWSTART BUCKETSTART,\n  EARLIEST_BY_OFFSET(O.OPEN) OPEN,\n  MAX(O.HIGH) HIGH,\n  MIN(O.LOW) LOW,\n  LATEST_BY_OFFSET(O.KSQLTIMEFRAMECLOSE) KSQLTIMEFRAMECLOSE\nFROM BAR_1S_FINAL_S O\nWINDOW TUMBLING ( SIZE 60 MINUTES , GRACE PERIOD 5 SECONDS ) \nGROUP BY O.BROKER, O.SYMBOL\nEMIT CHANGES;","sinks":["BAR_60M_LIVE"],"sinkKafkaTopics":["bar_60m_live"],"id":"CTAS_BAR_60M_LIVE_111","statusCount":{"RUNNING":1},"queryType":"PERSISTENT","state":"RUNNING"},{"queryString":"CREATE TABLE BAR_TBIMP_1M_LIVE WITH (CLEANUP_POLICY='compact,delete', KAFKA_TOPIC='bar_tbimp_1m_live', KEY_FORMAT='AVRO', PARTITIONS=1, REPLICAS=1, RETENTION_MS=604800000, VALUE_FORMAT='AVRO') AS SELECT\n  O.BROKER BROKER,\n  O.SYMBOL SYMBOL,\n  WINDOWSTART BUCKETSTART,\n  EARLIEST_BY_OFFSET(O.OPEN) OPEN,\n  MAX(O.HIGH) HIGH,\n  MIN(O.LOW) LOW,\n  LATEST_BY_OFFSET(O.CLOSE) CLOSE\nFROM BAR_TBIMP_1S_FINAL_S O\nWINDOW TUMBLING ( SIZE 1 MINUTES , GRACE PERIOD 2 SECONDS ) \nGROUP BY O.BROKER, O.SYMBOL\nEMIT CHANGES;","sinks":["BAR_TBIMP_1M_LIVE"],"sinkKafkaTopics":["bar_tbimp_1m_live"],"id":"CTAS_BAR_TBIMP_1M_LIVE_89","statusCount":{"RUNNING":1},"queryType":"PERSISTENT","state":"RUNNING"},{"queryString":"CREATE TABLE BAR_5M_LIVE WITH (CLEANUP_POLICY='compact,delete', KAFKA_TOPIC='bar_5m_live', KEY_FORMAT='AVRO', PARTITIONS=1, REPLICAS=1, RETENTION_MS=604800000, VALUE_FORMAT='AVRO') AS SELECT\n  O.BROKER BROKER,\n  O.SYMBOL SYMBOL,\n  WINDOWSTART BUCKETSTART,\n  EARLIEST_BY_OFFSET(O.OPEN) OPEN,\n  MAX(O.HIGH) HIGH,\n  MIN(O.LOW) LOW,\n  LATEST_BY_OFFSET(O.KSQLTIMEFRAMECLOSE) KSQLTIMEFRAMECLOSE\nFROM BAR_1S_FINAL_S O\nWINDOW TUMBLING ( SIZE 5 MINUTES , GRACE PERIOD 3 SECONDS ) \nGROUP BY O.BROKER, O.SYMBOL\nEMIT CHANGES;","sinks":["BAR_5M_LIVE"],"sinkKafkaTopics":["bar_5m_live"],"id":"CTAS_BAR_5M_LIVE_103","statusCount":{"RUNNING":1},"queryType":"PERSISTENT","state":"RUNNING"},{"queryString":"CREATE TABLE BAR_TBIMP_5M_LIVE WITH (CLEANUP_POLICY='compact,delete', KAFKA_TOPIC='bar_tbimp_5m_live', KEY_FORMAT='AVRO', PARTITIONS=1, REPLICAS=1, RETENTION_MS=604800000, VALUE_FORMAT='AVRO') AS SELECT\n  O.BROKER BROKER,\n  O.SYMBOL SYMBOL,\n  WINDOWSTART BUCKETSTART,\n  EARLIEST_BY_OFFSET(O.OPEN) OPEN,\n  MAX(O.HIGH) HIGH,\n  MIN(O.LOW) LOW,\n  LATEST_BY_OFFSET(O.CLOSE) CLOSE\nFROM BAR_TBIMP_1S_FINAL_S O\nWINDOW TUMBLING ( SIZE 5 MINUTES , GRACE PERIOD 3 SECONDS ) \nGROUP BY O.BROKER, O.SYMBOL\nEMIT CHANGES;","sinks":["BAR_TBIMP_5M_LIVE"],"sinkKafkaTopics":["bar_tbimp_5m_live"],"id":"CTAS_BAR_TBIMP_5M_LIVE_91","statusCount":{"RUNNING":1},"queryType":"PERSISTENT","state":"RUNNING"},{"queryString":"CREATE TABLE BAR_1M_LIVE WITH (CLEANUP_POLICY='compact,delete', KAFKA_TOPIC='bar_1m_live', KEY_FORMAT='AVRO', PARTITIONS=1, REPLICAS=1, RETENTION_MS=604800000, VALUE_FORMAT='AVRO') AS SELECT\n  O.BROKER BROKER,\n  O.SYMBOL SYMBOL,\n  WINDOWSTART BUCKETSTART,\n  EARLIEST_BY_OFFSET(O.OPEN) OPEN,\n  MAX(O.HIGH) HIGH,\n  MIN(O.LOW) LOW,\n  LATEST_BY_OFFSET(O.KSQLTIMEFRAMECLOSE) KSQLTIMEFRAMECLOSE\nFROM BAR_1S_FINAL_S O\nWINDOW TUMBLING ( SIZE 1 MINUTES , GRACE PERIOD 2 SECONDS ) \nGROUP BY O.BROKER, O.SYMBOL\nEMIT CHANGES;","sinks":["BAR_1M_LIVE"],"sinkKafkaTopics":["bar_1m_live"],"id":"CTAS_BAR_1M_LIVE_101","statusCount":{"RUNNING":1},"queryType":"PERSISTENT","state":"RUNNING"},{"queryString":"CREATE TABLE BAR_TBIMP_1S_FINAL WITH (CLEANUP_POLICY='compact,delete', KAFKA_TOPIC='bar_tbimp_1s_final', KEY_FORMAT='AVRO', PARTITIONS=1, REPLICAS=1, RETENTION_MS=604800000, VALUE_FORMAT='AVRO') AS SELECT\n  O.BROKER BROKER,\n  O.SYMBOL SYMBOL,\n  WINDOWSTART BUCKETSTART,\n  EARLIEST_BY_OFFSET(O.BID) OPEN,\n  MAX(O.BID) HIGH,\n  MIN(O.BID) LOW,\n  LATEST_BY_OFFSET(O.BID) CLOSE\nFROM TICKS_TBIMP O\nWINDOW TUMBLING ( SIZE 1 SECONDS ) \nGROUP BY O.BROKER, O.SYMBOL\nEMIT FINAL;","sinks":["BAR_TBIMP_1S_FINAL"],"sinkKafkaTopics":["bar_tbimp_1s_final"],"id":"CTAS_BAR_TBIMP_1S_FINAL_85","statusCount":{"RUNNING":1},"queryType":"PERSISTENT","state":"RUNNING"}],"warnings":[]}]&#xD;
warn: Kafka.Ksql.Linq.KsqlContext[0]&#xD;
      SHOW QUERIES attempt 3 did not contain a matching query for bar1wkfinal_1s_final&#xD;
info: Kafka.Ksql.Linq.KsqlContext[0]&#xD;
      ksql execute: EXECUTE SQL=SHOW QUERIES;&#xD;
info: Kafka.Ksql.Linq.KsqlContext[0]&#xD;
      SHOW QUERIES output (attempt 4): [{"@type":"queries","statementText":"SHOW QUERIES;","queries":[{"queryString":"CREATE TABLE BAR_15M_LIVE WITH (CLEANUP_POLICY='compact,delete', KAFKA_TOPIC='bar_15m_live', KEY_FORMAT='AVRO', PARTITIONS=1, REPLICAS=1, RETENTION_MS=604800000, VALUE_FORMAT='AVRO') AS SELECT\n  O.BROKER BROKER,\n  O.SYMBOL SYMBOL,\n  WINDOWSTART BUCKETSTART,\n  EARLIEST_BY_OFFSET(O.OPEN) OPEN,\n  MAX(O.HIGH) HIGH,\n  MIN(O.LOW) LOW,\n  LATEST_BY_OFFSET(O.KSQLTIMEFRAMECLOSE) KSQLTIMEFRAMECLOSE\nFROM BAR_1S_FINAL_S O\nWINDOW TUMBLING ( SIZE 15 MINUTES , GRACE PERIOD 4 SECONDS ) \nGROUP BY O.BROKER, O.SYMBOL\nEMIT CHANGES;","sinks":["BAR_15M_LIVE"],"sinkKafkaTopics":["bar_15m_live"],"id":"CTAS_BAR_15M_LIVE_109","statusCount":{"RUNNING":1},"queryType":"PERSISTENT","state":"RUNNING"},{"queryString":"CREATE TABLE BAR_1S_FINAL WITH (CLEANUP_POLICY='compact,delete', KAFKA_TOPIC='bar_1s_final', KEY_FORMAT='AVRO', PARTITIONS=1, REPLICAS=1, RETENTION_MS=604800000, VALUE_FORMAT='AVRO') AS SELECT\n  O.BROKER BROKER,\n  O.SYMBOL SYMBOL,\n  WINDOWSTART BUCKETSTART,\n  EARLIEST_BY_OFFSET(O.BID) OPEN,\n  MAX(O.BID) HIGH,\n  MIN(O.BID) LOW,\n  LATEST_BY_OFFSET(O.BID) KSQLTIMEFRAMECLOSE\nFROM DEDUPRATES O\nWINDOW TUMBLING ( SIZE 1 SECONDS ) \nGROUP BY O.BROKER, O.SYMBOL\nEMIT FINAL;","sinks":["BAR_1S_FINAL"],"sinkKafkaTopics":["bar_1s_final"],"id":"CTAS_BAR_1S_FINAL_97","statusCount":{"RUNNING":1},"queryType":"PERSISTENT","state":"RUNNING"},{"queryString":"CREATE TABLE BAR1WKFINAL_1S_FINAL WITH (CLEANUP_POLICY='compact,delete', KAFKA_TOPIC='bar1wkfinal_1s_final', KEY_FORMAT='AVRO', PARTITIONS=1, REPLICAS=1, RETENTION_MS=604800000, VALUE_FORMAT='AVRO') AS SELECT\n  O.BROKER BROKER,\n  O.SYMBOL SYMBOL,\n  WINDOWSTART BUCKETSTART,\n  EARLIEST_BY_OFFSET(O.BID) OPEN,\n  MAX(O.BID) HIGH,\n  MIN(O.BID) LOW,\n  LATEST_BY_OFFSET(O.BID) KSQLTIMEFRAMECLOSE\nFROM DEDUPRATES O\nWINDOW TUMBLING ( SIZE 1 SECONDS ) \nGROUP BY O.BROKER, O.SYMBOL\nEMIT FINAL;","sinks":["BAR1WKFINAL_1S_FINAL"],"sinkKafkaTopics":["bar1wkfinal_1s_final"],"id":"CTAS_BAR1WKFINAL_1S_FINAL_119","statusCount":{"RUNNING":1},"queryType":"PERSISTENT","state":"RUNNING"},{"queryString":"CREATE TABLE BAR1WKFINAL_7D_LIVE WITH (CLEANUP_POLICY='compact,delete', KAFKA_TOPIC='bar1wkfinal_7d_live', KEY_FORMAT='AVRO', PARTITIONS=1, REPLICAS=1, RETENTION_MS=604800000, VALUE_FORMAT='AVRO') AS SELECT\n  O.BROKER BROKER,\n  O.SYMBOL SYMBOL,\n  WINDOWSTART BUCKETSTART,\n  EARLIEST_BY_OFFSET(O.OPEN) OPEN,\n  MAX(O.HIGH) HIGH,\n  MIN(O.LOW) LOW,\n  LATEST_BY_OFFSET(O.KSQLTIMEFRAMECLOSE) KSQLTIMEFRAMECLOSE\nFROM BAR1WKFINAL_1S_FINAL_S O\nWINDOW TUMBLING ( SIZE 7 DAYS , GRACE PERIOD 2 SECONDS ) \nGROUP BY O.BROKER, O.SYMBOL\nEMIT CHANGES;","sinks":["BAR1WKFINAL_7D_LIVE"],"sinkKafkaTopics":["bar1wkfinal_7d_live"],"id":"CTAS_BAR1WKFINAL_7D_LIVE_123","statusCount":{"RUNNING":1},"queryType":"PERSISTENT","state":"RUNNING"},{"queryString":"CREATE TABLE BAR_60M_LIVE WITH (CLEANUP_POLICY='compact,delete', KAFKA_TOPIC='bar_60m_live', KEY_FORMAT='AVRO', PARTITIONS=1, REPLICAS=1, RETENTION_MS=604800000, VALUE_FORMAT='AVRO') AS SELECT\n  O.BROKER BROKER,\n  O.SYMBOL SYMBOL,\n  WINDOWSTART BUCKETSTART,\n  EARLIEST_BY_OFFSET(O.OPEN) OPEN,\n  MAX(O.HIGH) HIGH,\n  MIN(O.LOW) LOW,\n  LATEST_BY_OFFSET(O.KSQLTIMEFRAMECLOSE) KSQLTIMEFRAMECLOSE\nFROM BAR_1S_FINAL_S O\nWINDOW TUMBLING ( SIZE 60 MINUTES , GRACE PERIOD 5 SECONDS ) \nGROUP BY O.BROKER, O.SYMBOL\nEMIT CHANGES;","sinks":["BAR_60M_LIVE"],"sinkKafkaTopics":["bar_60m_live"],"id":"CTAS_BAR_60M_LIVE_111","statusCount":{"RUNNING":1},"queryType":"PERSISTENT","state":"RUNNING"},{"queryString":"CREATE TABLE BAR_TBIMP_1M_LIVE WITH (CLEANUP_POLICY='compact,delete', KAFKA_TOPIC='bar_tbimp_1m_live', KEY_FORMAT='AVRO', PARTITIONS=1, REPLICAS=1, RETENTION_MS=604800000, VALUE_FORMAT='AVRO') AS SELECT\n  O.BROKER BROKER,\n  O.SYMBOL SYMBOL,\n  WINDOWSTART BUCKETSTART,\n  EARLIEST_BY_OFFSET(O.OPEN) OPEN,\n  MAX(O.HIGH) HIGH,\n  MIN(O.LOW) LOW,\n  LATEST_BY_OFFSET(O.CLOSE) CLOSE\nFROM BAR_TBIMP_1S_FINAL_S O\nWINDOW TUMBLING ( SIZE 1 MINUTES , GRACE PERIOD 2 SECONDS ) \nGROUP BY O.BROKER, O.SYMBOL\nEMIT CHANGES;","sinks":["BAR_TBIMP_1M_LIVE"],"sinkKafkaTopics":["bar_tbimp_1m_live"],"id":"CTAS_BAR_TBIMP_1M_LIVE_89","statusCount":{"RUNNING":1},"queryType":"PERSISTENT","state":"RUNNING"},{"queryString":"CREATE TABLE BAR_5M_LIVE WITH (CLEANUP_POLICY='compact,delete', KAFKA_TOPIC='bar_5m_live', KEY_FORMAT='AVRO', PARTITIONS=1, REPLICAS=1, RETENTION_MS=604800000, VALUE_FORMAT='AVRO') AS SELECT\n  O.BROKER BROKER,\n  O.SYMBOL SYMBOL,\n  WINDOWSTART BUCKETSTART,\n  EARLIEST_BY_OFFSET(O.OPEN) OPEN,\n  MAX(O.HIGH) HIGH,\n  MIN(O.LOW) LOW,\n  LATEST_BY_OFFSET(O.KSQLTIMEFRAMECLOSE) KSQLTIMEFRAMECLOSE\nFROM BAR_1S_FINAL_S O\nWINDOW TUMBLING ( SIZE 5 MINUTES , GRACE PERIOD 3 SECONDS ) \nGROUP BY O.BROKER, O.SYMBOL\nEMIT CHANGES;","sinks":["BAR_5M_LIVE"],"sinkKafkaTopics":["bar_5m_live"],"id":"CTAS_BAR_5M_LIVE_103","statusCount":{"RUNNING":1},"queryType":"PERSISTENT","state":"RUNNING"},{"queryString":"CREATE TABLE BAR_TBIMP_5M_LIVE WITH (CLEANUP_POLICY='compact,delete', KAFKA_TOPIC='bar_tbimp_5m_live', KEY_FORMAT='AVRO', PARTITIONS=1, REPLICAS=1, RETENTION_MS=604800000, VALUE_FORMAT='AVRO') AS SELECT\n  O.BROKER BROKER,\n  O.SYMBOL SYMBOL,\n  WINDOWSTART BUCKETSTART,\n  EARLIEST_BY_OFFSET(O.OPEN) OPEN,\n  MAX(O.HIGH) HIGH,\n  MIN(O.LOW) LOW,\n  LATEST_BY_OFFSET(O.CLOSE) CLOSE\nFROM BAR_TBIMP_1S_FINAL_S O\nWINDOW TUMBLING ( SIZE 5 MINUTES , GRACE PERIOD 3 SECONDS ) \nGROUP BY O.BROKER, O.SYMBOL\nEMIT CHANGES;","sinks":["BAR_TBIMP_5M_LIVE"],"sinkKafkaTopics":["bar_tbimp_5m_live"],"id":"CTAS_BAR_TBIMP_5M_LIVE_91","statusCount":{"RUNNING":1},"queryType":"PERSISTENT","state":"RUNNING"},{"queryString":"CREATE TABLE BAR_1M_LIVE WITH (CLEANUP_POLICY='compact,delete', KAFKA_TOPIC='bar_1m_live', KEY_FORMAT='AVRO', PARTITIONS=1, REPLICAS=1, RETENTION_MS=604800000, VALUE_FORMAT='AVRO') AS SELECT\n  O.BROKER BROKER,\n  O.SYMBOL SYMBOL,\n  WINDOWSTART BUCKETSTART,\n  EARLIEST_BY_OFFSET(O.OPEN) OPEN,\n  MAX(O.HIGH) HIGH,\n  MIN(O.LOW) LOW,\n  LATEST_BY_OFFSET(O.KSQLTIMEFRAMECLOSE) KSQLTIMEFRAMECLOSE\nFROM BAR_1S_FINAL_S O\nWINDOW TUMBLING ( SIZE 1 MINUTES , GRACE PERIOD 2 SECONDS ) \nGROUP BY O.BROKER, O.SYMBOL\nEMIT CHANGES;","sinks":["BAR_1M_LIVE"],"sinkKafkaTopics":["bar_1m_live"],"id":"CTAS_BAR_1M_LIVE_101","statusCount":{"RUNNING":1},"queryType":"PERSISTENT","state":"RUNNING"},{"queryString":"CREATE TABLE BAR_TBIMP_1S_FINAL WITH (CLEANUP_POLICY='compact,delete', KAFKA_TOPIC='bar_tbimp_1s_final', KEY_FORMAT='AVRO', PARTITIONS=1, REPLICAS=1, RETENTION_MS=604800000, VALUE_FORMAT='AVRO') AS SELECT\n  O.BROKER BROKER,\n  O.SYMBOL SYMBOL,\n  WINDOWSTART BUCKETSTART,\n  EARLIEST_BY_OFFSET(O.BID) OPEN,\n  MAX(O.BID) HIGH,\n  MIN(O.BID) LOW,\n  LATEST_BY_OFFSET(O.BID) CLOSE\nFROM TICKS_TBIMP O\nWINDOW TUMBLING ( SIZE 1 SECONDS ) \nGROUP BY O.BROKER, O.SYMBOL\nEMIT FINAL;","sinks":["BAR_TBIMP_1S_FINAL"],"sinkKafkaTopics":["bar_tbimp_1s_final"],"id":"CTAS_BAR_TBIMP_1S_FINAL_85","statusCount":{"RUNNING":1},"queryType":"PERSISTENT","state":"RUNNING"}],"warnings":[]}]&#xD;
warn: Kafka.Ksql.Linq.KsqlContext[0]&#xD;
      SHOW QUERIES attempt 4 did not contain a matching query for bar1wkfinal_1s_final&#xD;
info: Kafka.Ksql.Linq.KsqlContext[0]&#xD;
      ksql execute: EXECUTE SQL=SHOW QUERIES;&#xD;
info: Kafka.Ksql.Linq.KsqlContext[0]&#xD;
      SHOW QUERIES output (attempt 5): [{"@type":"queries","statementText":"SHOW QUERIES;","queries":[{"queryString":"CREATE TABLE BAR_15M_LIVE WITH (CLEANUP_POLICY='compact,delete', KAFKA_TOPIC='bar_15m_live', KEY_FORMAT='AVRO', PARTITIONS=1, REPLICAS=1, RETENTION_MS=604800000, VALUE_FORMAT='AVRO') AS SELECT\n  O.BROKER BROKER,\n  O.SYMBOL SYMBOL,\n  WINDOWSTART BUCKETSTART,\n  EARLIEST_BY_OFFSET(O.OPEN) OPEN,\n  MAX(O.HIGH) HIGH,\n  MIN(O.LOW) LOW,\n  LATEST_BY_OFFSET(O.KSQLTIMEFRAMECLOSE) KSQLTIMEFRAMECLOSE\nFROM BAR_1S_FINAL_S O\nWINDOW TUMBLING ( SIZE 15 MINUTES , GRACE PERIOD 4 SECONDS ) \nGROUP BY O.BROKER, O.SYMBOL\nEMIT CHANGES;","sinks":["BAR_15M_LIVE"],"sinkKafkaTopics":["bar_15m_live"],"id":"CTAS_BAR_15M_LIVE_109","statusCount":{"RUNNING":1},"queryType":"PERSISTENT","state":"RUNNING"},{"queryString":"CREATE TABLE BAR_1S_FINAL WITH (CLEANUP_POLICY='compact,delete', KAFKA_TOPIC='bar_1s_final', KEY_FORMAT='AVRO', PARTITIONS=1, REPLICAS=1, RETENTION_MS=604800000, VALUE_FORMAT='AVRO') AS SELECT\n  O.BROKER BROKER,\n  O.SYMBOL SYMBOL,\n  WINDOWSTART BUCKETSTART,\n  EARLIEST_BY_OFFSET(O.BID) OPEN,\n  MAX(O.BID) HIGH,\n  MIN(O.BID) LOW,\n  LATEST_BY_OFFSET(O.BID) KSQLTIMEFRAMECLOSE\nFROM DEDUPRATES O\nWINDOW TUMBLING ( SIZE 1 SECONDS ) \nGROUP BY O.BROKER, O.SYMBOL\nEMIT FINAL;","sinks":["BAR_1S_FINAL"],"sinkKafkaTopics":["bar_1s_final"],"id":"CTAS_BAR_1S_FINAL_97","statusCount":{"RUNNING":1},"queryType":"PERSISTENT","state":"RUNNING"},{"queryString":"CREATE TABLE BAR1WKFINAL_1S_FINAL WITH (CLEANUP_POLICY='compact,delete', KAFKA_TOPIC='bar1wkfinal_1s_final', KEY_FORMAT='AVRO', PARTITIONS=1, REPLICAS=1, RETENTION_MS=604800000, VALUE_FORMAT='AVRO') AS SELECT\n  O.BROKER BROKER,\n  O.SYMBOL SYMBOL,\n  WINDOWSTART BUCKETSTART,\n  EARLIEST_BY_OFFSET(O.BID) OPEN,\n  MAX(O.BID) HIGH,\n  MIN(O.BID) LOW,\n  LATEST_BY_OFFSET(O.BID) KSQLTIMEFRAMECLOSE\nFROM DEDUPRATES O\nWINDOW TUMBLING ( SIZE 1 SECONDS ) \nGROUP BY O.BROKER, O.SYMBOL\nEMIT FINAL;","sinks":["BAR1WKFINAL_1S_FINAL"],"sinkKafkaTopics":["bar1wkfinal_1s_final"],"id":"CTAS_BAR1WKFINAL_1S_FINAL_119","statusCount":{"RUNNING":1},"queryType":"PERSISTENT","state":"RUNNING"},{"queryString":"CREATE TABLE BAR1WKFINAL_7D_LIVE WITH (CLEANUP_POLICY='compact,delete', KAFKA_TOPIC='bar1wkfinal_7d_live', KEY_FORMAT='AVRO', PARTITIONS=1, REPLICAS=1, RETENTION_MS=604800000, VALUE_FORMAT='AVRO') AS SELECT\n  O.BROKER BROKER,\n  O.SYMBOL SYMBOL,\n  WINDOWSTART BUCKETSTART,\n  EARLIEST_BY_OFFSET(O.OPEN) OPEN,\n  MAX(O.HIGH) HIGH,\n  MIN(O.LOW) LOW,\n  LATEST_BY_OFFSET(O.KSQLTIMEFRAMECLOSE) KSQLTIMEFRAMECLOSE\nFROM BAR1WKFINAL_1S_FINAL_S O\nWINDOW TUMBLING ( SIZE 7 DAYS , GRACE PERIOD 2 SECONDS ) \nGROUP BY O.BROKER, O.SYMBOL\nEMIT CHANGES;","sinks":["BAR1WKFINAL_7D_LIVE"],"sinkKafkaTopics":["bar1wkfinal_7d_live"],"id":"CTAS_BAR1WKFINAL_7D_LIVE_123","statusCount":{"RUNNING":1},"queryType":"PERSISTENT","state":"RUNNING"},{"queryString":"CREATE TABLE BAR_60M_LIVE WITH (CLEANUP_POLICY='compact,delete', KAFKA_TOPIC='bar_60m_live', KEY_FORMAT='AVRO', PARTITIONS=1, REPLICAS=1, RETENTION_MS=604800000, VALUE_FORMAT='AVRO') AS SELECT\n  O.BROKER BROKER,\n  O.SYMBOL SYMBOL,\n  WINDOWSTART BUCKETSTART,\n  EARLIEST_BY_OFFSET(O.OPEN) OPEN,\n  MAX(O.HIGH) HIGH,\n  MIN(O.LOW) LOW,\n  LATEST_BY_OFFSET(O.KSQLTIMEFRAMECLOSE) KSQLTIMEFRAMECLOSE\nFROM BAR_1S_FINAL_S O\nWINDOW TUMBLING ( SIZE 60 MINUTES , GRACE PERIOD 5 SECONDS ) \nGROUP BY O.BROKER, O.SYMBOL\nEMIT CHANGES;","sinks":["BAR_60M_LIVE"],"sinkKafkaTopics":["bar_60m_live"],"id":"CTAS_BAR_60M_LIVE_111","statusCount":{"RUNNING":1},"queryType":"PERSISTENT","state":"RUNNING"},{"queryString":"CREATE TABLE BAR_TBIMP_1M_LIVE WITH (CLEANUP_POLICY='compact,delete', KAFKA_TOPIC='bar_tbimp_1m_live', KEY_FORMAT='AVRO', PARTITIONS=1, REPLICAS=1, RETENTION_MS=604800000, VALUE_FORMAT='AVRO') AS SELECT\n  O.BROKER BROKER,\n  O.SYMBOL SYMBOL,\n  WINDOWSTART BUCKETSTART,\n  EARLIEST_BY_OFFSET(O.OPEN) OPEN,\n  MAX(O.HIGH) HIGH,\n  MIN(O.LOW) LOW,\n  LATEST_BY_OFFSET(O.CLOSE) CLOSE\nFROM BAR_TBIMP_1S_FINAL_S O\nWINDOW TUMBLING ( SIZE 1 MINUTES , GRACE PERIOD 2 SECONDS ) \nGROUP BY O.BROKER, O.SYMBOL\nEMIT CHANGES;","sinks":["BAR_TBIMP_1M_LIVE"],"sinkKafkaTopics":["bar_tbimp_1m_live"],"id":"CTAS_BAR_TBIMP_1M_LIVE_89","statusCount":{"RUNNING":1},"queryType":"PERSISTENT","state":"RUNNING"},{"queryString":"CREATE TABLE BAR_5M_LIVE WITH (CLEANUP_POLICY='compact,delete', KAFKA_TOPIC='bar_5m_live', KEY_FORMAT='AVRO', PARTITIONS=1, REPLICAS=1, RETENTION_MS=604800000, VALUE_FORMAT='AVRO') AS SELECT\n  O.BROKER BROKER,\n  O.SYMBOL SYMBOL,\n  WINDOWSTART BUCKETSTART,\n  EARLIEST_BY_OFFSET(O.OPEN) OPEN,\n  MAX(O.HIGH) HIGH,\n  MIN(O.LOW) LOW,\n  LATEST_BY_OFFSET(O.KSQLTIMEFRAMECLOSE) KSQLTIMEFRAMECLOSE\nFROM BAR_1S_FINAL_S O\nWINDOW TUMBLING ( SIZE 5 MINUTES , GRACE PERIOD 3 SECONDS ) \nGROUP BY O.BROKER, O.SYMBOL\nEMIT CHANGES;","sinks":["BAR_5M_LIVE"],"sinkKafkaTopics":["bar_5m_live"],"id":"CTAS_BAR_5M_LIVE_103","statusCount":{"RUNNING":1},"queryType":"PERSISTENT","state":"RUNNING"},{"queryString":"CREATE TABLE BAR_TBIMP_5M_LIVE WITH (CLEANUP_POLICY='compact,delete', KAFKA_TOPIC='bar_tbimp_5m_live', KEY_FORMAT='AVRO', PARTITIONS=1, REPLICAS=1, RETENTION_MS=604800000, VALUE_FORMAT='AVRO') AS SELECT\n  O.BROKER BROKER,\n  O.SYMBOL SYMBOL,\n  WINDOWSTART BUCKETSTART,\n  EARLIEST_BY_OFFSET(O.OPEN) OPEN,\n  MAX(O.HIGH) HIGH,\n  MIN(O.LOW) LOW,\n  LATEST_BY_OFFSET(O.CLOSE) CLOSE\nFROM BAR_TBIMP_1S_FINAL_S O\nWINDOW TUMBLING ( SIZE 5 MINUTES , GRACE PERIOD 3 SECONDS ) \nGROUP BY O.BROKER, O.SYMBOL\nEMIT CHANGES;","sinks":["BAR_TBIMP_5M_LIVE"],"sinkKafkaTopics":["bar_tbimp_5m_live"],"id":"CTAS_BAR_TBIMP_5M_LIVE_91","statusCount":{"RUNNING":1},"queryType":"PERSISTENT","state":"RUNNING"},{"queryString":"CREATE TABLE BAR_1M_LIVE WITH (CLEANUP_POLICY='compact,delete', KAFKA_TOPIC='bar_1m_live', KEY_FORMAT='AVRO', PARTITIONS=1, REPLICAS=1, RETENTION_MS=604800000, VALUE_FORMAT='AVRO') AS SELECT\n  O.BROKER BROKER,\n  O.SYMBOL SYMBOL,\n  WINDOWSTART BUCKETSTART,\n  EARLIEST_BY_OFFSET(O.OPEN) OPEN,\n  MAX(O.HIGH) HIGH,\n  MIN(O.LOW) LOW,\n  LATEST_BY_OFFSET(O.KSQLTIMEFRAMECLOSE) KSQLTIMEFRAMECLOSE\nFROM BAR_1S_FINAL_S O\nWINDOW TUMBLING ( SIZE 1 MINUTES , GRACE PERIOD 2 SECONDS ) \nGROUP BY O.BROKER, O.SYMBOL\nEMIT CHANGES;","sinks":["BAR_1M_LIVE"],"sinkKafkaTopics":["bar_1m_live"],"id":"CTAS_BAR_1M_LIVE_101","statusCount":{"RUNNING":1},"queryType":"PERSISTENT","state":"RUNNING"},{"queryString":"CREATE TABLE BAR_TBIMP_1S_FINAL WITH (CLEANUP_POLICY='compact,delete', KAFKA_TOPIC='bar_tbimp_1s_final', KEY_FORMAT='AVRO', PARTITIONS=1, REPLICAS=1, RETENTION_MS=604800000, VALUE_FORMAT='AVRO') AS SELECT\n  O.BROKER BROKER,\n  O.SYMBOL SYMBOL,\n  WINDOWSTART BUCKETSTART,\n  EARLIEST_BY_OFFSET(O.BID) OPEN,\n  MAX(O.BID) HIGH,\n  MIN(O.BID) LOW,\n  LATEST_BY_OFFSET(O.BID) CLOSE\nFROM TICKS_TBIMP O\nWINDOW TUMBLING ( SIZE 1 SECONDS ) \nGROUP BY O.BROKER, O.SYMBOL\nEMIT FINAL;","sinks":["BAR_TBIMP_1S_FINAL"],"sinkKafkaTopics":["bar_tbimp_1s_final"],"id":"CTAS_BAR_TBIMP_1S_FINAL_85","statusCount":{"RUNNING":1},"queryType":"PERSISTENT","state":"RUNNING"}],"warnings":[]}]&#xD;
warn: Kafka.Ksql.Linq.KsqlContext[0]&#xD;
      SHOW QUERIES attempt 5 did not contain a matching query for bar1wkfinal_1s_final&#xD;
warn: Kafka.Ksql.Linq.KsqlContext[0]&#xD;
      Unable to locate queryId for bar1wkfinal_1s_final after 5 attempts&#xD;
warn: Kafka.Ksql.Linq.KsqlContext[0]&#xD;
      Could not locate queryId via SHOW QUERIES for derived statement targeting bar1wkfinal_1s_final: CREATE TABLE bar1wkfinal_1s_final  WITH (KAFKA_TOPIC='bar1wkfinal_1s_final', KEY_FORMAT='AVRO', VALUE_FORMAT='AVRO') AS&#xD;
      SELECT BROKER AS Broker, SYMBOL AS Symbol, WINDOWSTART AS BucketStart, EARLIEST_BY_OFFSET(Bid) AS Open, MAX(Bid) AS High, MIN(Bid) AS Low, LATEST_BY_OFFSET(Bid) AS KsqlTimeFrameClose&#xD;
      FROM DEDUPRATES o WINDOW TUMBLING (SIZE 1 SECONDS)&#xD;
      GROUP BY BROKER, SYMBOL&#xD;
      EMIT FINAL;&#xD;
info: Kafka.Ksql.Linq.KsqlContext[0]&#xD;
      ksql execute: EXECUTE SQL=SHOW QUERIES;&#xD;
info: Kafka.Ksql.Linq.KsqlContext[0]&#xD;
      SHOW QUERIES output (attempt 1): [{"@type":"queries","statementText":"SHOW QUERIES;","queries":[{"queryString":"CREATE TABLE BAR_15M_LIVE WITH (CLEANUP_POLICY='compact,delete', KAFKA_TOPIC='bar_15m_live', KEY_FORMAT='AVRO', PARTITIONS=1, REPLICAS=1, RETENTION_MS=604800000, VALUE_FORMAT='AVRO') AS SELECT\n  O.BROKER BROKER,\n  O.SYMBOL SYMBOL,\n  WINDOWSTART BUCKETSTART,\n  EARLIEST_BY_OFFSET(O.OPEN) OPEN,\n  MAX(O.HIGH) HIGH,\n  MIN(O.LOW) LOW,\n  LATEST_BY_OFFSET(O.KSQLTIMEFRAMECLOSE) KSQLTIMEFRAMECLOSE\nFROM BAR_1S_FINAL_S O\nWINDOW TUMBLING ( SIZE 15 MINUTES , GRACE PERIOD 4 SECONDS ) \nGROUP BY O.BROKER, O.SYMBOL\nEMIT CHANGES;","sinks":["BAR_15M_LIVE"],"sinkKafkaTopics":["bar_15m_live"],"id":"CTAS_BAR_15M_LIVE_109","statusCount":{"RUNNING":1},"queryType":"PERSISTENT","state":"RUNNING"},{"queryString":"CREATE TABLE BAR_1S_FINAL WITH (CLEANUP_POLICY='compact,delete', KAFKA_TOPIC='bar_1s_final', KEY_FORMAT='AVRO', PARTITIONS=1, REPLICAS=1, RETENTION_MS=604800000, VALUE_FORMAT='AVRO') AS SELECT\n  O.BROKER BROKER,\n  O.SYMBOL SYMBOL,\n  WINDOWSTART BUCKETSTART,\n  EARLIEST_BY_OFFSET(O.BID) OPEN,\n  MAX(O.BID) HIGH,\n  MIN(O.BID) LOW,\n  LATEST_BY_OFFSET(O.BID) KSQLTIMEFRAMECLOSE\nFROM DEDUPRATES O\nWINDOW TUMBLING ( SIZE 1 SECONDS ) \nGROUP BY O.BROKER, O.SYMBOL\nEMIT FINAL;","sinks":["BAR_1S_FINAL"],"sinkKafkaTopics":["bar_1s_final"],"id":"CTAS_BAR_1S_FINAL_97","statusCount":{"RUNNING":1},"queryType":"PERSISTENT","state":"RUNNING"},{"queryString":"CREATE TABLE BAR1WKFINAL_1S_FINAL WITH (CLEANUP_POLICY='compact,delete', KAFKA_TOPIC='bar1wkfinal_1s_final', KEY_FORMAT='AVRO', PARTITIONS=1, REPLICAS=1, RETENTION_MS=604800000, VALUE_FORMAT='AVRO') AS SELECT\n  O.BROKER BROKER,\n  O.SYMBOL SYMBOL,\n  WINDOWSTART BUCKETSTART,\n  EARLIEST_BY_OFFSET(O.BID) OPEN,\n  MAX(O.BID) HIGH,\n  MIN(O.BID) LOW,\n  LATEST_BY_OFFSET(O.BID) KSQLTIMEFRAMECLOSE\nFROM DEDUPRATES O\nWINDOW TUMBLING ( SIZE 1 SECONDS ) \nGROUP BY O.BROKER, O.SYMBOL\nEMIT FINAL;","sinks":["BAR1WKFINAL_1S_FINAL"],"sinkKafkaTopics":["bar1wkfinal_1s_final"],"id":"CTAS_BAR1WKFINAL_1S_FINAL_119","statusCount":{"RUNNING":1},"queryType":"PERSISTENT","state":"RUNNING"},{"queryString":"CREATE TABLE BAR1WKFINAL_7D_LIVE WITH (CLEANUP_POLICY='compact,delete', KAFKA_TOPIC='bar1wkfinal_7d_live', KEY_FORMAT='AVRO', PARTITIONS=1, REPLICAS=1, RETENTION_MS=604800000, VALUE_FORMAT='AVRO') AS SELECT\n  O.BROKER BROKER,\n  O.SYMBOL SYMBOL,\n  WINDOWSTART BUCKETSTART,\n  EARLIEST_BY_OFFSET(O.OPEN) OPEN,\n  MAX(O.HIGH) HIGH,\n  MIN(O.LOW) LOW,\n  LATEST_BY_OFFSET(O.KSQLTIMEFRAMECLOSE) KSQLTIMEFRAMECLOSE\nFROM BAR1WKFINAL_1S_FINAL_S O\nWINDOW TUMBLING ( SIZE 7 DAYS , GRACE PERIOD 2 SECONDS ) \nGROUP BY O.BROKER, O.SYMBOL\nEMIT CHANGES;","sinks":["BAR1WKFINAL_7D_LIVE"],"sinkKafkaTopics":["bar1wkfinal_7d_live"],"id":"CTAS_BAR1WKFINAL_7D_LIVE_123","statusCount":{"RUNNING":1},"queryType":"PERSISTENT","state":"RUNNING"},{"queryString":"CREATE TABLE BAR_60M_LIVE WITH (CLEANUP_POLICY='compact,delete', KAFKA_TOPIC='bar_60m_live', KEY_FORMAT='AVRO', PARTITIONS=1, REPLICAS=1, RETENTION_MS=604800000, VALUE_FORMAT='AVRO') AS SELECT\n  O.BROKER BROKER,\n  O.SYMBOL SYMBOL,\n  WINDOWSTART BUCKETSTART,\n  EARLIEST_BY_OFFSET(O.OPEN) OPEN,\n  MAX(O.HIGH) HIGH,\n  MIN(O.LOW) LOW,\n  LATEST_BY_OFFSET(O.KSQLTIMEFRAMECLOSE) KSQLTIMEFRAMECLOSE\nFROM BAR_1S_FINAL_S O\nWINDOW TUMBLING ( SIZE 60 MINUTES , GRACE PERIOD 5 SECONDS ) \nGROUP BY O.BROKER, O.SYMBOL\nEMIT CHANGES;","sinks":["BAR_60M_LIVE"],"sinkKafkaTopics":["bar_60m_live"],"id":"CTAS_BAR_60M_LIVE_111","statusCount":{"RUNNING":1},"queryType":"PERSISTENT","state":"RUNNING"},{"queryString":"CREATE TABLE BAR_TBIMP_1M_LIVE WITH (CLEANUP_POLICY='compact,delete', KAFKA_TOPIC='bar_tbimp_1m_live', KEY_FORMAT='AVRO', PARTITIONS=1, REPLICAS=1, RETENTION_MS=604800000, VALUE_FORMAT='AVRO') AS SELECT\n  O.BROKER BROKER,\n  O.SYMBOL SYMBOL,\n  WINDOWSTART BUCKETSTART,\n  EARLIEST_BY_OFFSET(O.OPEN) OPEN,\n  MAX(O.HIGH) HIGH,\n  MIN(O.LOW) LOW,\n  LATEST_BY_OFFSET(O.CLOSE) CLOSE\nFROM BAR_TBIMP_1S_FINAL_S O\nWINDOW TUMBLING ( SIZE 1 MINUTES , GRACE PERIOD 2 SECONDS ) \nGROUP BY O.BROKER, O.SYMBOL\nEMIT CHANGES;","sinks":["BAR_TBIMP_1M_LIVE"],"sinkKafkaTopics":["bar_tbimp_1m_live"],"id":"CTAS_BAR_TBIMP_1M_LIVE_89","statusCount":{"RUNNING":1},"queryType":"PERSISTENT","state":"RUNNING"},{"queryString":"CREATE TABLE BAR_5M_LIVE WITH (CLEANUP_POLICY='compact,delete', KAFKA_TOPIC='bar_5m_live', KEY_FORMAT='AVRO', PARTITIONS=1, REPLICAS=1, RETENTION_MS=604800000, VALUE_FORMAT='AVRO') AS SELECT\n  O.BROKER BROKER,\n  O.SYMBOL SYMBOL,\n  WINDOWSTART BUCKETSTART,\n  EARLIEST_BY_OFFSET(O.OPEN) OPEN,\n  MAX(O.HIGH) HIGH,\n  MIN(O.LOW) LOW,\n  LATEST_BY_OFFSET(O.KSQLTIMEFRAMECLOSE) KSQLTIMEFRAMECLOSE\nFROM BAR_1S_FINAL_S O\nWINDOW TUMBLING ( SIZE 5 MINUTES , GRACE PERIOD 3 SECONDS ) \nGROUP BY O.BROKER, O.SYMBOL\nEMIT CHANGES;","sinks":["BAR_5M_LIVE"],"sinkKafkaTopics":["bar_5m_live"],"id":"CTAS_BAR_5M_LIVE_103","statusCount":{"RUNNING":1},"queryType":"PERSISTENT","state":"RUNNING"},{"queryString":"CREATE TABLE BAR_TBIMP_5M_LIVE WITH (CLEANUP_POLICY='compact,delete', KAFKA_TOPIC='bar_tbimp_5m_live', KEY_FORMAT='AVRO', PARTITIONS=1, REPLICAS=1, RETENTION_MS=604800000, VALUE_FORMAT='AVRO') AS SELECT\n  O.BROKER BROKER,\n  O.SYMBOL SYMBOL,\n  WINDOWSTART BUCKETSTART,\n  EARLIEST_BY_OFFSET(O.OPEN) OPEN,\n  MAX(O.HIGH) HIGH,\n  MIN(O.LOW) LOW,\n  LATEST_BY_OFFSET(O.CLOSE) CLOSE\nFROM BAR_TBIMP_1S_FINAL_S O\nWINDOW TUMBLING ( SIZE 5 MINUTES , GRACE PERIOD 3 SECONDS ) \nGROUP BY O.BROKER, O.SYMBOL\nEMIT CHANGES;","sinks":["BAR_TBIMP_5M_LIVE"],"sinkKafkaTopics":["bar_tbimp_5m_live"],"id":"CTAS_BAR_TBIMP_5M_LIVE_91","statusCount":{"RUNNING":1},"queryType":"PERSISTENT","state":"RUNNING"},{"queryString":"CREATE TABLE BAR_1M_LIVE WITH (CLEANUP_POLICY='compact,delete', KAFKA_TOPIC='bar_1m_live', KEY_FORMAT='AVRO', PARTITIONS=1, REPLICAS=1, RETENTION_MS=604800000, VALUE_FORMAT='AVRO') AS SELECT\n  O.BROKER BROKER,\n  O.SYMBOL SYMBOL,\n  WINDOWSTART BUCKETSTART,\n  EARLIEST_BY_OFFSET(O.OPEN) OPEN,\n  MAX(O.HIGH) HIGH,\n  MIN(O.LOW) LOW,\n  LATEST_BY_OFFSET(O.KSQLTIMEFRAMECLOSE) KSQLTIMEFRAMECLOSE\nFROM BAR_1S_FINAL_S O\nWINDOW TUMBLING ( SIZE 1 MINUTES , GRACE PERIOD 2 SECONDS ) \nGROUP BY O.BROKER, O.SYMBOL\nEMIT CHANGES;","sinks":["BAR_1M_LIVE"],"sinkKafkaTopics":["bar_1m_live"],"id":"CTAS_BAR_1M_LIVE_101","statusCount":{"RUNNING":1},"queryType":"PERSISTENT","state":"RUNNING"},{"queryString":"CREATE TABLE BAR_TBIMP_1S_FINAL WITH (CLEANUP_POLICY='compact,delete', KAFKA_TOPIC='bar_tbimp_1s_final', KEY_FORMAT='AVRO', PARTITIONS=1, REPLICAS=1, RETENTION_MS=604800000, VALUE_FORMAT='AVRO') AS SELECT\n  O.BROKER BROKER,\n  O.SYMBOL SYMBOL,\n  WINDOWSTART BUCKETSTART,\n  EARLIEST_BY_OFFSET(O.BID) OPEN,\n  MAX(O.BID) HIGH,\n  MIN(O.BID) LOW,\n  LATEST_BY_OFFSET(O.BID) CLOSE\nFROM TICKS_TBIMP O\nWINDOW TUMBLING ( SIZE 1 SECONDS ) \nGROUP BY O.BROKER, O.SYMBOL\nEMIT FINAL;","sinks":["BAR_TBIMP_1S_FINAL"],"sinkKafkaTopics":["bar_tbimp_1s_final"],"id":"CTAS_BAR_TBIMP_1S_FINAL_85","statusCount":{"RUNNING":1},"queryType":"PERSISTENT","state":"RUNNING"}],"warnings":[]}]&#xD;
warn: Kafka.Ksql.Linq.KsqlContext[0]&#xD;
      SHOW QUERIES attempt 1 did not contain a matching query for bar1wkfinal_7d_live&#xD;
info: Kafka.Ksql.Linq.KsqlContext[0]&#xD;
      ksql execute: EXECUTE SQL=SHOW QUERIES;&#xD;
info: Kafka.Ksql.Linq.KsqlContext[0]&#xD;
      SHOW QUERIES output (attempt 2): [{"@type":"queries","statementText":"SHOW QUERIES;","queries":[{"queryString":"CREATE TABLE BAR_15M_LIVE WITH (CLEANUP_POLICY='compact,delete', KAFKA_TOPIC='bar_15m_live', KEY_FORMAT='AVRO', PARTITIONS=1, REPLICAS=1, RETENTION_MS=604800000, VALUE_FORMAT='AVRO') AS SELECT\n  O.BROKER BROKER,\n  O.SYMBOL SYMBOL,\n  WINDOWSTART BUCKETSTART,\n  EARLIEST_BY_OFFSET(O.OPEN) OPEN,\n  MAX(O.HIGH) HIGH,\n  MIN(O.LOW) LOW,\n  LATEST_BY_OFFSET(O.KSQLTIMEFRAMECLOSE) KSQLTIMEFRAMECLOSE\nFROM BAR_1S_FINAL_S O\nWINDOW TUMBLING ( SIZE 15 MINUTES , GRACE PERIOD 4 SECONDS ) \nGROUP BY O.BROKER, O.SYMBOL\nEMIT CHANGES;","sinks":["BAR_15M_LIVE"],"sinkKafkaTopics":["bar_15m_live"],"id":"CTAS_BAR_15M_LIVE_109","statusCount":{"RUNNING":1},"queryType":"PERSISTENT","state":"RUNNING"},{"queryString":"CREATE TABLE BAR_1S_FINAL WITH (CLEANUP_POLICY='compact,delete', KAFKA_TOPIC='bar_1s_final', KEY_FORMAT='AVRO', PARTITIONS=1, REPLICAS=1, RETENTION_MS=604800000, VALUE_FORMAT='AVRO') AS SELECT\n  O.BROKER BROKER,\n  O.SYMBOL SYMBOL,\n  WINDOWSTART BUCKETSTART,\n  EARLIEST_BY_OFFSET(O.BID) OPEN,\n  MAX(O.BID) HIGH,\n  MIN(O.BID) LOW,\n  LATEST_BY_OFFSET(O.BID) KSQLTIMEFRAMECLOSE\nFROM DEDUPRATES O\nWINDOW TUMBLING ( SIZE 1 SECONDS ) \nGROUP BY O.BROKER, O.SYMBOL\nEMIT FINAL;","sinks":["BAR_1S_FINAL"],"sinkKafkaTopics":["bar_1s_final"],"id":"CTAS_BAR_1S_FINAL_97","statusCount":{"RUNNING":1},"queryType":"PERSISTENT","state":"RUNNING"},{"queryString":"CREATE TABLE BAR1WKFINAL_1S_FINAL WITH (CLEANUP_POLICY='compact,delete', KAFKA_TOPIC='bar1wkfinal_1s_final', KEY_FORMAT='AVRO', PARTITIONS=1, REPLICAS=1, RETENTION_MS=604800000, VALUE_FORMAT='AVRO') AS SELECT\n  O.BROKER BROKER,\n  O.SYMBOL SYMBOL,\n  WINDOWSTART BUCKETSTART,\n  EARLIEST_BY_OFFSET(O.BID) OPEN,\n  MAX(O.BID) HIGH,\n  MIN(O.BID) LOW,\n  LATEST_BY_OFFSET(O.BID) KSQLTIMEFRAMECLOSE\nFROM DEDUPRATES O\nWINDOW TUMBLING ( SIZE 1 SECONDS ) \nGROUP BY O.BROKER, O.SYMBOL\nEMIT FINAL;","sinks":["BAR1WKFINAL_1S_FINAL"],"sinkKafkaTopics":["bar1wkfinal_1s_final"],"id":"CTAS_BAR1WKFINAL_1S_FINAL_119","statusCount":{"RUNNING":1},"queryType":"PERSISTENT","state":"RUNNING"},{"queryString":"CREATE TABLE BAR1WKFINAL_7D_LIVE WITH (CLEANUP_POLICY='compact,delete', KAFKA_TOPIC='bar1wkfinal_7d_live', KEY_FORMAT='AVRO', PARTITIONS=1, REPLICAS=1, RETENTION_MS=604800000, VALUE_FORMAT='AVRO') AS SELECT\n  O.BROKER BROKER,\n  O.SYMBOL SYMBOL,\n  WINDOWSTART BUCKETSTART,\n  EARLIEST_BY_OFFSET(O.OPEN) OPEN,\n  MAX(O.HIGH) HIGH,\n  MIN(O.LOW) LOW,\n  LATEST_BY_OFFSET(O.KSQLTIMEFRAMECLOSE) KSQLTIMEFRAMECLOSE\nFROM BAR1WKFINAL_1S_FINAL_S O\nWINDOW TUMBLING ( SIZE 7 DAYS , GRACE PERIOD 2 SECONDS ) \nGROUP BY O.BROKER, O.SYMBOL\nEMIT CHANGES;","sinks":["BAR1WKFINAL_7D_LIVE"],"sinkKafkaTopics":["bar1wkfinal_7d_live"],"id":"CTAS_BAR1WKFINAL_7D_LIVE_123","statusCount":{"RUNNING":1},"queryType":"PERSISTENT","state":"RUNNING"},{"queryString":"CREATE TABLE BAR_60M_LIVE WITH (CLEANUP_POLICY='compact,delete', KAFKA_TOPIC='bar_60m_live', KEY_FORMAT='AVRO', PARTITIONS=1, REPLICAS=1, RETENTION_MS=604800000, VALUE_FORMAT='AVRO') AS SELECT\n  O.BROKER BROKER,\n  O.SYMBOL SYMBOL,\n  WINDOWSTART BUCKETSTART,\n  EARLIEST_BY_OFFSET(O.OPEN) OPEN,\n  MAX(O.HIGH) HIGH,\n  MIN(O.LOW) LOW,\n  LATEST_BY_OFFSET(O.KSQLTIMEFRAMECLOSE) KSQLTIMEFRAMECLOSE\nFROM BAR_1S_FINAL_S O\nWINDOW TUMBLING ( SIZE 60 MINUTES , GRACE PERIOD 5 SECONDS ) \nGROUP BY O.BROKER, O.SYMBOL\nEMIT CHANGES;","sinks":["BAR_60M_LIVE"],"sinkKafkaTopics":["bar_60m_live"],"id":"CTAS_BAR_60M_LIVE_111","statusCount":{"RUNNING":1},"queryType":"PERSISTENT","state":"RUNNING"},{"queryString":"CREATE TABLE BAR_TBIMP_1M_LIVE WITH (CLEANUP_POLICY='compact,delete', KAFKA_TOPIC='bar_tbimp_1m_live', KEY_FORMAT='AVRO', PARTITIONS=1, REPLICAS=1, RETENTION_MS=604800000, VALUE_FORMAT='AVRO') AS SELECT\n  O.BROKER BROKER,\n  O.SYMBOL SYMBOL,\n  WINDOWSTART BUCKETSTART,\n  EARLIEST_BY_OFFSET(O.OPEN) OPEN,\n  MAX(O.HIGH) HIGH,\n  MIN(O.LOW) LOW,\n  LATEST_BY_OFFSET(O.CLOSE) CLOSE\nFROM BAR_TBIMP_1S_FINAL_S O\nWINDOW TUMBLING ( SIZE 1 MINUTES , GRACE PERIOD 2 SECONDS ) \nGROUP BY O.BROKER, O.SYMBOL\nEMIT CHANGES;","sinks":["BAR_TBIMP_1M_LIVE"],"sinkKafkaTopics":["bar_tbimp_1m_live"],"id":"CTAS_BAR_TBIMP_1M_LIVE_89","statusCount":{"RUNNING":1},"queryType":"PERSISTENT","state":"RUNNING"},{"queryString":"CREATE TABLE BAR_5M_LIVE WITH (CLEANUP_POLICY='compact,delete', KAFKA_TOPIC='bar_5m_live', KEY_FORMAT='AVRO', PARTITIONS=1, REPLICAS=1, RETENTION_MS=604800000, VALUE_FORMAT='AVRO') AS SELECT\n  O.BROKER BROKER,\n  O.SYMBOL SYMBOL,\n  WINDOWSTART BUCKETSTART,\n  EARLIEST_BY_OFFSET(O.OPEN) OPEN,\n  MAX(O.HIGH) HIGH,\n  MIN(O.LOW) LOW,\n  LATEST_BY_OFFSET(O.KSQLTIMEFRAMECLOSE) KSQLTIMEFRAMECLOSE\nFROM BAR_1S_FINAL_S O\nWINDOW TUMBLING ( SIZE 5 MINUTES , GRACE PERIOD 3 SECONDS ) \nGROUP BY O.BROKER, O.SYMBOL\nEMIT CHANGES;","sinks":["BAR_5M_LIVE"],"sinkKafkaTopics":["bar_5m_live"],"id":"CTAS_BAR_5M_LIVE_103","statusCount":{"RUNNING":1},"queryType":"PERSISTENT","state":"RUNNING"},{"queryString":"CREATE TABLE BAR_TBIMP_5M_LIVE WITH (CLEANUP_POLICY='compact,delete', KAFKA_TOPIC='bar_tbimp_5m_live', KEY_FORMAT='AVRO', PARTITIONS=1, REPLICAS=1, RETENTION_MS=604800000, VALUE_FORMAT='AVRO') AS SELECT\n  O.BROKER BROKER,\n  O.SYMBOL SYMBOL,\n  WINDOWSTART BUCKETSTART,\n  EARLIEST_BY_OFFSET(O.OPEN) OPEN,\n  MAX(O.HIGH) HIGH,\n  MIN(O.LOW) LOW,\n  LATEST_BY_OFFSET(O.CLOSE) CLOSE\nFROM BAR_TBIMP_1S_FINAL_S O\nWINDOW TUMBLING ( SIZE 5 MINUTES , GRACE PERIOD 3 SECONDS ) \nGROUP BY O.BROKER, O.SYMBOL\nEMIT CHANGES;","sinks":["BAR_TBIMP_5M_LIVE"],"sinkKafkaTopics":["bar_tbimp_5m_live"],"id":"CTAS_BAR_TBIMP_5M_LIVE_91","statusCount":{"RUNNING":1},"queryType":"PERSISTENT","state":"RUNNING"},{"queryString":"CREATE TABLE BAR_1M_LIVE WITH (CLEANUP_POLICY='compact,delete', KAFKA_TOPIC='bar_1m_live', KEY_FORMAT='AVRO', PARTITIONS=1, REPLICAS=1, RETENTION_MS=604800000, VALUE_FORMAT='AVRO') AS SELECT\n  O.BROKER BROKER,\n  O.SYMBOL SYMBOL,\n  WINDOWSTART BUCKETSTART,\n  EARLIEST_BY_OFFSET(O.OPEN) OPEN,\n  MAX(O.HIGH) HIGH,\n  MIN(O.LOW) LOW,\n  LATEST_BY_OFFSET(O.KSQLTIMEFRAMECLOSE) KSQLTIMEFRAMECLOSE\nFROM BAR_1S_FINAL_S O\nWINDOW TUMBLING ( SIZE 1 MINUTES , GRACE PERIOD 2 SECONDS ) \nGROUP BY O.BROKER, O.SYMBOL\nEMIT CHANGES;","sinks":["BAR_1M_LIVE"],"sinkKafkaTopics":["bar_1m_live"],"id":"CTAS_BAR_1M_LIVE_101","statusCount":{"RUNNING":1},"queryType":"PERSISTENT","state":"RUNNING"},{"queryString":"CREATE TABLE BAR_TBIMP_1S_FINAL WITH (CLEANUP_POLICY='compact,delete', KAFKA_TOPIC='bar_tbimp_1s_final', KEY_FORMAT='AVRO', PARTITIONS=1, REPLICAS=1, RETENTION_MS=604800000, VALUE_FORMAT='AVRO') AS SELECT\n  O.BROKER BROKER,\n  O.SYMBOL SYMBOL,\n  WINDOWSTART BUCKETSTART,\n  EARLIEST_BY_OFFSET(O.BID) OPEN,\n  MAX(O.BID) HIGH,\n  MIN(O.BID) LOW,\n  LATEST_BY_OFFSET(O.BID) CLOSE\nFROM TICKS_TBIMP O\nWINDOW TUMBLING ( SIZE 1 SECONDS ) \nGROUP BY O.BROKER, O.SYMBOL\nEMIT FINAL;","sinks":["BAR_TBIMP_1S_FINAL"],"sinkKafkaTopics":["bar_tbimp_1s_final"],"id":"CTAS_BAR_TBIMP_1S_FINAL_85","statusCount":{"RUNNING":1},"queryType":"PERSISTENT","state":"RUNNING"}],"warnings":[]}]&#xD;
warn: Kafka.Ksql.Linq.KsqlContext[0]&#xD;
      SHOW QUERIES attempt 2 did not contain a matching query for bar1wkfinal_7d_live&#xD;
info: Kafka.Ksql.Linq.KsqlContext[0]&#xD;
      ksql execute: EXECUTE SQL=SHOW QUERIES;&#xD;
info: Kafka.Ksql.Linq.KsqlContext[0]&#xD;
      SHOW QUERIES output (attempt 3): [{"@type":"queries","statementText":"SHOW QUERIES;","queries":[{"queryString":"CREATE TABLE BAR_15M_LIVE WITH (CLEANUP_POLICY='compact,delete', KAFKA_TOPIC='bar_15m_live', KEY_FORMAT='AVRO', PARTITIONS=1, REPLICAS=1, RETENTION_MS=604800000, VALUE_FORMAT='AVRO') AS SELECT\n  O.BROKER BROKER,\n  O.SYMBOL SYMBOL,\n  WINDOWSTART BUCKETSTART,\n  EARLIEST_BY_OFFSET(O.OPEN) OPEN,\n  MAX(O.HIGH) HIGH,\n  MIN(O.LOW) LOW,\n  LATEST_BY_OFFSET(O.KSQLTIMEFRAMECLOSE) KSQLTIMEFRAMECLOSE\nFROM BAR_1S_FINAL_S O\nWINDOW TUMBLING ( SIZE 15 MINUTES , GRACE PERIOD 4 SECONDS ) \nGROUP BY O.BROKER, O.SYMBOL\nEMIT CHANGES;","sinks":["BAR_15M_LIVE"],"sinkKafkaTopics":["bar_15m_live"],"id":"CTAS_BAR_15M_LIVE_109","statusCount":{"RUNNING":1},"queryType":"PERSISTENT","state":"RUNNING"},{"queryString":"CREATE TABLE BAR_1S_FINAL WITH (CLEANUP_POLICY='compact,delete', KAFKA_TOPIC='bar_1s_final', KEY_FORMAT='AVRO', PARTITIONS=1, REPLICAS=1, RETENTION_MS=604800000, VALUE_FORMAT='AVRO') AS SELECT\n  O.BROKER BROKER,\n  O.SYMBOL SYMBOL,\n  WINDOWSTART BUCKETSTART,\n  EARLIEST_BY_OFFSET(O.BID) OPEN,\n  MAX(O.BID) HIGH,\n  MIN(O.BID) LOW,\n  LATEST_BY_OFFSET(O.BID) KSQLTIMEFRAMECLOSE\nFROM DEDUPRATES O\nWINDOW TUMBLING ( SIZE 1 SECONDS ) \nGROUP BY O.BROKER, O.SYMBOL\nEMIT FINAL;","sinks":["BAR_1S_FINAL"],"sinkKafkaTopics":["bar_1s_final"],"id":"CTAS_BAR_1S_FINAL_97","statusCount":{"RUNNING":1},"queryType":"PERSISTENT","state":"RUNNING"},{"queryString":"CREATE TABLE BAR1WKFINAL_1S_FINAL WITH (CLEANUP_POLICY='compact,delete', KAFKA_TOPIC='bar1wkfinal_1s_final', KEY_FORMAT='AVRO', PARTITIONS=1, REPLICAS=1, RETENTION_MS=604800000, VALUE_FORMAT='AVRO') AS SELECT\n  O.BROKER BROKER,\n  O.SYMBOL SYMBOL,\n  WINDOWSTART BUCKETSTART,\n  EARLIEST_BY_OFFSET(O.BID) OPEN,\n  MAX(O.BID) HIGH,\n  MIN(O.BID) LOW,\n  LATEST_BY_OFFSET(O.BID) KSQLTIMEFRAMECLOSE\nFROM DEDUPRATES O\nWINDOW TUMBLING ( SIZE 1 SECONDS ) \nGROUP BY O.BROKER, O.SYMBOL\nEMIT FINAL;","sinks":["BAR1WKFINAL_1S_FINAL"],"sinkKafkaTopics":["bar1wkfinal_1s_final"],"id":"CTAS_BAR1WKFINAL_1S_FINAL_119","statusCount":{"RUNNING":1},"queryType":"PERSISTENT","state":"RUNNING"},{"queryString":"CREATE TABLE BAR1WKFINAL_7D_LIVE WITH (CLEANUP_POLICY='compact,delete', KAFKA_TOPIC='bar1wkfinal_7d_live', KEY_FORMAT='AVRO', PARTITIONS=1, REPLICAS=1, RETENTION_MS=604800000, VALUE_FORMAT='AVRO') AS SELECT\n  O.BROKER BROKER,\n  O.SYMBOL SYMBOL,\n  WINDOWSTART BUCKETSTART,\n  EARLIEST_BY_OFFSET(O.OPEN) OPEN,\n  MAX(O.HIGH) HIGH,\n  MIN(O.LOW) LOW,\n  LATEST_BY_OFFSET(O.KSQLTIMEFRAMECLOSE) KSQLTIMEFRAMECLOSE\nFROM BAR1WKFINAL_1S_FINAL_S O\nWINDOW TUMBLING ( SIZE 7 DAYS , GRACE PERIOD 2 SECONDS ) \nGROUP BY O.BROKER, O.SYMBOL\nEMIT CHANGES;","sinks":["BAR1WKFINAL_7D_LIVE"],"sinkKafkaTopics":["bar1wkfinal_7d_live"],"id":"CTAS_BAR1WKFINAL_7D_LIVE_123","statusCount":{"RUNNING":1},"queryType":"PERSISTENT","state":"RUNNING"},{"queryString":"CREATE TABLE BAR_60M_LIVE WITH (CLEANUP_POLICY='compact,delete', KAFKA_TOPIC='bar_60m_live', KEY_FORMAT='AVRO', PARTITIONS=1, REPLICAS=1, RETENTION_MS=604800000, VALUE_FORMAT='AVRO') AS SELECT\n  O.BROKER BROKER,\n  O.SYMBOL SYMBOL,\n  WINDOWSTART BUCKETSTART,\n  EARLIEST_BY_OFFSET(O.OPEN) OPEN,\n  MAX(O.HIGH) HIGH,\n  MIN(O.LOW) LOW,\n  LATEST_BY_OFFSET(O.KSQLTIMEFRAMECLOSE) KSQLTIMEFRAMECLOSE\nFROM BAR_1S_FINAL_S O\nWINDOW TUMBLING ( SIZE 60 MINUTES , GRACE PERIOD 5 SECONDS ) \nGROUP BY O.BROKER, O.SYMBOL\nEMIT CHANGES;","sinks":["BAR_60M_LIVE"],"sinkKafkaTopics":["bar_60m_live"],"id":"CTAS_BAR_60M_LIVE_111","statusCount":{"RUNNING":1},"queryType":"PERSISTENT","state":"RUNNING"},{"queryString":"CREATE TABLE BAR_TBIMP_1M_LIVE WITH (CLEANUP_POLICY='compact,delete', KAFKA_TOPIC='bar_tbimp_1m_live', KEY_FORMAT='AVRO', PARTITIONS=1, REPLICAS=1, RETENTION_MS=604800000, VALUE_FORMAT='AVRO') AS SELECT\n  O.BROKER BROKER,\n  O.SYMBOL SYMBOL,\n  WINDOWSTART BUCKETSTART,\n  EARLIEST_BY_OFFSET(O.OPEN) OPEN,\n  MAX(O.HIGH) HIGH,\n  MIN(O.LOW) LOW,\n  LATEST_BY_OFFSET(O.CLOSE) CLOSE\nFROM BAR_TBIMP_1S_FINAL_S O\nWINDOW TUMBLING ( SIZE 1 MINUTES , GRACE PERIOD 2 SECONDS ) \nGROUP BY O.BROKER, O.SYMBOL\nEMIT CHANGES;","sinks":["BAR_TBIMP_1M_LIVE"],"sinkKafkaTopics":["bar_tbimp_1m_live"],"id":"CTAS_BAR_TBIMP_1M_LIVE_89","statusCount":{"RUNNING":1},"queryType":"PERSISTENT","state":"RUNNING"},{"queryString":"CREATE TABLE BAR_5M_LIVE WITH (CLEANUP_POLICY='compact,delete', KAFKA_TOPIC='bar_5m_live', KEY_FORMAT='AVRO', PARTITIONS=1, REPLICAS=1, RETENTION_MS=604800000, VALUE_FORMAT='AVRO') AS SELECT\n  O.BROKER BROKER,\n  O.SYMBOL SYMBOL,\n  WINDOWSTART BUCKETSTART,\n  EARLIEST_BY_OFFSET(O.OPEN) OPEN,\n  MAX(O.HIGH) HIGH,\n  MIN(O.LOW) LOW,\n  LATEST_BY_OFFSET(O.KSQLTIMEFRAMECLOSE) KSQLTIMEFRAMECLOSE\nFROM BAR_1S_FINAL_S O\nWINDOW TUMBLING ( SIZE 5 MINUTES , GRACE PERIOD 3 SECONDS ) \nGROUP BY O.BROKER, O.SYMBOL\nEMIT CHANGES;","sinks":["BAR_5M_LIVE"],"sinkKafkaTopics":["bar_5m_live"],"id":"CTAS_BAR_5M_LIVE_103","statusCount":{"RUNNING":1},"queryType":"PERSISTENT","state":"RUNNING"},{"queryString":"CREATE TABLE BAR_TBIMP_5M_LIVE WITH (CLEANUP_POLICY='compact,delete', KAFKA_TOPIC='bar_tbimp_5m_live', KEY_FORMAT='AVRO', PARTITIONS=1, REPLICAS=1, RETENTION_MS=604800000, VALUE_FORMAT='AVRO') AS SELECT\n  O.BROKER BROKER,\n  O.SYMBOL SYMBOL,\n  WINDOWSTART BUCKETSTART,\n  EARLIEST_BY_OFFSET(O.OPEN) OPEN,\n  MAX(O.HIGH) HIGH,\n  MIN(O.LOW) LOW,\n  LATEST_BY_OFFSET(O.CLOSE) CLOSE\nFROM BAR_TBIMP_1S_FINAL_S O\nWINDOW TUMBLING ( SIZE 5 MINUTES , GRACE PERIOD 3 SECONDS ) \nGROUP BY O.BROKER, O.SYMBOL\nEMIT CHANGES;","sinks":["BAR_TBIMP_5M_LIVE"],"sinkKafkaTopics":["bar_tbimp_5m_live"],"id":"CTAS_BAR_TBIMP_5M_LIVE_91","statusCount":{"RUNNING":1},"queryType":"PERSISTENT","state":"RUNNING"},{"queryString":"CREATE TABLE BAR_1M_LIVE WITH (CLEANUP_POLICY='compact,delete', KAFKA_TOPIC='bar_1m_live', KEY_FORMAT='AVRO', PARTITIONS=1, REPLICAS=1, RETENTION_MS=604800000, VALUE_FORMAT='AVRO') AS SELECT\n  O.BROKER BROKER,\n  O.SYMBOL SYMBOL,\n  WINDOWSTART BUCKETSTART,\n  EARLIEST_BY_OFFSET(O.OPEN) OPEN,\n  MAX(O.HIGH) HIGH,\n  MIN(O.LOW) LOW,\n  LATEST_BY_OFFSET(O.KSQLTIMEFRAMECLOSE) KSQLTIMEFRAMECLOSE\nFROM BAR_1S_FINAL_S O\nWINDOW TUMBLING ( SIZE 1 MINUTES , GRACE PERIOD 2 SECONDS ) \nGROUP BY O.BROKER, O.SYMBOL\nEMIT CHANGES;","sinks":["BAR_1M_LIVE"],"sinkKafkaTopics":["bar_1m_live"],"id":"CTAS_BAR_1M_LIVE_101","statusCount":{"RUNNING":1},"queryType":"PERSISTENT","state":"RUNNING"},{"queryString":"CREATE TABLE BAR_TBIMP_1S_FINAL WITH (CLEANUP_POLICY='compact,delete', KAFKA_TOPIC='bar_tbimp_1s_final', KEY_FORMAT='AVRO', PARTITIONS=1, REPLICAS=1, RETENTION_MS=604800000, VALUE_FORMAT='AVRO') AS SELECT\n  O.BROKER BROKER,\n  O.SYMBOL SYMBOL,\n  WINDOWSTART BUCKETSTART,\n  EARLIEST_BY_OFFSET(O.BID) OPEN,\n  MAX(O.BID) HIGH,\n  MIN(O.BID) LOW,\n  LATEST_BY_OFFSET(O.BID) CLOSE\nFROM TICKS_TBIMP O\nWINDOW TUMBLING ( SIZE 1 SECONDS ) \nGROUP BY O.BROKER, O.SYMBOL\nEMIT FINAL;","sinks":["BAR_TBIMP_1S_FINAL"],"sinkKafkaTopics":["bar_tbimp_1s_final"],"id":"CTAS_BAR_TBIMP_1S_FINAL_85","statusCount":{"RUNNING":1},"queryType":"PERSISTENT","state":"RUNNING"}],"warnings":[]}]&#xD;
warn: Kafka.Ksql.Linq.KsqlContext[0]&#xD;
      SHOW QUERIES attempt 3 did not contain a matching query for bar1wkfinal_7d_live&#xD;
info: Kafka.Ksql.Linq.KsqlContext[0]&#xD;
      ksql execute: EXECUTE SQL=SHOW QUERIES;&#xD;
info: Kafka.Ksql.Linq.KsqlContext[0]&#xD;
      SHOW QUERIES output (attempt 4): [{"@type":"queries","statementText":"SHOW QUERIES;","queries":[{"queryString":"CREATE TABLE BAR_15M_LIVE WITH (CLEANUP_POLICY='compact,delete', KAFKA_TOPIC='bar_15m_live', KEY_FORMAT='AVRO', PARTITIONS=1, REPLICAS=1, RETENTION_MS=604800000, VALUE_FORMAT='AVRO') AS SELECT\n  O.BROKER BROKER,\n  O.SYMBOL SYMBOL,\n  WINDOWSTART BUCKETSTART,\n  EARLIEST_BY_OFFSET(O.OPEN) OPEN,\n  MAX(O.HIGH) HIGH,\n  MIN(O.LOW) LOW,\n  LATEST_BY_OFFSET(O.KSQLTIMEFRAMECLOSE) KSQLTIMEFRAMECLOSE\nFROM BAR_1S_FINAL_S O\nWINDOW TUMBLING ( SIZE 15 MINUTES , GRACE PERIOD 4 SECONDS ) \nGROUP BY O.BROKER, O.SYMBOL\nEMIT CHANGES;","sinks":["BAR_15M_LIVE"],"sinkKafkaTopics":["bar_15m_live"],"id":"CTAS_BAR_15M_LIVE_109","statusCount":{"RUNNING":1},"queryType":"PERSISTENT","state":"RUNNING"},{"queryString":"CREATE TABLE BAR_1S_FINAL WITH (CLEANUP_POLICY='compact,delete', KAFKA_TOPIC='bar_1s_final', KEY_FORMAT='AVRO', PARTITIONS=1, REPLICAS=1, RETENTION_MS=604800000, VALUE_FORMAT='AVRO') AS SELECT\n  O.BROKER BROKER,\n  O.SYMBOL SYMBOL,\n  WINDOWSTART BUCKETSTART,\n  EARLIEST_BY_OFFSET(O.BID) OPEN,\n  MAX(O.BID) HIGH,\n  MIN(O.BID) LOW,\n  LATEST_BY_OFFSET(O.BID) KSQLTIMEFRAMECLOSE\nFROM DEDUPRATES O\nWINDOW TUMBLING ( SIZE 1 SECONDS ) \nGROUP BY O.BROKER, O.SYMBOL\nEMIT FINAL;","sinks":["BAR_1S_FINAL"],"sinkKafkaTopics":["bar_1s_final"],"id":"CTAS_BAR_1S_FINAL_97","statusCount":{"RUNNING":1},"queryType":"PERSISTENT","state":"RUNNING"},{"queryString":"CREATE TABLE BAR1WKFINAL_1S_FINAL WITH (CLEANUP_POLICY='compact,delete', KAFKA_TOPIC='bar1wkfinal_1s_final', KEY_FORMAT='AVRO', PARTITIONS=1, REPLICAS=1, RETENTION_MS=604800000, VALUE_FORMAT='AVRO') AS SELECT\n  O.BROKER BROKER,\n  O.SYMBOL SYMBOL,\n  WINDOWSTART BUCKETSTART,\n  EARLIEST_BY_OFFSET(O.BID) OPEN,\n  MAX(O.BID) HIGH,\n  MIN(O.BID) LOW,\n  LATEST_BY_OFFSET(O.BID) KSQLTIMEFRAMECLOSE\nFROM DEDUPRATES O\nWINDOW TUMBLING ( SIZE 1 SECONDS ) \nGROUP BY O.BROKER, O.SYMBOL\nEMIT FINAL;","sinks":["BAR1WKFINAL_1S_FINAL"],"sinkKafkaTopics":["bar1wkfinal_1s_final"],"id":"CTAS_BAR1WKFINAL_1S_FINAL_119","statusCount":{"RUNNING":1},"queryType":"PERSISTENT","state":"RUNNING"},{"queryString":"CREATE TABLE BAR1WKFINAL_7D_LIVE WITH (CLEANUP_POLICY='compact,delete', KAFKA_TOPIC='bar1wkfinal_7d_live', KEY_FORMAT='AVRO', PARTITIONS=1, REPLICAS=1, RETENTION_MS=604800000, VALUE_FORMAT='AVRO') AS SELECT\n  O.BROKER BROKER,\n  O.SYMBOL SYMBOL,\n  WINDOWSTART BUCKETSTART,\n  EARLIEST_BY_OFFSET(O.OPEN) OPEN,\n  MAX(O.HIGH) HIGH,\n  MIN(O.LOW) LOW,\n  LATEST_BY_OFFSET(O.KSQLTIMEFRAMECLOSE) KSQLTIMEFRAMECLOSE\nFROM BAR1WKFINAL_1S_FINAL_S O\nWINDOW TUMBLING ( SIZE 7 DAYS , GRACE PERIOD 2 SECONDS ) \nGROUP BY O.BROKER, O.SYMBOL\nEMIT CHANGES;","sinks":["BAR1WKFINAL_7D_LIVE"],"sinkKafkaTopics":["bar1wkfinal_7d_live"],"id":"CTAS_BAR1WKFINAL_7D_LIVE_123","statusCount":{"RUNNING":1},"queryType":"PERSISTENT","state":"RUNNING"},{"queryString":"CREATE TABLE BAR_60M_LIVE WITH (CLEANUP_POLICY='compact,delete', KAFKA_TOPIC='bar_60m_live', KEY_FORMAT='AVRO', PARTITIONS=1, REPLICAS=1, RETENTION_MS=604800000, VALUE_FORMAT='AVRO') AS SELECT\n  O.BROKER BROKER,\n  O.SYMBOL SYMBOL,\n  WINDOWSTART BUCKETSTART,\n  EARLIEST_BY_OFFSET(O.OPEN) OPEN,\n  MAX(O.HIGH) HIGH,\n  MIN(O.LOW) LOW,\n  LATEST_BY_OFFSET(O.KSQLTIMEFRAMECLOSE) KSQLTIMEFRAMECLOSE\nFROM BAR_1S_FINAL_S O\nWINDOW TUMBLING ( SIZE 60 MINUTES , GRACE PERIOD 5 SECONDS ) \nGROUP BY O.BROKER, O.SYMBOL\nEMIT CHANGES;","sinks":["BAR_60M_LIVE"],"sinkKafkaTopics":["bar_60m_live"],"id":"CTAS_BAR_60M_LIVE_111","statusCount":{"RUNNING":1},"queryType":"PERSISTENT","state":"RUNNING"},{"queryString":"CREATE TABLE BAR_TBIMP_1M_LIVE WITH (CLEANUP_POLICY='compact,delete', KAFKA_TOPIC='bar_tbimp_1m_live', KEY_FORMAT='AVRO', PARTITIONS=1, REPLICAS=1, RETENTION_MS=604800000, VALUE_FORMAT='AVRO') AS SELECT\n  O.BROKER BROKER,\n  O.SYMBOL SYMBOL,\n  WINDOWSTART BUCKETSTART,\n  EARLIEST_BY_OFFSET(O.OPEN) OPEN,\n  MAX(O.HIGH) HIGH,\n  MIN(O.LOW) LOW,\n  LATEST_BY_OFFSET(O.CLOSE) CLOSE\nFROM BAR_TBIMP_1S_FINAL_S O\nWINDOW TUMBLING ( SIZE 1 MINUTES , GRACE PERIOD 2 SECONDS ) \nGROUP BY O.BROKER, O.SYMBOL\nEMIT CHANGES;","sinks":["BAR_TBIMP_1M_LIVE"],"sinkKafkaTopics":["bar_tbimp_1m_live"],"id":"CTAS_BAR_TBIMP_1M_LIVE_89","statusCount":{"RUNNING":1},"queryType":"PERSISTENT","state":"RUNNING"},{"queryString":"CREATE TABLE BAR_5M_LIVE WITH (CLEANUP_POLICY='compact,delete', KAFKA_TOPIC='bar_5m_live', KEY_FORMAT='AVRO', PARTITIONS=1, REPLICAS=1, RETENTION_MS=604800000, VALUE_FORMAT='AVRO') AS SELECT\n  O.BROKER BROKER,\n  O.SYMBOL SYMBOL,\n  WINDOWSTART BUCKETSTART,\n  EARLIEST_BY_OFFSET(O.OPEN) OPEN,\n  MAX(O.HIGH) HIGH,\n  MIN(O.LOW) LOW,\n  LATEST_BY_OFFSET(O.KSQLTIMEFRAMECLOSE) KSQLTIMEFRAMECLOSE\nFROM BAR_1S_FINAL_S O\nWINDOW TUMBLING ( SIZE 5 MINUTES , GRACE PERIOD 3 SECONDS ) \nGROUP BY O.BROKER, O.SYMBOL\nEMIT CHANGES;","sinks":["BAR_5M_LIVE"],"sinkKafkaTopics":["bar_5m_live"],"id":"CTAS_BAR_5M_LIVE_103","statusCount":{"RUNNING":1},"queryType":"PERSISTENT","state":"RUNNING"},{"queryString":"CREATE TABLE BAR_TBIMP_5M_LIVE WITH (CLEANUP_POLICY='compact,delete', KAFKA_TOPIC='bar_tbimp_5m_live', KEY_FORMAT='AVRO', PARTITIONS=1, REPLICAS=1, RETENTION_MS=604800000, VALUE_FORMAT='AVRO') AS SELECT\n  O.BROKER BROKER,\n  O.SYMBOL SYMBOL,\n  WINDOWSTART BUCKETSTART,\n  EARLIEST_BY_OFFSET(O.OPEN) OPEN,\n  MAX(O.HIGH) HIGH,\n  MIN(O.LOW) LOW,\n  LATEST_BY_OFFSET(O.CLOSE) CLOSE\nFROM BAR_TBIMP_1S_FINAL_S O\nWINDOW TUMBLING ( SIZE 5 MINUTES , GRACE PERIOD 3 SECONDS ) \nGROUP BY O.BROKER, O.SYMBOL\nEMIT CHANGES;","sinks":["BAR_TBIMP_5M_LIVE"],"sinkKafkaTopics":["bar_tbimp_5m_live"],"id":"CTAS_BAR_TBIMP_5M_LIVE_91","statusCount":{"RUNNING":1},"queryType":"PERSISTENT","state":"RUNNING"},{"queryString":"CREATE TABLE BAR_1M_LIVE WITH (CLEANUP_POLICY='compact,delete', KAFKA_TOPIC='bar_1m_live', KEY_FORMAT='AVRO', PARTITIONS=1, REPLICAS=1, RETENTION_MS=604800000, VALUE_FORMAT='AVRO') AS SELECT\n  O.BROKER BROKER,\n  O.SYMBOL SYMBOL,\n  WINDOWSTART BUCKETSTART,\n  EARLIEST_BY_OFFSET(O.OPEN) OPEN,\n  MAX(O.HIGH) HIGH,\n  MIN(O.LOW) LOW,\n  LATEST_BY_OFFSET(O.KSQLTIMEFRAMECLOSE) KSQLTIMEFRAMECLOSE\nFROM BAR_1S_FINAL_S O\nWINDOW TUMBLING ( SIZE 1 MINUTES , GRACE PERIOD 2 SECONDS ) \nGROUP BY O.BROKER, O.SYMBOL\nEMIT CHANGES;","sinks":["BAR_1M_LIVE"],"sinkKafkaTopics":["bar_1m_live"],"id":"CTAS_BAR_1M_LIVE_101","statusCount":{"RUNNING":1},"queryType":"PERSISTENT","state":"RUNNING"},{"queryString":"CREATE TABLE BAR_TBIMP_1S_FINAL WITH (CLEANUP_POLICY='compact,delete', KAFKA_TOPIC='bar_tbimp_1s_final', KEY_FORMAT='AVRO', PARTITIONS=1, REPLICAS=1, RETENTION_MS=604800000, VALUE_FORMAT='AVRO') AS SELECT\n  O.BROKER BROKER,\n  O.SYMBOL SYMBOL,\n  WINDOWSTART BUCKETSTART,\n  EARLIEST_BY_OFFSET(O.BID) OPEN,\n  MAX(O.BID) HIGH,\n  MIN(O.BID) LOW,\n  LATEST_BY_OFFSET(O.BID) CLOSE\nFROM TICKS_TBIMP O\nWINDOW TUMBLING ( SIZE 1 SECONDS ) \nGROUP BY O.BROKER, O.SYMBOL\nEMIT FINAL;","sinks":["BAR_TBIMP_1S_FINAL"],"sinkKafkaTopics":["bar_tbimp_1s_final"],"id":"CTAS_BAR_TBIMP_1S_FINAL_85","statusCount":{"RUNNING":1},"queryType":"PERSISTENT","state":"RUNNING"}],"warnings":[]}]&#xD;
warn: Kafka.Ksql.Linq.KsqlContext[0]&#xD;
      SHOW QUERIES attempt 4 did not contain a matching query for bar1wkfinal_7d_live&#xD;
info: Kafka.Ksql.Linq.KsqlContext[0]&#xD;
      ksql execute: EXECUTE SQL=SHOW QUERIES;&#xD;
info: Kafka.Ksql.Linq.KsqlContext[0]&#xD;
      SHOW QUERIES output (attempt 5): [{"@type":"queries","statementText":"SHOW QUERIES;","queries":[{"queryString":"CREATE TABLE BAR_15M_LIVE WITH (CLEANUP_POLICY='compact,delete', KAFKA_TOPIC='bar_15m_live', KEY_FORMAT='AVRO', PARTITIONS=1, REPLICAS=1, RETENTION_MS=604800000, VALUE_FORMAT='AVRO') AS SELECT\n  O.BROKER BROKER,\n  O.SYMBOL SYMBOL,\n  WINDOWSTART BUCKETSTART,\n  EARLIEST_BY_OFFSET(O.OPEN) OPEN,\n  MAX(O.HIGH) HIGH,\n  MIN(O.LOW) LOW,\n  LATEST_BY_OFFSET(O.KSQLTIMEFRAMECLOSE) KSQLTIMEFRAMECLOSE\nFROM BAR_1S_FINAL_S O\nWINDOW TUMBLING ( SIZE 15 MINUTES , GRACE PERIOD 4 SECONDS ) \nGROUP BY O.BROKER, O.SYMBOL\nEMIT CHANGES;","sinks":["BAR_15M_LIVE"],"sinkKafkaTopics":["bar_15m_live"],"id":"CTAS_BAR_15M_LIVE_109","statusCount":{"RUNNING":1},"queryType":"PERSISTENT","state":"RUNNING"},{"queryString":"CREATE TABLE BAR_1S_FINAL WITH (CLEANUP_POLICY='compact,delete', KAFKA_TOPIC='bar_1s_final', KEY_FORMAT='AVRO', PARTITIONS=1, REPLICAS=1, RETENTION_MS=604800000, VALUE_FORMAT='AVRO') AS SELECT\n  O.BROKER BROKER,\n  O.SYMBOL SYMBOL,\n  WINDOWSTART BUCKETSTART,\n  EARLIEST_BY_OFFSET(O.BID) OPEN,\n  MAX(O.BID) HIGH,\n  MIN(O.BID) LOW,\n  LATEST_BY_OFFSET(O.BID) KSQLTIMEFRAMECLOSE\nFROM DEDUPRATES O\nWINDOW TUMBLING ( SIZE 1 SECONDS ) \nGROUP BY O.BROKER, O.SYMBOL\nEMIT FINAL;","sinks":["BAR_1S_FINAL"],"sinkKafkaTopics":["bar_1s_final"],"id":"CTAS_BAR_1S_FINAL_97","statusCount":{"RUNNING":1},"queryType":"PERSISTENT","state":"RUNNING"},{"queryString":"CREATE TABLE BAR1WKFINAL_1S_FINAL WITH (CLEANUP_POLICY='compact,delete', KAFKA_TOPIC='bar1wkfinal_1s_final', KEY_FORMAT='AVRO', PARTITIONS=1, REPLICAS=1, RETENTION_MS=604800000, VALUE_FORMAT='AVRO') AS SELECT\n  O.BROKER BROKER,\n  O.SYMBOL SYMBOL,\n  WINDOWSTART BUCKETSTART,\n  EARLIEST_BY_OFFSET(O.BID) OPEN,\n  MAX(O.BID) HIGH,\n  MIN(O.BID) LOW,\n  LATEST_BY_OFFSET(O.BID) KSQLTIMEFRAMECLOSE\nFROM DEDUPRATES O\nWINDOW TUMBLING ( SIZE 1 SECONDS ) \nGROUP BY O.BROKER, O.SYMBOL\nEMIT FINAL;","sinks":["BAR1WKFINAL_1S_FINAL"],"sinkKafkaTopics":["bar1wkfinal_1s_final"],"id":"CTAS_BAR1WKFINAL_1S_FINAL_119","statusCount":{"RUNNING":1},"queryType":"PERSISTENT","state":"RUNNING"},{"queryString":"CREATE TABLE BAR1WKFINAL_7D_LIVE WITH (CLEANUP_POLICY='compact,delete', KAFKA_TOPIC='bar1wkfinal_7d_live', KEY_FORMAT='AVRO', PARTITIONS=1, REPLICAS=1, RETENTION_MS=604800000, VALUE_FORMAT='AVRO') AS SELECT\n  O.BROKER BROKER,\n  O.SYMBOL SYMBOL,\n  WINDOWSTART BUCKETSTART,\n  EARLIEST_BY_OFFSET(O.OPEN) OPEN,\n  MAX(O.HIGH) HIGH,\n  MIN(O.LOW) LOW,\n  LATEST_BY_OFFSET(O.KSQLTIMEFRAMECLOSE) KSQLTIMEFRAMECLOSE\nFROM BAR1WKFINAL_1S_FINAL_S O\nWINDOW TUMBLING ( SIZE 7 DAYS , GRACE PERIOD 2 SECONDS ) \nGROUP BY O.BROKER, O.SYMBOL\nEMIT CHANGES;","sinks":["BAR1WKFINAL_7D_LIVE"],"sinkKafkaTopics":["bar1wkfinal_7d_live"],"id":"CTAS_BAR1WKFINAL_7D_LIVE_123","statusCount":{"RUNNING":1},"queryType":"PERSISTENT","state":"RUNNING"},{"queryString":"CREATE TABLE BAR_60M_LIVE WITH (CLEANUP_POLICY='compact,delete', KAFKA_TOPIC='bar_60m_live', KEY_FORMAT='AVRO', PARTITIONS=1, REPLICAS=1, RETENTION_MS=604800000, VALUE_FORMAT='AVRO') AS SELECT\n  O.BROKER BROKER,\n  O.SYMBOL SYMBOL,\n  WINDOWSTART BUCKETSTART,\n  EARLIEST_BY_OFFSET(O.OPEN) OPEN,\n  MAX(O.HIGH) HIGH,\n  MIN(O.LOW) LOW,\n  LATEST_BY_OFFSET(O.KSQLTIMEFRAMECLOSE) KSQLTIMEFRAMECLOSE\nFROM BAR_1S_FINAL_S O\nWINDOW TUMBLING ( SIZE 60 MINUTES , GRACE PERIOD 5 SECONDS ) \nGROUP BY O.BROKER, O.SYMBOL\nEMIT CHANGES;","sinks":["BAR_60M_LIVE"],"sinkKafkaTopics":["bar_60m_live"],"id":"CTAS_BAR_60M_LIVE_111","statusCount":{"RUNNING":1},"queryType":"PERSISTENT","state":"RUNNING"},{"queryString":"CREATE TABLE BAR_TBIMP_1M_LIVE WITH (CLEANUP_POLICY='compact,delete', KAFKA_TOPIC='bar_tbimp_1m_live', KEY_FORMAT='AVRO', PARTITIONS=1, REPLICAS=1, RETENTION_MS=604800000, VALUE_FORMAT='AVRO') AS SELECT\n  O.BROKER BROKER,\n  O.SYMBOL SYMBOL,\n  WINDOWSTART BUCKETSTART,\n  EARLIEST_BY_OFFSET(O.OPEN) OPEN,\n  MAX(O.HIGH) HIGH,\n  MIN(O.LOW) LOW,\n  LATEST_BY_OFFSET(O.CLOSE) CLOSE\nFROM BAR_TBIMP_1S_FINAL_S O\nWINDOW TUMBLING ( SIZE 1 MINUTES , GRACE PERIOD 2 SECONDS ) \nGROUP BY O.BROKER, O.SYMBOL\nEMIT CHANGES;","sinks":["BAR_TBIMP_1M_LIVE"],"sinkKafkaTopics":["bar_tbimp_1m_live"],"id":"CTAS_BAR_TBIMP_1M_LIVE_89","statusCount":{"RUNNING":1},"queryType":"PERSISTENT","state":"RUNNING"},{"queryString":"CREATE TABLE BAR_5M_LIVE WITH (CLEANUP_POLICY='compact,delete', KAFKA_TOPIC='bar_5m_live', KEY_FORMAT='AVRO', PARTITIONS=1, REPLICAS=1, RETENTION_MS=604800000, VALUE_FORMAT='AVRO') AS SELECT\n  O.BROKER BROKER,\n  O.SYMBOL SYMBOL,\n  WINDOWSTART BUCKETSTART,\n  EARLIEST_BY_OFFSET(O.OPEN) OPEN,\n  MAX(O.HIGH) HIGH,\n  MIN(O.LOW) LOW,\n  LATEST_BY_OFFSET(O.KSQLTIMEFRAMECLOSE) KSQLTIMEFRAMECLOSE\nFROM BAR_1S_FINAL_S O\nWINDOW TUMBLING ( SIZE 5 MINUTES , GRACE PERIOD 3 SECONDS ) \nGROUP BY O.BROKER, O.SYMBOL\nEMIT CHANGES;","sinks":["BAR_5M_LIVE"],"sinkKafkaTopics":["bar_5m_live"],"id":"CTAS_BAR_5M_LIVE_103","statusCount":{"RUNNING":1},"queryType":"PERSISTENT","state":"RUNNING"},{"queryString":"CREATE TABLE BAR_TBIMP_5M_LIVE WITH (CLEANUP_POLICY='compact,delete', KAFKA_TOPIC='bar_tbimp_5m_live', KEY_FORMAT='AVRO', PARTITIONS=1, REPLICAS=1, RETENTION_MS=604800000, VALUE_FORMAT='AVRO') AS SELECT\n  O.BROKER BROKER,\n  O.SYMBOL SYMBOL,\n  WINDOWSTART BUCKETSTART,\n  EARLIEST_BY_OFFSET(O.OPEN) OPEN,\n  MAX(O.HIGH) HIGH,\n  MIN(O.LOW) LOW,\n  LATEST_BY_OFFSET(O.CLOSE) CLOSE\nFROM BAR_TBIMP_1S_FINAL_S O\nWINDOW TUMBLING ( SIZE 5 MINUTES , GRACE PERIOD 3 SECONDS ) \nGROUP BY O.BROKER, O.SYMBOL\nEMIT CHANGES;","sinks":["BAR_TBIMP_5M_LIVE"],"sinkKafkaTopics":["bar_tbimp_5m_live"],"id":"CTAS_BAR_TBIMP_5M_LIVE_91","statusCount":{"RUNNING":1},"queryType":"PERSISTENT","state":"RUNNING"},{"queryString":"CREATE TABLE BAR_1M_LIVE WITH (CLEANUP_POLICY='compact,delete', KAFKA_TOPIC='bar_1m_live', KEY_FORMAT='AVRO', PARTITIONS=1, REPLICAS=1, RETENTION_MS=604800000, VALUE_FORMAT='AVRO') AS SELECT\n  O.BROKER BROKER,\n  O.SYMBOL SYMBOL,\n  WINDOWSTART BUCKETSTART,\n  EARLIEST_BY_OFFSET(O.OPEN) OPEN,\n  MAX(O.HIGH) HIGH,\n  MIN(O.LOW) LOW,\n  LATEST_BY_OFFSET(O.KSQLTIMEFRAMECLOSE) KSQLTIMEFRAMECLOSE\nFROM BAR_1S_FINAL_S O\nWINDOW TUMBLING ( SIZE 1 MINUTES , GRACE PERIOD 2 SECONDS ) \nGROUP BY O.BROKER, O.SYMBOL\nEMIT CHANGES;","sinks":["BAR_1M_LIVE"],"sinkKafkaTopics":["bar_1m_live"],"id":"CTAS_BAR_1M_LIVE_101","statusCount":{"RUNNING":1},"queryType":"PERSISTENT","state":"RUNNING"},{"queryString":"CREATE TABLE BAR_TBIMP_1S_FINAL WITH (CLEANUP_POLICY='compact,delete', KAFKA_TOPIC='bar_tbimp_1s_final', KEY_FORMAT='AVRO', PARTITIONS=1, REPLICAS=1, RETENTION_MS=604800000, VALUE_FORMAT='AVRO') AS SELECT\n  O.BROKER BROKER,\n  O.SYMBOL SYMBOL,\n  WINDOWSTART BUCKETSTART,\n  EARLIEST_BY_OFFSET(O.BID) OPEN,\n  MAX(O.BID) HIGH,\n  MIN(O.BID) LOW,\n  LATEST_BY_OFFSET(O.BID) CLOSE\nFROM TICKS_TBIMP O\nWINDOW TUMBLING ( SIZE 1 SECONDS ) \nGROUP BY O.BROKER, O.SYMBOL\nEMIT FINAL;","sinks":["BAR_TBIMP_1S_FINAL"],"sinkKafkaTopics":["bar_tbimp_1s_final"],"id":"CTAS_BAR_TBIMP_1S_FINAL_85","statusCount":{"RUNNING":1},"queryType":"PERSISTENT","state":"RUNNING"}],"warnings":[]}]&#xD;
warn: Kafka.Ksql.Linq.KsqlContext[0]&#xD;
      SHOW QUERIES attempt 5 did not contain a matching query for bar1wkfinal_7d_live&#xD;
warn: Kafka.Ksql.Linq.KsqlContext[0]&#xD;
      Unable to locate queryId for bar1wkfinal_7d_live after 5 attempts&#xD;
warn: Kafka.Ksql.Linq.KsqlContext[0]&#xD;
      Could not locate queryId via SHOW QUERIES for derived statement targeting bar1wkfinal_7d_live: CREATE TABLE bar1wkfinal_7d_live  WITH (KAFKA_TOPIC='bar1wkfinal_7d_live', KEY_FORMAT='AVRO', VALUE_FORMAT='AVRO') AS&#xD;
      SELECT BROKER AS Broker, SYMBOL AS Symbol, WINDOWSTART AS BucketStart, EARLIEST_BY_OFFSET(o.OPEN) AS Open, MAX(o.HIGH) AS High, MIN(o.LOW) AS Low, LATEST_BY_OFFSET(o.KSQLTIMEFRAMECLOSE) AS KsqlTimeFrameClose&#xD;
      FROM bar1wkfinal_1s_final_s o WINDOW TUMBLING (SIZE 7 DAYS, GRACE PERIOD 2 SECONDS)&#xD;
      GROUP BY BROKER, SYMBOL&#xD;
      EMIT CHANGES;&#xD;
info: Kafka.Ksql.Linq.KsqlContext[0]&#xD;
      ksql execute: EXECUTE SQL=SHOW QUERIES;&#xD;
info: Kafka.Ksql.Linq.KsqlContext[0]&#xD;
      ksql execute: EXECUTE SQL=SHOW QUERIES;&#xD;
info: Kafka.Ksql.Linq.KsqlContext[0]&#xD;
      ksql execute: EXECUTE SQL=SHOW QUERIES;&#xD;
info: Kafka.Ksql.Linq.KsqlContext[0]&#xD;
      ksql execute: EXECUTE SQL=SHOW QUERIES;&#xD;
info: Kafka.Ksql.Linq.KsqlContext[0]&#xD;
      ksql execute: EXECUTE SQL=SHOW QUERIES;&#xD;
info: Kafka.Ksql.Linq.KsqlContext[0]&#xD;
      ksql execute: EXECUTE SQL=SHOW QUERIES;&#xD;
info: Kafka.Ksql.Linq.KsqlContext[0]&#xD;
      ksql execute: EXECUTE SQL=SHOW QUERIES;&#xD;
info: Kafka.Ksql.Linq.KsqlContext[0]&#xD;
      ksql execute: EXECUTE SQL=SHOW QUERIES;&#xD;
info: Kafka.Ksql.Linq.KsqlContext[0]&#xD;
      ksql execute: EXECUTE SQL=SHOW QUERIES;&#xD;
info: Kafka.Ksql.Linq.KsqlContext[0]&#xD;
      ksql execute: EXECUTE SQL=SHOW QUERIES;&#xD;
info: Streamiz.Kafka.Net.Processors.StreamThread[0]&#xD;
      Processed 0 total records, ran 0 punctuators and committed 0 total tasks since the last update&#xD;
info: Kafka.Ksql.Linq.KsqlContext[0]&#xD;
      ksql execute: EXECUTE SQL=SHOW QUERIES;&#xD;
info: Kafka.Ksql.Linq.KsqlContext[0]&#xD;
      ksql execute: EXECUTE SQL=SHOW QUERIES;&#xD;
info: Kafka.Ksql.Linq.KsqlContext[0]&#xD;
      ksql execute: EXECUTE SQL=SHOW QUERIES;&#xD;
info: Kafka.Ksql.Linq.KsqlContext[0]&#xD;
      ksql execute: EXECUTE SQL=SHOW QUERIES;&#xD;
info: Kafka.Ksql.Linq.KsqlContext[0]&#xD;
      ksql execute: EXECUTE SQL=SHOW QUERIES;&#xD;
info: Kafka.Ksql.Linq.KsqlContext[0]&#xD;
      ksql execute: EXECUTE SQL=SHOW QUERIES;&#xD;
info: Kafka.Ksql.Linq.KsqlContext[0]&#xD;
      ksql execute: EXECUTE SQL=SHOW QUERIES;&#xD;
info: Kafka.Ksql.Linq.KsqlContext[0]&#xD;
      ksql execute: EXECUTE SQL=SHOW QUERIES;&#xD;
info: Kafka.Ksql.Linq.KsqlContext[0]&#xD;
      ksql execute: EXECUTE SQL=SHOW QUERIES;&#xD;
info: Kafka.Ksql.Linq.KsqlContext[0]&#xD;
      ksql execute: EXECUTE SQL=SHOW QUERIES;&#xD;
info: Kafka.Ksql.Linq.KsqlContext[0]&#xD;
      ksql execute: EXECUTE SQL=SHOW QUERIES;&#xD;
info: Kafka.Ksql.Linq.KsqlContext[0]&#xD;
      ksql execute: EXECUTE SQL=SHOW QUERIES;&#xD;
info: Kafka.Ksql.Linq.KsqlContext[0]&#xD;
      ksql execute: EXECUTE SQL=SHOW QUERIES;&#xD;
info: Kafka.Ksql.Linq.KsqlContext[0]&#xD;
      ksql execute: EXECUTE SQL=SHOW QUERIES;&#xD;
info: Kafka.Ksql.Linq.KsqlContext[0]&#xD;
      ksql execute: EXECUTE SQL=SHOW QUERIES;&#xD;
info: Kafka.Ksql.Linq.KsqlContext[0]&#xD;
      ksql execute: EXECUTE SQL=SHOW QUERIES;&#xD;
info: Kafka.Ksql.Linq.KsqlContext[0]&#xD;
      ksql execute: EXECUTE SQL=SHOW QUERIES;&#xD;
info: Kafka.Ksql.Linq.KsqlContext[0]&#xD;
      ksql execute: EXECUTE SQL=SHOW QUERIES;&#xD;
info: Kafka.Ksql.Linq.KsqlContext[0]&#xD;
      ksql execute: EXECUTE SQL=SHOW QUERIES;&#xD;
info: Kafka.Ksql.Linq.KsqlContext[0]&#xD;
      ksql execute: EXECUTE SQL=SHOW QUERIES;&#xD;
info: Kafka.Ksql.Linq.KsqlContext[0]&#xD;
      ksql execute: EXECUTE SQL=SHOW QUERIES;&#xD;
info: Kafka.Ksql.Linq.KsqlContext[0]&#xD;
      ksql execute: EXECUTE SQL=SHOW QUERIES;&#xD;
info: Kafka.Ksql.Linq.KsqlContext[0]&#xD;
      ksql execute: EXECUTE SQL=SHOW QUERIES;&#xD;
info: Kafka.Ksql.Linq.KsqlContext[0]&#xD;
      ksql execute: EXECUTE SQL=SHOW QUERIES;&#xD;
info: Kafka.Ksql.Linq.KsqlContext[0]&#xD;
      ksql execute: EXECUTE SQL=SHOW QUERIES;&#xD;
info: Kafka.Ksql.Linq.KsqlContext[0]&#xD;
      ksql execute: EXECUTE SQL=SHOW QUERIES;&#xD;
info: Kafka.Ksql.Linq.KsqlContext[0]&#xD;
      ksql execute: EXECUTE SQL=SHOW QUERIES;&#xD;
info: Kafka.Ksql.Linq.KsqlContext[0]&#xD;
      ksql execute: EXECUTE SQL=SHOW QUERIES;&#xD;
info: Kafka.Ksql.Linq.KsqlContext[0]&#xD;
      ksql execute: EXECUTE SQL=SHOW QUERIES;&#xD;
info: Kafka.Ksql.Linq.KsqlContext[0]&#xD;
      ksql execute: EXECUTE SQL=SHOW QUERIES;&#xD;
info: Streamiz.Kafka.Net.Processors.StreamThread[0]&#xD;
      Processed 0 total records, ran 0 punctuators and committed 0 total tasks since the last update&#xD;
info: Kafka.Ksql.Linq.KsqlContext[0]&#xD;
      ksql execute: EXECUTE SQL=SHOW QUERIES;&#xD;
info: Kafka.Ksql.Linq.KsqlContext[0]&#xD;
      ksql execute: EXECUTE SQL=SHOW QUERIES;&#xD;
info: Kafka.Ksql.Linq.KsqlContext[0]&#xD;
      ksql execute: EXECUTE SQL=SHOW QUERIES;&#xD;
info: Kafka.Ksql.Linq.KsqlContext[0]&#xD;
      ksql execute: EXECUTE SQL=SHOW QUERIES;&#xD;
info: Kafka.Ksql.Linq.KsqlContext[0]&#xD;
      ksql execute: EXECUTE SQL=SHOW QUERIES;&#xD;
info: Kafka.Ksql.Linq.KsqlContext[0]&#xD;
      ksql execute: EXECUTE SQL=SHOW QUERIES;&#xD;
info: Kafka.Ksql.Linq.KsqlContext[0]&#xD;
      ksql execute: EXECUTE SQL=SHOW QUERIES;&#xD;
info: Kafka.Ksql.Linq.KsqlContext[0]&#xD;
      ksql execute: EXECUTE SQL=SHOW QUERIES;&#xD;
info: Kafka.Ksql.Linq.KsqlContext[0]&#xD;
      ksql execute: EXECUTE SQL=SHOW QUERIES;&#xD;
info: Kafka.Ksql.Linq.KsqlContext[0]&#xD;
      ksql execute: EXECUTE SQL=SHOW QUERIES;&#xD;
info: Kafka.Ksql.Linq.KsqlContext[0]&#xD;
      ksql execute: EXECUTE SQL=SHOW QUERIES;&#xD;
info: Kafka.Ksql.Linq.KsqlContext[0]&#xD;
      ksql execute: EXECUTE SQL=SHOW QUERIES;&#xD;
info: Kafka.Ksql.Linq.KsqlContext[0]&#xD;
      ksql execute: EXECUTE SQL=SHOW QUERIES;&#xD;
info: Kafka.Ksql.Linq.KsqlContext[0]&#xD;
      ksql execute: EXECUTE SQL=SHOW QUERIES;&#xD;
info: Kafka.Ksql.Linq.KsqlContext[0]&#xD;
      ksql execute: EXECUTE SQL=SHOW QUERIES;&#xD;
info: Kafka.Ksql.Linq.KsqlContext[0]&#xD;
      ksql execute: EXECUTE SQL=SHOW QUERIES;&#xD;
info: Kafka.Ksql.Linq.KsqlContext[0]&#xD;
      ksql execute: EXECUTE SQL=SHOW QUERIES;&#xD;
info: Kafka.Ksql.Linq.KsqlContext[0]&#xD;
      ksql execute: EXECUTE SQL=SHOW QUERIES;&#xD;
info: Kafka.Ksql.Linq.KsqlContext[0]&#xD;
      ksql execute: EXECUTE SQL=SHOW QUERIES;&#xD;
info: Kafka.Ksql.Linq.KsqlContext[0]&#xD;
      ksql execute: EXECUTE SQL=SHOW QUERIES;&#xD;
info: Kafka.Ksql.Linq.KsqlContext[0]&#xD;
      ksql execute: EXECUTE SQL=SHOW QUERIES;&#xD;
info: Kafka.Ksql.Linq.KsqlContext[0]&#xD;
      ksql execute: EXECUTE SQL=SHOW QUERIES;&#xD;
info: Kafka.Ksql.Linq.KsqlContext[0]&#xD;
      ksql execute: EXECUTE SQL=SHOW QUERIES;&#xD;
info: Kafka.Ksql.Linq.KsqlContext[0]&#xD;
      ksql execute: EXECUTE SQL=SHOW QUERIES;&#xD;
info: Kafka.Ksql.Linq.KsqlContext[0]&#xD;
      ksql execute: EXECUTE SQL=SHOW QUERIES;&#xD;
info: Kafka.Ksql.Linq.KsqlContext[0]&#xD;
      ksql execute: EXECUTE SQL=SHOW QUERIES;&#xD;
info: Kafka.Ksql.Linq.KsqlContext[0]&#xD;
      ksql execute: EXECUTE SQL=SHOW QUERIES;&#xD;
info: Kafka.Ksql.Linq.KsqlContext[0]&#xD;
      ksql execute: EXECUTE SQL=SHOW QUERIES;&#xD;
info: Kafka.Ksql.Linq.KsqlContext[0]&#xD;
      ksql execute: EXECUTE SQL=SHOW QUERIES;&#xD;
info: Streamiz.Kafka.Net.Processors.StreamThread[0]&#xD;
      Processed 0 total records, ran 0 punctuators and committed 0 total tasks since the last update&#xD;
info: Kafka.Ksql.Linq.KsqlContext[0]&#xD;
      ksql execute: EXECUTE SQL=SHOW QUERIES;&#xD;
info: Kafka.Ksql.Linq.KsqlContext[0]&#xD;
      ksql execute: EXECUTE SQL=SHOW QUERIES;&#xD;
info: Kafka.Ksql.Linq.KsqlContext[0]&#xD;
      ksql execute: EXECUTE SQL=SHOW QUERIES;&#xD;
info: Kafka.Ksql.Linq.KsqlContext[0]&#xD;
      ksql execute: EXECUTE SQL=SHOW QUERIES;&#xD;
info: Kafka.Ksql.Linq.KsqlContext[0]&#xD;
      ksql execute: EXECUTE SQL=SHOW QUERIES;&#xD;
info: Kafka.Ksql.Linq.KsqlContext[0]&#xD;
      ksql execute: EXECUTE SQL=SHOW QUERIES;&#xD;
info: Kafka.Ksql.Linq.KsqlContext[0]&#xD;
      ksql execute: EXECUTE SQL=SHOW QUERIES;&#xD;
info: Kafka.Ksql.Linq.KsqlContext[0]&#xD;
      ksql execute: EXECUTE SQL=SHOW QUERIES;&#xD;
info: Kafka.Ksql.Linq.KsqlContext[0]&#xD;
      ksql execute: EXECUTE SQL=SHOW QUERIES;&#xD;
info: Kafka.Ksql.Linq.KsqlContext[0]&#xD;
      ksql execute: EXECUTE SQL=SHOW QUERIES;&#xD;
info: Kafka.Ksql.Linq.KsqlContext[0]&#xD;
      ksql execute: EXECUTE SQL=SHOW QUERIES;&#xD;
info: Kafka.Ksql.Linq.KsqlContext[0]&#xD;
      ksql execute: EXECUTE SQL=SHOW QUERIES;&#xD;
info: Kafka.Ksql.Linq.KsqlContext[0]&#xD;
      ksql execute: EXECUTE SQL=SHOW QUERIES;&#xD;
info: Kafka.Ksql.Linq.KsqlContext[0]&#xD;
      ksql execute: EXECUTE SQL=SHOW QUERIES;&#xD;
info: Kafka.Ksql.Linq.KsqlContext[0]&#xD;
      ksql execute: EXECUTE SQL=SHOW QUERIES;&#xD;
info: Kafka.Ksql.Linq.KsqlContext[0]&#xD;
      ksql execute: EXECUTE SQL=SHOW QUERIES;&#xD;
info: Kafka.Ksql.Linq.KsqlContext[0]&#xD;
      ksql execute: EXECUTE SQL=SHOW QUERIES;&#xD;
info: Kafka.Ksql.Linq.KsqlContext[0]&#xD;
      ksql execute: EXECUTE SQL=SHOW QUERIES;&#xD;
info: Kafka.Ksql.Linq.KsqlContext[0]&#xD;
      ksql execute: EXECUTE SQL=SHOW QUERIES;&#xD;
info: Kafka.Ksql.Linq.KsqlContext[0]&#xD;
      ksql execute: EXECUTE SQL=SHOW QUERIES;&#xD;
info: Kafka.Ksql.Linq.KsqlContext[0]&#xD;
      ksql execute: EXECUTE SQL=SHOW QUERIES;&#xD;
warn: Kafka.Ksql.Linq.KsqlContext[0]&#xD;
      Derived query stabilization failed for Bar1wkFinal (attempt 1/3)&#xD;
      System.TimeoutException: CTAS/CSAS query for bar1wkfinal_1s_final did not reach RUNNING within 180s&#xD;
         at Kafka.Ksql.Linq.KsqlContext.WaitForQueryRunningAsync(String targetEntityName, TimeSpan timeout)&#xD;
         at Kafka.Ksql.Linq.KsqlContext.WaitForDerivedQueriesRunningAsync(TimeSpan timeout)&#xD;
         at Kafka.Ksql.Linq.KsqlContext.&lt;&gt;c__DisplayClass95_0.&lt;&lt;EnsureQueryEntityDdlAsync&gt;g__EnsureDerivedQueryEntityDdlAsync|0&gt;d.MoveNext()&#xD;
info: Kafka.Ksql.Linq.KsqlContext[0]&#xD;
      KSQL DDL (derived bar1wkfinal_1s_final): CREATE TABLE bar1wkfinal_1s_final  WITH (KAFKA_TOPIC='bar1wkfinal_1s_final', KEY_FORMAT='AVRO', VALUE_FORMAT='AVRO') AS&#xD;
      SELECT BROKER AS Broker, SYMBOL AS Symbol, WINDOWSTART AS BucketStart, EARLIEST_BY_OFFSET(Bid) AS Open, MAX(Bid) AS High, MIN(Bid) AS Low, LATEST_BY_OFFSET(Bid) AS KsqlTimeFrameClose&#xD;
      FROM DEDUPRATES o WINDOW TUMBLING (SIZE 1 SECONDS)&#xD;
      GROUP BY BROKER, SYMBOL&#xD;
      EMIT FINAL;&#xD;
info: Kafka.Ksql.Linq.KsqlContext[0]&#xD;
      ksql execute: EXECUTE SQL=CREATE TABLE bar1wkfinal_1s_final  WITH (KAFKA_TOPIC='bar1wkfinal_1s_final', KEY_FORMAT='AVRO', VALUE_FORMAT='AVRO') AS ...&#xD;
info: Kafka.Ksql.Linq.KsqlContext[0]&#xD;
      KSQL DDL (derived bar1wkfinal_1s_final_s): CREATE STREAM bar1wkfinal_1s_final_s (BROKER VARCHAR KEY, SYMBOL VARCHAR KEY, BUCKETSTART TIMESTAMP KEY, OPEN DOUBLE, HIGH DOUBLE, LOW DOUBLE, KSQLTIMEFRAMECLOSE DOUBLE) WITH (KAFKA_TOPIC='bar1wkfinal_1s_final', KEY_FORMAT='AVRO', VALUE_FORMAT='AVRO', VALUE_AVRO_SCHEMA_FULL_NAME='bar1wkfinal_ksql.bar1wkfinal_1s_final_s_valueAvro', PARTITIONS=1, REPLICAS=1, RETENTION_MS=604800000);&#xD;
info: Kafka.Ksql.Linq.KsqlContext[0]&#xD;
      ksql execute: EXECUTE SQL=CREATE STREAM bar1wkfinal_1s_final_s (BROKER VARCHAR KEY, SYMBOL VARCHAR KEY, BUCKETSTART TIMESTAMP KEY, OPEN DOUBLE, HI...&#xD;
info: Kafka.Ksql.Linq.KsqlContext[0]&#xD;
      KSQL DDL (derived bar1wkfinal_7d_live): CREATE TABLE bar1wkfinal_7d_live  WITH (KAFKA_TOPIC='bar1wkfinal_7d_live', KEY_FORMAT='AVRO', VALUE_FORMAT='AVRO') AS&#xD;
      SELECT BROKER AS Broker, SYMBOL AS Symbol, WINDOWSTART AS BucketStart, EARLIEST_BY_OFFSET(o.OPEN) AS Open, MAX(o.HIGH) AS High, MIN(o.LOW) AS Low, LATEST_BY_OFFSET(o.KSQLTIMEFRAMECLOSE) AS KsqlTimeFrameClose&#xD;
      FROM bar1wkfinal_1s_final_s o WINDOW TUMBLING (SIZE 7 DAYS, GRACE PERIOD 2 SECONDS)&#xD;
      GROUP BY BROKER, SYMBOL&#xD;
      EMIT CHANGES;&#xD;
info: Kafka.Ksql.Linq.KsqlContext[0]&#xD;
      ksql execute: EXECUTE SQL=CREATE TABLE bar1wkfinal_7d_live  WITH (KAFKA_TOPIC='bar1wkfinal_7d_live', KEY_FORMAT='AVRO', VALUE_FORMAT='AVRO') AS  S...&#xD;
info: Kafka.Ksql.Linq.KsqlContext[0]&#xD;
      ksql execute: EXECUTE SQL=SHOW QUERIES;&#xD;
info: Kafka.Ksql.Linq.KsqlContext[0]&#xD;
      SHOW QUERIES output (attempt 1): [{"@type":"queries","statementText":"SHOW QUERIES;","queries":[{"queryString":"CREATE TABLE BAR_15M_LIVE WITH (CLEANUP_POLICY='compact,delete', KAFKA_TOPIC='bar_15m_live', KEY_FORMAT='AVRO', PARTITIONS=1, REPLICAS=1, RETENTION_MS=604800000, VALUE_FORMAT='AVRO') AS SELECT\n  O.BROKER BROKER,\n  O.SYMBOL SYMBOL,\n  WINDOWSTART BUCKETSTART,\n  EARLIEST_BY_OFFSET(O.OPEN) OPEN,\n  MAX(O.HIGH) HIGH,\n  MIN(O.LOW) LOW,\n  LATEST_BY_OFFSET(O.KSQLTIMEFRAMECLOSE) KSQLTIMEFRAMECLOSE\nFROM BAR_1S_FINAL_S O\nWINDOW TUMBLING ( SIZE 15 MINUTES , GRACE PERIOD 4 SECONDS ) \nGROUP BY O.BROKER, O.SYMBOL\nEMIT CHANGES;","sinks":["BAR_15M_LIVE"],"sinkKafkaTopics":["bar_15m_live"],"id":"CTAS_BAR_15M_LIVE_109","statusCount":{"RUNNING":1},"queryType":"PERSISTENT","state":"RUNNING"},{"queryString":"CREATE TABLE BAR_1S_FINAL WITH (CLEANUP_POLICY='compact,delete', KAFKA_TOPIC='bar_1s_final', KEY_FORMAT='AVRO', PARTITIONS=1, REPLICAS=1, RETENTION_MS=604800000, VALUE_FORMAT='AVRO') AS SELECT\n  O.BROKER BROKER,\n  O.SYMBOL SYMBOL,\n  WINDOWSTART BUCKETSTART,\n  EARLIEST_BY_OFFSET(O.BID) OPEN,\n  MAX(O.BID) HIGH,\n  MIN(O.BID) LOW,\n  LATEST_BY_OFFSET(O.BID) KSQLTIMEFRAMECLOSE\nFROM DEDUPRATES O\nWINDOW TUMBLING ( SIZE 1 SECONDS ) \nGROUP BY O.BROKER, O.SYMBOL\nEMIT FINAL;","sinks":["BAR_1S_FINAL"],"sinkKafkaTopics":["bar_1s_final"],"id":"CTAS_BAR_1S_FINAL_97","statusCount":{"RUNNING":1},"queryType":"PERSISTENT","state":"RUNNING"},{"queryString":"CREATE TABLE BAR1WKFINAL_1S_FINAL WITH (CLEANUP_POLICY='compact,delete', KAFKA_TOPIC='bar1wkfinal_1s_final', KEY_FORMAT='AVRO', PARTITIONS=1, REPLICAS=1, RETENTION_MS=604800000, VALUE_FORMAT='AVRO') AS SELECT\n  O.BROKER BROKER,\n  O.SYMBOL SYMBOL,\n  WINDOWSTART BUCKETSTART,\n  EARLIEST_BY_OFFSET(O.BID) OPEN,\n  MAX(O.BID) HIGH,\n  MIN(O.BID) LOW,\n  LATEST_BY_OFFSET(O.BID) KSQLTIMEFRAMECLOSE\nFROM DEDUPRATES O\nWINDOW TUMBLING ( SIZE 1 SECONDS ) \nGROUP BY O.BROKER, O.SYMBOL\nEMIT FINAL;","sinks":["BAR1WKFINAL_1S_FINAL"],"sinkKafkaTopics":["bar1wkfinal_1s_final"],"id":"CTAS_BAR1WKFINAL_1S_FINAL_119","statusCount":{"RUNNING":1},"queryType":"PERSISTENT","state":"RUNNING"},{"queryString":"CREATE TABLE BAR1WKFINAL_7D_LIVE WITH (CLEANUP_POLICY='compact,delete', KAFKA_TOPIC='bar1wkfinal_7d_live', KEY_FORMAT='AVRO', PARTITIONS=1, REPLICAS=1, RETENTION_MS=604800000, VALUE_FORMAT='AVRO') AS SELECT\n  O.BROKER BROKER,\n  O.SYMBOL SYMBOL,\n  WINDOWSTART BUCKETSTART,\n  EARLIEST_BY_OFFSET(O.OPEN) OPEN,\n  MAX(O.HIGH) HIGH,\n  MIN(O.LOW) LOW,\n  LATEST_BY_OFFSET(O.KSQLTIMEFRAMECLOSE) KSQLTIMEFRAMECLOSE\nFROM BAR1WKFINAL_1S_FINAL_S O\nWINDOW TUMBLING ( SIZE 7 DAYS , GRACE PERIOD 2 SECONDS ) \nGROUP BY O.BROKER, O.SYMBOL\nEMIT CHANGES;","sinks":["BAR1WKFINAL_7D_LIVE"],"sinkKafkaTopics":["bar1wkfinal_7d_live"],"id":"CTAS_BAR1WKFINAL_7D_LIVE_123","statusCount":{"RUNNING":1},"queryType":"PERSISTENT","state":"RUNNING"},{"queryString":"CREATE TABLE BAR_60M_LIVE WITH (CLEANUP_POLICY='compact,delete', KAFKA_TOPIC='bar_60m_live', KEY_FORMAT='AVRO', PARTITIONS=1, REPLICAS=1, RETENTION_MS=604800000, VALUE_FORMAT='AVRO') AS SELECT\n  O.BROKER BROKER,\n  O.SYMBOL SYMBOL,\n  WINDOWSTART BUCKETSTART,\n  EARLIEST_BY_OFFSET(O.OPEN) OPEN,\n  MAX(O.HIGH) HIGH,\n  MIN(O.LOW) LOW,\n  LATEST_BY_OFFSET(O.KSQLTIMEFRAMECLOSE) KSQLTIMEFRAMECLOSE\nFROM BAR_1S_FINAL_S O\nWINDOW TUMBLING ( SIZE 60 MINUTES , GRACE PERIOD 5 SECONDS ) \nGROUP BY O.BROKER, O.SYMBOL\nEMIT CHANGES;","sinks":["BAR_60M_LIVE"],"sinkKafkaTopics":["bar_60m_live"],"id":"CTAS_BAR_60M_LIVE_111","statusCount":{"RUNNING":1},"queryType":"PERSISTENT","state":"RUNNING"},{"queryString":"CREATE TABLE BAR_TBIMP_1M_LIVE WITH (CLEANUP_POLICY='compact,delete', KAFKA_TOPIC='bar_tbimp_1m_live', KEY_FORMAT='AVRO', PARTITIONS=1, REPLICAS=1, RETENTION_MS=604800000, VALUE_FORMAT='AVRO') AS SELECT\n  O.BROKER BROKER,\n  O.SYMBOL SYMBOL,\n  WINDOWSTART BUCKETSTART,\n  EARLIEST_BY_OFFSET(O.OPEN) OPEN,\n  MAX(O.HIGH) HIGH,\n  MIN(O.LOW) LOW,\n  LATEST_BY_OFFSET(O.CLOSE) CLOSE\nFROM BAR_TBIMP_1S_FINAL_S O\nWINDOW TUMBLING ( SIZE 1 MINUTES , GRACE PERIOD 2 SECONDS ) \nGROUP BY O.BROKER, O.SYMBOL\nEMIT CHANGES;","sinks":["BAR_TBIMP_1M_LIVE"],"sinkKafkaTopics":["bar_tbimp_1m_live"],"id":"CTAS_BAR_TBIMP_1M_LIVE_89","statusCount":{"RUNNING":1},"queryType":"PERSISTENT","state":"RUNNING"},{"queryString":"CREATE TABLE BAR_5M_LIVE WITH (CLEANUP_POLICY='compact,delete', KAFKA_TOPIC='bar_5m_live', KEY_FORMAT='AVRO', PARTITIONS=1, REPLICAS=1, RETENTION_MS=604800000, VALUE_FORMAT='AVRO') AS SELECT\n  O.BROKER BROKER,\n  O.SYMBOL SYMBOL,\n  WINDOWSTART BUCKETSTART,\n  EARLIEST_BY_OFFSET(O.OPEN) OPEN,\n  MAX(O.HIGH) HIGH,\n  MIN(O.LOW) LOW,\n  LATEST_BY_OFFSET(O.KSQLTIMEFRAMECLOSE) KSQLTIMEFRAMECLOSE\nFROM BAR_1S_FINAL_S O\nWINDOW TUMBLING ( SIZE 5 MINUTES , GRACE PERIOD 3 SECONDS ) \nGROUP BY O.BROKER, O.SYMBOL\nEMIT CHANGES;","sinks":["BAR_5M_LIVE"],"sinkKafkaTopics":["bar_5m_live"],"id":"CTAS_BAR_5M_LIVE_103","statusCount":{"RUNNING":1},"queryType":"PERSISTENT","state":"RUNNING"},{"queryString":"CREATE TABLE BAR_TBIMP_5M_LIVE WITH (CLEANUP_POLICY='compact,delete', KAFKA_TOPIC='bar_tbimp_5m_live', KEY_FORMAT='AVRO', PARTITIONS=1, REPLICAS=1, RETENTION_MS=604800000, VALUE_FORMAT='AVRO') AS SELECT\n  O.BROKER BROKER,\n  O.SYMBOL SYMBOL,\n  WINDOWSTART BUCKETSTART,\n  EARLIEST_BY_OFFSET(O.OPEN) OPEN,\n  MAX(O.HIGH) HIGH,\n  MIN(O.LOW) LOW,\n  LATEST_BY_OFFSET(O.CLOSE) CLOSE\nFROM BAR_TBIMP_1S_FINAL_S O\nWINDOW TUMBLING ( SIZE 5 MINUTES , GRACE PERIOD 3 SECONDS ) \nGROUP BY O.BROKER, O.SYMBOL\nEMIT CHANGES;","sinks":["BAR_TBIMP_5M_LIVE"],"sinkKafkaTopics":["bar_tbimp_5m_live"],"id":"CTAS_BAR_TBIMP_5M_LIVE_91","statusCount":{"RUNNING":1},"queryType":"PERSISTENT","state":"RUNNING"},{"queryString":"CREATE TABLE BAR_1M_LIVE WITH (CLEANUP_POLICY='compact,delete', KAFKA_TOPIC='bar_1m_live', KEY_FORMAT='AVRO', PARTITIONS=1, REPLICAS=1, RETENTION_MS=604800000, VALUE_FORMAT='AVRO') AS SELECT\n  O.BROKER BROKER,\n  O.SYMBOL SYMBOL,\n  WINDOWSTART BUCKETSTART,\n  EARLIEST_BY_OFFSET(O.OPEN) OPEN,\n  MAX(O.HIGH) HIGH,\n  MIN(O.LOW) LOW,\n  LATEST_BY_OFFSET(O.KSQLTIMEFRAMECLOSE) KSQLTIMEFRAMECLOSE\nFROM BAR_1S_FINAL_S O\nWINDOW TUMBLING ( SIZE 1 MINUTES , GRACE PERIOD 2 SECONDS ) \nGROUP BY O.BROKER, O.SYMBOL\nEMIT CHANGES;","sinks":["BAR_1M_LIVE"],"sinkKafkaTopics":["bar_1m_live"],"id":"CTAS_BAR_1M_LIVE_101","statusCount":{"RUNNING":1},"queryType":"PERSISTENT","state":"RUNNING"},{"queryString":"CREATE TABLE BAR_TBIMP_1S_FINAL WITH (CLEANUP_POLICY='compact,delete', KAFKA_TOPIC='bar_tbimp_1s_final', KEY_FORMAT='AVRO', PARTITIONS=1, REPLICAS=1, RETENTION_MS=604800000, VALUE_FORMAT='AVRO') AS SELECT\n  O.BROKER BROKER,\n  O.SYMBOL SYMBOL,\n  WINDOWSTART BUCKETSTART,\n  EARLIEST_BY_OFFSET(O.BID) OPEN,\n  MAX(O.BID) HIGH,\n  MIN(O.BID) LOW,\n  LATEST_BY_OFFSET(O.BID) CLOSE\nFROM TICKS_TBIMP O\nWINDOW TUMBLING ( SIZE 1 SECONDS ) \nGROUP BY O.BROKER, O.SYMBOL\nEMIT FINAL;","sinks":["BAR_TBIMP_1S_FINAL"],"sinkKafkaTopics":["bar_tbimp_1s_final"],"id":"CTAS_BAR_TBIMP_1S_FINAL_85","statusCount":{"RUNNING":1},"queryType":"PERSISTENT","state":"RUNNING"}],"warnings":[]}]&#xD;
warn: Kafka.Ksql.Linq.KsqlContext[0]&#xD;
      SHOW QUERIES attempt 1 did not contain a matching query for bar1wkfinal_1s_final&#xD;
info: Kafka.Ksql.Linq.KsqlContext[0]&#xD;
      ksql execute: EXECUTE SQL=SHOW QUERIES;&#xD;
info: Kafka.Ksql.Linq.KsqlContext[0]&#xD;
      SHOW QUERIES output (attempt 2): [{"@type":"queries","statementText":"SHOW QUERIES;","queries":[{"queryString":"CREATE TABLE BAR_15M_LIVE WITH (CLEANUP_POLICY='compact,delete', KAFKA_TOPIC='bar_15m_live', KEY_FORMAT='AVRO', PARTITIONS=1, REPLICAS=1, RETENTION_MS=604800000, VALUE_FORMAT='AVRO') AS SELECT\n  O.BROKER BROKER,\n  O.SYMBOL SYMBOL,\n  WINDOWSTART BUCKETSTART,\n  EARLIEST_BY_OFFSET(O.OPEN) OPEN,\n  MAX(O.HIGH) HIGH,\n  MIN(O.LOW) LOW,\n  LATEST_BY_OFFSET(O.KSQLTIMEFRAMECLOSE) KSQLTIMEFRAMECLOSE\nFROM BAR_1S_FINAL_S O\nWINDOW TUMBLING ( SIZE 15 MINUTES , GRACE PERIOD 4 SECONDS ) \nGROUP BY O.BROKER, O.SYMBOL\nEMIT CHANGES;","sinks":["BAR_15M_LIVE"],"sinkKafkaTopics":["bar_15m_live"],"id":"CTAS_BAR_15M_LIVE_109","statusCount":{"RUNNING":1},"queryType":"PERSISTENT","state":"RUNNING"},{"queryString":"CREATE TABLE BAR_1S_FINAL WITH (CLEANUP_POLICY='compact,delete', KAFKA_TOPIC='bar_1s_final', KEY_FORMAT='AVRO', PARTITIONS=1, REPLICAS=1, RETENTION_MS=604800000, VALUE_FORMAT='AVRO') AS SELECT\n  O.BROKER BROKER,\n  O.SYMBOL SYMBOL,\n  WINDOWSTART BUCKETSTART,\n  EARLIEST_BY_OFFSET(O.BID) OPEN,\n  MAX(O.BID) HIGH,\n  MIN(O.BID) LOW,\n  LATEST_BY_OFFSET(O.BID) KSQLTIMEFRAMECLOSE\nFROM DEDUPRATES O\nWINDOW TUMBLING ( SIZE 1 SECONDS ) \nGROUP BY O.BROKER, O.SYMBOL\nEMIT FINAL;","sinks":["BAR_1S_FINAL"],"sinkKafkaTopics":["bar_1s_final"],"id":"CTAS_BAR_1S_FINAL_97","statusCount":{"RUNNING":1},"queryType":"PERSISTENT","state":"RUNNING"},{"queryString":"CREATE TABLE BAR1WKFINAL_1S_FINAL WITH (CLEANUP_POLICY='compact,delete', KAFKA_TOPIC='bar1wkfinal_1s_final', KEY_FORMAT='AVRO', PARTITIONS=1, REPLICAS=1, RETENTION_MS=604800000, VALUE_FORMAT='AVRO') AS SELECT\n  O.BROKER BROKER,\n  O.SYMBOL SYMBOL,\n  WINDOWSTART BUCKETSTART,\n  EARLIEST_BY_OFFSET(O.BID) OPEN,\n  MAX(O.BID) HIGH,\n  MIN(O.BID) LOW,\n  LATEST_BY_OFFSET(O.BID) KSQLTIMEFRAMECLOSE\nFROM DEDUPRATES O\nWINDOW TUMBLING ( SIZE 1 SECONDS ) \nGROUP BY O.BROKER, O.SYMBOL\nEMIT FINAL;","sinks":["BAR1WKFINAL_1S_FINAL"],"sinkKafkaTopics":["bar1wkfinal_1s_final"],"id":"CTAS_BAR1WKFINAL_1S_FINAL_119","statusCount":{"RUNNING":1},"queryType":"PERSISTENT","state":"RUNNING"},{"queryString":"CREATE TABLE BAR1WKFINAL_7D_LIVE WITH (CLEANUP_POLICY='compact,delete', KAFKA_TOPIC='bar1wkfinal_7d_live', KEY_FORMAT='AVRO', PARTITIONS=1, REPLICAS=1, RETENTION_MS=604800000, VALUE_FORMAT='AVRO') AS SELECT\n  O.BROKER BROKER,\n  O.SYMBOL SYMBOL,\n  WINDOWSTART BUCKETSTART,\n  EARLIEST_BY_OFFSET(O.OPEN) OPEN,\n  MAX(O.HIGH) HIGH,\n  MIN(O.LOW) LOW,\n  LATEST_BY_OFFSET(O.KSQLTIMEFRAMECLOSE) KSQLTIMEFRAMECLOSE\nFROM BAR1WKFINAL_1S_FINAL_S O\nWINDOW TUMBLING ( SIZE 7 DAYS , GRACE PERIOD 2 SECONDS ) \nGROUP BY O.BROKER, O.SYMBOL\nEMIT CHANGES;","sinks":["BAR1WKFINAL_7D_LIVE"],"sinkKafkaTopics":["bar1wkfinal_7d_live"],"id":"CTAS_BAR1WKFINAL_7D_LIVE_123","statusCount":{"RUNNING":1},"queryType":"PERSISTENT","state":"RUNNING"},{"queryString":"CREATE TABLE BAR_60M_LIVE WITH (CLEANUP_POLICY='compact,delete', KAFKA_TOPIC='bar_60m_live', KEY_FORMAT='AVRO', PARTITIONS=1, REPLICAS=1, RETENTION_MS=604800000, VALUE_FORMAT='AVRO') AS SELECT\n  O.BROKER BROKER,\n  O.SYMBOL SYMBOL,\n  WINDOWSTART BUCKETSTART,\n  EARLIEST_BY_OFFSET(O.OPEN) OPEN,\n  MAX(O.HIGH) HIGH,\n  MIN(O.LOW) LOW,\n  LATEST_BY_OFFSET(O.KSQLTIMEFRAMECLOSE) KSQLTIMEFRAMECLOSE\nFROM BAR_1S_FINAL_S O\nWINDOW TUMBLING ( SIZE 60 MINUTES , GRACE PERIOD 5 SECONDS ) \nGROUP BY O.BROKER, O.SYMBOL\nEMIT CHANGES;","sinks":["BAR_60M_LIVE"],"sinkKafkaTopics":["bar_60m_live"],"id":"CTAS_BAR_60M_LIVE_111","statusCount":{"RUNNING":1},"queryType":"PERSISTENT","state":"RUNNING"},{"queryString":"CREATE TABLE BAR_TBIMP_1M_LIVE WITH (CLEANUP_POLICY='compact,delete', KAFKA_TOPIC='bar_tbimp_1m_live', KEY_FORMAT='AVRO', PARTITIONS=1, REPLICAS=1, RETENTION_MS=604800000, VALUE_FORMAT='AVRO') AS SELECT\n  O.BROKER BROKER,\n  O.SYMBOL SYMBOL,\n  WINDOWSTART BUCKETSTART,\n  EARLIEST_BY_OFFSET(O.OPEN) OPEN,\n  MAX(O.HIGH) HIGH,\n  MIN(O.LOW) LOW,\n  LATEST_BY_OFFSET(O.CLOSE) CLOSE\nFROM BAR_TBIMP_1S_FINAL_S O\nWINDOW TUMBLING ( SIZE 1 MINUTES , GRACE PERIOD 2 SECONDS ) \nGROUP BY O.BROKER, O.SYMBOL\nEMIT CHANGES;","sinks":["BAR_TBIMP_1M_LIVE"],"sinkKafkaTopics":["bar_tbimp_1m_live"],"id":"CTAS_BAR_TBIMP_1M_LIVE_89","statusCount":{"RUNNING":1},"queryType":"PERSISTENT","state":"RUNNING"},{"queryString":"CREATE TABLE BAR_5M_LIVE WITH (CLEANUP_POLICY='compact,delete', KAFKA_TOPIC='bar_5m_live', KEY_FORMAT='AVRO', PARTITIONS=1, REPLICAS=1, RETENTION_MS=604800000, VALUE_FORMAT='AVRO') AS SELECT\n  O.BROKER BROKER,\n  O.SYMBOL SYMBOL,\n  WINDOWSTART BUCKETSTART,\n  EARLIEST_BY_OFFSET(O.OPEN) OPEN,\n  MAX(O.HIGH) HIGH,\n  MIN(O.LOW) LOW,\n  LATEST_BY_OFFSET(O.KSQLTIMEFRAMECLOSE) KSQLTIMEFRAMECLOSE\nFROM BAR_1S_FINAL_S O\nWINDOW TUMBLING ( SIZE 5 MINUTES , GRACE PERIOD 3 SECONDS ) \nGROUP BY O.BROKER, O.SYMBOL\nEMIT CHANGES;","sinks":["BAR_5M_LIVE"],"sinkKafkaTopics":["bar_5m_live"],"id":"CTAS_BAR_5M_LIVE_103","statusCount":{"RUNNING":1},"queryType":"PERSISTENT","state":"RUNNING"},{"queryString":"CREATE TABLE BAR_TBIMP_5M_LIVE WITH (CLEANUP_POLICY='compact,delete', KAFKA_TOPIC='bar_tbimp_5m_live', KEY_FORMAT='AVRO', PARTITIONS=1, REPLICAS=1, RETENTION_MS=604800000, VALUE_FORMAT='AVRO') AS SELECT\n  O.BROKER BROKER,\n  O.SYMBOL SYMBOL,\n  WINDOWSTART BUCKETSTART,\n  EARLIEST_BY_OFFSET(O.OPEN) OPEN,\n  MAX(O.HIGH) HIGH,\n  MIN(O.LOW) LOW,\n  LATEST_BY_OFFSET(O.CLOSE) CLOSE\nFROM BAR_TBIMP_1S_FINAL_S O\nWINDOW TUMBLING ( SIZE 5 MINUTES , GRACE PERIOD 3 SECONDS ) \nGROUP BY O.BROKER, O.SYMBOL\nEMIT CHANGES;","sinks":["BAR_TBIMP_5M_LIVE"],"sinkKafkaTopics":["bar_tbimp_5m_live"],"id":"CTAS_BAR_TBIMP_5M_LIVE_91","statusCount":{"RUNNING":1},"queryType":"PERSISTENT","state":"RUNNING"},{"queryString":"CREATE TABLE BAR_1M_LIVE WITH (CLEANUP_POLICY='compact,delete', KAFKA_TOPIC='bar_1m_live', KEY_FORMAT='AVRO', PARTITIONS=1, REPLICAS=1, RETENTION_MS=604800000, VALUE_FORMAT='AVRO') AS SELECT\n  O.BROKER BROKER,\n  O.SYMBOL SYMBOL,\n  WINDOWSTART BUCKETSTART,\n  EARLIEST_BY_OFFSET(O.OPEN) OPEN,\n  MAX(O.HIGH) HIGH,\n  MIN(O.LOW) LOW,\n  LATEST_BY_OFFSET(O.KSQLTIMEFRAMECLOSE) KSQLTIMEFRAMECLOSE\nFROM BAR_1S_FINAL_S O\nWINDOW TUMBLING ( SIZE 1 MINUTES , GRACE PERIOD 2 SECONDS ) \nGROUP BY O.BROKER, O.SYMBOL\nEMIT CHANGES;","sinks":["BAR_1M_LIVE"],"sinkKafkaTopics":["bar_1m_live"],"id":"CTAS_BAR_1M_LIVE_101","statusCount":{"RUNNING":1},"queryType":"PERSISTENT","state":"RUNNING"},{"queryString":"CREATE TABLE BAR_TBIMP_1S_FINAL WITH (CLEANUP_POLICY='compact,delete', KAFKA_TOPIC='bar_tbimp_1s_final', KEY_FORMAT='AVRO', PARTITIONS=1, REPLICAS=1, RETENTION_MS=604800000, VALUE_FORMAT='AVRO') AS SELECT\n  O.BROKER BROKER,\n  O.SYMBOL SYMBOL,\n  WINDOWSTART BUCKETSTART,\n  EARLIEST_BY_OFFSET(O.BID) OPEN,\n  MAX(O.BID) HIGH,\n  MIN(O.BID) LOW,\n  LATEST_BY_OFFSET(O.BID) CLOSE\nFROM TICKS_TBIMP O\nWINDOW TUMBLING ( SIZE 1 SECONDS ) \nGROUP BY O.BROKER, O.SYMBOL\nEMIT FINAL;","sinks":["BAR_TBIMP_1S_FINAL"],"sinkKafkaTopics":["bar_tbimp_1s_final"],"id":"CTAS_BAR_TBIMP_1S_FINAL_85","statusCount":{"RUNNING":1},"queryType":"PERSISTENT","state":"RUNNING"}],"warnings":[]}]&#xD;
warn: Kafka.Ksql.Linq.KsqlContext[0]&#xD;
      SHOW QUERIES attempt 2 did not contain a matching query for bar1wkfinal_1s_final&#xD;
info: Kafka.Ksql.Linq.KsqlContext[0]&#xD;
      ksql execute: EXECUTE SQL=SHOW QUERIES;&#xD;
info: Kafka.Ksql.Linq.KsqlContext[0]&#xD;
      SHOW QUERIES output (attempt 3): [{"@type":"queries","statementText":"SHOW QUERIES;","queries":[{"queryString":"CREATE TABLE BAR_15M_LIVE WITH (CLEANUP_POLICY='compact,delete', KAFKA_TOPIC='bar_15m_live', KEY_FORMAT='AVRO', PARTITIONS=1, REPLICAS=1, RETENTION_MS=604800000, VALUE_FORMAT='AVRO') AS SELECT\n  O.BROKER BROKER,\n  O.SYMBOL SYMBOL,\n  WINDOWSTART BUCKETSTART,\n  EARLIEST_BY_OFFSET(O.OPEN) OPEN,\n  MAX(O.HIGH) HIGH,\n  MIN(O.LOW) LOW,\n  LATEST_BY_OFFSET(O.KSQLTIMEFRAMECLOSE) KSQLTIMEFRAMECLOSE\nFROM BAR_1S_FINAL_S O\nWINDOW TUMBLING ( SIZE 15 MINUTES , GRACE PERIOD 4 SECONDS ) \nGROUP BY O.BROKER, O.SYMBOL\nEMIT CHANGES;","sinks":["BAR_15M_LIVE"],"sinkKafkaTopics":["bar_15m_live"],"id":"CTAS_BAR_15M_LIVE_109","statusCount":{"RUNNING":1},"queryType":"PERSISTENT","state":"RUNNING"},{"queryString":"CREATE TABLE BAR_1S_FINAL WITH (CLEANUP_POLICY='compact,delete', KAFKA_TOPIC='bar_1s_final', KEY_FORMAT='AVRO', PARTITIONS=1, REPLICAS=1, RETENTION_MS=604800000, VALUE_FORMAT='AVRO') AS SELECT\n  O.BROKER BROKER,\n  O.SYMBOL SYMBOL,\n  WINDOWSTART BUCKETSTART,\n  EARLIEST_BY_OFFSET(O.BID) OPEN,\n  MAX(O.BID) HIGH,\n  MIN(O.BID) LOW,\n  LATEST_BY_OFFSET(O.BID) KSQLTIMEFRAMECLOSE\nFROM DEDUPRATES O\nWINDOW TUMBLING ( SIZE 1 SECONDS ) \nGROUP BY O.BROKER, O.SYMBOL\nEMIT FINAL;","sinks":["BAR_1S_FINAL"],"sinkKafkaTopics":["bar_1s_final"],"id":"CTAS_BAR_1S_FINAL_97","statusCount":{"RUNNING":1},"queryType":"PERSISTENT","state":"RUNNING"},{"queryString":"CREATE TABLE BAR1WKFINAL_1S_FINAL WITH (CLEANUP_POLICY='compact,delete', KAFKA_TOPIC='bar1wkfinal_1s_final', KEY_FORMAT='AVRO', PARTITIONS=1, REPLICAS=1, RETENTION_MS=604800000, VALUE_FORMAT='AVRO') AS SELECT\n  O.BROKER BROKER,\n  O.SYMBOL SYMBOL,\n  WINDOWSTART BUCKETSTART,\n  EARLIEST_BY_OFFSET(O.BID) OPEN,\n  MAX(O.BID) HIGH,\n  MIN(O.BID) LOW,\n  LATEST_BY_OFFSET(O.BID) KSQLTIMEFRAMECLOSE\nFROM DEDUPRATES O\nWINDOW TUMBLING ( SIZE 1 SECONDS ) \nGROUP BY O.BROKER, O.SYMBOL\nEMIT FINAL;","sinks":["BAR1WKFINAL_1S_FINAL"],"sinkKafkaTopics":["bar1wkfinal_1s_final"],"id":"CTAS_BAR1WKFINAL_1S_FINAL_119","statusCount":{"RUNNING":1},"queryType":"PERSISTENT","state":"RUNNING"},{"queryString":"CREATE TABLE BAR1WKFINAL_7D_LIVE WITH (CLEANUP_POLICY='compact,delete', KAFKA_TOPIC='bar1wkfinal_7d_live', KEY_FORMAT='AVRO', PARTITIONS=1, REPLICAS=1, RETENTION_MS=604800000, VALUE_FORMAT='AVRO') AS SELECT\n  O.BROKER BROKER,\n  O.SYMBOL SYMBOL,\n  WINDOWSTART BUCKETSTART,\n  EARLIEST_BY_OFFSET(O.OPEN) OPEN,\n  MAX(O.HIGH) HIGH,\n  MIN(O.LOW) LOW,\n  LATEST_BY_OFFSET(O.KSQLTIMEFRAMECLOSE) KSQLTIMEFRAMECLOSE\nFROM BAR1WKFINAL_1S_FINAL_S O\nWINDOW TUMBLING ( SIZE 7 DAYS , GRACE PERIOD 2 SECONDS ) \nGROUP BY O.BROKER, O.SYMBOL\nEMIT CHANGES;","sinks":["BAR1WKFINAL_7D_LIVE"],"sinkKafkaTopics":["bar1wkfinal_7d_live"],"id":"CTAS_BAR1WKFINAL_7D_LIVE_123","statusCount":{"RUNNING":1},"queryType":"PERSISTENT","state":"RUNNING"},{"queryString":"CREATE TABLE BAR_60M_LIVE WITH (CLEANUP_POLICY='compact,delete', KAFKA_TOPIC='bar_60m_live', KEY_FORMAT='AVRO', PARTITIONS=1, REPLICAS=1, RETENTION_MS=604800000, VALUE_FORMAT='AVRO') AS SELECT\n  O.BROKER BROKER,\n  O.SYMBOL SYMBOL,\n  WINDOWSTART BUCKETSTART,\n  EARLIEST_BY_OFFSET(O.OPEN) OPEN,\n  MAX(O.HIGH) HIGH,\n  MIN(O.LOW) LOW,\n  LATEST_BY_OFFSET(O.KSQLTIMEFRAMECLOSE) KSQLTIMEFRAMECLOSE\nFROM BAR_1S_FINAL_S O\nWINDOW TUMBLING ( SIZE 60 MINUTES , GRACE PERIOD 5 SECONDS ) \nGROUP BY O.BROKER, O.SYMBOL\nEMIT CHANGES;","sinks":["BAR_60M_LIVE"],"sinkKafkaTopics":["bar_60m_live"],"id":"CTAS_BAR_60M_LIVE_111","statusCount":{"RUNNING":1},"queryType":"PERSISTENT","state":"RUNNING"},{"queryString":"CREATE TABLE BAR_TBIMP_1M_LIVE WITH (CLEANUP_POLICY='compact,delete', KAFKA_TOPIC='bar_tbimp_1m_live', KEY_FORMAT='AVRO', PARTITIONS=1, REPLICAS=1, RETENTION_MS=604800000, VALUE_FORMAT='AVRO') AS SELECT\n  O.BROKER BROKER,\n  O.SYMBOL SYMBOL,\n  WINDOWSTART BUCKETSTART,\n  EARLIEST_BY_OFFSET(O.OPEN) OPEN,\n  MAX(O.HIGH) HIGH,\n  MIN(O.LOW) LOW,\n  LATEST_BY_OFFSET(O.CLOSE) CLOSE\nFROM BAR_TBIMP_1S_FINAL_S O\nWINDOW TUMBLING ( SIZE 1 MINUTES , GRACE PERIOD 2 SECONDS ) \nGROUP BY O.BROKER, O.SYMBOL\nEMIT CHANGES;","sinks":["BAR_TBIMP_1M_LIVE"],"sinkKafkaTopics":["bar_tbimp_1m_live"],"id":"CTAS_BAR_TBIMP_1M_LIVE_89","statusCount":{"RUNNING":1},"queryType":"PERSISTENT","state":"RUNNING"},{"queryString":"CREATE TABLE BAR_5M_LIVE WITH (CLEANUP_POLICY='compact,delete', KAFKA_TOPIC='bar_5m_live', KEY_FORMAT='AVRO', PARTITIONS=1, REPLICAS=1, RETENTION_MS=604800000, VALUE_FORMAT='AVRO') AS SELECT\n  O.BROKER BROKER,\n  O.SYMBOL SYMBOL,\n  WINDOWSTART BUCKETSTART,\n  EARLIEST_BY_OFFSET(O.OPEN) OPEN,\n  MAX(O.HIGH) HIGH,\n  MIN(O.LOW) LOW,\n  LATEST_BY_OFFSET(O.KSQLTIMEFRAMECLOSE) KSQLTIMEFRAMECLOSE\nFROM BAR_1S_FINAL_S O\nWINDOW TUMBLING ( SIZE 5 MINUTES , GRACE PERIOD 3 SECONDS ) \nGROUP BY O.BROKER, O.SYMBOL\nEMIT CHANGES;","sinks":["BAR_5M_LIVE"],"sinkKafkaTopics":["bar_5m_live"],"id":"CTAS_BAR_5M_LIVE_103","statusCount":{"RUNNING":1},"queryType":"PERSISTENT","state":"RUNNING"},{"queryString":"CREATE TABLE BAR_TBIMP_5M_LIVE WITH (CLEANUP_POLICY='compact,delete', KAFKA_TOPIC='bar_tbimp_5m_live', KEY_FORMAT='AVRO', PARTITIONS=1, REPLICAS=1, RETENTION_MS=604800000, VALUE_FORMAT='AVRO') AS SELECT\n  O.BROKER BROKER,\n  O.SYMBOL SYMBOL,\n  WINDOWSTART BUCKETSTART,\n  EARLIEST_BY_OFFSET(O.OPEN) OPEN,\n  MAX(O.HIGH) HIGH,\n  MIN(O.LOW) LOW,\n  LATEST_BY_OFFSET(O.CLOSE) CLOSE\nFROM BAR_TBIMP_1S_FINAL_S O\nWINDOW TUMBLING ( SIZE 5 MINUTES , GRACE PERIOD 3 SECONDS ) \nGROUP BY O.BROKER, O.SYMBOL\nEMIT CHANGES;","sinks":["BAR_TBIMP_5M_LIVE"],"sinkKafkaTopics":["bar_tbimp_5m_live"],"id":"CTAS_BAR_TBIMP_5M_LIVE_91","statusCount":{"RUNNING":1},"queryType":"PERSISTENT","state":"RUNNING"},{"queryString":"CREATE TABLE BAR_1M_LIVE WITH (CLEANUP_POLICY='compact,delete', KAFKA_TOPIC='bar_1m_live', KEY_FORMAT='AVRO', PARTITIONS=1, REPLICAS=1, RETENTION_MS=604800000, VALUE_FORMAT='AVRO') AS SELECT\n  O.BROKER BROKER,\n  O.SYMBOL SYMBOL,\n  WINDOWSTART BUCKETSTART,\n  EARLIEST_BY_OFFSET(O.OPEN) OPEN,\n  MAX(O.HIGH) HIGH,\n  MIN(O.LOW) LOW,\n  LATEST_BY_OFFSET(O.KSQLTIMEFRAMECLOSE) KSQLTIMEFRAMECLOSE\nFROM BAR_1S_FINAL_S O\nWINDOW TUMBLING ( SIZE 1 MINUTES , GRACE PERIOD 2 SECONDS ) \nGROUP BY O.BROKER, O.SYMBOL\nEMIT CHANGES;","sinks":["BAR_1M_LIVE"],"sinkKafkaTopics":["bar_1m_live"],"id":"CTAS_BAR_1M_LIVE_101","statusCount":{"RUNNING":1},"queryType":"PERSISTENT","state":"RUNNING"},{"queryString":"CREATE TABLE BAR_TBIMP_1S_FINAL WITH (CLEANUP_POLICY='compact,delete', KAFKA_TOPIC='bar_tbimp_1s_final', KEY_FORMAT='AVRO', PARTITIONS=1, REPLICAS=1, RETENTION_MS=604800000, VALUE_FORMAT='AVRO') AS SELECT\n  O.BROKER BROKER,\n  O.SYMBOL SYMBOL,\n  WINDOWSTART BUCKETSTART,\n  EARLIEST_BY_OFFSET(O.BID) OPEN,\n  MAX(O.BID) HIGH,\n  MIN(O.BID) LOW,\n  LATEST_BY_OFFSET(O.BID) CLOSE\nFROM TICKS_TBIMP O\nWINDOW TUMBLING ( SIZE 1 SECONDS ) \nGROUP BY O.BROKER, O.SYMBOL\nEMIT FINAL;","sinks":["BAR_TBIMP_1S_FINAL"],"sinkKafkaTopics":["bar_tbimp_1s_final"],"id":"CTAS_BAR_TBIMP_1S_FINAL_85","statusCount":{"RUNNING":1},"queryType":"PERSISTENT","state":"RUNNING"}],"warnings":[]}]&#xD;
warn: Kafka.Ksql.Linq.KsqlContext[0]&#xD;
      SHOW QUERIES attempt 3 did not contain a matching query for bar1wkfinal_1s_final&#xD;
info: Kafka.Ksql.Linq.KsqlContext[0]&#xD;
      ksql execute: EXECUTE SQL=SHOW QUERIES;&#xD;
info: Kafka.Ksql.Linq.KsqlContext[0]&#xD;
      SHOW QUERIES output (attempt 4): [{"@type":"queries","statementText":"SHOW QUERIES;","queries":[{"queryString":"CREATE TABLE BAR_15M_LIVE WITH (CLEANUP_POLICY='compact,delete', KAFKA_TOPIC='bar_15m_live', KEY_FORMAT='AVRO', PARTITIONS=1, REPLICAS=1, RETENTION_MS=604800000, VALUE_FORMAT='AVRO') AS SELECT\n  O.BROKER BROKER,\n  O.SYMBOL SYMBOL,\n  WINDOWSTART BUCKETSTART,\n  EARLIEST_BY_OFFSET(O.OPEN) OPEN,\n  MAX(O.HIGH) HIGH,\n  MIN(O.LOW) LOW,\n  LATEST_BY_OFFSET(O.KSQLTIMEFRAMECLOSE) KSQLTIMEFRAMECLOSE\nFROM BAR_1S_FINAL_S O\nWINDOW TUMBLING ( SIZE 15 MINUTES , GRACE PERIOD 4 SECONDS ) \nGROUP BY O.BROKER, O.SYMBOL\nEMIT CHANGES;","sinks":["BAR_15M_LIVE"],"sinkKafkaTopics":["bar_15m_live"],"id":"CTAS_BAR_15M_LIVE_109","statusCount":{"RUNNING":1},"queryType":"PERSISTENT","state":"RUNNING"},{"queryString":"CREATE TABLE BAR_1S_FINAL WITH (CLEANUP_POLICY='compact,delete', KAFKA_TOPIC='bar_1s_final', KEY_FORMAT='AVRO', PARTITIONS=1, REPLICAS=1, RETENTION_MS=604800000, VALUE_FORMAT='AVRO') AS SELECT\n  O.BROKER BROKER,\n  O.SYMBOL SYMBOL,\n  WINDOWSTART BUCKETSTART,\n  EARLIEST_BY_OFFSET(O.BID) OPEN,\n  MAX(O.BID) HIGH,\n  MIN(O.BID) LOW,\n  LATEST_BY_OFFSET(O.BID) KSQLTIMEFRAMECLOSE\nFROM DEDUPRATES O\nWINDOW TUMBLING ( SIZE 1 SECONDS ) \nGROUP BY O.BROKER, O.SYMBOL\nEMIT FINAL;","sinks":["BAR_1S_FINAL"],"sinkKafkaTopics":["bar_1s_final"],"id":"CTAS_BAR_1S_FINAL_97","statusCount":{"RUNNING":1},"queryType":"PERSISTENT","state":"RUNNING"},{"queryString":"CREATE TABLE BAR1WKFINAL_1S_FINAL WITH (CLEANUP_POLICY='compact,delete', KAFKA_TOPIC='bar1wkfinal_1s_final', KEY_FORMAT='AVRO', PARTITIONS=1, REPLICAS=1, RETENTION_MS=604800000, VALUE_FORMAT='AVRO') AS SELECT\n  O.BROKER BROKER,\n  O.SYMBOL SYMBOL,\n  WINDOWSTART BUCKETSTART,\n  EARLIEST_BY_OFFSET(O.BID) OPEN,\n  MAX(O.BID) HIGH,\n  MIN(O.BID) LOW,\n  LATEST_BY_OFFSET(O.BID) KSQLTIMEFRAMECLOSE\nFROM DEDUPRATES O\nWINDOW TUMBLING ( SIZE 1 SECONDS ) \nGROUP BY O.BROKER, O.SYMBOL\nEMIT FINAL;","sinks":["BAR1WKFINAL_1S_FINAL"],"sinkKafkaTopics":["bar1wkfinal_1s_final"],"id":"CTAS_BAR1WKFINAL_1S_FINAL_119","statusCount":{"RUNNING":1},"queryType":"PERSISTENT","state":"RUNNING"},{"queryString":"CREATE TABLE BAR1WKFINAL_7D_LIVE WITH (CLEANUP_POLICY='compact,delete', KAFKA_TOPIC='bar1wkfinal_7d_live', KEY_FORMAT='AVRO', PARTITIONS=1, REPLICAS=1, RETENTION_MS=604800000, VALUE_FORMAT='AVRO') AS SELECT\n  O.BROKER BROKER,\n  O.SYMBOL SYMBOL,\n  WINDOWSTART BUCKETSTART,\n  EARLIEST_BY_OFFSET(O.OPEN) OPEN,\n  MAX(O.HIGH) HIGH,\n  MIN(O.LOW) LOW,\n  LATEST_BY_OFFSET(O.KSQLTIMEFRAMECLOSE) KSQLTIMEFRAMECLOSE\nFROM BAR1WKFINAL_1S_FINAL_S O\nWINDOW TUMBLING ( SIZE 7 DAYS , GRACE PERIOD 2 SECONDS ) \nGROUP BY O.BROKER, O.SYMBOL\nEMIT CHANGES;","sinks":["BAR1WKFINAL_7D_LIVE"],"sinkKafkaTopics":["bar1wkfinal_7d_live"],"id":"CTAS_BAR1WKFINAL_7D_LIVE_123","statusCount":{"RUNNING":1},"queryType":"PERSISTENT","state":"RUNNING"},{"queryString":"CREATE TABLE BAR_60M_LIVE WITH (CLEANUP_POLICY='compact,delete', KAFKA_TOPIC='bar_60m_live', KEY_FORMAT='AVRO', PARTITIONS=1, REPLICAS=1, RETENTION_MS=604800000, VALUE_FORMAT='AVRO') AS SELECT\n  O.BROKER BROKER,\n  O.SYMBOL SYMBOL,\n  WINDOWSTART BUCKETSTART,\n  EARLIEST_BY_OFFSET(O.OPEN) OPEN,\n  MAX(O.HIGH) HIGH,\n  MIN(O.LOW) LOW,\n  LATEST_BY_OFFSET(O.KSQLTIMEFRAMECLOSE) KSQLTIMEFRAMECLOSE\nFROM BAR_1S_FINAL_S O\nWINDOW TUMBLING ( SIZE 60 MINUTES , GRACE PERIOD 5 SECONDS ) \nGROUP BY O.BROKER, O.SYMBOL\nEMIT CHANGES;","sinks":["BAR_60M_LIVE"],"sinkKafkaTopics":["bar_60m_live"],"id":"CTAS_BAR_60M_LIVE_111","statusCount":{"RUNNING":1},"queryType":"PERSISTENT","state":"RUNNING"},{"queryString":"CREATE TABLE BAR_TBIMP_1M_LIVE WITH (CLEANUP_POLICY='compact,delete', KAFKA_TOPIC='bar_tbimp_1m_live', KEY_FORMAT='AVRO', PARTITIONS=1, REPLICAS=1, RETENTION_MS=604800000, VALUE_FORMAT='AVRO') AS SELECT\n  O.BROKER BROKER,\n  O.SYMBOL SYMBOL,\n  WINDOWSTART BUCKETSTART,\n  EARLIEST_BY_OFFSET(O.OPEN) OPEN,\n  MAX(O.HIGH) HIGH,\n  MIN(O.LOW) LOW,\n  LATEST_BY_OFFSET(O.CLOSE) CLOSE\nFROM BAR_TBIMP_1S_FINAL_S O\nWINDOW TUMBLING ( SIZE 1 MINUTES , GRACE PERIOD 2 SECONDS ) \nGROUP BY O.BROKER, O.SYMBOL\nEMIT CHANGES;","sinks":["BAR_TBIMP_1M_LIVE"],"sinkKafkaTopics":["bar_tbimp_1m_live"],"id":"CTAS_BAR_TBIMP_1M_LIVE_89","statusCount":{"RUNNING":1},"queryType":"PERSISTENT","state":"RUNNING"},{"queryString":"CREATE TABLE BAR_5M_LIVE WITH (CLEANUP_POLICY='compact,delete', KAFKA_TOPIC='bar_5m_live', KEY_FORMAT='AVRO', PARTITIONS=1, REPLICAS=1, RETENTION_MS=604800000, VALUE_FORMAT='AVRO') AS SELECT\n  O.BROKER BROKER,\n  O.SYMBOL SYMBOL,\n  WINDOWSTART BUCKETSTART,\n  EARLIEST_BY_OFFSET(O.OPEN) OPEN,\n  MAX(O.HIGH) HIGH,\n  MIN(O.LOW) LOW,\n  LATEST_BY_OFFSET(O.KSQLTIMEFRAMECLOSE) KSQLTIMEFRAMECLOSE\nFROM BAR_1S_FINAL_S O\nWINDOW TUMBLING ( SIZE 5 MINUTES , GRACE PERIOD 3 SECONDS ) \nGROUP BY O.BROKER, O.SYMBOL\nEMIT CHANGES;","sinks":["BAR_5M_LIVE"],"sinkKafkaTopics":["bar_5m_live"],"id":"CTAS_BAR_5M_LIVE_103","statusCount":{"RUNNING":1},"queryType":"PERSISTENT","state":"RUNNING"},{"queryString":"CREATE TABLE BAR_TBIMP_5M_LIVE WITH (CLEANUP_POLICY='compact,delete', KAFKA_TOPIC='bar_tbimp_5m_live', KEY_FORMAT='AVRO', PARTITIONS=1, REPLICAS=1, RETENTION_MS=604800000, VALUE_FORMAT='AVRO') AS SELECT\n  O.BROKER BROKER,\n  O.SYMBOL SYMBOL,\n  WINDOWSTART BUCKETSTART,\n  EARLIEST_BY_OFFSET(O.OPEN) OPEN,\n  MAX(O.HIGH) HIGH,\n  MIN(O.LOW) LOW,\n  LATEST_BY_OFFSET(O.CLOSE) CLOSE\nFROM BAR_TBIMP_1S_FINAL_S O\nWINDOW TUMBLING ( SIZE 5 MINUTES , GRACE PERIOD 3 SECONDS ) \nGROUP BY O.BROKER, O.SYMBOL\nEMIT CHANGES;","sinks":["BAR_TBIMP_5M_LIVE"],"sinkKafkaTopics":["bar_tbimp_5m_live"],"id":"CTAS_BAR_TBIMP_5M_LIVE_91","statusCount":{"RUNNING":1},"queryType":"PERSISTENT","state":"RUNNING"},{"queryString":"CREATE TABLE BAR_1M_LIVE WITH (CLEANUP_POLICY='compact,delete', KAFKA_TOPIC='bar_1m_live', KEY_FORMAT='AVRO', PARTITIONS=1, REPLICAS=1, RETENTION_MS=604800000, VALUE_FORMAT='AVRO') AS SELECT\n  O.BROKER BROKER,\n  O.SYMBOL SYMBOL,\n  WINDOWSTART BUCKETSTART,\n  EARLIEST_BY_OFFSET(O.OPEN) OPEN,\n  MAX(O.HIGH) HIGH,\n  MIN(O.LOW) LOW,\n  LATEST_BY_OFFSET(O.KSQLTIMEFRAMECLOSE) KSQLTIMEFRAMECLOSE\nFROM BAR_1S_FINAL_S O\nWINDOW TUMBLING ( SIZE 1 MINUTES , GRACE PERIOD 2 SECONDS ) \nGROUP BY O.BROKER, O.SYMBOL\nEMIT CHANGES;","sinks":["BAR_1M_LIVE"],"sinkKafkaTopics":["bar_1m_live"],"id":"CTAS_BAR_1M_LIVE_101","statusCount":{"RUNNING":1},"queryType":"PERSISTENT","state":"RUNNING"},{"queryString":"CREATE TABLE BAR_TBIMP_1S_FINAL WITH (CLEANUP_POLICY='compact,delete', KAFKA_TOPIC='bar_tbimp_1s_final', KEY_FORMAT='AVRO', PARTITIONS=1, REPLICAS=1, RETENTION_MS=604800000, VALUE_FORMAT='AVRO') AS SELECT\n  O.BROKER BROKER,\n  O.SYMBOL SYMBOL,\n  WINDOWSTART BUCKETSTART,\n  EARLIEST_BY_OFFSET(O.BID) OPEN,\n  MAX(O.BID) HIGH,\n  MIN(O.BID) LOW,\n  LATEST_BY_OFFSET(O.BID) CLOSE\nFROM TICKS_TBIMP O\nWINDOW TUMBLING ( SIZE 1 SECONDS ) \nGROUP BY O.BROKER, O.SYMBOL\nEMIT FINAL;","sinks":["BAR_TBIMP_1S_FINAL"],"sinkKafkaTopics":["bar_tbimp_1s_final"],"id":"CTAS_BAR_TBIMP_1S_FINAL_85","statusCount":{"RUNNING":1},"queryType":"PERSISTENT","state":"RUNNING"}],"warnings":[]}]&#xD;
warn: Kafka.Ksql.Linq.KsqlContext[0]&#xD;
      SHOW QUERIES attempt 4 did not contain a matching query for bar1wkfinal_1s_final&#xD;
info: Kafka.Ksql.Linq.KsqlContext[0]&#xD;
      ksql execute: EXECUTE SQL=SHOW QUERIES;&#xD;
info: Kafka.Ksql.Linq.KsqlContext[0]&#xD;
      SHOW QUERIES output (attempt 5): [{"@type":"queries","statementText":"SHOW QUERIES;","queries":[{"queryString":"CREATE TABLE BAR_15M_LIVE WITH (CLEANUP_POLICY='compact,delete', KAFKA_TOPIC='bar_15m_live', KEY_FORMAT='AVRO', PARTITIONS=1, REPLICAS=1, RETENTION_MS=604800000, VALUE_FORMAT='AVRO') AS SELECT\n  O.BROKER BROKER,\n  O.SYMBOL SYMBOL,\n  WINDOWSTART BUCKETSTART,\n  EARLIEST_BY_OFFSET(O.OPEN) OPEN,\n  MAX(O.HIGH) HIGH,\n  MIN(O.LOW) LOW,\n  LATEST_BY_OFFSET(O.KSQLTIMEFRAMECLOSE) KSQLTIMEFRAMECLOSE\nFROM BAR_1S_FINAL_S O\nWINDOW TUMBLING ( SIZE 15 MINUTES , GRACE PERIOD 4 SECONDS ) \nGROUP BY O.BROKER, O.SYMBOL\nEMIT CHANGES;","sinks":["BAR_15M_LIVE"],"sinkKafkaTopics":["bar_15m_live"],"id":"CTAS_BAR_15M_LIVE_109","statusCount":{"RUNNING":1},"queryType":"PERSISTENT","state":"RUNNING"},{"queryString":"CREATE TABLE BAR_1S_FINAL WITH (CLEANUP_POLICY='compact,delete', KAFKA_TOPIC='bar_1s_final', KEY_FORMAT='AVRO', PARTITIONS=1, REPLICAS=1, RETENTION_MS=604800000, VALUE_FORMAT='AVRO') AS SELECT\n  O.BROKER BROKER,\n  O.SYMBOL SYMBOL,\n  WINDOWSTART BUCKETSTART,\n  EARLIEST_BY_OFFSET(O.BID) OPEN,\n  MAX(O.BID) HIGH,\n  MIN(O.BID) LOW,\n  LATEST_BY_OFFSET(O.BID) KSQLTIMEFRAMECLOSE\nFROM DEDUPRATES O\nWINDOW TUMBLING ( SIZE 1 SECONDS ) \nGROUP BY O.BROKER, O.SYMBOL\nEMIT FINAL;","sinks":["BAR_1S_FINAL"],"sinkKafkaTopics":["bar_1s_final"],"id":"CTAS_BAR_1S_FINAL_97","statusCount":{"RUNNING":1},"queryType":"PERSISTENT","state":"RUNNING"},{"queryString":"CREATE TABLE BAR1WKFINAL_1S_FINAL WITH (CLEANUP_POLICY='compact,delete', KAFKA_TOPIC='bar1wkfinal_1s_final', KEY_FORMAT='AVRO', PARTITIONS=1, REPLICAS=1, RETENTION_MS=604800000, VALUE_FORMAT='AVRO') AS SELECT\n  O.BROKER BROKER,\n  O.SYMBOL SYMBOL,\n  WINDOWSTART BUCKETSTART,\n  EARLIEST_BY_OFFSET(O.BID) OPEN,\n  MAX(O.BID) HIGH,\n  MIN(O.BID) LOW,\n  LATEST_BY_OFFSET(O.BID) KSQLTIMEFRAMECLOSE\nFROM DEDUPRATES O\nWINDOW TUMBLING ( SIZE 1 SECONDS ) \nGROUP BY O.BROKER, O.SYMBOL\nEMIT FINAL;","sinks":["BAR1WKFINAL_1S_FINAL"],"sinkKafkaTopics":["bar1wkfinal_1s_final"],"id":"CTAS_BAR1WKFINAL_1S_FINAL_119","statusCount":{"RUNNING":1},"queryType":"PERSISTENT","state":"RUNNING"},{"queryString":"CREATE TABLE BAR1WKFINAL_7D_LIVE WITH (CLEANUP_POLICY='compact,delete', KAFKA_TOPIC='bar1wkfinal_7d_live', KEY_FORMAT='AVRO', PARTITIONS=1, REPLICAS=1, RETENTION_MS=604800000, VALUE_FORMAT='AVRO') AS SELECT\n  O.BROKER BROKER,\n  O.SYMBOL SYMBOL,\n  WINDOWSTART BUCKETSTART,\n  EARLIEST_BY_OFFSET(O.OPEN) OPEN,\n  MAX(O.HIGH) HIGH,\n  MIN(O.LOW) LOW,\n  LATEST_BY_OFFSET(O.KSQLTIMEFRAMECLOSE) KSQLTIMEFRAMECLOSE\nFROM BAR1WKFINAL_1S_FINAL_S O\nWINDOW TUMBLING ( SIZE 7 DAYS , GRACE PERIOD 2 SECONDS ) \nGROUP BY O.BROKER, O.SYMBOL\nEMIT CHANGES;","sinks":["BAR1WKFINAL_7D_LIVE"],"sinkKafkaTopics":["bar1wkfinal_7d_live"],"id":"CTAS_BAR1WKFINAL_7D_LIVE_123","statusCount":{"RUNNING":1},"queryType":"PERSISTENT","state":"RUNNING"},{"queryString":"CREATE TABLE BAR_60M_LIVE WITH (CLEANUP_POLICY='compact,delete', KAFKA_TOPIC='bar_60m_live', KEY_FORMAT='AVRO', PARTITIONS=1, REPLICAS=1, RETENTION_MS=604800000, VALUE_FORMAT='AVRO') AS SELECT\n  O.BROKER BROKER,\n  O.SYMBOL SYMBOL,\n  WINDOWSTART BUCKETSTART,\n  EARLIEST_BY_OFFSET(O.OPEN) OPEN,\n  MAX(O.HIGH) HIGH,\n  MIN(O.LOW) LOW,\n  LATEST_BY_OFFSET(O.KSQLTIMEFRAMECLOSE) KSQLTIMEFRAMECLOSE\nFROM BAR_1S_FINAL_S O\nWINDOW TUMBLING ( SIZE 60 MINUTES , GRACE PERIOD 5 SECONDS ) \nGROUP BY O.BROKER, O.SYMBOL\nEMIT CHANGES;","sinks":["BAR_60M_LIVE"],"sinkKafkaTopics":["bar_60m_live"],"id":"CTAS_BAR_60M_LIVE_111","statusCount":{"RUNNING":1},"queryType":"PERSISTENT","state":"RUNNING"},{"queryString":"CREATE TABLE BAR_TBIMP_1M_LIVE WITH (CLEANUP_POLICY='compact,delete', KAFKA_TOPIC='bar_tbimp_1m_live', KEY_FORMAT='AVRO', PARTITIONS=1, REPLICAS=1, RETENTION_MS=604800000, VALUE_FORMAT='AVRO') AS SELECT\n  O.BROKER BROKER,\n  O.SYMBOL SYMBOL,\n  WINDOWSTART BUCKETSTART,\n  EARLIEST_BY_OFFSET(O.OPEN) OPEN,\n  MAX(O.HIGH) HIGH,\n  MIN(O.LOW) LOW,\n  LATEST_BY_OFFSET(O.CLOSE) CLOSE\nFROM BAR_TBIMP_1S_FINAL_S O\nWINDOW TUMBLING ( SIZE 1 MINUTES , GRACE PERIOD 2 SECONDS ) \nGROUP BY O.BROKER, O.SYMBOL\nEMIT CHANGES;","sinks":["BAR_TBIMP_1M_LIVE"],"sinkKafkaTopics":["bar_tbimp_1m_live"],"id":"CTAS_BAR_TBIMP_1M_LIVE_89","statusCount":{"RUNNING":1},"queryType":"PERSISTENT","state":"RUNNING"},{"queryString":"CREATE TABLE BAR_5M_LIVE WITH (CLEANUP_POLICY='compact,delete', KAFKA_TOPIC='bar_5m_live', KEY_FORMAT='AVRO', PARTITIONS=1, REPLICAS=1, RETENTION_MS=604800000, VALUE_FORMAT='AVRO') AS SELECT\n  O.BROKER BROKER,\n  O.SYMBOL SYMBOL,\n  WINDOWSTART BUCKETSTART,\n  EARLIEST_BY_OFFSET(O.OPEN) OPEN,\n  MAX(O.HIGH) HIGH,\n  MIN(O.LOW) LOW,\n  LATEST_BY_OFFSET(O.KSQLTIMEFRAMECLOSE) KSQLTIMEFRAMECLOSE\nFROM BAR_1S_FINAL_S O\nWINDOW TUMBLING ( SIZE 5 MINUTES , GRACE PERIOD 3 SECONDS ) \nGROUP BY O.BROKER, O.SYMBOL\nEMIT CHANGES;","sinks":["BAR_5M_LIVE"],"sinkKafkaTopics":["bar_5m_live"],"id":"CTAS_BAR_5M_LIVE_103","statusCount":{"RUNNING":1},"queryType":"PERSISTENT","state":"RUNNING"},{"queryString":"CREATE TABLE BAR_TBIMP_5M_LIVE WITH (CLEANUP_POLICY='compact,delete', KAFKA_TOPIC='bar_tbimp_5m_live', KEY_FORMAT='AVRO', PARTITIONS=1, REPLICAS=1, RETENTION_MS=604800000, VALUE_FORMAT='AVRO') AS SELECT\n  O.BROKER BROKER,\n  O.SYMBOL SYMBOL,\n  WINDOWSTART BUCKETSTART,\n  EARLIEST_BY_OFFSET(O.OPEN) OPEN,\n  MAX(O.HIGH) HIGH,\n  MIN(O.LOW) LOW,\n  LATEST_BY_OFFSET(O.CLOSE) CLOSE\nFROM BAR_TBIMP_1S_FINAL_S O\nWINDOW TUMBLING ( SIZE 5 MINUTES , GRACE PERIOD 3 SECONDS ) \nGROUP BY O.BROKER, O.SYMBOL\nEMIT CHANGES;","sinks":["BAR_TBIMP_5M_LIVE"],"sinkKafkaTopics":["bar_tbimp_5m_live"],"id":"CTAS_BAR_TBIMP_5M_LIVE_91","statusCount":{"RUNNING":1},"queryType":"PERSISTENT","state":"RUNNING"},{"queryString":"CREATE TABLE BAR_1M_LIVE WITH (CLEANUP_POLICY='compact,delete', KAFKA_TOPIC='bar_1m_live', KEY_FORMAT='AVRO', PARTITIONS=1, REPLICAS=1, RETENTION_MS=604800000, VALUE_FORMAT='AVRO') AS SELECT\n  O.BROKER BROKER,\n  O.SYMBOL SYMBOL,\n  WINDOWSTART BUCKETSTART,\n  EARLIEST_BY_OFFSET(O.OPEN) OPEN,\n  MAX(O.HIGH) HIGH,\n  MIN(O.LOW) LOW,\n  LATEST_BY_OFFSET(O.KSQLTIMEFRAMECLOSE) KSQLTIMEFRAMECLOSE\nFROM BAR_1S_FINAL_S O\nWINDOW TUMBLING ( SIZE 1 MINUTES , GRACE PERIOD 2 SECONDS ) \nGROUP BY O.BROKER, O.SYMBOL\nEMIT CHANGES;","sinks":["BAR_1M_LIVE"],"sinkKafkaTopics":["bar_1m_live"],"id":"CTAS_BAR_1M_LIVE_101","statusCount":{"RUNNING":1},"queryType":"PERSISTENT","state":"RUNNING"},{"queryString":"CREATE TABLE BAR_TBIMP_1S_FINAL WITH (CLEANUP_POLICY='compact,delete', KAFKA_TOPIC='bar_tbimp_1s_final', KEY_FORMAT='AVRO', PARTITIONS=1, REPLICAS=1, RETENTION_MS=604800000, VALUE_FORMAT='AVRO') AS SELECT\n  O.BROKER BROKER,\n  O.SYMBOL SYMBOL,\n  WINDOWSTART BUCKETSTART,\n  EARLIEST_BY_OFFSET(O.BID) OPEN,\n  MAX(O.BID) HIGH,\n  MIN(O.BID) LOW,\n  LATEST_BY_OFFSET(O.BID) CLOSE\nFROM TICKS_TBIMP O\nWINDOW TUMBLING ( SIZE 1 SECONDS ) \nGROUP BY O.BROKER, O.SYMBOL\nEMIT FINAL;","sinks":["BAR_TBIMP_1S_FINAL"],"sinkKafkaTopics":["bar_tbimp_1s_final"],"id":"CTAS_BAR_TBIMP_1S_FINAL_85","statusCount":{"RUNNING":1},"queryType":"PERSISTENT","state":"RUNNING"}],"warnings":[]}]&#xD;
warn: Kafka.Ksql.Linq.KsqlContext[0]&#xD;
      SHOW QUERIES attempt 5 did not contain a matching query for bar1wkfinal_1s_final&#xD;
warn: Kafka.Ksql.Linq.KsqlContext[0]&#xD;
      Unable to locate queryId for bar1wkfinal_1s_final after 5 attempts&#xD;
warn: Kafka.Ksql.Linq.KsqlContext[0]&#xD;
      Could not locate queryId via SHOW QUERIES for derived statement targeting bar1wkfinal_1s_final: CREATE TABLE bar1wkfinal_1s_final  WITH (KAFKA_TOPIC='bar1wkfinal_1s_final', KEY_FORMAT='AVRO', VALUE_FORMAT='AVRO') AS&#xD;
      SELECT BROKER AS Broker, SYMBOL AS Symbol, WINDOWSTART AS BucketStart, EARLIEST_BY_OFFSET(Bid) AS Open, MAX(Bid) AS High, MIN(Bid) AS Low, LATEST_BY_OFFSET(Bid) AS KsqlTimeFrameClose&#xD;
      FROM DEDUPRATES o WINDOW TUMBLING (SIZE 1 SECONDS)&#xD;
      GROUP BY BROKER, SYMBOL&#xD;
      EMIT FINAL;&#xD;
info: Kafka.Ksql.Linq.KsqlContext[0]&#xD;
      ksql execute: EXECUTE SQL=SHOW QUERIES;&#xD;
info: Kafka.Ksql.Linq.KsqlContext[0]&#xD;
      SHOW QUERIES output (attempt 1): [{"@type":"queries","statementText":"SHOW QUERIES;","queries":[{"queryString":"CREATE TABLE BAR_15M_LIVE WITH (CLEANUP_POLICY='compact,delete', KAFKA_TOPIC='bar_15m_live', KEY_FORMAT='AVRO', PARTITIONS=1, REPLICAS=1, RETENTION_MS=604800000, VALUE_FORMAT='AVRO') AS SELECT\n  O.BROKER BROKER,\n  O.SYMBOL SYMBOL,\n  WINDOWSTART BUCKETSTART,\n  EARLIEST_BY_OFFSET(O.OPEN) OPEN,\n  MAX(O.HIGH) HIGH,\n  MIN(O.LOW) LOW,\n  LATEST_BY_OFFSET(O.KSQLTIMEFRAMECLOSE) KSQLTIMEFRAMECLOSE\nFROM BAR_1S_FINAL_S O\nWINDOW TUMBLING ( SIZE 15 MINUTES , GRACE PERIOD 4 SECONDS ) \nGROUP BY O.BROKER, O.SYMBOL\nEMIT CHANGES;","sinks":["BAR_15M_LIVE"],"sinkKafkaTopics":["bar_15m_live"],"id":"CTAS_BAR_15M_LIVE_109","statusCount":{"RUNNING":1},"queryType":"PERSISTENT","state":"RUNNING"},{"queryString":"CREATE TABLE BAR_1S_FINAL WITH (CLEANUP_POLICY='compact,delete', KAFKA_TOPIC='bar_1s_final', KEY_FORMAT='AVRO', PARTITIONS=1, REPLICAS=1, RETENTION_MS=604800000, VALUE_FORMAT='AVRO') AS SELECT\n  O.BROKER BROKER,\n  O.SYMBOL SYMBOL,\n  WINDOWSTART BUCKETSTART,\n  EARLIEST_BY_OFFSET(O.BID) OPEN,\n  MAX(O.BID) HIGH,\n  MIN(O.BID) LOW,\n  LATEST_BY_OFFSET(O.BID) KSQLTIMEFRAMECLOSE\nFROM DEDUPRATES O\nWINDOW TUMBLING ( SIZE 1 SECONDS ) \nGROUP BY O.BROKER, O.SYMBOL\nEMIT FINAL;","sinks":["BAR_1S_FINAL"],"sinkKafkaTopics":["bar_1s_final"],"id":"CTAS_BAR_1S_FINAL_97","statusCount":{"RUNNING":1},"queryType":"PERSISTENT","state":"RUNNING"},{"queryString":"CREATE TABLE BAR1WKFINAL_1S_FINAL WITH (CLEANUP_POLICY='compact,delete', KAFKA_TOPIC='bar1wkfinal_1s_final', KEY_FORMAT='AVRO', PARTITIONS=1, REPLICAS=1, RETENTION_MS=604800000, VALUE_FORMAT='AVRO') AS SELECT\n  O.BROKER BROKER,\n  O.SYMBOL SYMBOL,\n  WINDOWSTART BUCKETSTART,\n  EARLIEST_BY_OFFSET(O.BID) OPEN,\n  MAX(O.BID) HIGH,\n  MIN(O.BID) LOW,\n  LATEST_BY_OFFSET(O.BID) KSQLTIMEFRAMECLOSE\nFROM DEDUPRATES O\nWINDOW TUMBLING ( SIZE 1 SECONDS ) \nGROUP BY O.BROKER, O.SYMBOL\nEMIT FINAL;","sinks":["BAR1WKFINAL_1S_FINAL"],"sinkKafkaTopics":["bar1wkfinal_1s_final"],"id":"CTAS_BAR1WKFINAL_1S_FINAL_119","statusCount":{"RUNNING":1},"queryType":"PERSISTENT","state":"RUNNING"},{"queryString":"CREATE TABLE BAR1WKFINAL_7D_LIVE WITH (CLEANUP_POLICY='compact,delete', KAFKA_TOPIC='bar1wkfinal_7d_live', KEY_FORMAT='AVRO', PARTITIONS=1, REPLICAS=1, RETENTION_MS=604800000, VALUE_FORMAT='AVRO') AS SELECT\n  O.BROKER BROKER,\n  O.SYMBOL SYMBOL,\n  WINDOWSTART BUCKETSTART,\n  EARLIEST_BY_OFFSET(O.OPEN) OPEN,\n  MAX(O.HIGH) HIGH,\n  MIN(O.LOW) LOW,\n  LATEST_BY_OFFSET(O.KSQLTIMEFRAMECLOSE) KSQLTIMEFRAMECLOSE\nFROM BAR1WKFINAL_1S_FINAL_S O\nWINDOW TUMBLING ( SIZE 7 DAYS , GRACE PERIOD 2 SECONDS ) \nGROUP BY O.BROKER, O.SYMBOL\nEMIT CHANGES;","sinks":["BAR1WKFINAL_7D_LIVE"],"sinkKafkaTopics":["bar1wkfinal_7d_live"],"id":"CTAS_BAR1WKFINAL_7D_LIVE_123","statusCount":{"RUNNING":1},"queryType":"PERSISTENT","state":"RUNNING"},{"queryString":"CREATE TABLE BAR_60M_LIVE WITH (CLEANUP_POLICY='compact,delete', KAFKA_TOPIC='bar_60m_live', KEY_FORMAT='AVRO', PARTITIONS=1, REPLICAS=1, RETENTION_MS=604800000, VALUE_FORMAT='AVRO') AS SELECT\n  O.BROKER BROKER,\n  O.SYMBOL SYMBOL,\n  WINDOWSTART BUCKETSTART,\n  EARLIEST_BY_OFFSET(O.OPEN) OPEN,\n  MAX(O.HIGH) HIGH,\n  MIN(O.LOW) LOW,\n  LATEST_BY_OFFSET(O.KSQLTIMEFRAMECLOSE) KSQLTIMEFRAMECLOSE\nFROM BAR_1S_FINAL_S O\nWINDOW TUMBLING ( SIZE 60 MINUTES , GRACE PERIOD 5 SECONDS ) \nGROUP BY O.BROKER, O.SYMBOL\nEMIT CHANGES;","sinks":["BAR_60M_LIVE"],"sinkKafkaTopics":["bar_60m_live"],"id":"CTAS_BAR_60M_LIVE_111","statusCount":{"RUNNING":1},"queryType":"PERSISTENT","state":"RUNNING"},{"queryString":"CREATE TABLE BAR_TBIMP_1M_LIVE WITH (CLEANUP_POLICY='compact,delete', KAFKA_TOPIC='bar_tbimp_1m_live', KEY_FORMAT='AVRO', PARTITIONS=1, REPLICAS=1, RETENTION_MS=604800000, VALUE_FORMAT='AVRO') AS SELECT\n  O.BROKER BROKER,\n  O.SYMBOL SYMBOL,\n  WINDOWSTART BUCKETSTART,\n  EARLIEST_BY_OFFSET(O.OPEN) OPEN,\n  MAX(O.HIGH) HIGH,\n  MIN(O.LOW) LOW,\n  LATEST_BY_OFFSET(O.CLOSE) CLOSE\nFROM BAR_TBIMP_1S_FINAL_S O\nWINDOW TUMBLING ( SIZE 1 MINUTES , GRACE PERIOD 2 SECONDS ) \nGROUP BY O.BROKER, O.SYMBOL\nEMIT CHANGES;","sinks":["BAR_TBIMP_1M_LIVE"],"sinkKafkaTopics":["bar_tbimp_1m_live"],"id":"CTAS_BAR_TBIMP_1M_LIVE_89","statusCount":{"RUNNING":1},"queryType":"PERSISTENT","state":"RUNNING"},{"queryString":"CREATE TABLE BAR_5M_LIVE WITH (CLEANUP_POLICY='compact,delete', KAFKA_TOPIC='bar_5m_live', KEY_FORMAT='AVRO', PARTITIONS=1, REPLICAS=1, RETENTION_MS=604800000, VALUE_FORMAT='AVRO') AS SELECT\n  O.BROKER BROKER,\n  O.SYMBOL SYMBOL,\n  WINDOWSTART BUCKETSTART,\n  EARLIEST_BY_OFFSET(O.OPEN) OPEN,\n  MAX(O.HIGH) HIGH,\n  MIN(O.LOW) LOW,\n  LATEST_BY_OFFSET(O.KSQLTIMEFRAMECLOSE) KSQLTIMEFRAMECLOSE\nFROM BAR_1S_FINAL_S O\nWINDOW TUMBLING ( SIZE 5 MINUTES , GRACE PERIOD 3 SECONDS ) \nGROUP BY O.BROKER, O.SYMBOL\nEMIT CHANGES;","sinks":["BAR_5M_LIVE"],"sinkKafkaTopics":["bar_5m_live"],"id":"CTAS_BAR_5M_LIVE_103","statusCount":{"RUNNING":1},"queryType":"PERSISTENT","state":"RUNNING"},{"queryString":"CREATE TABLE BAR_TBIMP_5M_LIVE WITH (CLEANUP_POLICY='compact,delete', KAFKA_TOPIC='bar_tbimp_5m_live', KEY_FORMAT='AVRO', PARTITIONS=1, REPLICAS=1, RETENTION_MS=604800000, VALUE_FORMAT='AVRO') AS SELECT\n  O.BROKER BROKER,\n  O.SYMBOL SYMBOL,\n  WINDOWSTART BUCKETSTART,\n  EARLIEST_BY_OFFSET(O.OPEN) OPEN,\n  MAX(O.HIGH) HIGH,\n  MIN(O.LOW) LOW,\n  LATEST_BY_OFFSET(O.CLOSE) CLOSE\nFROM BAR_TBIMP_1S_FINAL_S O\nWINDOW TUMBLING ( SIZE 5 MINUTES , GRACE PERIOD 3 SECONDS ) \nGROUP BY O.BROKER, O.SYMBOL\nEMIT CHANGES;","sinks":["BAR_TBIMP_5M_LIVE"],"sinkKafkaTopics":["bar_tbimp_5m_live"],"id":"CTAS_BAR_TBIMP_5M_LIVE_91","statusCount":{"RUNNING":1},"queryType":"PERSISTENT","state":"RUNNING"},{"queryString":"CREATE TABLE BAR_1M_LIVE WITH (CLEANUP_POLICY='compact,delete', KAFKA_TOPIC='bar_1m_live', KEY_FORMAT='AVRO', PARTITIONS=1, REPLICAS=1, RETENTION_MS=604800000, VALUE_FORMAT='AVRO') AS SELECT\n  O.BROKER BROKER,\n  O.SYMBOL SYMBOL,\n  WINDOWSTART BUCKETSTART,\n  EARLIEST_BY_OFFSET(O.OPEN) OPEN,\n  MAX(O.HIGH) HIGH,\n  MIN(O.LOW) LOW,\n  LATEST_BY_OFFSET(O.KSQLTIMEFRAMECLOSE) KSQLTIMEFRAMECLOSE\nFROM BAR_1S_FINAL_S O\nWINDOW TUMBLING ( SIZE 1 MINUTES , GRACE PERIOD 2 SECONDS ) \nGROUP BY O.BROKER, O.SYMBOL\nEMIT CHANGES;","sinks":["BAR_1M_LIVE"],"sinkKafkaTopics":["bar_1m_live"],"id":"CTAS_BAR_1M_LIVE_101","statusCount":{"RUNNING":1},"queryType":"PERSISTENT","state":"RUNNING"},{"queryString":"CREATE TABLE BAR_TBIMP_1S_FINAL WITH (CLEANUP_POLICY='compact,delete', KAFKA_TOPIC='bar_tbimp_1s_final', KEY_FORMAT='AVRO', PARTITIONS=1, REPLICAS=1, RETENTION_MS=604800000, VALUE_FORMAT='AVRO') AS SELECT\n  O.BROKER BROKER,\n  O.SYMBOL SYMBOL,\n  WINDOWSTART BUCKETSTART,\n  EARLIEST_BY_OFFSET(O.BID) OPEN,\n  MAX(O.BID) HIGH,\n  MIN(O.BID) LOW,\n  LATEST_BY_OFFSET(O.BID) CLOSE\nFROM TICKS_TBIMP O\nWINDOW TUMBLING ( SIZE 1 SECONDS ) \nGROUP BY O.BROKER, O.SYMBOL\nEMIT FINAL;","sinks":["BAR_TBIMP_1S_FINAL"],"sinkKafkaTopics":["bar_tbimp_1s_final"],"id":"CTAS_BAR_TBIMP_1S_FINAL_85","statusCount":{"RUNNING":1},"queryType":"PERSISTENT","state":"RUNNING"}],"warnings":[]}]&#xD;
warn: Kafka.Ksql.Linq.KsqlContext[0]&#xD;
      SHOW QUERIES attempt 1 did not contain a matching query for bar1wkfinal_7d_live&#xD;
info: Kafka.Ksql.Linq.KsqlContext[0]&#xD;
      ksql execute: EXECUTE SQL=SHOW QUERIES;&#xD;
info: Kafka.Ksql.Linq.KsqlContext[0]&#xD;
      SHOW QUERIES output (attempt 2): [{"@type":"queries","statementText":"SHOW QUERIES;","queries":[{"queryString":"CREATE TABLE BAR_15M_LIVE WITH (CLEANUP_POLICY='compact,delete', KAFKA_TOPIC='bar_15m_live', KEY_FORMAT='AVRO', PARTITIONS=1, REPLICAS=1, RETENTION_MS=604800000, VALUE_FORMAT='AVRO') AS SELECT\n  O.BROKER BROKER,\n  O.SYMBOL SYMBOL,\n  WINDOWSTART BUCKETSTART,\n  EARLIEST_BY_OFFSET(O.OPEN) OPEN,\n  MAX(O.HIGH) HIGH,\n  MIN(O.LOW) LOW,\n  LATEST_BY_OFFSET(O.KSQLTIMEFRAMECLOSE) KSQLTIMEFRAMECLOSE\nFROM BAR_1S_FINAL_S O\nWINDOW TUMBLING ( SIZE 15 MINUTES , GRACE PERIOD 4 SECONDS ) \nGROUP BY O.BROKER, O.SYMBOL\nEMIT CHANGES;","sinks":["BAR_15M_LIVE"],"sinkKafkaTopics":["bar_15m_live"],"id":"CTAS_BAR_15M_LIVE_109","statusCount":{"RUNNING":1},"queryType":"PERSISTENT","state":"RUNNING"},{"queryString":"CREATE TABLE BAR_1S_FINAL WITH (CLEANUP_POLICY='compact,delete', KAFKA_TOPIC='bar_1s_final', KEY_FORMAT='AVRO', PARTITIONS=1, REPLICAS=1, RETENTION_MS=604800000, VALUE_FORMAT='AVRO') AS SELECT\n  O.BROKER BROKER,\n  O.SYMBOL SYMBOL,\n  WINDOWSTART BUCKETSTART,\n  EARLIEST_BY_OFFSET(O.BID) OPEN,\n  MAX(O.BID) HIGH,\n  MIN(O.BID) LOW,\n  LATEST_BY_OFFSET(O.BID) KSQLTIMEFRAMECLOSE\nFROM DEDUPRATES O\nWINDOW TUMBLING ( SIZE 1 SECONDS ) \nGROUP BY O.BROKER, O.SYMBOL\nEMIT FINAL;","sinks":["BAR_1S_FINAL"],"sinkKafkaTopics":["bar_1s_final"],"id":"CTAS_BAR_1S_FINAL_97","statusCount":{"RUNNING":1},"queryType":"PERSISTENT","state":"RUNNING"},{"queryString":"CREATE TABLE BAR1WKFINAL_1S_FINAL WITH (CLEANUP_POLICY='compact,delete', KAFKA_TOPIC='bar1wkfinal_1s_final', KEY_FORMAT='AVRO', PARTITIONS=1, REPLICAS=1, RETENTION_MS=604800000, VALUE_FORMAT='AVRO') AS SELECT\n  O.BROKER BROKER,\n  O.SYMBOL SYMBOL,\n  WINDOWSTART BUCKETSTART,\n  EARLIEST_BY_OFFSET(O.BID) OPEN,\n  MAX(O.BID) HIGH,\n  MIN(O.BID) LOW,\n  LATEST_BY_OFFSET(O.BID) KSQLTIMEFRAMECLOSE\nFROM DEDUPRATES O\nWINDOW TUMBLING ( SIZE 1 SECONDS ) \nGROUP BY O.BROKER, O.SYMBOL\nEMIT FINAL;","sinks":["BAR1WKFINAL_1S_FINAL"],"sinkKafkaTopics":["bar1wkfinal_1s_final"],"id":"CTAS_BAR1WKFINAL_1S_FINAL_119","statusCount":{"RUNNING":1},"queryType":"PERSISTENT","state":"RUNNING"},{"queryString":"CREATE TABLE BAR1WKFINAL_7D_LIVE WITH (CLEANUP_POLICY='compact,delete', KAFKA_TOPIC='bar1wkfinal_7d_live', KEY_FORMAT='AVRO', PARTITIONS=1, REPLICAS=1, RETENTION_MS=604800000, VALUE_FORMAT='AVRO') AS SELECT\n  O.BROKER BROKER,\n  O.SYMBOL SYMBOL,\n  WINDOWSTART BUCKETSTART,\n  EARLIEST_BY_OFFSET(O.OPEN) OPEN,\n  MAX(O.HIGH) HIGH,\n  MIN(O.LOW) LOW,\n  LATEST_BY_OFFSET(O.KSQLTIMEFRAMECLOSE) KSQLTIMEFRAMECLOSE\nFROM BAR1WKFINAL_1S_FINAL_S O\nWINDOW TUMBLING ( SIZE 7 DAYS , GRACE PERIOD 2 SECONDS ) \nGROUP BY O.BROKER, O.SYMBOL\nEMIT CHANGES;","sinks":["BAR1WKFINAL_7D_LIVE"],"sinkKafkaTopics":["bar1wkfinal_7d_live"],"id":"CTAS_BAR1WKFINAL_7D_LIVE_123","statusCount":{"RUNNING":1},"queryType":"PERSISTENT","state":"RUNNING"},{"queryString":"CREATE TABLE BAR_60M_LIVE WITH (CLEANUP_POLICY='compact,delete', KAFKA_TOPIC='bar_60m_live', KEY_FORMAT='AVRO', PARTITIONS=1, REPLICAS=1, RETENTION_MS=604800000, VALUE_FORMAT='AVRO') AS SELECT\n  O.BROKER BROKER,\n  O.SYMBOL SYMBOL,\n  WINDOWSTART BUCKETSTART,\n  EARLIEST_BY_OFFSET(O.OPEN) OPEN,\n  MAX(O.HIGH) HIGH,\n  MIN(O.LOW) LOW,\n  LATEST_BY_OFFSET(O.KSQLTIMEFRAMECLOSE) KSQLTIMEFRAMECLOSE\nFROM BAR_1S_FINAL_S O\nWINDOW TUMBLING ( SIZE 60 MINUTES , GRACE PERIOD 5 SECONDS ) \nGROUP BY O.BROKER, O.SYMBOL\nEMIT CHANGES;","sinks":["BAR_60M_LIVE"],"sinkKafkaTopics":["bar_60m_live"],"id":"CTAS_BAR_60M_LIVE_111","statusCount":{"RUNNING":1},"queryType":"PERSISTENT","state":"RUNNING"},{"queryString":"CREATE TABLE BAR_TBIMP_1M_LIVE WITH (CLEANUP_POLICY='compact,delete', KAFKA_TOPIC='bar_tbimp_1m_live', KEY_FORMAT='AVRO', PARTITIONS=1, REPLICAS=1, RETENTION_MS=604800000, VALUE_FORMAT='AVRO') AS SELECT\n  O.BROKER BROKER,\n  O.SYMBOL SYMBOL,\n  WINDOWSTART BUCKETSTART,\n  EARLIEST_BY_OFFSET(O.OPEN) OPEN,\n  MAX(O.HIGH) HIGH,\n  MIN(O.LOW) LOW,\n  LATEST_BY_OFFSET(O.CLOSE) CLOSE\nFROM BAR_TBIMP_1S_FINAL_S O\nWINDOW TUMBLING ( SIZE 1 MINUTES , GRACE PERIOD 2 SECONDS ) \nGROUP BY O.BROKER, O.SYMBOL\nEMIT CHANGES;","sinks":["BAR_TBIMP_1M_LIVE"],"sinkKafkaTopics":["bar_tbimp_1m_live"],"id":"CTAS_BAR_TBIMP_1M_LIVE_89","statusCount":{"RUNNING":1},"queryType":"PERSISTENT","state":"RUNNING"},{"queryString":"CREATE TABLE BAR_5M_LIVE WITH (CLEANUP_POLICY='compact,delete', KAFKA_TOPIC='bar_5m_live', KEY_FORMAT='AVRO', PARTITIONS=1, REPLICAS=1, RETENTION_MS=604800000, VALUE_FORMAT='AVRO') AS SELECT\n  O.BROKER BROKER,\n  O.SYMBOL SYMBOL,\n  WINDOWSTART BUCKETSTART,\n  EARLIEST_BY_OFFSET(O.OPEN) OPEN,\n  MAX(O.HIGH) HIGH,\n  MIN(O.LOW) LOW,\n  LATEST_BY_OFFSET(O.KSQLTIMEFRAMECLOSE) KSQLTIMEFRAMECLOSE\nFROM BAR_1S_FINAL_S O\nWINDOW TUMBLING ( SIZE 5 MINUTES , GRACE PERIOD 3 SECONDS ) \nGROUP BY O.BROKER, O.SYMBOL\nEMIT CHANGES;","sinks":["BAR_5M_LIVE"],"sinkKafkaTopics":["bar_5m_live"],"id":"CTAS_BAR_5M_LIVE_103","statusCount":{"RUNNING":1},"queryType":"PERSISTENT","state":"RUNNING"},{"queryString":"CREATE TABLE BAR_TBIMP_5M_LIVE WITH (CLEANUP_POLICY='compact,delete', KAFKA_TOPIC='bar_tbimp_5m_live', KEY_FORMAT='AVRO', PARTITIONS=1, REPLICAS=1, RETENTION_MS=604800000, VALUE_FORMAT='AVRO') AS SELECT\n  O.BROKER BROKER,\n  O.SYMBOL SYMBOL,\n  WINDOWSTART BUCKETSTART,\n  EARLIEST_BY_OFFSET(O.OPEN) OPEN,\n  MAX(O.HIGH) HIGH,\n  MIN(O.LOW) LOW,\n  LATEST_BY_OFFSET(O.CLOSE) CLOSE\nFROM BAR_TBIMP_1S_FINAL_S O\nWINDOW TUMBLING ( SIZE 5 MINUTES , GRACE PERIOD 3 SECONDS ) \nGROUP BY O.BROKER, O.SYMBOL\nEMIT CHANGES;","sinks":["BAR_TBIMP_5M_LIVE"],"sinkKafkaTopics":["bar_tbimp_5m_live"],"id":"CTAS_BAR_TBIMP_5M_LIVE_91","statusCount":{"RUNNING":1},"queryType":"PERSISTENT","state":"RUNNING"},{"queryString":"CREATE TABLE BAR_1M_LIVE WITH (CLEANUP_POLICY='compact,delete', KAFKA_TOPIC='bar_1m_live', KEY_FORMAT='AVRO', PARTITIONS=1, REPLICAS=1, RETENTION_MS=604800000, VALUE_FORMAT='AVRO') AS SELECT\n  O.BROKER BROKER,\n  O.SYMBOL SYMBOL,\n  WINDOWSTART BUCKETSTART,\n  EARLIEST_BY_OFFSET(O.OPEN) OPEN,\n  MAX(O.HIGH) HIGH,\n  MIN(O.LOW) LOW,\n  LATEST_BY_OFFSET(O.KSQLTIMEFRAMECLOSE) KSQLTIMEFRAMECLOSE\nFROM BAR_1S_FINAL_S O\nWINDOW TUMBLING ( SIZE 1 MINUTES , GRACE PERIOD 2 SECONDS ) \nGROUP BY O.BROKER, O.SYMBOL\nEMIT CHANGES;","sinks":["BAR_1M_LIVE"],"sinkKafkaTopics":["bar_1m_live"],"id":"CTAS_BAR_1M_LIVE_101","statusCount":{"RUNNING":1},"queryType":"PERSISTENT","state":"RUNNING"},{"queryString":"CREATE TABLE BAR_TBIMP_1S_FINAL WITH (CLEANUP_POLICY='compact,delete', KAFKA_TOPIC='bar_tbimp_1s_final', KEY_FORMAT='AVRO', PARTITIONS=1, REPLICAS=1, RETENTION_MS=604800000, VALUE_FORMAT='AVRO') AS SELECT\n  O.BROKER BROKER,\n  O.SYMBOL SYMBOL,\n  WINDOWSTART BUCKETSTART,\n  EARLIEST_BY_OFFSET(O.BID) OPEN,\n  MAX(O.BID) HIGH,\n  MIN(O.BID) LOW,\n  LATEST_BY_OFFSET(O.BID) CLOSE\nFROM TICKS_TBIMP O\nWINDOW TUMBLING ( SIZE 1 SECONDS ) \nGROUP BY O.BROKER, O.SYMBOL\nEMIT FINAL;","sinks":["BAR_TBIMP_1S_FINAL"],"sinkKafkaTopics":["bar_tbimp_1s_final"],"id":"CTAS_BAR_TBIMP_1S_FINAL_85","statusCount":{"RUNNING":1},"queryType":"PERSISTENT","state":"RUNNING"}],"warnings":[]}]&#xD;
warn: Kafka.Ksql.Linq.KsqlContext[0]&#xD;
      SHOW QUERIES attempt 2 did not contain a matching query for bar1wkfinal_7d_live&#xD;
info: Kafka.Ksql.Linq.KsqlContext[0]&#xD;
      ksql execute: EXECUTE SQL=SHOW QUERIES;&#xD;
info: Kafka.Ksql.Linq.KsqlContext[0]&#xD;
      SHOW QUERIES output (attempt 3): [{"@type":"queries","statementText":"SHOW QUERIES;","queries":[{"queryString":"CREATE TABLE BAR_15M_LIVE WITH (CLEANUP_POLICY='compact,delete', KAFKA_TOPIC='bar_15m_live', KEY_FORMAT='AVRO', PARTITIONS=1, REPLICAS=1, RETENTION_MS=604800000, VALUE_FORMAT='AVRO') AS SELECT\n  O.BROKER BROKER,\n  O.SYMBOL SYMBOL,\n  WINDOWSTART BUCKETSTART,\n  EARLIEST_BY_OFFSET(O.OPEN) OPEN,\n  MAX(O.HIGH) HIGH,\n  MIN(O.LOW) LOW,\n  LATEST_BY_OFFSET(O.KSQLTIMEFRAMECLOSE) KSQLTIMEFRAMECLOSE\nFROM BAR_1S_FINAL_S O\nWINDOW TUMBLING ( SIZE 15 MINUTES , GRACE PERIOD 4 SECONDS ) \nGROUP BY O.BROKER, O.SYMBOL\nEMIT CHANGES;","sinks":["BAR_15M_LIVE"],"sinkKafkaTopics":["bar_15m_live"],"id":"CTAS_BAR_15M_LIVE_109","statusCount":{"RUNNING":1},"queryType":"PERSISTENT","state":"RUNNING"},{"queryString":"CREATE TABLE BAR_1S_FINAL WITH (CLEANUP_POLICY='compact,delete', KAFKA_TOPIC='bar_1s_final', KEY_FORMAT='AVRO', PARTITIONS=1, REPLICAS=1, RETENTION_MS=604800000, VALUE_FORMAT='AVRO') AS SELECT\n  O.BROKER BROKER,\n  O.SYMBOL SYMBOL,\n  WINDOWSTART BUCKETSTART,\n  EARLIEST_BY_OFFSET(O.BID) OPEN,\n  MAX(O.BID) HIGH,\n  MIN(O.BID) LOW,\n  LATEST_BY_OFFSET(O.BID) KSQLTIMEFRAMECLOSE\nFROM DEDUPRATES O\nWINDOW TUMBLING ( SIZE 1 SECONDS ) \nGROUP BY O.BROKER, O.SYMBOL\nEMIT FINAL;","sinks":["BAR_1S_FINAL"],"sinkKafkaTopics":["bar_1s_final"],"id":"CTAS_BAR_1S_FINAL_97","statusCount":{"RUNNING":1},"queryType":"PERSISTENT","state":"RUNNING"},{"queryString":"CREATE TABLE BAR1WKFINAL_1S_FINAL WITH (CLEANUP_POLICY='compact,delete', KAFKA_TOPIC='bar1wkfinal_1s_final', KEY_FORMAT='AVRO', PARTITIONS=1, REPLICAS=1, RETENTION_MS=604800000, VALUE_FORMAT='AVRO') AS SELECT\n  O.BROKER BROKER,\n  O.SYMBOL SYMBOL,\n  WINDOWSTART BUCKETSTART,\n  EARLIEST_BY_OFFSET(O.BID) OPEN,\n  MAX(O.BID) HIGH,\n  MIN(O.BID) LOW,\n  LATEST_BY_OFFSET(O.BID) KSQLTIMEFRAMECLOSE\nFROM DEDUPRATES O\nWINDOW TUMBLING ( SIZE 1 SECONDS ) \nGROUP BY O.BROKER, O.SYMBOL\nEMIT FINAL;","sinks":["BAR1WKFINAL_1S_FINAL"],"sinkKafkaTopics":["bar1wkfinal_1s_final"],"id":"CTAS_BAR1WKFINAL_1S_FINAL_119","statusCount":{"RUNNING":1},"queryType":"PERSISTENT","state":"RUNNING"},{"queryString":"CREATE TABLE BAR1WKFINAL_7D_LIVE WITH (CLEANUP_POLICY='compact,delete', KAFKA_TOPIC='bar1wkfinal_7d_live', KEY_FORMAT='AVRO', PARTITIONS=1, REPLICAS=1, RETENTION_MS=604800000, VALUE_FORMAT='AVRO') AS SELECT\n  O.BROKER BROKER,\n  O.SYMBOL SYMBOL,\n  WINDOWSTART BUCKETSTART,\n  EARLIEST_BY_OFFSET(O.OPEN) OPEN,\n  MAX(O.HIGH) HIGH,\n  MIN(O.LOW) LOW,\n  LATEST_BY_OFFSET(O.KSQLTIMEFRAMECLOSE) KSQLTIMEFRAMECLOSE\nFROM BAR1WKFINAL_1S_FINAL_S O\nWINDOW TUMBLING ( SIZE 7 DAYS , GRACE PERIOD 2 SECONDS ) \nGROUP BY O.BROKER, O.SYMBOL\nEMIT CHANGES;","sinks":["BAR1WKFINAL_7D_LIVE"],"sinkKafkaTopics":["bar1wkfinal_7d_live"],"id":"CTAS_BAR1WKFINAL_7D_LIVE_123","statusCount":{"RUNNING":1},"queryType":"PERSISTENT","state":"RUNNING"},{"queryString":"CREATE TABLE BAR_60M_LIVE WITH (CLEANUP_POLICY='compact,delete', KAFKA_TOPIC='bar_60m_live', KEY_FORMAT='AVRO', PARTITIONS=1, REPLICAS=1, RETENTION_MS=604800000, VALUE_FORMAT='AVRO') AS SELECT\n  O.BROKER BROKER,\n  O.SYMBOL SYMBOL,\n  WINDOWSTART BUCKETSTART,\n  EARLIEST_BY_OFFSET(O.OPEN) OPEN,\n  MAX(O.HIGH) HIGH,\n  MIN(O.LOW) LOW,\n  LATEST_BY_OFFSET(O.KSQLTIMEFRAMECLOSE) KSQLTIMEFRAMECLOSE\nFROM BAR_1S_FINAL_S O\nWINDOW TUMBLING ( SIZE 60 MINUTES , GRACE PERIOD 5 SECONDS ) \nGROUP BY O.BROKER, O.SYMBOL\nEMIT CHANGES;","sinks":["BAR_60M_LIVE"],"sinkKafkaTopics":["bar_60m_live"],"id":"CTAS_BAR_60M_LIVE_111","statusCount":{"RUNNING":1},"queryType":"PERSISTENT","state":"RUNNING"},{"queryString":"CREATE TABLE BAR_TBIMP_1M_LIVE WITH (CLEANUP_POLICY='compact,delete', KAFKA_TOPIC='bar_tbimp_1m_live', KEY_FORMAT='AVRO', PARTITIONS=1, REPLICAS=1, RETENTION_MS=604800000, VALUE_FORMAT='AVRO') AS SELECT\n  O.BROKER BROKER,\n  O.SYMBOL SYMBOL,\n  WINDOWSTART BUCKETSTART,\n  EARLIEST_BY_OFFSET(O.OPEN) OPEN,\n  MAX(O.HIGH) HIGH,\n  MIN(O.LOW) LOW,\n  LATEST_BY_OFFSET(O.CLOSE) CLOSE\nFROM BAR_TBIMP_1S_FINAL_S O\nWINDOW TUMBLING ( SIZE 1 MINUTES , GRACE PERIOD 2 SECONDS ) \nGROUP BY O.BROKER, O.SYMBOL\nEMIT CHANGES;","sinks":["BAR_TBIMP_1M_LIVE"],"sinkKafkaTopics":["bar_tbimp_1m_live"],"id":"CTAS_BAR_TBIMP_1M_LIVE_89","statusCount":{"RUNNING":1},"queryType":"PERSISTENT","state":"RUNNING"},{"queryString":"CREATE TABLE BAR_5M_LIVE WITH (CLEANUP_POLICY='compact,delete', KAFKA_TOPIC='bar_5m_live', KEY_FORMAT='AVRO', PARTITIONS=1, REPLICAS=1, RETENTION_MS=604800000, VALUE_FORMAT='AVRO') AS SELECT\n  O.BROKER BROKER,\n  O.SYMBOL SYMBOL,\n  WINDOWSTART BUCKETSTART,\n  EARLIEST_BY_OFFSET(O.OPEN) OPEN,\n  MAX(O.HIGH) HIGH,\n  MIN(O.LOW) LOW,\n  LATEST_BY_OFFSET(O.KSQLTIMEFRAMECLOSE) KSQLTIMEFRAMECLOSE\nFROM BAR_1S_FINAL_S O\nWINDOW TUMBLING ( SIZE 5 MINUTES , GRACE PERIOD 3 SECONDS ) \nGROUP BY O.BROKER, O.SYMBOL\nEMIT CHANGES;","sinks":["BAR_5M_LIVE"],"sinkKafkaTopics":["bar_5m_live"],"id":"CTAS_BAR_5M_LIVE_103","statusCount":{"RUNNING":1},"queryType":"PERSISTENT","state":"RUNNING"},{"queryString":"CREATE TABLE BAR_TBIMP_5M_LIVE WITH (CLEANUP_POLICY='compact,delete', KAFKA_TOPIC='bar_tbimp_5m_live', KEY_FORMAT='AVRO', PARTITIONS=1, REPLICAS=1, RETENTION_MS=604800000, VALUE_FORMAT='AVRO') AS SELECT\n  O.BROKER BROKER,\n  O.SYMBOL SYMBOL,\n  WINDOWSTART BUCKETSTART,\n  EARLIEST_BY_OFFSET(O.OPEN) OPEN,\n  MAX(O.HIGH) HIGH,\n  MIN(O.LOW) LOW,\n  LATEST_BY_OFFSET(O.CLOSE) CLOSE\nFROM BAR_TBIMP_1S_FINAL_S O\nWINDOW TUMBLING ( SIZE 5 MINUTES , GRACE PERIOD 3 SECONDS ) \nGROUP BY O.BROKER, O.SYMBOL\nEMIT CHANGES;","sinks":["BAR_TBIMP_5M_LIVE"],"sinkKafkaTopics":["bar_tbimp_5m_live"],"id":"CTAS_BAR_TBIMP_5M_LIVE_91","statusCount":{"RUNNING":1},"queryType":"PERSISTENT","state":"RUNNING"},{"queryString":"CREATE TABLE BAR_1M_LIVE WITH (CLEANUP_POLICY='compact,delete', KAFKA_TOPIC='bar_1m_live', KEY_FORMAT='AVRO', PARTITIONS=1, REPLICAS=1, RETENTION_MS=604800000, VALUE_FORMAT='AVRO') AS SELECT\n  O.BROKER BROKER,\n  O.SYMBOL SYMBOL,\n  WINDOWSTART BUCKETSTART,\n  EARLIEST_BY_OFFSET(O.OPEN) OPEN,\n  MAX(O.HIGH) HIGH,\n  MIN(O.LOW) LOW,\n  LATEST_BY_OFFSET(O.KSQLTIMEFRAMECLOSE) KSQLTIMEFRAMECLOSE\nFROM BAR_1S_FINAL_S O\nWINDOW TUMBLING ( SIZE 1 MINUTES , GRACE PERIOD 2 SECONDS ) \nGROUP BY O.BROKER, O.SYMBOL\nEMIT CHANGES;","sinks":["BAR_1M_LIVE"],"sinkKafkaTopics":["bar_1m_live"],"id":"CTAS_BAR_1M_LIVE_101","statusCount":{"RUNNING":1},"queryType":"PERSISTENT","state":"RUNNING"},{"queryString":"CREATE TABLE BAR_TBIMP_1S_FINAL WITH (CLEANUP_POLICY='compact,delete', KAFKA_TOPIC='bar_tbimp_1s_final', KEY_FORMAT='AVRO', PARTITIONS=1, REPLICAS=1, RETENTION_MS=604800000, VALUE_FORMAT='AVRO') AS SELECT\n  O.BROKER BROKER,\n  O.SYMBOL SYMBOL,\n  WINDOWSTART BUCKETSTART,\n  EARLIEST_BY_OFFSET(O.BID) OPEN,\n  MAX(O.BID) HIGH,\n  MIN(O.BID) LOW,\n  LATEST_BY_OFFSET(O.BID) CLOSE\nFROM TICKS_TBIMP O\nWINDOW TUMBLING ( SIZE 1 SECONDS ) \nGROUP BY O.BROKER, O.SYMBOL\nEMIT FINAL;","sinks":["BAR_TBIMP_1S_FINAL"],"sinkKafkaTopics":["bar_tbimp_1s_final"],"id":"CTAS_BAR_TBIMP_1S_FINAL_85","statusCount":{"RUNNING":1},"queryType":"PERSISTENT","state":"RUNNING"}],"warnings":[]}]&#xD;
warn: Kafka.Ksql.Linq.KsqlContext[0]&#xD;
      SHOW QUERIES attempt 3 did not contain a matching query for bar1wkfinal_7d_live&#xD;
info: Kafka.Ksql.Linq.KsqlContext[0]&#xD;
      ksql execute: EXECUTE SQL=SHOW QUERIES;&#xD;
info: Kafka.Ksql.Linq.KsqlContext[0]&#xD;
      SHOW QUERIES output (attempt 4): [{"@type":"queries","statementText":"SHOW QUERIES;","queries":[{"queryString":"CREATE TABLE BAR_15M_LIVE WITH (CLEANUP_POLICY='compact,delete', KAFKA_TOPIC='bar_15m_live', KEY_FORMAT='AVRO', PARTITIONS=1, REPLICAS=1, RETENTION_MS=604800000, VALUE_FORMAT='AVRO') AS SELECT\n  O.BROKER BROKER,\n  O.SYMBOL SYMBOL,\n  WINDOWSTART BUCKETSTART,\n  EARLIEST_BY_OFFSET(O.OPEN) OPEN,\n  MAX(O.HIGH) HIGH,\n  MIN(O.LOW) LOW,\n  LATEST_BY_OFFSET(O.KSQLTIMEFRAMECLOSE) KSQLTIMEFRAMECLOSE\nFROM BAR_1S_FINAL_S O\nWINDOW TUMBLING ( SIZE 15 MINUTES , GRACE PERIOD 4 SECONDS ) \nGROUP BY O.BROKER, O.SYMBOL\nEMIT CHANGES;","sinks":["BAR_15M_LIVE"],"sinkKafkaTopics":["bar_15m_live"],"id":"CTAS_BAR_15M_LIVE_109","statusCount":{"RUNNING":1},"queryType":"PERSISTENT","state":"RUNNING"},{"queryString":"CREATE TABLE BAR_1S_FINAL WITH (CLEANUP_POLICY='compact,delete', KAFKA_TOPIC='bar_1s_final', KEY_FORMAT='AVRO', PARTITIONS=1, REPLICAS=1, RETENTION_MS=604800000, VALUE_FORMAT='AVRO') AS SELECT\n  O.BROKER BROKER,\n  O.SYMBOL SYMBOL,\n  WINDOWSTART BUCKETSTART,\n  EARLIEST_BY_OFFSET(O.BID) OPEN,\n  MAX(O.BID) HIGH,\n  MIN(O.BID) LOW,\n  LATEST_BY_OFFSET(O.BID) KSQLTIMEFRAMECLOSE\nFROM DEDUPRATES O\nWINDOW TUMBLING ( SIZE 1 SECONDS ) \nGROUP BY O.BROKER, O.SYMBOL\nEMIT FINAL;","sinks":["BAR_1S_FINAL"],"sinkKafkaTopics":["bar_1s_final"],"id":"CTAS_BAR_1S_FINAL_97","statusCount":{"RUNNING":1},"queryType":"PERSISTENT","state":"RUNNING"},{"queryString":"CREATE TABLE BAR1WKFINAL_1S_FINAL WITH (CLEANUP_POLICY='compact,delete', KAFKA_TOPIC='bar1wkfinal_1s_final', KEY_FORMAT='AVRO', PARTITIONS=1, REPLICAS=1, RETENTION_MS=604800000, VALUE_FORMAT='AVRO') AS SELECT\n  O.BROKER BROKER,\n  O.SYMBOL SYMBOL,\n  WINDOWSTART BUCKETSTART,\n  EARLIEST_BY_OFFSET(O.BID) OPEN,\n  MAX(O.BID) HIGH,\n  MIN(O.BID) LOW,\n  LATEST_BY_OFFSET(O.BID) KSQLTIMEFRAMECLOSE\nFROM DEDUPRATES O\nWINDOW TUMBLING ( SIZE 1 SECONDS ) \nGROUP BY O.BROKER, O.SYMBOL\nEMIT FINAL;","sinks":["BAR1WKFINAL_1S_FINAL"],"sinkKafkaTopics":["bar1wkfinal_1s_final"],"id":"CTAS_BAR1WKFINAL_1S_FINAL_119","statusCount":{"RUNNING":1},"queryType":"PERSISTENT","state":"RUNNING"},{"queryString":"CREATE TABLE BAR1WKFINAL_7D_LIVE WITH (CLEANUP_POLICY='compact,delete', KAFKA_TOPIC='bar1wkfinal_7d_live', KEY_FORMAT='AVRO', PARTITIONS=1, REPLICAS=1, RETENTION_MS=604800000, VALUE_FORMAT='AVRO') AS SELECT\n  O.BROKER BROKER,\n  O.SYMBOL SYMBOL,\n  WINDOWSTART BUCKETSTART,\n  EARLIEST_BY_OFFSET(O.OPEN) OPEN,\n  MAX(O.HIGH) HIGH,\n  MIN(O.LOW) LOW,\n  LATEST_BY_OFFSET(O.KSQLTIMEFRAMECLOSE) KSQLTIMEFRAMECLOSE\nFROM BAR1WKFINAL_1S_FINAL_S O\nWINDOW TUMBLING ( SIZE 7 DAYS , GRACE PERIOD 2 SECONDS ) \nGROUP BY O.BROKER, O.SYMBOL\nEMIT CHANGES;","sinks":["BAR1WKFINAL_7D_LIVE"],"sinkKafkaTopics":["bar1wkfinal_7d_live"],"id":"CTAS_BAR1WKFINAL_7D_LIVE_123","statusCount":{"RUNNING":1},"queryType":"PERSISTENT","state":"RUNNING"},{"queryString":"CREATE TABLE BAR_60M_LIVE WITH (CLEANUP_POLICY='compact,delete', KAFKA_TOPIC='bar_60m_live', KEY_FORMAT='AVRO', PARTITIONS=1, REPLICAS=1, RETENTION_MS=604800000, VALUE_FORMAT='AVRO') AS SELECT\n  O.BROKER BROKER,\n  O.SYMBOL SYMBOL,\n  WINDOWSTART BUCKETSTART,\n  EARLIEST_BY_OFFSET(O.OPEN) OPEN,\n  MAX(O.HIGH) HIGH,\n  MIN(O.LOW) LOW,\n  LATEST_BY_OFFSET(O.KSQLTIMEFRAMECLOSE) KSQLTIMEFRAMECLOSE\nFROM BAR_1S_FINAL_S O\nWINDOW TUMBLING ( SIZE 60 MINUTES , GRACE PERIOD 5 SECONDS ) \nGROUP BY O.BROKER, O.SYMBOL\nEMIT CHANGES;","sinks":["BAR_60M_LIVE"],"sinkKafkaTopics":["bar_60m_live"],"id":"CTAS_BAR_60M_LIVE_111","statusCount":{"RUNNING":1},"queryType":"PERSISTENT","state":"RUNNING"},{"queryString":"CREATE TABLE BAR_TBIMP_1M_LIVE WITH (CLEANUP_POLICY='compact,delete', KAFKA_TOPIC='bar_tbimp_1m_live', KEY_FORMAT='AVRO', PARTITIONS=1, REPLICAS=1, RETENTION_MS=604800000, VALUE_FORMAT='AVRO') AS SELECT\n  O.BROKER BROKER,\n  O.SYMBOL SYMBOL,\n  WINDOWSTART BUCKETSTART,\n  EARLIEST_BY_OFFSET(O.OPEN) OPEN,\n  MAX(O.HIGH) HIGH,\n  MIN(O.LOW) LOW,\n  LATEST_BY_OFFSET(O.CLOSE) CLOSE\nFROM BAR_TBIMP_1S_FINAL_S O\nWINDOW TUMBLING ( SIZE 1 MINUTES , GRACE PERIOD 2 SECONDS ) \nGROUP BY O.BROKER, O.SYMBOL\nEMIT CHANGES;","sinks":["BAR_TBIMP_1M_LIVE"],"sinkKafkaTopics":["bar_tbimp_1m_live"],"id":"CTAS_BAR_TBIMP_1M_LIVE_89","statusCount":{"RUNNING":1},"queryType":"PERSISTENT","state":"RUNNING"},{"queryString":"CREATE TABLE BAR_5M_LIVE WITH (CLEANUP_POLICY='compact,delete', KAFKA_TOPIC='bar_5m_live', KEY_FORMAT='AVRO', PARTITIONS=1, REPLICAS=1, RETENTION_MS=604800000, VALUE_FORMAT='AVRO') AS SELECT\n  O.BROKER BROKER,\n  O.SYMBOL SYMBOL,\n  WINDOWSTART BUCKETSTART,\n  EARLIEST_BY_OFFSET(O.OPEN) OPEN,\n  MAX(O.HIGH) HIGH,\n  MIN(O.LOW) LOW,\n  LATEST_BY_OFFSET(O.KSQLTIMEFRAMECLOSE) KSQLTIMEFRAMECLOSE\nFROM BAR_1S_FINAL_S O\nWINDOW TUMBLING ( SIZE 5 MINUTES , GRACE PERIOD 3 SECONDS ) \nGROUP BY O.BROKER, O.SYMBOL\nEMIT CHANGES;","sinks":["BAR_5M_LIVE"],"sinkKafkaTopics":["bar_5m_live"],"id":"CTAS_BAR_5M_LIVE_103","statusCount":{"RUNNING":1},"queryType":"PERSISTENT","state":"RUNNING"},{"queryString":"CREATE TABLE BAR_TBIMP_5M_LIVE WITH (CLEANUP_POLICY='compact,delete', KAFKA_TOPIC='bar_tbimp_5m_live', KEY_FORMAT='AVRO', PARTITIONS=1, REPLICAS=1, RETENTION_MS=604800000, VALUE_FORMAT='AVRO') AS SELECT\n  O.BROKER BROKER,\n  O.SYMBOL SYMBOL,\n  WINDOWSTART BUCKETSTART,\n  EARLIEST_BY_OFFSET(O.OPEN) OPEN,\n  MAX(O.HIGH) HIGH,\n  MIN(O.LOW) LOW,\n  LATEST_BY_OFFSET(O.CLOSE) CLOSE\nFROM BAR_TBIMP_1S_FINAL_S O\nWINDOW TUMBLING ( SIZE 5 MINUTES , GRACE PERIOD 3 SECONDS ) \nGROUP BY O.BROKER, O.SYMBOL\nEMIT CHANGES;","sinks":["BAR_TBIMP_5M_LIVE"],"sinkKafkaTopics":["bar_tbimp_5m_live"],"id":"CTAS_BAR_TBIMP_5M_LIVE_91","statusCount":{"RUNNING":1},"queryType":"PERSISTENT","state":"RUNNING"},{"queryString":"CREATE TABLE BAR_1M_LIVE WITH (CLEANUP_POLICY='compact,delete', KAFKA_TOPIC='bar_1m_live', KEY_FORMAT='AVRO', PARTITIONS=1, REPLICAS=1, RETENTION_MS=604800000, VALUE_FORMAT='AVRO') AS SELECT\n  O.BROKER BROKER,\n  O.SYMBOL SYMBOL,\n  WINDOWSTART BUCKETSTART,\n  EARLIEST_BY_OFFSET(O.OPEN) OPEN,\n  MAX(O.HIGH) HIGH,\n  MIN(O.LOW) LOW,\n  LATEST_BY_OFFSET(O.KSQLTIMEFRAMECLOSE) KSQLTIMEFRAMECLOSE\nFROM BAR_1S_FINAL_S O\nWINDOW TUMBLING ( SIZE 1 MINUTES , GRACE PERIOD 2 SECONDS ) \nGROUP BY O.BROKER, O.SYMBOL\nEMIT CHANGES;","sinks":["BAR_1M_LIVE"],"sinkKafkaTopics":["bar_1m_live"],"id":"CTAS_BAR_1M_LIVE_101","statusCount":{"RUNNING":1},"queryType":"PERSISTENT","state":"RUNNING"},{"queryString":"CREATE TABLE BAR_TBIMP_1S_FINAL WITH (CLEANUP_POLICY='compact,delete', KAFKA_TOPIC='bar_tbimp_1s_final', KEY_FORMAT='AVRO', PARTITIONS=1, REPLICAS=1, RETENTION_MS=604800000, VALUE_FORMAT='AVRO') AS SELECT\n  O.BROKER BROKER,\n  O.SYMBOL SYMBOL,\n  WINDOWSTART BUCKETSTART,\n  EARLIEST_BY_OFFSET(O.BID) OPEN,\n  MAX(O.BID) HIGH,\n  MIN(O.BID) LOW,\n  LATEST_BY_OFFSET(O.BID) CLOSE\nFROM TICKS_TBIMP O\nWINDOW TUMBLING ( SIZE 1 SECONDS ) \nGROUP BY O.BROKER, O.SYMBOL\nEMIT FINAL;","sinks":["BAR_TBIMP_1S_FINAL"],"sinkKafkaTopics":["bar_tbimp_1s_final"],"id":"CTAS_BAR_TBIMP_1S_FINAL_85","statusCount":{"RUNNING":1},"queryType":"PERSISTENT","state":"RUNNING"}],"warnings":[]}]&#xD;
warn: Kafka.Ksql.Linq.KsqlContext[0]&#xD;
      SHOW QUERIES attempt 4 did not contain a matching query for bar1wkfinal_7d_live&#xD;
info: Kafka.Ksql.Linq.KsqlContext[0]&#xD;
      ksql execute: EXECUTE SQL=SHOW QUERIES;&#xD;
info: Kafka.Ksql.Linq.KsqlContext[0]&#xD;
      SHOW QUERIES output (attempt 5): [{"@type":"queries","statementText":"SHOW QUERIES;","queries":[{"queryString":"CREATE TABLE BAR_15M_LIVE WITH (CLEANUP_POLICY='compact,delete', KAFKA_TOPIC='bar_15m_live', KEY_FORMAT='AVRO', PARTITIONS=1, REPLICAS=1, RETENTION_MS=604800000, VALUE_FORMAT='AVRO') AS SELECT\n  O.BROKER BROKER,\n  O.SYMBOL SYMBOL,\n  WINDOWSTART BUCKETSTART,\n  EARLIEST_BY_OFFSET(O.OPEN) OPEN,\n  MAX(O.HIGH) HIGH,\n  MIN(O.LOW) LOW,\n  LATEST_BY_OFFSET(O.KSQLTIMEFRAMECLOSE) KSQLTIMEFRAMECLOSE\nFROM BAR_1S_FINAL_S O\nWINDOW TUMBLING ( SIZE 15 MINUTES , GRACE PERIOD 4 SECONDS ) \nGROUP BY O.BROKER, O.SYMBOL\nEMIT CHANGES;","sinks":["BAR_15M_LIVE"],"sinkKafkaTopics":["bar_15m_live"],"id":"CTAS_BAR_15M_LIVE_109","statusCount":{"RUNNING":1},"queryType":"PERSISTENT","state":"RUNNING"},{"queryString":"CREATE TABLE BAR_1S_FINAL WITH (CLEANUP_POLICY='compact,delete', KAFKA_TOPIC='bar_1s_final', KEY_FORMAT='AVRO', PARTITIONS=1, REPLICAS=1, RETENTION_MS=604800000, VALUE_FORMAT='AVRO') AS SELECT\n  O.BROKER BROKER,\n  O.SYMBOL SYMBOL,\n  WINDOWSTART BUCKETSTART,\n  EARLIEST_BY_OFFSET(O.BID) OPEN,\n  MAX(O.BID) HIGH,\n  MIN(O.BID) LOW,\n  LATEST_BY_OFFSET(O.BID) KSQLTIMEFRAMECLOSE\nFROM DEDUPRATES O\nWINDOW TUMBLING ( SIZE 1 SECONDS ) \nGROUP BY O.BROKER, O.SYMBOL\nEMIT FINAL;","sinks":["BAR_1S_FINAL"],"sinkKafkaTopics":["bar_1s_final"],"id":"CTAS_BAR_1S_FINAL_97","statusCount":{"RUNNING":1},"queryType":"PERSISTENT","state":"RUNNING"},{"queryString":"CREATE TABLE BAR1WKFINAL_1S_FINAL WITH (CLEANUP_POLICY='compact,delete', KAFKA_TOPIC='bar1wkfinal_1s_final', KEY_FORMAT='AVRO', PARTITIONS=1, REPLICAS=1, RETENTION_MS=604800000, VALUE_FORMAT='AVRO') AS SELECT\n  O.BROKER BROKER,\n  O.SYMBOL SYMBOL,\n  WINDOWSTART BUCKETSTART,\n  EARLIEST_BY_OFFSET(O.BID) OPEN,\n  MAX(O.BID) HIGH,\n  MIN(O.BID) LOW,\n  LATEST_BY_OFFSET(O.BID) KSQLTIMEFRAMECLOSE\nFROM DEDUPRATES O\nWINDOW TUMBLING ( SIZE 1 SECONDS ) \nGROUP BY O.BROKER, O.SYMBOL\nEMIT FINAL;","sinks":["BAR1WKFINAL_1S_FINAL"],"sinkKafkaTopics":["bar1wkfinal_1s_final"],"id":"CTAS_BAR1WKFINAL_1S_FINAL_119","statusCount":{"RUNNING":1},"queryType":"PERSISTENT","state":"RUNNING"},{"queryString":"CREATE TABLE BAR1WKFINAL_7D_LIVE WITH (CLEANUP_POLICY='compact,delete', KAFKA_TOPIC='bar1wkfinal_7d_live', KEY_FORMAT='AVRO', PARTITIONS=1, REPLICAS=1, RETENTION_MS=604800000, VALUE_FORMAT='AVRO') AS SELECT\n  O.BROKER BROKER,\n  O.SYMBOL SYMBOL,\n  WINDOWSTART BUCKETSTART,\n  EARLIEST_BY_OFFSET(O.OPEN) OPEN,\n  MAX(O.HIGH) HIGH,\n  MIN(O.LOW) LOW,\n  LATEST_BY_OFFSET(O.KSQLTIMEFRAMECLOSE) KSQLTIMEFRAMECLOSE\nFROM BAR1WKFINAL_1S_FINAL_S O\nWINDOW TUMBLING ( SIZE 7 DAYS , GRACE PERIOD 2 SECONDS ) \nGROUP BY O.BROKER, O.SYMBOL\nEMIT CHANGES;","sinks":["BAR1WKFINAL_7D_LIVE"],"sinkKafkaTopics":["bar1wkfinal_7d_live"],"id":"CTAS_BAR1WKFINAL_7D_LIVE_123","statusCount":{"RUNNING":1},"queryType":"PERSISTENT","state":"RUNNING"},{"queryString":"CREATE TABLE BAR_60M_LIVE WITH (CLEANUP_POLICY='compact,delete', KAFKA_TOPIC='bar_60m_live', KEY_FORMAT='AVRO', PARTITIONS=1, REPLICAS=1, RETENTION_MS=604800000, VALUE_FORMAT='AVRO') AS SELECT\n  O.BROKER BROKER,\n  O.SYMBOL SYMBOL,\n  WINDOWSTART BUCKETSTART,\n  EARLIEST_BY_OFFSET(O.OPEN) OPEN,\n  MAX(O.HIGH) HIGH,\n  MIN(O.LOW) LOW,\n  LATEST_BY_OFFSET(O.KSQLTIMEFRAMECLOSE) KSQLTIMEFRAMECLOSE\nFROM BAR_1S_FINAL_S O\nWINDOW TUMBLING ( SIZE 60 MINUTES , GRACE PERIOD 5 SECONDS ) \nGROUP BY O.BROKER, O.SYMBOL\nEMIT CHANGES;","sinks":["BAR_60M_LIVE"],"sinkKafkaTopics":["bar_60m_live"],"id":"CTAS_BAR_60M_LIVE_111","statusCount":{"RUNNING":1},"queryType":"PERSISTENT","state":"RUNNING"},{"queryString":"CREATE TABLE BAR_TBIMP_1M_LIVE WITH (CLEANUP_POLICY='compact,delete', KAFKA_TOPIC='bar_tbimp_1m_live', KEY_FORMAT='AVRO', PARTITIONS=1, REPLICAS=1, RETENTION_MS=604800000, VALUE_FORMAT='AVRO') AS SELECT\n  O.BROKER BROKER,\n  O.SYMBOL SYMBOL,\n  WINDOWSTART BUCKETSTART,\n  EARLIEST_BY_OFFSET(O.OPEN) OPEN,\n  MAX(O.HIGH) HIGH,\n  MIN(O.LOW) LOW,\n  LATEST_BY_OFFSET(O.CLOSE) CLOSE\nFROM BAR_TBIMP_1S_FINAL_S O\nWINDOW TUMBLING ( SIZE 1 MINUTES , GRACE PERIOD 2 SECONDS ) \nGROUP BY O.BROKER, O.SYMBOL\nEMIT CHANGES;","sinks":["BAR_TBIMP_1M_LIVE"],"sinkKafkaTopics":["bar_tbimp_1m_live"],"id":"CTAS_BAR_TBIMP_1M_LIVE_89","statusCount":{"RUNNING":1},"queryType":"PERSISTENT","state":"RUNNING"},{"queryString":"CREATE TABLE BAR_5M_LIVE WITH (CLEANUP_POLICY='compact,delete', KAFKA_TOPIC='bar_5m_live', KEY_FORMAT='AVRO', PARTITIONS=1, REPLICAS=1, RETENTION_MS=604800000, VALUE_FORMAT='AVRO') AS SELECT\n  O.BROKER BROKER,\n  O.SYMBOL SYMBOL,\n  WINDOWSTART BUCKETSTART,\n  EARLIEST_BY_OFFSET(O.OPEN) OPEN,\n  MAX(O.HIGH) HIGH,\n  MIN(O.LOW) LOW,\n  LATEST_BY_OFFSET(O.KSQLTIMEFRAMECLOSE) KSQLTIMEFRAMECLOSE\nFROM BAR_1S_FINAL_S O\nWINDOW TUMBLING ( SIZE 5 MINUTES , GRACE PERIOD 3 SECONDS ) \nGROUP BY O.BROKER, O.SYMBOL\nEMIT CHANGES;","sinks":["BAR_5M_LIVE"],"sinkKafkaTopics":["bar_5m_live"],"id":"CTAS_BAR_5M_LIVE_103","statusCount":{"RUNNING":1},"queryType":"PERSISTENT","state":"RUNNING"},{"queryString":"CREATE TABLE BAR_TBIMP_5M_LIVE WITH (CLEANUP_POLICY='compact,delete', KAFKA_TOPIC='bar_tbimp_5m_live', KEY_FORMAT='AVRO', PARTITIONS=1, REPLICAS=1, RETENTION_MS=604800000, VALUE_FORMAT='AVRO') AS SELECT\n  O.BROKER BROKER,\n  O.SYMBOL SYMBOL,\n  WINDOWSTART BUCKETSTART,\n  EARLIEST_BY_OFFSET(O.OPEN) OPEN,\n  MAX(O.HIGH) HIGH,\n  MIN(O.LOW) LOW,\n  LATEST_BY_OFFSET(O.CLOSE) CLOSE\nFROM BAR_TBIMP_1S_FINAL_S O\nWINDOW TUMBLING ( SIZE 5 MINUTES , GRACE PERIOD 3 SECONDS ) \nGROUP BY O.BROKER, O.SYMBOL\nEMIT CHANGES;","sinks":["BAR_TBIMP_5M_LIVE"],"sinkKafkaTopics":["bar_tbimp_5m_live"],"id":"CTAS_BAR_TBIMP_5M_LIVE_91","statusCount":{"RUNNING":1},"queryType":"PERSISTENT","state":"RUNNING"},{"queryString":"CREATE TABLE BAR_1M_LIVE WITH (CLEANUP_POLICY='compact,delete', KAFKA_TOPIC='bar_1m_live', KEY_FORMAT='AVRO', PARTITIONS=1, REPLICAS=1, RETENTION_MS=604800000, VALUE_FORMAT='AVRO') AS SELECT\n  O.BROKER BROKER,\n  O.SYMBOL SYMBOL,\n  WINDOWSTART BUCKETSTART,\n  EARLIEST_BY_OFFSET(O.OPEN) OPEN,\n  MAX(O.HIGH) HIGH,\n  MIN(O.LOW) LOW,\n  LATEST_BY_OFFSET(O.KSQLTIMEFRAMECLOSE) KSQLTIMEFRAMECLOSE\nFROM BAR_1S_FINAL_S O\nWINDOW TUMBLING ( SIZE 1 MINUTES , GRACE PERIOD 2 SECONDS ) \nGROUP BY O.BROKER, O.SYMBOL\nEMIT CHANGES;","sinks":["BAR_1M_LIVE"],"sinkKafkaTopics":["bar_1m_live"],"id":"CTAS_BAR_1M_LIVE_101","statusCount":{"RUNNING":1},"queryType":"PERSISTENT","state":"RUNNING"},{"queryString":"CREATE TABLE BAR_TBIMP_1S_FINAL WITH (CLEANUP_POLICY='compact,delete', KAFKA_TOPIC='bar_tbimp_1s_final', KEY_FORMAT='AVRO', PARTITIONS=1, REPLICAS=1, RETENTION_MS=604800000, VALUE_FORMAT='AVRO') AS SELECT\n  O.BROKER BROKER,\n  O.SYMBOL SYMBOL,\n  WINDOWSTART BUCKETSTART,\n  EARLIEST_BY_OFFSET(O.BID) OPEN,\n  MAX(O.BID) HIGH,\n  MIN(O.BID) LOW,\n  LATEST_BY_OFFSET(O.BID) CLOSE\nFROM TICKS_TBIMP O\nWINDOW TUMBLING ( SIZE 1 SECONDS ) \nGROUP BY O.BROKER, O.SYMBOL\nEMIT FINAL;","sinks":["BAR_TBIMP_1S_FINAL"],"sinkKafkaTopics":["bar_tbimp_1s_final"],"id":"CTAS_BAR_TBIMP_1S_FINAL_85","statusCount":{"RUNNING":1},"queryType":"PERSISTENT","state":"RUNNING"}],"warnings":[]}]&#xD;
warn: Kafka.Ksql.Linq.KsqlContext[0]&#xD;
      SHOW QUERIES attempt 5 did not contain a matching query for bar1wkfinal_7d_live&#xD;
warn: Kafka.Ksql.Linq.KsqlContext[0]&#xD;
      Unable to locate queryId for bar1wkfinal_7d_live after 5 attempts&#xD;
warn: Kafka.Ksql.Linq.KsqlContext[0]&#xD;
      Could not locate queryId via SHOW QUERIES for derived statement targeting bar1wkfinal_7d_live: CREATE TABLE bar1wkfinal_7d_live  WITH (KAFKA_TOPIC='bar1wkfinal_7d_live', KEY_FORMAT='AVRO', VALUE_FORMAT='AVRO') AS&#xD;
      SELECT BROKER AS Broker, SYMBOL AS Symbol, WINDOWSTART AS BucketStart, EARLIEST_BY_OFFSET(o.OPEN) AS Open, MAX(o.HIGH) AS High, MIN(o.LOW) AS Low, LATEST_BY_OFFSET(o.KSQLTIMEFRAMECLOSE) AS KsqlTimeFrameClose&#xD;
      FROM bar1wkfinal_1s_final_s o WINDOW TUMBLING (SIZE 7 DAYS, GRACE PERIOD 2 SECONDS)&#xD;
      GROUP BY BROKER, SYMBOL&#xD;
      EMIT CHANGES;&#xD;
info: Kafka.Ksql.Linq.KsqlContext[0]&#xD;
      ksql execute: EXECUTE SQL=SHOW QUERIES;&#xD;
info: Kafka.Ksql.Linq.KsqlContext[0]&#xD;
      ksql execute: EXECUTE SQL=SHOW QUERIES;&#xD;
info: Streamiz.Kafka.Net.Processors.StreamThread[0]&#xD;
      Processed 0 total records, ran 0 punctuators and committed 0 total tasks since the last update&#xD;
info: Kafka.Ksql.Linq.KsqlContext[0]&#xD;
      ksql execute: EXECUTE SQL=SHOW QUERIES;&#xD;
info: Kafka.Ksql.Linq.KsqlContext[0]&#xD;
      ksql execute: EXECUTE SQL=SHOW QUERIES;&#xD;
info: Kafka.Ksql.Linq.KsqlContext[0]&#xD;
      ksql execute: EXECUTE SQL=SHOW QUERIES;&#xD;
info: Kafka.Ksql.Linq.KsqlContext[0]&#xD;
      ksql execute: EXECUTE SQL=SHOW QUERIES;&#xD;
info: Kafka.Ksql.Linq.KsqlContext[0]&#xD;
      ksql execute: EXECUTE SQL=SHOW QUERIES;&#xD;
info: Kafka.Ksql.Linq.KsqlContext[0]&#xD;
      ksql execute: EXECUTE SQL=SHOW QUERIES;&#xD;
info: Kafka.Ksql.Linq.KsqlContext[0]&#xD;
      ksql execute: EXECUTE SQL=SHOW QUERIES;&#xD;
info: Kafka.Ksql.Linq.KsqlContext[0]&#xD;
      ksql execute: EXECUTE SQL=SHOW QUERIES;&#xD;
info: Kafka.Ksql.Linq.KsqlContext[0]&#xD;
      ksql execute: EXECUTE SQL=SHOW QUERIES;&#xD;
info: Kafka.Ksql.Linq.KsqlContext[0]&#xD;
      ksql execute: EXECUTE SQL=SHOW QUERIES;&#xD;
info: Kafka.Ksql.Linq.KsqlContext[0]&#xD;
      ksql execute: EXECUTE SQL=SHOW QUERIES;&#xD;
info: Kafka.Ksql.Linq.KsqlContext[0]&#xD;
      ksql execute: EXECUTE SQL=SHOW QUERIES;&#xD;
info: Kafka.Ksql.Linq.KsqlContext[0]&#xD;
      ksql execute: EXECUTE SQL=SHOW QUERIES;&#xD;
info: Kafka.Ksql.Linq.KsqlContext[0]&#xD;
      ksql execute: EXECUTE SQL=SHOW QUERIES;&#xD;
info: Kafka.Ksql.Linq.KsqlContext[0]&#xD;
      ksql execute: EXECUTE SQL=SHOW QUERIES;&#xD;
info: Kafka.Ksql.Linq.KsqlContext[0]&#xD;
      ksql execute: EXECUTE SQL=SHOW QUERIES;&#xD;
info: Kafka.Ksql.Linq.KsqlContext[0]&#xD;
      ksql execute: EXECUTE SQL=SHOW QUERIES;&#xD;
info: Kafka.Ksql.Linq.KsqlContext[0]&#xD;
      ksql execute: EXECUTE SQL=SHOW QUERIES;&#xD;
info: Kafka.Ksql.Linq.KsqlContext[0]&#xD;
      ksql execute: EXECUTE SQL=SHOW QUERIES;&#xD;
info: Kafka.Ksql.Linq.KsqlContext[0]&#xD;
      ksql execute: EXECUTE SQL=SHOW QUERIES;&#xD;
info: Kafka.Ksql.Linq.KsqlContext[0]&#xD;
      ksql execute: EXECUTE SQL=SHOW QUERIES;&#xD;
info: Kafka.Ksql.Linq.KsqlContext[0]&#xD;
      ksql execute: EXECUTE SQL=SHOW QUERIES;&#xD;
info: Kafka.Ksql.Linq.KsqlContext[0]&#xD;
      ksql execute: EXECUTE SQL=SHOW QUERIES;&#xD;
info: Kafka.Ksql.Linq.KsqlContext[0]&#xD;
      ksql execute: EXECUTE SQL=SHOW QUERIES;&#xD;
info: Kafka.Ksql.Linq.KsqlContext[0]&#xD;
      ksql execute: EXECUTE SQL=SHOW QUERIES;&#xD;
info: Kafka.Ksql.Linq.KsqlContext[0]&#xD;
      ksql execute: EXECUTE SQL=SHOW QUERIES;&#xD;
info: Kafka.Ksql.Linq.KsqlContext[0]&#xD;
      ksql execute: EXECUTE SQL=SHOW QUERIES;&#xD;
info: Kafka.Ksql.Linq.KsqlContext[0]&#xD;
      ksql execute: EXECUTE SQL=SHOW QUERIES;&#xD;
info: Kafka.Ksql.Linq.KsqlContext[0]&#xD;
      ksql execute: EXECUTE SQL=SHOW QUERIES;&#xD;
info: Kafka.Ksql.Linq.KsqlContext[0]&#xD;
      ksql execute: EXECUTE SQL=SHOW QUERIES;&#xD;
info: Streamiz.Kafka.Net.Processors.StreamThread[0]&#xD;
      Processed 0 total records, ran 0 punctuators and committed 0 total tasks since the last update&#xD;
info: Kafka.Ksql.Linq.KsqlContext[0]&#xD;
      ksql execute: EXECUTE SQL=SHOW QUERIES;&#xD;
info: Kafka.Ksql.Linq.KsqlContext[0]&#xD;
      ksql execute: EXECUTE SQL=SHOW QUERIES;&#xD;
info: Kafka.Ksql.Linq.KsqlContext[0]&#xD;
      ksql execute: EXECUTE SQL=SHOW QUERIES;&#xD;
info: Kafka.Ksql.Linq.KsqlContext[0]&#xD;
      ksql execute: EXECUTE SQL=SHOW QUERIES;&#xD;
info: Kafka.Ksql.Linq.KsqlContext[0]&#xD;
      ksql execute: EXECUTE SQL=SHOW QUERIES;&#xD;
info: Kafka.Ksql.Linq.KsqlContext[0]&#xD;
      ksql execute: EXECUTE SQL=SHOW QUERIES;&#xD;
info: Kafka.Ksql.Linq.KsqlContext[0]&#xD;
      ksql execute: EXECUTE SQL=SHOW QUERIES;&#xD;
info: Kafka.Ksql.Linq.KsqlContext[0]&#xD;
      ksql execute: EXECUTE SQL=SHOW QUERIES;&#xD;
info: Kafka.Ksql.Linq.KsqlContext[0]&#xD;
      ksql execute: EXECUTE SQL=SHOW QUERIES;&#xD;
info: Kafka.Ksql.Linq.KsqlContext[0]&#xD;
      ksql execute: EXECUTE SQL=SHOW QUERIES;&#xD;
info: Kafka.Ksql.Linq.KsqlContext[0]&#xD;
      ksql execute: EXECUTE SQL=SHOW QUERIES;&#xD;
info: Kafka.Ksql.Linq.KsqlContext[0]&#xD;
      ksql execute: EXECUTE SQL=SHOW QUERIES;&#xD;
info: Kafka.Ksql.Linq.KsqlContext[0]&#xD;
      ksql execute: EXECUTE SQL=SHOW QUERIES;&#xD;
info: Kafka.Ksql.Linq.KsqlContext[0]&#xD;
      ksql execute: EXECUTE SQL=SHOW QUERIES;&#xD;
info: Kafka.Ksql.Linq.KsqlContext[0]&#xD;
      ksql execute: EXECUTE SQL=SHOW QUERIES;&#xD;
info: Kafka.Ksql.Linq.KsqlContext[0]&#xD;
      ksql execute: EXECUTE SQL=SHOW QUERIES;&#xD;
info: Kafka.Ksql.Linq.KsqlContext[0]&#xD;
      ksql execute: EXECUTE SQL=SHOW QUERIES;&#xD;
info: Kafka.Ksql.Linq.KsqlContext[0]&#xD;
      ksql execute: EXECUTE SQL=SHOW QUERIES;&#xD;
info: Kafka.Ksql.Linq.KsqlContext[0]&#xD;
      ksql execute: EXECUTE SQL=SHOW QUERIES;&#xD;
info: Kafka.Ksql.Linq.KsqlContext[0]&#xD;
      ksql execute: EXECUTE SQL=SHOW QUERIES;&#xD;
info: Kafka.Ksql.Linq.KsqlContext[0]&#xD;
      ksql execute: EXECUTE SQL=SHOW QUERIES;&#xD;
info: Kafka.Ksql.Linq.KsqlContext[0]&#xD;
      ksql execute: EXECUTE SQL=SHOW QUERIES;&#xD;
info: Kafka.Ksql.Linq.KsqlContext[0]&#xD;
      ksql execute: EXECUTE SQL=SHOW QUERIES;&#xD;
info: Kafka.Ksql.Linq.KsqlContext[0]&#xD;
      ksql execute: EXECUTE SQL=SHOW QUERIES;&#xD;
info: Kafka.Ksql.Linq.KsqlContext[0]&#xD;
      ksql execute: EXECUTE SQL=SHOW QUERIES;&#xD;
info: Kafka.Ksql.Linq.KsqlContext[0]&#xD;
      ksql execute: EXECUTE SQL=SHOW QUERIES;&#xD;
info: Kafka.Ksql.Linq.KsqlContext[0]&#xD;
      ksql execute: EXECUTE SQL=SHOW QUERIES;&#xD;
info: Kafka.Ksql.Linq.KsqlContext[0]&#xD;
      ksql execute: EXECUTE SQL=SHOW QUERIES;&#xD;
info: Kafka.Ksql.Linq.KsqlContext[0]&#xD;
      ksql execute: EXECUTE SQL=SHOW QUERIES;&#xD;
info: Streamiz.Kafka.Net.Processors.StreamThread[0]&#xD;
      Processed 0 total records, ran 0 punctuators and committed 0 total tasks since the last update&#xD;
info: Kafka.Ksql.Linq.KsqlContext[0]&#xD;
      ksql execute: EXECUTE SQL=SHOW QUERIES;&#xD;
info: Kafka.Ksql.Linq.KsqlContext[0]&#xD;
      ksql execute: EXECUTE SQL=SHOW QUERIES;&#xD;
info: Kafka.Ksql.Linq.KsqlContext[0]&#xD;
      ksql execute: EXECUTE SQL=SHOW QUERIES;&#xD;
info: Kafka.Ksql.Linq.KsqlContext[0]&#xD;
      ksql execute: EXECUTE SQL=SHOW QUERIES;&#xD;
info: Kafka.Ksql.Linq.KsqlContext[0]&#xD;
      ksql execute: EXECUTE SQL=SHOW QUERIES;&#xD;
info: Kafka.Ksql.Linq.KsqlContext[0]&#xD;
      ksql execute: EXECUTE SQL=SHOW QUERIES;&#xD;
info: Kafka.Ksql.Linq.KsqlContext[0]&#xD;
      ksql execute: EXECUTE SQL=SHOW QUERIES;&#xD;
info: Kafka.Ksql.Linq.KsqlContext[0]&#xD;
      ksql execute: EXECUTE SQL=SHOW QUERIES;&#xD;
info: Kafka.Ksql.Linq.KsqlContext[0]&#xD;
      ksql execute: EXECUTE SQL=SHOW QUERIES;&#xD;
info: Kafka.Ksql.Linq.KsqlContext[0]&#xD;
      ksql execute: EXECUTE SQL=SHOW QUERIES;&#xD;
info: Kafka.Ksql.Linq.KsqlContext[0]&#xD;
      ksql execute: EXECUTE SQL=SHOW QUERIES;&#xD;
info: Kafka.Ksql.Linq.KsqlContext[0]&#xD;
      ksql execute: EXECUTE SQL=SHOW QUERIES;&#xD;
info: Kafka.Ksql.Linq.KsqlContext[0]&#xD;
      ksql execute: EXECUTE SQL=SHOW QUERIES;&#xD;
info: Kafka.Ksql.Linq.KsqlContext[0]&#xD;
      ksql execute: EXECUTE SQL=SHOW QUERIES;&#xD;
info: Kafka.Ksql.Linq.KsqlContext[0]&#xD;
      ksql execute: EXECUTE SQL=SHOW QUERIES;&#xD;
info: Kafka.Ksql.Linq.KsqlContext[0]&#xD;
      ksql execute: EXECUTE SQL=SHOW QUERIES;&#xD;
info: Kafka.Ksql.Linq.KsqlContext[0]&#xD;
      ksql execute: EXECUTE SQL=SHOW QUERIES;&#xD;
info: Kafka.Ksql.Linq.KsqlContext[0]&#xD;
      ksql execute: EXECUTE SQL=SHOW QUERIES;&#xD;
info: Kafka.Ksql.Linq.KsqlContext[0]&#xD;
      ksql execute: EXECUTE SQL=SHOW QUERIES;&#xD;
info: Kafka.Ksql.Linq.KsqlContext[0]&#xD;
      ksql execute: EXECUTE SQL=SHOW QUERIES;&#xD;
info: Kafka.Ksql.Linq.KsqlContext[0]&#xD;
      ksql execute: EXECUTE SQL=SHOW QUERIES;&#xD;
info: Kafka.Ksql.Linq.KsqlContext[0]&#xD;
      ksql execute: EXECUTE SQL=SHOW QUERIES;&#xD;
info: Kafka.Ksql.Linq.KsqlContext[0]&#xD;
      ksql execute: EXECUTE SQL=SHOW QUERIES;&#xD;
info: Kafka.Ksql.Linq.KsqlContext[0]&#xD;
      ksql execute: EXECUTE SQL=SHOW QUERIES;&#xD;
info: Kafka.Ksql.Linq.KsqlContext[0]&#xD;
      ksql execute: EXECUTE SQL=SHOW QUERIES;&#xD;
info: Kafka.Ksql.Linq.KsqlContext[0]&#xD;
      ksql execute: EXECUTE SQL=SHOW QUERIES;&#xD;
info: Kafka.Ksql.Linq.KsqlContext[0]&#xD;
      ksql execute: EXECUTE SQL=SHOW QUERIES;&#xD;
info: Kafka.Ksql.Linq.KsqlContext[0]&#xD;
      ksql execute: EXECUTE SQL=SHOW QUERIES;&#xD;
info: Kafka.Ksql.Linq.KsqlContext[0]&#xD;
      ksql execute: EXECUTE SQL=SHOW QUERIES;&#xD;
warn: Kafka.Ksql.Linq.KsqlContext[0]&#xD;
      Derived query stabilization failed for Bar1wkFinal (attempt 2/3)&#xD;
      System.TimeoutException: CTAS/CSAS query for bar1wkfinal_1s_final did not reach RUNNING within 180s&#xD;
         at Kafka.Ksql.Linq.KsqlContext.WaitForQueryRunningAsync(String targetEntityName, TimeSpan timeout)&#xD;
         at Kafka.Ksql.Linq.KsqlContext.WaitForDerivedQueriesRunningAsync(TimeSpan timeout)&#xD;
         at Kafka.Ksql.Linq.KsqlContext.&lt;&gt;c__DisplayClass95_0.&lt;&lt;EnsureQueryEntityDdlAsync&gt;g__EnsureDerivedQueryEntityDdlAsync|0&gt;d.MoveNext()&#xD;
info: Streamiz.Kafka.Net.Processors.StreamThread[0]&#xD;
      Processed 0 total records, ran 0 punctuators and committed 0 total tasks since the last update&#xD;
info: Kafka.Ksql.Linq.KsqlContext[0]&#xD;
      KSQL DDL (derived bar1wkfinal_1s_final): CREATE TABLE bar1wkfinal_1s_final  WITH (KAFKA_TOPIC='bar1wkfinal_1s_final', KEY_FORMAT='AVRO', VALUE_FORMAT='AVRO') AS&#xD;
      SELECT BROKER AS Broker, SYMBOL AS Symbol, WINDOWSTART AS BucketStart, EARLIEST_BY_OFFSET(Bid) AS Open, MAX(Bid) AS High, MIN(Bid) AS Low, LATEST_BY_OFFSET(Bid) AS KsqlTimeFrameClose&#xD;
      FROM DEDUPRATES o WINDOW TUMBLING (SIZE 1 SECONDS)&#xD;
      GROUP BY BROKER, SYMBOL&#xD;
      EMIT FINAL;&#xD;
info: Kafka.Ksql.Linq.KsqlContext[0]&#xD;
      ksql execute: EXECUTE SQL=CREATE TABLE bar1wkfinal_1s_final  WITH (KAFKA_TOPIC='bar1wkfinal_1s_final', KEY_FORMAT='AVRO', VALUE_FORMAT='AVRO') AS ...&#xD;
info: Kafka.Ksql.Linq.KsqlContext[0]&#xD;
      KSQL DDL (derived bar1wkfinal_1s_final_s): CREATE STREAM bar1wkfinal_1s_final_s (BROKER VARCHAR KEY, SYMBOL VARCHAR KEY, BUCKETSTART TIMESTAMP KEY, OPEN DOUBLE, HIGH DOUBLE, LOW DOUBLE, KSQLTIMEFRAMECLOSE DOUBLE) WITH (KAFKA_TOPIC='bar1wkfinal_1s_final', KEY_FORMAT='AVRO', VALUE_FORMAT='AVRO', VALUE_AVRO_SCHEMA_FULL_NAME='bar1wkfinal_ksql.bar1wkfinal_1s_final_s_valueAvro', PARTITIONS=1, REPLICAS=1, RETENTION_MS=604800000);&#xD;
info: Kafka.Ksql.Linq.KsqlContext[0]&#xD;
      ksql execute: EXECUTE SQL=CREATE STREAM bar1wkfinal_1s_final_s (BROKER VARCHAR KEY, SYMBOL VARCHAR KEY, BUCKETSTART TIMESTAMP KEY, OPEN DOUBLE, HI...&#xD;
info: Kafka.Ksql.Linq.KsqlContext[0]&#xD;
      KSQL DDL (derived bar1wkfinal_7d_live): CREATE TABLE bar1wkfinal_7d_live  WITH (KAFKA_TOPIC='bar1wkfinal_7d_live', KEY_FORMAT='AVRO', VALUE_FORMAT='AVRO') AS&#xD;
      SELECT BROKER AS Broker, SYMBOL AS Symbol, WINDOWSTART AS BucketStart, EARLIEST_BY_OFFSET(o.OPEN) AS Open, MAX(o.HIGH) AS High, MIN(o.LOW) AS Low, LATEST_BY_OFFSET(o.KSQLTIMEFRAMECLOSE) AS KsqlTimeFrameClose&#xD;
      FROM bar1wkfinal_1s_final_s o WINDOW TUMBLING (SIZE 7 DAYS, GRACE PERIOD 2 SECONDS)&#xD;
      GROUP BY BROKER, SYMBOL&#xD;
      EMIT CHANGES;&#xD;
info: Kafka.Ksql.Linq.KsqlContext[0]&#xD;
      ksql execute: EXECUTE SQL=CREATE TABLE bar1wkfinal_7d_live  WITH (KAFKA_TOPIC='bar1wkfinal_7d_live', KEY_FORMAT='AVRO', VALUE_FORMAT='AVRO') AS  S...&#xD;
info: Kafka.Ksql.Linq.KsqlContext[0]&#xD;
      ksql execute: EXECUTE SQL=SHOW QUERIES;&#xD;
info: Kafka.Ksql.Linq.KsqlContext[0]&#xD;
      SHOW QUERIES output (attempt 1): [{"@type":"queries","statementText":"SHOW QUERIES;","queries":[{"queryString":"CREATE TABLE BAR_15M_LIVE WITH (CLEANUP_POLICY='compact,delete', KAFKA_TOPIC='bar_15m_live', KEY_FORMAT='AVRO', PARTITIONS=1, REPLICAS=1, RETENTION_MS=604800000, VALUE_FORMAT='AVRO') AS SELECT\n  O.BROKER BROKER,\n  O.SYMBOL SYMBOL,\n  WINDOWSTART BUCKETSTART,\n  EARLIEST_BY_OFFSET(O.OPEN) OPEN,\n  MAX(O.HIGH) HIGH,\n  MIN(O.LOW) LOW,\n  LATEST_BY_OFFSET(O.KSQLTIMEFRAMECLOSE) KSQLTIMEFRAMECLOSE\nFROM BAR_1S_FINAL_S O\nWINDOW TUMBLING ( SIZE 15 MINUTES , GRACE PERIOD 4 SECONDS ) \nGROUP BY O.BROKER, O.SYMBOL\nEMIT CHANGES;","sinks":["BAR_15M_LIVE"],"sinkKafkaTopics":["bar_15m_live"],"id":"CTAS_BAR_15M_LIVE_109","statusCount":{"RUNNING":1},"queryType":"PERSISTENT","state":"RUNNING"},{"queryString":"CREATE TABLE BAR_1S_FINAL WITH (CLEANUP_POLICY='compact,delete', KAFKA_TOPIC='bar_1s_final', KEY_FORMAT='AVRO', PARTITIONS=1, REPLICAS=1, RETENTION_MS=604800000, VALUE_FORMAT='AVRO') AS SELECT\n  O.BROKER BROKER,\n  O.SYMBOL SYMBOL,\n  WINDOWSTART BUCKETSTART,\n  EARLIEST_BY_OFFSET(O.BID) OPEN,\n  MAX(O.BID) HIGH,\n  MIN(O.BID) LOW,\n  LATEST_BY_OFFSET(O.BID) KSQLTIMEFRAMECLOSE\nFROM DEDUPRATES O\nWINDOW TUMBLING ( SIZE 1 SECONDS ) \nGROUP BY O.BROKER, O.SYMBOL\nEMIT FINAL;","sinks":["BAR_1S_FINAL"],"sinkKafkaTopics":["bar_1s_final"],"id":"CTAS_BAR_1S_FINAL_97","statusCount":{"RUNNING":1},"queryType":"PERSISTENT","state":"RUNNING"},{"queryString":"CREATE TABLE BAR1WKFINAL_1S_FINAL WITH (CLEANUP_POLICY='compact,delete', KAFKA_TOPIC='bar1wkfinal_1s_final', KEY_FORMAT='AVRO', PARTITIONS=1, REPLICAS=1, RETENTION_MS=604800000, VALUE_FORMAT='AVRO') AS SELECT\n  O.BROKER BROKER,\n  O.SYMBOL SYMBOL,\n  WINDOWSTART BUCKETSTART,\n  EARLIEST_BY_OFFSET(O.BID) OPEN,\n  MAX(O.BID) HIGH,\n  MIN(O.BID) LOW,\n  LATEST_BY_OFFSET(O.BID) KSQLTIMEFRAMECLOSE\nFROM DEDUPRATES O\nWINDOW TUMBLING ( SIZE 1 SECONDS ) \nGROUP BY O.BROKER, O.SYMBOL\nEMIT FINAL;","sinks":["BAR1WKFINAL_1S_FINAL"],"sinkKafkaTopics":["bar1wkfinal_1s_final"],"id":"CTAS_BAR1WKFINAL_1S_FINAL_119","statusCount":{"RUNNING":1},"queryType":"PERSISTENT","state":"RUNNING"},{"queryString":"CREATE TABLE BAR1WKFINAL_7D_LIVE WITH (CLEANUP_POLICY='compact,delete', KAFKA_TOPIC='bar1wkfinal_7d_live', KEY_FORMAT='AVRO', PARTITIONS=1, REPLICAS=1, RETENTION_MS=604800000, VALUE_FORMAT='AVRO') AS SELECT\n  O.BROKER BROKER,\n  O.SYMBOL SYMBOL,\n  WINDOWSTART BUCKETSTART,\n  EARLIEST_BY_OFFSET(O.OPEN) OPEN,\n  MAX(O.HIGH) HIGH,\n  MIN(O.LOW) LOW,\n  LATEST_BY_OFFSET(O.KSQLTIMEFRAMECLOSE) KSQLTIMEFRAMECLOSE\nFROM BAR1WKFINAL_1S_FINAL_S O\nWINDOW TUMBLING ( SIZE 7 DAYS , GRACE PERIOD 2 SECONDS ) \nGROUP BY O.BROKER, O.SYMBOL\nEMIT CHANGES;","sinks":["BAR1WKFINAL_7D_LIVE"],"sinkKafkaTopics":["bar1wkfinal_7d_live"],"id":"CTAS_BAR1WKFINAL_7D_LIVE_123","statusCount":{"RUNNING":1},"queryType":"PERSISTENT","state":"RUNNING"},{"queryString":"CREATE TABLE BAR_60M_LIVE WITH (CLEANUP_POLICY='compact,delete', KAFKA_TOPIC='bar_60m_live', KEY_FORMAT='AVRO', PARTITIONS=1, REPLICAS=1, RETENTION_MS=604800000, VALUE_FORMAT='AVRO') AS SELECT\n  O.BROKER BROKER,\n  O.SYMBOL SYMBOL,\n  WINDOWSTART BUCKETSTART,\n  EARLIEST_BY_OFFSET(O.OPEN) OPEN,\n  MAX(O.HIGH) HIGH,\n  MIN(O.LOW) LOW,\n  LATEST_BY_OFFSET(O.KSQLTIMEFRAMECLOSE) KSQLTIMEFRAMECLOSE\nFROM BAR_1S_FINAL_S O\nWINDOW TUMBLING ( SIZE 60 MINUTES , GRACE PERIOD 5 SECONDS ) \nGROUP BY O.BROKER, O.SYMBOL\nEMIT CHANGES;","sinks":["BAR_60M_LIVE"],"sinkKafkaTopics":["bar_60m_live"],"id":"CTAS_BAR_60M_LIVE_111","statusCount":{"RUNNING":1},"queryType":"PERSISTENT","state":"RUNNING"},{"queryString":"CREATE TABLE BAR_TBIMP_1M_LIVE WITH (CLEANUP_POLICY='compact,delete', KAFKA_TOPIC='bar_tbimp_1m_live', KEY_FORMAT='AVRO', PARTITIONS=1, REPLICAS=1, RETENTION_MS=604800000, VALUE_FORMAT='AVRO') AS SELECT\n  O.BROKER BROKER,\n  O.SYMBOL SYMBOL,\n  WINDOWSTART BUCKETSTART,\n  EARLIEST_BY_OFFSET(O.OPEN) OPEN,\n  MAX(O.HIGH) HIGH,\n  MIN(O.LOW) LOW,\n  LATEST_BY_OFFSET(O.CLOSE) CLOSE\nFROM BAR_TBIMP_1S_FINAL_S O\nWINDOW TUMBLING ( SIZE 1 MINUTES , GRACE PERIOD 2 SECONDS ) \nGROUP BY O.BROKER, O.SYMBOL\nEMIT CHANGES;","sinks":["BAR_TBIMP_1M_LIVE"],"sinkKafkaTopics":["bar_tbimp_1m_live"],"id":"CTAS_BAR_TBIMP_1M_LIVE_89","statusCount":{"RUNNING":1},"queryType":"PERSISTENT","state":"RUNNING"},{"queryString":"CREATE TABLE BAR_5M_LIVE WITH (CLEANUP_POLICY='compact,delete', KAFKA_TOPIC='bar_5m_live', KEY_FORMAT='AVRO', PARTITIONS=1, REPLICAS=1, RETENTION_MS=604800000, VALUE_FORMAT='AVRO') AS SELECT\n  O.BROKER BROKER,\n  O.SYMBOL SYMBOL,\n  WINDOWSTART BUCKETSTART,\n  EARLIEST_BY_OFFSET(O.OPEN) OPEN,\n  MAX(O.HIGH) HIGH,\n  MIN(O.LOW) LOW,\n  LATEST_BY_OFFSET(O.KSQLTIMEFRAMECLOSE) KSQLTIMEFRAMECLOSE\nFROM BAR_1S_FINAL_S O\nWINDOW TUMBLING ( SIZE 5 MINUTES , GRACE PERIOD 3 SECONDS ) \nGROUP BY O.BROKER, O.SYMBOL\nEMIT CHANGES;","sinks":["BAR_5M_LIVE"],"sinkKafkaTopics":["bar_5m_live"],"id":"CTAS_BAR_5M_LIVE_103","statusCount":{"RUNNING":1},"queryType":"PERSISTENT","state":"RUNNING"},{"queryString":"CREATE TABLE BAR_TBIMP_5M_LIVE WITH (CLEANUP_POLICY='compact,delete', KAFKA_TOPIC='bar_tbimp_5m_live', KEY_FORMAT='AVRO', PARTITIONS=1, REPLICAS=1, RETENTION_MS=604800000, VALUE_FORMAT='AVRO') AS SELECT\n  O.BROKER BROKER,\n  O.SYMBOL SYMBOL,\n  WINDOWSTART BUCKETSTART,\n  EARLIEST_BY_OFFSET(O.OPEN) OPEN,\n  MAX(O.HIGH) HIGH,\n  MIN(O.LOW) LOW,\n  LATEST_BY_OFFSET(O.CLOSE) CLOSE\nFROM BAR_TBIMP_1S_FINAL_S O\nWINDOW TUMBLING ( SIZE 5 MINUTES , GRACE PERIOD 3 SECONDS ) \nGROUP BY O.BROKER, O.SYMBOL\nEMIT CHANGES;","sinks":["BAR_TBIMP_5M_LIVE"],"sinkKafkaTopics":["bar_tbimp_5m_live"],"id":"CTAS_BAR_TBIMP_5M_LIVE_91","statusCount":{"RUNNING":1},"queryType":"PERSISTENT","state":"RUNNING"},{"queryString":"CREATE TABLE BAR_1M_LIVE WITH (CLEANUP_POLICY='compact,delete', KAFKA_TOPIC='bar_1m_live', KEY_FORMAT='AVRO', PARTITIONS=1, REPLICAS=1, RETENTION_MS=604800000, VALUE_FORMAT='AVRO') AS SELECT\n  O.BROKER BROKER,\n  O.SYMBOL SYMBOL,\n  WINDOWSTART BUCKETSTART,\n  EARLIEST_BY_OFFSET(O.OPEN) OPEN,\n  MAX(O.HIGH) HIGH,\n  MIN(O.LOW) LOW,\n  LATEST_BY_OFFSET(O.KSQLTIMEFRAMECLOSE) KSQLTIMEFRAMECLOSE\nFROM BAR_1S_FINAL_S O\nWINDOW TUMBLING ( SIZE 1 MINUTES , GRACE PERIOD 2 SECONDS ) \nGROUP BY O.BROKER, O.SYMBOL\nEMIT CHANGES;","sinks":["BAR_1M_LIVE"],"sinkKafkaTopics":["bar_1m_live"],"id":"CTAS_BAR_1M_LIVE_101","statusCount":{"RUNNING":1},"queryType":"PERSISTENT","state":"RUNNING"},{"queryString":"CREATE TABLE BAR_TBIMP_1S_FINAL WITH (CLEANUP_POLICY='compact,delete', KAFKA_TOPIC='bar_tbimp_1s_final', KEY_FORMAT='AVRO', PARTITIONS=1, REPLICAS=1, RETENTION_MS=604800000, VALUE_FORMAT='AVRO') AS SELECT\n  O.BROKER BROKER,\n  O.SYMBOL SYMBOL,\n  WINDOWSTART BUCKETSTART,\n  EARLIEST_BY_OFFSET(O.BID) OPEN,\n  MAX(O.BID) HIGH,\n  MIN(O.BID) LOW,\n  LATEST_BY_OFFSET(O.BID) CLOSE\nFROM TICKS_TBIMP O\nWINDOW TUMBLING ( SIZE 1 SECONDS ) \nGROUP BY O.BROKER, O.SYMBOL\nEMIT FINAL;","sinks":["BAR_TBIMP_1S_FINAL"],"sinkKafkaTopics":["bar_tbimp_1s_final"],"id":"CTAS_BAR_TBIMP_1S_FINAL_85","statusCount":{"RUNNING":1},"queryType":"PERSISTENT","state":"RUNNING"}],"warnings":[]}]&#xD;
warn: Kafka.Ksql.Linq.KsqlContext[0]&#xD;
      SHOW QUERIES attempt 1 did not contain a matching query for bar1wkfinal_1s_final&#xD;
info: Kafka.Ksql.Linq.KsqlContext[0]&#xD;
      ksql execute: EXECUTE SQL=SHOW QUERIES;&#xD;
info: Kafka.Ksql.Linq.KsqlContext[0]&#xD;
      SHOW QUERIES output (attempt 2): [{"@type":"queries","statementText":"SHOW QUERIES;","queries":[{"queryString":"CREATE TABLE BAR_15M_LIVE WITH (CLEANUP_POLICY='compact,delete', KAFKA_TOPIC='bar_15m_live', KEY_FORMAT='AVRO', PARTITIONS=1, REPLICAS=1, RETENTION_MS=604800000, VALUE_FORMAT='AVRO') AS SELECT\n  O.BROKER BROKER,\n  O.SYMBOL SYMBOL,\n  WINDOWSTART BUCKETSTART,\n  EARLIEST_BY_OFFSET(O.OPEN) OPEN,\n  MAX(O.HIGH) HIGH,\n  MIN(O.LOW) LOW,\n  LATEST_BY_OFFSET(O.KSQLTIMEFRAMECLOSE) KSQLTIMEFRAMECLOSE\nFROM BAR_1S_FINAL_S O\nWINDOW TUMBLING ( SIZE 15 MINUTES , GRACE PERIOD 4 SECONDS ) \nGROUP BY O.BROKER, O.SYMBOL\nEMIT CHANGES;","sinks":["BAR_15M_LIVE"],"sinkKafkaTopics":["bar_15m_live"],"id":"CTAS_BAR_15M_LIVE_109","statusCount":{"RUNNING":1},"queryType":"PERSISTENT","state":"RUNNING"},{"queryString":"CREATE TABLE BAR_1S_FINAL WITH (CLEANUP_POLICY='compact,delete', KAFKA_TOPIC='bar_1s_final', KEY_FORMAT='AVRO', PARTITIONS=1, REPLICAS=1, RETENTION_MS=604800000, VALUE_FORMAT='AVRO') AS SELECT\n  O.BROKER BROKER,\n  O.SYMBOL SYMBOL,\n  WINDOWSTART BUCKETSTART,\n  EARLIEST_BY_OFFSET(O.BID) OPEN,\n  MAX(O.BID) HIGH,\n  MIN(O.BID) LOW,\n  LATEST_BY_OFFSET(O.BID) KSQLTIMEFRAMECLOSE\nFROM DEDUPRATES O\nWINDOW TUMBLING ( SIZE 1 SECONDS ) \nGROUP BY O.BROKER, O.SYMBOL\nEMIT FINAL;","sinks":["BAR_1S_FINAL"],"sinkKafkaTopics":["bar_1s_final"],"id":"CTAS_BAR_1S_FINAL_97","statusCount":{"RUNNING":1},"queryType":"PERSISTENT","state":"RUNNING"},{"queryString":"CREATE TABLE BAR1WKFINAL_1S_FINAL WITH (CLEANUP_POLICY='compact,delete', KAFKA_TOPIC='bar1wkfinal_1s_final', KEY_FORMAT='AVRO', PARTITIONS=1, REPLICAS=1, RETENTION_MS=604800000, VALUE_FORMAT='AVRO') AS SELECT\n  O.BROKER BROKER,\n  O.SYMBOL SYMBOL,\n  WINDOWSTART BUCKETSTART,\n  EARLIEST_BY_OFFSET(O.BID) OPEN,\n  MAX(O.BID) HIGH,\n  MIN(O.BID) LOW,\n  LATEST_BY_OFFSET(O.BID) KSQLTIMEFRAMECLOSE\nFROM DEDUPRATES O\nWINDOW TUMBLING ( SIZE 1 SECONDS ) \nGROUP BY O.BROKER, O.SYMBOL\nEMIT FINAL;","sinks":["BAR1WKFINAL_1S_FINAL"],"sinkKafkaTopics":["bar1wkfinal_1s_final"],"id":"CTAS_BAR1WKFINAL_1S_FINAL_119","statusCount":{"RUNNING":1},"queryType":"PERSISTENT","state":"RUNNING"},{"queryString":"CREATE TABLE BAR1WKFINAL_7D_LIVE WITH (CLEANUP_POLICY='compact,delete', KAFKA_TOPIC='bar1wkfinal_7d_live', KEY_FORMAT='AVRO', PARTITIONS=1, REPLICAS=1, RETENTION_MS=604800000, VALUE_FORMAT='AVRO') AS SELECT\n  O.BROKER BROKER,\n  O.SYMBOL SYMBOL,\n  WINDOWSTART BUCKETSTART,\n  EARLIEST_BY_OFFSET(O.OPEN) OPEN,\n  MAX(O.HIGH) HIGH,\n  MIN(O.LOW) LOW,\n  LATEST_BY_OFFSET(O.KSQLTIMEFRAMECLOSE) KSQLTIMEFRAMECLOSE\nFROM BAR1WKFINAL_1S_FINAL_S O\nWINDOW TUMBLING ( SIZE 7 DAYS , GRACE PERIOD 2 SECONDS ) \nGROUP BY O.BROKER, O.SYMBOL\nEMIT CHANGES;","sinks":["BAR1WKFINAL_7D_LIVE"],"sinkKafkaTopics":["bar1wkfinal_7d_live"],"id":"CTAS_BAR1WKFINAL_7D_LIVE_123","statusCount":{"RUNNING":1},"queryType":"PERSISTENT","state":"RUNNING"},{"queryString":"CREATE TABLE BAR_60M_LIVE WITH (CLEANUP_POLICY='compact,delete', KAFKA_TOPIC='bar_60m_live', KEY_FORMAT='AVRO', PARTITIONS=1, REPLICAS=1, RETENTION_MS=604800000, VALUE_FORMAT='AVRO') AS SELECT\n  O.BROKER BROKER,\n  O.SYMBOL SYMBOL,\n  WINDOWSTART BUCKETSTART,\n  EARLIEST_BY_OFFSET(O.OPEN) OPEN,\n  MAX(O.HIGH) HIGH,\n  MIN(O.LOW) LOW,\n  LATEST_BY_OFFSET(O.KSQLTIMEFRAMECLOSE) KSQLTIMEFRAMECLOSE\nFROM BAR_1S_FINAL_S O\nWINDOW TUMBLING ( SIZE 60 MINUTES , GRACE PERIOD 5 SECONDS ) \nGROUP BY O.BROKER, O.SYMBOL\nEMIT CHANGES;","sinks":["BAR_60M_LIVE"],"sinkKafkaTopics":["bar_60m_live"],"id":"CTAS_BAR_60M_LIVE_111","statusCount":{"RUNNING":1},"queryType":"PERSISTENT","state":"RUNNING"},{"queryString":"CREATE TABLE BAR_TBIMP_1M_LIVE WITH (CLEANUP_POLICY='compact,delete', KAFKA_TOPIC='bar_tbimp_1m_live', KEY_FORMAT='AVRO', PARTITIONS=1, REPLICAS=1, RETENTION_MS=604800000, VALUE_FORMAT='AVRO') AS SELECT\n  O.BROKER BROKER,\n  O.SYMBOL SYMBOL,\n  WINDOWSTART BUCKETSTART,\n  EARLIEST_BY_OFFSET(O.OPEN) OPEN,\n  MAX(O.HIGH) HIGH,\n  MIN(O.LOW) LOW,\n  LATEST_BY_OFFSET(O.CLOSE) CLOSE\nFROM BAR_TBIMP_1S_FINAL_S O\nWINDOW TUMBLING ( SIZE 1 MINUTES , GRACE PERIOD 2 SECONDS ) \nGROUP BY O.BROKER, O.SYMBOL\nEMIT CHANGES;","sinks":["BAR_TBIMP_1M_LIVE"],"sinkKafkaTopics":["bar_tbimp_1m_live"],"id":"CTAS_BAR_TBIMP_1M_LIVE_89","statusCount":{"RUNNING":1},"queryType":"PERSISTENT","state":"RUNNING"},{"queryString":"CREATE TABLE BAR_5M_LIVE WITH (CLEANUP_POLICY='compact,delete', KAFKA_TOPIC='bar_5m_live', KEY_FORMAT='AVRO', PARTITIONS=1, REPLICAS=1, RETENTION_MS=604800000, VALUE_FORMAT='AVRO') AS SELECT\n  O.BROKER BROKER,\n  O.SYMBOL SYMBOL,\n  WINDOWSTART BUCKETSTART,\n  EARLIEST_BY_OFFSET(O.OPEN) OPEN,\n  MAX(O.HIGH) HIGH,\n  MIN(O.LOW) LOW,\n  LATEST_BY_OFFSET(O.KSQLTIMEFRAMECLOSE) KSQLTIMEFRAMECLOSE\nFROM BAR_1S_FINAL_S O\nWINDOW TUMBLING ( SIZE 5 MINUTES , GRACE PERIOD 3 SECONDS ) \nGROUP BY O.BROKER, O.SYMBOL\nEMIT CHANGES;","sinks":["BAR_5M_LIVE"],"sinkKafkaTopics":["bar_5m_live"],"id":"CTAS_BAR_5M_LIVE_103","statusCount":{"RUNNING":1},"queryType":"PERSISTENT","state":"RUNNING"},{"queryString":"CREATE TABLE BAR_TBIMP_5M_LIVE WITH (CLEANUP_POLICY='compact,delete', KAFKA_TOPIC='bar_tbimp_5m_live', KEY_FORMAT='AVRO', PARTITIONS=1, REPLICAS=1, RETENTION_MS=604800000, VALUE_FORMAT='AVRO') AS SELECT\n  O.BROKER BROKER,\n  O.SYMBOL SYMBOL,\n  WINDOWSTART BUCKETSTART,\n  EARLIEST_BY_OFFSET(O.OPEN) OPEN,\n  MAX(O.HIGH) HIGH,\n  MIN(O.LOW) LOW,\n  LATEST_BY_OFFSET(O.CLOSE) CLOSE\nFROM BAR_TBIMP_1S_FINAL_S O\nWINDOW TUMBLING ( SIZE 5 MINUTES , GRACE PERIOD 3 SECONDS ) \nGROUP BY O.BROKER, O.SYMBOL\nEMIT CHANGES;","sinks":["BAR_TBIMP_5M_LIVE"],"sinkKafkaTopics":["bar_tbimp_5m_live"],"id":"CTAS_BAR_TBIMP_5M_LIVE_91","statusCount":{"RUNNING":1},"queryType":"PERSISTENT","state":"RUNNING"},{"queryString":"CREATE TABLE BAR_1M_LIVE WITH (CLEANUP_POLICY='compact,delete', KAFKA_TOPIC='bar_1m_live', KEY_FORMAT='AVRO', PARTITIONS=1, REPLICAS=1, RETENTION_MS=604800000, VALUE_FORMAT='AVRO') AS SELECT\n  O.BROKER BROKER,\n  O.SYMBOL SYMBOL,\n  WINDOWSTART BUCKETSTART,\n  EARLIEST_BY_OFFSET(O.OPEN) OPEN,\n  MAX(O.HIGH) HIGH,\n  MIN(O.LOW) LOW,\n  LATEST_BY_OFFSET(O.KSQLTIMEFRAMECLOSE) KSQLTIMEFRAMECLOSE\nFROM BAR_1S_FINAL_S O\nWINDOW TUMBLING ( SIZE 1 MINUTES , GRACE PERIOD 2 SECONDS ) \nGROUP BY O.BROKER, O.SYMBOL\nEMIT CHANGES;","sinks":["BAR_1M_LIVE"],"sinkKafkaTopics":["bar_1m_live"],"id":"CTAS_BAR_1M_LIVE_101","statusCount":{"RUNNING":1},"queryType":"PERSISTENT","state":"RUNNING"},{"queryString":"CREATE TABLE BAR_TBIMP_1S_FINAL WITH (CLEANUP_POLICY='compact,delete', KAFKA_TOPIC='bar_tbimp_1s_final', KEY_FORMAT='AVRO', PARTITIONS=1, REPLICAS=1, RETENTION_MS=604800000, VALUE_FORMAT='AVRO') AS SELECT\n  O.BROKER BROKER,\n  O.SYMBOL SYMBOL,\n  WINDOWSTART BUCKETSTART,\n  EARLIEST_BY_OFFSET(O.BID) OPEN,\n  MAX(O.BID) HIGH,\n  MIN(O.BID) LOW,\n  LATEST_BY_OFFSET(O.BID) CLOSE\nFROM TICKS_TBIMP O\nWINDOW TUMBLING ( SIZE 1 SECONDS ) \nGROUP BY O.BROKER, O.SYMBOL\nEMIT FINAL;","sinks":["BAR_TBIMP_1S_FINAL"],"sinkKafkaTopics":["bar_tbimp_1s_final"],"id":"CTAS_BAR_TBIMP_1S_FINAL_85","statusCount":{"RUNNING":1},"queryType":"PERSISTENT","state":"RUNNING"}],"warnings":[]}]&#xD;
warn: Kafka.Ksql.Linq.KsqlContext[0]&#xD;
      SHOW QUERIES attempt 2 did not contain a matching query for bar1wkfinal_1s_final&#xD;
info: Kafka.Ksql.Linq.KsqlContext[0]&#xD;
      ksql execute: EXECUTE SQL=SHOW QUERIES;&#xD;
info: Kafka.Ksql.Linq.KsqlContext[0]&#xD;
      SHOW QUERIES output (attempt 3): [{"@type":"queries","statementText":"SHOW QUERIES;","queries":[{"queryString":"CREATE TABLE BAR_15M_LIVE WITH (CLEANUP_POLICY='compact,delete', KAFKA_TOPIC='bar_15m_live', KEY_FORMAT='AVRO', PARTITIONS=1, REPLICAS=1, RETENTION_MS=604800000, VALUE_FORMAT='AVRO') AS SELECT\n  O.BROKER BROKER,\n  O.SYMBOL SYMBOL,\n  WINDOWSTART BUCKETSTART,\n  EARLIEST_BY_OFFSET(O.OPEN) OPEN,\n  MAX(O.HIGH) HIGH,\n  MIN(O.LOW) LOW,\n  LATEST_BY_OFFSET(O.KSQLTIMEFRAMECLOSE) KSQLTIMEFRAMECLOSE\nFROM BAR_1S_FINAL_S O\nWINDOW TUMBLING ( SIZE 15 MINUTES , GRACE PERIOD 4 SECONDS ) \nGROUP BY O.BROKER, O.SYMBOL\nEMIT CHANGES;","sinks":["BAR_15M_LIVE"],"sinkKafkaTopics":["bar_15m_live"],"id":"CTAS_BAR_15M_LIVE_109","statusCount":{"RUNNING":1},"queryType":"PERSISTENT","state":"RUNNING"},{"queryString":"CREATE TABLE BAR_1S_FINAL WITH (CLEANUP_POLICY='compact,delete', KAFKA_TOPIC='bar_1s_final', KEY_FORMAT='AVRO', PARTITIONS=1, REPLICAS=1, RETENTION_MS=604800000, VALUE_FORMAT='AVRO') AS SELECT\n  O.BROKER BROKER,\n  O.SYMBOL SYMBOL,\n  WINDOWSTART BUCKETSTART,\n  EARLIEST_BY_OFFSET(O.BID) OPEN,\n  MAX(O.BID) HIGH,\n  MIN(O.BID) LOW,\n  LATEST_BY_OFFSET(O.BID) KSQLTIMEFRAMECLOSE\nFROM DEDUPRATES O\nWINDOW TUMBLING ( SIZE 1 SECONDS ) \nGROUP BY O.BROKER, O.SYMBOL\nEMIT FINAL;","sinks":["BAR_1S_FINAL"],"sinkKafkaTopics":["bar_1s_final"],"id":"CTAS_BAR_1S_FINAL_97","statusCount":{"RUNNING":1},"queryType":"PERSISTENT","state":"RUNNING"},{"queryString":"CREATE TABLE BAR1WKFINAL_1S_FINAL WITH (CLEANUP_POLICY='compact,delete', KAFKA_TOPIC='bar1wkfinal_1s_final', KEY_FORMAT='AVRO', PARTITIONS=1, REPLICAS=1, RETENTION_MS=604800000, VALUE_FORMAT='AVRO') AS SELECT\n  O.BROKER BROKER,\n  O.SYMBOL SYMBOL,\n  WINDOWSTART BUCKETSTART,\n  EARLIEST_BY_OFFSET(O.BID) OPEN,\n  MAX(O.BID) HIGH,\n  MIN(O.BID) LOW,\n  LATEST_BY_OFFSET(O.BID) KSQLTIMEFRAMECLOSE\nFROM DEDUPRATES O\nWINDOW TUMBLING ( SIZE 1 SECONDS ) \nGROUP BY O.BROKER, O.SYMBOL\nEMIT FINAL;","sinks":["BAR1WKFINAL_1S_FINAL"],"sinkKafkaTopics":["bar1wkfinal_1s_final"],"id":"CTAS_BAR1WKFINAL_1S_FINAL_119","statusCount":{"RUNNING":1},"queryType":"PERSISTENT","state":"RUNNING"},{"queryString":"CREATE TABLE BAR1WKFINAL_7D_LIVE WITH (CLEANUP_POLICY='compact,delete', KAFKA_TOPIC='bar1wkfinal_7d_live', KEY_FORMAT='AVRO', PARTITIONS=1, REPLICAS=1, RETENTION_MS=604800000, VALUE_FORMAT='AVRO') AS SELECT\n  O.BROKER BROKER,\n  O.SYMBOL SYMBOL,\n  WINDOWSTART BUCKETSTART,\n  EARLIEST_BY_OFFSET(O.OPEN) OPEN,\n  MAX(O.HIGH) HIGH,\n  MIN(O.LOW) LOW,\n  LATEST_BY_OFFSET(O.KSQLTIMEFRAMECLOSE) KSQLTIMEFRAMECLOSE\nFROM BAR1WKFINAL_1S_FINAL_S O\nWINDOW TUMBLING ( SIZE 7 DAYS , GRACE PERIOD 2 SECONDS ) \nGROUP BY O.BROKER, O.SYMBOL\nEMIT CHANGES;","sinks":["BAR1WKFINAL_7D_LIVE"],"sinkKafkaTopics":["bar1wkfinal_7d_live"],"id":"CTAS_BAR1WKFINAL_7D_LIVE_123","statusCount":{"RUNNING":1},"queryType":"PERSISTENT","state":"RUNNING"},{"queryString":"CREATE TABLE BAR_60M_LIVE WITH (CLEANUP_POLICY='compact,delete', KAFKA_TOPIC='bar_60m_live', KEY_FORMAT='AVRO', PARTITIONS=1, REPLICAS=1, RETENTION_MS=604800000, VALUE_FORMAT='AVRO') AS SELECT\n  O.BROKER BROKER,\n  O.SYMBOL SYMBOL,\n  WINDOWSTART BUCKETSTART,\n  EARLIEST_BY_OFFSET(O.OPEN) OPEN,\n  MAX(O.HIGH) HIGH,\n  MIN(O.LOW) LOW,\n  LATEST_BY_OFFSET(O.KSQLTIMEFRAMECLOSE) KSQLTIMEFRAMECLOSE\nFROM BAR_1S_FINAL_S O\nWINDOW TUMBLING ( SIZE 60 MINUTES , GRACE PERIOD 5 SECONDS ) \nGROUP BY O.BROKER, O.SYMBOL\nEMIT CHANGES;","sinks":["BAR_60M_LIVE"],"sinkKafkaTopics":["bar_60m_live"],"id":"CTAS_BAR_60M_LIVE_111","statusCount":{"RUNNING":1},"queryType":"PERSISTENT","state":"RUNNING"},{"queryString":"CREATE TABLE BAR_TBIMP_1M_LIVE WITH (CLEANUP_POLICY='compact,delete', KAFKA_TOPIC='bar_tbimp_1m_live', KEY_FORMAT='AVRO', PARTITIONS=1, REPLICAS=1, RETENTION_MS=604800000, VALUE_FORMAT='AVRO') AS SELECT\n  O.BROKER BROKER,\n  O.SYMBOL SYMBOL,\n  WINDOWSTART BUCKETSTART,\n  EARLIEST_BY_OFFSET(O.OPEN) OPEN,\n  MAX(O.HIGH) HIGH,\n  MIN(O.LOW) LOW,\n  LATEST_BY_OFFSET(O.CLOSE) CLOSE\nFROM BAR_TBIMP_1S_FINAL_S O\nWINDOW TUMBLING ( SIZE 1 MINUTES , GRACE PERIOD 2 SECONDS ) \nGROUP BY O.BROKER, O.SYMBOL\nEMIT CHANGES;","sinks":["BAR_TBIMP_1M_LIVE"],"sinkKafkaTopics":["bar_tbimp_1m_live"],"id":"CTAS_BAR_TBIMP_1M_LIVE_89","statusCount":{"RUNNING":1},"queryType":"PERSISTENT","state":"RUNNING"},{"queryString":"CREATE TABLE BAR_5M_LIVE WITH (CLEANUP_POLICY='compact,delete', KAFKA_TOPIC='bar_5m_live', KEY_FORMAT='AVRO', PARTITIONS=1, REPLICAS=1, RETENTION_MS=604800000, VALUE_FORMAT='AVRO') AS SELECT\n  O.BROKER BROKER,\n  O.SYMBOL SYMBOL,\n  WINDOWSTART BUCKETSTART,\n  EARLIEST_BY_OFFSET(O.OPEN) OPEN,\n  MAX(O.HIGH) HIGH,\n  MIN(O.LOW) LOW,\n  LATEST_BY_OFFSET(O.KSQLTIMEFRAMECLOSE) KSQLTIMEFRAMECLOSE\nFROM BAR_1S_FINAL_S O\nWINDOW TUMBLING ( SIZE 5 MINUTES , GRACE PERIOD 3 SECONDS ) \nGROUP BY O.BROKER, O.SYMBOL\nEMIT CHANGES;","sinks":["BAR_5M_LIVE"],"sinkKafkaTopics":["bar_5m_live"],"id":"CTAS_BAR_5M_LIVE_103","statusCount":{"RUNNING":1},"queryType":"PERSISTENT","state":"RUNNING"},{"queryString":"CREATE TABLE BAR_TBIMP_5M_LIVE WITH (CLEANUP_POLICY='compact,delete', KAFKA_TOPIC='bar_tbimp_5m_live', KEY_FORMAT='AVRO', PARTITIONS=1, REPLICAS=1, RETENTION_MS=604800000, VALUE_FORMAT='AVRO') AS SELECT\n  O.BROKER BROKER,\n  O.SYMBOL SYMBOL,\n  WINDOWSTART BUCKETSTART,\n  EARLIEST_BY_OFFSET(O.OPEN) OPEN,\n  MAX(O.HIGH) HIGH,\n  MIN(O.LOW) LOW,\n  LATEST_BY_OFFSET(O.CLOSE) CLOSE\nFROM BAR_TBIMP_1S_FINAL_S O\nWINDOW TUMBLING ( SIZE 5 MINUTES , GRACE PERIOD 3 SECONDS ) \nGROUP BY O.BROKER, O.SYMBOL\nEMIT CHANGES;","sinks":["BAR_TBIMP_5M_LIVE"],"sinkKafkaTopics":["bar_tbimp_5m_live"],"id":"CTAS_BAR_TBIMP_5M_LIVE_91","statusCount":{"RUNNING":1},"queryType":"PERSISTENT","state":"RUNNING"},{"queryString":"CREATE TABLE BAR_1M_LIVE WITH (CLEANUP_POLICY='compact,delete', KAFKA_TOPIC='bar_1m_live', KEY_FORMAT='AVRO', PARTITIONS=1, REPLICAS=1, RETENTION_MS=604800000, VALUE_FORMAT='AVRO') AS SELECT\n  O.BROKER BROKER,\n  O.SYMBOL SYMBOL,\n  WINDOWSTART BUCKETSTART,\n  EARLIEST_BY_OFFSET(O.OPEN) OPEN,\n  MAX(O.HIGH) HIGH,\n  MIN(O.LOW) LOW,\n  LATEST_BY_OFFSET(O.KSQLTIMEFRAMECLOSE) KSQLTIMEFRAMECLOSE\nFROM BAR_1S_FINAL_S O\nWINDOW TUMBLING ( SIZE 1 MINUTES , GRACE PERIOD 2 SECONDS ) \nGROUP BY O.BROKER, O.SYMBOL\nEMIT CHANGES;","sinks":["BAR_1M_LIVE"],"sinkKafkaTopics":["bar_1m_live"],"id":"CTAS_BAR_1M_LIVE_101","statusCount":{"RUNNING":1},"queryType":"PERSISTENT","state":"RUNNING"},{"queryString":"CREATE TABLE BAR_TBIMP_1S_FINAL WITH (CLEANUP_POLICY='compact,delete', KAFKA_TOPIC='bar_tbimp_1s_final', KEY_FORMAT='AVRO', PARTITIONS=1, REPLICAS=1, RETENTION_MS=604800000, VALUE_FORMAT='AVRO') AS SELECT\n  O.BROKER BROKER,\n  O.SYMBOL SYMBOL,\n  WINDOWSTART BUCKETSTART,\n  EARLIEST_BY_OFFSET(O.BID) OPEN,\n  MAX(O.BID) HIGH,\n  MIN(O.BID) LOW,\n  LATEST_BY_OFFSET(O.BID) CLOSE\nFROM TICKS_TBIMP O\nWINDOW TUMBLING ( SIZE 1 SECONDS ) \nGROUP BY O.BROKER, O.SYMBOL\nEMIT FINAL;","sinks":["BAR_TBIMP_1S_FINAL"],"sinkKafkaTopics":["bar_tbimp_1s_final"],"id":"CTAS_BAR_TBIMP_1S_FINAL_85","statusCount":{"RUNNING":1},"queryType":"PERSISTENT","state":"RUNNING"}],"warnings":[]}]&#xD;
warn: Kafka.Ksql.Linq.KsqlContext[0]&#xD;
      SHOW QUERIES attempt 3 did not contain a matching query for bar1wkfinal_1s_final&#xD;
info: Kafka.Ksql.Linq.KsqlContext[0]&#xD;
      ksql execute: EXECUTE SQL=SHOW QUERIES;&#xD;
info: Kafka.Ksql.Linq.KsqlContext[0]&#xD;
      SHOW QUERIES output (attempt 4): [{"@type":"queries","statementText":"SHOW QUERIES;","queries":[{"queryString":"CREATE TABLE BAR_15M_LIVE WITH (CLEANUP_POLICY='compact,delete', KAFKA_TOPIC='bar_15m_live', KEY_FORMAT='AVRO', PARTITIONS=1, REPLICAS=1, RETENTION_MS=604800000, VALUE_FORMAT='AVRO') AS SELECT\n  O.BROKER BROKER,\n  O.SYMBOL SYMBOL,\n  WINDOWSTART BUCKETSTART,\n  EARLIEST_BY_OFFSET(O.OPEN) OPEN,\n  MAX(O.HIGH) HIGH,\n  MIN(O.LOW) LOW,\n  LATEST_BY_OFFSET(O.KSQLTIMEFRAMECLOSE) KSQLTIMEFRAMECLOSE\nFROM BAR_1S_FINAL_S O\nWINDOW TUMBLING ( SIZE 15 MINUTES , GRACE PERIOD 4 SECONDS ) \nGROUP BY O.BROKER, O.SYMBOL\nEMIT CHANGES;","sinks":["BAR_15M_LIVE"],"sinkKafkaTopics":["bar_15m_live"],"id":"CTAS_BAR_15M_LIVE_109","statusCount":{"RUNNING":1},"queryType":"PERSISTENT","state":"RUNNING"},{"queryString":"CREATE TABLE BAR_1S_FINAL WITH (CLEANUP_POLICY='compact,delete', KAFKA_TOPIC='bar_1s_final', KEY_FORMAT='AVRO', PARTITIONS=1, REPLICAS=1, RETENTION_MS=604800000, VALUE_FORMAT='AVRO') AS SELECT\n  O.BROKER BROKER,\n  O.SYMBOL SYMBOL,\n  WINDOWSTART BUCKETSTART,\n  EARLIEST_BY_OFFSET(O.BID) OPEN,\n  MAX(O.BID) HIGH,\n  MIN(O.BID) LOW,\n  LATEST_BY_OFFSET(O.BID) KSQLTIMEFRAMECLOSE\nFROM DEDUPRATES O\nWINDOW TUMBLING ( SIZE 1 SECONDS ) \nGROUP BY O.BROKER, O.SYMBOL\nEMIT FINAL;","sinks":["BAR_1S_FINAL"],"sinkKafkaTopics":["bar_1s_final"],"id":"CTAS_BAR_1S_FINAL_97","statusCount":{"RUNNING":1},"queryType":"PERSISTENT","state":"RUNNING"},{"queryString":"CREATE TABLE BAR1WKFINAL_1S_FINAL WITH (CLEANUP_POLICY='compact,delete', KAFKA_TOPIC='bar1wkfinal_1s_final', KEY_FORMAT='AVRO', PARTITIONS=1, REPLICAS=1, RETENTION_MS=604800000, VALUE_FORMAT='AVRO') AS SELECT\n  O.BROKER BROKER,\n  O.SYMBOL SYMBOL,\n  WINDOWSTART BUCKETSTART,\n  EARLIEST_BY_OFFSET(O.BID) OPEN,\n  MAX(O.BID) HIGH,\n  MIN(O.BID) LOW,\n  LATEST_BY_OFFSET(O.BID) KSQLTIMEFRAMECLOSE\nFROM DEDUPRATES O\nWINDOW TUMBLING ( SIZE 1 SECONDS ) \nGROUP BY O.BROKER, O.SYMBOL\nEMIT FINAL;","sinks":["BAR1WKFINAL_1S_FINAL"],"sinkKafkaTopics":["bar1wkfinal_1s_final"],"id":"CTAS_BAR1WKFINAL_1S_FINAL_119","statusCount":{"RUNNING":1},"queryType":"PERSISTENT","state":"RUNNING"},{"queryString":"CREATE TABLE BAR1WKFINAL_7D_LIVE WITH (CLEANUP_POLICY='compact,delete', KAFKA_TOPIC='bar1wkfinal_7d_live', KEY_FORMAT='AVRO', PARTITIONS=1, REPLICAS=1, RETENTION_MS=604800000, VALUE_FORMAT='AVRO') AS SELECT\n  O.BROKER BROKER,\n  O.SYMBOL SYMBOL,\n  WINDOWSTART BUCKETSTART,\n  EARLIEST_BY_OFFSET(O.OPEN) OPEN,\n  MAX(O.HIGH) HIGH,\n  MIN(O.LOW) LOW,\n  LATEST_BY_OFFSET(O.KSQLTIMEFRAMECLOSE) KSQLTIMEFRAMECLOSE\nFROM BAR1WKFINAL_1S_FINAL_S O\nWINDOW TUMBLING ( SIZE 7 DAYS , GRACE PERIOD 2 SECONDS ) \nGROUP BY O.BROKER, O.SYMBOL\nEMIT CHANGES;","sinks":["BAR1WKFINAL_7D_LIVE"],"sinkKafkaTopics":["bar1wkfinal_7d_live"],"id":"CTAS_BAR1WKFINAL_7D_LIVE_123","statusCount":{"RUNNING":1},"queryType":"PERSISTENT","state":"RUNNING"},{"queryString":"CREATE TABLE BAR_60M_LIVE WITH (CLEANUP_POLICY='compact,delete', KAFKA_TOPIC='bar_60m_live', KEY_FORMAT='AVRO', PARTITIONS=1, REPLICAS=1, RETENTION_MS=604800000, VALUE_FORMAT='AVRO') AS SELECT\n  O.BROKER BROKER,\n  O.SYMBOL SYMBOL,\n  WINDOWSTART BUCKETSTART,\n  EARLIEST_BY_OFFSET(O.OPEN) OPEN,\n  MAX(O.HIGH) HIGH,\n  MIN(O.LOW) LOW,\n  LATEST_BY_OFFSET(O.KSQLTIMEFRAMECLOSE) KSQLTIMEFRAMECLOSE\nFROM BAR_1S_FINAL_S O\nWINDOW TUMBLING ( SIZE 60 MINUTES , GRACE PERIOD 5 SECONDS ) \nGROUP BY O.BROKER, O.SYMBOL\nEMIT CHANGES;","sinks":["BAR_60M_LIVE"],"sinkKafkaTopics":["bar_60m_live"],"id":"CTAS_BAR_60M_LIVE_111","statusCount":{"RUNNING":1},"queryType":"PERSISTENT","state":"RUNNING"},{"queryString":"CREATE TABLE BAR_TBIMP_1M_LIVE WITH (CLEANUP_POLICY='compact,delete', KAFKA_TOPIC='bar_tbimp_1m_live', KEY_FORMAT='AVRO', PARTITIONS=1, REPLICAS=1, RETENTION_MS=604800000, VALUE_FORMAT='AVRO') AS SELECT\n  O.BROKER BROKER,\n  O.SYMBOL SYMBOL,\n  WINDOWSTART BUCKETSTART,\n  EARLIEST_BY_OFFSET(O.OPEN) OPEN,\n  MAX(O.HIGH) HIGH,\n  MIN(O.LOW) LOW,\n  LATEST_BY_OFFSET(O.CLOSE) CLOSE\nFROM BAR_TBIMP_1S_FINAL_S O\nWINDOW TUMBLING ( SIZE 1 MINUTES , GRACE PERIOD 2 SECONDS ) \nGROUP BY O.BROKER, O.SYMBOL\nEMIT CHANGES;","sinks":["BAR_TBIMP_1M_LIVE"],"sinkKafkaTopics":["bar_tbimp_1m_live"],"id":"CTAS_BAR_TBIMP_1M_LIVE_89","statusCount":{"RUNNING":1},"queryType":"PERSISTENT","state":"RUNNING"},{"queryString":"CREATE TABLE BAR_5M_LIVE WITH (CLEANUP_POLICY='compact,delete', KAFKA_TOPIC='bar_5m_live', KEY_FORMAT='AVRO', PARTITIONS=1, REPLICAS=1, RETENTION_MS=604800000, VALUE_FORMAT='AVRO') AS SELECT\n  O.BROKER BROKER,\n  O.SYMBOL SYMBOL,\n  WINDOWSTART BUCKETSTART,\n  EARLIEST_BY_OFFSET(O.OPEN) OPEN,\n  MAX(O.HIGH) HIGH,\n  MIN(O.LOW) LOW,\n  LATEST_BY_OFFSET(O.KSQLTIMEFRAMECLOSE) KSQLTIMEFRAMECLOSE\nFROM BAR_1S_FINAL_S O\nWINDOW TUMBLING ( SIZE 5 MINUTES , GRACE PERIOD 3 SECONDS ) \nGROUP BY O.BROKER, O.SYMBOL\nEMIT CHANGES;","sinks":["BAR_5M_LIVE"],"sinkKafkaTopics":["bar_5m_live"],"id":"CTAS_BAR_5M_LIVE_103","statusCount":{"RUNNING":1},"queryType":"PERSISTENT","state":"RUNNING"},{"queryString":"CREATE TABLE BAR_TBIMP_5M_LIVE WITH (CLEANUP_POLICY='compact,delete', KAFKA_TOPIC='bar_tbimp_5m_live', KEY_FORMAT='AVRO', PARTITIONS=1, REPLICAS=1, RETENTION_MS=604800000, VALUE_FORMAT='AVRO') AS SELECT\n  O.BROKER BROKER,\n  O.SYMBOL SYMBOL,\n  WINDOWSTART BUCKETSTART,\n  EARLIEST_BY_OFFSET(O.OPEN) OPEN,\n  MAX(O.HIGH) HIGH,\n  MIN(O.LOW) LOW,\n  LATEST_BY_OFFSET(O.CLOSE) CLOSE\nFROM BAR_TBIMP_1S_FINAL_S O\nWINDOW TUMBLING ( SIZE 5 MINUTES , GRACE PERIOD 3 SECONDS ) \nGROUP BY O.BROKER, O.SYMBOL\nEMIT CHANGES;","sinks":["BAR_TBIMP_5M_LIVE"],"sinkKafkaTopics":["bar_tbimp_5m_live"],"id":"CTAS_BAR_TBIMP_5M_LIVE_91","statusCount":{"RUNNING":1},"queryType":"PERSISTENT","state":"RUNNING"},{"queryString":"CREATE TABLE BAR_1M_LIVE WITH (CLEANUP_POLICY='compact,delete', KAFKA_TOPIC='bar_1m_live', KEY_FORMAT='AVRO', PARTITIONS=1, REPLICAS=1, RETENTION_MS=604800000, VALUE_FORMAT='AVRO') AS SELECT\n  O.BROKER BROKER,\n  O.SYMBOL SYMBOL,\n  WINDOWSTART BUCKETSTART,\n  EARLIEST_BY_OFFSET(O.OPEN) OPEN,\n  MAX(O.HIGH) HIGH,\n  MIN(O.LOW) LOW,\n  LATEST_BY_OFFSET(O.KSQLTIMEFRAMECLOSE) KSQLTIMEFRAMECLOSE\nFROM BAR_1S_FINAL_S O\nWINDOW TUMBLING ( SIZE 1 MINUTES , GRACE PERIOD 2 SECONDS ) \nGROUP BY O.BROKER, O.SYMBOL\nEMIT CHANGES;","sinks":["BAR_1M_LIVE"],"sinkKafkaTopics":["bar_1m_live"],"id":"CTAS_BAR_1M_LIVE_101","statusCount":{"RUNNING":1},"queryType":"PERSISTENT","state":"RUNNING"},{"queryString":"CREATE TABLE BAR_TBIMP_1S_FINAL WITH (CLEANUP_POLICY='compact,delete', KAFKA_TOPIC='bar_tbimp_1s_final', KEY_FORMAT='AVRO', PARTITIONS=1, REPLICAS=1, RETENTION_MS=604800000, VALUE_FORMAT='AVRO') AS SELECT\n  O.BROKER BROKER,\n  O.SYMBOL SYMBOL,\n  WINDOWSTART BUCKETSTART,\n  EARLIEST_BY_OFFSET(O.BID) OPEN,\n  MAX(O.BID) HIGH,\n  MIN(O.BID) LOW,\n  LATEST_BY_OFFSET(O.BID) CLOSE\nFROM TICKS_TBIMP O\nWINDOW TUMBLING ( SIZE 1 SECONDS ) \nGROUP BY O.BROKER, O.SYMBOL\nEMIT FINAL;","sinks":["BAR_TBIMP_1S_FINAL"],"sinkKafkaTopics":["bar_tbimp_1s_final"],"id":"CTAS_BAR_TBIMP_1S_FINAL_85","statusCount":{"RUNNING":1},"queryType":"PERSISTENT","state":"RUNNING"}],"warnings":[]}]&#xD;
warn: Kafka.Ksql.Linq.KsqlContext[0]&#xD;
      SHOW QUERIES attempt 4 did not contain a matching query for bar1wkfinal_1s_final&#xD;
info: Kafka.Ksql.Linq.KsqlContext[0]&#xD;
      ksql execute: EXECUTE SQL=SHOW QUERIES;&#xD;
info: Kafka.Ksql.Linq.KsqlContext[0]&#xD;
      SHOW QUERIES output (attempt 5): [{"@type":"queries","statementText":"SHOW QUERIES;","queries":[{"queryString":"CREATE TABLE BAR_15M_LIVE WITH (CLEANUP_POLICY='compact,delete', KAFKA_TOPIC='bar_15m_live', KEY_FORMAT='AVRO', PARTITIONS=1, REPLICAS=1, RETENTION_MS=604800000, VALUE_FORMAT='AVRO') AS SELECT\n  O.BROKER BROKER,\n  O.SYMBOL SYMBOL,\n  WINDOWSTART BUCKETSTART,\n  EARLIEST_BY_OFFSET(O.OPEN) OPEN,\n  MAX(O.HIGH) HIGH,\n  MIN(O.LOW) LOW,\n  LATEST_BY_OFFSET(O.KSQLTIMEFRAMECLOSE) KSQLTIMEFRAMECLOSE\nFROM BAR_1S_FINAL_S O\nWINDOW TUMBLING ( SIZE 15 MINUTES , GRACE PERIOD 4 SECONDS ) \nGROUP BY O.BROKER, O.SYMBOL\nEMIT CHANGES;","sinks":["BAR_15M_LIVE"],"sinkKafkaTopics":["bar_15m_live"],"id":"CTAS_BAR_15M_LIVE_109","statusCount":{"RUNNING":1},"queryType":"PERSISTENT","state":"RUNNING"},{"queryString":"CREATE TABLE BAR_1S_FINAL WITH (CLEANUP_POLICY='compact,delete', KAFKA_TOPIC='bar_1s_final', KEY_FORMAT='AVRO', PARTITIONS=1, REPLICAS=1, RETENTION_MS=604800000, VALUE_FORMAT='AVRO') AS SELECT\n  O.BROKER BROKER,\n  O.SYMBOL SYMBOL,\n  WINDOWSTART BUCKETSTART,\n  EARLIEST_BY_OFFSET(O.BID) OPEN,\n  MAX(O.BID) HIGH,\n  MIN(O.BID) LOW,\n  LATEST_BY_OFFSET(O.BID) KSQLTIMEFRAMECLOSE\nFROM DEDUPRATES O\nWINDOW TUMBLING ( SIZE 1 SECONDS ) \nGROUP BY O.BROKER, O.SYMBOL\nEMIT FINAL;","sinks":["BAR_1S_FINAL"],"sinkKafkaTopics":["bar_1s_final"],"id":"CTAS_BAR_1S_FINAL_97","statusCount":{"RUNNING":1},"queryType":"PERSISTENT","state":"RUNNING"},{"queryString":"CREATE TABLE BAR1WKFINAL_1S_FINAL WITH (CLEANUP_POLICY='compact,delete', KAFKA_TOPIC='bar1wkfinal_1s_final', KEY_FORMAT='AVRO', PARTITIONS=1, REPLICAS=1, RETENTION_MS=604800000, VALUE_FORMAT='AVRO') AS SELECT\n  O.BROKER BROKER,\n  O.SYMBOL SYMBOL,\n  WINDOWSTART BUCKETSTART,\n  EARLIEST_BY_OFFSET(O.BID) OPEN,\n  MAX(O.BID) HIGH,\n  MIN(O.BID) LOW,\n  LATEST_BY_OFFSET(O.BID) KSQLTIMEFRAMECLOSE\nFROM DEDUPRATES O\nWINDOW TUMBLING ( SIZE 1 SECONDS ) \nGROUP BY O.BROKER, O.SYMBOL\nEMIT FINAL;","sinks":["BAR1WKFINAL_1S_FINAL"],"sinkKafkaTopics":["bar1wkfinal_1s_final"],"id":"CTAS_BAR1WKFINAL_1S_FINAL_119","statusCount":{"RUNNING":1},"queryType":"PERSISTENT","state":"RUNNING"},{"queryString":"CREATE TABLE BAR1WKFINAL_7D_LIVE WITH (CLEANUP_POLICY='compact,delete', KAFKA_TOPIC='bar1wkfinal_7d_live', KEY_FORMAT='AVRO', PARTITIONS=1, REPLICAS=1, RETENTION_MS=604800000, VALUE_FORMAT='AVRO') AS SELECT\n  O.BROKER BROKER,\n  O.SYMBOL SYMBOL,\n  WINDOWSTART BUCKETSTART,\n  EARLIEST_BY_OFFSET(O.OPEN) OPEN,\n  MAX(O.HIGH) HIGH,\n  MIN(O.LOW) LOW,\n  LATEST_BY_OFFSET(O.KSQLTIMEFRAMECLOSE) KSQLTIMEFRAMECLOSE\nFROM BAR1WKFINAL_1S_FINAL_S O\nWINDOW TUMBLING ( SIZE 7 DAYS , GRACE PERIOD 2 SECONDS ) \nGROUP BY O.BROKER, O.SYMBOL\nEMIT CHANGES;","sinks":["BAR1WKFINAL_7D_LIVE"],"sinkKafkaTopics":["bar1wkfinal_7d_live"],"id":"CTAS_BAR1WKFINAL_7D_LIVE_123","statusCount":{"RUNNING":1},"queryType":"PERSISTENT","state":"RUNNING"},{"queryString":"CREATE TABLE BAR_60M_LIVE WITH (CLEANUP_POLICY='compact,delete', KAFKA_TOPIC='bar_60m_live', KEY_FORMAT='AVRO', PARTITIONS=1, REPLICAS=1, RETENTION_MS=604800000, VALUE_FORMAT='AVRO') AS SELECT\n  O.BROKER BROKER,\n  O.SYMBOL SYMBOL,\n  WINDOWSTART BUCKETSTART,\n  EARLIEST_BY_OFFSET(O.OPEN) OPEN,\n  MAX(O.HIGH) HIGH,\n  MIN(O.LOW) LOW,\n  LATEST_BY_OFFSET(O.KSQLTIMEFRAMECLOSE) KSQLTIMEFRAMECLOSE\nFROM BAR_1S_FINAL_S O\nWINDOW TUMBLING ( SIZE 60 MINUTES , GRACE PERIOD 5 SECONDS ) \nGROUP BY O.BROKER, O.SYMBOL\nEMIT CHANGES;","sinks":["BAR_60M_LIVE"],"sinkKafkaTopics":["bar_60m_live"],"id":"CTAS_BAR_60M_LIVE_111","statusCount":{"RUNNING":1},"queryType":"PERSISTENT","state":"RUNNING"},{"queryString":"CREATE TABLE BAR_TBIMP_1M_LIVE WITH (CLEANUP_POLICY='compact,delete', KAFKA_TOPIC='bar_tbimp_1m_live', KEY_FORMAT='AVRO', PARTITIONS=1, REPLICAS=1, RETENTION_MS=604800000, VALUE_FORMAT='AVRO') AS SELECT\n  O.BROKER BROKER,\n  O.SYMBOL SYMBOL,\n  WINDOWSTART BUCKETSTART,\n  EARLIEST_BY_OFFSET(O.OPEN) OPEN,\n  MAX(O.HIGH) HIGH,\n  MIN(O.LOW) LOW,\n  LATEST_BY_OFFSET(O.CLOSE) CLOSE\nFROM BAR_TBIMP_1S_FINAL_S O\nWINDOW TUMBLING ( SIZE 1 MINUTES , GRACE PERIOD 2 SECONDS ) \nGROUP BY O.BROKER, O.SYMBOL\nEMIT CHANGES;","sinks":["BAR_TBIMP_1M_LIVE"],"sinkKafkaTopics":["bar_tbimp_1m_live"],"id":"CTAS_BAR_TBIMP_1M_LIVE_89","statusCount":{"RUNNING":1},"queryType":"PERSISTENT","state":"RUNNING"},{"queryString":"CREATE TABLE BAR_5M_LIVE WITH (CLEANUP_POLICY='compact,delete', KAFKA_TOPIC='bar_5m_live', KEY_FORMAT='AVRO', PARTITIONS=1, REPLICAS=1, RETENTION_MS=604800000, VALUE_FORMAT='AVRO') AS SELECT\n  O.BROKER BROKER,\n  O.SYMBOL SYMBOL,\n  WINDOWSTART BUCKETSTART,\n  EARLIEST_BY_OFFSET(O.OPEN) OPEN,\n  MAX(O.HIGH) HIGH,\n  MIN(O.LOW) LOW,\n  LATEST_BY_OFFSET(O.KSQLTIMEFRAMECLOSE) KSQLTIMEFRAMECLOSE\nFROM BAR_1S_FINAL_S O\nWINDOW TUMBLING ( SIZE 5 MINUTES , GRACE PERIOD 3 SECONDS ) \nGROUP BY O.BROKER, O.SYMBOL\nEMIT CHANGES;","sinks":["BAR_5M_LIVE"],"sinkKafkaTopics":["bar_5m_live"],"id":"CTAS_BAR_5M_LIVE_103","statusCount":{"RUNNING":1},"queryType":"PERSISTENT","state":"RUNNING"},{"queryString":"CREATE TABLE BAR_TBIMP_5M_LIVE WITH (CLEANUP_POLICY='compact,delete', KAFKA_TOPIC='bar_tbimp_5m_live', KEY_FORMAT='AVRO', PARTITIONS=1, REPLICAS=1, RETENTION_MS=604800000, VALUE_FORMAT='AVRO') AS SELECT\n  O.BROKER BROKER,\n  O.SYMBOL SYMBOL,\n  WINDOWSTART BUCKETSTART,\n  EARLIEST_BY_OFFSET(O.OPEN) OPEN,\n  MAX(O.HIGH) HIGH,\n  MIN(O.LOW) LOW,\n  LATEST_BY_OFFSET(O.CLOSE) CLOSE\nFROM BAR_TBIMP_1S_FINAL_S O\nWINDOW TUMBLING ( SIZE 5 MINUTES , GRACE PERIOD 3 SECONDS ) \nGROUP BY O.BROKER, O.SYMBOL\nEMIT CHANGES;","sinks":["BAR_TBIMP_5M_LIVE"],"sinkKafkaTopics":["bar_tbimp_5m_live"],"id":"CTAS_BAR_TBIMP_5M_LIVE_91","statusCount":{"RUNNING":1},"queryType":"PERSISTENT","state":"RUNNING"},{"queryString":"CREATE TABLE BAR_1M_LIVE WITH (CLEANUP_POLICY='compact,delete', KAFKA_TOPIC='bar_1m_live', KEY_FORMAT='AVRO', PARTITIONS=1, REPLICAS=1, RETENTION_MS=604800000, VALUE_FORMAT='AVRO') AS SELECT\n  O.BROKER BROKER,\n  O.SYMBOL SYMBOL,\n  WINDOWSTART BUCKETSTART,\n  EARLIEST_BY_OFFSET(O.OPEN) OPEN,\n  MAX(O.HIGH) HIGH,\n  MIN(O.LOW) LOW,\n  LATEST_BY_OFFSET(O.KSQLTIMEFRAMECLOSE) KSQLTIMEFRAMECLOSE\nFROM BAR_1S_FINAL_S O\nWINDOW TUMBLING ( SIZE 1 MINUTES , GRACE PERIOD 2 SECONDS ) \nGROUP BY O.BROKER, O.SYMBOL\nEMIT CHANGES;","sinks":["BAR_1M_LIVE"],"sinkKafkaTopics":["bar_1m_live"],"id":"CTAS_BAR_1M_LIVE_101","statusCount":{"RUNNING":1},"queryType":"PERSISTENT","state":"RUNNING"},{"queryString":"CREATE TABLE BAR_TBIMP_1S_FINAL WITH (CLEANUP_POLICY='compact,delete', KAFKA_TOPIC='bar_tbimp_1s_final', KEY_FORMAT='AVRO', PARTITIONS=1, REPLICAS=1, RETENTION_MS=604800000, VALUE_FORMAT='AVRO') AS SELECT\n  O.BROKER BROKER,\n  O.SYMBOL SYMBOL,\n  WINDOWSTART BUCKETSTART,\n  EARLIEST_BY_OFFSET(O.BID) OPEN,\n  MAX(O.BID) HIGH,\n  MIN(O.BID) LOW,\n  LATEST_BY_OFFSET(O.BID) CLOSE\nFROM TICKS_TBIMP O\nWINDOW TUMBLING ( SIZE 1 SECONDS ) \nGROUP BY O.BROKER, O.SYMBOL\nEMIT FINAL;","sinks":["BAR_TBIMP_1S_FINAL"],"sinkKafkaTopics":["bar_tbimp_1s_final"],"id":"CTAS_BAR_TBIMP_1S_FINAL_85","statusCount":{"RUNNING":1},"queryType":"PERSISTENT","state":"RUNNING"}],"warnings":[]}]&#xD;
warn: Kafka.Ksql.Linq.KsqlContext[0]&#xD;
      SHOW QUERIES attempt 5 did not contain a matching query for bar1wkfinal_1s_final&#xD;
warn: Kafka.Ksql.Linq.KsqlContext[0]&#xD;
      Unable to locate queryId for bar1wkfinal_1s_final after 5 attempts&#xD;
warn: Kafka.Ksql.Linq.KsqlContext[0]&#xD;
      Could not locate queryId via SHOW QUERIES for derived statement targeting bar1wkfinal_1s_final: CREATE TABLE bar1wkfinal_1s_final  WITH (KAFKA_TOPIC='bar1wkfinal_1s_final', KEY_FORMAT='AVRO', VALUE_FORMAT='AVRO') AS&#xD;
      SELECT BROKER AS Broker, SYMBOL AS Symbol, WINDOWSTART AS BucketStart, EARLIEST_BY_OFFSET(Bid) AS Open, MAX(Bid) AS High, MIN(Bid) AS Low, LATEST_BY_OFFSET(Bid) AS KsqlTimeFrameClose&#xD;
      FROM DEDUPRATES o WINDOW TUMBLING (SIZE 1 SECONDS)&#xD;
      GROUP BY BROKER, SYMBOL&#xD;
      EMIT FINAL;&#xD;
info: Kafka.Ksql.Linq.KsqlContext[0]&#xD;
      ksql execute: EXECUTE SQL=SHOW QUERIES;&#xD;
info: Kafka.Ksql.Linq.KsqlContext[0]&#xD;
      SHOW QUERIES output (attempt 1): [{"@type":"queries","statementText":"SHOW QUERIES;","queries":[{"queryString":"CREATE TABLE BAR_15M_LIVE WITH (CLEANUP_POLICY='compact,delete', KAFKA_TOPIC='bar_15m_live', KEY_FORMAT='AVRO', PARTITIONS=1, REPLICAS=1, RETENTION_MS=604800000, VALUE_FORMAT='AVRO') AS SELECT\n  O.BROKER BROKER,\n  O.SYMBOL SYMBOL,\n  WINDOWSTART BUCKETSTART,\n  EARLIEST_BY_OFFSET(O.OPEN) OPEN,\n  MAX(O.HIGH) HIGH,\n  MIN(O.LOW) LOW,\n  LATEST_BY_OFFSET(O.KSQLTIMEFRAMECLOSE) KSQLTIMEFRAMECLOSE\nFROM BAR_1S_FINAL_S O\nWINDOW TUMBLING ( SIZE 15 MINUTES , GRACE PERIOD 4 SECONDS ) \nGROUP BY O.BROKER, O.SYMBOL\nEMIT CHANGES;","sinks":["BAR_15M_LIVE"],"sinkKafkaTopics":["bar_15m_live"],"id":"CTAS_BAR_15M_LIVE_109","statusCount":{"RUNNING":1},"queryType":"PERSISTENT","state":"RUNNING"},{"queryString":"CREATE TABLE BAR_1S_FINAL WITH (CLEANUP_POLICY='compact,delete', KAFKA_TOPIC='bar_1s_final', KEY_FORMAT='AVRO', PARTITIONS=1, REPLICAS=1, RETENTION_MS=604800000, VALUE_FORMAT='AVRO') AS SELECT\n  O.BROKER BROKER,\n  O.SYMBOL SYMBOL,\n  WINDOWSTART BUCKETSTART,\n  EARLIEST_BY_OFFSET(O.BID) OPEN,\n  MAX(O.BID) HIGH,\n  MIN(O.BID) LOW,\n  LATEST_BY_OFFSET(O.BID) KSQLTIMEFRAMECLOSE\nFROM DEDUPRATES O\nWINDOW TUMBLING ( SIZE 1 SECONDS ) \nGROUP BY O.BROKER, O.SYMBOL\nEMIT FINAL;","sinks":["BAR_1S_FINAL"],"sinkKafkaTopics":["bar_1s_final"],"id":"CTAS_BAR_1S_FINAL_97","statusCount":{"RUNNING":1},"queryType":"PERSISTENT","state":"RUNNING"},{"queryString":"CREATE TABLE BAR1WKFINAL_1S_FINAL WITH (CLEANUP_POLICY='compact,delete', KAFKA_TOPIC='bar1wkfinal_1s_final', KEY_FORMAT='AVRO', PARTITIONS=1, REPLICAS=1, RETENTION_MS=604800000, VALUE_FORMAT='AVRO') AS SELECT\n  O.BROKER BROKER,\n  O.SYMBOL SYMBOL,\n  WINDOWSTART BUCKETSTART,\n  EARLIEST_BY_OFFSET(O.BID) OPEN,\n  MAX(O.BID) HIGH,\n  MIN(O.BID) LOW,\n  LATEST_BY_OFFSET(O.BID) KSQLTIMEFRAMECLOSE\nFROM DEDUPRATES O\nWINDOW TUMBLING ( SIZE 1 SECONDS ) \nGROUP BY O.BROKER, O.SYMBOL\nEMIT FINAL;","sinks":["BAR1WKFINAL_1S_FINAL"],"sinkKafkaTopics":["bar1wkfinal_1s_final"],"id":"CTAS_BAR1WKFINAL_1S_FINAL_119","statusCount":{"RUNNING":1},"queryType":"PERSISTENT","state":"RUNNING"},{"queryString":"CREATE TABLE BAR1WKFINAL_7D_LIVE WITH (CLEANUP_POLICY='compact,delete', KAFKA_TOPIC='bar1wkfinal_7d_live', KEY_FORMAT='AVRO', PARTITIONS=1, REPLICAS=1, RETENTION_MS=604800000, VALUE_FORMAT='AVRO') AS SELECT\n  O.BROKER BROKER,\n  O.SYMBOL SYMBOL,\n  WINDOWSTART BUCKETSTART,\n  EARLIEST_BY_OFFSET(O.OPEN) OPEN,\n  MAX(O.HIGH) HIGH,\n  MIN(O.LOW) LOW,\n  LATEST_BY_OFFSET(O.KSQLTIMEFRAMECLOSE) KSQLTIMEFRAMECLOSE\nFROM BAR1WKFINAL_1S_FINAL_S O\nWINDOW TUMBLING ( SIZE 7 DAYS , GRACE PERIOD 2 SECONDS ) \nGROUP BY O.BROKER, O.SYMBOL\nEMIT CHANGES;","sinks":["BAR1WKFINAL_7D_LIVE"],"sinkKafkaTopics":["bar1wkfinal_7d_live"],"id":"CTAS_BAR1WKFINAL_7D_LIVE_123","statusCount":{"RUNNING":1},"queryType":"PERSISTENT","state":"RUNNING"},{"queryString":"CREATE TABLE BAR_60M_LIVE WITH (CLEANUP_POLICY='compact,delete', KAFKA_TOPIC='bar_60m_live', KEY_FORMAT='AVRO', PARTITIONS=1, REPLICAS=1, RETENTION_MS=604800000, VALUE_FORMAT='AVRO') AS SELECT\n  O.BROKER BROKER,\n  O.SYMBOL SYMBOL,\n  WINDOWSTART BUCKETSTART,\n  EARLIEST_BY_OFFSET(O.OPEN) OPEN,\n  MAX(O.HIGH) HIGH,\n  MIN(O.LOW) LOW,\n  LATEST_BY_OFFSET(O.KSQLTIMEFRAMECLOSE) KSQLTIMEFRAMECLOSE\nFROM BAR_1S_FINAL_S O\nWINDOW TUMBLING ( SIZE 60 MINUTES , GRACE PERIOD 5 SECONDS ) \nGROUP BY O.BROKER, O.SYMBOL\nEMIT CHANGES;","sinks":["BAR_60M_LIVE"],"sinkKafkaTopics":["bar_60m_live"],"id":"CTAS_BAR_60M_LIVE_111","statusCount":{"RUNNING":1},"queryType":"PERSISTENT","state":"RUNNING"},{"queryString":"CREATE TABLE BAR_TBIMP_1M_LIVE WITH (CLEANUP_POLICY='compact,delete', KAFKA_TOPIC='bar_tbimp_1m_live', KEY_FORMAT='AVRO', PARTITIONS=1, REPLICAS=1, RETENTION_MS=604800000, VALUE_FORMAT='AVRO') AS SELECT\n  O.BROKER BROKER,\n  O.SYMBOL SYMBOL,\n  WINDOWSTART BUCKETSTART,\n  EARLIEST_BY_OFFSET(O.OPEN) OPEN,\n  MAX(O.HIGH) HIGH,\n  MIN(O.LOW) LOW,\n  LATEST_BY_OFFSET(O.CLOSE) CLOSE\nFROM BAR_TBIMP_1S_FINAL_S O\nWINDOW TUMBLING ( SIZE 1 MINUTES , GRACE PERIOD 2 SECONDS ) \nGROUP BY O.BROKER, O.SYMBOL\nEMIT CHANGES;","sinks":["BAR_TBIMP_1M_LIVE"],"sinkKafkaTopics":["bar_tbimp_1m_live"],"id":"CTAS_BAR_TBIMP_1M_LIVE_89","statusCount":{"RUNNING":1},"queryType":"PERSISTENT","state":"RUNNING"},{"queryString":"CREATE TABLE BAR_5M_LIVE WITH (CLEANUP_POLICY='compact,delete', KAFKA_TOPIC='bar_5m_live', KEY_FORMAT='AVRO', PARTITIONS=1, REPLICAS=1, RETENTION_MS=604800000, VALUE_FORMAT='AVRO') AS SELECT\n  O.BROKER BROKER,\n  O.SYMBOL SYMBOL,\n  WINDOWSTART BUCKETSTART,\n  EARLIEST_BY_OFFSET(O.OPEN) OPEN,\n  MAX(O.HIGH) HIGH,\n  MIN(O.LOW) LOW,\n  LATEST_BY_OFFSET(O.KSQLTIMEFRAMECLOSE) KSQLTIMEFRAMECLOSE\nFROM BAR_1S_FINAL_S O\nWINDOW TUMBLING ( SIZE 5 MINUTES , GRACE PERIOD 3 SECONDS ) \nGROUP BY O.BROKER, O.SYMBOL\nEMIT CHANGES;","sinks":["BAR_5M_LIVE"],"sinkKafkaTopics":["bar_5m_live"],"id":"CTAS_BAR_5M_LIVE_103","statusCount":{"RUNNING":1},"queryType":"PERSISTENT","state":"RUNNING"},{"queryString":"CREATE TABLE BAR_TBIMP_5M_LIVE WITH (CLEANUP_POLICY='compact,delete', KAFKA_TOPIC='bar_tbimp_5m_live', KEY_FORMAT='AVRO', PARTITIONS=1, REPLICAS=1, RETENTION_MS=604800000, VALUE_FORMAT='AVRO') AS SELECT\n  O.BROKER BROKER,\n  O.SYMBOL SYMBOL,\n  WINDOWSTART BUCKETSTART,\n  EARLIEST_BY_OFFSET(O.OPEN) OPEN,\n  MAX(O.HIGH) HIGH,\n  MIN(O.LOW) LOW,\n  LATEST_BY_OFFSET(O.CLOSE) CLOSE\nFROM BAR_TBIMP_1S_FINAL_S O\nWINDOW TUMBLING ( SIZE 5 MINUTES , GRACE PERIOD 3 SECONDS ) \nGROUP BY O.BROKER, O.SYMBOL\nEMIT CHANGES;","sinks":["BAR_TBIMP_5M_LIVE"],"sinkKafkaTopics":["bar_tbimp_5m_live"],"id":"CTAS_BAR_TBIMP_5M_LIVE_91","statusCount":{"RUNNING":1},"queryType":"PERSISTENT","state":"RUNNING"},{"queryString":"CREATE TABLE BAR_1M_LIVE WITH (CLEANUP_POLICY='compact,delete', KAFKA_TOPIC='bar_1m_live', KEY_FORMAT='AVRO', PARTITIONS=1, REPLICAS=1, RETENTION_MS=604800000, VALUE_FORMAT='AVRO') AS SELECT\n  O.BROKER BROKER,\n  O.SYMBOL SYMBOL,\n  WINDOWSTART BUCKETSTART,\n  EARLIEST_BY_OFFSET(O.OPEN) OPEN,\n  MAX(O.HIGH) HIGH,\n  MIN(O.LOW) LOW,\n  LATEST_BY_OFFSET(O.KSQLTIMEFRAMECLOSE) KSQLTIMEFRAMECLOSE\nFROM BAR_1S_FINAL_S O\nWINDOW TUMBLING ( SIZE 1 MINUTES , GRACE PERIOD 2 SECONDS ) \nGROUP BY O.BROKER, O.SYMBOL\nEMIT CHANGES;","sinks":["BAR_1M_LIVE"],"sinkKafkaTopics":["bar_1m_live"],"id":"CTAS_BAR_1M_LIVE_101","statusCount":{"RUNNING":1},"queryType":"PERSISTENT","state":"RUNNING"},{"queryString":"CREATE TABLE BAR_TBIMP_1S_FINAL WITH (CLEANUP_POLICY='compact,delete', KAFKA_TOPIC='bar_tbimp_1s_final', KEY_FORMAT='AVRO', PARTITIONS=1, REPLICAS=1, RETENTION_MS=604800000, VALUE_FORMAT='AVRO') AS SELECT\n  O.BROKER BROKER,\n  O.SYMBOL SYMBOL,\n  WINDOWSTART BUCKETSTART,\n  EARLIEST_BY_OFFSET(O.BID) OPEN,\n  MAX(O.BID) HIGH,\n  MIN(O.BID) LOW,\n  LATEST_BY_OFFSET(O.BID) CLOSE\nFROM TICKS_TBIMP O\nWINDOW TUMBLING ( SIZE 1 SECONDS ) \nGROUP BY O.BROKER, O.SYMBOL\nEMIT FINAL;","sinks":["BAR_TBIMP_1S_FINAL"],"sinkKafkaTopics":["bar_tbimp_1s_final"],"id":"CTAS_BAR_TBIMP_1S_FINAL_85","statusCount":{"RUNNING":1},"queryType":"PERSISTENT","state":"RUNNING"}],"warnings":[]}]&#xD;
warn: Kafka.Ksql.Linq.KsqlContext[0]&#xD;
      SHOW QUERIES attempt 1 did not contain a matching query for bar1wkfinal_7d_live&#xD;
info: Kafka.Ksql.Linq.KsqlContext[0]&#xD;
      ksql execute: EXECUTE SQL=SHOW QUERIES;&#xD;
info: Kafka.Ksql.Linq.KsqlContext[0]&#xD;
      SHOW QUERIES output (attempt 2): [{"@type":"queries","statementText":"SHOW QUERIES;","queries":[{"queryString":"CREATE TABLE BAR_15M_LIVE WITH (CLEANUP_POLICY='compact,delete', KAFKA_TOPIC='bar_15m_live', KEY_FORMAT='AVRO', PARTITIONS=1, REPLICAS=1, RETENTION_MS=604800000, VALUE_FORMAT='AVRO') AS SELECT\n  O.BROKER BROKER,\n  O.SYMBOL SYMBOL,\n  WINDOWSTART BUCKETSTART,\n  EARLIEST_BY_OFFSET(O.OPEN) OPEN,\n  MAX(O.HIGH) HIGH,\n  MIN(O.LOW) LOW,\n  LATEST_BY_OFFSET(O.KSQLTIMEFRAMECLOSE) KSQLTIMEFRAMECLOSE\nFROM BAR_1S_FINAL_S O\nWINDOW TUMBLING ( SIZE 15 MINUTES , GRACE PERIOD 4 SECONDS ) \nGROUP BY O.BROKER, O.SYMBOL\nEMIT CHANGES;","sinks":["BAR_15M_LIVE"],"sinkKafkaTopics":["bar_15m_live"],"id":"CTAS_BAR_15M_LIVE_109","statusCount":{"RUNNING":1},"queryType":"PERSISTENT","state":"RUNNING"},{"queryString":"CREATE TABLE BAR_1S_FINAL WITH (CLEANUP_POLICY='compact,delete', KAFKA_TOPIC='bar_1s_final', KEY_FORMAT='AVRO', PARTITIONS=1, REPLICAS=1, RETENTION_MS=604800000, VALUE_FORMAT='AVRO') AS SELECT\n  O.BROKER BROKER,\n  O.SYMBOL SYMBOL,\n  WINDOWSTART BUCKETSTART,\n  EARLIEST_BY_OFFSET(O.BID) OPEN,\n  MAX(O.BID) HIGH,\n  MIN(O.BID) LOW,\n  LATEST_BY_OFFSET(O.BID) KSQLTIMEFRAMECLOSE\nFROM DEDUPRATES O\nWINDOW TUMBLING ( SIZE 1 SECONDS ) \nGROUP BY O.BROKER, O.SYMBOL\nEMIT FINAL;","sinks":["BAR_1S_FINAL"],"sinkKafkaTopics":["bar_1s_final"],"id":"CTAS_BAR_1S_FINAL_97","statusCount":{"RUNNING":1},"queryType":"PERSISTENT","state":"RUNNING"},{"queryString":"CREATE TABLE BAR1WKFINAL_1S_FINAL WITH (CLEANUP_POLICY='compact,delete', KAFKA_TOPIC='bar1wkfinal_1s_final', KEY_FORMAT='AVRO', PARTITIONS=1, REPLICAS=1, RETENTION_MS=604800000, VALUE_FORMAT='AVRO') AS SELECT\n  O.BROKER BROKER,\n  O.SYMBOL SYMBOL,\n  WINDOWSTART BUCKETSTART,\n  EARLIEST_BY_OFFSET(O.BID) OPEN,\n  MAX(O.BID) HIGH,\n  MIN(O.BID) LOW,\n  LATEST_BY_OFFSET(O.BID) KSQLTIMEFRAMECLOSE\nFROM DEDUPRATES O\nWINDOW TUMBLING ( SIZE 1 SECONDS ) \nGROUP BY O.BROKER, O.SYMBOL\nEMIT FINAL;","sinks":["BAR1WKFINAL_1S_FINAL"],"sinkKafkaTopics":["bar1wkfinal_1s_final"],"id":"CTAS_BAR1WKFINAL_1S_FINAL_119","statusCount":{"RUNNING":1},"queryType":"PERSISTENT","state":"RUNNING"},{"queryString":"CREATE TABLE BAR1WKFINAL_7D_LIVE WITH (CLEANUP_POLICY='compact,delete', KAFKA_TOPIC='bar1wkfinal_7d_live', KEY_FORMAT='AVRO', PARTITIONS=1, REPLICAS=1, RETENTION_MS=604800000, VALUE_FORMAT='AVRO') AS SELECT\n  O.BROKER BROKER,\n  O.SYMBOL SYMBOL,\n  WINDOWSTART BUCKETSTART,\n  EARLIEST_BY_OFFSET(O.OPEN) OPEN,\n  MAX(O.HIGH) HIGH,\n  MIN(O.LOW) LOW,\n  LATEST_BY_OFFSET(O.KSQLTIMEFRAMECLOSE) KSQLTIMEFRAMECLOSE\nFROM BAR1WKFINAL_1S_FINAL_S O\nWINDOW TUMBLING ( SIZE 7 DAYS , GRACE PERIOD 2 SECONDS ) \nGROUP BY O.BROKER, O.SYMBOL\nEMIT CHANGES;","sinks":["BAR1WKFINAL_7D_LIVE"],"sinkKafkaTopics":["bar1wkfinal_7d_live"],"id":"CTAS_BAR1WKFINAL_7D_LIVE_123","statusCount":{"RUNNING":1},"queryType":"PERSISTENT","state":"RUNNING"},{"queryString":"CREATE TABLE BAR_60M_LIVE WITH (CLEANUP_POLICY='compact,delete', KAFKA_TOPIC='bar_60m_live', KEY_FORMAT='AVRO', PARTITIONS=1, REPLICAS=1, RETENTION_MS=604800000, VALUE_FORMAT='AVRO') AS SELECT\n  O.BROKER BROKER,\n  O.SYMBOL SYMBOL,\n  WINDOWSTART BUCKETSTART,\n  EARLIEST_BY_OFFSET(O.OPEN) OPEN,\n  MAX(O.HIGH) HIGH,\n  MIN(O.LOW) LOW,\n  LATEST_BY_OFFSET(O.KSQLTIMEFRAMECLOSE) KSQLTIMEFRAMECLOSE\nFROM BAR_1S_FINAL_S O\nWINDOW TUMBLING ( SIZE 60 MINUTES , GRACE PERIOD 5 SECONDS ) \nGROUP BY O.BROKER, O.SYMBOL\nEMIT CHANGES;","sinks":["BAR_60M_LIVE"],"sinkKafkaTopics":["bar_60m_live"],"id":"CTAS_BAR_60M_LIVE_111","statusCount":{"RUNNING":1},"queryType":"PERSISTENT","state":"RUNNING"},{"queryString":"CREATE TABLE BAR_TBIMP_1M_LIVE WITH (CLEANUP_POLICY='compact,delete', KAFKA_TOPIC='bar_tbimp_1m_live', KEY_FORMAT='AVRO', PARTITIONS=1, REPLICAS=1, RETENTION_MS=604800000, VALUE_FORMAT='AVRO') AS SELECT\n  O.BROKER BROKER,\n  O.SYMBOL SYMBOL,\n  WINDOWSTART BUCKETSTART,\n  EARLIEST_BY_OFFSET(O.OPEN) OPEN,\n  MAX(O.HIGH) HIGH,\n  MIN(O.LOW) LOW,\n  LATEST_BY_OFFSET(O.CLOSE) CLOSE\nFROM BAR_TBIMP_1S_FINAL_S O\nWINDOW TUMBLING ( SIZE 1 MINUTES , GRACE PERIOD 2 SECONDS ) \nGROUP BY O.BROKER, O.SYMBOL\nEMIT CHANGES;","sinks":["BAR_TBIMP_1M_LIVE"],"sinkKafkaTopics":["bar_tbimp_1m_live"],"id":"CTAS_BAR_TBIMP_1M_LIVE_89","statusCount":{"RUNNING":1},"queryType":"PERSISTENT","state":"RUNNING"},{"queryString":"CREATE TABLE BAR_5M_LIVE WITH (CLEANUP_POLICY='compact,delete', KAFKA_TOPIC='bar_5m_live', KEY_FORMAT='AVRO', PARTITIONS=1, REPLICAS=1, RETENTION_MS=604800000, VALUE_FORMAT='AVRO') AS SELECT\n  O.BROKER BROKER,\n  O.SYMBOL SYMBOL,\n  WINDOWSTART BUCKETSTART,\n  EARLIEST_BY_OFFSET(O.OPEN) OPEN,\n  MAX(O.HIGH) HIGH,\n  MIN(O.LOW) LOW,\n  LATEST_BY_OFFSET(O.KSQLTIMEFRAMECLOSE) KSQLTIMEFRAMECLOSE\nFROM BAR_1S_FINAL_S O\nWINDOW TUMBLING ( SIZE 5 MINUTES , GRACE PERIOD 3 SECONDS ) \nGROUP BY O.BROKER, O.SYMBOL\nEMIT CHANGES;","sinks":["BAR_5M_LIVE"],"sinkKafkaTopics":["bar_5m_live"],"id":"CTAS_BAR_5M_LIVE_103","statusCount":{"RUNNING":1},"queryType":"PERSISTENT","state":"RUNNING"},{"queryString":"CREATE TABLE BAR_TBIMP_5M_LIVE WITH (CLEANUP_POLICY='compact,delete', KAFKA_TOPIC='bar_tbimp_5m_live', KEY_FORMAT='AVRO', PARTITIONS=1, REPLICAS=1, RETENTION_MS=604800000, VALUE_FORMAT='AVRO') AS SELECT\n  O.BROKER BROKER,\n  O.SYMBOL SYMBOL,\n  WINDOWSTART BUCKETSTART,\n  EARLIEST_BY_OFFSET(O.OPEN) OPEN,\n  MAX(O.HIGH) HIGH,\n  MIN(O.LOW) LOW,\n  LATEST_BY_OFFSET(O.CLOSE) CLOSE\nFROM BAR_TBIMP_1S_FINAL_S O\nWINDOW TUMBLING ( SIZE 5 MINUTES , GRACE PERIOD 3 SECONDS ) \nGROUP BY O.BROKER, O.SYMBOL\nEMIT CHANGES;","sinks":["BAR_TBIMP_5M_LIVE"],"sinkKafkaTopics":["bar_tbimp_5m_live"],"id":"CTAS_BAR_TBIMP_5M_LIVE_91","statusCount":{"RUNNING":1},"queryType":"PERSISTENT","state":"RUNNING"},{"queryString":"CREATE TABLE BAR_1M_LIVE WITH (CLEANUP_POLICY='compact,delete', KAFKA_TOPIC='bar_1m_live', KEY_FORMAT='AVRO', PARTITIONS=1, REPLICAS=1, RETENTION_MS=604800000, VALUE_FORMAT='AVRO') AS SELECT\n  O.BROKER BROKER,\n  O.SYMBOL SYMBOL,\n  WINDOWSTART BUCKETSTART,\n  EARLIEST_BY_OFFSET(O.OPEN) OPEN,\n  MAX(O.HIGH) HIGH,\n  MIN(O.LOW) LOW,\n  LATEST_BY_OFFSET(O.KSQLTIMEFRAMECLOSE) KSQLTIMEFRAMECLOSE\nFROM BAR_1S_FINAL_S O\nWINDOW TUMBLING ( SIZE 1 MINUTES , GRACE PERIOD 2 SECONDS ) \nGROUP BY O.BROKER, O.SYMBOL\nEMIT CHANGES;","sinks":["BAR_1M_LIVE"],"sinkKafkaTopics":["bar_1m_live"],"id":"CTAS_BAR_1M_LIVE_101","statusCount":{"RUNNING":1},"queryType":"PERSISTENT","state":"RUNNING"},{"queryString":"CREATE TABLE BAR_TBIMP_1S_FINAL WITH (CLEANUP_POLICY='compact,delete', KAFKA_TOPIC='bar_tbimp_1s_final', KEY_FORMAT='AVRO', PARTITIONS=1, REPLICAS=1, RETENTION_MS=604800000, VALUE_FORMAT='AVRO') AS SELECT\n  O.BROKER BROKER,\n  O.SYMBOL SYMBOL,\n  WINDOWSTART BUCKETSTART,\n  EARLIEST_BY_OFFSET(O.BID) OPEN,\n  MAX(O.BID) HIGH,\n  MIN(O.BID) LOW,\n  LATEST_BY_OFFSET(O.BID) CLOSE\nFROM TICKS_TBIMP O\nWINDOW TUMBLING ( SIZE 1 SECONDS ) \nGROUP BY O.BROKER, O.SYMBOL\nEMIT FINAL;","sinks":["BAR_TBIMP_1S_FINAL"],"sinkKafkaTopics":["bar_tbimp_1s_final"],"id":"CTAS_BAR_TBIMP_1S_FINAL_85","statusCount":{"RUNNING":1},"queryType":"PERSISTENT","state":"RUNNING"}],"warnings":[]}]&#xD;
warn: Kafka.Ksql.Linq.KsqlContext[0]&#xD;
      SHOW QUERIES attempt 2 did not contain a matching query for bar1wkfinal_7d_live&#xD;
info: Kafka.Ksql.Linq.KsqlContext[0]&#xD;
      ksql execute: EXECUTE SQL=SHOW QUERIES;&#xD;
info: Kafka.Ksql.Linq.KsqlContext[0]&#xD;
      SHOW QUERIES output (attempt 3): [{"@type":"queries","statementText":"SHOW QUERIES;","queries":[{"queryString":"CREATE TABLE BAR_15M_LIVE WITH (CLEANUP_POLICY='compact,delete', KAFKA_TOPIC='bar_15m_live', KEY_FORMAT='AVRO', PARTITIONS=1, REPLICAS=1, RETENTION_MS=604800000, VALUE_FORMAT='AVRO') AS SELECT\n  O.BROKER BROKER,\n  O.SYMBOL SYMBOL,\n  WINDOWSTART BUCKETSTART,\n  EARLIEST_BY_OFFSET(O.OPEN) OPEN,\n  MAX(O.HIGH) HIGH,\n  MIN(O.LOW) LOW,\n  LATEST_BY_OFFSET(O.KSQLTIMEFRAMECLOSE) KSQLTIMEFRAMECLOSE\nFROM BAR_1S_FINAL_S O\nWINDOW TUMBLING ( SIZE 15 MINUTES , GRACE PERIOD 4 SECONDS ) \nGROUP BY O.BROKER, O.SYMBOL\nEMIT CHANGES;","sinks":["BAR_15M_LIVE"],"sinkKafkaTopics":["bar_15m_live"],"id":"CTAS_BAR_15M_LIVE_109","statusCount":{"RUNNING":1},"queryType":"PERSISTENT","state":"RUNNING"},{"queryString":"CREATE TABLE BAR_1S_FINAL WITH (CLEANUP_POLICY='compact,delete', KAFKA_TOPIC='bar_1s_final', KEY_FORMAT='AVRO', PARTITIONS=1, REPLICAS=1, RETENTION_MS=604800000, VALUE_FORMAT='AVRO') AS SELECT\n  O.BROKER BROKER,\n  O.SYMBOL SYMBOL,\n  WINDOWSTART BUCKETSTART,\n  EARLIEST_BY_OFFSET(O.BID) OPEN,\n  MAX(O.BID) HIGH,\n  MIN(O.BID) LOW,\n  LATEST_BY_OFFSET(O.BID) KSQLTIMEFRAMECLOSE\nFROM DEDUPRATES O\nWINDOW TUMBLING ( SIZE 1 SECONDS ) \nGROUP BY O.BROKER, O.SYMBOL\nEMIT FINAL;","sinks":["BAR_1S_FINAL"],"sinkKafkaTopics":["bar_1s_final"],"id":"CTAS_BAR_1S_FINAL_97","statusCount":{"RUNNING":1},"queryType":"PERSISTENT","state":"RUNNING"},{"queryString":"CREATE TABLE BAR1WKFINAL_1S_FINAL WITH (CLEANUP_POLICY='compact,delete', KAFKA_TOPIC='bar1wkfinal_1s_final', KEY_FORMAT='AVRO', PARTITIONS=1, REPLICAS=1, RETENTION_MS=604800000, VALUE_FORMAT='AVRO') AS SELECT\n  O.BROKER BROKER,\n  O.SYMBOL SYMBOL,\n  WINDOWSTART BUCKETSTART,\n  EARLIEST_BY_OFFSET(O.BID) OPEN,\n  MAX(O.BID) HIGH,\n  MIN(O.BID) LOW,\n  LATEST_BY_OFFSET(O.BID) KSQLTIMEFRAMECLOSE\nFROM DEDUPRATES O\nWINDOW TUMBLING ( SIZE 1 SECONDS ) \nGROUP BY O.BROKER, O.SYMBOL\nEMIT FINAL;","sinks":["BAR1WKFINAL_1S_FINAL"],"sinkKafkaTopics":["bar1wkfinal_1s_final"],"id":"CTAS_BAR1WKFINAL_1S_FINAL_119","statusCount":{"RUNNING":1},"queryType":"PERSISTENT","state":"RUNNING"},{"queryString":"CREATE TABLE BAR1WKFINAL_7D_LIVE WITH (CLEANUP_POLICY='compact,delete', KAFKA_TOPIC='bar1wkfinal_7d_live', KEY_FORMAT='AVRO', PARTITIONS=1, REPLICAS=1, RETENTION_MS=604800000, VALUE_FORMAT='AVRO') AS SELECT\n  O.BROKER BROKER,\n  O.SYMBOL SYMBOL,\n  WINDOWSTART BUCKETSTART,\n  EARLIEST_BY_OFFSET(O.OPEN) OPEN,\n  MAX(O.HIGH) HIGH,\n  MIN(O.LOW) LOW,\n  LATEST_BY_OFFSET(O.KSQLTIMEFRAMECLOSE) KSQLTIMEFRAMECLOSE\nFROM BAR1WKFINAL_1S_FINAL_S O\nWINDOW TUMBLING ( SIZE 7 DAYS , GRACE PERIOD 2 SECONDS ) \nGROUP BY O.BROKER, O.SYMBOL\nEMIT CHANGES;","sinks":["BAR1WKFINAL_7D_LIVE"],"sinkKafkaTopics":["bar1wkfinal_7d_live"],"id":"CTAS_BAR1WKFINAL_7D_LIVE_123","statusCount":{"RUNNING":1},"queryType":"PERSISTENT","state":"RUNNING"},{"queryString":"CREATE TABLE BAR_60M_LIVE WITH (CLEANUP_POLICY='compact,delete', KAFKA_TOPIC='bar_60m_live', KEY_FORMAT='AVRO', PARTITIONS=1, REPLICAS=1, RETENTION_MS=604800000, VALUE_FORMAT='AVRO') AS SELECT\n  O.BROKER BROKER,\n  O.SYMBOL SYMBOL,\n  WINDOWSTART BUCKETSTART,\n  EARLIEST_BY_OFFSET(O.OPEN) OPEN,\n  MAX(O.HIGH) HIGH,\n  MIN(O.LOW) LOW,\n  LATEST_BY_OFFSET(O.KSQLTIMEFRAMECLOSE) KSQLTIMEFRAMECLOSE\nFROM BAR_1S_FINAL_S O\nWINDOW TUMBLING ( SIZE 60 MINUTES , GRACE PERIOD 5 SECONDS ) \nGROUP BY O.BROKER, O.SYMBOL\nEMIT CHANGES;","sinks":["BAR_60M_LIVE"],"sinkKafkaTopics":["bar_60m_live"],"id":"CTAS_BAR_60M_LIVE_111","statusCount":{"RUNNING":1},"queryType":"PERSISTENT","state":"RUNNING"},{"queryString":"CREATE TABLE BAR_TBIMP_1M_LIVE WITH (CLEANUP_POLICY='compact,delete', KAFKA_TOPIC='bar_tbimp_1m_live', KEY_FORMAT='AVRO', PARTITIONS=1, REPLICAS=1, RETENTION_MS=604800000, VALUE_FORMAT='AVRO') AS SELECT\n  O.BROKER BROKER,\n  O.SYMBOL SYMBOL,\n  WINDOWSTART BUCKETSTART,\n  EARLIEST_BY_OFFSET(O.OPEN) OPEN,\n  MAX(O.HIGH) HIGH,\n  MIN(O.LOW) LOW,\n  LATEST_BY_OFFSET(O.CLOSE) CLOSE\nFROM BAR_TBIMP_1S_FINAL_S O\nWINDOW TUMBLING ( SIZE 1 MINUTES , GRACE PERIOD 2 SECONDS ) \nGROUP BY O.BROKER, O.SYMBOL\nEMIT CHANGES;","sinks":["BAR_TBIMP_1M_LIVE"],"sinkKafkaTopics":["bar_tbimp_1m_live"],"id":"CTAS_BAR_TBIMP_1M_LIVE_89","statusCount":{"RUNNING":1},"queryType":"PERSISTENT","state":"RUNNING"},{"queryString":"CREATE TABLE BAR_5M_LIVE WITH (CLEANUP_POLICY='compact,delete', KAFKA_TOPIC='bar_5m_live', KEY_FORMAT='AVRO', PARTITIONS=1, REPLICAS=1, RETENTION_MS=604800000, VALUE_FORMAT='AVRO') AS SELECT\n  O.BROKER BROKER,\n  O.SYMBOL SYMBOL,\n  WINDOWSTART BUCKETSTART,\n  EARLIEST_BY_OFFSET(O.OPEN) OPEN,\n  MAX(O.HIGH) HIGH,\n  MIN(O.LOW) LOW,\n  LATEST_BY_OFFSET(O.KSQLTIMEFRAMECLOSE) KSQLTIMEFRAMECLOSE\nFROM BAR_1S_FINAL_S O\nWINDOW TUMBLING ( SIZE 5 MINUTES , GRACE PERIOD 3 SECONDS ) \nGROUP BY O.BROKER, O.SYMBOL\nEMIT CHANGES;","sinks":["BAR_5M_LIVE"],"sinkKafkaTopics":["bar_5m_live"],"id":"CTAS_BAR_5M_LIVE_103","statusCount":{"RUNNING":1},"queryType":"PERSISTENT","state":"RUNNING"},{"queryString":"CREATE TABLE BAR_TBIMP_5M_LIVE WITH (CLEANUP_POLICY='compact,delete', KAFKA_TOPIC='bar_tbimp_5m_live', KEY_FORMAT='AVRO', PARTITIONS=1, REPLICAS=1, RETENTION_MS=604800000, VALUE_FORMAT='AVRO') AS SELECT\n  O.BROKER BROKER,\n  O.SYMBOL SYMBOL,\n  WINDOWSTART BUCKETSTART,\n  EARLIEST_BY_OFFSET(O.OPEN) OPEN,\n  MAX(O.HIGH) HIGH,\n  MIN(O.LOW) LOW,\n  LATEST_BY_OFFSET(O.CLOSE) CLOSE\nFROM BAR_TBIMP_1S_FINAL_S O\nWINDOW TUMBLING ( SIZE 5 MINUTES , GRACE PERIOD 3 SECONDS ) \nGROUP BY O.BROKER, O.SYMBOL\nEMIT CHANGES;","sinks":["BAR_TBIMP_5M_LIVE"],"sinkKafkaTopics":["bar_tbimp_5m_live"],"id":"CTAS_BAR_TBIMP_5M_LIVE_91","statusCount":{"RUNNING":1},"queryType":"PERSISTENT","state":"RUNNING"},{"queryString":"CREATE TABLE BAR_1M_LIVE WITH (CLEANUP_POLICY='compact,delete', KAFKA_TOPIC='bar_1m_live', KEY_FORMAT='AVRO', PARTITIONS=1, REPLICAS=1, RETENTION_MS=604800000, VALUE_FORMAT='AVRO') AS SELECT\n  O.BROKER BROKER,\n  O.SYMBOL SYMBOL,\n  WINDOWSTART BUCKETSTART,\n  EARLIEST_BY_OFFSET(O.OPEN) OPEN,\n  MAX(O.HIGH) HIGH,\n  MIN(O.LOW) LOW,\n  LATEST_BY_OFFSET(O.KSQLTIMEFRAMECLOSE) KSQLTIMEFRAMECLOSE\nFROM BAR_1S_FINAL_S O\nWINDOW TUMBLING ( SIZE 1 MINUTES , GRACE PERIOD 2 SECONDS ) \nGROUP BY O.BROKER, O.SYMBOL\nEMIT CHANGES;","sinks":["BAR_1M_LIVE"],"sinkKafkaTopics":["bar_1m_live"],"id":"CTAS_BAR_1M_LIVE_101","statusCount":{"RUNNING":1},"queryType":"PERSISTENT","state":"RUNNING"},{"queryString":"CREATE TABLE BAR_TBIMP_1S_FINAL WITH (CLEANUP_POLICY='compact,delete', KAFKA_TOPIC='bar_tbimp_1s_final', KEY_FORMAT='AVRO', PARTITIONS=1, REPLICAS=1, RETENTION_MS=604800000, VALUE_FORMAT='AVRO') AS SELECT\n  O.BROKER BROKER,\n  O.SYMBOL SYMBOL,\n  WINDOWSTART BUCKETSTART,\n  EARLIEST_BY_OFFSET(O.BID) OPEN,\n  MAX(O.BID) HIGH,\n  MIN(O.BID) LOW,\n  LATEST_BY_OFFSET(O.BID) CLOSE\nFROM TICKS_TBIMP O\nWINDOW TUMBLING ( SIZE 1 SECONDS ) \nGROUP BY O.BROKER, O.SYMBOL\nEMIT FINAL;","sinks":["BAR_TBIMP_1S_FINAL"],"sinkKafkaTopics":["bar_tbimp_1s_final"],"id":"CTAS_BAR_TBIMP_1S_FINAL_85","statusCount":{"RUNNING":1},"queryType":"PERSISTENT","state":"RUNNING"}],"warnings":[]}]&#xD;
warn: Kafka.Ksql.Linq.KsqlContext[0]&#xD;
      SHOW QUERIES attempt 3 did not contain a matching query for bar1wkfinal_7d_live&#xD;
info: Kafka.Ksql.Linq.KsqlContext[0]&#xD;
      ksql execute: EXECUTE SQL=SHOW QUERIES;&#xD;
info: Kafka.Ksql.Linq.KsqlContext[0]&#xD;
      SHOW QUERIES output (attempt 4): [{"@type":"queries","statementText":"SHOW QUERIES;","queries":[{"queryString":"CREATE TABLE BAR_15M_LIVE WITH (CLEANUP_POLICY='compact,delete', KAFKA_TOPIC='bar_15m_live', KEY_FORMAT='AVRO', PARTITIONS=1, REPLICAS=1, RETENTION_MS=604800000, VALUE_FORMAT='AVRO') AS SELECT\n  O.BROKER BROKER,\n  O.SYMBOL SYMBOL,\n  WINDOWSTART BUCKETSTART,\n  EARLIEST_BY_OFFSET(O.OPEN) OPEN,\n  MAX(O.HIGH) HIGH,\n  MIN(O.LOW) LOW,\n  LATEST_BY_OFFSET(O.KSQLTIMEFRAMECLOSE) KSQLTIMEFRAMECLOSE\nFROM BAR_1S_FINAL_S O\nWINDOW TUMBLING ( SIZE 15 MINUTES , GRACE PERIOD 4 SECONDS ) \nGROUP BY O.BROKER, O.SYMBOL\nEMIT CHANGES;","sinks":["BAR_15M_LIVE"],"sinkKafkaTopics":["bar_15m_live"],"id":"CTAS_BAR_15M_LIVE_109","statusCount":{"RUNNING":1},"queryType":"PERSISTENT","state":"RUNNING"},{"queryString":"CREATE TABLE BAR_1S_FINAL WITH (CLEANUP_POLICY='compact,delete', KAFKA_TOPIC='bar_1s_final', KEY_FORMAT='AVRO', PARTITIONS=1, REPLICAS=1, RETENTION_MS=604800000, VALUE_FORMAT='AVRO') AS SELECT\n  O.BROKER BROKER,\n  O.SYMBOL SYMBOL,\n  WINDOWSTART BUCKETSTART,\n  EARLIEST_BY_OFFSET(O.BID) OPEN,\n  MAX(O.BID) HIGH,\n  MIN(O.BID) LOW,\n  LATEST_BY_OFFSET(O.BID) KSQLTIMEFRAMECLOSE\nFROM DEDUPRATES O\nWINDOW TUMBLING ( SIZE 1 SECONDS ) \nGROUP BY O.BROKER, O.SYMBOL\nEMIT FINAL;","sinks":["BAR_1S_FINAL"],"sinkKafkaTopics":["bar_1s_final"],"id":"CTAS_BAR_1S_FINAL_97","statusCount":{"RUNNING":1},"queryType":"PERSISTENT","state":"RUNNING"},{"queryString":"CREATE TABLE BAR1WKFINAL_1S_FINAL WITH (CLEANUP_POLICY='compact,delete', KAFKA_TOPIC='bar1wkfinal_1s_final', KEY_FORMAT='AVRO', PARTITIONS=1, REPLICAS=1, RETENTION_MS=604800000, VALUE_FORMAT='AVRO') AS SELECT\n  O.BROKER BROKER,\n  O.SYMBOL SYMBOL,\n  WINDOWSTART BUCKETSTART,\n  EARLIEST_BY_OFFSET(O.BID) OPEN,\n  MAX(O.BID) HIGH,\n  MIN(O.BID) LOW,\n  LATEST_BY_OFFSET(O.BID) KSQLTIMEFRAMECLOSE\nFROM DEDUPRATES O\nWINDOW TUMBLING ( SIZE 1 SECONDS ) \nGROUP BY O.BROKER, O.SYMBOL\nEMIT FINAL;","sinks":["BAR1WKFINAL_1S_FINAL"],"sinkKafkaTopics":["bar1wkfinal_1s_final"],"id":"CTAS_BAR1WKFINAL_1S_FINAL_119","statusCount":{"RUNNING":1},"queryType":"PERSISTENT","state":"RUNNING"},{"queryString":"CREATE TABLE BAR1WKFINAL_7D_LIVE WITH (CLEANUP_POLICY='compact,delete', KAFKA_TOPIC='bar1wkfinal_7d_live', KEY_FORMAT='AVRO', PARTITIONS=1, REPLICAS=1, RETENTION_MS=604800000, VALUE_FORMAT='AVRO') AS SELECT\n  O.BROKER BROKER,\n  O.SYMBOL SYMBOL,\n  WINDOWSTART BUCKETSTART,\n  EARLIEST_BY_OFFSET(O.OPEN) OPEN,\n  MAX(O.HIGH) HIGH,\n  MIN(O.LOW) LOW,\n  LATEST_BY_OFFSET(O.KSQLTIMEFRAMECLOSE) KSQLTIMEFRAMECLOSE\nFROM BAR1WKFINAL_1S_FINAL_S O\nWINDOW TUMBLING ( SIZE 7 DAYS , GRACE PERIOD 2 SECONDS ) \nGROUP BY O.BROKER, O.SYMBOL\nEMIT CHANGES;","sinks":["BAR1WKFINAL_7D_LIVE"],"sinkKafkaTopics":["bar1wkfinal_7d_live"],"id":"CTAS_BAR1WKFINAL_7D_LIVE_123","statusCount":{"RUNNING":1},"queryType":"PERSISTENT","state":"RUNNING"},{"queryString":"CREATE TABLE BAR_60M_LIVE WITH (CLEANUP_POLICY='compact,delete', KAFKA_TOPIC='bar_60m_live', KEY_FORMAT='AVRO', PARTITIONS=1, REPLICAS=1, RETENTION_MS=604800000, VALUE_FORMAT='AVRO') AS SELECT\n  O.BROKER BROKER,\n  O.SYMBOL SYMBOL,\n  WINDOWSTART BUCKETSTART,\n  EARLIEST_BY_OFFSET(O.OPEN) OPEN,\n  MAX(O.HIGH) HIGH,\n  MIN(O.LOW) LOW,\n  LATEST_BY_OFFSET(O.KSQLTIMEFRAMECLOSE) KSQLTIMEFRAMECLOSE\nFROM BAR_1S_FINAL_S O\nWINDOW TUMBLING ( SIZE 60 MINUTES , GRACE PERIOD 5 SECONDS ) \nGROUP BY O.BROKER, O.SYMBOL\nEMIT CHANGES;","sinks":["BAR_60M_LIVE"],"sinkKafkaTopics":["bar_60m_live"],"id":"CTAS_BAR_60M_LIVE_111","statusCount":{"RUNNING":1},"queryType":"PERSISTENT","state":"RUNNING"},{"queryString":"CREATE TABLE BAR_TBIMP_1M_LIVE WITH (CLEANUP_POLICY='compact,delete', KAFKA_TOPIC='bar_tbimp_1m_live', KEY_FORMAT='AVRO', PARTITIONS=1, REPLICAS=1, RETENTION_MS=604800000, VALUE_FORMAT='AVRO') AS SELECT\n  O.BROKER BROKER,\n  O.SYMBOL SYMBOL,\n  WINDOWSTART BUCKETSTART,\n  EARLIEST_BY_OFFSET(O.OPEN) OPEN,\n  MAX(O.HIGH) HIGH,\n  MIN(O.LOW) LOW,\n  LATEST_BY_OFFSET(O.CLOSE) CLOSE\nFROM BAR_TBIMP_1S_FINAL_S O\nWINDOW TUMBLING ( SIZE 1 MINUTES , GRACE PERIOD 2 SECONDS ) \nGROUP BY O.BROKER, O.SYMBOL\nEMIT CHANGES;","sinks":["BAR_TBIMP_1M_LIVE"],"sinkKafkaTopics":["bar_tbimp_1m_live"],"id":"CTAS_BAR_TBIMP_1M_LIVE_89","statusCount":{"RUNNING":1},"queryType":"PERSISTENT","state":"RUNNING"},{"queryString":"CREATE TABLE BAR_5M_LIVE WITH (CLEANUP_POLICY='compact,delete', KAFKA_TOPIC='bar_5m_live', KEY_FORMAT='AVRO', PARTITIONS=1, REPLICAS=1, RETENTION_MS=604800000, VALUE_FORMAT='AVRO') AS SELECT\n  O.BROKER BROKER,\n  O.SYMBOL SYMBOL,\n  WINDOWSTART BUCKETSTART,\n  EARLIEST_BY_OFFSET(O.OPEN) OPEN,\n  MAX(O.HIGH) HIGH,\n  MIN(O.LOW) LOW,\n  LATEST_BY_OFFSET(O.KSQLTIMEFRAMECLOSE) KSQLTIMEFRAMECLOSE\nFROM BAR_1S_FINAL_S O\nWINDOW TUMBLING ( SIZE 5 MINUTES , GRACE PERIOD 3 SECONDS ) \nGROUP BY O.BROKER, O.SYMBOL\nEMIT CHANGES;","sinks":["BAR_5M_LIVE"],"sinkKafkaTopics":["bar_5m_live"],"id":"CTAS_BAR_5M_LIVE_103","statusCount":{"RUNNING":1},"queryType":"PERSISTENT","state":"RUNNING"},{"queryString":"CREATE TABLE BAR_TBIMP_5M_LIVE WITH (CLEANUP_POLICY='compact,delete', KAFKA_TOPIC='bar_tbimp_5m_live', KEY_FORMAT='AVRO', PARTITIONS=1, REPLICAS=1, RETENTION_MS=604800000, VALUE_FORMAT='AVRO') AS SELECT\n  O.BROKER BROKER,\n  O.SYMBOL SYMBOL,\n  WINDOWSTART BUCKETSTART,\n  EARLIEST_BY_OFFSET(O.OPEN) OPEN,\n  MAX(O.HIGH) HIGH,\n  MIN(O.LOW) LOW,\n  LATEST_BY_OFFSET(O.CLOSE) CLOSE\nFROM BAR_TBIMP_1S_FINAL_S O\nWINDOW TUMBLING ( SIZE 5 MINUTES , GRACE PERIOD 3 SECONDS ) \nGROUP BY O.BROKER, O.SYMBOL\nEMIT CHANGES;","sinks":["BAR_TBIMP_5M_LIVE"],"sinkKafkaTopics":["bar_tbimp_5m_live"],"id":"CTAS_BAR_TBIMP_5M_LIVE_91","statusCount":{"RUNNING":1},"queryType":"PERSISTENT","state":"RUNNING"},{"queryString":"CREATE TABLE BAR_1M_LIVE WITH (CLEANUP_POLICY='compact,delete', KAFKA_TOPIC='bar_1m_live', KEY_FORMAT='AVRO', PARTITIONS=1, REPLICAS=1, RETENTION_MS=604800000, VALUE_FORMAT='AVRO') AS SELECT\n  O.BROKER BROKER,\n  O.SYMBOL SYMBOL,\n  WINDOWSTART BUCKETSTART,\n  EARLIEST_BY_OFFSET(O.OPEN) OPEN,\n  MAX(O.HIGH) HIGH,\n  MIN(O.LOW) LOW,\n  LATEST_BY_OFFSET(O.KSQLTIMEFRAMECLOSE) KSQLTIMEFRAMECLOSE\nFROM BAR_1S_FINAL_S O\nWINDOW TUMBLING ( SIZE 1 MINUTES , GRACE PERIOD 2 SECONDS ) \nGROUP BY O.BROKER, O.SYMBOL\nEMIT CHANGES;","sinks":["BAR_1M_LIVE"],"sinkKafkaTopics":["bar_1m_live"],"id":"CTAS_BAR_1M_LIVE_101","statusCount":{"RUNNING":1},"queryType":"PERSISTENT","state":"RUNNING"},{"queryString":"CREATE TABLE BAR_TBIMP_1S_FINAL WITH (CLEANUP_POLICY='compact,delete', KAFKA_TOPIC='bar_tbimp_1s_final', KEY_FORMAT='AVRO', PARTITIONS=1, REPLICAS=1, RETENTION_MS=604800000, VALUE_FORMAT='AVRO') AS SELECT\n  O.BROKER BROKER,\n  O.SYMBOL SYMBOL,\n  WINDOWSTART BUCKETSTART,\n  EARLIEST_BY_OFFSET(O.BID) OPEN,\n  MAX(O.BID) HIGH,\n  MIN(O.BID) LOW,\n  LATEST_BY_OFFSET(O.BID) CLOSE\nFROM TICKS_TBIMP O\nWINDOW TUMBLING ( SIZE 1 SECONDS ) \nGROUP BY O.BROKER, O.SYMBOL\nEMIT FINAL;","sinks":["BAR_TBIMP_1S_FINAL"],"sinkKafkaTopics":["bar_tbimp_1s_final"],"id":"CTAS_BAR_TBIMP_1S_FINAL_85","statusCount":{"RUNNING":1},"queryType":"PERSISTENT","state":"RUNNING"}],"warnings":[]}]&#xD;
warn: Kafka.Ksql.Linq.KsqlContext[0]&#xD;
      SHOW QUERIES attempt 4 did not contain a matching query for bar1wkfinal_7d_live&#xD;
info: Kafka.Ksql.Linq.KsqlContext[0]&#xD;
      ksql execute: EXECUTE SQL=SHOW QUERIES;&#xD;
info: Kafka.Ksql.Linq.KsqlContext[0]&#xD;
      SHOW QUERIES output (attempt 5): [{"@type":"queries","statementText":"SHOW QUERIES;","queries":[{"queryString":"CREATE TABLE BAR_15M_LIVE WITH (CLEANUP_POLICY='compact,delete', KAFKA_TOPIC='bar_15m_live', KEY_FORMAT='AVRO', PARTITIONS=1, REPLICAS=1, RETENTION_MS=604800000, VALUE_FORMAT='AVRO') AS SELECT\n  O.BROKER BROKER,\n  O.SYMBOL SYMBOL,\n  WINDOWSTART BUCKETSTART,\n  EARLIEST_BY_OFFSET(O.OPEN) OPEN,\n  MAX(O.HIGH) HIGH,\n  MIN(O.LOW) LOW,\n  LATEST_BY_OFFSET(O.KSQLTIMEFRAMECLOSE) KSQLTIMEFRAMECLOSE\nFROM BAR_1S_FINAL_S O\nWINDOW TUMBLING ( SIZE 15 MINUTES , GRACE PERIOD 4 SECONDS ) \nGROUP BY O.BROKER, O.SYMBOL\nEMIT CHANGES;","sinks":["BAR_15M_LIVE"],"sinkKafkaTopics":["bar_15m_live"],"id":"CTAS_BAR_15M_LIVE_109","statusCount":{"RUNNING":1},"queryType":"PERSISTENT","state":"RUNNING"},{"queryString":"CREATE TABLE BAR_1S_FINAL WITH (CLEANUP_POLICY='compact,delete', KAFKA_TOPIC='bar_1s_final', KEY_FORMAT='AVRO', PARTITIONS=1, REPLICAS=1, RETENTION_MS=604800000, VALUE_FORMAT='AVRO') AS SELECT\n  O.BROKER BROKER,\n  O.SYMBOL SYMBOL,\n  WINDOWSTART BUCKETSTART,\n  EARLIEST_BY_OFFSET(O.BID) OPEN,\n  MAX(O.BID) HIGH,\n  MIN(O.BID) LOW,\n  LATEST_BY_OFFSET(O.BID) KSQLTIMEFRAMECLOSE\nFROM DEDUPRATES O\nWINDOW TUMBLING ( SIZE 1 SECONDS ) \nGROUP BY O.BROKER, O.SYMBOL\nEMIT FINAL;","sinks":["BAR_1S_FINAL"],"sinkKafkaTopics":["bar_1s_final"],"id":"CTAS_BAR_1S_FINAL_97","statusCount":{"RUNNING":1},"queryType":"PERSISTENT","state":"RUNNING"},{"queryString":"CREATE TABLE BAR1WKFINAL_1S_FINAL WITH (CLEANUP_POLICY='compact,delete', KAFKA_TOPIC='bar1wkfinal_1s_final', KEY_FORMAT='AVRO', PARTITIONS=1, REPLICAS=1, RETENTION_MS=604800000, VALUE_FORMAT='AVRO') AS SELECT\n  O.BROKER BROKER,\n  O.SYMBOL SYMBOL,\n  WINDOWSTART BUCKETSTART,\n  EARLIEST_BY_OFFSET(O.BID) OPEN,\n  MAX(O.BID) HIGH,\n  MIN(O.BID) LOW,\n  LATEST_BY_OFFSET(O.BID) KSQLTIMEFRAMECLOSE\nFROM DEDUPRATES O\nWINDOW TUMBLING ( SIZE 1 SECONDS ) \nGROUP BY O.BROKER, O.SYMBOL\nEMIT FINAL;","sinks":["BAR1WKFINAL_1S_FINAL"],"sinkKafkaTopics":["bar1wkfinal_1s_final"],"id":"CTAS_BAR1WKFINAL_1S_FINAL_119","statusCount":{"RUNNING":1},"queryType":"PERSISTENT","state":"RUNNING"},{"queryString":"CREATE TABLE BAR1WKFINAL_7D_LIVE WITH (CLEANUP_POLICY='compact,delete', KAFKA_TOPIC='bar1wkfinal_7d_live', KEY_FORMAT='AVRO', PARTITIONS=1, REPLICAS=1, RETENTION_MS=604800000, VALUE_FORMAT='AVRO') AS SELECT\n  O.BROKER BROKER,\n  O.SYMBOL SYMBOL,\n  WINDOWSTART BUCKETSTART,\n  EARLIEST_BY_OFFSET(O.OPEN) OPEN,\n  MAX(O.HIGH) HIGH,\n  MIN(O.LOW) LOW,\n  LATEST_BY_OFFSET(O.KSQLTIMEFRAMECLOSE) KSQLTIMEFRAMECLOSE\nFROM BAR1WKFINAL_1S_FINAL_S O\nWINDOW TUMBLING ( SIZE 7 DAYS , GRACE PERIOD 2 SECONDS ) \nGROUP BY O.BROKER, O.SYMBOL\nEMIT CHANGES;","sinks":["BAR1WKFINAL_7D_LIVE"],"sinkKafkaTopics":["bar1wkfinal_7d_live"],"id":"CTAS_BAR1WKFINAL_7D_LIVE_123","statusCount":{"RUNNING":1},"queryType":"PERSISTENT","state":"RUNNING"},{"queryString":"CREATE TABLE BAR_60M_LIVE WITH (CLEANUP_POLICY='compact,delete', KAFKA_TOPIC='bar_60m_live', KEY_FORMAT='AVRO', PARTITIONS=1, REPLICAS=1, RETENTION_MS=604800000, VALUE_FORMAT='AVRO') AS SELECT\n  O.BROKER BROKER,\n  O.SYMBOL SYMBOL,\n  WINDOWSTART BUCKETSTART,\n  EARLIEST_BY_OFFSET(O.OPEN) OPEN,\n  MAX(O.HIGH) HIGH,\n  MIN(O.LOW) LOW,\n  LATEST_BY_OFFSET(O.KSQLTIMEFRAMECLOSE) KSQLTIMEFRAMECLOSE\nFROM BAR_1S_FINAL_S O\nWINDOW TUMBLING ( SIZE 60 MINUTES , GRACE PERIOD 5 SECONDS ) \nGROUP BY O.BROKER, O.SYMBOL\nEMIT CHANGES;","sinks":["BAR_60M_LIVE"],"sinkKafkaTopics":["bar_60m_live"],"id":"CTAS_BAR_60M_LIVE_111","statusCount":{"RUNNING":1},"queryType":"PERSISTENT","state":"RUNNING"},{"queryString":"CREATE TABLE BAR_TBIMP_1M_LIVE WITH (CLEANUP_POLICY='compact,delete', KAFKA_TOPIC='bar_tbimp_1m_live', KEY_FORMAT='AVRO', PARTITIONS=1, REPLICAS=1, RETENTION_MS=604800000, VALUE_FORMAT='AVRO') AS SELECT\n  O.BROKER BROKER,\n  O.SYMBOL SYMBOL,\n  WINDOWSTART BUCKETSTART,\n  EARLIEST_BY_OFFSET(O.OPEN) OPEN,\n  MAX(O.HIGH) HIGH,\n  MIN(O.LOW) LOW,\n  LATEST_BY_OFFSET(O.CLOSE) CLOSE\nFROM BAR_TBIMP_1S_FINAL_S O\nWINDOW TUMBLING ( SIZE 1 MINUTES , GRACE PERIOD 2 SECONDS ) \nGROUP BY O.BROKER, O.SYMBOL\nEMIT CHANGES;","sinks":["BAR_TBIMP_1M_LIVE"],"sinkKafkaTopics":["bar_tbimp_1m_live"],"id":"CTAS_BAR_TBIMP_1M_LIVE_89","statusCount":{"RUNNING":1},"queryType":"PERSISTENT","state":"RUNNING"},{"queryString":"CREATE TABLE BAR_5M_LIVE WITH (CLEANUP_POLICY='compact,delete', KAFKA_TOPIC='bar_5m_live', KEY_FORMAT='AVRO', PARTITIONS=1, REPLICAS=1, RETENTION_MS=604800000, VALUE_FORMAT='AVRO') AS SELECT\n  O.BROKER BROKER,\n  O.SYMBOL SYMBOL,\n  WINDOWSTART BUCKETSTART,\n  EARLIEST_BY_OFFSET(O.OPEN) OPEN,\n  MAX(O.HIGH) HIGH,\n  MIN(O.LOW) LOW,\n  LATEST_BY_OFFSET(O.KSQLTIMEFRAMECLOSE) KSQLTIMEFRAMECLOSE\nFROM BAR_1S_FINAL_S O\nWINDOW TUMBLING ( SIZE 5 MINUTES , GRACE PERIOD 3 SECONDS ) \nGROUP BY O.BROKER, O.SYMBOL\nEMIT CHANGES;","sinks":["BAR_5M_LIVE"],"sinkKafkaTopics":["bar_5m_live"],"id":"CTAS_BAR_5M_LIVE_103","statusCount":{"RUNNING":1},"queryType":"PERSISTENT","state":"RUNNING"},{"queryString":"CREATE TABLE BAR_TBIMP_5M_LIVE WITH (CLEANUP_POLICY='compact,delete', KAFKA_TOPIC='bar_tbimp_5m_live', KEY_FORMAT='AVRO', PARTITIONS=1, REPLICAS=1, RETENTION_MS=604800000, VALUE_FORMAT='AVRO') AS SELECT\n  O.BROKER BROKER,\n  O.SYMBOL SYMBOL,\n  WINDOWSTART BUCKETSTART,\n  EARLIEST_BY_OFFSET(O.OPEN) OPEN,\n  MAX(O.HIGH) HIGH,\n  MIN(O.LOW) LOW,\n  LATEST_BY_OFFSET(O.CLOSE) CLOSE\nFROM BAR_TBIMP_1S_FINAL_S O\nWINDOW TUMBLING ( SIZE 5 MINUTES , GRACE PERIOD 3 SECONDS ) \nGROUP BY O.BROKER, O.SYMBOL\nEMIT CHANGES;","sinks":["BAR_TBIMP_5M_LIVE"],"sinkKafkaTopics":["bar_tbimp_5m_live"],"id":"CTAS_BAR_TBIMP_5M_LIVE_91","statusCount":{"RUNNING":1},"queryType":"PERSISTENT","state":"RUNNING"},{"queryString":"CREATE TABLE BAR_1M_LIVE WITH (CLEANUP_POLICY='compact,delete', KAFKA_TOPIC='bar_1m_live', KEY_FORMAT='AVRO', PARTITIONS=1, REPLICAS=1, RETENTION_MS=604800000, VALUE_FORMAT='AVRO') AS SELECT\n  O.BROKER BROKER,\n  O.SYMBOL SYMBOL,\n  WINDOWSTART BUCKETSTART,\n  EARLIEST_BY_OFFSET(O.OPEN) OPEN,\n  MAX(O.HIGH) HIGH,\n  MIN(O.LOW) LOW,\n  LATEST_BY_OFFSET(O.KSQLTIMEFRAMECLOSE) KSQLTIMEFRAMECLOSE\nFROM BAR_1S_FINAL_S O\nWINDOW TUMBLING ( SIZE 1 MINUTES , GRACE PERIOD 2 SECONDS ) \nGROUP BY O.BROKER, O.SYMBOL\nEMIT CHANGES;","sinks":["BAR_1M_LIVE"],"sinkKafkaTopics":["bar_1m_live"],"id":"CTAS_BAR_1M_LIVE_101","statusCount":{"RUNNING":1},"queryType":"PERSISTENT","state":"RUNNING"},{"queryString":"CREATE TABLE BAR_TBIMP_1S_FINAL WITH (CLEANUP_POLICY='compact,delete', KAFKA_TOPIC='bar_tbimp_1s_final', KEY_FORMAT='AVRO', PARTITIONS=1, REPLICAS=1, RETENTION_MS=604800000, VALUE_FORMAT='AVRO') AS SELECT\n  O.BROKER BROKER,\n  O.SYMBOL SYMBOL,\n  WINDOWSTART BUCKETSTART,\n  EARLIEST_BY_OFFSET(O.BID) OPEN,\n  MAX(O.BID) HIGH,\n  MIN(O.BID) LOW,\n  LATEST_BY_OFFSET(O.BID) CLOSE\nFROM TICKS_TBIMP O\nWINDOW TUMBLING ( SIZE 1 SECONDS ) \nGROUP BY O.BROKER, O.SYMBOL\nEMIT FINAL;","sinks":["BAR_TBIMP_1S_FINAL"],"sinkKafkaTopics":["bar_tbimp_1s_final"],"id":"CTAS_BAR_TBIMP_1S_FINAL_85","statusCount":{"RUNNING":1},"queryType":"PERSISTENT","state":"RUNNING"}],"warnings":[]}]&#xD;
warn: Kafka.Ksql.Linq.KsqlContext[0]&#xD;
      SHOW QUERIES attempt 5 did not contain a matching query for bar1wkfinal_7d_live&#xD;
warn: Kafka.Ksql.Linq.KsqlContext[0]&#xD;
      Unable to locate queryId for bar1wkfinal_7d_live after 5 attempts&#xD;
warn: Kafka.Ksql.Linq.KsqlContext[0]&#xD;
      Could not locate queryId via SHOW QUERIES for derived statement targeting bar1wkfinal_7d_live: CREATE TABLE bar1wkfinal_7d_live  WITH (KAFKA_TOPIC='bar1wkfinal_7d_live', KEY_FORMAT='AVRO', VALUE_FORMAT='AVRO') AS&#xD;
      SELECT BROKER AS Broker, SYMBOL AS Symbol, WINDOWSTART AS BucketStart, EARLIEST_BY_OFFSET(o.OPEN) AS Open, MAX(o.HIGH) AS High, MIN(o.LOW) AS Low, LATEST_BY_OFFSET(o.KSQLTIMEFRAMECLOSE) AS KsqlTimeFrameClose&#xD;
      FROM bar1wkfinal_1s_final_s o WINDOW TUMBLING (SIZE 7 DAYS, GRACE PERIOD 2 SECONDS)&#xD;
      GROUP BY BROKER, SYMBOL&#xD;
      EMIT CHANGES;&#xD;
info: Kafka.Ksql.Linq.KsqlContext[0]&#xD;
      ksql execute: EXECUTE SQL=SHOW QUERIES;&#xD;
info: Kafka.Ksql.Linq.KsqlContext[0]&#xD;
      ksql execute: EXECUTE SQL=SHOW QUERIES;&#xD;
info: Kafka.Ksql.Linq.KsqlContext[0]&#xD;
      ksql execute: EXECUTE SQL=SHOW QUERIES;&#xD;
info: Kafka.Ksql.Linq.KsqlContext[0]&#xD;
      ksql execute: EXECUTE SQL=SHOW QUERIES;&#xD;
info: Kafka.Ksql.Linq.KsqlContext[0]&#xD;
      ksql execute: EXECUTE SQL=SHOW QUERIES;&#xD;
info: Kafka.Ksql.Linq.KsqlContext[0]&#xD;
      ksql execute: EXECUTE SQL=SHOW QUERIES;&#xD;
info: Kafka.Ksql.Linq.KsqlContext[0]&#xD;
      ksql execute: EXECUTE SQL=SHOW QUERIES;&#xD;
info: Kafka.Ksql.Linq.KsqlContext[0]&#xD;
      ksql execute: EXECUTE SQL=SHOW QUERIES;&#xD;
info: Kafka.Ksql.Linq.KsqlContext[0]&#xD;
      ksql execute: EXECUTE SQL=SHOW QUERIES;&#xD;
info: Kafka.Ksql.Linq.KsqlContext[0]&#xD;
      ksql execute: EXECUTE SQL=SHOW QUERIES;&#xD;
info: Kafka.Ksql.Linq.KsqlContext[0]&#xD;
      ksql execute: EXECUTE SQL=SHOW QUERIES;&#xD;
info: Kafka.Ksql.Linq.KsqlContext[0]&#xD;
      ksql execute: EXECUTE SQL=SHOW QUERIES;&#xD;
info: Kafka.Ksql.Linq.KsqlContext[0]&#xD;
      ksql execute: EXECUTE SQL=SHOW QUERIES;&#xD;
info: Kafka.Ksql.Linq.KsqlContext[0]&#xD;
      ksql execute: EXECUTE SQL=SHOW QUERIES;&#xD;
info: Kafka.Ksql.Linq.KsqlContext[0]&#xD;
      ksql execute: EXECUTE SQL=SHOW QUERIES;&#xD;
info: Kafka.Ksql.Linq.KsqlContext[0]&#xD;
      ksql execute: EXECUTE SQL=SHOW QUERIES;&#xD;
info: Kafka.Ksql.Linq.KsqlContext[0]&#xD;
      ksql execute: EXECUTE SQL=SHOW QUERIES;&#xD;
info: Kafka.Ksql.Linq.KsqlContext[0]&#xD;
      ksql execute: EXECUTE SQL=SHOW QUERIES;&#xD;
info: Kafka.Ksql.Linq.KsqlContext[0]&#xD;
      ksql execute: EXECUTE SQL=SHOW QUERIES;&#xD;
info: Kafka.Ksql.Linq.KsqlContext[0]&#xD;
      ksql execute: EXECUTE SQL=SHOW QUERIES;&#xD;
info: Kafka.Ksql.Linq.KsqlContext[0]&#xD;
      ksql execute: EXECUTE SQL=SHOW QUERIES;&#xD;
info: Kafka.Ksql.Linq.KsqlContext[0]&#xD;
      ksql execute: EXECUTE SQL=SHOW QUERIES;&#xD;
info: Kafka.Ksql.Linq.KsqlContext[0]&#xD;
      ksql execute: EXECUTE SQL=SHOW QUERIES;&#xD;
info: Kafka.Ksql.Linq.KsqlContext[0]&#xD;
      ksql execute: EXECUTE SQL=SHOW QUERIES;&#xD;
info: Streamiz.Kafka.Net.Processors.StreamThread[0]&#xD;
      Processed 0 total records, ran 0 punctuators and committed 0 total tasks since the last update&#xD;
info: Kafka.Ksql.Linq.KsqlContext[0]&#xD;
      ksql execute: EXECUTE SQL=SHOW QUERIES;&#xD;
info: Kafka.Ksql.Linq.KsqlContext[0]&#xD;
      ksql execute: EXECUTE SQL=SHOW QUERIES;&#xD;
info: Kafka.Ksql.Linq.KsqlContext[0]&#xD;
      ksql execute: EXECUTE SQL=SHOW QUERIES;&#xD;
info: Kafka.Ksql.Linq.KsqlContext[0]&#xD;
      ksql execute: EXECUTE SQL=SHOW QUERIES;&#xD;
info: Kafka.Ksql.Linq.KsqlContext[0]&#xD;
      ksql execute: EXECUTE SQL=SHOW QUERIES;&#xD;
info: Kafka.Ksql.Linq.KsqlContext[0]&#xD;
      ksql execute: EXECUTE SQL=SHOW QUERIES;&#xD;
info: Kafka.Ksql.Linq.KsqlContext[0]&#xD;
      ksql execute: EXECUTE SQL=SHOW QUERIES;&#xD;
info: Kafka.Ksql.Linq.KsqlContext[0]&#xD;
      ksql execute: EXECUTE SQL=SHOW QUERIES;&#xD;
info: Kafka.Ksql.Linq.KsqlContext[0]&#xD;
      ksql execute: EXECUTE SQL=SHOW QUERIES;&#xD;
info: Kafka.Ksql.Linq.KsqlContext[0]&#xD;
      ksql execute: EXECUTE SQL=SHOW QUERIES;&#xD;
info: Kafka.Ksql.Linq.KsqlContext[0]&#xD;
      ksql execute: EXECUTE SQL=SHOW QUERIES;&#xD;
info: Kafka.Ksql.Linq.KsqlContext[0]&#xD;
      ksql execute: EXECUTE SQL=SHOW QUERIES;&#xD;
info: Kafka.Ksql.Linq.KsqlContext[0]&#xD;
      ksql execute: EXECUTE SQL=SHOW QUERIES;&#xD;
info: Kafka.Ksql.Linq.KsqlContext[0]&#xD;
      ksql execute: EXECUTE SQL=SHOW QUERIES;&#xD;
info: Kafka.Ksql.Linq.KsqlContext[0]&#xD;
      ksql execute: EXECUTE SQL=SHOW QUERIES;&#xD;
info: Kafka.Ksql.Linq.KsqlContext[0]&#xD;
      ksql execute: EXECUTE SQL=SHOW QUERIES;&#xD;
info: Kafka.Ksql.Linq.KsqlContext[0]&#xD;
      ksql execute: EXECUTE SQL=SHOW QUERIES;&#xD;
info: Kafka.Ksql.Linq.KsqlContext[0]&#xD;
      ksql execute: EXECUTE SQL=SHOW QUERIES;&#xD;
info: Kafka.Ksql.Linq.KsqlContext[0]&#xD;
      ksql execute: EXECUTE SQL=SHOW QUERIES;&#xD;
info: Kafka.Ksql.Linq.KsqlContext[0]&#xD;
      ksql execute: EXECUTE SQL=SHOW QUERIES;&#xD;
info: Kafka.Ksql.Linq.KsqlContext[0]&#xD;
      ksql execute: EXECUTE SQL=SHOW QUERIES;&#xD;
info: Kafka.Ksql.Linq.KsqlContext[0]&#xD;
      ksql execute: EXECUTE SQL=SHOW QUERIES;&#xD;
info: Kafka.Ksql.Linq.KsqlContext[0]&#xD;
      ksql execute: EXECUTE SQL=SHOW QUERIES;&#xD;
info: Kafka.Ksql.Linq.KsqlContext[0]&#xD;
      ksql execute: EXECUTE SQL=SHOW QUERIES;&#xD;
info: Kafka.Ksql.Linq.KsqlContext[0]&#xD;
      ksql execute: EXECUTE SQL=SHOW QUERIES;&#xD;
info: Kafka.Ksql.Linq.KsqlContext[0]&#xD;
      ksql execute: EXECUTE SQL=SHOW QUERIES;&#xD;
info: Kafka.Ksql.Linq.KsqlContext[0]&#xD;
      ksql execute: EXECUTE SQL=SHOW QUERIES;&#xD;
info: Kafka.Ksql.Linq.KsqlContext[0]&#xD;
      ksql execute: EXECUTE SQL=SHOW QUERIES;&#xD;
info: Kafka.Ksql.Linq.KsqlContext[0]&#xD;
      ksql execute: EXECUTE SQL=SHOW QUERIES;&#xD;
info: Kafka.Ksql.Linq.KsqlContext[0]&#xD;
      ksql execute: EXECUTE SQL=SHOW QUERIES;&#xD;
info: Streamiz.Kafka.Net.Processors.StreamThread[0]&#xD;
      Processed 0 total records, ran 0 punctuators and committed 0 total tasks since the last update&#xD;
info: Kafka.Ksql.Linq.KsqlContext[0]&#xD;
      ksql execute: EXECUTE SQL=SHOW QUERIES;&#xD;
info: Kafka.Ksql.Linq.KsqlContext[0]&#xD;
      ksql execute: EXECUTE SQL=SHOW QUERIES;&#xD;
info: Kafka.Ksql.Linq.KsqlContext[0]&#xD;
      ksql execute: EXECUTE SQL=SHOW QUERIES;&#xD;
info: Kafka.Ksql.Linq.KsqlContext[0]&#xD;
      ksql execute: EXECUTE SQL=SHOW QUERIES;&#xD;
info: Kafka.Ksql.Linq.KsqlContext[0]&#xD;
      ksql execute: EXECUTE SQL=SHOW QUERIES;&#xD;
info: Kafka.Ksql.Linq.KsqlContext[0]&#xD;
      ksql execute: EXECUTE SQL=SHOW QUERIES;&#xD;
info: Kafka.Ksql.Linq.KsqlContext[0]&#xD;
      ksql execute: EXECUTE SQL=SHOW QUERIES;&#xD;
info: Kafka.Ksql.Linq.KsqlContext[0]&#xD;
      ksql execute: EXECUTE SQL=SHOW QUERIES;&#xD;
info: Kafka.Ksql.Linq.KsqlContext[0]&#xD;
      ksql execute: EXECUTE SQL=SHOW QUERIES;&#xD;
info: Kafka.Ksql.Linq.KsqlContext[0]&#xD;
      ksql execute: EXECUTE SQL=SHOW QUERIES;&#xD;
info: Kafka.Ksql.Linq.KsqlContext[0]&#xD;
      ksql execute: EXECUTE SQL=SHOW QUERIES;&#xD;
info: Kafka.Ksql.Linq.KsqlContext[0]&#xD;
      ksql execute: EXECUTE SQL=SHOW QUERIES;&#xD;
info: Kafka.Ksql.Linq.KsqlContext[0]&#xD;
      ksql execute: EXECUTE SQL=SHOW QUERIES;&#xD;
info: Kafka.Ksql.Linq.KsqlContext[0]&#xD;
      ksql execute: EXECUTE SQL=SHOW QUERIES;&#xD;
info: Kafka.Ksql.Linq.KsqlContext[0]&#xD;
      ksql execute: EXECUTE SQL=SHOW QUERIES;&#xD;
info: Kafka.Ksql.Linq.KsqlContext[0]&#xD;
      ksql execute: EXECUTE SQL=SHOW QUERIES;&#xD;
info: Kafka.Ksql.Linq.KsqlContext[0]&#xD;
      ksql execute: EXECUTE SQL=SHOW QUERIES;&#xD;
info: Kafka.Ksql.Linq.KsqlContext[0]&#xD;
      ksql execute: EXECUTE SQL=SHOW QUERIES;&#xD;
info: Kafka.Ksql.Linq.KsqlContext[0]&#xD;
      ksql execute: EXECUTE SQL=SHOW QUERIES;&#xD;
info: Kafka.Ksql.Linq.KsqlContext[0]&#xD;
      ksql execute: EXECUTE SQL=SHOW QUERIES;&#xD;
info: Kafka.Ksql.Linq.KsqlContext[0]&#xD;
      ksql execute: EXECUTE SQL=SHOW QUERIES;&#xD;
info: Kafka.Ksql.Linq.KsqlContext[0]&#xD;
      ksql execute: EXECUTE SQL=SHOW QUERIES;&#xD;
info: Kafka.Ksql.Linq.KsqlContext[0]&#xD;
      ksql execute: EXECUTE SQL=SHOW QUERIES;&#xD;
info: Kafka.Ksql.Linq.KsqlContext[0]&#xD;
      ksql execute: EXECUTE SQL=SHOW QUERIES;&#xD;
info: Kafka.Ksql.Linq.KsqlContext[0]&#xD;
      ksql execute: EXECUTE SQL=SHOW QUERIES;&#xD;
info: Kafka.Ksql.Linq.KsqlContext[0]&#xD;
      ksql execute: EXECUTE SQL=SHOW QUERIES;&#xD;
info: Kafka.Ksql.Linq.KsqlContext[0]&#xD;
      ksql execute: EXECUTE SQL=SHOW QUERIES;&#xD;
info: Kafka.Ksql.Linq.KsqlContext[0]&#xD;
      ksql execute: EXECUTE SQL=SHOW QUERIES;&#xD;
info: Kafka.Ksql.Linq.KsqlContext[0]&#xD;
      ksql execute: EXECUTE SQL=SHOW QUERIES;&#xD;
info: Streamiz.Kafka.Net.Processors.StreamThread[0]&#xD;
      Processed 0 total records, ran 0 punctuators and committed 0 total tasks since the last update&#xD;
info: Kafka.Ksql.Linq.KsqlContext[0]&#xD;
      ksql execute: EXECUTE SQL=SHOW QUERIES;&#xD;
info: Kafka.Ksql.Linq.KsqlContext[0]&#xD;
      ksql execute: EXECUTE SQL=SHOW QUERIES;&#xD;
info: Kafka.Ksql.Linq.KsqlContext[0]&#xD;
      ksql execute: EXECUTE SQL=SHOW QUERIES;&#xD;
info: Kafka.Ksql.Linq.KsqlContext[0]&#xD;
      ksql execute: EXECUTE SQL=SHOW QUERIES;&#xD;
info: Kafka.Ksql.Linq.KsqlContext[0]&#xD;
      ksql execute: EXECUTE SQL=SHOW QUERIES;&#xD;
info: Kafka.Ksql.Linq.KsqlContext[0]&#xD;
      ksql execute: EXECUTE SQL=SHOW QUERIES;&#xD;
info: Kafka.Ksql.Linq.KsqlContext[0]&#xD;
      ksql execute: EXECUTE SQL=SHOW QUERIES;&#xD;
fail: Kafka.Ksql.Linq.KsqlContext[0]&#xD;
      KsqlContext initialization failed: CTAS/CSAS query for bar1wkfinal_1s_final did not reach RUNNING within 180s &#xD;
      System.TimeoutException: CTAS/CSAS query for bar1wkfinal_1s_final did not reach RUNNING within 180s&#xD;
         at Kafka.Ksql.Linq.KsqlContext.&lt;&gt;c__DisplayClass95_0.&lt;&lt;EnsureQueryEntityDdlAsync&gt;g__EnsureDerivedQueryEntityDdlAsync|0&gt;d.MoveNext()&#xD;
      --- End of stack trace from previous location ---&#xD;
         at Kafka.Ksql.Linq.KsqlContext.EnsureQueryEntityDdlAsync(Type type, EntityModel model)&#xD;
         at Kafka.Ksql.Linq.KsqlContext.RegisterSchemasAndMaterializeAsync()&#xD;
         at Kafka.Ksql.Linq.KsqlContext.InitializeWithSchemaRegistration()&#xD;
         at Kafka.Ksql.Linq.KsqlContext.InitializeCore(ILoggerFactory loggerFactory)&#xD;
[xUnit.net 00:49:02.51]       System.TimeoutException : CTAS/CSAS query for bar1wkfinal_1s_final did not reach RUNNING within 180s&#xD;
[xUnit.net 00:49:02.51]       Stack Trace:&#xD;
[xUnit.net 00:49:02.51]            at Kafka.Ksql.Linq.KsqlContext.&lt;&gt;c__DisplayClass95_0.&lt;&lt;EnsureQueryEntityDdlAsync&gt;g__EnsureDerivedQueryEntityDdlAsync|0&gt;d.MoveNext()&#xD;
[xUnit.net 00:49:02.51]         --- End of stack trace from previous location ---&#xD;
[xUnit.net 00:49:02.51]            at Kafka.Ksql.Linq.KsqlContext.EnsureQueryEntityDdlAsync(Type type, EntityModel model)&#xD;
[xUnit.net 00:49:02.51]            at Kafka.Ksql.Linq.KsqlContext.RegisterSchemasAndMaterializeAsync()&#xD;
[xUnit.net 00:49:02.51]            at Kafka.Ksql.Linq.KsqlContext.InitializeWithSchemaRegistration()&#xD;
[xUnit.net 00:49:02.51]            at Kafka.Ksql.Linq.KsqlContext.InitializeCore(ILoggerFactory loggerFactory)&#xD;
[xUnit.net 00:49:02.51]            at Kafka.Ksql.Linq.KsqlContext..ctor(KsqlDslOptions options, ILoggerFactory loggerFactory)&#xD;
[xUnit.net 00:49:02.51]         C:\dev\experimental\physicalTests\OssSamples\BarScheduleWeekendTests.cs(62,0): at Kafka.Ksql.Linq.Tests.Integration.BarScheduleWeekendTests.TestContext..ctor()&#xD;
[xUnit.net 00:49:02.51]         C:\dev\experimental\physicalTests\OssSamples\BarScheduleWeekendTests.cs(137,0): at Kafka.Ksql.Linq.Tests.Integration.BarScheduleWeekendTests.WeekdaysOnly_DailyBars_With_MarketSchedule()&#xD;
[xUnit.net 00:49:02.51]         --- End of stack trace from previous location ---&#xD;
%3|1758243908.584|ERROR|ksql-dsl-client-admin#producer-72| [thrd:127.0.0.1:39092/1]: 1/1 brokers are down&#xD;
%6|1758243908.584|FAIL|ksql-dsl-client-admin#producer-39| [thrd:127.0.0.1:39092/1]: 127.0.0.1:39092/1: Disconnected (after 2727597ms in state UP)&#xD;
%3|1758243908.584|ERROR|ksql-dsl-client-admin#producer-39| [thrd:127.0.0.1:39092/1]: 1/1 brokers are down&#xD;
%3|1758243908.584|ERROR|ksql-dsl-client-admin#producer-39| [thrd:app]: ksql-dsl-client-admin#producer-39: 127.0.0.1:39092/1: Disconnected (after 2727597ms in state UP)&#xD;
fail: Streamiz.Kafka.Net.Kafka.KafkaLoggerAdapter[0]&#xD;
      stream-thread[.NET Long Running Task] Error producer ksql-dsl-app-rocks_to_list_ticks-60cf3e03-7bd1-4fef-8b7e-880f6a8c0288-stream-thread-0-streamiz-producer#producer-60 - 1/1 brokers are down&#xD;
fail: Streamiz.Kafka.Net.Kafka.KafkaLoggerAdapter[0]&#xD;
      stream-thread[.NET Long Running Task] Error admin ksql-dsl-app-rocks_to_list_ticks-60cf3e03-7bd1-4fef-8b7e-880f6a8c0288-stream-thread-0#producer-59 - 1/1 brokers are down&#xD;
fail: Streamiz.Kafka.Net.Kafka.KafkaLoggerAdapter[0]&#xD;
      stream-thread[.NET Long Running Task] Error admin ksql-dsl-app-rocks_to_list_ticks-60cf3e03-7bd1-4fef-8b7e-880f6a8c0288-streamiz-admin#producer-57 - 1/1 brokers are down&#xD;
%3|1758243908.586|ERROR|ksql-dsl-client-admin#producer-69| [thrd:127.0.0.1:39092/1]: 1/1 brokers are down&#xD;
fail: Streamiz.Kafka.Net.Kafka.KafkaLoggerAdapter[0]&#xD;
      stream-thread[ksql-dsl-app-rocks_to_list_ticks-60cf3e03-7bd1-4fef-8b7e-880f6a8c0288-stream-thread-0] Error consumer ksql-dsl-app-rocks_to_list_ticks-60cf3e03-7bd1-4fef-8b7e-880f6a8c0288-StreamThread-0-streamiz-consumer#consumer-61 - GroupCoordinator: 127.0.0.1:39092: Disconnected (after 2596898ms in state UP)&#xD;
fail: Streamiz.Kafka.Net.Kafka.KafkaLoggerAdapter[0]&#xD;
%3|1758243908.586|ERROR|ksql-dsl-client-admin#producer-70| [thrd:127.0.0.1:39092/1]: 1/1 brokers are down&#xD;
      stream-thread[ksql-dsl-app-rocks_to_list_ticks-60cf3e03-7bd1-4fef-8b7e-880f6a8c0288-stream-thread-0] Error consumer ksql-dsl-app-rocks_to_list_ticks-60cf3e03-7bd1-4fef-8b7e-880f6a8c0288-StreamThread-0-streamiz-consumer#consumer-61 - 127.0.0.1:39092/1: Disconnected (after 2596913ms in state UP)&#xD;
fail: Streamiz.Kafka.Net.Kafka.KafkaLoggerAdapter[0]&#xD;
      stream-thread[ksql-dsl-app-rocks_to_list_ticks-60cf3e03-7bd1-4fef-8b7e-880f6a8c0288-stream-thread-0] Error consumer ksql-dsl-app-rocks_to_list_ticks-60cf3e03-7bd1-4fef-8b7e-880f6a8c0288-StreamThread-0-streamiz-consumer#consumer-61 - 1/1 brokers are down&#xD;
%3|1758243908.587|ERROR|ksql-dsl-client-admin#producer-74| [thrd:127.0.0.1:39092/1]: 1/1 brokers are down&#xD;
fail: Streamiz.Kafka.Net.Kafka.KafkaLoggerAdapter[0]&#xD;
      stream-thread[.NET Long Running Task] Error producer ksql-dsl-app-rocks_to_list_ticks-60cf3e03-7bd1-4fef-8b7e-880f6a8c0288-stream-thread-0-streamiz-producer#producer-60 - 127.0.0.1:39092/bootstrap: Disconnected while requesting ApiVersion: might be caused by incorrect security.protocol configuration (connecting to a SSL listener?) or broker version is &lt; 0.10 (see api.version.request) (after 0ms in state APIVERSION_QUERY)&#xD;
fail: Streamiz.Kafka.Net.Kafka.KafkaLoggerAdapter[0]&#xD;
      stream-thread[.NET Long Running Task] Error producer ksql-dsl-app-rocks_to_list_ticks-60cf3e03-7bd1-4fef-8b7e-880f6a8c0288-stream-thread-0-streamiz-producer#producer-60 - 2/2 brokers are down&#xD;
fail: Streamiz.Kafka.Net.Kafka.KafkaLoggerAdapter[0]&#xD;
      stream-thread[ksql-dsl-app-rocks_to_list_ticks-60cf3e03-7bd1-4fef-8b7e-880f6a8c0288-stream-thread-0] Error consumer ksql-dsl-app-rocks_to_list_ticks-60cf3e03-7bd1-4fef-8b7e-880f6a8c0288-StreamThread-0-streamiz-consumer#consumer-61 - GroupCoordinator: 127.0.0.1:39092: Disconnected (after 0ms in state APIVERSION_QUERY, 1 identical error(s) suppressed)&#xD;
%6|1758243908.587|FAIL|ksql-dsl-client-admin#producer-75| [thrd:127.0.0.1:39092/1]: 127.0.0.1:39092/1: Disconnected (after 622803ms in state UP)&#xD;
%3|1758243908.587|ERROR|ksql-dsl-client-admin#producer-75| [thrd:127.0.0.1:39092/1]: 1/1 brokers are down&#xD;
%3|1758243908.587|ERROR|ksql-dsl-client-admin#producer-75| [thrd:app]: ksql-dsl-client-admin#producer-75: 127.0.0.1:39092/1: Disconnected (after 622803ms in state UP)&#xD;
fail: Streamiz.Kafka.Net.Kafka.KafkaLoggerAdapter[0]&#xD;
      stream-thread[ksql-dsl-app-rocks_to_list_ticks-60cf3e03-7bd1-4fef-8b7e-880f6a8c0288-stream-thread-0] Error consumer ksql-dsl-app-rocks_to_list_ticks-60cf3e03-7bd1-4fef-8b7e-880f6a8c0288-StreamThread-0-streamiz-consumer#consumer-61 - 127.0.0.1:39092/1: Disconnected while requesting ApiVersion: might be caused by incorrect security.protocol configuration (connecting to a SSL listener?) or broker version is &lt; 0.10 (see api.version.request) (after 0ms in state APIVERSION_QUERY)&#xD;
fail: Streamiz.Kafka.Net.Kafka.KafkaLoggerAdapter[0]&#xD;
      stream-thread[ksql-dsl-app-rocks_to_list_ticks-60cf3e03-7bd1-4fef-8b7e-880f6a8c0288-stream-thread-0] Error consumer ksql-dsl-app-rocks_to_list_ticks-60cf3e03-7bd1-4fef-8b7e-880f6a8c0288-StreamThread-0-streamiz-consumer#consumer-61 - 127.0.0.1:39092/bootstrap: Disconnected while requesting ApiVersion: might be caused by incorrect security.protocol configuration (connecting to a SSL listener?) or broker version is &lt; 0.10 (see api.version.request) (after 1ms in state APIVERSION_QUERY)&#xD;
fail: Streamiz.Kafka.Net.Kafka.KafkaLoggerAdapter[0]&#xD;
      stream-thread[.NET Long Running Task] Error producer ksql-dsl-app-rocks_to_list_ticks-60cf3e03-7bd1-4fef-8b7e-880f6a8c0288-stream-thread-0-streamiz-producer#producer-60 - 127.0.0.1:39092/1: Disconnected while requesting ApiVersion: might be caused by incorrect security.protocol configuration (connecting to a SSL listener?) or broker version is &lt; 0.10 (see api.version.request) (after 1ms in state APIVERSION_QUERY)&#xD;
fail: Streamiz.Kafka.Net.Kafka.KafkaLoggerAdapter[0]&#xD;
      stream-thread[ksql-dsl-app-rocks_to_list_ticks-60cf3e03-7bd1-4fef-8b7e-880f6a8c0288-stream-thread-0] Error consumer ksql-dsl-app-rocks_to_list_ticks-60cf3e03-7bd1-4fef-8b7e-880f6a8c0288-StreamThread-0-streamiz-consumer#consumer-61 - 2/2 brokers are down&#xD;
%6|1758243908.699|FAIL|ksql-dsl-client-admin#producer-74| [thrd:127.0.0.1:39092/1]: 127.0.0.1:39092/1: Disconnected while requesting ApiVersion: might be caused by incorrect security.protocol configuration (connecting to a SSL listener?) or broker version is &lt; 0.10 (see api.version.request) (after 0ms in state APIVERSION_QUERY)&#xD;
%3|1758243908.699|ERROR|ksql-dsl-client-admin#producer-74| [thrd:app]: ksql-dsl-client-admin#producer-74: 127.0.0.1:39092/1: Disconnected while requesting ApiVersion: might be caused by incorrect security.protocol configuration (connecting to a SSL listener?) or broker version is &lt; 0.10 (see api.version.request) (after 0ms in state APIVERSION_QUERY)&#xD;
fail: Streamiz.Kafka.Net.Kafka.KafkaLoggerAdapter[0]&#xD;
      stream-thread[.NET Long Running Task] Error admin ksql-dsl-app-rocks_to_list_ticks-60cf3e03-7bd1-4fef-8b7e-880f6a8c0288-stream-thread-0#producer-59 - 127.0.0.1:39092/1: Disconnected while requesting ApiVersion: might be caused by incorrect security.protocol configuration (connecting to a SSL listener?) or broker version is &lt; 0.10 (see api.version.request) (after 0ms in state APIVERSION_QUERY)&#xD;
fail: Streamiz.Kafka.Net.Kafka.KafkaLoggerAdapter[0]&#xD;
      stream-thread[.NET Long Running Task] Error admin ksql-dsl-app-rocks_to_list_ticks-60cf3e03-7bd1-4fef-8b7e-880f6a8c0288-streamiz-admin#producer-57 - 127.0.0.1:39092/1: Disconnected while requesting ApiVersion: might be caused by incorrect security.protocol configuration (connecting to a SSL listener?) or broker version is &lt; 0.10 (see api.version.request) (after 1ms in state APIVERSION_QUERY)&#xD;
fail: Streamiz.Kafka.Net.Kafka.KafkaLoggerAdapter[0]&#xD;
      stream-thread[.NET Long Running Task] Error producer ksql-dsl-app-rocks_to_list_ticks-60cf3e03-7bd1-4fef-8b7e-880f6a8c0288-stream-thread-0-streamiz-producer#producer-60 - 127.0.0.1:39092/bootstrap: Disconnected while requesting ApiVersion: might be caused by incorrect security.protocol configuration (connecting to a SSL listener?) or broker version is &lt; 0.10 (see api.version.request) (after 1ms in state APIVERSION_QUERY, 1 identical error(s) suppressed)&#xD;
fail: Streamiz.Kafka.Net.Kafka.KafkaLoggerAdapter[0]&#xD;
      stream-thread[ksql-dsl-app-rocks_to_list_ticks-60cf3e03-7bd1-4fef-8b7e-880f6a8c0288-stream-thread-0] Error consumer ksql-dsl-app-rocks_to_list_ticks-60cf3e03-7bd1-4fef-8b7e-880f6a8c0288-StreamThread-0-streamiz-consumer#consumer-61 - 127.0.0.1:39092/bootstrap: Disconnected while requesting ApiVersion: might be caused by incorrect security.protocol configuration (connecting to a SSL listener?) or broker version is &lt; 0.10 (see api.version.request) (after 0ms in state APIVERSION_QUERY, 1 identical error(s) suppressed)&#xD;
fail: Streamiz.Kafka.Net.Kafka.KafkaLoggerAdapter[0]&#xD;
      stream-thread[.NET Long Running Task] Error producer ksql-dsl-app-rocks_to_list_ticks-60cf3e03-7bd1-4fef-8b7e-880f6a8c0288-stream-thread-0-streamiz-producer#producer-60 - 127.0.0.1:39092/1: Disconnected while requesting ApiVersion: might be caused by incorrect security.protocol configuration (connecting to a SSL listener?) or broker version is &lt; 0.10 (see api.version.request) (after 0ms in state APIVERSION_QUERY, 1 identical error(s) suppressed)&#xD;
fail: Streamiz.Kafka.Net.Kafka.KafkaLoggerAdapter[0]&#xD;
      stream-thread[ksql-dsl-app-rocks_to_list_ticks-60cf3e03-7bd1-4fef-8b7e-880f6a8c0288-stream-thread-0] Error consumer ksql-dsl-app-rocks_to_list_ticks-60cf3e03-7bd1-4fef-8b7e-880f6a8c0288-StreamThread-0-streamiz-consumer#consumer-61 - 127.0.0.1:39092/1: Disconnected while requesting ApiVersion: might be caused by incorrect security.protocol configuration (connecting to a SSL listener?) or broker version is &lt; 0.10 (see api.version.request) (after 1ms in state APIVERSION_QUERY, 1 identical error(s) suppressed)&#xD;
%6|1758243908.995|FAIL|ksql-dsl-client-admin#producer-74| [thrd:127.0.0.1:39092/1]: 127.0.0.1:39092/1: Disconnected while requesting ApiVersion: might be caused by incorrect security.protocol configuration (connecting to a SSL listener?) or broker version is &lt; 0.10 (see api.version.request) (after 1ms in state APIVERSION_QUERY, 1 identical error(s) suppressed)&#xD;
%3|1758243908.995|ERROR|ksql-dsl-client-admin#producer-74| [thrd:app]: ksql-dsl-client-admin#producer-74: 127.0.0.1:39092/1: Disconnected while requesting ApiVersion: might be caused by incorrect security.protocol configuration (connecting to a SSL listener?) or broker version is &lt; 0.10 (see api.version.request) (after 1ms in state APIVERSION_QUERY, 1 identical error(s) suppressed)&#xD;
fail: Streamiz.Kafka.Net.Kafka.KafkaLoggerAdapter[0]&#xD;
      stream-thread[.NET Long Running Task] Error admin ksql-dsl-app-rocks_to_list_ticks-60cf3e03-7bd1-4fef-8b7e-880f6a8c0288-stream-thread-0#producer-59 - 127.0.0.1:39092/1: Disconnected while requesting ApiVersion: might be caused by incorrect security.protocol configuration (connecting to a SSL listener?) or broker version is &lt; 0.10 (see api.version.request) (after 1ms in state APIVERSION_QUERY, 1 identical error(s) suppressed)&#xD;
fail: Streamiz.Kafka.Net.Kafka.KafkaLoggerAdapter[0]&#xD;
      stream-thread[.NET Long Running Task] Error admin ksql-dsl-app-rocks_to_list_ticks-60cf3e03-7bd1-4fef-8b7e-880f6a8c0288-streamiz-admin#producer-57 - 127.0.0.1:39092/1: Disconnected while requesting ApiVersion: might be caused by incorrect security.protocol configuration (connecting to a SSL listener?) or broker version is &lt; 0.10 (see api.version.request) (after 1ms in state APIVERSION_QUERY, 1 identical error(s) suppressed)&#xD;
%6|1758243909.041|FAIL|ksql-dsl-client-admin#producer-39| [thrd:127.0.0.1:39092/1]: 127.0.0.1:39092/1: Disconnected while requesting ApiVersion: might be caused by incorrect security.protocol configuration (connecting to a SSL listener?) or broker version is &lt; 0.10 (see api.version.request) (after 1ms in state APIVERSION_QUERY)&#xD;
%3|1758243909.041|ERROR|ksql-dsl-client-admin#producer-39| [thrd:app]: ksql-dsl-client-admin#producer-39: 127.0.0.1:39092/1: Disconnected while requesting ApiVersion: might be caused by incorrect security.protocol configuration (connecting to a SSL listener?) or broker version is &lt; 0.10 (see api.version.request) (after 1ms in state APIVERSION_QUERY)&#xD;
%6|1758243909.309|FAIL|ksql-dsl-client-admin#producer-69| [thrd:127.0.0.1:39092/1]: 127.0.0.1:39092/1: Disconnected while requesting ApiVersion: might be caused by incorrect security.protocol configuration (connecting to a SSL listener?) or broker version is &lt; 0.10 (see api.version.request) (after 1ms in state APIVERSION_QUERY)&#xD;
%3|1758243909.309|ERROR|ksql-dsl-client-admin#producer-69| [thrd:app]: ksql-dsl-client-admin#producer-69: 127.0.0.1:39092/1: Disconnected while requesting ApiVersion: might be caused by incorrect security.protocol configuration (connecting to a SSL listener?) or broker version is &lt; 0.10 (see api.version.request) (after 1ms in state APIVERSION_QUERY)&#xD;
%6|1758243909.353|FAIL|ksql-dsl-client-admin#producer-39| [thrd:127.0.0.1:39092/1]: 127.0.0.1:39092/1: Disconnected while requesting ApiVersion: might be caused by incorrect security.protocol configuration (connecting to a SSL listener?) or broker version is &lt; 0.10 (see api.version.request) (after 0ms in state APIVERSION_QUERY, 1 identical error(s) suppressed)&#xD;
%3|1758243909.353|ERROR|ksql-dsl-client-admin#producer-39| [thrd:app]: ksql-dsl-client-admin#producer-39: 127.0.0.1:39092/1: Disconnected while requesting ApiVersion: might be caused by incorrect security.protocol configuration (connecting to a SSL listener?) or broker version is &lt; 0.10 (see api.version.request) (after 0ms in state APIVERSION_QUERY, 1 identical error(s) suppressed)&#xD;
%6|1758243909.401|FAIL|ksql-dsl-client-admin#producer-72| [thrd:127.0.0.1:39092/1]: 127.0.0.1:39092/1: Disconnected while requesting ApiVersion: might be caused by incorrect security.protocol configuration (connecting to a SSL listener?) or broker version is &lt; 0.10 (see api.version.request) (after 0ms in state APIVERSION_QUERY)&#xD;
%6|1758243909.401|FAIL|ksql-dsl-client-admin#producer-70| [thrd:127.0.0.1:39092/1]: 127.0.0.1:39092/1: Disconnected while requesting ApiVersion: might be caused by incorrect security.protocol configuration (connecting to a SSL listener?) or broker version is &lt; 0.10 (see api.version.request) (after 0ms in state APIVERSION_QUERY)&#xD;
%3|1758243909.401|ERROR|ksql-dsl-client-admin#producer-72| [thrd:app]: ksql-dsl-client-admin#producer-72: 127.0.0.1:39092/1: Disconnected while requesting ApiVersion: might be caused by incorrect security.protocol configuration (connecting to a SSL listener?) or broker version is &lt; 0.10 (see api.version.request) (after 0ms in state APIVERSION_QUERY)&#xD;
%3|1758243909.401|ERROR|ksql-dsl-client-admin#producer-70| [thrd:app]: ksql-dsl-client-admin#producer-70: 127.0.0.1:39092/1: Disconnected while requesting ApiVersion: might be caused by incorrect security.protocol configuration (connecting to a SSL listener?) or broker version is &lt; 0.10 (see api.version.request) (after 0ms in state APIVERSION_QUERY)&#xD;
%6|1758243909.527|FAIL|ksql-dsl-client-admin#producer-75| [thrd:127.0.0.1:39092/1]: 127.0.0.1:39092/1: Disconnected while requesting ApiVersion: might be caused by incorrect security.protocol configuration (connecting to a SSL listener?) or broker version is &lt; 0.10 (see api.version.request) (after 1ms in state APIVERSION_QUERY)&#xD;
%3|1758243909.527|ERROR|ksql-dsl-client-admin#producer-75| [thrd:app]: ksql-dsl-client-admin#producer-75: 127.0.0.1:39092/1: Disconnected while requesting ApiVersion: might be caused by incorrect security.protocol configuration (connecting to a SSL listener?) or broker version is &lt; 0.10 (see api.version.request) (after 1ms in state APIVERSION_QUERY)&#xD;
%6|1758243909.603|FAIL|ksql-dsl-client-admin#producer-69| [thrd:127.0.0.1:39092/1]: 127.0.0.1:39092/1: Disconnected while requesting ApiVersion: might be caused by incorrect security.protocol configuration (connecting to a SSL listener?) or broker version is &lt; 0.10 (see api.version.request) (after 0ms in state APIVERSION_QUERY, 1 identical error(s) suppressed)&#xD;
%3|1758243909.603|ERROR|ksql-dsl-client-admin#producer-69| [thrd:app]: ksql-dsl-client-admin#producer-69: 127.0.0.1:39092/1: Disconnected while requesting ApiVersion: might be caused by incorrect security.protocol configuration (connecting to a SSL listener?) or broker version is &lt; 0.10 (see api.version.request) (after 0ms in state APIVERSION_QUERY, 1 identical error(s) suppressed)&#xD;
%6|1758243909.698|FAIL|ksql-dsl-client-admin#producer-72| [thrd:127.0.0.1:39092/1]: 127.0.0.1:39092/1: Disconnected while requesting ApiVersion: might be caused by incorrect security.protocol configuration (connecting to a SSL listener?) or broker version is &lt; 0.10 (see api.version.request) (after 1ms in state APIVERSION_QUERY, 1 identical error(s) suppressed)&#xD;
%6|1758243909.698|FAIL|ksql-dsl-client-admin#producer-70| [thrd:127.0.0.1:39092/1]: 127.0.0.1:39092/1: Disconnected while requesting ApiVersion: might be caused by incorrect security.protocol configuration (connecting to a SSL listener?) or broker version is &lt; 0.10 (see api.version.request) (after 1ms in state APIVERSION_QUERY, 1 identical error(s) suppressed)&#xD;
%3|1758243909.698|ERROR|ksql-dsl-client-admin#producer-72| [thrd:app]: ksql-dsl-client-admin#producer-72: 127.0.0.1:39092/1: Disconnected while requesting ApiVersion: might be caused by incorrect security.protocol configuration (connecting to a SSL listener?) or broker version is &lt; 0.10 (see api.version.request) (after 1ms in state APIVERSION_QUERY, 1 identical error(s) suppressed)&#xD;
%3|1758243909.698|ERROR|ksql-dsl-client-admin#producer-70| [thrd:app]: ksql-dsl-client-admin#producer-70: 127.0.0.1:39092/1: Disconnected while requesting ApiVersion: might be caused by incorrect security.protocol configuration (connecting to a SSL listener?) or broker version is &lt; 0.10 (see api.version.request) (after 1ms in state APIVERSION_QUERY, 1 identical error(s) suppressed)&#xD;
%6|1758243909.714|FAIL|ksql-dsl-client-admin#producer-74| [thrd:127.0.0.1:39092/bootstrap]: 127.0.0.1:39092/bootstrap: Disconnected while requesting ApiVersion: might be caused by incorrect security.protocol configuration (connecting to a SSL listener?) or broker version is &lt; 0.10 (see api.version.request) (after 1ms in state APIVERSION_QUERY)&#xD;
%3|1758243909.714|ERROR|ksql-dsl-client-admin#producer-74| [thrd:127.0.0.1:39092/bootstrap]: 2/2 brokers are down&#xD;
%3|1758243909.714|ERROR|ksql-dsl-client-admin#producer-74| [thrd:app]: ksql-dsl-client-admin#producer-74: 127.0.0.1:39092/bootstrap: Disconnected while requesting ApiVersion: might be caused by incorrect security.protocol configuration (connecting to a SSL listener?) or broker version is &lt; 0.10 (see api.version.request) (after 1ms in state APIVERSION_QUERY)&#xD;
fail: Streamiz.Kafka.Net.Kafka.KafkaLoggerAdapter[0]&#xD;
      stream-thread[.NET Long Running Task] Error admin ksql-dsl-app-rocks_to_list_ticks-60cf3e03-7bd1-4fef-8b7e-880f6a8c0288-streamiz-admin#producer-57 - 127.0.0.1:39092/bootstrap: Disconnected while requesting ApiVersion: might be caused by incorrect security.protocol configuration (connecting to a SSL listener?) or broker version is &lt; 0.10 (see api.version.request) (after 1ms in state APIVERSION_QUERY)&#xD;
fail: Streamiz.Kafka.Net.Kafka.KafkaLoggerAdapter[0]&#xD;
      stream-thread[.NET Long Running Task] Error admin ksql-dsl-app-rocks_to_list_ticks-60cf3e03-7bd1-4fef-8b7e-880f6a8c0288-stream-thread-0#producer-59 - 127.0.0.1:39092/bootstrap: Disconnected while requesting ApiVersion: might be caused by incorrect security.protocol configuration (connecting to a SSL listener?) or broker version is &lt; 0.10 (see api.version.request) (after 1ms in state APIVERSION_QUERY)&#xD;
fail: Streamiz.Kafka.Net.Kafka.KafkaLoggerAdapter[0]&#xD;
      stream-thread[.NET Long Running Task] Error admin ksql-dsl-app-rocks_to_list_ticks-60cf3e03-7bd1-4fef-8b7e-880f6a8c0288-streamiz-admin#producer-57 - 2/2 brokers are down&#xD;
fail: Streamiz.Kafka.Net.Kafka.KafkaLoggerAdapter[0]&#xD;
      stream-thread[.NET Long Running Task] Error admin ksql-dsl-app-rocks_to_list_ticks-60cf3e03-7bd1-4fef-8b7e-880f6a8c0288-stream-thread-0#producer-59 - 2/2 brokers are down&#xD;
%6|1758243909.821|FAIL|ksql-dsl-client-admin#producer-75| [thrd:127.0.0.1:39092/1]: 127.0.0.1:39092/1: Disconnected while requesting ApiVersion: might be caused by incorrect security.protocol configuration (connecting to a SSL listener?) or broker version is &lt; 0.10 (see api.version.request) (after 1ms in state APIVERSION_QUERY, 1 identical error(s) suppressed)&#xD;
%3|1758243909.821|ERROR|ksql-dsl-client-admin#producer-75| [thrd:app]: ksql-dsl-client-admin#producer-75: 127.0.0.1:39092/1: Disconnected while requesting ApiVersion: might be caused by incorrect security.protocol configuration (connecting to a SSL listener?) or broker version is &lt; 0.10 (see api.version.request) (after 1ms in state APIVERSION_QUERY, 1 identical error(s) suppressed)&#xD;
%6|1758243909.914|FAIL|ksql-dsl-client-admin#producer-74| [thrd:127.0.0.1:39092/bootstrap]: 127.0.0.1:39092/bootstrap: Disconnected while requesting ApiVersion: might be caused by incorrect security.protocol configuration (connecting to a SSL listener?) or broker version is &lt; 0.10 (see api.version.request) (after 1ms in state APIVERSION_QUERY, 1 identical error(s) suppressed)&#xD;
%3|1758243909.914|ERROR|ksql-dsl-client-admin#producer-74| [thrd:app]: ksql-dsl-client-admin#producer-74: 127.0.0.1:39092/bootstrap: Disconnected while requesting ApiVersion: might be caused by incorrect security.protocol configuration (connecting to a SSL listener?) or broker version is &lt; 0.10 (see api.version.request) (after 1ms in state APIVERSION_QUERY, 1 identical error(s) suppressed)&#xD;
fail: Streamiz.Kafka.Net.Kafka.KafkaLoggerAdapter[0]&#xD;
      stream-thread[.NET Long Running Task] Error admin ksql-dsl-app-rocks_to_list_ticks-60cf3e03-7bd1-4fef-8b7e-880f6a8c0288-stream-thread-0#producer-59 - 127.0.0.1:39092/bootstrap: Disconnected while requesting ApiVersion: might be caused by incorrect security.protocol configuration (connecting to a SSL listener?) or broker version is &lt; 0.10 (see api.version.request) (after 0ms in state APIVERSION_QUERY, 1 identical error(s) suppressed)&#xD;
fail: Streamiz.Kafka.Net.Kafka.KafkaLoggerAdapter[0]&#xD;
      stream-thread[.NET Long Running Task] Error admin ksql-dsl-app-rocks_to_list_ticks-60cf3e03-7bd1-4fef-8b7e-880f6a8c0288-streamiz-admin#producer-57 - 127.0.0.1:39092/bootstrap: Disconnected while requesting ApiVersion: might be caused by incorrect security.protocol configuration (connecting to a SSL listener?) or broker version is &lt; 0.10 (see api.version.request) (after 0ms in state APIVERSION_QUERY, 1 identical error(s) suppressed)&#xD;
%6|1758243910.054|FAIL|ksql-dsl-client-admin#producer-39| [thrd:127.0.0.1:39092/bootstrap]: 127.0.0.1:39092/bootstrap: Disconnected while requesting ApiVersion: might be caused by incorrect security.protocol configuration (connecting to a SSL listener?) or broker version is &lt; 0.10 (see api.version.request) (after 0ms in state APIVERSION_QUERY)&#xD;
%3|1758243910.054|ERROR|ksql-dsl-client-admin#producer-39| [thrd:127.0.0.1:39092/bootstrap]: 2/2 brokers are down&#xD;
%3|1758243910.054|ERROR|ksql-dsl-client-admin#producer-39| [thrd:app]: ksql-dsl-client-admin#producer-39: 127.0.0.1:39092/bootstrap: Disconnected while requesting ApiVersion: might be caused by incorrect security.protocol configuration (connecting to a SSL listener?) or broker version is &lt; 0.10 (see api.version.request) (after 0ms in state APIVERSION_QUERY)&#xD;
%6|1758243910.443|FAIL|ksql-dsl-client-admin#producer-39| [thrd:127.0.0.1:39092/bootstrap]: 127.0.0.1:39092/bootstrap: Disconnected while requesting ApiVersion: might be caused by incorrect security.protocol configuration (connecting to a SSL listener?) or broker version is &lt; 0.10 (see api.version.request) (after 187ms in state APIVERSION_QUERY, 1 identical error(s) suppressed)&#xD;
%3|1758243910.443|ERROR|ksql-dsl-client-admin#producer-39| [thrd:app]: ksql-dsl-client-admin#producer-39: 127.0.0.1:39092/bootstrap: Disconnected while requesting ApiVersion: might be caused by incorrect security.protocol configuration (connecting to a SSL listener?) or broker version is &lt; 0.10 (see api.version.request) (after 187ms in state APIVERSION_QUERY, 1 identical error(s) suppressed)&#xD;
%6|1758243910.444|FAIL|ksql-dsl-client-admin#producer-70| [thrd:127.0.0.1:39092/bootstrap]: 127.0.0.1:39092/bootstrap: Disconnected while requesting ApiVersion: might be caused by incorrect security.protocol configuration (connecting to a SSL listener?) or broker version is &lt; 0.10 (see api.version.request) (after 32ms in state APIVERSION_QUERY)&#xD;
%3|1758243910.444|ERROR|ksql-dsl-client-admin#producer-70| [thrd:127.0.0.1:39092/bootstrap]: 2/2 brokers are down&#xD;
%6|1758243910.444|FAIL|ksql-dsl-client-admin#producer-72| [thrd:127.0.0.1:39092/bootstrap]: 127.0.0.1:39092/bootstrap: Disconnected while requesting ApiVersion: might be caused by incorrect security.protocol configuration (connecting to a SSL listener?) or broker version is &lt; 0.10 (see api.version.request) (after 32ms in state APIVERSION_QUERY)&#xD;
%3|1758243910.444|ERROR|ksql-dsl-client-admin#producer-72| [thrd:127.0.0.1:39092/bootstrap]: 2/2 brokers are down&#xD;
%3|1758243910.444|ERROR|ksql-dsl-client-admin#producer-72| [thrd:app]: ksql-dsl-client-admin#producer-72: 127.0.0.1:39092/bootstrap: Disconnected while requesting ApiVersion: might be caused by incorrect security.protocol configuration (connecting to a SSL listener?) or broker version is &lt; 0.10 (see api.version.request) (after 32ms in state APIVERSION_QUERY)&#xD;
%6|1758243910.444|FAIL|ksql-dsl-client-admin#producer-69| [thrd:127.0.0.1:39092/bootstrap]: 127.0.0.1:39092/bootstrap: Disconnected while requesting ApiVersion: might be caused by incorrect security.protocol configuration (connecting to a SSL listener?) or broker version is &lt; 0.10 (see api.version.request) (after 125ms in state APIVERSION_QUERY)&#xD;
%3|1758243910.444|ERROR|ksql-dsl-client-admin#producer-69| [thrd:app]: ksql-dsl-client-admin#producer-69: 127.0.0.1:39092/bootstrap: Disconnected while requesting ApiVersion: might be caused by incorrect security.protocol configuration (connecting to a SSL listener?) or broker version is &lt; 0.10 (see api.version.request) (after 125ms in state APIVERSION_QUERY)&#xD;
%3|1758243910.444|ERROR|ksql-dsl-client-admin#producer-69| [thrd:127.0.0.1:39092/bootstrap]: 2/2 brokers are down&#xD;
%3|1758243910.444|ERROR|ksql-dsl-client-admin#producer-70| [thrd:app]: ksql-dsl-client-admin#producer-70: 127.0.0.1:39092/bootstrap: Disconnected while requesting ApiVersion: might be caused by incorrect security.protocol configuration (connecting to a SSL listener?) or broker version is &lt; 0.10 (see api.version.request) (after 32ms in state APIVERSION_QUERY)&#xD;
[ConsumerConfig] topic=orders group=default-group enableAutoCommit=True autoOffsetReset=Latest&#xD;
[ConsumeInternal] subscribed topic=orders group=default-group autoCommit=True&#xD;
[ConsumerConfig] topic=orders group=default-group enableAutoCommit=True autoOffsetReset=Latest&#xD;
[ConsumeInternal] subscribed topic=orders group=default-group autoCommit=True&#xD;
%3|1758243912.508|FAIL|ksql-dsl-client-admin#producer-76| [thrd:127.0.0.1:39092/bootstrap]: 127.0.0.1:39092/bootstrap: Connect to ipv4#127.0.0.1:39092 failed: Unknown error (after 2042ms in state CONNECT)&#xD;
%3|1758243912.508|ERROR|ksql-dsl-client-admin#producer-76| [thrd:127.0.0.1:39092/bootstrap]: 1/1 brokers are down&#xD;
%3|1758243912.508|ERROR|ksql-dsl-client-admin#producer-76| [thrd:app]: ksql-dsl-client-admin#producer-76: 127.0.0.1:39092/bootstrap: Connect to ipv4#127.0.0.1:39092 failed: Unknown error (after 2042ms in state CONNECT)&#xD;
%3|1758243912.554|FAIL|ksql-dsl-client-admin#producer-39| [thrd:127.0.0.1:39092/1]: 127.0.0.1:39092/1: Connect to ipv4#127.0.0.1:39092 failed: Unknown error (after 2051ms in state CONNECT)&#xD;
%3|1758243912.554|ERROR|ksql-dsl-client-admin#producer-39| [thrd:app]: ksql-dsl-client-admin#producer-39: 127.0.0.1:39092/1: Connect to ipv4#127.0.0.1:39092 failed: Unknown error (after 2051ms in state CONNECT)&#xD;
%3|1758243912.587|FAIL|ksql-dsl-client-admin#producer-75| [thrd:127.0.0.1:39092/bootstrap]: 127.0.0.1:39092/bootstrap: Connect to ipv4#127.0.0.1:39092 failed: Unknown error (after 2053ms in state CONNECT)&#xD;
%3|1758243912.587|ERROR|ksql-dsl-client-admin#producer-75| [thrd:127.0.0.1:39092/bootstrap]: 2/2 brokers are down&#xD;
%3|1758243912.587|ERROR|ksql-dsl-client-admin#producer-75| [thrd:app]: ksql-dsl-client-admin#producer-75: 127.0.0.1:39092/bootstrap: Connect to ipv4#127.0.0.1:39092 failed: Unknown error (after 2053ms in state CONNECT)&#xD;
%3|1758243912.633|FAIL|ksql-dsl-client-admin#producer-74| [thrd:127.0.0.1:39092/bootstrap]: 127.0.0.1:39092/bootstrap: Connect to ipv4#127.0.0.1:39092 failed: Unknown error (after 2053ms in state CONNECT)&#xD;
%3|1758243912.633|ERROR|ksql-dsl-client-admin#producer-74| [thrd:app]: ksql-dsl-client-admin#producer-74: 127.0.0.1:39092/bootstrap: Connect to ipv4#127.0.0.1:39092 failed: Unknown error (after 2053ms in state CONNECT)&#xD;
fail: Streamiz.Kafka.Net.Kafka.KafkaLoggerAdapter[0]&#xD;
      stream-thread[.NET Long Running Task] Error admin ksql-dsl-app-rocks_to_list_ticks-60cf3e03-7bd1-4fef-8b7e-880f6a8c0288-stream-thread-0#producer-59 - 127.0.0.1:39092/bootstrap: Connect to ipv4#127.0.0.1:39092 failed: Unknown error (after 2053ms in state CONNECT)&#xD;
fail: Streamiz.Kafka.Net.Kafka.KafkaLoggerAdapter[0]&#xD;
      stream-thread[.NET Long Running Task] Error admin ksql-dsl-app-rocks_to_list_ticks-60cf3e03-7bd1-4fef-8b7e-880f6a8c0288-streamiz-admin#producer-57 - 127.0.0.1:39092/bootstrap: Connect to ipv4#127.0.0.1:39092 failed: Unknown error (after 2053ms in state CONNECT)&#xD;
%3|1758243912.696|FAIL|ksql-dsl-client-admin#producer-70| [thrd:127.0.0.1:39092/bootstrap]: 127.0.0.1:39092/bootstrap: Connect to ipv4#127.0.0.1:39092 failed: Unknown error (after 2054ms in state CONNECT)&#xD;
%3|1758243912.696|FAIL|ksql-dsl-client-admin#producer-72| [thrd:127.0.0.1:39092/bootstrap]: 127.0.0.1:39092/bootstrap: Connect to ipv4#127.0.0.1:39092 failed: Unknown error (after 2054ms in state CONNECT)&#xD;
%3|1758243912.696|FAIL|ksql-dsl-client-admin#producer-69| [thrd:127.0.0.1:39092/bootstrap]: 127.0.0.1:39092/bootstrap: Connect to ipv4#127.0.0.1:39092 failed: Unknown error (after 2054ms in state CONNECT)&#xD;
%3|1758243912.696|ERROR|ksql-dsl-client-admin#producer-70| [thrd:app]: ksql-dsl-client-admin#producer-70: 127.0.0.1:39092/bootstrap: Connect to ipv4#127.0.0.1:39092 failed: Unknown error (after 2054ms in state CONNECT)&#xD;
%3|1758243912.696|ERROR|ksql-dsl-client-admin#producer-72| [thrd:app]: ksql-dsl-client-admin#producer-72: 127.0.0.1:39092/bootstrap: Connect to ipv4#127.0.0.1:39092 failed: Unknown error (after 2054ms in state CONNECT)&#xD;
%3|1758243912.696|ERROR|ksql-dsl-client-admin#producer-69| [thrd:app]: ksql-dsl-client-admin#producer-69: 127.0.0.1:39092/bootstrap: Connect to ipv4#127.0.0.1:39092 failed: Unknown error (after 2054ms in state CONNECT)&#xD;
%3|1758243912.788|FAIL|ksql-dsl-client-admin#producer-69| [thrd:127.0.0.1:39092/1]: 127.0.0.1:39092/1: Connect to ipv4#127.0.0.1:39092 failed: Unknown error (after 2039ms in state CONNECT)&#xD;
%3|1758243912.788|ERROR|ksql-dsl-client-admin#producer-69| [thrd:app]: ksql-dsl-client-admin#producer-69: 127.0.0.1:39092/1: Connect to ipv4#127.0.0.1:39092 failed: Unknown error (after 2039ms in state CONNECT)&#xD;
%3|1758243912.895|FAIL|ksql-dsl-client-admin#producer-70| [thrd:127.0.0.1:39092/1]: 127.0.0.1:39092/1: Connect to ipv4#127.0.0.1:39092 failed: Unknown error (after 2052ms in state CONNECT)&#xD;
%3|1758243912.895|FAIL|ksql-dsl-client-admin#producer-72| [thrd:127.0.0.1:39092/1]: 127.0.0.1:39092/1: Connect to ipv4#127.0.0.1:39092 failed: Unknown error (after 2052ms in state CONNECT)&#xD;
%3|1758243912.895|ERROR|ksql-dsl-client-admin#producer-70| [thrd:app]: ksql-dsl-client-admin#producer-70: 127.0.0.1:39092/1: Connect to ipv4#127.0.0.1:39092 failed: Unknown error (after 2052ms in state CONNECT)&#xD;
%3|1758243912.895|ERROR|ksql-dsl-client-admin#producer-72| [thrd:app]: ksql-dsl-client-admin#producer-72: 127.0.0.1:39092/1: Connect to ipv4#127.0.0.1:39092 failed: Unknown error (after 2052ms in state CONNECT)&#xD;
%3|1758243913.020|FAIL|ksql-dsl-client-admin#producer-75| [thrd:127.0.0.1:39092/1]: 127.0.0.1:39092/1: Connect to ipv4#127.0.0.1:39092 failed: Unknown error (after 2050ms in state CONNECT)&#xD;
%3|1758243913.020|ERROR|ksql-dsl-client-admin#producer-75| [thrd:app]: ksql-dsl-client-admin#producer-75: 127.0.0.1:39092/1: Connect to ipv4#127.0.0.1:39092 failed: Unknown error (after 2050ms in state CONNECT)&#xD;
%3|1758243913.160|FAIL|ksql-dsl-client-admin#producer-39| [thrd:127.0.0.1:39092/bootstrap]: 127.0.0.1:39092/bootstrap: Connect to ipv4#127.0.0.1:39092 failed: Unknown error (after 2049ms in state CONNECT)&#xD;
%3|1758243913.160|ERROR|ksql-dsl-client-admin#producer-39| [thrd:app]: ksql-dsl-client-admin#producer-39: 127.0.0.1:39092/bootstrap: Connect to ipv4#127.0.0.1:39092 failed: Unknown error (after 2049ms in state CONNECT)&#xD;
[ConsumerConfig] topic=orders group=default-group enableAutoCommit=True autoOffsetReset=Latest&#xD;
[ConsumeInternal] subscribed topic=orders group=default-group autoCommit=True&#xD;
fail: Streamiz.Kafka.Net.Kafka.KafkaLoggerAdapter[0]&#xD;
      stream-thread[.NET Long Running Task] Error producer ksql-dsl-app-rocks_to_list_ticks-60cf3e03-7bd1-4fef-8b7e-880f6a8c0288-stream-thread-0-streamiz-producer#producer-60 - 127.0.0.1:39092/1: Connect to ipv4#127.0.0.1:39092 failed: Unknown error (after 2037ms in state CONNECT)&#xD;
fail: Streamiz.Kafka.Net.Kafka.KafkaLoggerAdapter[0]&#xD;
      stream-thread[ksql-dsl-app-rocks_to_list_ticks-60cf3e03-7bd1-4fef-8b7e-880f6a8c0288-stream-thread-0] Error consumer ksql-dsl-app-rocks_to_list_ticks-60cf3e03-7bd1-4fef-8b7e-880f6a8c0288-StreamThread-0-streamiz-consumer#consumer-61 - 127.0.0.1:39092/1: Connect to ipv4#127.0.0.1:39092 failed: Unknown error (after 2040ms in state CONNECT)&#xD;
fail: Streamiz.Kafka.Net.Kafka.KafkaLoggerAdapter[0]&#xD;
      stream-thread[.NET Long Running Task] Error producer ksql-dsl-app-rocks_to_list_ticks-60cf3e03-7bd1-4fef-8b7e-880f6a8c0288-stream-thread-0-streamiz-producer#producer-60 - 127.0.0.1:39092/bootstrap: Connect to ipv4#127.0.0.1:39092 failed: Unknown error (after 2040ms in state CONNECT)&#xD;
[ConsumerConfig] topic=orders_srvdown group=default-group enableAutoCommit=True autoOffsetReset=Latest&#xD;
[ConsumeInternal] subscribed topic=orders_srvdown group=default-group autoCommit=True&#xD;
fail: Streamiz.Kafka.Net.Kafka.KafkaLoggerAdapter[0]&#xD;
      stream-thread[ksql-dsl-app-rocks_to_list_ticks-60cf3e03-7bd1-4fef-8b7e-880f6a8c0288-stream-thread-0] Error consumer ksql-dsl-app-rocks_to_list_ticks-60cf3e03-7bd1-4fef-8b7e-880f6a8c0288-StreamThread-0-streamiz-consumer#consumer-61 - 127.0.0.1:39092/bootstrap: Connect to ipv4#127.0.0.1:39092 failed: Unknown error (after 2047ms in state CONNECT)&#xD;
fail: Streamiz.Kafka.Net.Kafka.KafkaLoggerAdapter[0]&#xD;
      stream-thread[ksql-dsl-app-rocks_to_list_ticks-60cf3e03-7bd1-4fef-8b7e-880f6a8c0288-stream-thread-0] Error consumer ksql-dsl-app-rocks_to_list_ticks-60cf3e03-7bd1-4fef-8b7e-880f6a8c0288-StreamThread-0-streamiz-consumer#consumer-61 - GroupCoordinator: 127.0.0.1:39092: Connect to ipv4#127.0.0.1:39092 failed: Unknown error (after 2047ms in state CONNECT)&#xD;
%3|1758243916.408|FAIL|ksql-dsl-client-admin#producer-69| [thrd:127.0.0.1:39092/bootstrap]: 127.0.0.1:39092/bootstrap: Connect to ipv4#127.0.0.1:39092 failed: Unknown error (after 2048ms in state CONNECT, 1 identical error(s) suppressed)&#xD;
%3|1758243916.408|ERROR|ksql-dsl-client-admin#producer-69| [thrd:app]: ksql-dsl-client-admin#producer-69: 127.0.0.1:39092/bootstrap: Connect to ipv4#127.0.0.1:39092 failed: Unknown error (after 2048ms in state CONNECT, 1 identical error(s) suppressed)&#xD;
%3|1758243916.471|FAIL|ksql-dsl-client-admin#producer-72| [thrd:127.0.0.1:39092/bootstrap]: 127.0.0.1:39092/bootstrap: Connect to ipv4#127.0.0.1:39092 failed: Unknown error (after 2033ms in state CONNECT, 1 identical error(s) suppressed)&#xD;
%3|1758243916.471|ERROR|ksql-dsl-client-admin#producer-72| [thrd:app]: ksql-dsl-client-admin#producer-72: 127.0.0.1:39092/bootstrap: Connect to ipv4#127.0.0.1:39092 failed: Unknown error (after 2033ms in state CONNECT, 1 identical error(s) suppressed)&#xD;
%3|1758243916.471|FAIL|ksql-dsl-client-admin#producer-74| [thrd:127.0.0.1:39092/1]: 127.0.0.1:39092/1: Connect to ipv4#127.0.0.1:39092 failed: Unknown error (after 2048ms in state CONNECT)&#xD;
%3|1758243916.471|ERROR|ksql-dsl-client-admin#producer-74| [thrd:app]: ksql-dsl-client-admin#producer-74: 127.0.0.1:39092/1: Connect to ipv4#127.0.0.1:39092 failed: Unknown error (after 2048ms in state CONNECT)&#xD;
fail: Streamiz.Kafka.Net.Kafka.KafkaLoggerAdapter[0]&#xD;
      stream-thread[.NET Long Running Task] Error admin ksql-dsl-app-rocks_to_list_ticks-60cf3e03-7bd1-4fef-8b7e-880f6a8c0288-stream-thread-0#producer-59 - 127.0.0.1:39092/1: Connect to ipv4#127.0.0.1:39092 failed: Unknown error (after 2048ms in state CONNECT)&#xD;
fail: Streamiz.Kafka.Net.Kafka.KafkaLoggerAdapter[0]&#xD;
      stream-thread[.NET Long Running Task] Error admin ksql-dsl-app-rocks_to_list_ticks-60cf3e03-7bd1-4fef-8b7e-880f6a8c0288-streamiz-admin#producer-57 - 127.0.0.1:39092/1: Connect to ipv4#127.0.0.1:39092 failed: Unknown error (after 2049ms in state CONNECT)&#xD;
%3|1758243916.486|FAIL|ksql-dsl-client-admin#producer-70| [thrd:127.0.0.1:39092/bootstrap]: 127.0.0.1:39092/bootstrap: Connect to ipv4#127.0.0.1:39092 failed: Unknown error (after 2048ms in state CONNECT, 1 identical error(s) suppressed)&#xD;
%3|1758243916.486|ERROR|ksql-dsl-client-admin#producer-70| [thrd:app]: ksql-dsl-client-admin#producer-70: 127.0.0.1:39092/bootstrap: Connect to ipv4#127.0.0.1:39092 failed: Unknown error (after 2048ms in state CONNECT, 1 identical error(s) suppressed)&#xD;
%3|1758243916.608|FAIL|ksql-dsl-client-admin#producer-75| [thrd:127.0.0.1:39092/bootstrap]: 127.0.0.1:39092/bootstrap: Connect to ipv4#127.0.0.1:39092 failed: Unknown error (after 2046ms in state CONNECT, 1 identical error(s) suppressed)&#xD;
%3|1758243916.608|ERROR|ksql-dsl-client-admin#producer-75| [thrd:app]: ksql-dsl-client-admin#producer-75: 127.0.0.1:39092/bootstrap: Connect to ipv4#127.0.0.1:39092 failed: Unknown error (after 2046ms in state CONNECT, 1 identical error(s) suppressed)&#xD;
%3|1758243917.711|FAIL|ksql-dsl-client-admin#producer-85| [thrd:127.0.0.1:39092/bootstrap]: 127.0.0.1:39092/bootstrap: Connect to ipv4#127.0.0.1:39092 failed: Unknown error (after 2045ms in state CONNECT)&#xD;
%3|1758243917.711|FAIL|ksql-dsl-client#consumer-86| [thrd:127.0.0.1:39092/bootstrap]: 127.0.0.1:39092/bootstrap: Connect to ipv4#127.0.0.1:39092 failed: Unknown error (after 2043ms in state CONNECT)&#xD;
%3|1758243917.711|ERROR|ksql-dsl-client-admin#producer-85| [thrd:127.0.0.1:39092/bootstrap]: 1/1 brokers are down&#xD;
%3|1758243917.711|ERROR|ksql-dsl-client#consumer-86| [thrd:127.0.0.1:39092/bootstrap]: 1/1 brokers are down&#xD;
%3|1758243917.711|ERROR|ksql-dsl-client#consumer-86| [thrd:app]: ksql-dsl-client#consumer-86: 127.0.0.1:39092/bootstrap: Connect to ipv4#127.0.0.1:39092 failed: Unknown error (after 2043ms in state CONNECT)&#xD;
%3|1758243917.711|ERROR|ksql-dsl-client-admin#producer-85| [thrd:app]: ksql-dsl-client-admin#producer-85: 127.0.0.1:39092/bootstrap: Connect to ipv4#127.0.0.1:39092 failed: Unknown error (after 2045ms in state CONNECT)&#xD;
%3|1758243919.824|FAIL|ksql-dsl-client#consumer-86| [thrd:127.0.0.1:39092/bootstrap]: 127.0.0.1:39092/bootstrap: Connect to ipv4#127.0.0.1:39092 failed: Unknown error (after 2050ms in state CONNECT, 1 identical error(s) suppressed)&#xD;
%3|1758243919.824|ERROR|ksql-dsl-client#consumer-86| [thrd:app]: ksql-dsl-client#consumer-86: 127.0.0.1:39092/bootstrap: Connect to ipv4#127.0.0.1:39092 failed: Unknown error (after 2050ms in state CONNECT, 1 identical error(s) suppressed)&#xD;
%3|1758243920.741|FAIL|ksql-dsl-client-admin#producer-85| [thrd:127.0.0.1:39092/bootstrap]: 127.0.0.1:39092/bootstrap: Connect to ipv4#127.0.0.1:39092 failed: Unknown error (after 2052ms in state CONNECT, 1 identical error(s) suppressed)&#xD;
%3|1758243920.741|ERROR|ksql-dsl-client-admin#producer-85| [thrd:app]: ksql-dsl-client-admin#producer-85: 127.0.0.1:39092/bootstrap: Connect to ipv4#127.0.0.1:39092 failed: Unknown error (after 2052ms in state CONNECT, 1 identical error(s) suppressed)&#xD;
%6|1758243928.207|FAIL|ksql-dsl-client-admin#producer-39| [thrd:127.0.0.1:39092/1]: 127.0.0.1:39092/1: Disconnected while requesting ApiVersion: might be caused by incorrect security.protocol configuration (connecting to a SSL listener?) or broker version is &lt; 0.10 (see api.version.request) (after 0ms in state APIVERSION_QUERY)&#xD;
%3|1758243928.207|ERROR|ksql-dsl-client-admin#producer-39| [thrd:app]: ksql-dsl-client-admin#producer-39: 127.0.0.1:39092/1: Disconnected while requesting ApiVersion: might be caused by incorrect security.protocol configuration (connecting to a SSL listener?) or broker version is &lt; 0.10 (see api.version.request) (after 0ms in state APIVERSION_QUERY)&#xD;
%6|1758243928.221|FAIL|ksql-dsl-client-admin#producer-75| [thrd:127.0.0.1:39092/bootstrap]: 127.0.0.1:39092/bootstrap: Disconnected while requesting ApiVersion: might be caused by incorrect security.protocol configuration (connecting to a SSL listener?) or broker version is &lt; 0.10 (see api.version.request) (after 0ms in state APIVERSION_QUERY)&#xD;
%3|1758243928.221|ERROR|ksql-dsl-client-admin#producer-75| [thrd:app]: ksql-dsl-client-admin#producer-75: 127.0.0.1:39092/bootstrap: Disconnected while requesting ApiVersion: might be caused by incorrect security.protocol configuration (connecting to a SSL listener?) or broker version is &lt; 0.10 (see api.version.request) (after 0ms in state APIVERSION_QUERY)&#xD;
%6|1758243928.223|FAIL|ksql-dsl-client-admin#producer-39| [thrd:127.0.0.1:39092/bootstrap]: 127.0.0.1:39092/bootstrap: Disconnected while requesting ApiVersion: might be caused by incorrect security.protocol configuration (connecting to a SSL listener?) or broker version is &lt; 0.10 (see api.version.request) (after 1ms in state APIVERSION_QUERY)&#xD;
%3|1758243928.223|ERROR|ksql-dsl-client-admin#producer-39| [thrd:app]: ksql-dsl-client-admin#producer-39: 127.0.0.1:39092/bootstrap: Disconnected while requesting ApiVersion: might be caused by incorrect security.protocol configuration (connecting to a SSL listener?) or broker version is &lt; 0.10 (see api.version.request) (after 1ms in state APIVERSION_QUERY)&#xD;
%6|1758243928.284|FAIL|ksql-dsl-client-admin#producer-85| [thrd:127.0.0.1:39092/bootstrap]: 127.0.0.1:39092/bootstrap: Disconnected while requesting ApiVersion: might be caused by incorrect security.protocol configuration (connecting to a SSL listener?) or broker version is &lt; 0.10 (see api.version.request) (after 1ms in state APIVERSION_QUERY)&#xD;
%3|1758243928.284|ERROR|ksql-dsl-client-admin#producer-85| [thrd:app]: ksql-dsl-client-admin#producer-85: 127.0.0.1:39092/bootstrap: Disconnected while requesting ApiVersion: might be caused by incorrect security.protocol configuration (connecting to a SSL listener?) or broker version is &lt; 0.10 (see api.version.request) (after 1ms in state APIVERSION_QUERY)&#xD;
fail: Streamiz.Kafka.Net.Kafka.KafkaLoggerAdapter[0]&#xD;
      stream-thread[ksql-dsl-app-rocks_to_list_ticks-60cf3e03-7bd1-4fef-8b7e-880f6a8c0288-stream-thread-0] Error consumer ksql-dsl-app-rocks_to_list_ticks-60cf3e03-7bd1-4fef-8b7e-880f6a8c0288-StreamThread-0-streamiz-consumer#consumer-61 - 127.0.0.1:39092/bootstrap: Disconnected while requesting ApiVersion: might be caused by incorrect security.protocol configuration (connecting to a SSL listener?) or broker version is &lt; 0.10 (see api.version.request) (after 1ms in state APIVERSION_QUERY)&#xD;
%6|1758243928.379|FAIL|ksql-dsl-client-admin#producer-74| [thrd:127.0.0.1:39092/bootstrap]: 127.0.0.1:39092/bootstrap: Disconnected while requesting ApiVersion: might be caused by incorrect security.protocol configuration (connecting to a SSL listener?) or broker version is &lt; 0.10 (see api.version.request) (after 1ms in state APIVERSION_QUERY)&#xD;
%3|1758243928.379|ERROR|ksql-dsl-client-admin#producer-74| [thrd:app]: ksql-dsl-client-admin#producer-74: 127.0.0.1:39092/bootstrap: Disconnected while requesting ApiVersion: might be caused by incorrect security.protocol configuration (connecting to a SSL listener?) or broker version is &lt; 0.10 (see api.version.request) (after 1ms in state APIVERSION_QUERY)&#xD;
fail: Streamiz.Kafka.Net.Kafka.KafkaLoggerAdapter[0]&#xD;
      stream-thread[.NET Long Running Task] Error admin ksql-dsl-app-rocks_to_list_ticks-60cf3e03-7bd1-4fef-8b7e-880f6a8c0288-streamiz-admin#producer-57 - 127.0.0.1:39092/bootstrap: Disconnected while requesting ApiVersion: might be caused by incorrect security.protocol configuration (connecting to a SSL listener?) or broker version is &lt; 0.10 (see api.version.request) (after 1ms in state APIVERSION_QUERY)&#xD;
fail: Streamiz.Kafka.Net.Kafka.KafkaLoggerAdapter[0]&#xD;
      stream-thread[.NET Long Running Task] Error admin ksql-dsl-app-rocks_to_list_ticks-60cf3e03-7bd1-4fef-8b7e-880f6a8c0288-stream-thread-0#producer-59 - 127.0.0.1:39092/bootstrap: Disconnected while requesting ApiVersion: might be caused by incorrect security.protocol configuration (connecting to a SSL listener?) or broker version is &lt; 0.10 (see api.version.request) (after 1ms in state APIVERSION_QUERY)&#xD;
fail: Streamiz.Kafka.Net.Kafka.KafkaLoggerAdapter[0]&#xD;
      stream-thread[ksql-dsl-app-rocks_to_list_ticks-60cf3e03-7bd1-4fef-8b7e-880f6a8c0288-stream-thread-0] Error consumer ksql-dsl-app-rocks_to_list_ticks-60cf3e03-7bd1-4fef-8b7e-880f6a8c0288-StreamThread-0-streamiz-consumer#consumer-61 - GroupCoordinator: 127.0.0.1:39092: Disconnected (after 1ms in state APIVERSION_QUERY)&#xD;
fail: Streamiz.Kafka.Net.Kafka.KafkaLoggerAdapter[0]&#xD;
      stream-thread[.NET Long Running Task] Error producer ksql-dsl-app-rocks_to_list_ticks-60cf3e03-7bd1-4fef-8b7e-880f6a8c0288-stream-thread-0-streamiz-producer#producer-60 - 127.0.0.1:39092/bootstrap: Disconnected while requesting ApiVersion: might be caused by incorrect security.protocol configuration (connecting to a SSL listener?) or broker version is &lt; 0.10 (see api.version.request) (after 1ms in state APIVERSION_QUERY)&#xD;
fail: Streamiz.Kafka.Net.Kafka.KafkaLoggerAdapter[0]&#xD;
      stream-thread[.NET Long Running Task] Error producer ksql-dsl-app-rocks_to_list_ticks-60cf3e03-7bd1-4fef-8b7e-880f6a8c0288-stream-thread-0-streamiz-producer#producer-60 - 127.0.0.1:39092/1: Disconnected while requesting ApiVersion: might be caused by incorrect security.protocol configuration (connecting to a SSL listener?) or broker version is &lt; 0.10 (see api.version.request) (after 1ms in state APIVERSION_QUERY)&#xD;
%6|1758243928.490|FAIL|ksql-dsl-client-admin#producer-69| [thrd:127.0.0.1:39092/1]: 127.0.0.1:39092/1: Disconnected while requesting ApiVersion: might be caused by incorrect security.protocol configuration (connecting to a SSL listener?) or broker version is &lt; 0.10 (see api.version.request) (after 1ms in state APIVERSION_QUERY)&#xD;
%3|1758243928.490|ERROR|ksql-dsl-client-admin#producer-69| [thrd:app]: ksql-dsl-client-admin#producer-69: 127.0.0.1:39092/1: Disconnected while requesting ApiVersion: might be caused by incorrect security.protocol configuration (connecting to a SSL listener?) or broker version is &lt; 0.10 (see api.version.request) (after 1ms in state APIVERSION_QUERY)&#xD;
%6|1758243928.521|FAIL|ksql-dsl-client-admin#producer-69| [thrd:127.0.0.1:39092/bootstrap]: 127.0.0.1:39092/bootstrap: Disconnected while requesting ApiVersion: might be caused by incorrect security.protocol configuration (connecting to a SSL listener?) or broker version is &lt; 0.10 (see api.version.request) (after 1ms in state APIVERSION_QUERY)&#xD;
%3|1758243928.521|ERROR|ksql-dsl-client-admin#producer-69| [thrd:app]: ksql-dsl-client-admin#producer-69: 127.0.0.1:39092/bootstrap: Disconnected while requesting ApiVersion: might be caused by incorrect security.protocol configuration (connecting to a SSL listener?) or broker version is &lt; 0.10 (see api.version.request) (after 1ms in state APIVERSION_QUERY)&#xD;
%6|1758243928.568|FAIL|ksql-dsl-client-admin#producer-70| [thrd:127.0.0.1:39092/1]: 127.0.0.1:39092/1: Disconnected while requesting ApiVersion: might be caused by incorrect security.protocol configuration (connecting to a SSL listener?) or broker version is &lt; 0.10 (see api.version.request) (after 1ms in state APIVERSION_QUERY)&#xD;
%6|1758243928.568|FAIL|ksql-dsl-client-admin#producer-72| [thrd:127.0.0.1:39092/1]: 127.0.0.1:39092/1: Disconnected while requesting ApiVersion: might be caused by incorrect security.protocol configuration (connecting to a SSL listener?) or broker version is &lt; 0.10 (see api.version.request) (after 1ms in state APIVERSION_QUERY)&#xD;
%3|1758243928.568|ERROR|ksql-dsl-client-admin#producer-70| [thrd:app]: ksql-dsl-client-admin#producer-70: 127.0.0.1:39092/1: Disconnected while requesting ApiVersion: might be caused by incorrect security.protocol configuration (connecting to a SSL listener?) or broker version is &lt; 0.10 (see api.version.request) (after 1ms in state APIVERSION_QUERY)&#xD;
%3|1758243928.568|ERROR|ksql-dsl-client-admin#producer-72| [thrd:app]: ksql-dsl-client-admin#producer-72: 127.0.0.1:39092/1: Disconnected while requesting ApiVersion: might be caused by incorrect security.protocol configuration (connecting to a SSL listener?) or broker version is &lt; 0.10 (see api.version.request) (after 1ms in state APIVERSION_QUERY)&#xD;
%6|1758243928.599|FAIL|ksql-dsl-client-admin#producer-72| [thrd:127.0.0.1:39092/bootstrap]: 127.0.0.1:39092/bootstrap: Disconnected while requesting ApiVersion: might be caused by incorrect security.protocol configuration (connecting to a SSL listener?) or broker version is &lt; 0.10 (see api.version.request) (after 1ms in state APIVERSION_QUERY)&#xD;
%3|1758243928.599|ERROR|ksql-dsl-client-admin#producer-72| [thrd:app]: ksql-dsl-client-admin#producer-72: 127.0.0.1:39092/bootstrap: Disconnected while requesting ApiVersion: might be caused by incorrect security.protocol configuration (connecting to a SSL listener?) or broker version is &lt; 0.10 (see api.version.request) (after 1ms in state APIVERSION_QUERY)&#xD;
%6|1758243928.614|FAIL|ksql-dsl-client-admin#producer-70| [thrd:127.0.0.1:39092/bootstrap]: 127.0.0.1:39092/bootstrap: Disconnected while requesting ApiVersion: might be caused by incorrect security.protocol configuration (connecting to a SSL listener?) or broker version is &lt; 0.10 (see api.version.request) (after 0ms in state APIVERSION_QUERY)&#xD;
%3|1758243928.614|ERROR|ksql-dsl-client-admin#producer-70| [thrd:app]: ksql-dsl-client-admin#producer-70: 127.0.0.1:39092/bootstrap: Disconnected while requesting ApiVersion: might be caused by incorrect security.protocol configuration (connecting to a SSL listener?) or broker version is &lt; 0.10 (see api.version.request) (after 0ms in state APIVERSION_QUERY)&#xD;
%6|1758243928.694|FAIL|ksql-dsl-client-admin#producer-75| [thrd:127.0.0.1:39092/1]: 127.0.0.1:39092/1: Disconnected while requesting ApiVersion: might be caused by incorrect security.protocol configuration (connecting to a SSL listener?) or broker version is &lt; 0.10 (see api.version.request) (after 1ms in state APIVERSION_QUERY)&#xD;
%3|1758243928.694|ERROR|ksql-dsl-client-admin#producer-75| [thrd:app]: ksql-dsl-client-admin#producer-75: 127.0.0.1:39092/1: Disconnected while requesting ApiVersion: might be caused by incorrect security.protocol configuration (connecting to a SSL listener?) or broker version is &lt; 0.10 (see api.version.request) (after 1ms in state APIVERSION_QUERY)&#xD;
%6|1758243928.878|FAIL|ksql-dsl-client-admin#producer-74| [thrd:127.0.0.1:39092/1]: 127.0.0.1:39092/1: Disconnected while requesting ApiVersion: might be caused by incorrect security.protocol configuration (connecting to a SSL listener?) or broker version is &lt; 0.10 (see api.version.request) (after 1ms in state APIVERSION_QUERY)&#xD;
%3|1758243928.878|ERROR|ksql-dsl-client-admin#producer-74| [thrd:app]: ksql-dsl-client-admin#producer-74: 127.0.0.1:39092/1: Disconnected while requesting ApiVersion: might be caused by incorrect security.protocol configuration (connecting to a SSL listener?) or broker version is &lt; 0.10 (see api.version.request) (after 1ms in state APIVERSION_QUERY)&#xD;
fail: Streamiz.Kafka.Net.Kafka.KafkaLoggerAdapter[0]&#xD;
      stream-thread[.NET Long Running Task] Error admin ksql-dsl-app-rocks_to_list_ticks-60cf3e03-7bd1-4fef-8b7e-880f6a8c0288-streamiz-admin#producer-57 - 127.0.0.1:39092/1: Disconnected while requesting ApiVersion: might be caused by incorrect security.protocol configuration (connecting to a SSL listener?) or broker version is &lt; 0.10 (see api.version.request) (after 1ms in state APIVERSION_QUERY)&#xD;
fail: Streamiz.Kafka.Net.Kafka.KafkaLoggerAdapter[0]&#xD;
      stream-thread[.NET Long Running Task] Error admin ksql-dsl-app-rocks_to_list_ticks-60cf3e03-7bd1-4fef-8b7e-880f6a8c0288-stream-thread-0#producer-59 - 127.0.0.1:39092/1: Disconnected while requesting ApiVersion: might be caused by incorrect security.protocol configuration (connecting to a SSL listener?) or broker version is &lt; 0.10 (see api.version.request) (after 1ms in state APIVERSION_QUERY)&#xD;
fail: Streamiz.Kafka.Net.Kafka.KafkaLoggerAdapter[0]&#xD;
      stream-thread[ksql-dsl-app-rocks_to_list_ticks-60cf3e03-7bd1-4fef-8b7e-880f6a8c0288-stream-thread-0] Error consumer ksql-dsl-app-rocks_to_list_ticks-60cf3e03-7bd1-4fef-8b7e-880f6a8c0288-StreamThread-0-streamiz-consumer#consumer-61 - 127.0.0.1:39092/1: Disconnected while requesting ApiVersion: might be caused by incorrect security.protocol configuration (connecting to a SSL listener?) or broker version is &lt; 0.10 (see api.version.request) (after 1ms in state APIVERSION_QUERY)&#xD;
%3|1758243936.395|FAIL|ksql-dsl-client-admin#producer-87| [thrd:127.0.0.1:39092/bootstrap]: 127.0.0.1:39092/bootstrap: Connect to ipv4#127.0.0.1:39092 failed: Unknown error (after 2026ms in state CONNECT)&#xD;
%3|1758243936.395|FAIL|ksql-dsl-client#producer-88| [thrd:127.0.0.1:39092/bootstrap]: 127.0.0.1:39092/bootstrap: Connect to ipv4#127.0.0.1:39092 failed: Unknown error (after 2023ms in state CONNECT)&#xD;
%3|1758243936.396|ERROR|ksql-dsl-client-admin#producer-87| [thrd:127.0.0.1:39092/bootstrap]: 1/1 brokers are down&#xD;
%3|1758243936.396|ERROR|ksql-dsl-client-admin#producer-87| [thrd:app]: ksql-dsl-client-admin#producer-87: 127.0.0.1:39092/bootstrap: Connect to ipv4#127.0.0.1:39092 failed: Unknown error (after 2026ms in state CONNECT)&#xD;
%3|1758243936.396|ERROR|ksql-dsl-client#producer-88| [thrd:app]: ksql-dsl-client#producer-88: 127.0.0.1:39092/bootstrap: Connect to ipv4#127.0.0.1:39092 failed: Unknown error (after 2023ms in state CONNECT)&#xD;
%3|1758243936.396|ERROR|ksql-dsl-client#producer-88| [thrd:127.0.0.1:39092/bootstrap]: 1/1 brokers are down&#xD;
%3|1758243936.629|FAIL|ksql-dsl-client-admin#producer-69| [thrd:127.0.0.1:39092/bootstrap]: 127.0.0.1:39092/bootstrap: Connect to ipv4#127.0.0.1:39092 failed: Unknown error (after 2031ms in state CONNECT)&#xD;
%3|1758243936.629|ERROR|ksql-dsl-client-admin#producer-69| [thrd:app]: ksql-dsl-client-admin#producer-69: 127.0.0.1:39092/bootstrap: Connect to ipv4#127.0.0.1:39092 failed: Unknown error (after 2031ms in state CONNECT)&#xD;
%3|1758243936.705|FAIL|ksql-dsl-client-admin#producer-72| [thrd:127.0.0.1:39092/bootstrap]: 127.0.0.1:39092/bootstrap: Connect to ipv4#127.0.0.1:39092 failed: Unknown error (after 2032ms in state CONNECT)&#xD;
%3|1758243936.705|ERROR|ksql-dsl-client-admin#producer-72| [thrd:app]: ksql-dsl-client-admin#producer-72: 127.0.0.1:39092/bootstrap: Connect to ipv4#127.0.0.1:39092 failed: Unknown error (after 2032ms in state CONNECT)&#xD;
%3|1758243936.720|FAIL|ksql-dsl-client-admin#producer-70| [thrd:127.0.0.1:39092/bootstrap]: 127.0.0.1:39092/bootstrap: Connect to ipv4#127.0.0.1:39092 failed: Unknown error (after 2032ms in state CONNECT)&#xD;
%3|1758243936.720|ERROR|ksql-dsl-client-admin#producer-70| [thrd:app]: ksql-dsl-client-admin#producer-70: 127.0.0.1:39092/bootstrap: Connect to ipv4#127.0.0.1:39092 failed: Unknown error (after 2032ms in state CONNECT)&#xD;
%3|1758243938.485|FAIL|ksql-dsl-client#producer-88| [thrd:127.0.0.1:39092/bootstrap]: 127.0.0.1:39092/bootstrap: Connect to ipv4#127.0.0.1:39092 failed: Unknown error (after 2043ms in state CONNECT, 1 identical error(s) suppressed)&#xD;
%3|1758243938.485|ERROR|ksql-dsl-client#producer-88| [thrd:app]: ksql-dsl-client#producer-88: 127.0.0.1:39092/bootstrap: Connect to ipv4#127.0.0.1:39092 failed: Unknown error (after 2043ms in state CONNECT, 1 identical error(s) suppressed)&#xD;
%3|1758243939.425|FAIL|ksql-dsl-client-admin#producer-87| [thrd:127.0.0.1:39092/bootstrap]: 127.0.0.1:39092/bootstrap: Connect to ipv4#127.0.0.1:39092 failed: Unknown error (after 2035ms in state CONNECT, 1 identical error(s) suppressed)&#xD;
%3|1758243939.425|ERROR|ksql-dsl-client-admin#producer-87| [thrd:app]: ksql-dsl-client-admin#producer-87: 127.0.0.1:39092/bootstrap: Connect to ipv4#127.0.0.1:39092 failed: Unknown error (after 2035ms in state CONNECT, 1 identical error(s) suppressed)&#xD;
fail: Streamiz.Kafka.Net.Kafka.KafkaLoggerAdapter[0]&#xD;
      stream-thread[ksql-dsl-app-rocks_to_list_ticks-60cf3e03-7bd1-4fef-8b7e-880f6a8c0288-stream-thread-0] Error consumer ksql-dsl-app-rocks_to_list_ticks-60cf3e03-7bd1-4fef-8b7e-880f6a8c0288-StreamThread-0-streamiz-consumer#consumer-61 - GroupCoordinator: 127.0.0.1:39092: Connect to ipv4#127.0.0.1:39092 failed: Unknown error (after 2032ms in state CONNECT)&#xD;
%3|1758243941.489|FAIL|ksql-dsl-client-admin#producer-74| [thrd:127.0.0.1:39092/bootstrap]: 127.0.0.1:39092/bootstrap: Connect to ipv4#127.0.0.1:39092 failed: Unknown error (after 2033ms in state CONNECT)&#xD;
%3|1758243941.489|ERROR|ksql-dsl-client-admin#producer-74| [thrd:app]: ksql-dsl-client-admin#producer-74: 127.0.0.1:39092/bootstrap: Connect to ipv4#127.0.0.1:39092 failed: Unknown error (after 2033ms in state CONNECT)&#xD;
fail: Streamiz.Kafka.Net.Kafka.KafkaLoggerAdapter[0]&#xD;
      stream-thread[.NET Long Running Task] Error admin ksql-dsl-app-rocks_to_list_ticks-60cf3e03-7bd1-4fef-8b7e-880f6a8c0288-streamiz-admin#producer-57 - 127.0.0.1:39092/bootstrap: Connect to ipv4#127.0.0.1:39092 failed: Unknown error (after 2033ms in state CONNECT)&#xD;
fail: Streamiz.Kafka.Net.Kafka.KafkaLoggerAdapter[0]&#xD;
      stream-thread[.NET Long Running Task] Error admin ksql-dsl-app-rocks_to_list_ticks-60cf3e03-7bd1-4fef-8b7e-880f6a8c0288-stream-thread-0#producer-59 - 127.0.0.1:39092/bootstrap: Connect to ipv4#127.0.0.1:39092 failed: Unknown error (after 2032ms in state CONNECT)&#xD;
%3|1758243943.418|FAIL|ksql-dsl-client-admin#producer-39| [thrd:127.0.0.1:39092/1]: 127.0.0.1:39092/1: Connect to ipv4#127.0.0.1:39092 failed: Unknown error (after 2036ms in state CONNECT)&#xD;
%3|1758243943.418|ERROR|ksql-dsl-client-admin#producer-39| [thrd:app]: ksql-dsl-client-admin#producer-39: 127.0.0.1:39092/1: Connect to ipv4#127.0.0.1:39092 failed: Unknown error (after 2036ms in state CONNECT)&#xD;
%3|1758243943.709|FAIL|ksql-dsl-client-admin#producer-69| [thrd:127.0.0.1:39092/1]: 127.0.0.1:39092/1: Connect to ipv4#127.0.0.1:39092 failed: Unknown error (after 2050ms in state CONNECT)&#xD;
%3|1758243943.709|ERROR|ksql-dsl-client-admin#producer-69| [thrd:app]: ksql-dsl-client-admin#producer-69: 127.0.0.1:39092/1: Connect to ipv4#127.0.0.1:39092 failed: Unknown error (after 2050ms in state CONNECT)&#xD;
%3|1758243943.787|FAIL|ksql-dsl-client-admin#producer-70| [thrd:127.0.0.1:39092/1]: 127.0.0.1:39092/1: Connect to ipv4#127.0.0.1:39092 failed: Unknown error (after 2049ms in state CONNECT)&#xD;
%3|1758243943.787|ERROR|ksql-dsl-client-admin#producer-70| [thrd:app]: ksql-dsl-client-admin#producer-70: 127.0.0.1:39092/1: Connect to ipv4#127.0.0.1:39092 failed: Unknown error (after 2049ms in state CONNECT)&#xD;
%3|1758243943.802|FAIL|ksql-dsl-client-admin#producer-72| [thrd:127.0.0.1:39092/1]: 127.0.0.1:39092/1: Connect to ipv4#127.0.0.1:39092 failed: Unknown error (after 2064ms in state CONNECT)&#xD;
%3|1758243943.802|ERROR|ksql-dsl-client-admin#producer-72| [thrd:app]: ksql-dsl-client-admin#producer-72: 127.0.0.1:39092/1: Connect to ipv4#127.0.0.1:39092 failed: Unknown error (after 2064ms in state CONNECT)&#xD;
%3|1758243943.909|FAIL|ksql-dsl-client-admin#producer-75| [thrd:127.0.0.1:39092/1]: 127.0.0.1:39092/1: Connect to ipv4#127.0.0.1:39092 failed: Unknown error (after 2032ms in state CONNECT)&#xD;
%3|1758243943.909|ERROR|ksql-dsl-client-admin#producer-75| [thrd:app]: ksql-dsl-client-admin#producer-75: 127.0.0.1:39092/1: Connect to ipv4#127.0.0.1:39092 failed: Unknown error (after 2032ms in state CONNECT)&#xD;
%3|1758243944.034|FAIL|ksql-dsl-client-admin#producer-74| [thrd:127.0.0.1:39092/bootstrap]: 127.0.0.1:39092/bootstrap: Connect to ipv4#127.0.0.1:39092 failed: Unknown error (after 2047ms in state CONNECT, 1 identical error(s) suppressed)&#xD;
%3|1758243944.034|ERROR|ksql-dsl-client-admin#producer-74| [thrd:app]: ksql-dsl-client-admin#producer-74: 127.0.0.1:39092/bootstrap: Connect to ipv4#127.0.0.1:39092 failed: Unknown error (after 2047ms in state CONNECT, 1 identical error(s) suppressed)&#xD;
fail: Streamiz.Kafka.Net.Kafka.KafkaLoggerAdapter[0]&#xD;
      stream-thread[.NET Long Running Task] Error admin ksql-dsl-app-rocks_to_list_ticks-60cf3e03-7bd1-4fef-8b7e-880f6a8c0288-streamiz-admin#producer-57 - 127.0.0.1:39092/bootstrap: Connect to ipv4#127.0.0.1:39092 failed: Unknown error (after 2047ms in state CONNECT, 1 identical error(s) suppressed)&#xD;
fail: Streamiz.Kafka.Net.Kafka.KafkaLoggerAdapter[0]&#xD;
      stream-thread[.NET Long Running Task] Error admin ksql-dsl-app-rocks_to_list_ticks-60cf3e03-7bd1-4fef-8b7e-880f6a8c0288-stream-thread-0#producer-59 - 127.0.0.1:39092/bootstrap: Connect to ipv4#127.0.0.1:39092 failed: Unknown error (after 2047ms in state CONNECT, 1 identical error(s) suppressed)&#xD;
fail: Streamiz.Kafka.Net.Kafka.KafkaLoggerAdapter[0]&#xD;
      stream-thread[ksql-dsl-app-rocks_to_list_ticks-60cf3e03-7bd1-4fef-8b7e-880f6a8c0288-stream-thread-0] Error consumer ksql-dsl-app-rocks_to_list_ticks-60cf3e03-7bd1-4fef-8b7e-880f6a8c0288-StreamThread-0-streamiz-consumer#consumer-61 - 127.0.0.1:39092/bootstrap: Connect to ipv4#127.0.0.1:39092 failed: Unknown error (after 2046ms in state CONNECT)&#xD;
%3|1758243944.202|FAIL|ksql-dsl-client-admin#producer-74| [thrd:127.0.0.1:39092/1]: 127.0.0.1:39092/1: Connect to ipv4#127.0.0.1:39092 failed: Unknown error (after 2045ms in state CONNECT)&#xD;
%3|1758243944.202|ERROR|ksql-dsl-client-admin#producer-74| [thrd:app]: ksql-dsl-client-admin#producer-74: 127.0.0.1:39092/1: Connect to ipv4#127.0.0.1:39092 failed: Unknown error (after 2045ms in state CONNECT)&#xD;
fail: Streamiz.Kafka.Net.Kafka.KafkaLoggerAdapter[0]&#xD;
      stream-thread[.NET Long Running Task] Error admin ksql-dsl-app-rocks_to_list_ticks-60cf3e03-7bd1-4fef-8b7e-880f6a8c0288-stream-thread-0#producer-59 - 127.0.0.1:39092/1: Connect to ipv4#127.0.0.1:39092 failed: Unknown error (after 2045ms in state CONNECT)&#xD;
fail: Streamiz.Kafka.Net.Kafka.KafkaLoggerAdapter[0]&#xD;
      stream-thread[.NET Long Running Task] Error admin ksql-dsl-app-rocks_to_list_ticks-60cf3e03-7bd1-4fef-8b7e-880f6a8c0288-streamiz-admin#producer-57 - 127.0.0.1:39092/1: Connect to ipv4#127.0.0.1:39092 failed: Unknown error (after 2045ms in state CONNECT)&#xD;
%3|1758243944.603|FAIL|ksql-dsl-client-admin#producer-75| [thrd:127.0.0.1:39092/bootstrap]: 127.0.0.1:39092/bootstrap: Connect to ipv4#127.0.0.1:39092 failed: Unknown error (after 2040ms in state CONNECT)&#xD;
%3|1758243944.603|ERROR|ksql-dsl-client-admin#producer-75| [thrd:app]: ksql-dsl-client-admin#producer-75: 127.0.0.1:39092/bootstrap: Connect to ipv4#127.0.0.1:39092 failed: Unknown error (after 2040ms in state CONNECT)&#xD;
%3|1758243944.651|FAIL|ksql-dsl-client-admin#producer-39| [thrd:127.0.0.1:39092/bootstrap]: 127.0.0.1:39092/bootstrap: Connect to ipv4#127.0.0.1:39092 failed: Unknown error (after 2041ms in state CONNECT)&#xD;
%3|1758243944.651|ERROR|ksql-dsl-client-admin#producer-39| [thrd:app]: ksql-dsl-client-admin#producer-39: 127.0.0.1:39092/bootstrap: Connect to ipv4#127.0.0.1:39092 failed: Unknown error (after 2041ms in state CONNECT)&#xD;
fail: Streamiz.Kafka.Net.Kafka.KafkaLoggerAdapter[0]&#xD;
      stream-thread[.NET Long Running Task] Error producer ksql-dsl-app-rocks_to_list_ticks-60cf3e03-7bd1-4fef-8b7e-880f6a8c0288-stream-thread-0-streamiz-producer#producer-60 - 127.0.0.1:39092/bootstrap: Connect to ipv4#127.0.0.1:39092 failed: Unknown error (after 2040ms in state CONNECT)&#xD;
fail: Streamiz.Kafka.Net.Kafka.KafkaLoggerAdapter[0]&#xD;
      stream-thread[ksql-dsl-app-rocks_to_list_ticks-60cf3e03-7bd1-4fef-8b7e-880f6a8c0288-stream-thread-0] Error consumer ksql-dsl-app-rocks_to_list_ticks-60cf3e03-7bd1-4fef-8b7e-880f6a8c0288-StreamThread-0-streamiz-consumer#consumer-61 - 127.0.0.1:39092/1: Connect to ipv4#127.0.0.1:39092 failed: Unknown error (after 2038ms in state CONNECT)&#xD;
fail: Streamiz.Kafka.Net.Kafka.KafkaLoggerAdapter[0]&#xD;
      stream-thread[.NET Long Running Task] Error producer ksql-dsl-app-rocks_to_list_ticks-60cf3e03-7bd1-4fef-8b7e-880f6a8c0288-stream-thread-0-streamiz-producer#producer-60 - 127.0.0.1:39092/1: Connect to ipv4#127.0.0.1:39092 failed: Unknown error (after 2035ms in state CONNECT)&#xD;
fail: Streamiz.Kafka.Net.Kafka.KafkaLoggerAdapter[0]&#xD;
      stream-thread[ksql-dsl-app-rocks_to_list_ticks-60cf3e03-7bd1-4fef-8b7e-880f6a8c0288-stream-thread-0] Error consumer ksql-dsl-app-rocks_to_list_ticks-60cf3e03-7bd1-4fef-8b7e-880f6a8c0288-StreamThread-0-streamiz-consumer#consumer-61 - 127.0.0.1:39092/bootstrap: Connect to ipv4#127.0.0.1:39092 failed: Unknown error (after 2045ms in state CONNECT, 1 identical error(s) suppressed)&#xD;
%3|1758243946.372|FAIL|ksql-dsl-client-admin#producer-39| [thrd:127.0.0.1:39092/1]: 127.0.0.1:39092/1: Connect to ipv4#127.0.0.1:39092 failed: Unknown error (after 2032ms in state CONNECT, 1 identical error(s) suppressed)&#xD;
%3|1758243946.372|ERROR|ksql-dsl-client-admin#producer-39| [thrd:app]: ksql-dsl-client-admin#producer-39: 127.0.0.1:39092/1: Connect to ipv4#127.0.0.1:39092 failed: Unknown error (after 2032ms in state CONNECT, 1 identical error(s) suppressed)&#xD;
%3|1758243946.652|FAIL|ksql-dsl-client-admin#producer-69| [thrd:127.0.0.1:39092/1]: 127.0.0.1:39092/1: Connect to ipv4#127.0.0.1:39092 failed: Unknown error (after 2048ms in state CONNECT, 1 identical error(s) suppressed)&#xD;
%3|1758243946.652|ERROR|ksql-dsl-client-admin#producer-69| [thrd:app]: ksql-dsl-client-admin#producer-69: 127.0.0.1:39092/1: Connect to ipv4#127.0.0.1:39092 failed: Unknown error (after 2048ms in state CONNECT, 1 identical error(s) suppressed)&#xD;
%3|1758243946.728|FAIL|ksql-dsl-client-admin#producer-72| [thrd:127.0.0.1:39092/1]: 127.0.0.1:39092/1: Connect to ipv4#127.0.0.1:39092 failed: Unknown error (after 2047ms in state CONNECT, 1 identical error(s) suppressed)&#xD;
%3|1758243946.728|FAIL|ksql-dsl-client-admin#producer-70| [thrd:127.0.0.1:39092/1]: 127.0.0.1:39092/1: Connect to ipv4#127.0.0.1:39092 failed: Unknown error (after 2047ms in state CONNECT, 1 identical error(s) suppressed)&#xD;
%3|1758243946.728|ERROR|ksql-dsl-client-admin#producer-72| [thrd:app]: ksql-dsl-client-admin#producer-72: 127.0.0.1:39092/1: Connect to ipv4#127.0.0.1:39092 failed: Unknown error (after 2047ms in state CONNECT, 1 identical error(s) suppressed)&#xD;
%3|1758243946.728|ERROR|ksql-dsl-client-admin#producer-70| [thrd:app]: ksql-dsl-client-admin#producer-70: 127.0.0.1:39092/1: Connect to ipv4#127.0.0.1:39092 failed: Unknown error (after 2047ms in state CONNECT, 1 identical error(s) suppressed)&#xD;
%3|1758243946.854|FAIL|ksql-dsl-client-admin#producer-75| [thrd:127.0.0.1:39092/1]: 127.0.0.1:39092/1: Connect to ipv4#127.0.0.1:39092 failed: Unknown error (after 2049ms in state CONNECT, 1 identical error(s) suppressed)&#xD;
%3|1758243946.854|ERROR|ksql-dsl-client-admin#producer-75| [thrd:app]: ksql-dsl-client-admin#producer-75: 127.0.0.1:39092/1: Connect to ipv4#127.0.0.1:39092 failed: Unknown error (after 2049ms in state CONNECT, 1 identical error(s) suppressed)&#xD;
%3|1758243947.054|FAIL|ksql-dsl-client-admin#producer-74| [thrd:127.0.0.1:39092/1]: 127.0.0.1:39092/1: Connect to ipv4#127.0.0.1:39092 failed: Unknown error (after 2051ms in state CONNECT, 1 identical error(s) suppressed)&#xD;
%3|1758243947.054|ERROR|ksql-dsl-client-admin#producer-74| [thrd:app]: ksql-dsl-client-admin#producer-74: 127.0.0.1:39092/1: Connect to ipv4#127.0.0.1:39092 failed: Unknown error (after 2051ms in state CONNECT, 1 identical error(s) suppressed)&#xD;
fail: Streamiz.Kafka.Net.Kafka.KafkaLoggerAdapter[0]&#xD;
      stream-thread[.NET Long Running Task] Error admin ksql-dsl-app-rocks_to_list_ticks-60cf3e03-7bd1-4fef-8b7e-880f6a8c0288-streamiz-admin#producer-57 - 127.0.0.1:39092/1: Connect to ipv4#127.0.0.1:39092 failed: Unknown error (after 2051ms in state CONNECT, 1 identical error(s) suppressed)&#xD;
fail: Streamiz.Kafka.Net.Kafka.KafkaLoggerAdapter[0]&#xD;
      stream-thread[.NET Long Running Task] Error admin ksql-dsl-app-rocks_to_list_ticks-60cf3e03-7bd1-4fef-8b7e-880f6a8c0288-stream-thread-0#producer-59 - 127.0.0.1:39092/1: Connect to ipv4#127.0.0.1:39092 failed: Unknown error (after 2051ms in state CONNECT, 1 identical error(s) suppressed)&#xD;
fail: Streamiz.Kafka.Net.Kafka.KafkaLoggerAdapter[0]&#xD;
      stream-thread[.NET Long Running Task] Error producer ksql-dsl-app-rocks_to_list_ticks-60cf3e03-7bd1-4fef-8b7e-880f6a8c0288-stream-thread-0-streamiz-producer#producer-60 - 127.0.0.1:39092/bootstrap: Connect to ipv4#127.0.0.1:39092 failed: Unknown error (after 2050ms in state CONNECT, 1 identical error(s) suppressed)&#xD;
%3|1758243947.393|FAIL|ksql-dsl-client-admin#producer-39| [thrd:127.0.0.1:39092/bootstrap]: 127.0.0.1:39092/bootstrap: Connect to ipv4#127.0.0.1:39092 failed: Unknown error (after 2050ms in state CONNECT, 1 identical error(s) suppressed)&#xD;
%3|1758243947.393|ERROR|ksql-dsl-client-admin#producer-39| [thrd:app]: ksql-dsl-client-admin#producer-39: 127.0.0.1:39092/bootstrap: Connect to ipv4#127.0.0.1:39092 failed: Unknown error (after 2050ms in state CONNECT, 1 identical error(s) suppressed)&#xD;
%3|1758243947.859|FAIL|ksql-dsl-client-admin#producer-75| [thrd:127.0.0.1:39092/bootstrap]: 127.0.0.1:39092/bootstrap: Connect to ipv4#127.0.0.1:39092 failed: Unknown error (after 2049ms in state CONNECT, 1 identical error(s) suppressed)&#xD;
%3|1758243947.859|ERROR|ksql-dsl-client-admin#producer-75| [thrd:app]: ksql-dsl-client-admin#producer-75: 127.0.0.1:39092/bootstrap: Connect to ipv4#127.0.0.1:39092 failed: Unknown error (after 2049ms in state CONNECT, 1 identical error(s) suppressed)&#xD;
fail: Streamiz.Kafka.Net.Kafka.KafkaLoggerAdapter[0]&#xD;
      stream-thread[.NET Long Running Task] Error producer ksql-dsl-app-rocks_to_list_ticks-60cf3e03-7bd1-4fef-8b7e-880f6a8c0288-stream-thread-0-streamiz-producer#producer-60 - 127.0.0.1:39092/1: Connect to ipv4#127.0.0.1:39092 failed: Unknown error (after 2046ms in state CONNECT, 1 identical error(s) suppressed)&#xD;
%3|1758243948.665|FAIL|ksql-dsl-client-admin#producer-69| [thrd:127.0.0.1:39092/bootstrap]: 127.0.0.1:39092/bootstrap: Connect to ipv4#127.0.0.1:39092 failed: Unknown error (after 2045ms in state CONNECT, 4 identical error(s) suppressed)&#xD;
%3|1758243948.665|ERROR|ksql-dsl-client-admin#producer-69| [thrd:app]: ksql-dsl-client-admin#producer-69: 127.0.0.1:39092/bootstrap: Connect to ipv4#127.0.0.1:39092 failed: Unknown error (after 2045ms in state CONNECT, 4 identical error(s) suppressed)&#xD;
%3|1758243948.744|FAIL|ksql-dsl-client-admin#producer-72| [thrd:127.0.0.1:39092/bootstrap]: 127.0.0.1:39092/bootstrap: Connect to ipv4#127.0.0.1:39092 failed: Unknown error (after 2046ms in state CONNECT, 4 identical error(s) suppressed)&#xD;
%3|1758243948.744|FAIL|ksql-dsl-client-admin#producer-70| [thrd:127.0.0.1:39092/bootstrap]: 127.0.0.1:39092/bootstrap: Connect to ipv4#127.0.0.1:39092 failed: Unknown error (after 2046ms in state CONNECT, 4 identical error(s) suppressed)&#xD;
%3|1758243948.744|ERROR|ksql-dsl-client-admin#producer-72| [thrd:app]: ksql-dsl-client-admin#producer-72: 127.0.0.1:39092/bootstrap: Connect to ipv4#127.0.0.1:39092 failed: Unknown error (after 2046ms in state CONNECT, 4 identical error(s) suppressed)&#xD;
%3|1758243948.744|ERROR|ksql-dsl-client-admin#producer-70| [thrd:app]: ksql-dsl-client-admin#producer-70: 127.0.0.1:39092/bootstrap: Connect to ipv4#127.0.0.1:39092 failed: Unknown error (after 2046ms in state CONNECT, 4 identical error(s) suppressed)&#xD;
fail: Streamiz.Kafka.Net.Kafka.KafkaLoggerAdapter[0]&#xD;
      stream-thread[ksql-dsl-app-rocks_to_list_ticks-60cf3e03-7bd1-4fef-8b7e-880f6a8c0288-stream-thread-0] Error consumer ksql-dsl-app-rocks_to_list_ticks-60cf3e03-7bd1-4fef-8b7e-880f6a8c0288-StreamThread-0-streamiz-consumer#consumer-61 - GroupCoordinator: 127.0.0.1:39092: Connect to ipv4#127.0.0.1:39092 failed: Unknown error (after 2051ms in state CONNECT, 1 identical error(s) suppressed)&#xD;
info: Streamiz.Kafka.Net.Processors.StreamTask[0]&#xD;
      stream-task[1|0] Suspended running&#xD;
info: Streamiz.Kafka.Net.Processors.StreamTask[0]&#xD;
      stream-task[1|0] Task 1-0 state transition from RUNNING to SUSPENDED&#xD;
info: Streamiz.Kafka.Net.Processors.StreamTask[0]&#xD;
      stream-task[1|0] Closing&#xD;
info: Streamiz.Kafka.Net.Processors.StreamTask[0]&#xD;
      stream-task[1|0] Task 1-0 state transition from SUSPENDED to CLOSED&#xD;
info: Streamiz.Kafka.Net.Processors.StreamTask[0]&#xD;
      stream-task[1|0] Closed&#xD;
info: Streamiz.Kafka.Net.Processors.StreamTask[0]&#xD;
      stream-task[0|0] Suspended running&#xD;
info: Streamiz.Kafka.Net.Processors.StreamTask[0]&#xD;
      stream-task[0|0] Task 0-0 state transition from RUNNING to SUSPENDED&#xD;
info: Streamiz.Kafka.Net.Processors.StreamTask[0]&#xD;
      stream-task[0|0] Closing&#xD;
info: Streamiz.Kafka.Net.Processors.StreamTask[0]&#xD;
      stream-task[0|0] Task 0-0 state transition from SUSPENDED to CLOSED&#xD;
info: Streamiz.Kafka.Net.Processors.StreamTask[0]&#xD;
      stream-task[0|0] Closed&#xD;
info: Streamiz.Kafka.Net.Processors.StreamThread[0]&#xD;
      stream-thread[ksql-dsl-app-rocks_to_list_ticks-60cf3e03-7bd1-4fef-8b7e-880f6a8c0288-stream-thread-0] State transition from RUNNING to PARTITIONS_REVOKED&#xD;
info: Streamiz.Kafka.Net.KafkaStream[0]&#xD;
      stream-application[ksql-dsl-app-rocks_to_list_ticks] State transition from RUNNING to REBALANCING&#xD;
info: Streamiz.Kafka.Net.Kafka.Internal.StreamsRebalanceListener[0]&#xD;
      Partition revocation took 00:00:00.0185251 ms&#xD;
      	Current suspended active tasks: ksql-dsl-app-rocks_to_list_ticks-rocks_to_list_ticks-by-stringkey-repartition-[0],rocks_to_list_ticks-[0]&#xD;
info: Streamiz.Kafka.Net.Processors.StreamThread[0]&#xD;
      Processed 0 total records, ran 0 punctuators and committed 0 total tasks since the last update&#xD;
fail: Streamiz.Kafka.Net.Kafka.KafkaLoggerAdapter[0]&#xD;
      stream-thread[ksql-dsl-app-rocks_to_list_ticks-60cf3e03-7bd1-4fef-8b7e-880f6a8c0288-stream-thread-0] Error consumer ksql-dsl-app-rocks_to_list_ticks-60cf3e03-7bd1-4fef-8b7e-880f6a8c0288-StreamThread-0-streamiz-consumer#consumer-61 - 127.0.0.1:39092/1: Connect to ipv4#127.0.0.1:39092 failed: Unknown error (after 2045ms in state CONNECT, 1 identical error(s) suppressed)&#xD;
%6|1758243964.852|FAIL|ksql-dsl-client-admin#producer-72| [thrd:127.0.0.1:39092/bootstrap]: 127.0.0.1:39092/bootstrap: Disconnected while requesting ApiVersion: might be caused by incorrect security.protocol configuration (connecting to a SSL listener?) or broker version is &lt; 0.10 (see api.version.request) (after 0ms in state APIVERSION_QUERY)&#xD;
%6|1758243964.852|FAIL|ksql-dsl-client-admin#producer-70| [thrd:127.0.0.1:39092/bootstrap]: 127.0.0.1:39092/bootstrap: Disconnected while requesting ApiVersion: might be caused by incorrect security.protocol configuration (connecting to a SSL listener?) or broker version is &lt; 0.10 (see api.version.request) (after 1ms in state APIVERSION_QUERY)&#xD;
%3|1758243964.852|ERROR|ksql-dsl-client-admin#producer-72| [thrd:app]: ksql-dsl-client-admin#producer-72: 127.0.0.1:39092/bootstrap: Disconnected while requesting ApiVersion: might be caused by incorrect security.protocol configuration (connecting to a SSL listener?) or broker version is &lt; 0.10 (see api.version.request) (after 0ms in state APIVERSION_QUERY)&#xD;
%3|1758243964.852|ERROR|ksql-dsl-client-admin#producer-70| [thrd:app]: ksql-dsl-client-admin#producer-70: 127.0.0.1:39092/bootstrap: Disconnected while requesting ApiVersion: might be caused by incorrect security.protocol configuration (connecting to a SSL listener?) or broker version is &lt; 0.10 (see api.version.request) (after 1ms in state APIVERSION_QUERY)&#xD;
%6|1758243964.884|FAIL|ksql-dsl-client-admin#producer-72| [thrd:127.0.0.1:39092/1]: 127.0.0.1:39092/1: Disconnected while requesting ApiVersion: might be caused by incorrect security.protocol configuration (connecting to a SSL listener?) or broker version is &lt; 0.10 (see api.version.request) (after 1ms in state APIVERSION_QUERY)&#xD;
%6|1758243964.884|FAIL|ksql-dsl-client-admin#producer-70| [thrd:127.0.0.1:39092/1]: 127.0.0.1:39092/1: Disconnected while requesting ApiVersion: might be caused by incorrect security.protocol configuration (connecting to a SSL listener?) or broker version is &lt; 0.10 (see api.version.request) (after 1ms in state APIVERSION_QUERY)&#xD;
%3|1758243964.884|ERROR|ksql-dsl-client-admin#producer-70| [thrd:app]: ksql-dsl-client-admin#producer-70: 127.0.0.1:39092/1: Disconnected while requesting ApiVersion: might be caused by incorrect security.protocol configuration (connecting to a SSL listener?) or broker version is &lt; 0.10 (see api.version.request) (after 1ms in state APIVERSION_QUERY)&#xD;
%3|1758243964.884|ERROR|ksql-dsl-client-admin#producer-72| [thrd:app]: ksql-dsl-client-admin#producer-72: 127.0.0.1:39092/1: Disconnected while requesting ApiVersion: might be caused by incorrect security.protocol configuration (connecting to a SSL listener?) or broker version is &lt; 0.10 (see api.version.request) (after 1ms in state APIVERSION_QUERY)&#xD;
%6|1758243964.993|FAIL|ksql-dsl-client-admin#producer-75| [thrd:127.0.0.1:39092/bootstrap]: 127.0.0.1:39092/bootstrap: Disconnected while requesting ApiVersion: might be caused by incorrect security.protocol configuration (connecting to a SSL listener?) or broker version is &lt; 0.10 (see api.version.request) (after 1ms in state APIVERSION_QUERY)&#xD;
%3|1758243964.993|ERROR|ksql-dsl-client-admin#producer-75| [thrd:app]: ksql-dsl-client-admin#producer-75: 127.0.0.1:39092/bootstrap: Disconnected while requesting ApiVersion: might be caused by incorrect security.protocol configuration (connecting to a SSL listener?) or broker version is &lt; 0.10 (see api.version.request) (after 1ms in state APIVERSION_QUERY)&#xD;
%6|1758243965.008|FAIL|ksql-dsl-client-admin#producer-75| [thrd:127.0.0.1:39092/1]: 127.0.0.1:39092/1: Disconnected while requesting ApiVersion: might be caused by incorrect security.protocol configuration (connecting to a SSL listener?) or broker version is &lt; 0.10 (see api.version.request) (after 1ms in state APIVERSION_QUERY)&#xD;
%3|1758243965.008|ERROR|ksql-dsl-client-admin#producer-75| [thrd:app]: ksql-dsl-client-admin#producer-75: 127.0.0.1:39092/1: Disconnected while requesting ApiVersion: might be caused by incorrect security.protocol configuration (connecting to a SSL listener?) or broker version is &lt; 0.10 (see api.version.request) (after 1ms in state APIVERSION_QUERY)&#xD;
%6|1758243965.025|FAIL|ksql-dsl-client-admin#producer-39| [thrd:127.0.0.1:39092/bootstrap]: 127.0.0.1:39092/bootstrap: Disconnected while requesting ApiVersion: might be caused by incorrect security.protocol configuration (connecting to a SSL listener?) or broker version is &lt; 0.10 (see api.version.request) (after 1ms in state APIVERSION_QUERY)&#xD;
%3|1758243965.025|ERROR|ksql-dsl-client-admin#producer-39| [thrd:app]: ksql-dsl-client-admin#producer-39: 127.0.0.1:39092/bootstrap: Disconnected while requesting ApiVersion: might be caused by incorrect security.protocol configuration (connecting to a SSL listener?) or broker version is &lt; 0.10 (see api.version.request) (after 1ms in state APIVERSION_QUERY)&#xD;
%6|1758243965.101|FAIL|ksql-dsl-client-admin#producer-87| [thrd:127.0.0.1:39092/bootstrap]: 127.0.0.1:39092/bootstrap: Disconnected while requesting ApiVersion: might be caused by incorrect security.protocol configuration (connecting to a SSL listener?) or broker version is &lt; 0.10 (see api.version.request) (after 1ms in state APIVERSION_QUERY)&#xD;
%6|1758243965.101|FAIL|ksql-dsl-client#producer-88| [thrd:127.0.0.1:39092/bootstrap]: 127.0.0.1:39092/bootstrap: Disconnected while requesting ApiVersion: might be caused by incorrect security.protocol configuration (connecting to a SSL listener?) or broker version is &lt; 0.10 (see api.version.request) (after 1ms in state APIVERSION_QUERY)&#xD;
%3|1758243965.101|ERROR|ksql-dsl-client-admin#producer-87| [thrd:app]: ksql-dsl-client-admin#producer-87: 127.0.0.1:39092/bootstrap: Disconnected while requesting ApiVersion: might be caused by incorrect security.protocol configuration (connecting to a SSL listener?) or broker version is &lt; 0.10 (see api.version.request) (after 1ms in state APIVERSION_QUERY)&#xD;
%3|1758243965.101|ERROR|ksql-dsl-client#producer-88| [thrd:app]: ksql-dsl-client#producer-88: 127.0.0.1:39092/bootstrap: Disconnected while requesting ApiVersion: might be caused by incorrect security.protocol configuration (connecting to a SSL listener?) or broker version is &lt; 0.10 (see api.version.request) (after 1ms in state APIVERSION_QUERY)&#xD;
fail: Streamiz.Kafka.Net.Kafka.KafkaLoggerAdapter[0]&#xD;
      stream-thread[ksql-dsl-app-rocks_to_list_ticks-60cf3e03-7bd1-4fef-8b7e-880f6a8c0288-stream-thread-0] Error consumer ksql-dsl-app-rocks_to_list_ticks-60cf3e03-7bd1-4fef-8b7e-880f6a8c0288-StreamThread-0-streamiz-consumer#consumer-61 - 127.0.0.1:39092/bootstrap: Disconnected while requesting ApiVersion: might be caused by incorrect security.protocol configuration (connecting to a SSL listener?) or broker version is &lt; 0.10 (see api.version.request) (after 1ms in state APIVERSION_QUERY)&#xD;
%6|1758243965.179|FAIL|ksql-dsl-client-admin#producer-74| [thrd:127.0.0.1:39092/bootstrap]: 127.0.0.1:39092/bootstrap: Disconnected while requesting ApiVersion: might be caused by incorrect security.protocol configuration (connecting to a SSL listener?) or broker version is &lt; 0.10 (see api.version.request) (after 1ms in state APIVERSION_QUERY)&#xD;
%3|1758243965.179|ERROR|ksql-dsl-client-admin#producer-74| [thrd:app]: ksql-dsl-client-admin#producer-74: 127.0.0.1:39092/bootstrap: Disconnected while requesting ApiVersion: might be caused by incorrect security.protocol configuration (connecting to a SSL listener?) or broker version is &lt; 0.10 (see api.version.request) (after 1ms in state APIVERSION_QUERY)&#xD;
fail: Streamiz.Kafka.Net.Kafka.KafkaLoggerAdapter[0]&#xD;
      stream-thread[.NET Long Running Task] Error admin ksql-dsl-app-rocks_to_list_ticks-60cf3e03-7bd1-4fef-8b7e-880f6a8c0288-stream-thread-0#producer-59 - 127.0.0.1:39092/bootstrap: Disconnected while requesting ApiVersion: might be caused by incorrect security.protocol configuration (connecting to a SSL listener?) or broker version is &lt; 0.10 (see api.version.request) (after 1ms in state APIVERSION_QUERY)&#xD;
fail: Streamiz.Kafka.Net.Kafka.KafkaLoggerAdapter[0]&#xD;
      stream-thread[.NET Long Running Task] Error admin ksql-dsl-app-rocks_to_list_ticks-60cf3e03-7bd1-4fef-8b7e-880f6a8c0288-streamiz-admin#producer-57 - 127.0.0.1:39092/bootstrap: Disconnected while requesting ApiVersion: might be caused by incorrect security.protocol configuration (connecting to a SSL listener?) or broker version is &lt; 0.10 (see api.version.request) (after 1ms in state APIVERSION_QUERY)&#xD;
fail: Streamiz.Kafka.Net.Kafka.KafkaLoggerAdapter[0]&#xD;
      stream-thread[.NET Long Running Task] Error producer ksql-dsl-app-rocks_to_list_ticks-60cf3e03-7bd1-4fef-8b7e-880f6a8c0288-stream-thread-0-streamiz-producer#producer-60 - 127.0.0.1:39092/bootstrap: Disconnected while requesting ApiVersion: might be caused by incorrect security.protocol configuration (connecting to a SSL listener?) or broker version is &lt; 0.10 (see api.version.request) (after 1ms in state APIVERSION_QUERY)&#xD;
%6|1758243965.193|FAIL|ksql-dsl-client-admin#producer-74| [thrd:127.0.0.1:39092/1]: 127.0.0.1:39092/1: Disconnected while requesting ApiVersion: might be caused by incorrect security.protocol configuration (connecting to a SSL listener?) or broker version is &lt; 0.10 (see api.version.request) (after 1ms in state APIVERSION_QUERY)&#xD;
%3|1758243965.193|ERROR|ksql-dsl-client-admin#producer-74| [thrd:app]: ksql-dsl-client-admin#producer-74: 127.0.0.1:39092/1: Disconnected while requesting ApiVersion: might be caused by incorrect security.protocol configuration (connecting to a SSL listener?) or broker version is &lt; 0.10 (see api.version.request) (after 1ms in state APIVERSION_QUERY)&#xD;
fail: Streamiz.Kafka.Net.Kafka.KafkaLoggerAdapter[0]&#xD;
      stream-thread[.NET Long Running Task] Error admin ksql-dsl-app-rocks_to_list_ticks-60cf3e03-7bd1-4fef-8b7e-880f6a8c0288-streamiz-admin#producer-57 - 127.0.0.1:39092/1: Disconnected while requesting ApiVersion: might be caused by incorrect security.protocol configuration (connecting to a SSL listener?) or broker version is &lt; 0.10 (see api.version.request) (after 1ms in state APIVERSION_QUERY)&#xD;
fail: Streamiz.Kafka.Net.Kafka.KafkaLoggerAdapter[0]&#xD;
      stream-thread[.NET Long Running Task] Error admin ksql-dsl-app-rocks_to_list_ticks-60cf3e03-7bd1-4fef-8b7e-880f6a8c0288-stream-thread-0#producer-59 - 127.0.0.1:39092/1: Disconnected while requesting ApiVersion: might be caused by incorrect security.protocol configuration (connecting to a SSL listener?) or broker version is &lt; 0.10 (see api.version.request) (after 1ms in state APIVERSION_QUERY)&#xD;
fail: Streamiz.Kafka.Net.Kafka.KafkaLoggerAdapter[0]&#xD;
      stream-thread[ksql-dsl-app-rocks_to_list_ticks-60cf3e03-7bd1-4fef-8b7e-880f6a8c0288-stream-thread-0] Error consumer ksql-dsl-app-rocks_to_list_ticks-60cf3e03-7bd1-4fef-8b7e-880f6a8c0288-StreamThread-0-streamiz-consumer#consumer-61 - 127.0.0.1:39092/1: Disconnected while requesting ApiVersion: might be caused by incorrect security.protocol configuration (connecting to a SSL listener?) or broker version is &lt; 0.10 (see api.version.request) (after 1ms in state APIVERSION_QUERY)&#xD;
fail: Streamiz.Kafka.Net.Kafka.KafkaLoggerAdapter[0]&#xD;
      stream-thread[.NET Long Running Task] Error producer ksql-dsl-app-rocks_to_list_ticks-60cf3e03-7bd1-4fef-8b7e-880f6a8c0288-stream-thread-0-streamiz-producer#producer-60 - 127.0.0.1:39092/1: Disconnected while requesting ApiVersion: might be caused by incorrect security.protocol configuration (connecting to a SSL listener?) or broker version is &lt; 0.10 (see api.version.request) (after 1ms in state APIVERSION_QUERY)&#xD;
%6|1758243965.289|FAIL|ksql-dsl-client-admin#producer-69| [thrd:127.0.0.1:39092/bootstrap]: 127.0.0.1:39092/bootstrap: Disconnected while requesting ApiVersion: might be caused by incorrect security.protocol configuration (connecting to a SSL listener?) or broker version is &lt; 0.10 (see api.version.request) (after 1ms in state APIVERSION_QUERY)&#xD;
%3|1758243965.289|ERROR|ksql-dsl-client-admin#producer-69| [thrd:app]: ksql-dsl-client-admin#producer-69: 127.0.0.1:39092/bootstrap: Disconnected while requesting ApiVersion: might be caused by incorrect security.protocol configuration (connecting to a SSL listener?) or broker version is &lt; 0.10 (see api.version.request) (after 1ms in state APIVERSION_QUERY)&#xD;
%6|1758243965.506|FAIL|ksql-dsl-client-admin#producer-39| [thrd:127.0.0.1:39092/1]: 127.0.0.1:39092/1: Disconnected while requesting ApiVersion: might be caused by incorrect security.protocol configuration (connecting to a SSL listener?) or broker version is &lt; 0.10 (see api.version.request) (after 1ms in state APIVERSION_QUERY)&#xD;
%3|1758243965.507|ERROR|ksql-dsl-client-admin#producer-39| [thrd:app]: ksql-dsl-client-admin#producer-39: 127.0.0.1:39092/1: Disconnected while requesting ApiVersion: might be caused by incorrect security.protocol configuration (connecting to a SSL listener?) or broker version is &lt; 0.10 (see api.version.request) (after 1ms in state APIVERSION_QUERY)&#xD;
%6|1758243965.787|FAIL|ksql-dsl-client-admin#producer-69| [thrd:127.0.0.1:39092/1]: 127.0.0.1:39092/1: Disconnected while requesting ApiVersion: might be caused by incorrect security.protocol configuration (connecting to a SSL listener?) or broker version is &lt; 0.10 (see api.version.request) (after 1ms in state APIVERSION_QUERY)&#xD;
%3|1758243965.787|ERROR|ksql-dsl-client-admin#producer-69| [thrd:app]: ksql-dsl-client-admin#producer-69: 127.0.0.1:39092/1: Disconnected while requesting ApiVersion: might be caused by incorrect security.protocol configuration (connecting to a SSL listener?) or broker version is &lt; 0.10 (see api.version.request) (after 1ms in state APIVERSION_QUERY)&#xD;
%6|1758243968.586|FAIL|ksql-dsl-client#producer-88| [thrd:127.0.0.1:39092/bootstrap]: 127.0.0.1:39092/bootstrap: Disconnected while requesting ApiVersion: might be caused by incorrect security.protocol configuration (connecting to a SSL listener?) or broker version is &lt; 0.10 (see api.version.request) (after 1ms in state APIVERSION_QUERY, 3 identical error(s) suppressed)&#xD;
%3|1758243968.586|ERROR|ksql-dsl-client#producer-88| [thrd:app]: ksql-dsl-client#producer-88: 127.0.0.1:39092/bootstrap: Disconnected while requesting ApiVersion: might be caused by incorrect security.protocol configuration (connecting to a SSL listener?) or broker version is &lt; 0.10 (see api.version.request) (after 1ms in state APIVERSION_QUERY, 3 identical error(s) suppressed)&#xD;
[xUnit.net 00:50:23.82]   Finished:    Kafka.Ksql.Linq.Tests.Integration&#xD;
</StdOut>
    </Output>
    <RunInfos>
      <RunInfo computerName="SAGESOHO01" outcome="Error" timestamp="2025-09-19T09:17:14.0997697+09:00">
        <Text>[xUnit.net 00:01:08.29]     Kafka.Ksql.Linq.Tests.Integration.SchemaRegistryResetTests.UpperCaseSubjects_ShouldNotExist [FAIL]</Text>
      </RunInfo>
      <RunInfo computerName="SAGESOHO01" outcome="Error" timestamp="2025-09-19T09:17:17.4442833+09:00">
        <Text>[xUnit.net 00:01:11.64]     Kafka.Ksql.Linq.Tests.Integration.SchemaRegistryResetTests.Setup_ShouldRegisterAllSchemas [FAIL]</Text>
      </RunInfo>
      <RunInfo computerName="SAGESOHO01" outcome="Error" timestamp="2025-09-19T09:17:20.7747047+09:00">
        <Text>[xUnit.net 00:01:14.97]     Kafka.Ksql.Linq.Tests.Integration.SchemaRegistryResetTests.DuplicateSchemaRegistration_ShouldSucceed [FAIL]</Text>
      </RunInfo>
      <RunInfo computerName="SAGESOHO01" outcome="Error" timestamp="2025-09-19T09:19:56.3409766+09:00">
        <Text>[xUnit.net 00:03:50.53]     Kafka.Ksql.Linq.Tests.Integration.DlqIntegrationTests.ForEachAsync_OnErrorDlq_WritesToDlq [FAIL]</Text>
      </RunInfo>
      <RunInfo computerName="SAGESOHO01" outcome="Error" timestamp="2025-09-19T09:33:02.5497872+09:00">
        <Text>[xUnit.net 00:16:56.74]     Kafka.Ksql.Linq.Tests.Integration.TimeBucketImportTumblingTests.Import_Ticks_Define_Tumbling_Query_Then_Extract_Bars_Via_TimeBucket [FAIL]</Text>
      </RunInfo>
      <RunInfo computerName="SAGESOHO01" outcome="Error" timestamp="2025-09-19T09:43:29.1363319+09:00">
        <Text>[xUnit.net 00:27:23.33]     Kafka.Ksql.Linq.Tests.Integration.BarDslLongRunTests.LongRun_1h_Ohlc_And_Grace_Verify [FAIL]</Text>
      </RunInfo>
      <RunInfo computerName="SAGESOHO01" outcome="Error" timestamp="2025-09-19T09:54:35.6225822+09:00">
        <Text>[xUnit.net 00:38:29.82]     Kafka.Ksql.Linq.Tests.Integration.BarDslMultiTierTests.MultiTier_1m_5m_15m_60m_Create_And_Ohlc_Sanity [FAIL]</Text>
      </RunInfo>
      <RunInfo computerName="SAGESOHO01" outcome="Error" timestamp="2025-09-19T10:05:08.3158587+09:00">
        <Text>[xUnit.net 00:49:02.51]     Kafka.Ksql.Linq.Tests.Integration.BarScheduleWeekendTests.WeekdaysOnly_DailyBars_With_MarketSchedule [FAIL]</Text>
      </RunInfo>
    </RunInfos>
  </ResultSummary>
</TestRun>